Nomber of atoms =  6
Atoms =  ['O', 'N', 'CH3', 'C', 'H', 'H']
Valence electrons =  [6, 5, 1, 4, 1, 1]
Fixed electrons =  [[0, 0]]
Good initial graph No.0!
Good goal graph!

 Generated No. and Nodes:
    0,  [[0, 0], [0, 4], [0, 5], [1, 1], [1, 3], [1, 3], [1, 3], [2, 3]]
    1,  [[0, 0], [0, 0], [0, 4], [1, 1], [1, 3], [1, 3], [1, 3], [2, 3]]
    2,  [[0, 0], [0, 4], [0, 5], [1, 1], [1, 1], [1, 3], [1, 3], [2, 3]]
    3,  [[0, 0], [0, 4], [0, 5], [1, 1], [1, 3], [1, 3], [2, 3], [3, 3]]
    4,  [[0, 0], [0, 4], [0, 5], [1, 1], [1, 3], [1, 3], [1, 3], [3, 3]]
    5,  [[0, 0], [0, 0], [0, 4], [1, 3], [1, 3], [1, 3], [1, 5], [2, 3]]
    6,  [[0, 0], [0, 0], [0, 4], [1, 1], [1, 1], [1, 3], [1, 3], [2, 3]]
    7,  [[0, 0], [0, 0], [0, 4], [1, 1], [1, 3], [1, 3], [2, 3], [3, 3]]
    8,  [[0, 0], [0, 0], [0, 4], [1, 1], [1, 3], [1, 3], [1, 3], [3, 3]]
    9,  [[0, 3], [0, 4], [0, 5], [1, 1], [1, 1], [1, 3], [1, 3], [2, 3]]
   10,  [[0, 0], [0, 4], [0, 5], [1, 1], [1, 1], [1, 3], [2, 3], [3, 3]]
   11,  [[0, 0], [0, 4], [0, 5], [1, 1], [1, 1], [1, 3], [1, 3], [3, 3]]
   12,  [[0, 1], [0, 4], [0, 5], [1, 1], [1, 3], [1, 3], [2, 3], [3, 3]]
   13,  [[0, 2], [0, 4], [0, 5], [1, 1], [1, 3], [1, 3], [1, 3], [3, 3]]
   14,  [[0, 0], [0, 4], [0, 5], [1, 2], [1, 3], [1, 3], [1, 3], [3, 3]]
   15,  [[0, 0], [0, 0], [0, 4], [1, 1], [1, 3], [1, 3], [1, 5], [2, 3]]
   16,  [[0, 0], [0, 0], [0, 4], [1, 3], [1, 3], [1, 3], [1, 5], [3, 3]]
   17,  [[0, 0], [0, 3], [0, 4], [1, 1], [1, 1], [1, 3], [1, 3], [2, 3]]
   18,  [[0, 0], [0, 0], [0, 4], [1, 1], [1, 1], [1, 3], [2, 3], [3, 3]]
   19,  [[0, 0], [0, 0], [0, 4], [1, 1], [1, 1], [1, 3], [1, 3], [3, 3]]
   20,  [[0, 0], [0, 1], [0, 4], [1, 1], [1, 3], [1, 3], [2, 3], [3, 3]]
   21,  [[0, 0], [0, 0], [0, 4], [1, 1], [1, 3], [1, 3], [2, 3], [3, 5]]
   22,  [[0, 0], [0, 2], [0, 4], [1, 1], [1, 3], [1, 3], [1, 3], [3, 3]]
   23,  [[0, 0], [0, 0], [0, 4], [1, 2], [1, 3], [1, 3], [1, 3], [3, 3]]
   24,  [[0, 0], [0, 0], [0, 4], [1, 1], [1, 3], [1, 3], [1, 3], [3, 5]]
   25,  [[0, 3], [0, 4], [0, 5], [1, 1], [1, 1], [1, 3], [2, 3], [3, 3]]
   26,  [[0, 3], [0, 4], [0, 5], [1, 1], [1, 1], [1, 3], [1, 3], [3, 3]]
   27,  [[0, 1], [0, 4], [0, 5], [1, 1], [1, 1], [1, 3], [2, 3], [3, 3]]
   28,  [[0, 0], [0, 4], [0, 5], [1, 1], [1, 1], [1, 3], [3, 3], [3, 3]]
   29,  [[0, 2], [0, 4], [0, 5], [1, 1], [1, 1], [1, 3], [1, 3], [3, 3]]
   30,  [[0, 0], [0, 4], [0, 5], [1, 1], [1, 2], [1, 3], [1, 3], [3, 3]]
   31,  [[0, 0], [0, 3], [0, 4], [1, 1], [1, 3], [1, 3], [1, 5], [2, 3]]
   32,  [[0, 0], [0, 0], [0, 4], [1, 1], [1, 3], [1, 5], [2, 3], [3, 3]]
   33,  [[0, 0], [0, 0], [0, 4], [1, 1], [1, 3], [1, 3], [2, 3], [5, 5]]
   34,  [[0, 0], [0, 0], [0, 4], [1, 1], [1, 3], [1, 3], [1, 5], [3, 3]]
   35,  [[0, 0], [0, 2], [0, 4], [1, 3], [1, 3], [1, 3], [1, 5], [3, 3]]
   36,  [[0, 0], [0, 0], [0, 3], [1, 1], [1, 1], [1, 3], [1, 3], [2, 3]]
   37,  [[0, 0], [0, 3], [0, 4], [1, 1], [1, 1], [1, 3], [2, 3], [3, 3]]
   38,  [[0, 0], [0, 3], [0, 4], [1, 1], [1, 1], [1, 3], [1, 3], [3, 3]]
   39,  [[0, 0], [0, 1], [0, 4], [1, 1], [1, 1], [1, 3], [2, 3], [3, 3]]
   40,  [[0, 0], [0, 0], [0, 4], [1, 1], [1, 1], [1, 3], [3, 3], [3, 3]]
   41,  [[0, 0], [0, 0], [0, 4], [1, 1], [1, 1], [1, 3], [2, 3], [3, 5]]
   42,  [[0, 0], [0, 2], [0, 4], [1, 1], [1, 1], [1, 3], [1, 3], [3, 3]]
   43,  [[0, 0], [0, 0], [0, 4], [1, 1], [1, 2], [1, 3], [1, 3], [3, 3]]
   44,  [[0, 0], [0, 0], [0, 4], [1, 1], [1, 1], [1, 3], [1, 3], [3, 5]]
   45,  [[0, 0], [0, 0], [0, 1], [1, 1], [1, 3], [1, 3], [2, 3], [3, 3]]
   46,  [[0, 0], [0, 1], [0, 4], [1, 3], [1, 3], [1, 5], [2, 3], [3, 3]]
   47,  [[0, 0], [0, 1], [0, 4], [1, 1], [1, 3], [1, 3], [2, 3], [3, 5]]
   48,  [[0, 0], [0, 0], [0, 4], [1, 1], [1, 3], [1, 3], [3, 3], [3, 5]]
   49,  [[0, 0], [0, 0], [0, 2], [1, 1], [1, 3], [1, 3], [1, 3], [3, 3]]
   50,  [[0, 0], [0, 2], [0, 4], [1, 1], [1, 3], [1, 3], [1, 3], [3, 5]]
   51,  [[0, 0], [0, 0], [0, 4], [1, 2], [1, 3], [1, 3], [1, 3], [3, 5]]
   52,  [[0, 0], [0, 0], [0, 4], [1, 1], [1, 3], [1, 3], [1, 3], [5, 5]]
   53,  [[0, 3], [0, 4], [0, 5], [1, 1], [1, 1], [1, 1], [2, 3], [3, 3]]
   54,  [[0, 3], [0, 4], [0, 5], [1, 1], [1, 2], [1, 3], [1, 3], [3, 3]]
   55,  [[0, 1], [0, 4], [0, 5], [1, 1], [1, 1], [2, 3], [3, 3], [3, 3]]
   56,  [[0, 1], [0, 4], [0, 5], [1, 1], [1, 1], [1, 3], [3, 3], [3, 3]]
   57,  [[0, 2], [0, 4], [0, 5], [1, 1], [1, 1], [1, 3], [3, 3], [3, 3]]
   58,  [[0, 0], [0, 4], [0, 5], [1, 1], [1, 2], [1, 3], [3, 3], [3, 3]]
   59,  [[0, 0], [0, 0], [0, 3], [1, 1], [1, 3], [1, 3], [1, 4], [2, 3]]
   60,  [[0, 0], [0, 3], [0, 4], [1, 1], [1, 1], [1, 3], [1, 5], [2, 3]]
   61,  [[0, 0], [0, 3], [0, 4], [1, 1], [1, 3], [1, 5], [2, 3], [3, 3]]
   62,  [[0, 0], [0, 3], [0, 4], [1, 1], [1, 3], [1, 3], [2, 3], [5, 5]]
   63,  [[0, 0], [0, 3], [0, 4], [1, 1], [1, 3], [1, 3], [1, 5], [3, 3]]
   64,  [[0, 0], [0, 1], [0, 4], [1, 1], [1, 3], [1, 5], [2, 3], [3, 3]]
   65,  [[0, 0], [0, 0], [0, 4], [1, 1], [1, 3], [1, 5], [3, 3], [3, 3]]
   66,  [[0, 0], [0, 1], [0, 4], [1, 1], [1, 3], [1, 3], [2, 3], [5, 5]]
   67,  [[0, 0], [0, 0], [0, 4], [1, 1], [1, 3], [1, 3], [3, 3], [5, 5]]
   68,  [[0, 0], [0, 2], [0, 4], [1, 1], [1, 3], [1, 3], [1, 5], [3, 3]]
   69,  [[0, 0], [0, 0], [0, 4], [1, 2], [1, 3], [1, 3], [1, 5], [3, 3]]
   70,  [[0, 0], [0, 0], [0, 2], [1, 3], [1, 3], [1, 3], [1, 4], [3, 3]]
   71,  [[0, 0], [0, 0], [0, 3], [1, 1], [1, 1], [1, 3], [2, 3], [3, 3]]
   72,  [[0, 1], [0, 3], [0, 4], [1, 1], [1, 1], [1, 3], [2, 3], [3, 3]]
   73,  [[0, 0], [0, 3], [0, 4], [1, 1], [1, 1], [1, 1], [2, 3], [3, 3]]
   74,  [[0, 0], [0, 3], [0, 4], [1, 1], [1, 1], [1, 3], [2, 3], [3, 5]]
   75,  [[0, 2], [0, 3], [0, 4], [1, 1], [1, 1], [1, 3], [1, 3], [3, 3]]
   76,  [[0, 0], [0, 3], [0, 4], [1, 1], [1, 2], [1, 3], [1, 3], [3, 3]]
   77,  [[0, 0], [0, 3], [0, 4], [1, 1], [1, 1], [1, 3], [1, 3], [3, 5]]
   78,  [[0, 0], [0, 0], [0, 1], [1, 1], [1, 1], [1, 3], [2, 3], [3, 3]]
   79,  [[0, 0], [0, 1], [0, 4], [1, 1], [1, 1], [2, 3], [3, 3], [3, 3]]
   80,  [[0, 0], [0, 1], [0, 4], [1, 1], [1, 1], [1, 3], [3, 3], [3, 3]]
   81,  [[0, 0], [0, 1], [0, 4], [1, 1], [1, 1], [1, 3], [2, 3], [3, 5]]
   82,  [[0, 0], [0, 2], [0, 4], [1, 1], [1, 1], [1, 3], [3, 3], [3, 3]]
   83,  [[0, 0], [0, 0], [0, 4], [1, 1], [1, 2], [1, 3], [3, 3], [3, 3]]
   84,  [[0, 0], [0, 0], [0, 4], [1, 1], [1, 1], [1, 3], [3, 3], [3, 5]]
   85,  [[0, 0], [0, 0], [0, 2], [1, 1], [1, 1], [1, 3], [1, 3], [3, 3]]
   86,  [[0, 0], [0, 2], [0, 4], [1, 1], [1, 1], [1, 3], [1, 3], [3, 5]]
   87,  [[0, 0], [0, 0], [0, 4], [1, 1], [1, 2], [1, 3], [1, 3], [3, 5]]
   88,  [[0, 0], [0, 0], [0, 1], [1, 3], [1, 3], [1, 4], [2, 3], [3, 3]]
   89,  [[0, 0], [0, 0], [0, 1], [1, 1], [1, 3], [1, 3], [2, 3], [3, 4]]
   90,  [[0, 0], [0, 1], [0, 4], [1, 1], [1, 3], [2, 3], [3, 3], [3, 5]]
   91,  [[0, 0], [0, 1], [0, 4], [1, 1], [1, 3], [1, 3], [3, 3], [3, 5]]
   92,  [[0, 0], [0, 2], [0, 4], [1, 1], [1, 3], [1, 3], [3, 3], [3, 5]]
   93,  [[0, 0], [0, 0], [0, 2], [1, 1], [1, 3], [1, 3], [1, 3], [3, 4]]
   94,  [[0, 0], [0, 2], [0, 4], [1, 1], [1, 3], [1, 3], [1, 3], [5, 5]]
   95,  [[0, 0], [0, 0], [0, 4], [1, 2], [1, 3], [1, 3], [1, 3], [5, 5]]
   96,  [[0, 0], [0, 3], [0, 4], [1, 1], [1, 3], [1, 3], [1, 3], [5, 5]]
   97,  [[0, 0], [0, 0], [0, 4], [1, 1], [1, 3], [1, 3], [1, 3], [2, 5]]
   98,  [[0, 3], [0, 4], [0, 5], [1, 1], [1, 1], [1, 1], [3, 3], [3, 3]]
   99,  [[0, 3], [0, 4], [0, 5], [1, 1], [1, 1], [1, 2], [1, 3], [3, 3]]
  100,  [[0, 1], [0, 4], [0, 5], [1, 1], [1, 2], [1, 3], [3, 3], [3, 3]]
  101,  [[0, 0], [0, 0], [0, 3], [1, 3], [1, 3], [1, 4], [1, 5], [2, 3]]
  102,  [[0, 0], [0, 0], [0, 3], [1, 1], [1, 1], [1, 3], [1, 4], [2, 3]]
  103,  [[0, 0], [0, 0], [0, 3], [1, 1], [1, 3], [1, 4], [2, 3], [3, 3]]
  104,  [[0, 0], [0, 0], [0, 3], [1, 1], [1, 3], [1, 3], [2, 3], [4, 4]]
  105,  [[0, 0], [0, 0], [0, 3], [1, 1], [1, 3], [1, 3], [1, 4], [3, 3]]
  106,  [[0, 3], [0, 3], [0, 4], [1, 1], [1, 1], [1, 3], [1, 5], [2, 3]]
  107,  [[0, 0], [0, 3], [0, 4], [1, 1], [1, 1], [1, 5], [2, 3], [3, 3]]
  108,  [[0, 0], [0, 3], [0, 4], [1, 1], [1, 1], [1, 3], [2, 3], [5, 5]]
  109,  [[0, 0], [0, 3], [0, 4], [1, 1], [1, 1], [1, 3], [1, 5], [3, 3]]
  110,  [[0, 1], [0, 3], [0, 4], [1, 1], [1, 3], [1, 5], [2, 3], [3, 3]]
  111,  [[0, 1], [0, 3], [0, 4], [1, 1], [1, 3], [1, 3], [2, 3], [5, 5]]
  112,  [[0, 0], [0, 3], [0, 4], [1, 1], [1, 3], [1, 3], [3, 3], [5, 5]]
  113,  [[0, 2], [0, 3], [0, 4], [1, 1], [1, 3], [1, 3], [1, 5], [3, 3]]
  114,  [[0, 0], [0, 3], [0, 4], [1, 2], [1, 3], [1, 3], [1, 5], [3, 3]]
  115,  [[0, 0], [0, 0], [0, 1], [1, 1], [1, 3], [1, 4], [2, 3], [3, 3]]
  116,  [[0, 0], [0, 1], [0, 4], [1, 1], [1, 5], [2, 3], [3, 3], [3, 3]]
  117,  [[0, 0], [0, 1], [0, 4], [1, 1], [1, 3], [2, 3], [3, 3], [5, 5]]
  118,  [[0, 0], [0, 1], [0, 4], [1, 1], [1, 3], [1, 5], [3, 3], [3, 3]]
  119,  [[0, 0], [0, 2], [0, 4], [1, 1], [1, 3], [1, 5], [3, 3], [3, 3]]
  120,  [[0, 0], [0, 0], [0, 1], [1, 1], [1, 3], [1, 3], [2, 3], [4, 4]]
  121,  [[0, 0], [0, 1], [0, 4], [1, 3], [1, 3], [1, 3], [2, 3], [5, 5]]
  122,  [[0, 0], [0, 1], [0, 4], [1, 1], [1, 3], [1, 3], [3, 3], [5, 5]]
  123,  [[0, 0], [0, 2], [0, 4], [1, 1], [1, 3], [1, 3], [3, 3], [5, 5]]
  124,  [[0, 0], [0, 0], [0, 4], [1, 1], [1, 3], [1, 3], [2, 5], [3, 3]]
  125,  [[0, 0], [0, 0], [0, 2], [1, 1], [1, 3], [1, 3], [1, 4], [3, 3]]
  126,  [[0, 0], [0, 0], [0, 2], [1, 3], [1, 3], [1, 3], [1, 4], [3, 5]]
  127,  [[0, 0], [0, 1], [0, 3], [1, 1], [1, 1], [1, 3], [2, 3], [3, 3]]
  128,  [[0, 0], [0, 0], [0, 3], [1, 1], [1, 1], [1, 1], [2, 3], [3, 3]]
  129,  [[0, 0], [0, 0], [0, 3], [1, 1], [1, 1], [1, 3], [2, 3], [3, 4]]
  130,  [[0, 1], [0, 3], [0, 4], [1, 1], [1, 1], [1, 3], [2, 3], [3, 5]]
  131,  [[0, 3], [0, 3], [0, 4], [1, 1], [1, 1], [1, 1], [2, 3], [3, 3]]
  132,  [[0, 0], [0, 3], [0, 4], [1, 1], [1, 1], [1, 1], [3, 3], [3, 3]]
  133,  [[0, 0], [0, 3], [0, 4], [1, 1], [1, 1], [1, 1], [2, 3], [3, 5]]
  134,  [[0, 0], [0, 3], [0, 4], [1, 1], [1, 1], [1, 3], [3, 3], [3, 5]]
  135,  [[0, 0], [0, 2], [0, 3], [1, 1], [1, 1], [1, 3], [1, 3], [3, 3]]
  136,  [[0, 2], [0, 3], [0, 4], [1, 1], [1, 1], [1, 3], [1, 3], [3, 5]]
  137,  [[0, 0], [0, 0], [0, 3], [1, 1], [1, 2], [1, 3], [1, 3], [3, 3]]
  138,  [[0, 0], [0, 3], [0, 4], [1, 1], [1, 1], [1, 2], [1, 3], [3, 3]]
  139,  [[0, 0], [0, 3], [0, 4], [1, 1], [1, 2], [1, 3], [1, 3], [3, 5]]
  140,  [[0, 0], [0, 0], [0, 3], [1, 1], [1, 1], [1, 3], [1, 3], [3, 4]]
  141,  [[0, 0], [0, 3], [0, 4], [1, 1], [1, 1], [1, 3], [1, 3], [5, 5]]
  142,  [[0, 0], [0, 0], [0, 1], [1, 1], [1, 1], [2, 3], [3, 3], [3, 3]]
  143,  [[0, 0], [0, 0], [0, 1], [1, 1], [1, 1], [1, 3], [2, 3], [3, 4]]
  144,  [[0, 1], [0, 1], [0, 4], [1, 1], [1, 1], [2, 3], [3, 3], [3, 3]]
  145,  [[0, 0], [0, 1], [0, 4], [1, 1], [1, 1], [2, 3], [3, 3], [3, 5]]
  146,  [[0, 1], [0, 2], [0, 4], [1, 1], [1, 1], [1, 3], [3, 3], [3, 3]]
  147,  [[0, 0], [0, 1], [0, 4], [1, 1], [1, 2], [1, 3], [3, 3], [3, 3]]
  148,  [[0, 0], [0, 1], [0, 4], [1, 1], [1, 1], [1, 3], [3, 3], [3, 5]]
  149,  [[0, 0], [0, 0], [0, 2], [1, 1], [1, 1], [1, 3], [3, 3], [3, 3]]
  150,  [[0, 0], [0, 2], [0, 4], [1, 1], [1, 1], [1, 3], [3, 3], [3, 5]]
  151,  [[0, 0], [0, 0], [0, 4], [1, 1], [1, 2], [1, 3], [3, 3], [3, 5]]
  152,  [[0, 0], [0, 0], [0, 2], [1, 1], [1, 1], [1, 3], [1, 3], [3, 4]]
  153,  [[0, 0], [0, 0], [0, 1], [1, 3], [1, 3], [1, 4], [2, 3], [3, 5]]
  154,  [[0, 0], [0, 0], [0, 1], [1, 1], [1, 3], [2, 3], [3, 3], [3, 4]]
  155,  [[0, 0], [0, 0], [0, 1], [1, 1], [1, 3], [1, 3], [3, 3], [3, 4]]
  156,  [[0, 1], [0, 1], [0, 4], [1, 1], [1, 3], [2, 3], [3, 3], [3, 5]]
  157,  [[0, 1], [0, 2], [0, 4], [1, 1], [1, 3], [1, 3], [3, 3], [3, 5]]
  158,  [[0, 0], [0, 1], [0, 4], [1, 2], [1, 3], [1, 3], [3, 3], [3, 5]]
  159,  [[0, 0], [0, 0], [0, 2], [1, 1], [1, 3], [1, 3], [3, 3], [3, 4]]
  160,  [[0, 0], [0, 0], [0, 2], [1, 1], [1, 3], [1, 3], [1, 3], [4, 4]]
  161,  [[0, 2], [0, 3], [0, 4], [1, 1], [1, 3], [1, 3], [1, 3], [5, 5]]
  162,  [[0, 0], [0, 3], [0, 4], [1, 2], [1, 3], [1, 3], [1, 3], [5, 5]]
  163,  [[0, 0], [0, 0], [0, 3], [1, 1], [1, 3], [1, 3], [1, 3], [4, 4]]
  164,  [[0, 0], [0, 3], [0, 4], [1, 1], [1, 3], [1, 3], [1, 3], [2, 5]]
  165,  [[0, 3], [0, 4], [0, 5], [1, 1], [1, 1], [1, 2], [3, 3], [3, 3]]
  166,  [[0, 0], [0, 0], [0, 3], [1, 1], [1, 3], [1, 4], [1, 5], [2, 3]]
  167,  [[0, 0], [0, 0], [0, 3], [1, 3], [1, 3], [1, 4], [1, 5], [3, 3]]
  168,  [[0, 0], [0, 3], [0, 3], [1, 1], [1, 1], [1, 3], [1, 4], [2, 3]]
  169,  [[0, 0], [0, 0], [0, 3], [1, 1], [1, 1], [1, 4], [2, 3], [3, 3]]
  170,  [[0, 0], [0, 0], [0, 3], [1, 1], [1, 1], [1, 3], [2, 3], [4, 4]]
  171,  [[0, 0], [0, 0], [0, 3], [1, 1], [1, 1], [1, 3], [1, 4], [3, 3]]
  172,  [[0, 0], [0, 1], [0, 3], [1, 1], [1, 3], [1, 4], [2, 3], [3, 3]]
  173,  [[0, 0], [0, 0], [0, 3], [1, 1], [1, 3], [1, 4], [2, 3], [3, 5]]
  174,  [[0, 0], [0, 1], [0, 3], [1, 1], [1, 3], [1, 3], [2, 3], [4, 4]]
  175,  [[0, 0], [0, 0], [0, 3], [1, 1], [1, 3], [1, 3], [2, 3], [4, 5]]
  176,  [[0, 0], [0, 2], [0, 3], [1, 1], [1, 3], [1, 3], [1, 4], [3, 3]]
  177,  [[0, 0], [0, 0], [0, 3], [1, 2], [1, 3], [1, 3], [1, 4], [3, 3]]
  178,  [[0, 0], [0, 0], [0, 3], [1, 1], [1, 3], [1, 3], [1, 4], [3, 5]]
  179,  [[0, 3], [0, 3], [0, 4], [1, 1], [1, 1], [1, 5], [2, 3], [3, 3]]
  180,  [[0, 3], [0, 3], [0, 4], [1, 1], [1, 1], [1, 3], [2, 3], [5, 5]]
  181,  [[0, 3], [0, 3], [0, 4], [1, 1], [1, 1], [1, 3], [1, 5], [3, 3]]
  182,  [[0, 1], [0, 3], [0, 4], [1, 1], [1, 1], [1, 5], [2, 3], [3, 3]]
  183,  [[0, 0], [0, 3], [0, 4], [1, 1], [1, 1], [1, 5], [3, 3], [3, 3]]
  184,  [[0, 1], [0, 3], [0, 4], [1, 1], [1, 1], [1, 3], [2, 3], [5, 5]]
  185,  [[0, 0], [0, 3], [0, 4], [1, 1], [1, 1], [1, 3], [3, 3], [5, 5]]
  186,  [[0, 2], [0, 3], [0, 4], [1, 1], [1, 1], [1, 3], [1, 5], [3, 3]]
  187,  [[0, 0], [0, 3], [0, 4], [1, 1], [1, 2], [1, 3], [1, 5], [3, 3]]
  188,  [[0, 1], [0, 3], [0, 4], [1, 1], [1, 3], [2, 3], [3, 3], [5, 5]]
  189,  [[0, 1], [0, 3], [0, 4], [1, 1], [1, 3], [1, 3], [3, 3], [5, 5]]
  190,  [[0, 2], [0, 3], [0, 4], [1, 1], [1, 3], [1, 3], [3, 3], [5, 5]]
  191,  [[0, 0], [0, 3], [0, 4], [1, 1], [1, 3], [1, 3], [2, 5], [3, 3]]
  192,  [[0, 0], [0, 0], [0, 1], [1, 3], [1, 4], [1, 5], [2, 3], [3, 3]]
  193,  [[0, 0], [0, 0], [0, 1], [1, 1], [1, 4], [2, 3], [3, 3], [3, 3]]
  194,  [[0, 0], [0, 0], [0, 1], [1, 1], [1, 3], [2, 3], [3, 3], [4, 4]]
  195,  [[0, 0], [0, 0], [0, 1], [1, 1], [1, 3], [1, 4], [3, 3], [3, 3]]
  196,  [[0, 0], [0, 0], [0, 1], [1, 1], [1, 3], [1, 4], [2, 3], [3, 5]]
  197,  [[0, 1], [0, 1], [0, 4], [1, 1], [1, 5], [2, 3], [3, 3], [3, 3]]
  198,  [[0, 1], [0, 1], [0, 4], [1, 1], [1, 3], [2, 3], [3, 3], [5, 5]]
  199,  [[0, 0], [0, 1], [0, 4], [1, 1], [1, 3], [3, 3], [3, 3], [5, 5]]
  200,  [[0, 1], [0, 2], [0, 4], [1, 1], [1, 3], [1, 5], [3, 3], [3, 3]]
  201,  [[0, 0], [0, 1], [0, 4], [1, 2], [1, 3], [1, 5], [3, 3], [3, 3]]
  202,  [[0, 0], [0, 0], [0, 2], [1, 1], [1, 3], [1, 4], [3, 3], [3, 3]]
  203,  [[0, 0], [0, 0], [0, 1], [1, 3], [1, 3], [1, 3], [2, 3], [4, 4]]
  204,  [[0, 0], [0, 0], [0, 1], [1, 3], [1, 3], [1, 4], [2, 3], [5, 5]]
  205,  [[0, 0], [0, 0], [0, 1], [1, 1], [1, 3], [1, 3], [3, 3], [4, 4]]
  206,  [[0, 0], [0, 0], [0, 1], [1, 1], [1, 3], [1, 3], [2, 3], [4, 5]]
  207,  [[0, 0], [0, 1], [0, 4], [1, 3], [1, 3], [1, 3], [3, 3], [5, 5]]
  208,  [[0, 1], [0, 2], [0, 4], [1, 1], [1, 3], [1, 3], [3, 3], [5, 5]]
  209,  [[0, 0], [0, 1], [0, 4], [1, 2], [1, 3], [1, 3], [3, 3], [5, 5]]
  210,  [[0, 0], [0, 1], [0, 4], [1, 1], [1, 3], [1, 3], [2, 5], [3, 3]]
  211,  [[0, 0], [0, 0], [0, 2], [1, 1], [1, 3], [1, 3], [3, 3], [4, 4]]
  212,  [[0, 0], [0, 0], [0, 2], [1, 3], [1, 3], [1, 4], [1, 5], [3, 3]]
  213,  [[0, 0], [0, 0], [0, 2], [1, 1], [1, 3], [1, 3], [1, 4], [3, 5]]
  214,  [[0, 0], [0, 0], [0, 2], [1, 3], [1, 3], [1, 3], [1, 4], [5, 5]]
  215,  [[0, 0], [0, 1], [0, 3], [1, 1], [1, 1], [1, 3], [2, 3], [3, 4]]
  216,  [[0, 0], [0, 3], [0, 3], [1, 1], [1, 1], [1, 1], [2, 3], [3, 3]]
  217,  [[0, 0], [0, 0], [0, 3], [1, 1], [1, 1], [1, 1], [2, 3], [3, 4]]
  218,  [[0, 0], [0, 0], [0, 3], [1, 1], [1, 1], [1, 3], [3, 3], [3, 4]]
  219,  [[0, 1], [0, 3], [0, 4], [1, 1], [1, 1], [2, 3], [3, 3], [3, 5]]
  220,  [[0, 1], [0, 3], [0, 4], [1, 1], [1, 1], [1, 3], [3, 3], [3, 5]]
  221,  [[0, 3], [0, 3], [0, 4], [1, 1], [1, 1], [1, 1], [2, 3], [3, 5]]
  222,  [[0, 2], [0, 3], [0, 4], [1, 1], [1, 1], [1, 1], [3, 3], [3, 3]]
  223,  [[0, 0], [0, 3], [0, 4], [1, 1], [1, 1], [1, 2], [3, 3], [3, 3]]
  224,  [[0, 0], [0, 3], [0, 4], [1, 1], [1, 1], [1, 1], [3, 3], [3, 5]]
  225,  [[0, 2], [0, 3], [0, 4], [1, 1], [1, 1], [1, 3], [3, 3], [3, 5]]
  226,  [[0, 0], [0, 3], [0, 4], [1, 1], [1, 2], [1, 3], [3, 3], [3, 5]]
  227,  [[0, 0], [0, 2], [0, 3], [1, 1], [1, 1], [1, 3], [1, 3], [3, 4]]
  228,  [[0, 2], [0, 3], [0, 4], [1, 1], [1, 1], [1, 3], [1, 3], [5, 5]]
  229,  [[0, 0], [0, 0], [0, 3], [1, 1], [1, 1], [1, 2], [1, 3], [3, 3]]
  230,  [[0, 0], [0, 0], [0, 3], [1, 1], [1, 2], [1, 3], [1, 3], [3, 4]]
  231,  [[0, 3], [0, 3], [0, 4], [1, 1], [1, 1], [1, 2], [1, 3], [3, 3]]
  232,  [[0, 0], [0, 3], [0, 4], [1, 1], [1, 1], [1, 2], [1, 3], [3, 5]]
  233,  [[0, 0], [0, 3], [0, 4], [1, 1], [1, 2], [1, 3], [1, 3], [5, 5]]
  234,  [[0, 3], [0, 3], [0, 4], [1, 1], [1, 1], [1, 3], [1, 3], [5, 5]]
  235,  [[0, 0], [0, 3], [0, 4], [1, 1], [1, 1], [1, 3], [1, 3], [2, 5]]
  236,  [[0, 0], [0, 1], [0, 1], [1, 1], [1, 1], [2, 3], [3, 3], [3, 3]]
  237,  [[0, 0], [0, 0], [0, 1], [1, 1], [1, 1], [2, 3], [3, 3], [3, 4]]
  238,  [[0, 0], [0, 0], [0, 1], [1, 1], [1, 1], [1, 3], [3, 3], [3, 4]]
  239,  [[0, 1], [0, 1], [0, 4], [1, 1], [1, 1], [2, 3], [3, 3], [3, 5]]
  240,  [[0, 0], [0, 1], [0, 4], [1, 1], [1, 1], [3, 3], [3, 3], [3, 5]]
  241,  [[0, 0], [0, 1], [0, 2], [1, 1], [1, 1], [1, 3], [3, 3], [3, 3]]
  242,  [[0, 1], [0, 2], [0, 4], [1, 1], [1, 1], [1, 3], [3, 3], [3, 5]]
  243,  [[0, 0], [0, 0], [0, 1], [1, 1], [1, 2], [1, 3], [3, 3], [3, 3]]
  244,  [[0, 0], [0, 1], [0, 4], [1, 1], [1, 2], [1, 3], [3, 3], [3, 5]]
  245,  [[0, 0], [0, 0], [0, 2], [1, 1], [1, 1], [1, 3], [3, 3], [3, 4]]
  246,  [[0, 0], [0, 0], [0, 1], [1, 3], [1, 3], [1, 4], [3, 3], [3, 5]]
  247,  [[0, 0], [0, 1], [0, 1], [1, 1], [1, 3], [2, 3], [3, 3], [3, 4]]
  248,  [[0, 0], [0, 0], [0, 1], [1, 1], [1, 3], [2, 3], [3, 4], [3, 5]]
  249,  [[0, 0], [0, 1], [0, 2], [1, 1], [1, 3], [1, 3], [3, 3], [3, 4]]
  250,  [[0, 0], [0, 0], [0, 1], [1, 2], [1, 3], [1, 3], [3, 3], [3, 4]]
  251,  [[0, 0], [0, 0], [0, 1], [1, 1], [1, 3], [1, 3], [3, 4], [3, 5]]
  252,  [[0, 0], [0, 0], [0, 2], [1, 1], [1, 3], [1, 3], [3, 4], [3, 5]]
  253,  [[0, 0], [0, 2], [0, 3], [1, 1], [1, 3], [1, 3], [1, 3], [4, 4]]
  254,  [[0, 0], [0, 0], [0, 2], [1, 1], [1, 3], [1, 3], [1, 3], [4, 5]]
  255,  [[0, 0], [0, 0], [0, 3], [1, 2], [1, 3], [1, 3], [1, 3], [4, 4]]
  256,  [[0, 0], [0, 0], [0, 3], [1, 3], [1, 3], [1, 3], [1, 4], [5, 5]]
  257,  [[0, 0], [0, 0], [0, 3], [1, 1], [1, 3], [1, 3], [1, 3], [2, 4]]
  258,  [[0, 0], [0, 0], [0, 3], [1, 1], [1, 3], [1, 3], [1, 3], [4, 5]]
  259,  [[0, 0], [0, 3], [0, 3], [1, 1], [1, 3], [1, 4], [1, 5], [2, 3]]
  260,  [[0, 0], [0, 0], [0, 3], [1, 1], [1, 4], [1, 5], [2, 3], [3, 3]]
  261,  [[0, 0], [0, 0], [0, 3], [1, 1], [1, 3], [1, 4], [2, 3], [5, 5]]
  262,  [[0, 0], [0, 0], [0, 3], [1, 1], [1, 3], [1, 4], [1, 5], [3, 3]]
  263,  [[0, 0], [0, 2], [0, 3], [1, 3], [1, 3], [1, 4], [1, 5], [3, 3]]
  264,  [[0, 0], [0, 3], [0, 3], [1, 1], [1, 1], [1, 4], [2, 3], [3, 3]]
  265,  [[0, 0], [0, 3], [0, 3], [1, 1], [1, 1], [1, 3], [2, 3], [4, 4]]
  266,  [[0, 0], [0, 3], [0, 3], [1, 1], [1, 1], [1, 3], [1, 4], [3, 3]]
  267,  [[0, 0], [0, 1], [0, 3], [1, 1], [1, 1], [1, 4], [2, 3], [3, 3]]
  268,  [[0, 0], [0, 0], [0, 3], [1, 1], [1, 1], [1, 4], [3, 3], [3, 3]]
  269,  [[0, 0], [0, 0], [0, 3], [1, 1], [1, 1], [1, 4], [2, 3], [3, 5]]
  270,  [[0, 0], [0, 1], [0, 3], [1, 1], [1, 1], [1, 3], [2, 3], [4, 4]]
  271,  [[0, 0], [0, 0], [0, 3], [1, 1], [1, 1], [1, 3], [3, 3], [4, 4]]
  272,  [[0, 0], [0, 0], [0, 3], [1, 1], [1, 1], [1, 3], [2, 3], [4, 5]]
  273,  [[0, 0], [0, 2], [0, 3], [1, 1], [1, 1], [1, 3], [1, 4], [3, 3]]
  274,  [[0, 0], [0, 0], [0, 3], [1, 1], [1, 2], [1, 3], [1, 4], [3, 3]]
  275,  [[0, 0], [0, 0], [0, 3], [1, 1], [1, 1], [1, 3], [1, 4], [3, 5]]
  276,  [[0, 0], [0, 1], [0, 3], [1, 3], [1, 4], [1, 5], [2, 3], [3, 3]]
  277,  [[0, 0], [0, 1], [0, 3], [1, 1], [1, 3], [2, 3], [3, 3], [4, 4]]
  278,  [[0, 0], [0, 1], [0, 3], [1, 1], [1, 3], [1, 4], [2, 3], [3, 5]]
  279,  [[0, 0], [0, 0], [0, 3], [1, 1], [1, 3], [1, 4], [3, 3], [3, 5]]
  280,  [[0, 0], [0, 1], [0, 3], [1, 3], [1, 3], [1, 4], [2, 3], [5, 5]]
  281,  [[0, 0], [0, 1], [0, 3], [1, 1], [1, 3], [1, 3], [3, 3], [4, 4]]
  282,  [[0, 0], [0, 1], [0, 3], [1, 1], [1, 3], [1, 3], [2, 3], [4, 5]]
  283,  [[0, 0], [0, 0], [0, 3], [1, 1], [1, 3], [1, 3], [3, 3], [4, 5]]
  284,  [[0, 0], [0, 2], [0, 3], [1, 1], [1, 3], [1, 3], [3, 3], [4, 4]]
  285,  [[0, 0], [0, 2], [0, 3], [1, 1], [1, 3], [1, 3], [1, 4], [3, 5]]
  286,  [[0, 0], [0, 0], [0, 3], [1, 2], [1, 3], [1, 3], [1, 4], [3, 5]]
  287,  [[0, 0], [0, 0], [0, 3], [1, 1], [1, 3], [1, 3], [3, 4], [5, 5]]
  288,  [[0, 0], [0, 0], [0, 3], [1, 1], [1, 3], [1, 3], [1, 4], [5, 5]]
  289,  [[0, 3], [0, 3], [0, 4], [1, 1], [1, 1], [1, 1], [2, 3], [5, 5]]
  290,  [[0, 3], [0, 3], [0, 4], [1, 1], [1, 1], [1, 3], [3, 3], [5, 5]]
  291,  [[0, 3], [0, 3], [0, 4], [1, 1], [1, 2], [1, 3], [1, 5], [3, 3]]
  292,  [[0, 1], [0, 3], [0, 4], [1, 1], [1, 1], [2, 3], [3, 3], [5, 5]]
  293,  [[0, 1], [0, 3], [0, 4], [1, 1], [1, 1], [1, 5], [3, 3], [3, 3]]
  294,  [[0, 2], [0, 3], [0, 4], [1, 1], [1, 1], [1, 5], [3, 3], [3, 3]]
  295,  [[0, 0], [0, 3], [0, 4], [1, 1], [1, 2], [1, 5], [3, 3], [3, 3]]
  296,  [[0, 1], [0, 3], [0, 4], [1, 1], [1, 1], [1, 3], [3, 3], [5, 5]]
  297,  [[0, 2], [0, 3], [0, 4], [1, 1], [1, 1], [1, 3], [3, 3], [5, 5]]
  298,  [[0, 0], [0, 3], [0, 4], [1, 1], [1, 2], [1, 3], [3, 3], [5, 5]]
  299,  [[0, 0], [0, 3], [0, 4], [1, 1], [1, 1], [1, 3], [2, 5], [3, 3]]
  300,  [[0, 1], [0, 3], [0, 4], [1, 2], [1, 3], [1, 3], [3, 3], [5, 5]]
  301,  [[0, 1], [0, 3], [0, 4], [1, 1], [1, 3], [1, 3], [2, 5], [3, 3]]
  302,  [[0, 0], [0, 0], [0, 3], [1, 1], [1, 3], [1, 3], [2, 4], [3, 3]]
  303,  [[0, 0], [0, 0], [0, 1], [1, 3], [1, 4], [1, 5], [3, 3], [3, 3]]
  304,  [[0, 0], [0, 1], [0, 1], [1, 1], [1, 4], [2, 3], [3, 3], [3, 3]]
  305,  [[0, 0], [0, 0], [0, 1], [1, 1], [1, 4], [2, 3], [3, 3], [3, 5]]
  306,  [[0, 0], [0, 1], [0, 1], [1, 1], [1, 3], [2, 3], [3, 3], [4, 4]]
  307,  [[0, 0], [0, 0], [0, 1], [1, 1], [1, 3], [2, 3], [3, 4], [5, 5]]
  308,  [[0, 0], [0, 0], [0, 1], [1, 1], [1, 3], [2, 3], [3, 3], [4, 5]]
  309,  [[0, 0], [0, 1], [0, 2], [1, 1], [1, 3], [1, 4], [3, 3], [3, 3]]
  310,  [[0, 0], [0, 0], [0, 1], [1, 2], [1, 3], [1, 4], [3, 3], [3, 3]]
  311,  [[0, 0], [0, 0], [0, 1], [1, 1], [1, 3], [1, 4], [3, 3], [3, 5]]
  312,  [[0, 1], [0, 1], [0, 4], [1, 1], [2, 3], [3, 3], [3, 3], [5, 5]]
  313,  [[0, 1], [0, 1], [0, 4], [1, 3], [1, 3], [2, 3], [3, 3], [5, 5]]
  314,  [[0, 1], [0, 1], [0, 4], [1, 1], [1, 3], [3, 3], [3, 3], [5, 5]]
  315,  [[0, 1], [0, 2], [0, 4], [1, 1], [1, 3], [3, 3], [3, 3], [5, 5]]
  316,  [[0, 0], [0, 1], [0, 4], [1, 1], [1, 3], [2, 5], [3, 3], [3, 3]]
  317,  [[0, 0], [0, 0], [0, 2], [1, 1], [1, 3], [1, 4], [3, 3], [3, 5]]
  318,  [[0, 0], [0, 0], [0, 1], [1, 3], [1, 3], [1, 3], [2, 3], [4, 5]]
  319,  [[0, 0], [0, 0], [0, 1], [1, 3], [1, 3], [1, 4], [3, 3], [5, 5]]
  320,  [[0, 0], [0, 1], [0, 2], [1, 1], [1, 3], [1, 3], [3, 3], [4, 4]]
  321,  [[0, 0], [0, 0], [0, 1], [1, 2], [1, 3], [1, 3], [3, 3], [4, 4]]
  322,  [[0, 0], [0, 0], [0, 1], [1, 1], [1, 3], [1, 3], [3, 4], [5, 5]]
  323,  [[0, 0], [0, 0], [0, 1], [1, 1], [1, 3], [1, 3], [2, 4], [3, 3]]
  324,  [[0, 0], [0, 0], [0, 1], [1, 1], [1, 3], [1, 3], [3, 3], [4, 5]]
  325,  [[0, 1], [0, 2], [0, 4], [1, 3], [1, 3], [1, 3], [3, 3], [5, 5]]
  326,  [[0, 0], [0, 1], [0, 4], [1, 3], [1, 3], [1, 3], [2, 5], [3, 3]]
  327,  [[0, 0], [0, 0], [0, 2], [1, 1], [1, 3], [1, 3], [3, 4], [5, 5]]
  328,  [[0, 0], [0, 0], [0, 2], [1, 1], [1, 3], [1, 3], [3, 3], [4, 5]]
  329,  [[0, 0], [0, 2], [0, 3], [1, 3], [1, 3], [1, 3], [1, 4], [5, 5]]
  330,  [[0, 0], [0, 1], [0, 3], [1, 1], [1, 1], [2, 3], [3, 3], [3, 4]]
  331,  [[0, 0], [0, 1], [0, 3], [1, 1], [1, 1], [1, 3], [3, 3], [3, 4]]
  332,  [[0, 0], [0, 3], [0, 3], [1, 1], [1, 1], [1, 1], [2, 3], [3, 4]]
  333,  [[0, 0], [0, 0], [0, 3], [1, 1], [1, 1], [1, 1], [3, 3], [3, 4]]
  334,  [[0, 0], [0, 2], [0, 3], [1, 1], [1, 1], [1, 3], [3, 3], [3, 4]]
  335,  [[0, 0], [0, 0], [0, 3], [1, 1], [1, 2], [1, 3], [3, 3], [3, 4]]
  336,  [[0, 0], [0, 0], [0, 3], [1, 1], [1, 1], [1, 3], [3, 4], [3, 5]]
  337,  [[0, 1], [0, 3], [0, 4], [1, 1], [1, 2], [1, 3], [3, 3], [3, 5]]
  338,  [[0, 3], [0, 3], [0, 4], [1, 1], [1, 1], [1, 1], [3, 3], [3, 5]]
  339,  [[0, 0], [0, 2], [0, 3], [1, 1], [1, 1], [1, 1], [3, 3], [3, 3]]
  340,  [[0, 2], [0, 3], [0, 4], [1, 1], [1, 1], [1, 1], [3, 3], [3, 5]]
  341,  [[0, 1], [0, 3], [0, 4], [1, 1], [1, 1], [1, 2], [3, 3], [3, 3]]
  342,  [[0, 0], [0, 0], [0, 3], [1, 1], [1, 1], [1, 2], [3, 3], [3, 3]]
  343,  [[0, 0], [0, 3], [0, 4], [1, 1], [1, 1], [1, 2], [3, 3], [3, 5]]
  344,  [[0, 0], [0, 2], [0, 3], [1, 1], [1, 1], [1, 3], [1, 3], [4, 4]]
  345,  [[0, 0], [0, 3], [0, 3], [1, 1], [1, 1], [1, 2], [1, 3], [3, 3]]
  346,  [[0, 0], [0, 0], [0, 3], [1, 1], [1, 1], [1, 2], [1, 3], [3, 4]]
  347,  [[0, 0], [0, 0], [0, 3], [1, 1], [1, 2], [1, 3], [1, 3], [4, 4]]
  348,  [[0, 3], [0, 3], [0, 4], [1, 1], [1, 1], [1, 2], [1, 3], [3, 5]]
  349,  [[0, 3], [0, 3], [0, 4], [1, 1], [1, 2], [1, 3], [1, 3], [5, 5]]
  350,  [[0, 0], [0, 3], [0, 3], [1, 1], [1, 1], [1, 3], [1, 3], [4, 4]]
  351,  [[0, 3], [0, 3], [0, 4], [1, 1], [1, 1], [1, 3], [1, 3], [2, 5]]
  352,  [[0, 0], [0, 0], [0, 3], [1, 1], [1, 1], [1, 3], [1, 3], [2, 4]]
  353,  [[0, 0], [0, 1], [0, 1], [1, 1], [1, 1], [2, 3], [3, 3], [3, 4]]
  354,  [[0, 0], [0, 0], [0, 1], [1, 1], [1, 1], [3, 3], [3, 3], [3, 4]]
  355,  [[0, 0], [0, 0], [0, 1], [1, 1], [1, 1], [2, 3], [3, 4], [3, 5]]
  356,  [[0, 0], [0, 1], [0, 2], [1, 1], [1, 1], [1, 3], [3, 3], [3, 4]]
  357,  [[0, 0], [0, 0], [0, 1], [1, 1], [1, 2], [1, 3], [3, 3], [3, 4]]
  358,  [[0, 0], [0, 0], [0, 1], [1, 1], [1, 1], [1, 3], [3, 4], [3, 5]]
  359,  [[0, 1], [0, 1], [0, 4], [1, 1], [1, 1], [3, 3], [3, 3], [3, 5]]
  360,  [[0, 1], [0, 2], [0, 4], [1, 1], [1, 1], [3, 3], [3, 3], [3, 5]]
  361,  [[0, 0], [0, 1], [0, 4], [1, 1], [1, 2], [3, 3], [3, 3], [3, 5]]
  362,  [[0, 0], [0, 0], [0, 2], [1, 1], [1, 1], [1, 3], [3, 4], [3, 5]]
  363,  [[0, 0], [0, 1], [0, 2], [1, 3], [1, 3], [1, 4], [3, 3], [3, 5]]
  364,  [[0, 0], [0, 1], [0, 1], [1, 3], [1, 4], [2, 3], [3, 3], [3, 5]]
  365,  [[0, 0], [0, 1], [0, 1], [1, 1], [1, 3], [2, 3], [3, 4], [3, 5]]
  366,  [[0, 0], [0, 0], [0, 1], [1, 1], [1, 3], [3, 3], [3, 4], [3, 5]]
  367,  [[0, 0], [0, 1], [0, 2], [1, 1], [1, 3], [1, 3], [3, 4], [3, 5]]
  368,  [[0, 0], [0, 0], [0, 1], [1, 2], [1, 3], [1, 3], [3, 4], [3, 5]]
  369,  [[0, 0], [0, 2], [0, 3], [1, 1], [1, 3], [1, 3], [1, 3], [4, 5]]
  370,  [[0, 0], [0, 0], [0, 3], [1, 2], [1, 3], [1, 3], [1, 3], [4, 5]]
  371,  [[0, 0], [0, 0], [0, 3], [1, 3], [1, 3], [1, 3], [1, 4], [2, 5]]
  372,  [[0, 0], [0, 0], [0, 3], [1, 1], [1, 1], [1, 3], [1, 3], [4, 5]]
  373,  [[0, 0], [0, 3], [0, 3], [1, 1], [1, 1], [1, 4], [1, 5], [2, 3]]
  374,  [[0, 0], [0, 3], [0, 3], [1, 1], [1, 4], [1, 5], [2, 3], [3, 3]]
  375,  [[0, 0], [0, 3], [0, 3], [1, 1], [1, 3], [1, 4], [2, 3], [5, 5]]
  376,  [[0, 0], [0, 3], [0, 3], [1, 1], [1, 3], [1, 4], [1, 5], [3, 3]]
  377,  [[0, 0], [0, 1], [0, 3], [1, 1], [1, 4], [1, 5], [2, 3], [3, 3]]
  378,  [[0, 0], [0, 0], [0, 3], [1, 1], [1, 4], [1, 5], [3, 3], [3, 3]]
  379,  [[0, 0], [0, 1], [0, 3], [1, 1], [1, 3], [1, 4], [2, 3], [5, 5]]
  380,  [[0, 0], [0, 0], [0, 3], [1, 1], [1, 3], [1, 4], [3, 3], [5, 5]]
  381,  [[0, 0], [0, 2], [0, 3], [1, 1], [1, 3], [1, 4], [1, 5], [3, 3]]
  382,  [[0, 0], [0, 0], [0, 3], [1, 2], [1, 3], [1, 4], [1, 5], [3, 3]]
  383,  [[0, 1], [0, 3], [0, 3], [1, 1], [1, 1], [1, 4], [2, 3], [3, 3]]
  384,  [[0, 0], [0, 3], [0, 3], [1, 1], [1, 1], [1, 4], [2, 3], [3, 5]]
  385,  [[0, 1], [0, 3], [0, 3], [1, 1], [1, 1], [1, 3], [2, 3], [4, 4]]
  386,  [[0, 0], [0, 3], [0, 3], [1, 1], [1, 1], [1, 1], [2, 3], [4, 4]]
  387,  [[0, 0], [0, 3], [0, 3], [1, 1], [1, 1], [1, 3], [3, 3], [4, 4]]
  388,  [[0, 0], [0, 3], [0, 3], [1, 1], [1, 1], [1, 3], [2, 3], [4, 5]]
  389,  [[0, 2], [0, 3], [0, 3], [1, 1], [1, 1], [1, 3], [1, 4], [3, 3]]
  390,  [[0, 0], [0, 3], [0, 3], [1, 1], [1, 2], [1, 3], [1, 4], [3, 3]]
  391,  [[0, 0], [0, 3], [0, 3], [1, 1], [1, 1], [1, 3], [1, 4], [3, 5]]
  392,  [[0, 0], [0, 1], [0, 3], [1, 1], [1, 1], [2, 3], [3, 3], [4, 4]]
  393,  [[0, 0], [0, 1], [0, 3], [1, 1], [1, 1], [1, 4], [3, 3], [3, 3]]
  394,  [[0, 0], [0, 1], [0, 3], [1, 1], [1, 1], [1, 4], [2, 3], [3, 5]]
  395,  [[0, 0], [0, 2], [0, 3], [1, 1], [1, 1], [1, 4], [3, 3], [3, 3]]
  396,  [[0, 0], [0, 0], [0, 3], [1, 1], [1, 2], [1, 4], [3, 3], [3, 3]]
  397,  [[0, 0], [0, 0], [0, 3], [1, 1], [1, 1], [1, 4], [3, 3], [3, 5]]
  398,  [[0, 0], [0, 1], [0, 3], [1, 1], [1, 1], [1, 3], [3, 3], [4, 4]]
  399,  [[0, 0], [0, 1], [0, 3], [1, 1], [1, 1], [1, 3], [2, 3], [4, 5]]
  400,  [[0, 0], [0, 2], [0, 3], [1, 1], [1, 1], [1, 3], [3, 3], [4, 4]]
  401,  [[0, 0], [0, 0], [0, 3], [1, 1], [1, 2], [1, 3], [3, 3], [4, 4]]
  402,  [[0, 0], [0, 0], [0, 3], [1, 1], [1, 1], [1, 3], [3, 4], [5, 5]]
  403,  [[0, 0], [0, 0], [0, 3], [1, 1], [1, 1], [1, 3], [2, 4], [3, 3]]
  404,  [[0, 0], [0, 0], [0, 3], [1, 1], [1, 1], [1, 3], [3, 3], [4, 5]]
  405,  [[0, 0], [0, 2], [0, 3], [1, 1], [1, 1], [1, 3], [1, 4], [3, 5]]
  406,  [[0, 0], [0, 0], [0, 3], [1, 1], [1, 2], [1, 3], [1, 4], [3, 5]]
  407,  [[0, 1], [0, 1], [0, 3], [1, 1], [1, 3], [2, 3], [3, 3], [4, 4]]
  408,  [[0, 0], [0, 1], [0, 3], [1, 1], [1, 3], [2, 3], [3, 4], [5, 5]]
  409,  [[0, 0], [0, 1], [0, 3], [1, 1], [1, 3], [2, 3], [3, 3], [4, 5]]
  410,  [[0, 0], [0, 1], [0, 3], [1, 1], [1, 4], [2, 3], [3, 3], [3, 5]]
  411,  [[0, 0], [0, 1], [0, 3], [1, 1], [1, 3], [1, 4], [3, 3], [3, 5]]
  412,  [[0, 0], [0, 2], [0, 3], [1, 1], [1, 3], [1, 4], [3, 3], [3, 5]]
  413,  [[0, 0], [0, 1], [0, 3], [1, 3], [1, 3], [1, 4], [3, 3], [5, 5]]
  414,  [[0, 1], [0, 2], [0, 3], [1, 1], [1, 3], [1, 3], [3, 3], [4, 4]]
  415,  [[0, 0], [0, 1], [0, 3], [1, 2], [1, 3], [1, 3], [3, 3], [4, 4]]
  416,  [[0, 0], [0, 1], [0, 3], [1, 1], [1, 3], [1, 3], [3, 4], [5, 5]]
  417,  [[0, 0], [0, 1], [0, 3], [1, 1], [1, 3], [1, 3], [2, 4], [3, 3]]
  418,  [[0, 0], [0, 1], [0, 3], [1, 1], [1, 3], [1, 3], [3, 3], [4, 5]]
  419,  [[0, 0], [0, 2], [0, 3], [1, 1], [1, 3], [1, 3], [3, 3], [4, 5]]
  420,  [[0, 0], [0, 2], [0, 3], [1, 1], [1, 3], [1, 3], [3, 4], [5, 5]]
  421,  [[0, 0], [0, 2], [0, 3], [1, 1], [1, 3], [1, 3], [1, 4], [5, 5]]
  422,  [[0, 0], [0, 0], [0, 3], [1, 2], [1, 3], [1, 3], [1, 4], [5, 5]]
  423,  [[0, 0], [0, 0], [0, 3], [1, 1], [1, 3], [1, 3], [2, 4], [3, 5]]
  424,  [[0, 0], [0, 3], [0, 3], [1, 1], [1, 3], [1, 3], [1, 4], [5, 5]]
  425,  [[0, 0], [0, 0], [0, 3], [1, 1], [1, 3], [1, 3], [1, 4], [2, 5]]
  426,  [[0, 3], [0, 3], [0, 4], [1, 1], [1, 1], [1, 1], [3, 3], [5, 5]]
  427,  [[0, 3], [0, 3], [0, 4], [1, 1], [1, 2], [1, 3], [3, 3], [5, 5]]
  428,  [[0, 3], [0, 3], [0, 4], [1, 1], [1, 1], [1, 3], [2, 5], [3, 3]]
  429,  [[0, 3], [0, 3], [0, 4], [1, 1], [1, 1], [1, 2], [1, 5], [3, 3]]
  430,  [[0, 1], [0, 3], [0, 4], [1, 1], [1, 1], [3, 3], [3, 3], [5, 5]]
  431,  [[0, 1], [0, 3], [0, 4], [1, 1], [1, 2], [1, 5], [3, 3], [3, 3]]
  432,  [[0, 1], [0, 3], [0, 4], [1, 1], [1, 2], [1, 3], [3, 3], [5, 5]]
  433,  [[0, 1], [0, 3], [0, 4], [1, 1], [1, 1], [1, 3], [2, 5], [3, 3]]
  434,  [[0, 0], [0, 1], [0, 2], [1, 3], [1, 4], [1, 5], [3, 3], [3, 3]]
  435,  [[0, 0], [0, 1], [0, 1], [1, 4], [1, 5], [2, 3], [3, 3], [3, 3]]
  436,  [[0, 0], [0, 1], [0, 1], [1, 1], [2, 3], [3, 3], [3, 3], [4, 4]]
  437,  [[0, 0], [0, 1], [0, 1], [1, 1], [1, 4], [2, 3], [3, 3], [3, 5]]
  438,  [[0, 0], [0, 0], [0, 1], [1, 1], [1, 4], [3, 3], [3, 3], [3, 5]]
  439,  [[0, 0], [0, 1], [0, 1], [1, 3], [1, 3], [2, 3], [3, 3], [4, 4]]
  440,  [[0, 0], [0, 1], [0, 1], [1, 3], [1, 4], [2, 3], [3, 3], [5, 5]]
  441,  [[0, 0], [0, 1], [0, 1], [1, 1], [1, 3], [3, 3], [3, 3], [4, 4]]
  442,  [[0, 0], [0, 1], [0, 1], [1, 1], [1, 3], [2, 3], [3, 4], [5, 5]]
  443,  [[0, 0], [0, 1], [0, 1], [1, 1], [1, 3], [2, 3], [3, 3], [4, 5]]
  444,  [[0, 0], [0, 0], [0, 1], [1, 1], [1, 3], [3, 3], [3, 4], [5, 5]]
  445,  [[0, 0], [0, 0], [0, 1], [1, 1], [1, 3], [3, 3], [3, 3], [4, 5]]
  446,  [[0, 0], [0, 1], [0, 2], [1, 1], [1, 3], [3, 3], [3, 3], [4, 4]]
  447,  [[0, 0], [0, 1], [0, 2], [1, 1], [1, 3], [1, 4], [3, 3], [3, 5]]
  448,  [[0, 0], [0, 0], [0, 1], [1, 2], [1, 3], [1, 4], [3, 3], [3, 5]]
  449,  [[0, 1], [0, 1], [0, 4], [1, 2], [1, 3], [3, 3], [3, 3], [5, 5]]
  450,  [[0, 1], [0, 1], [0, 4], [1, 1], [1, 3], [2, 5], [3, 3], [3, 3]]
  451,  [[0, 0], [0, 0], [0, 1], [1, 1], [1, 3], [2, 4], [3, 3], [3, 3]]
  452,  [[0, 0], [0, 0], [0, 1], [1, 3], [1, 3], [1, 3], [3, 3], [4, 5]]
  453,  [[0, 0], [0, 1], [0, 2], [1, 3], [1, 3], [1, 4], [3, 3], [5, 5]]
  454,  [[0, 0], [0, 0], [0, 1], [1, 3], [1, 3], [1, 4], [2, 5], [3, 3]]
  455,  [[0, 0], [0, 1], [0, 2], [1, 3], [1, 3], [1, 3], [3, 3], [4, 4]]
  456,  [[0, 0], [0, 1], [0, 2], [1, 1], [1, 3], [1, 3], [3, 4], [5, 5]]
  457,  [[0, 0], [0, 1], [0, 2], [1, 1], [1, 3], [1, 3], [3, 3], [4, 5]]
  458,  [[0, 0], [0, 0], [0, 1], [1, 2], [1, 3], [1, 3], [3, 4], [5, 5]]
  459,  [[0, 0], [0, 0], [0, 1], [1, 2], [1, 3], [1, 3], [3, 3], [4, 5]]
  460,  [[0, 0], [0, 0], [0, 1], [1, 3], [1, 3], [1, 3], [3, 4], [5, 5]]
  461,  [[0, 0], [0, 0], [0, 1], [1, 1], [1, 3], [1, 3], [2, 4], [3, 5]]
  462,  [[0, 0], [0, 0], [0, 1], [1, 3], [1, 3], [1, 3], [2, 4], [3, 3]]
  463,  [[0, 1], [0, 1], [0, 3], [1, 1], [1, 1], [2, 3], [3, 3], [3, 4]]
  464,  [[0, 0], [0, 1], [0, 3], [1, 1], [1, 1], [2, 3], [3, 4], [3, 5]]
  465,  [[0, 1], [0, 2], [0, 3], [1, 1], [1, 1], [1, 3], [3, 3], [3, 4]]
  466,  [[0, 0], [0, 1], [0, 3], [1, 1], [1, 2], [1, 3], [3, 3], [3, 4]]
  467,  [[0, 0], [0, 1], [0, 3], [1, 1], [1, 1], [1, 3], [3, 4], [3, 5]]
  468,  [[0, 0], [0, 3], [0, 3], [1, 1], [1, 1], [1, 1], [3, 3], [3, 4]]
  469,  [[0, 0], [0, 2], [0, 3], [1, 1], [1, 1], [1, 1], [3, 3], [3, 4]]
  470,  [[0, 0], [0, 0], [0, 3], [1, 1], [1, 1], [1, 2], [3, 3], [3, 4]]
  471,  [[0, 0], [0, 0], [0, 3], [1, 1], [1, 1], [1, 1], [3, 4], [3, 5]]
  472,  [[0, 0], [0, 2], [0, 3], [1, 1], [1, 1], [1, 3], [3, 4], [3, 5]]
  473,  [[0, 0], [0, 0], [0, 3], [1, 1], [1, 2], [1, 3], [3, 4], [3, 5]]
  474,  [[0, 1], [0, 3], [0, 4], [1, 1], [1, 1], [1, 2], [3, 3], [3, 5]]
  475,  [[0, 3], [0, 3], [0, 4], [1, 1], [1, 1], [1, 2], [3, 3], [3, 5]]
  476,  [[0, 0], [0, 1], [0, 3], [1, 1], [1, 1], [1, 2], [3, 3], [3, 3]]
  477,  [[0, 2], [0, 3], [0, 3], [1, 1], [1, 1], [1, 3], [1, 3], [4, 4]]
  478,  [[0, 0], [0, 2], [0, 3], [1, 1], [1, 1], [1, 3], [1, 3], [4, 5]]
  479,  [[0, 0], [0, 3], [0, 3], [1, 1], [1, 1], [1, 2], [1, 3], [3, 4]]
  480,  [[0, 0], [0, 3], [0, 3], [1, 1], [1, 2], [1, 3], [1, 3], [4, 4]]
  481,  [[0, 0], [0, 0], [0, 3], [1, 1], [1, 2], [1, 3], [1, 3], [4, 5]]
  482,  [[0, 3], [0, 3], [0, 4], [1, 1], [1, 1], [1, 2], [1, 3], [5, 5]]
  483,  [[0, 0], [0, 3], [0, 3], [1, 1], [1, 1], [1, 3], [1, 3], [2, 4]]
  484,  [[0, 0], [0, 3], [0, 3], [1, 1], [1, 1], [1, 3], [1, 3], [4, 5]]
  485,  [[0, 0], [0, 1], [0, 1], [1, 1], [1, 1], [3, 3], [3, 3], [3, 4]]
  486,  [[0, 0], [0, 1], [0, 1], [1, 1], [1, 1], [2, 3], [3, 4], [3, 5]]
  487,  [[0, 0], [0, 1], [0, 2], [1, 1], [1, 1], [3, 3], [3, 3], [3, 4]]
  488,  [[0, 0], [0, 0], [0, 1], [1, 1], [1, 2], [3, 3], [3, 3], [3, 4]]
  489,  [[0, 0], [0, 0], [0, 1], [1, 1], [1, 1], [3, 3], [3, 4], [3, 5]]
  490,  [[0, 0], [0, 1], [0, 2], [1, 1], [1, 1], [1, 3], [3, 4], [3, 5]]
  491,  [[0, 0], [0, 0], [0, 1], [1, 1], [1, 2], [1, 3], [3, 4], [3, 5]]
  492,  [[0, 1], [0, 1], [0, 4], [1, 1], [1, 2], [3, 3], [3, 3], [3, 5]]
  493,  [[0, 0], [0, 1], [0, 1], [1, 1], [2, 3], [3, 3], [3, 4], [3, 5]]
  494,  [[0, 0], [0, 1], [0, 1], [1, 1], [1, 3], [3, 3], [3, 4], [3, 5]]
  495,  [[0, 0], [0, 1], [0, 2], [1, 1], [1, 3], [3, 3], [3, 4], [3, 5]]
  496,  [[0, 3], [0, 3], [0, 3], [1, 1], [1, 1], [1, 4], [1, 5], [2, 3]]
  497,  [[0, 0], [0, 3], [0, 3], [1, 1], [1, 1], [1, 4], [2, 3], [5, 5]]
  498,  [[0, 0], [0, 3], [0, 3], [1, 1], [1, 1], [1, 4], [1, 5], [3, 3]]
  499,  [[0, 1], [0, 3], [0, 3], [1, 1], [1, 4], [1, 5], [2, 3], [3, 3]]
  500,  [[0, 1], [0, 3], [0, 3], [1, 1], [1, 3], [1, 4], [2, 3], [5, 5]]
  501,  [[0, 0], [0, 3], [0, 3], [1, 1], [1, 3], [1, 4], [3, 3], [5, 5]]
  502,  [[0, 2], [0, 3], [0, 3], [1, 1], [1, 3], [1, 4], [1, 5], [3, 3]]
  503,  [[0, 0], [0, 3], [0, 3], [1, 2], [1, 3], [1, 4], [1, 5], [3, 3]]
  504,  [[0, 0], [0, 1], [0, 3], [1, 1], [1, 4], [2, 3], [3, 3], [5, 5]]
  505,  [[0, 0], [0, 1], [0, 3], [1, 1], [1, 4], [1, 5], [3, 3], [3, 3]]
  506,  [[0, 0], [0, 2], [0, 3], [1, 1], [1, 4], [1, 5], [3, 3], [3, 3]]
  507,  [[0, 0], [0, 1], [0, 3], [1, 1], [1, 3], [2, 3], [4, 4], [5, 5]]
  508,  [[0, 0], [0, 1], [0, 3], [1, 1], [1, 3], [1, 4], [3, 3], [5, 5]]
  509,  [[0, 0], [0, 2], [0, 3], [1, 1], [1, 3], [1, 4], [3, 3], [5, 5]]
  510,  [[0, 0], [0, 0], [0, 3], [1, 1], [1, 3], [1, 4], [2, 5], [3, 3]]
  511,  [[0, 1], [0, 3], [0, 3], [1, 1], [1, 1], [2, 3], [3, 3], [4, 4]]
  512,  [[0, 1], [0, 3], [0, 3], [1, 1], [1, 1], [1, 4], [2, 3], [3, 5]]
  513,  [[0, 0], [0, 3], [0, 3], [1, 1], [1, 1], [1, 4], [3, 3], [3, 5]]
  514,  [[0, 1], [0, 3], [0, 3], [1, 1], [1, 1], [1, 3], [2, 3], [4, 5]]
  515,  [[0, 3], [0, 3], [0, 3], [1, 1], [1, 1], [1, 1], [2, 3], [4, 4]]
  516,  [[0, 0], [0, 3], [0, 3], [1, 1], [1, 1], [1, 1], [3, 3], [4, 4]]
  517,  [[0, 0], [0, 3], [0, 3], [1, 1], [1, 1], [1, 1], [2, 3], [4, 5]]
  518,  [[0, 2], [0, 3], [0, 3], [1, 1], [1, 1], [1, 3], [3, 3], [4, 4]]
  519,  [[0, 0], [0, 3], [0, 3], [1, 1], [1, 2], [1, 3], [3, 3], [4, 4]]
  520,  [[0, 0], [0, 3], [0, 3], [1, 1], [1, 1], [1, 3], [3, 4], [5, 5]]
  521,  [[0, 0], [0, 3], [0, 3], [1, 1], [1, 1], [1, 3], [2, 4], [3, 3]]
  522,  [[0, 0], [0, 3], [0, 3], [1, 1], [1, 1], [1, 3], [3, 3], [4, 5]]
  523,  [[0, 2], [0, 3], [0, 3], [1, 1], [1, 1], [1, 3], [1, 4], [3, 5]]
  524,  [[0, 0], [0, 3], [0, 3], [1, 1], [1, 1], [1, 2], [1, 4], [3, 3]]
  525,  [[0, 0], [0, 3], [0, 3], [1, 1], [1, 2], [1, 3], [1, 4], [3, 5]]
  526,  [[0, 0], [0, 3], [0, 3], [1, 1], [1, 1], [1, 3], [1, 4], [5, 5]]
  527,  [[0, 1], [0, 1], [0, 3], [1, 1], [1, 1], [2, 3], [3, 3], [4, 4]]
  528,  [[0, 0], [0, 1], [0, 3], [1, 1], [1, 1], [3, 3], [3, 3], [4, 4]]
  529,  [[0, 0], [0, 1], [0, 3], [1, 1], [1, 1], [2, 3], [3, 4], [5, 5]]
  530,  [[0, 0], [0, 1], [0, 3], [1, 1], [1, 1], [2, 3], [3, 3], [4, 5]]
  531,  [[0, 1], [0, 2], [0, 3], [1, 1], [1, 1], [1, 4], [3, 3], [3, 3]]
  532,  [[0, 0], [0, 1], [0, 3], [1, 1], [1, 2], [1, 4], [3, 3], [3, 3]]
  533,  [[0, 0], [0, 1], [0, 3], [1, 1], [1, 1], [1, 4], [3, 3], [3, 5]]
  534,  [[0, 0], [0, 2], [0, 3], [1, 1], [1, 1], [1, 4], [3, 3], [3, 5]]
  535,  [[0, 0], [0, 0], [0, 3], [1, 1], [1, 2], [1, 4], [3, 3], [3, 5]]
  536,  [[0, 1], [0, 2], [0, 3], [1, 1], [1, 1], [1, 3], [3, 3], [4, 4]]
  537,  [[0, 0], [0, 1], [0, 3], [1, 1], [1, 2], [1, 3], [3, 3], [4, 4]]
  538,  [[0, 0], [0, 1], [0, 3], [1, 1], [1, 1], [1, 3], [3, 4], [5, 5]]
  539,  [[0, 0], [0, 1], [0, 3], [1, 1], [1, 1], [1, 3], [2, 4], [3, 3]]
  540,  [[0, 0], [0, 1], [0, 3], [1, 1], [1, 1], [1, 3], [3, 3], [4, 5]]
  541,  [[0, 0], [0, 2], [0, 3], [1, 1], [1, 1], [1, 3], [3, 4], [5, 5]]
  542,  [[0, 0], [0, 2], [0, 3], [1, 1], [1, 1], [1, 3], [3, 3], [4, 5]]
  543,  [[0, 0], [0, 0], [0, 3], [1, 1], [1, 2], [1, 3], [3, 4], [5, 5]]
  544,  [[0, 0], [0, 0], [0, 3], [1, 1], [1, 2], [1, 3], [3, 3], [4, 5]]
  545,  [[0, 0], [0, 0], [0, 3], [1, 1], [1, 1], [1, 3], [2, 4], [3, 5]]
  546,  [[0, 1], [0, 1], [0, 3], [1, 3], [1, 4], [2, 3], [3, 3], [5, 5]]
  547,  [[0, 1], [0, 1], [0, 3], [1, 1], [1, 3], [2, 3], [3, 4], [5, 5]]
  548,  [[0, 1], [0, 1], [0, 3], [1, 1], [1, 3], [2, 3], [3, 3], [4, 5]]
  549,  [[0, 0], [0, 1], [0, 3], [1, 1], [1, 3], [3, 3], [3, 4], [5, 5]]
  550,  [[0, 1], [0, 1], [0, 3], [1, 1], [1, 4], [2, 3], [3, 3], [3, 5]]
  551,  [[0, 1], [0, 2], [0, 3], [1, 1], [1, 3], [1, 4], [3, 3], [3, 5]]
  552,  [[0, 0], [0, 1], [0, 3], [1, 2], [1, 3], [1, 4], [3, 3], [3, 5]]
  553,  [[0, 1], [0, 2], [0, 3], [1, 3], [1, 3], [1, 4], [3, 3], [5, 5]]
  554,  [[0, 0], [0, 1], [0, 3], [1, 3], [1, 3], [1, 4], [2, 5], [3, 3]]
  555,  [[0, 1], [0, 2], [0, 3], [1, 1], [1, 3], [1, 3], [3, 4], [5, 5]]
  556,  [[0, 1], [0, 2], [0, 3], [1, 1], [1, 3], [1, 3], [3, 3], [4, 5]]
  557,  [[0, 0], [0, 1], [0, 3], [1, 2], [1, 3], [1, 3], [3, 4], [5, 5]]
  558,  [[0, 0], [0, 1], [0, 3], [1, 2], [1, 3], [1, 3], [3, 3], [4, 5]]
  559,  [[0, 0], [0, 1], [0, 3], [1, 1], [1, 3], [1, 3], [4, 4], [5, 5]]
  560,  [[0, 0], [0, 1], [0, 3], [1, 1], [1, 3], [1, 3], [2, 4], [3, 5]]
  561,  [[0, 0], [0, 2], [0, 3], [1, 1], [1, 3], [1, 3], [4, 4], [5, 5]]
  562,  [[0, 2], [0, 3], [0, 3], [1, 1], [1, 3], [1, 3], [1, 4], [5, 5]]
  563,  [[0, 0], [0, 3], [0, 3], [1, 2], [1, 3], [1, 3], [1, 4], [5, 5]]
  564,  [[0, 0], [0, 0], [0, 3], [1, 1], [1, 3], [1, 3], [2, 4], [5, 5]]
  565,  [[0, 0], [0, 3], [0, 3], [1, 1], [1, 3], [1, 3], [4, 4], [5, 5]]
  566,  [[0, 0], [0, 3], [0, 3], [1, 1], [1, 3], [1, 3], [1, 4], [2, 5]]
  567,  [[0, 3], [0, 3], [0, 4], [1, 1], [1, 1], [1, 2], [3, 3], [5, 5]]
  568,  [[0, 3], [0, 3], [0, 4], [1, 1], [1, 1], [1, 1], [2, 5], [3, 3]]
  569,  [[0, 1], [0, 3], [0, 4], [1, 1], [1, 2], [3, 3], [3, 3], [5, 5]]
  570,  [[0, 1], [0, 3], [0, 4], [1, 1], [1, 1], [2, 5], [3, 3], [3, 3]]
  571,  [[0, 1], [0, 1], [0, 1], [1, 1], [2, 3], [3, 3], [3, 3], [4, 4]]
  572,  [[0, 0], [0, 1], [0, 1], [1, 1], [2, 3], [3, 3], [3, 4], [5, 5]]
  573,  [[0, 0], [0, 1], [0, 1], [1, 1], [2, 3], [3, 3], [3, 3], [4, 5]]
  574,  [[0, 0], [0, 1], [0, 1], [1, 1], [1, 4], [3, 3], [3, 3], [3, 5]]
  575,  [[0, 0], [0, 1], [0, 2], [1, 1], [1, 4], [3, 3], [3, 3], [3, 5]]
  576,  [[0, 0], [0, 1], [0, 1], [1, 3], [1, 3], [2, 3], [3, 4], [5, 5]]
  577,  [[0, 0], [0, 1], [0, 1], [1, 3], [1, 3], [2, 3], [3, 3], [4, 5]]
  578,  [[0, 0], [0, 1], [0, 1], [1, 3], [1, 4], [3, 3], [3, 3], [5, 5]]
  579,  [[0, 1], [0, 1], [0, 2], [1, 1], [1, 3], [3, 3], [3, 3], [4, 4]]
  580,  [[0, 0], [0, 1], [0, 1], [1, 2], [1, 3], [3, 3], [3, 3], [4, 4]]
  581,  [[0, 0], [0, 1], [0, 1], [1, 1], [1, 3], [3, 3], [3, 4], [5, 5]]
  582,  [[0, 0], [0, 1], [0, 1], [1, 1], [1, 3], [2, 4], [3, 3], [3, 3]]
  583,  [[0, 0], [0, 1], [0, 1], [1, 1], [1, 3], [3, 3], [3, 3], [4, 5]]
  584,  [[0, 0], [0, 1], [0, 2], [1, 1], [1, 3], [3, 3], [3, 4], [5, 5]]
  585,  [[0, 0], [0, 0], [0, 1], [1, 1], [1, 3], [2, 4], [3, 3], [3, 5]]
  586,  [[0, 0], [0, 1], [0, 2], [1, 1], [1, 3], [3, 3], [3, 3], [4, 5]]
  587,  [[0, 0], [0, 1], [0, 2], [1, 3], [1, 3], [1, 3], [3, 3], [4, 5]]
  588,  [[0, 0], [0, 1], [0, 2], [1, 3], [1, 3], [1, 3], [3, 4], [5, 5]]
  589,  [[0, 0], [0, 0], [0, 1], [1, 3], [1, 3], [1, 3], [2, 4], [3, 5]]
  590,  [[0, 1], [0, 1], [0, 3], [1, 1], [1, 1], [2, 3], [3, 4], [3, 5]]
  591,  [[0, 0], [0, 1], [0, 3], [1, 1], [1, 1], [3, 3], [3, 4], [3, 5]]
  592,  [[0, 1], [0, 2], [0, 3], [1, 1], [1, 1], [1, 3], [3, 4], [3, 5]]
  593,  [[0, 0], [0, 1], [0, 3], [1, 1], [1, 1], [1, 2], [3, 3], [3, 4]]
  594,  [[0, 0], [0, 1], [0, 3], [1, 1], [1, 2], [1, 3], [3, 4], [3, 5]]
  595,  [[0, 2], [0, 3], [0, 3], [1, 1], [1, 1], [1, 1], [3, 3], [3, 4]]
  596,  [[0, 0], [0, 3], [0, 3], [1, 1], [1, 1], [1, 2], [3, 3], [3, 4]]
  597,  [[0, 0], [0, 3], [0, 3], [1, 1], [1, 1], [1, 1], [3, 4], [3, 5]]
  598,  [[0, 0], [0, 2], [0, 3], [1, 1], [1, 1], [1, 1], [3, 4], [3, 5]]
  599,  [[0, 0], [0, 0], [0, 3], [1, 1], [1, 1], [1, 2], [3, 4], [3, 5]]
  600,  [[0, 2], [0, 3], [0, 3], [1, 1], [1, 1], [1, 3], [1, 3], [4, 5]]
  601,  [[0, 0], [0, 3], [0, 3], [1, 1], [1, 1], [1, 2], [1, 3], [4, 4]]
  602,  [[0, 0], [0, 3], [0, 3], [1, 1], [1, 2], [1, 3], [1, 3], [4, 5]]
  603,  [[0, 1], [0, 1], [0, 2], [1, 1], [1, 1], [3, 3], [3, 3], [3, 4]]
  604,  [[0, 0], [0, 1], [0, 1], [1, 1], [1, 2], [3, 3], [3, 3], [3, 4]]
  605,  [[0, 0], [0, 1], [0, 1], [1, 1], [1, 1], [3, 3], [3, 4], [3, 5]]
  606,  [[0, 0], [0, 1], [0, 2], [1, 1], [1, 1], [3, 3], [3, 4], [3, 5]]
  607,  [[0, 0], [0, 0], [0, 1], [1, 1], [1, 2], [3, 3], [3, 4], [3, 5]]
  608,  [[0, 1], [0, 1], [0, 1], [1, 1], [2, 3], [3, 3], [3, 4], [3, 5]]
  609,  [[0, 1], [0, 1], [0, 2], [1, 1], [1, 3], [3, 3], [3, 4], [3, 5]]
  610,  [[0, 0], [0, 1], [0, 1], [1, 2], [1, 3], [3, 3], [3, 4], [3, 5]]
  611,  [[0, 3], [0, 3], [0, 3], [1, 1], [1, 1], [1, 4], [2, 3], [5, 5]]
  612,  [[0, 3], [0, 3], [0, 3], [1, 1], [1, 1], [1, 4], [1, 5], [3, 3]]
  613,  [[0, 1], [0, 3], [0, 3], [1, 1], [1, 1], [1, 4], [2, 3], [5, 5]]
  614,  [[0, 0], [0, 3], [0, 3], [1, 1], [1, 1], [1, 4], [3, 3], [5, 5]]
  615,  [[0, 2], [0, 3], [0, 3], [1, 1], [1, 1], [1, 4], [1, 5], [3, 3]]
  616,  [[0, 0], [0, 3], [0, 3], [1, 1], [1, 2], [1, 4], [1, 5], [3, 3]]
  617,  [[0, 1], [0, 3], [0, 3], [1, 1], [1, 4], [2, 3], [3, 3], [5, 5]]
  618,  [[0, 1], [0, 3], [0, 3], [1, 1], [1, 3], [2, 3], [4, 4], [5, 5]]
  619,  [[0, 1], [0, 3], [0, 3], [1, 1], [1, 3], [1, 4], [3, 3], [5, 5]]
  620,  [[0, 2], [0, 3], [0, 3], [1, 1], [1, 3], [1, 4], [3, 3], [5, 5]]
  621,  [[0, 0], [0, 3], [0, 3], [1, 1], [1, 3], [1, 4], [2, 5], [3, 3]]
  622,  [[0, 1], [0, 1], [0, 3], [1, 1], [1, 4], [2, 3], [3, 3], [5, 5]]
  623,  [[0, 0], [0, 1], [0, 3], [1, 1], [1, 4], [3, 3], [3, 3], [5, 5]]
  624,  [[0, 1], [0, 2], [0, 3], [1, 1], [1, 4], [1, 5], [3, 3], [3, 3]]
  625,  [[0, 0], [0, 1], [0, 3], [1, 2], [1, 4], [1, 5], [3, 3], [3, 3]]
  626,  [[0, 1], [0, 1], [0, 3], [1, 1], [1, 3], [2, 3], [4, 4], [5, 5]]
  627,  [[0, 0], [0, 1], [0, 3], [1, 1], [1, 3], [3, 3], [4, 4], [5, 5]]
  628,  [[0, 1], [0, 2], [0, 3], [1, 1], [1, 3], [1, 4], [3, 3], [5, 5]]
  629,  [[0, 0], [0, 1], [0, 3], [1, 2], [1, 3], [1, 4], [3, 3], [5, 5]]
  630,  [[0, 0], [0, 1], [0, 3], [1, 1], [1, 3], [1, 4], [2, 5], [3, 3]]
  631,  [[0, 1], [0, 3], [0, 3], [1, 1], [1, 1], [2, 3], [3, 4], [5, 5]]
  632,  [[0, 1], [0, 3], [0, 3], [1, 1], [1, 1], [2, 3], [3, 3], [4, 5]]
  633,  [[0, 1], [0, 3], [0, 3], [1, 1], [1, 1], [1, 4], [3, 3], [3, 5]]
  634,  [[0, 2], [0, 3], [0, 3], [1, 1], [1, 1], [1, 4], [3, 3], [3, 5]]
  635,  [[0, 0], [0, 3], [0, 3], [1, 1], [1, 2], [1, 4], [3, 3], [3, 5]]
  636,  [[0, 1], [0, 3], [0, 3], [1, 1], [1, 1], [1, 3], [3, 3], [4, 5]]
  637,  [[0, 3], [0, 3], [0, 3], [1, 1], [1, 1], [1, 1], [2, 3], [4, 5]]
  638,  [[0, 2], [0, 3], [0, 3], [1, 1], [1, 1], [1, 1], [3, 3], [4, 4]]
  639,  [[0, 0], [0, 3], [0, 3], [1, 1], [1, 1], [1, 2], [3, 3], [4, 4]]
  640,  [[0, 0], [0, 3], [0, 3], [1, 1], [1, 1], [1, 1], [3, 4], [5, 5]]
  641,  [[0, 0], [0, 3], [0, 3], [1, 1], [1, 1], [1, 1], [2, 4], [3, 3]]
  642,  [[0, 0], [0, 3], [0, 3], [1, 1], [1, 1], [1, 1], [3, 3], [4, 5]]
  643,  [[0, 2], [0, 3], [0, 3], [1, 1], [1, 1], [1, 3], [3, 4], [5, 5]]
  644,  [[0, 2], [0, 3], [0, 3], [1, 1], [1, 1], [1, 3], [3, 3], [4, 5]]
  645,  [[0, 1], [0, 3], [0, 3], [1, 1], [1, 2], [1, 3], [3, 3], [4, 4]]
  646,  [[0, 0], [0, 3], [0, 3], [1, 1], [1, 2], [1, 3], [3, 4], [5, 5]]
  647,  [[0, 0], [0, 3], [0, 3], [1, 1], [1, 2], [1, 3], [3, 3], [4, 5]]
  648,  [[0, 1], [0, 3], [0, 3], [1, 1], [1, 1], [1, 3], [3, 4], [5, 5]]
  649,  [[0, 0], [0, 3], [0, 3], [1, 1], [1, 1], [1, 3], [4, 4], [5, 5]]
  650,  [[0, 0], [0, 3], [0, 3], [1, 1], [1, 1], [1, 3], [2, 4], [3, 5]]
  651,  [[0, 1], [0, 3], [0, 3], [1, 1], [1, 1], [1, 3], [2, 4], [3, 3]]
  652,  [[0, 2], [0, 3], [0, 3], [1, 1], [1, 1], [1, 3], [1, 4], [5, 5]]
  653,  [[0, 3], [0, 3], [0, 3], [1, 1], [1, 1], [1, 2], [1, 4], [3, 3]]
  654,  [[0, 0], [0, 3], [0, 3], [1, 1], [1, 1], [1, 2], [1, 4], [3, 5]]
  655,  [[0, 0], [0, 3], [0, 3], [1, 1], [1, 2], [1, 3], [1, 4], [5, 5]]
  656,  [[0, 3], [0, 3], [0, 3], [1, 1], [1, 1], [1, 3], [1, 4], [5, 5]]
  657,  [[0, 0], [0, 3], [0, 3], [1, 1], [1, 1], [1, 3], [1, 4], [2, 5]]
  658,  [[0, 1], [0, 1], [0, 3], [1, 1], [1, 1], [2, 3], [3, 4], [5, 5]]
  659,  [[0, 1], [0, 1], [0, 3], [1, 1], [1, 1], [2, 3], [3, 3], [4, 5]]
  660,  [[0, 1], [0, 2], [0, 3], [1, 1], [1, 1], [3, 3], [3, 3], [4, 4]]
  661,  [[0, 0], [0, 1], [0, 3], [1, 1], [1, 2], [3, 3], [3, 3], [4, 4]]
  662,  [[0, 0], [0, 1], [0, 3], [1, 1], [1, 1], [3, 3], [3, 4], [5, 5]]
  663,  [[0, 0], [0, 1], [0, 3], [1, 1], [1, 1], [2, 4], [3, 3], [3, 3]]
  664,  [[0, 0], [0, 1], [0, 3], [1, 1], [1, 1], [3, 3], [3, 3], [4, 5]]
  665,  [[0, 1], [0, 2], [0, 3], [1, 1], [1, 1], [1, 4], [3, 3], [3, 5]]
  666,  [[0, 0], [0, 1], [0, 3], [1, 1], [1, 2], [1, 4], [3, 3], [3, 5]]
  667,  [[0, 1], [0, 2], [0, 3], [1, 1], [1, 1], [1, 3], [3, 4], [5, 5]]
  668,  [[0, 1], [0, 2], [0, 3], [1, 1], [1, 1], [1, 3], [3, 3], [4, 5]]
  669,  [[0, 0], [0, 1], [0, 3], [1, 1], [1, 2], [1, 3], [3, 4], [5, 5]]
  670,  [[0, 0], [0, 1], [0, 3], [1, 1], [1, 2], [1, 3], [3, 3], [4, 5]]
  671,  [[0, 0], [0, 1], [0, 3], [1, 1], [1, 1], [1, 3], [2, 4], [3, 5]]
  672,  [[0, 1], [0, 1], [0, 3], [1, 1], [2, 3], [3, 3], [3, 4], [5, 5]]
  673,  [[0, 1], [0, 1], [0, 3], [1, 1], [1, 3], [3, 3], [3, 4], [5, 5]]
  674,  [[0, 1], [0, 2], [0, 3], [1, 1], [1, 3], [3, 3], [3, 4], [5, 5]]
  675,  [[0, 0], [0, 1], [0, 3], [1, 1], [1, 3], [2, 4], [3, 3], [3, 5]]
  676,  [[0, 1], [0, 2], [0, 3], [1, 1], [1, 3], [1, 3], [4, 4], [5, 5]]
  677,  [[0, 0], [0, 1], [0, 3], [1, 2], [1, 3], [1, 3], [4, 4], [5, 5]]
  678,  [[0, 1], [0, 3], [0, 3], [1, 1], [1, 3], [1, 3], [4, 4], [5, 5]]
  679,  [[0, 0], [0, 1], [0, 3], [1, 3], [1, 3], [1, 3], [4, 4], [5, 5]]
  680,  [[0, 0], [0, 1], [0, 3], [1, 1], [1, 3], [1, 3], [2, 4], [5, 5]]
  681,  [[0, 2], [0, 3], [0, 3], [1, 1], [1, 3], [1, 3], [4, 4], [5, 5]]
  682,  [[0, 0], [0, 3], [0, 3], [1, 1], [1, 3], [1, 3], [2, 4], [5, 5]]
  683,  [[0, 1], [0, 1], [0, 1], [1, 4], [2, 3], [3, 3], [3, 3], [5, 5]]
  684,  [[0, 1], [0, 1], [0, 1], [1, 1], [2, 3], [3, 3], [3, 4], [5, 5]]
  685,  [[0, 1], [0, 1], [0, 1], [1, 1], [2, 3], [3, 3], [3, 3], [4, 5]]
  686,  [[0, 0], [0, 1], [0, 1], [1, 1], [3, 3], [3, 3], [3, 4], [5, 5]]
  687,  [[0, 1], [0, 1], [0, 2], [1, 1], [1, 4], [3, 3], [3, 3], [3, 5]]
  688,  [[0, 0], [0, 1], [0, 1], [1, 2], [1, 4], [3, 3], [3, 3], [3, 5]]
  689,  [[0, 0], [0, 1], [0, 1], [1, 3], [1, 3], [3, 3], [3, 4], [5, 5]]
  690,  [[0, 0], [0, 1], [0, 1], [1, 3], [1, 3], [2, 3], [4, 4], [5, 5]]
  691,  [[0, 1], [0, 1], [0, 2], [1, 3], [1, 4], [3, 3], [3, 3], [5, 5]]
  692,  [[0, 0], [0, 1], [0, 1], [1, 3], [1, 4], [2, 5], [3, 3], [3, 3]]
  693,  [[0, 1], [0, 1], [0, 2], [1, 1], [1, 3], [3, 3], [3, 4], [5, 5]]
  694,  [[0, 1], [0, 1], [0, 2], [1, 1], [1, 3], [3, 3], [3, 3], [4, 5]]
  695,  [[0, 0], [0, 1], [0, 1], [1, 2], [1, 3], [3, 3], [3, 4], [5, 5]]
  696,  [[0, 0], [0, 1], [0, 1], [1, 2], [1, 3], [3, 3], [3, 3], [4, 5]]
  697,  [[0, 0], [0, 1], [0, 1], [1, 1], [1, 3], [2, 4], [3, 3], [3, 5]]
  698,  [[0, 0], [0, 1], [0, 2], [1, 3], [1, 3], [1, 3], [4, 4], [5, 5]]
  699,  [[0, 0], [0, 0], [0, 1], [1, 3], [1, 3], [1, 3], [2, 4], [5, 5]]
  700,  [[0, 1], [0, 1], [0, 3], [1, 1], [1, 1], [3, 3], [3, 4], [3, 5]]
  701,  [[0, 1], [0, 2], [0, 3], [1, 1], [1, 1], [3, 3], [3, 4], [3, 5]]
  702,  [[0, 0], [0, 1], [0, 3], [1, 1], [1, 2], [3, 3], [3, 4], [3, 5]]
  703,  [[0, 1], [0, 3], [0, 3], [1, 1], [1, 1], [1, 2], [3, 3], [3, 4]]
  704,  [[0, 0], [0, 1], [0, 3], [1, 1], [1, 1], [1, 2], [3, 4], [3, 5]]
  705,  [[0, 2], [0, 3], [0, 3], [1, 1], [1, 1], [1, 1], [3, 4], [3, 5]]
  706,  [[0, 0], [0, 3], [0, 3], [1, 1], [1, 1], [1, 2], [3, 4], [3, 5]]
  707,  [[0, 3], [0, 3], [0, 3], [1, 1], [1, 1], [1, 2], [1, 3], [4, 4]]
  708,  [[0, 0], [0, 3], [0, 3], [1, 1], [1, 1], [1, 2], [1, 3], [4, 5]]
  709,  [[0, 1], [0, 1], [0, 2], [1, 1], [1, 1], [3, 3], [3, 4], [3, 5]]
  710,  [[0, 0], [0, 1], [0, 1], [1, 1], [1, 2], [3, 3], [3, 4], [3, 5]]
  711,  [[0, 3], [0, 3], [0, 3], [1, 1], [1, 1], [1, 4], [3, 3], [5, 5]]
  712,  [[0, 3], [0, 3], [0, 3], [1, 1], [1, 2], [1, 4], [1, 5], [3, 3]]
  713,  [[0, 1], [0, 3], [0, 3], [1, 1], [1, 1], [2, 3], [4, 4], [5, 5]]
  714,  [[0, 1], [0, 3], [0, 3], [1, 1], [1, 1], [1, 4], [3, 3], [5, 5]]
  715,  [[0, 2], [0, 3], [0, 3], [1, 1], [1, 1], [1, 4], [3, 3], [5, 5]]
  716,  [[0, 0], [0, 3], [0, 3], [1, 1], [1, 2], [1, 4], [3, 3], [5, 5]]
  717,  [[0, 0], [0, 3], [0, 3], [1, 1], [1, 1], [1, 4], [2, 5], [3, 3]]
  718,  [[0, 1], [0, 3], [0, 3], [1, 2], [1, 3], [1, 4], [3, 3], [5, 5]]
  719,  [[0, 1], [0, 3], [0, 3], [1, 1], [1, 3], [1, 4], [2, 5], [3, 3]]
  720,  [[0, 1], [0, 1], [0, 3], [1, 1], [2, 3], [3, 3], [4, 4], [5, 5]]
  721,  [[0, 1], [0, 1], [0, 3], [1, 1], [1, 4], [3, 3], [3, 3], [5, 5]]
  722,  [[0, 1], [0, 2], [0, 3], [1, 1], [1, 4], [3, 3], [3, 3], [5, 5]]
  723,  [[0, 0], [0, 1], [0, 3], [1, 1], [1, 4], [2, 5], [3, 3], [3, 3]]
  724,  [[0, 1], [0, 1], [0, 3], [1, 3], [1, 3], [2, 3], [4, 4], [5, 5]]
  725,  [[0, 1], [0, 1], [0, 3], [1, 1], [1, 3], [3, 3], [4, 4], [5, 5]]
  726,  [[0, 1], [0, 2], [0, 3], [1, 1], [1, 3], [3, 3], [4, 4], [5, 5]]
  727,  [[0, 0], [0, 1], [0, 3], [1, 1], [1, 3], [2, 4], [3, 3], [5, 5]]
  728,  [[0, 1], [0, 3], [0, 3], [1, 1], [1, 1], [3, 3], [3, 4], [5, 5]]
  729,  [[0, 1], [0, 3], [0, 3], [1, 1], [1, 2], [1, 4], [3, 3], [3, 5]]
  730,  [[0, 1], [0, 3], [0, 3], [1, 1], [1, 2], [1, 3], [3, 3], [4, 5]]
  731,  [[0, 3], [0, 3], [0, 3], [1, 1], [1, 1], [1, 1], [3, 3], [4, 5]]
  732,  [[0, 2], [0, 3], [0, 3], [1, 1], [1, 1], [1, 1], [3, 4], [5, 5]]
  733,  [[0, 2], [0, 3], [0, 3], [1, 1], [1, 1], [1, 1], [3, 3], [4, 5]]
  734,  [[0, 1], [0, 3], [0, 3], [1, 1], [1, 1], [1, 2], [3, 3], [4, 4]]
  735,  [[0, 3], [0, 3], [0, 3], [1, 1], [1, 1], [1, 2], [3, 3], [4, 4]]
  736,  [[0, 0], [0, 3], [0, 3], [1, 1], [1, 1], [1, 2], [3, 4], [5, 5]]
  737,  [[0, 0], [0, 3], [0, 3], [1, 1], [1, 1], [1, 2], [3, 3], [4, 5]]
  738,  [[0, 3], [0, 3], [0, 3], [1, 1], [1, 1], [1, 1], [3, 4], [5, 5]]
  739,  [[0, 0], [0, 3], [0, 3], [1, 1], [1, 1], [1, 1], [2, 4], [3, 5]]
  740,  [[0, 3], [0, 3], [0, 3], [1, 1], [1, 1], [1, 1], [2, 4], [3, 3]]
  741,  [[0, 2], [0, 3], [0, 3], [1, 1], [1, 1], [1, 3], [4, 4], [5, 5]]
  742,  [[0, 1], [0, 3], [0, 3], [1, 1], [1, 2], [1, 3], [3, 4], [5, 5]]
  743,  [[0, 0], [0, 3], [0, 3], [1, 1], [1, 2], [1, 3], [4, 4], [5, 5]]
  744,  [[0, 1], [0, 3], [0, 3], [1, 1], [1, 1], [1, 3], [2, 4], [3, 5]]
  745,  [[0, 3], [0, 3], [0, 3], [1, 1], [1, 1], [1, 3], [4, 4], [5, 5]]
  746,  [[0, 0], [0, 3], [0, 3], [1, 1], [1, 1], [1, 3], [2, 4], [5, 5]]
  747,  [[0, 3], [0, 3], [0, 3], [1, 1], [1, 1], [1, 2], [1, 4], [3, 5]]
  748,  [[0, 3], [0, 3], [0, 3], [1, 1], [1, 2], [1, 3], [1, 4], [5, 5]]
  749,  [[0, 3], [0, 3], [0, 3], [1, 1], [1, 1], [1, 3], [1, 4], [2, 5]]
  750,  [[0, 1], [0, 1], [0, 3], [1, 1], [1, 1], [3, 3], [3, 4], [5, 5]]
  751,  [[0, 1], [0, 1], [0, 3], [1, 1], [1, 1], [3, 3], [3, 3], [4, 5]]
  752,  [[0, 1], [0, 2], [0, 3], [1, 1], [1, 1], [3, 3], [3, 4], [5, 5]]
  753,  [[0, 1], [0, 2], [0, 3], [1, 1], [1, 1], [3, 3], [3, 3], [4, 5]]
  754,  [[0, 1], [0, 1], [0, 3], [1, 1], [1, 2], [3, 3], [3, 3], [4, 4]]
  755,  [[0, 0], [0, 1], [0, 3], [1, 1], [1, 2], [3, 3], [3, 4], [5, 5]]
  756,  [[0, 0], [0, 1], [0, 3], [1, 1], [1, 2], [3, 3], [3, 3], [4, 5]]
  757,  [[0, 0], [0, 1], [0, 3], [1, 1], [1, 1], [2, 4], [3, 3], [3, 5]]
  758,  [[0, 1], [0, 1], [0, 3], [1, 1], [1, 1], [2, 4], [3, 3], [3, 3]]
  759,  [[0, 1], [0, 1], [0, 3], [1, 2], [1, 3], [3, 3], [3, 4], [5, 5]]
  760,  [[0, 1], [0, 1], [0, 3], [1, 1], [1, 3], [2, 4], [3, 3], [3, 5]]
  761,  [[0, 1], [0, 2], [0, 3], [1, 3], [1, 3], [1, 3], [4, 4], [5, 5]]
  762,  [[0, 1], [0, 3], [0, 3], [1, 2], [1, 3], [1, 3], [4, 4], [5, 5]]
  763,  [[0, 1], [0, 3], [0, 3], [1, 1], [1, 3], [1, 3], [2, 4], [5, 5]]
  764,  [[0, 0], [0, 1], [0, 3], [1, 3], [1, 3], [1, 3], [2, 4], [5, 5]]
  765,  [[0, 1], [0, 1], [0, 1], [1, 3], [2, 3], [3, 3], [3, 4], [5, 5]]
  766,  [[0, 1], [0, 1], [0, 1], [1, 1], [3, 3], [3, 3], [3, 4], [5, 5]]
  767,  [[0, 1], [0, 1], [0, 2], [1, 1], [3, 3], [3, 3], [3, 4], [5, 5]]
  768,  [[0, 0], [0, 1], [0, 1], [1, 1], [2, 4], [3, 3], [3, 3], [3, 5]]
  769,  [[0, 1], [0, 1], [0, 2], [1, 3], [1, 3], [3, 3], [3, 4], [5, 5]]
  770,  [[0, 0], [0, 1], [0, 1], [1, 3], [1, 3], [3, 3], [4, 4], [5, 5]]
  771,  [[0, 0], [0, 1], [0, 1], [1, 3], [1, 3], [2, 4], [3, 3], [3, 5]]
  772,  [[0, 1], [0, 1], [0, 3], [1, 1], [1, 2], [3, 3], [3, 4], [3, 5]]
  773,  [[0, 1], [0, 3], [0, 3], [1, 1], [1, 1], [1, 2], [3, 4], [3, 5]]
  774,  [[0, 3], [0, 3], [0, 3], [1, 1], [1, 1], [1, 2], [1, 3], [4, 5]]
  775,  [[0, 3], [0, 3], [0, 3], [1, 1], [1, 2], [1, 4], [3, 3], [5, 5]]
  776,  [[0, 3], [0, 3], [0, 3], [1, 1], [1, 1], [1, 4], [2, 5], [3, 3]]
  777,  [[0, 1], [0, 3], [0, 3], [1, 1], [1, 1], [3, 3], [4, 4], [5, 5]]
  778,  [[0, 1], [0, 3], [0, 3], [1, 1], [1, 2], [1, 4], [3, 3], [5, 5]]
  779,  [[0, 1], [0, 3], [0, 3], [1, 1], [1, 1], [1, 4], [2, 5], [3, 3]]
  780,  [[0, 1], [0, 3], [0, 3], [1, 1], [1, 3], [2, 4], [3, 3], [5, 5]]
  781,  [[0, 1], [0, 1], [0, 3], [1, 2], [1, 4], [3, 3], [3, 3], [5, 5]]
  782,  [[0, 1], [0, 1], [0, 3], [1, 1], [1, 4], [2, 5], [3, 3], [3, 3]]
  783,  [[0, 1], [0, 1], [0, 3], [1, 2], [1, 3], [3, 3], [4, 4], [5, 5]]
  784,  [[0, 1], [0, 1], [0, 3], [1, 1], [1, 3], [2, 4], [3, 3], [5, 5]]
  785,  [[0, 1], [0, 3], [0, 3], [1, 1], [1, 2], [3, 3], [3, 4], [5, 5]]
  786,  [[0, 1], [0, 3], [0, 3], [1, 1], [1, 1], [2, 4], [3, 3], [3, 5]]
  787,  [[0, 1], [0, 3], [0, 3], [1, 1], [1, 1], [1, 2], [3, 3], [4, 5]]
  788,  [[0, 3], [0, 3], [0, 3], [1, 1], [1, 1], [1, 2], [3, 3], [4, 5]]
  789,  [[0, 1], [0, 3], [0, 3], [1, 1], [1, 1], [1, 2], [3, 4], [5, 5]]
  790,  [[0, 3], [0, 3], [0, 3], [1, 1], [1, 1], [1, 2], [3, 4], [5, 5]]
  791,  [[0, 3], [0, 3], [0, 3], [1, 1], [1, 1], [1, 1], [2, 4], [3, 5]]
  792,  [[0, 1], [0, 3], [0, 3], [1, 1], [1, 2], [1, 3], [4, 4], [5, 5]]
  793,  [[0, 3], [0, 3], [0, 3], [1, 1], [1, 2], [1, 3], [4, 4], [5, 5]]
  794,  [[0, 1], [0, 3], [0, 3], [1, 1], [1, 1], [1, 3], [2, 4], [5, 5]]
  795,  [[0, 3], [0, 3], [0, 3], [1, 1], [1, 1], [1, 3], [2, 4], [5, 5]]
  796,  [[0, 3], [0, 3], [0, 3], [1, 1], [1, 1], [1, 2], [1, 4], [5, 5]]
  797,  [[0, 1], [0, 1], [0, 3], [1, 1], [1, 2], [3, 3], [3, 4], [5, 5]]
  798,  [[0, 1], [0, 1], [0, 3], [1, 1], [1, 1], [2, 4], [3, 3], [3, 5]]
  799,  [[0, 1], [0, 1], [0, 3], [1, 1], [1, 2], [3, 3], [3, 3], [4, 5]]
  800,  [[0, 1], [0, 1], [0, 1], [1, 3], [2, 3], [3, 3], [4, 4], [5, 5]]
  801,  [[0, 1], [0, 1], [0, 1], [1, 2], [3, 3], [3, 3], [3, 4], [5, 5]]
  802,  [[0, 1], [0, 1], [0, 1], [1, 1], [2, 4], [3, 3], [3, 3], [3, 5]]
  803,  [[0, 1], [0, 1], [0, 2], [1, 3], [1, 3], [3, 3], [4, 4], [5, 5]]
  804,  [[0, 0], [0, 1], [0, 1], [1, 3], [1, 3], [2, 4], [3, 3], [5, 5]]
Total nodes =  805
Total edges =  2211
Goal candidates No. 31
Goal candidates No. 47
Goal candidates No. 50
Goal candidates No. 139
Goal candidates No. 164
True Goal graph No. 259
Goal candidates No. 278
Goal candidates No. 282
Goal candidates No. 285
Goal candidates No. 365
Goal candidates No. 367
Goal candidates No. 369
Goal candidates No. 525
Goal candidates No. 560
Goal candidates No. 566
Goal candidates No. 594
Goal candidates No. 602
Total Goals =  17  and Paths = 12365 

True paths: 45 / 12365 

