Nomber of atoms =  8
Atoms =  ['X', 'X', 'CH3', 'CH3', 'C', 'C', 'H', 'H']
Valence electrons =  [7, 7, 1, 1, 4, 4, 1, 1]
Fixed electrons =  [[0, 0], [0, 0], [0, 0], [1, 1], [1, 1], [1, 1]]
Good initial graph No.0!
Good goal graph!

 Generated No. and Nodes:
    0,  [[0, 4], [1, 6], [2, 4], [3, 5], [4, 5], [4, 5], [5, 7]]
    1,  [[0, 0], [1, 6], [2, 4], [3, 5], [4, 5], [4, 5], [4, 7]]
    2,  [[0, 0], [1, 4], [2, 4], [3, 5], [4, 5], [4, 5], [5, 6]]
    3,  [[0, 4], [1, 6], [2, 5], [4, 4], [4, 5], [4, 5], [5, 7]]
    4,  [[0, 4], [1, 6], [2, 4], [4, 5], [4, 5], [5, 5], [5, 7]]
    5,  [[0, 4], [1, 6], [2, 4], [3, 5], [4, 4], [4, 5], [5, 7]]
    6,  [[0, 4], [1, 6], [2, 4], [3, 5], [4, 5], [5, 5], [5, 7]]
    7,  [[0, 4], [1, 6], [2, 4], [3, 5], [4, 5], [4, 5], [5, 5]]
    8,  [[0, 4], [1, 6], [2, 4], [3, 5], [4, 5], [4, 5], [7, 7]]
    9,  [[0, 0], [1, 1], [2, 4], [3, 5], [4, 5], [4, 5], [4, 6]]
   10,  [[0, 0], [1, 6], [2, 4], [4, 5], [4, 5], [5, 5], [5, 7]]
   11,  [[0, 0], [1, 6], [2, 4], [4, 5], [4, 5], [4, 7], [5, 5]]
   12,  [[0, 0], [1, 6], [2, 4], [3, 5], [4, 4], [4, 5], [5, 7]]
   13,  [[0, 0], [1, 6], [2, 4], [3, 5], [4, 4], [4, 5], [4, 5]]
   14,  [[0, 0], [1, 6], [2, 4], [3, 5], [4, 5], [4, 5], [7, 7]]
   15,  [[0, 0], [1, 4], [2, 5], [4, 4], [4, 5], [4, 5], [5, 6]]
   16,  [[0, 0], [1, 4], [2, 4], [4, 5], [4, 5], [5, 5], [5, 6]]
   17,  [[0, 0], [1, 4], [2, 4], [3, 5], [4, 4], [4, 5], [5, 6]]
   18,  [[0, 0], [1, 4], [2, 4], [3, 5], [4, 5], [5, 5], [5, 6]]
   19,  [[0, 0], [1, 4], [2, 4], [3, 5], [4, 5], [4, 5], [5, 5]]
   20,  [[0, 0], [1, 4], [2, 4], [3, 5], [4, 5], [4, 5], [6, 6]]
   21,  [[0, 4], [1, 6], [4, 4], [4, 5], [4, 5], [5, 5], [5, 7]]
   22,  [[0, 4], [1, 6], [2, 5], [4, 4], [4, 5], [5, 5], [5, 7]]
   23,  [[0, 4], [1, 6], [2, 5], [4, 4], [4, 5], [4, 5], [5, 5]]
   24,  [[0, 4], [1, 6], [2, 5], [4, 4], [4, 5], [4, 5], [7, 7]]
   25,  [[0, 4], [1, 6], [2, 4], [4, 4], [4, 5], [5, 5], [5, 7]]
   26,  [[0, 4], [1, 6], [2, 4], [4, 5], [4, 5], [5, 5], [7, 7]]
   27,  [[0, 4], [1, 6], [2, 4], [3, 5], [4, 4], [5, 5], [5, 7]]
   28,  [[0, 4], [1, 6], [2, 4], [3, 5], [4, 4], [4, 5], [5, 5]]
   29,  [[0, 4], [1, 6], [2, 4], [3, 5], [4, 5], [5, 5], [7, 7]]
   30,  [[0, 0], [1, 1], [2, 4], [4, 5], [4, 5], [4, 6], [5, 5]]
   31,  [[0, 0], [1, 1], [2, 4], [3, 5], [4, 4], [4, 5], [5, 6]]
   32,  [[0, 2], [1, 6], [3, 4], [4, 5], [4, 5], [5, 5], [5, 7]]
   33,  [[0, 0], [1, 6], [4, 4], [4, 5], [4, 5], [4, 7], [5, 5]]
   34,  [[0, 0], [1, 6], [2, 4], [4, 4], [4, 5], [5, 5], [5, 7]]
   35,  [[0, 0], [1, 6], [2, 4], [4, 5], [4, 5], [4, 5], [5, 7]]
   36,  [[0, 0], [1, 6], [2, 4], [4, 5], [4, 5], [5, 5], [7, 7]]
   37,  [[0, 2], [1, 6], [3, 4], [4, 5], [4, 5], [4, 7], [5, 5]]
   38,  [[0, 0], [1, 6], [2, 4], [4, 5], [4, 7], [5, 5], [5, 5]]
   39,  [[0, 0], [1, 6], [2, 4], [4, 4], [4, 5], [4, 5], [5, 5]]
   40,  [[0, 4], [1, 6], [2, 4], [3, 5], [4, 5], [4, 7], [5, 5]]
   41,  [[0, 0], [1, 6], [2, 4], [3, 5], [4, 4], [4, 5], [5, 5]]
   42,  [[0, 6], [1, 7], [2, 4], [3, 5], [4, 4], [4, 5], [4, 5]]
   43,  [[0, 0], [1, 6], [2, 4], [3, 5], [4, 5], [4, 5], [4, 5]]
   44,  [[0, 2], [1, 4], [3, 5], [4, 4], [4, 5], [4, 5], [5, 6]]
   45,  [[0, 0], [1, 4], [2, 5], [4, 5], [4, 5], [4, 6], [5, 7]]
   46,  [[0, 0], [1, 4], [2, 5], [4, 4], [4, 5], [5, 5], [5, 6]]
   47,  [[0, 2], [1, 4], [3, 4], [4, 5], [4, 5], [5, 5], [5, 6]]
   48,  [[0, 0], [1, 4], [2, 4], [4, 4], [4, 5], [5, 5], [5, 6]]
   49,  [[0, 0], [1, 4], [2, 4], [4, 5], [4, 5], [5, 6], [5, 7]]
   50,  [[0, 0], [1, 4], [2, 4], [4, 5], [4, 5], [5, 5], [6, 6]]
   51,  [[0, 4], [1, 5], [2, 4], [3, 5], [4, 4], [4, 5], [5, 6]]
   52,  [[0, 0], [1, 4], [2, 4], [3, 5], [4, 5], [4, 6], [5, 7]]
   53,  [[0, 0], [1, 4], [2, 4], [3, 5], [4, 4], [5, 5], [5, 6]]
   54,  [[0, 0], [1, 4], [2, 4], [3, 5], [4, 4], [4, 5], [5, 5]]
   55,  [[0, 4], [1, 4], [2, 4], [3, 5], [4, 5], [5, 5], [5, 6]]
   56,  [[0, 0], [1, 4], [2, 4], [3, 5], [4, 5], [5, 6], [5, 7]]
   57,  [[0, 0], [1, 4], [2, 4], [3, 5], [4, 5], [5, 5], [6, 6]]
   58,  [[0, 4], [1, 5], [2, 4], [3, 5], [4, 5], [4, 5], [6, 6]]
   59,  [[0, 0], [1, 4], [2, 4], [3, 5], [4, 5], [4, 5], [6, 7]]
   60,  [[0, 4], [1, 6], [4, 4], [4, 5], [4, 5], [5, 5], [7, 7]]
   61,  [[0, 4], [1, 6], [2, 5], [4, 4], [4, 4], [5, 5], [5, 7]]
   62,  [[0, 4], [1, 6], [2, 5], [3, 5], [4, 4], [4, 5], [5, 7]]
   63,  [[0, 4], [1, 6], [2, 5], [4, 4], [4, 5], [5, 5], [7, 7]]
   64,  [[0, 4], [1, 6], [2, 5], [4, 5], [4, 5], [4, 7], [5, 5]]
   65,  [[0, 4], [1, 6], [2, 5], [3, 5], [4, 4], [4, 5], [4, 5]]
   66,  [[0, 4], [1, 6], [2, 5], [4, 5], [4, 5], [4, 5], [7, 7]]
   67,  [[0, 4], [1, 6], [2, 5], [3, 7], [4, 4], [4, 5], [4, 5]]
   68,  [[0, 4], [1, 6], [2, 4], [3, 4], [4, 5], [5, 5], [5, 7]]
   69,  [[0, 4], [1, 6], [2, 4], [4, 4], [5, 5], [5, 5], [5, 7]]
   70,  [[0, 4], [1, 6], [2, 4], [4, 4], [4, 5], [5, 5], [5, 5]]
   71,  [[0, 4], [1, 6], [2, 4], [4, 5], [5, 5], [5, 5], [7, 7]]
   72,  [[0, 4], [1, 6], [2, 4], [3, 7], [4, 5], [4, 5], [5, 5]]
   73,  [[0, 4], [1, 6], [2, 4], [3, 5], [4, 4], [5, 5], [5, 5]]
   74,  [[0, 0], [1, 2], [3, 4], [4, 5], [4, 5], [4, 6], [5, 5]]
   75,  [[0, 0], [1, 1], [2, 4], [4, 5], [4, 5], [4, 6], [5, 7]]
   76,  [[0, 0], [1, 4], [2, 4], [3, 5], [4, 5], [4, 6], [5, 5]]
   77,  [[0, 0], [1, 1], [2, 4], [4, 4], [4, 5], [5, 5], [5, 6]]
   78,  [[0, 0], [1, 1], [2, 4], [3, 5], [4, 5], [4, 6], [5, 7]]
   79,  [[0, 0], [1, 1], [2, 4], [3, 5], [4, 4], [4, 5], [5, 5]]
   80,  [[0, 0], [1, 2], [3, 4], [4, 5], [4, 5], [5, 5], [5, 6]]
   81,  [[0, 2], [1, 6], [4, 4], [4, 5], [4, 5], [4, 7], [5, 5]]
   82,  [[0, 2], [1, 6], [3, 4], [4, 4], [4, 5], [5, 5], [5, 7]]
   83,  [[0, 2], [1, 6], [3, 4], [4, 5], [4, 5], [4, 5], [5, 7]]
   84,  [[0, 2], [1, 6], [3, 4], [4, 5], [4, 5], [5, 5], [7, 7]]
   85,  [[0, 0], [1, 6], [4, 4], [4, 5], [4, 5], [4, 5], [5, 7]]
   86,  [[0, 0], [1, 6], [4, 4], [4, 4], [4, 5], [5, 5], [5, 7]]
   87,  [[0, 0], [1, 6], [4, 4], [4, 5], [4, 5], [5, 5], [7, 7]]
   88,  [[0, 4], [1, 6], [2, 5], [4, 4], [4, 5], [4, 7], [5, 5]]
   89,  [[0, 0], [1, 6], [2, 4], [3, 4], [4, 5], [5, 5], [5, 7]]
   90,  [[0, 0], [1, 6], [2, 4], [4, 4], [4, 5], [4, 5], [5, 7]]
   91,  [[0, 0], [1, 6], [2, 4], [4, 4], [4, 5], [5, 5], [5, 5]]
   92,  [[0, 0], [1, 1], [2, 4], [4, 5], [4, 5], [4, 5], [5, 6]]
   93,  [[0, 0], [1, 6], [2, 4], [4, 5], [4, 5], [4, 5], [5, 5]]
   94,  [[0, 0], [1, 6], [2, 4], [4, 5], [4, 5], [4, 5], [7, 7]]
   95,  [[0, 0], [1, 6], [2, 4], [3, 7], [4, 5], [4, 5], [5, 5]]
   96,  [[0, 2], [1, 6], [3, 4], [4, 5], [4, 7], [5, 5], [5, 5]]
   97,  [[0, 2], [1, 6], [3, 4], [4, 4], [4, 5], [4, 5], [5, 5]]
   98,  [[0, 4], [1, 6], [2, 4], [4, 5], [4, 7], [5, 5], [5, 5]]
   99,  [[0, 6], [1, 7], [2, 4], [4, 4], [4, 5], [4, 5], [5, 5]]
  100,  [[0, 0], [1, 6], [2, 4], [3, 4], [4, 5], [4, 5], [5, 5]]
  101,  [[0, 4], [1, 6], [2, 4], [3, 5], [4, 7], [5, 5], [5, 5]]
  102,  [[0, 6], [1, 7], [2, 4], [3, 5], [4, 4], [4, 5], [5, 5]]
  103,  [[0, 6], [1, 7], [2, 4], [3, 5], [4, 5], [4, 5], [4, 5]]
  104,  [[0, 0], [1, 1], [2, 4], [3, 5], [4, 5], [4, 5], [4, 5]]
  105,  [[0, 2], [1, 4], [4, 4], [4, 5], [4, 5], [5, 5], [5, 6]]
  106,  [[0, 2], [1, 4], [3, 5], [4, 5], [4, 5], [4, 6], [5, 7]]
  107,  [[0, 2], [1, 4], [3, 5], [4, 4], [4, 5], [5, 5], [5, 6]]
  108,  [[0, 2], [1, 4], [3, 5], [4, 4], [4, 5], [4, 5], [5, 5]]
  109,  [[0, 2], [1, 4], [3, 5], [4, 4], [4, 5], [4, 5], [6, 6]]
  110,  [[0, 0], [1, 4], [4, 5], [4, 5], [4, 6], [5, 5], [5, 7]]
  111,  [[0, 0], [1, 4], [2, 5], [4, 4], [4, 5], [4, 6], [5, 7]]
  112,  [[0, 0], [1, 4], [2, 5], [4, 5], [4, 6], [5, 5], [5, 7]]
  113,  [[0, 0], [1, 4], [2, 5], [4, 5], [4, 5], [5, 6], [7, 7]]
  114,  [[0, 0], [1, 4], [2, 5], [4, 5], [4, 5], [4, 6], [5, 5]]
  115,  [[0, 0], [1, 4], [2, 5], [4, 5], [4, 5], [4, 6], [7, 7]]
  116,  [[0, 4], [1, 4], [2, 5], [4, 4], [4, 5], [5, 5], [5, 6]]
  117,  [[0, 0], [1, 4], [2, 5], [4, 4], [4, 4], [5, 5], [5, 6]]
  118,  [[0, 0], [1, 4], [2, 5], [3, 5], [4, 4], [4, 5], [5, 6]]
  119,  [[0, 0], [1, 4], [2, 5], [4, 4], [4, 5], [5, 6], [5, 7]]
  120,  [[0, 0], [1, 4], [2, 5], [4, 4], [4, 5], [5, 5], [6, 6]]
  121,  [[0, 2], [1, 4], [3, 4], [4, 4], [4, 5], [5, 5], [5, 6]]
  122,  [[0, 2], [1, 4], [3, 4], [4, 5], [4, 5], [5, 6], [5, 7]]
  123,  [[0, 2], [1, 4], [3, 4], [4, 5], [4, 5], [5, 5], [6, 6]]
  124,  [[0, 4], [1, 5], [2, 4], [4, 4], [4, 5], [5, 5], [5, 6]]
  125,  [[0, 0], [1, 4], [2, 4], [3, 4], [4, 5], [5, 5], [5, 6]]
  126,  [[0, 0], [1, 4], [2, 4], [4, 5], [4, 6], [5, 5], [5, 7]]
  127,  [[0, 0], [1, 4], [2, 4], [4, 4], [5, 5], [5, 5], [5, 6]]
  128,  [[0, 0], [1, 4], [2, 4], [4, 4], [4, 5], [5, 6], [5, 7]]
  129,  [[0, 0], [1, 1], [2, 4], [4, 5], [4, 5], [5, 6], [5, 7]]
  130,  [[0, 0], [1, 4], [4, 4], [4, 5], [4, 5], [5, 6], [5, 7]]
  131,  [[0, 0], [1, 4], [2, 4], [4, 5], [5, 5], [5, 6], [5, 7]]
  132,  [[0, 0], [1, 4], [2, 4], [4, 5], [4, 5], [5, 6], [7, 7]]
  133,  [[0, 4], [1, 5], [2, 4], [4, 5], [4, 5], [5, 5], [6, 6]]
  134,  [[0, 0], [1, 4], [2, 4], [3, 6], [4, 5], [4, 5], [5, 5]]
  135,  [[0, 0], [1, 4], [2, 4], [4, 5], [4, 5], [5, 5], [6, 7]]
  136,  [[0, 4], [1, 5], [2, 4], [3, 5], [4, 5], [4, 6], [5, 7]]
  137,  [[0, 4], [1, 5], [2, 4], [3, 5], [4, 4], [4, 6], [5, 5]]
  138,  [[0, 4], [1, 5], [2, 4], [3, 5], [4, 4], [4, 5], [5, 5]]
  139,  [[0, 4], [1, 5], [2, 4], [3, 5], [4, 4], [4, 5], [6, 6]]
  140,  [[0, 0], [1, 4], [2, 4], [3, 5], [4, 6], [5, 5], [5, 7]]
  141,  [[0, 0], [1, 4], [2, 4], [3, 5], [4, 5], [5, 6], [7, 7]]
  142,  [[0, 4], [1, 4], [2, 4], [3, 5], [4, 4], [5, 5], [5, 6]]
  143,  [[0, 0], [1, 4], [2, 4], [3, 5], [4, 4], [5, 6], [5, 7]]
  144,  [[0, 0], [1, 4], [2, 4], [3, 5], [4, 4], [5, 5], [5, 5]]
  145,  [[0, 4], [1, 4], [2, 4], [3, 5], [4, 5], [5, 6], [5, 7]]
  146,  [[0, 4], [1, 4], [2, 4], [3, 5], [4, 5], [5, 5], [6, 6]]
  147,  [[0, 0], [1, 4], [2, 4], [3, 5], [4, 5], [5, 5], [6, 7]]
  148,  [[0, 4], [1, 5], [2, 4], [3, 5], [4, 5], [4, 5], [6, 7]]
  149,  [[0, 0], [1, 1], [2, 4], [3, 5], [4, 5], [4, 5], [6, 7]]
  150,  [[0, 0], [1, 4], [2, 5], [4, 4], [4, 5], [4, 5], [6, 7]]
  151,  [[0, 4], [1, 6], [4, 5], [4, 5], [4, 5], [5, 5], [7, 7]]
  152,  [[0, 4], [1, 6], [4, 4], [4, 5], [5, 5], [5, 5], [7, 7]]
  153,  [[0, 4], [1, 6], [2, 7], [4, 4], [4, 5], [4, 5], [5, 5]]
  154,  [[0, 4], [1, 6], [4, 4], [4, 4], [5, 5], [5, 5], [5, 7]]
  155,  [[0, 4], [1, 6], [2, 5], [3, 5], [4, 4], [4, 4], [5, 7]]
  156,  [[0, 4], [1, 6], [2, 5], [4, 4], [4, 4], [5, 5], [5, 5]]
  157,  [[0, 4], [1, 6], [2, 5], [3, 5], [4, 4], [4, 5], [5, 5]]
  158,  [[0, 4], [1, 6], [2, 5], [3, 5], [4, 4], [4, 5], [7, 7]]
  159,  [[0, 4], [1, 6], [2, 5], [4, 5], [4, 5], [5, 5], [7, 7]]
  160,  [[0, 4], [1, 6], [2, 5], [3, 7], [4, 4], [4, 5], [5, 5]]
  161,  [[0, 4], [1, 6], [2, 5], [3, 5], [4, 5], [4, 5], [4, 7]]
  162,  [[0, 0], [1, 4], [2, 5], [3, 5], [4, 4], [4, 5], [4, 5]]
  163,  [[0, 0], [1, 4], [2, 5], [4, 5], [4, 5], [4, 5], [6, 6]]
  164,  [[0, 4], [1, 6], [2, 5], [3, 7], [4, 5], [4, 5], [4, 5]]
  165,  [[0, 0], [1, 4], [2, 5], [3, 6], [4, 4], [4, 5], [4, 5]]
  166,  [[0, 4], [1, 6], [2, 4], [3, 4], [5, 5], [5, 5], [5, 7]]
  167,  [[0, 4], [1, 6], [2, 4], [3, 4], [4, 5], [5, 5], [5, 5]]
  168,  [[0, 4], [1, 6], [2, 4], [3, 7], [4, 5], [5, 5], [5, 5]]
  169,  [[0, 0], [1, 2], [4, 4], [4, 5], [4, 5], [4, 6], [5, 5]]
  170,  [[0, 0], [1, 2], [3, 4], [4, 5], [4, 6], [5, 5], [5, 5]]
  171,  [[0, 0], [1, 2], [3, 4], [4, 4], [4, 5], [4, 5], [5, 5]]
  172,  [[0, 0], [1, 2], [3, 4], [4, 5], [4, 5], [5, 5], [6, 6]]
  173,  [[0, 0], [1, 2], [3, 4], [4, 5], [4, 5], [4, 6], [5, 7]]
  174,  [[0, 0], [1, 1], [2, 4], [4, 5], [4, 6], [5, 5], [5, 7]]
  175,  [[0, 0], [1, 4], [2, 5], [4, 4], [4, 5], [4, 6], [5, 5]]
  176,  [[0, 0], [1, 4], [2, 4], [4, 5], [4, 6], [5, 5], [5, 5]]
  177,  [[0, 0], [1, 4], [2, 4], [3, 5], [4, 6], [5, 5], [5, 5]]
  178,  [[0, 0], [1, 2], [3, 4], [4, 4], [4, 5], [5, 5], [5, 6]]
  179,  [[0, 0], [1, 1], [2, 4], [3, 4], [4, 5], [5, 5], [5, 6]]
  180,  [[0, 0], [1, 1], [2, 4], [4, 4], [4, 5], [5, 6], [5, 7]]
  181,  [[0, 0], [1, 2], [3, 4], [4, 5], [4, 5], [4, 5], [5, 6]]
  182,  [[0, 0], [1, 2], [3, 4], [4, 5], [4, 5], [5, 6], [5, 7]]
  183,  [[0, 2], [1, 6], [4, 4], [4, 5], [4, 5], [4, 5], [5, 7]]
  184,  [[0, 2], [1, 6], [4, 4], [4, 4], [4, 5], [5, 5], [5, 7]]
  185,  [[0, 2], [1, 6], [4, 4], [4, 5], [4, 5], [5, 5], [7, 7]]
  186,  [[0, 2], [1, 6], [3, 4], [4, 4], [4, 5], [4, 5], [5, 7]]
  187,  [[0, 2], [1, 6], [3, 4], [4, 4], [4, 5], [5, 5], [5, 5]]
  188,  [[0, 2], [1, 6], [3, 4], [4, 5], [4, 5], [4, 5], [5, 5]]
  189,  [[0, 2], [1, 6], [3, 4], [4, 5], [4, 5], [4, 5], [7, 7]]
  190,  [[0, 4], [1, 6], [4, 4], [4, 5], [4, 7], [5, 5], [5, 5]]
  191,  [[0, 0], [1, 6], [2, 7], [4, 4], [4, 5], [4, 5], [5, 5]]
  192,  [[0, 4], [1, 6], [2, 5], [4, 4], [4, 7], [5, 5], [5, 5]]
  193,  [[0, 4], [1, 6], [2, 5], [3, 5], [4, 4], [4, 5], [4, 7]]
  194,  [[0, 0], [1, 6], [2, 4], [3, 4], [4, 5], [4, 5], [5, 7]]
  195,  [[0, 0], [1, 6], [2, 4], [3, 4], [4, 5], [5, 5], [5, 5]]
  196,  [[0, 6], [1, 7], [2, 4], [4, 4], [4, 5], [5, 5], [5, 5]]
  197,  [[0, 6], [1, 7], [2, 4], [4, 5], [4, 5], [4, 5], [5, 5]]
  198,  [[0, 0], [1, 6], [2, 4], [3, 7], [4, 5], [4, 5], [4, 5]]
  199,  [[0, 0], [1, 1], [2, 4], [3, 6], [4, 5], [4, 5], [5, 5]]
  200,  [[0, 6], [1, 7], [2, 4], [3, 4], [4, 5], [4, 5], [5, 5]]
  201,  [[0, 0], [1, 1], [2, 4], [3, 4], [4, 5], [4, 5], [5, 5]]
  202,  [[0, 2], [1, 4], [4, 5], [4, 5], [4, 6], [5, 5], [5, 7]]
  203,  [[0, 2], [1, 4], [4, 4], [4, 5], [4, 5], [5, 6], [5, 7]]
  204,  [[0, 2], [1, 4], [4, 4], [4, 5], [4, 5], [5, 5], [6, 6]]
  205,  [[0, 2], [1, 4], [3, 5], [4, 4], [4, 5], [4, 6], [5, 7]]
  206,  [[0, 2], [1, 4], [3, 5], [4, 5], [4, 6], [5, 5], [5, 7]]
  207,  [[0, 2], [1, 4], [3, 5], [4, 5], [4, 5], [5, 6], [7, 7]]
  208,  [[0, 2], [1, 4], [3, 5], [4, 5], [4, 5], [4, 6], [5, 5]]
  209,  [[0, 2], [1, 4], [3, 5], [4, 5], [4, 5], [4, 6], [7, 7]]
  210,  [[0, 2], [1, 4], [3, 5], [4, 4], [4, 4], [5, 5], [5, 6]]
  211,  [[0, 2], [1, 4], [3, 5], [4, 4], [4, 5], [5, 6], [5, 7]]
  212,  [[0, 2], [1, 4], [3, 5], [4, 4], [4, 5], [5, 5], [6, 6]]
  213,  [[0, 2], [1, 4], [3, 5], [4, 5], [4, 5], [4, 5], [6, 6]]
  214,  [[0, 2], [1, 4], [3, 5], [4, 4], [4, 5], [4, 5], [6, 7]]
  215,  [[0, 0], [1, 4], [4, 4], [4, 5], [4, 6], [5, 5], [5, 7]]
  216,  [[0, 0], [1, 4], [4, 5], [4, 5], [4, 6], [5, 5], [7, 7]]
  217,  [[0, 4], [1, 5], [2, 4], [4, 5], [4, 6], [5, 5], [5, 7]]
  218,  [[0, 0], [1, 4], [2, 5], [4, 4], [4, 6], [5, 5], [5, 7]]
  219,  [[0, 0], [1, 4], [2, 5], [4, 4], [4, 5], [5, 6], [7, 7]]
  220,  [[0, 4], [1, 4], [2, 5], [4, 5], [4, 6], [5, 5], [5, 7]]
  221,  [[0, 0], [1, 4], [2, 5], [3, 5], [4, 5], [4, 6], [5, 7]]
  222,  [[0, 0], [1, 4], [2, 5], [4, 5], [4, 6], [5, 5], [7, 7]]
  223,  [[0, 4], [1, 4], [2, 5], [4, 5], [4, 5], [5, 6], [7, 7]]
  224,  [[0, 0], [1, 4], [2, 5], [3, 6], [4, 5], [4, 5], [5, 7]]
  225,  [[0, 0], [1, 4], [2, 5], [3, 5], [4, 5], [4, 5], [4, 6]]
  226,  [[0, 4], [1, 5], [2, 4], [4, 5], [4, 5], [5, 6], [7, 7]]
  227,  [[0, 0], [1, 4], [2, 5], [3, 6], [4, 5], [4, 5], [4, 7]]
  228,  [[0, 4], [1, 4], [2, 5], [3, 5], [4, 4], [4, 5], [5, 6]]
  229,  [[0, 4], [1, 4], [2, 5], [4, 4], [4, 5], [5, 6], [5, 7]]
  230,  [[0, 4], [1, 4], [2, 5], [4, 4], [4, 5], [5, 5], [6, 6]]
  231,  [[0, 4], [1, 5], [2, 4], [4, 4], [4, 6], [5, 5], [5, 5]]
  232,  [[0, 0], [1, 4], [2, 5], [3, 5], [4, 4], [4, 4], [5, 6]]
  233,  [[0, 0], [1, 4], [2, 5], [4, 4], [4, 4], [5, 6], [5, 7]]
  234,  [[0, 0], [1, 4], [2, 5], [3, 5], [4, 4], [4, 5], [5, 5]]
  235,  [[0, 0], [1, 4], [2, 5], [3, 5], [4, 4], [4, 5], [6, 6]]
  236,  [[0, 0], [1, 4], [4, 4], [4, 5], [5, 5], [5, 6], [5, 7]]
  237,  [[0, 4], [1, 5], [2, 4], [4, 4], [4, 5], [5, 5], [6, 6]]
  238,  [[0, 0], [1, 4], [2, 5], [3, 6], [4, 4], [4, 5], [5, 5]]
  239,  [[0, 0], [1, 4], [2, 5], [4, 4], [4, 5], [5, 5], [6, 7]]
  240,  [[0, 2], [1, 4], [3, 4], [4, 5], [4, 6], [5, 5], [5, 7]]
  241,  [[0, 2], [1, 4], [3, 4], [4, 4], [5, 5], [5, 5], [5, 6]]
  242,  [[0, 2], [1, 4], [3, 4], [4, 4], [4, 5], [5, 6], [5, 7]]
  243,  [[0, 2], [1, 4], [3, 4], [4, 4], [4, 5], [5, 5], [5, 5]]
  244,  [[0, 2], [1, 4], [3, 4], [4, 5], [5, 5], [5, 6], [5, 7]]
  245,  [[0, 2], [1, 4], [3, 4], [4, 5], [4, 5], [5, 6], [7, 7]]
  246,  [[0, 2], [1, 4], [3, 4], [4, 5], [5, 5], [5, 5], [6, 6]]
  247,  [[0, 2], [1, 4], [3, 4], [4, 5], [4, 5], [5, 5], [6, 7]]
  248,  [[0, 4], [1, 5], [2, 4], [3, 4], [4, 5], [5, 5], [5, 6]]
  249,  [[0, 4], [1, 5], [2, 4], [4, 4], [4, 5], [5, 6], [5, 7]]
  250,  [[0, 0], [1, 4], [2, 4], [3, 4], [5, 5], [5, 5], [5, 6]]
  251,  [[0, 0], [1, 4], [2, 4], [3, 4], [4, 5], [5, 6], [5, 7]]
  252,  [[0, 0], [1, 4], [2, 4], [3, 4], [4, 5], [5, 5], [5, 5]]
  253,  [[0, 0], [1, 4], [2, 4], [4, 6], [5, 5], [5, 5], [5, 7]]
  254,  [[0, 0], [1, 4], [2, 4], [4, 5], [5, 5], [5, 6], [7, 7]]
  255,  [[0, 4], [1, 4], [2, 4], [4, 4], [5, 5], [5, 5], [5, 6]]
  256,  [[0, 0], [1, 4], [2, 4], [4, 4], [5, 5], [5, 6], [5, 7]]
  257,  [[0, 0], [1, 1], [4, 4], [4, 5], [4, 5], [5, 6], [5, 7]]
  258,  [[0, 4], [1, 4], [2, 4], [4, 5], [5, 5], [5, 6], [5, 7]]
  259,  [[0, 0], [1, 4], [2, 4], [3, 6], [4, 5], [4, 5], [5, 7]]
  260,  [[0, 4], [1, 5], [2, 4], [3, 6], [4, 5], [4, 5], [5, 5]]
  261,  [[0, 4], [1, 5], [2, 4], [4, 5], [4, 5], [5, 5], [6, 7]]
  262,  [[0, 0], [1, 4], [2, 6], [4, 4], [4, 5], [4, 5], [5, 5]]
  263,  [[0, 0], [1, 4], [2, 4], [3, 6], [4, 5], [5, 5], [5, 5]]
  264,  [[0, 0], [1, 1], [2, 4], [4, 5], [4, 5], [5, 5], [6, 7]]
  265,  [[0, 0], [1, 4], [4, 4], [4, 5], [4, 5], [5, 5], [6, 7]]
  266,  [[0, 0], [1, 4], [2, 4], [4, 5], [5, 5], [5, 5], [6, 7]]
  267,  [[0, 4], [1, 5], [2, 4], [3, 5], [4, 4], [4, 6], [5, 7]]
  268,  [[0, 4], [1, 5], [2, 4], [3, 5], [4, 5], [4, 6], [7, 7]]
  269,  [[0, 4], [1, 5], [2, 4], [3, 5], [4, 4], [5, 6], [5, 7]]
  270,  [[0, 4], [1, 5], [2, 4], [3, 5], [4, 4], [5, 5], [6, 6]]
  271,  [[0, 4], [1, 5], [2, 4], [3, 5], [4, 4], [4, 5], [6, 7]]
  272,  [[0, 4], [1, 4], [2, 4], [3, 5], [4, 6], [5, 5], [5, 7]]
  273,  [[0, 4], [1, 4], [2, 4], [3, 5], [4, 5], [5, 6], [7, 7]]
  274,  [[0, 4], [1, 4], [2, 4], [3, 5], [4, 4], [5, 6], [5, 7]]
  275,  [[0, 4], [1, 4], [2, 4], [3, 5], [4, 4], [5, 5], [5, 5]]
  276,  [[0, 4], [1, 4], [2, 4], [3, 5], [5, 5], [5, 6], [5, 7]]
  277,  [[0, 4], [1, 4], [2, 4], [4, 5], [5, 5], [5, 5], [6, 6]]
  278,  [[0, 4], [1, 4], [2, 4], [3, 5], [5, 5], [5, 5], [6, 6]]
  279,  [[0, 4], [1, 4], [2, 4], [3, 5], [4, 5], [5, 5], [6, 7]]
  280,  [[0, 0], [1, 4], [2, 5], [4, 5], [4, 5], [4, 5], [6, 7]]
  281,  [[0, 4], [1, 6], [2, 7], [4, 5], [4, 5], [4, 5], [5, 5]]
  282,  [[0, 4], [1, 6], [2, 7], [4, 4], [4, 5], [5, 5], [5, 5]]
  283,  [[0, 4], [1, 6], [2, 5], [3, 5], [4, 4], [4, 4], [5, 5]]
  284,  [[0, 4], [1, 6], [2, 5], [3, 5], [4, 5], [4, 7], [5, 5]]
  285,  [[0, 4], [1, 6], [2, 5], [3, 5], [4, 5], [4, 5], [7, 7]]
  286,  [[0, 4], [1, 6], [2, 5], [3, 7], [4, 5], [4, 5], [5, 5]]
  287,  [[0, 0], [1, 4], [2, 5], [3, 6], [4, 5], [4, 5], [4, 5]]
  288,  [[0, 2], [1, 3], [4, 4], [4, 5], [4, 5], [4, 6], [5, 5]]
  289,  [[0, 0], [1, 2], [4, 4], [4, 5], [4, 5], [4, 5], [5, 6]]
  290,  [[0, 0], [1, 2], [4, 4], [4, 5], [4, 5], [5, 6], [5, 7]]
  291,  [[0, 0], [1, 2], [4, 4], [4, 4], [4, 5], [5, 5], [5, 6]]
  292,  [[0, 0], [1, 2], [4, 4], [4, 5], [4, 5], [5, 5], [6, 6]]
  293,  [[0, 0], [1, 2], [4, 4], [4, 5], [4, 5], [4, 6], [5, 7]]
  294,  [[0, 2], [1, 4], [3, 4], [4, 5], [4, 6], [5, 5], [5, 5]]
  295,  [[0, 0], [1, 2], [3, 4], [4, 4], [4, 5], [5, 5], [5, 5]]
  296,  [[0, 0], [1, 2], [3, 4], [4, 5], [4, 6], [5, 5], [5, 7]]
  297,  [[0, 0], [1, 2], [3, 4], [4, 5], [4, 5], [4, 5], [5, 5]]
  298,  [[0, 0], [1, 2], [3, 4], [4, 4], [4, 5], [4, 5], [5, 6]]
  299,  [[0, 0], [1, 2], [3, 4], [4, 5], [4, 5], [4, 5], [6, 6]]
  300,  [[0, 0], [1, 2], [3, 4], [4, 5], [4, 5], [5, 6], [7, 7]]
  301,  [[0, 0], [1, 2], [3, 4], [4, 5], [4, 5], [5, 5], [6, 7]]
  302,  [[0, 0], [1, 1], [4, 4], [4, 5], [4, 6], [5, 5], [5, 7]]
  303,  [[0, 2], [1, 4], [3, 5], [4, 4], [4, 5], [4, 6], [5, 5]]
  304,  [[0, 0], [1, 4], [2, 5], [4, 5], [4, 6], [4, 7], [5, 5]]
  305,  [[0, 0], [1, 4], [2, 5], [4, 4], [4, 6], [5, 5], [5, 5]]
  306,  [[0, 0], [1, 4], [2, 5], [3, 5], [4, 4], [4, 5], [4, 6]]
  307,  [[0, 4], [1, 4], [2, 4], [3, 5], [4, 6], [5, 5], [5, 5]]
  308,  [[0, 0], [1, 2], [3, 4], [4, 4], [4, 5], [5, 6], [5, 7]]
  309,  [[0, 0], [1, 1], [2, 4], [3, 4], [4, 5], [4, 5], [5, 6]]
  310,  [[0, 0], [1, 1], [2, 4], [3, 4], [4, 5], [5, 6], [5, 7]]
  311,  [[0, 2], [1, 6], [4, 4], [4, 5], [4, 5], [4, 5], [5, 5]]
  312,  [[0, 2], [1, 6], [4, 4], [4, 5], [4, 5], [4, 5], [7, 7]]
  313,  [[0, 2], [1, 6], [4, 4], [4, 4], [4, 5], [5, 5], [5, 5]]
  314,  [[0, 2], [1, 6], [3, 7], [4, 4], [4, 5], [4, 5], [5, 5]]
  315,  [[0, 0], [1, 1], [2, 6], [4, 4], [4, 5], [4, 5], [5, 5]]
  316,  [[0, 0], [1, 6], [2, 7], [4, 4], [4, 5], [4, 5], [4, 5]]
  317,  [[0, 4], [1, 6], [2, 5], [3, 5], [4, 4], [4, 7], [5, 5]]
  318,  [[0, 6], [1, 7], [2, 4], [3, 4], [4, 5], [5, 5], [5, 5]]
  319,  [[0, 6], [1, 7], [4, 4], [4, 4], [4, 5], [5, 5], [5, 5]]
  320,  [[0, 6], [1, 7], [4, 4], [4, 5], [4, 5], [4, 5], [5, 5]]
  321,  [[0, 0], [1, 1], [2, 4], [3, 6], [4, 5], [4, 5], [4, 5]]
  322,  [[0, 0], [1, 1], [2, 4], [3, 6], [4, 5], [4, 5], [5, 7]]
  323,  [[0, 2], [1, 4], [4, 4], [4, 5], [4, 6], [5, 5], [5, 7]]
  324,  [[0, 2], [1, 4], [4, 5], [4, 5], [5, 5], [5, 6], [7, 7]]
  325,  [[0, 2], [1, 4], [4, 5], [4, 5], [4, 6], [5, 5], [7, 7]]
  326,  [[0, 2], [1, 4], [4, 4], [4, 5], [5, 5], [5, 6], [5, 7]]
  327,  [[0, 2], [1, 4], [4, 4], [4, 5], [4, 5], [5, 6], [7, 7]]
  328,  [[0, 2], [1, 4], [4, 5], [4, 5], [4, 5], [5, 5], [6, 6]]
  329,  [[0, 2], [1, 4], [4, 4], [4, 5], [5, 5], [5, 5], [6, 6]]
  330,  [[0, 2], [1, 4], [3, 6], [4, 4], [4, 5], [4, 5], [5, 5]]
  331,  [[0, 2], [1, 4], [4, 4], [4, 5], [4, 5], [5, 5], [6, 7]]
  332,  [[0, 2], [1, 4], [3, 5], [4, 4], [4, 6], [5, 5], [5, 7]]
  333,  [[0, 2], [1, 4], [3, 5], [4, 4], [4, 5], [5, 6], [7, 7]]
  334,  [[0, 2], [1, 4], [3, 5], [4, 5], [4, 6], [5, 5], [7, 7]]
  335,  [[0, 2], [1, 4], [3, 5], [4, 5], [4, 5], [5, 5], [6, 6]]
  336,  [[0, 2], [1, 4], [3, 5], [4, 5], [4, 5], [6, 6], [7, 7]]
  337,  [[0, 2], [1, 4], [4, 4], [4, 4], [5, 5], [5, 5], [5, 6]]
  338,  [[0, 2], [1, 4], [3, 5], [4, 4], [4, 4], [5, 6], [5, 7]]
  339,  [[0, 2], [1, 4], [3, 5], [4, 4], [4, 4], [5, 5], [5, 5]]
  340,  [[0, 2], [1, 4], [3, 5], [4, 4], [4, 5], [5, 5], [6, 7]]
  341,  [[0, 2], [1, 4], [3, 5], [4, 5], [4, 5], [4, 5], [6, 7]]
  342,  [[0, 4], [1, 5], [4, 4], [4, 5], [4, 6], [5, 5], [5, 7]]
  343,  [[0, 0], [1, 4], [4, 4], [4, 6], [5, 5], [5, 5], [5, 7]]
  344,  [[0, 0], [1, 4], [4, 4], [4, 5], [5, 5], [5, 6], [7, 7]]
  345,  [[0, 4], [1, 5], [4, 4], [4, 5], [4, 5], [5, 6], [7, 7]]
  346,  [[0, 0], [1, 4], [2, 6], [4, 5], [4, 5], [4, 7], [5, 5]]
  347,  [[0, 4], [1, 5], [2, 4], [4, 4], [4, 6], [5, 5], [5, 7]]
  348,  [[0, 4], [1, 5], [2, 4], [4, 5], [5, 5], [5, 6], [7, 7]]
  349,  [[0, 4], [1, 5], [2, 4], [4, 5], [4, 6], [5, 5], [7, 7]]
  350,  [[0, 4], [1, 4], [2, 5], [4, 4], [4, 6], [5, 5], [5, 7]]
  351,  [[0, 0], [1, 4], [2, 5], [3, 5], [4, 4], [4, 6], [5, 7]]
  352,  [[0, 4], [1, 4], [2, 5], [4, 4], [4, 5], [5, 6], [7, 7]]
  353,  [[0, 0], [1, 4], [2, 5], [3, 6], [4, 4], [4, 5], [5, 7]]
  354,  [[0, 4], [1, 4], [2, 5], [4, 5], [5, 5], [5, 6], [7, 7]]
  355,  [[0, 4], [1, 4], [2, 5], [3, 5], [4, 5], [4, 6], [5, 7]]
  356,  [[0, 4], [1, 4], [2, 5], [4, 5], [4, 6], [5, 5], [7, 7]]
  357,  [[0, 0], [1, 4], [2, 5], [3, 5], [4, 5], [4, 6], [5, 5]]
  358,  [[0, 0], [1, 4], [2, 5], [3, 5], [4, 5], [4, 6], [7, 7]]
  359,  [[0, 4], [1, 5], [2, 4], [4, 4], [4, 5], [5, 6], [7, 7]]
  360,  [[0, 0], [1, 4], [2, 5], [3, 6], [4, 5], [4, 7], [5, 5]]
  361,  [[0, 4], [1, 4], [4, 5], [4, 5], [5, 5], [5, 6], [7, 7]]
  362,  [[0, 4], [1, 4], [2, 5], [4, 5], [4, 5], [5, 5], [6, 6]]
  363,  [[0, 4], [1, 4], [2, 5], [4, 5], [4, 5], [6, 6], [7, 7]]
  364,  [[0, 4], [1, 4], [2, 5], [3, 6], [4, 5], [4, 5], [5, 7]]
  365,  [[0, 0], [1, 4], [2, 6], [4, 5], [4, 5], [5, 5], [5, 7]]
  366,  [[0, 0], [1, 4], [2, 5], [3, 6], [4, 5], [4, 5], [5, 5]]
  367,  [[0, 0], [1, 4], [2, 5], [3, 6], [4, 5], [4, 5], [7, 7]]
  368,  [[0, 0], [1, 4], [2, 5], [3, 5], [4, 5], [4, 5], [6, 6]]
  369,  [[0, 4], [1, 5], [2, 4], [4, 5], [4, 5], [6, 6], [7, 7]]
  370,  [[0, 4], [1, 5], [2, 4], [3, 6], [4, 5], [4, 5], [5, 7]]
  371,  [[0, 4], [1, 4], [2, 5], [3, 5], [4, 4], [5, 5], [5, 6]]
  372,  [[0, 4], [1, 4], [2, 5], [3, 5], [4, 4], [4, 5], [5, 5]]
  373,  [[0, 4], [1, 4], [2, 5], [3, 5], [4, 4], [4, 5], [6, 6]]
  374,  [[0, 4], [1, 4], [4, 4], [4, 5], [5, 5], [5, 6], [5, 7]]
  375,  [[0, 4], [1, 4], [2, 5], [4, 4], [5, 5], [5, 6], [5, 7]]
  376,  [[0, 4], [1, 4], [2, 5], [4, 4], [5, 5], [5, 5], [6, 6]]
  377,  [[0, 4], [1, 4], [2, 5], [3, 6], [4, 4], [4, 5], [5, 5]]
  378,  [[0, 4], [1, 4], [2, 5], [4, 4], [4, 5], [5, 5], [6, 7]]
  379,  [[0, 4], [1, 5], [2, 4], [3, 4], [4, 6], [5, 5], [5, 5]]
  380,  [[0, 4], [1, 5], [2, 4], [4, 6], [4, 7], [5, 5], [5, 5]]
  381,  [[0, 4], [1, 5], [2, 4], [4, 4], [5, 5], [5, 5], [6, 6]]
  382,  [[0, 0], [1, 4], [2, 5], [3, 5], [4, 4], [4, 4], [5, 5]]
  383,  [[0, 0], [1, 4], [4, 4], [4, 4], [5, 5], [5, 6], [5, 7]]
  384,  [[0, 4], [1, 5], [2, 4], [3, 4], [4, 5], [5, 5], [6, 6]]
  385,  [[0, 0], [1, 4], [2, 5], [3, 5], [4, 4], [4, 5], [6, 7]]
  386,  [[0, 4], [1, 5], [2, 4], [3, 6], [4, 4], [4, 5], [5, 5]]
  387,  [[0, 4], [1, 5], [2, 4], [4, 4], [4, 5], [5, 5], [6, 7]]
  388,  [[0, 0], [1, 4], [2, 6], [4, 4], [4, 5], [5, 5], [5, 5]]
  389,  [[0, 0], [1, 4], [4, 4], [4, 5], [5, 5], [5, 5], [6, 7]]
  390,  [[0, 0], [1, 4], [2, 5], [4, 5], [4, 5], [5, 5], [6, 7]]
  391,  [[0, 2], [1, 4], [3, 4], [4, 6], [5, 5], [5, 5], [5, 7]]
  392,  [[0, 2], [1, 4], [3, 4], [4, 5], [5, 5], [5, 6], [7, 7]]
  393,  [[0, 2], [1, 4], [3, 4], [4, 4], [5, 5], [5, 6], [5, 7]]
  394,  [[0, 2], [1, 4], [3, 4], [4, 5], [5, 5], [5, 5], [6, 7]]
  395,  [[0, 4], [1, 5], [2, 4], [3, 4], [4, 4], [5, 5], [5, 6]]
  396,  [[0, 4], [1, 5], [2, 4], [3, 4], [4, 5], [5, 6], [5, 7]]
  397,  [[0, 4], [1, 5], [2, 4], [4, 4], [5, 5], [5, 6], [5, 7]]
  398,  [[0, 4], [1, 4], [2, 4], [3, 4], [5, 5], [5, 5], [5, 6]]
  399,  [[0, 0], [1, 4], [2, 4], [3, 4], [5, 5], [5, 6], [5, 7]]
  400,  [[0, 4], [1, 4], [2, 4], [4, 6], [5, 5], [5, 5], [5, 7]]
  401,  [[0, 4], [1, 4], [2, 4], [4, 5], [5, 5], [5, 6], [7, 7]]
  402,  [[0, 0], [1, 4], [2, 4], [3, 6], [4, 5], [5, 5], [5, 7]]
  403,  [[0, 4], [1, 4], [2, 4], [4, 4], [5, 5], [5, 6], [5, 7]]
  404,  [[0, 0], [1, 4], [2, 6], [4, 4], [4, 5], [4, 5], [5, 7]]
  405,  [[0, 4], [1, 5], [2, 6], [4, 4], [4, 5], [4, 5], [5, 5]]
  406,  [[0, 4], [1, 5], [4, 4], [4, 5], [4, 5], [5, 5], [6, 7]]
  407,  [[0, 0], [1, 4], [2, 6], [4, 5], [4, 5], [4, 5], [5, 5]]
  408,  [[0, 4], [1, 4], [2, 4], [3, 6], [4, 5], [5, 5], [5, 5]]
  409,  [[0, 0], [1, 1], [4, 4], [4, 5], [4, 5], [5, 5], [6, 7]]
  410,  [[0, 0], [1, 1], [2, 4], [4, 5], [4, 5], [4, 5], [6, 7]]
  411,  [[0, 0], [1, 4], [4, 5], [4, 5], [4, 5], [5, 5], [6, 7]]
  412,  [[0, 4], [1, 4], [2, 4], [4, 5], [5, 5], [5, 5], [6, 7]]
  413,  [[0, 4], [1, 5], [2, 4], [3, 5], [4, 4], [5, 6], [7, 7]]
  414,  [[0, 4], [1, 5], [2, 4], [3, 5], [4, 5], [6, 6], [7, 7]]
  415,  [[0, 4], [1, 5], [2, 4], [3, 5], [4, 4], [5, 5], [6, 7]]
  416,  [[0, 4], [1, 4], [2, 4], [3, 5], [5, 5], [5, 6], [7, 7]]
  417,  [[0, 4], [1, 4], [2, 4], [3, 5], [5, 5], [5, 5], [6, 7]]
  418,  [[0, 2], [1, 3], [4, 4], [4, 5], [4, 5], [4, 5], [5, 6]]
  419,  [[0, 2], [1, 3], [4, 4], [4, 5], [4, 5], [5, 6], [5, 7]]
  420,  [[0, 2], [1, 3], [4, 4], [4, 4], [4, 5], [5, 5], [5, 6]]
  421,  [[0, 2], [1, 3], [4, 4], [4, 5], [4, 5], [5, 5], [6, 6]]
  422,  [[0, 2], [1, 3], [4, 4], [4, 5], [4, 5], [4, 6], [5, 7]]
  423,  [[0, 0], [1, 2], [4, 5], [4, 5], [4, 5], [4, 6], [5, 7]]
  424,  [[0, 0], [1, 2], [4, 4], [4, 4], [4, 5], [5, 6], [5, 7]]
  425,  [[0, 0], [1, 2], [4, 4], [4, 5], [4, 5], [5, 6], [7, 7]]
  426,  [[0, 2], [1, 4], [4, 4], [4, 5], [4, 6], [5, 5], [5, 5]]
  427,  [[0, 0], [1, 2], [4, 4], [4, 5], [4, 6], [5, 5], [5, 7]]
  428,  [[0, 0], [1, 2], [3, 6], [4, 4], [4, 5], [4, 5], [5, 5]]
  429,  [[0, 0], [1, 2], [4, 4], [4, 5], [4, 5], [5, 5], [6, 7]]
  430,  [[0, 0], [1, 2], [3, 4], [4, 5], [4, 5], [4, 5], [6, 7]]
  431,  [[0, 2], [1, 4], [3, 5], [4, 5], [4, 6], [4, 7], [5, 5]]
  432,  [[0, 2], [1, 4], [3, 5], [4, 4], [4, 6], [5, 5], [5, 5]]
  433,  [[0, 0], [1, 4], [4, 5], [4, 6], [4, 7], [5, 5], [5, 5]]
  434,  [[0, 0], [1, 4], [2, 5], [4, 6], [4, 7], [5, 5], [5, 5]]
  435,  [[0, 0], [1, 4], [2, 5], [3, 5], [4, 5], [4, 6], [4, 7]]
  436,  [[0, 4], [1, 4], [2, 5], [4, 4], [4, 6], [5, 5], [5, 5]]
  437,  [[0, 0], [1, 4], [2, 5], [3, 5], [4, 4], [4, 6], [5, 5]]
  438,  [[0, 2], [1, 6], [3, 7], [4, 4], [4, 5], [4, 5], [4, 5]]
  439,  [[0, 0], [1, 1], [2, 6], [4, 4], [4, 5], [4, 5], [5, 7]]
  440,  [[0, 2], [1, 4], [4, 4], [4, 6], [5, 5], [5, 5], [5, 7]]
  441,  [[0, 2], [1, 4], [4, 4], [4, 5], [5, 5], [5, 6], [7, 7]]
  442,  [[0, 2], [1, 4], [4, 5], [4, 5], [4, 5], [5, 6], [7, 7]]
  443,  [[0, 2], [1, 4], [4, 5], [4, 5], [5, 5], [6, 6], [7, 7]]
  444,  [[0, 2], [1, 4], [3, 6], [4, 5], [4, 5], [5, 5], [5, 7]]
  445,  [[0, 2], [1, 4], [4, 5], [4, 6], [5, 5], [5, 5], [7, 7]]
  446,  [[0, 2], [1, 4], [3, 6], [4, 5], [4, 5], [4, 7], [5, 5]]
  447,  [[0, 2], [1, 4], [4, 4], [4, 4], [5, 5], [5, 6], [5, 7]]
  448,  [[0, 2], [1, 4], [3, 6], [4, 4], [4, 5], [4, 5], [5, 7]]
  449,  [[0, 2], [1, 4], [3, 6], [4, 5], [4, 5], [4, 5], [5, 5]]
  450,  [[0, 2], [1, 4], [4, 5], [4, 5], [4, 5], [5, 5], [6, 7]]
  451,  [[0, 2], [1, 4], [3, 6], [4, 4], [4, 5], [5, 5], [5, 5]]
  452,  [[0, 2], [1, 4], [4, 4], [4, 5], [5, 5], [5, 5], [6, 7]]
  453,  [[0, 2], [1, 4], [3, 5], [4, 5], [4, 5], [5, 5], [6, 7]]
  454,  [[0, 4], [1, 5], [4, 4], [4, 5], [4, 6], [5, 5], [7, 7]]
  455,  [[0, 4], [1, 4], [4, 4], [4, 6], [5, 5], [5, 5], [5, 7]]
  456,  [[0, 4], [1, 4], [4, 4], [4, 5], [5, 5], [5, 6], [7, 7]]
  457,  [[0, 0], [1, 4], [2, 6], [4, 4], [4, 5], [5, 5], [5, 7]]
  458,  [[0, 4], [1, 5], [2, 6], [4, 4], [4, 5], [4, 5], [5, 7]]
  459,  [[0, 0], [1, 4], [2, 6], [4, 5], [4, 7], [5, 5], [5, 5]]
  460,  [[0, 0], [1, 4], [2, 6], [4, 5], [4, 5], [5, 5], [7, 7]]
  461,  [[0, 4], [1, 5], [2, 4], [3, 4], [4, 6], [5, 5], [5, 7]]
  462,  [[0, 4], [1, 5], [2, 4], [4, 4], [5, 5], [5, 6], [7, 7]]
  463,  [[0, 4], [1, 5], [2, 4], [4, 5], [5, 5], [6, 6], [7, 7]]
  464,  [[0, 4], [1, 5], [2, 4], [3, 6], [4, 5], [5, 5], [5, 7]]
  465,  [[0, 4], [1, 5], [2, 4], [4, 6], [5, 5], [5, 5], [7, 7]]
  466,  [[0, 4], [1, 5], [2, 4], [3, 6], [4, 5], [4, 7], [5, 5]]
  467,  [[0, 4], [1, 4], [2, 5], [4, 4], [5, 5], [5, 6], [7, 7]]
  468,  [[0, 4], [1, 4], [2, 5], [3, 5], [4, 4], [4, 6], [5, 7]]
  469,  [[0, 4], [1, 4], [2, 5], [3, 6], [4, 4], [4, 5], [5, 7]]
  470,  [[0, 4], [1, 4], [2, 5], [3, 5], [4, 5], [5, 6], [7, 7]]
  471,  [[0, 4], [1, 4], [2, 5], [4, 5], [5, 5], [6, 6], [7, 7]]
  472,  [[0, 4], [1, 4], [2, 5], [3, 6], [4, 5], [5, 5], [5, 7]]
  473,  [[0, 4], [1, 4], [2, 5], [3, 5], [4, 6], [5, 5], [5, 7]]
  474,  [[0, 4], [1, 4], [2, 5], [3, 5], [4, 5], [4, 6], [5, 5]]
  475,  [[0, 4], [1, 4], [2, 5], [3, 5], [4, 5], [4, 6], [7, 7]]
  476,  [[0, 4], [1, 4], [4, 5], [4, 6], [5, 5], [5, 5], [7, 7]]
  477,  [[0, 4], [1, 4], [2, 5], [4, 6], [5, 5], [5, 5], [7, 7]]
  478,  [[0, 4], [1, 4], [2, 5], [3, 6], [4, 5], [4, 7], [5, 5]]
  479,  [[0, 4], [1, 5], [2, 4], [3, 4], [4, 5], [5, 6], [7, 7]]
  480,  [[0, 4], [1, 5], [2, 4], [3, 6], [4, 4], [4, 5], [5, 7]]
  481,  [[0, 4], [1, 4], [4, 5], [4, 5], [5, 5], [6, 6], [7, 7]]
  482,  [[0, 4], [1, 4], [2, 6], [4, 5], [4, 5], [5, 5], [5, 7]]
  483,  [[0, 4], [1, 4], [2, 5], [3, 5], [4, 5], [4, 5], [6, 6]]
  484,  [[0, 4], [1, 4], [2, 5], [3, 6], [4, 5], [4, 5], [5, 5]]
  485,  [[0, 4], [1, 4], [2, 5], [4, 5], [4, 5], [5, 5], [6, 7]]
  486,  [[0, 4], [1, 4], [2, 5], [3, 6], [4, 5], [4, 5], [7, 7]]
  487,  [[0, 0], [1, 4], [2, 6], [4, 5], [4, 5], [4, 5], [5, 7]]
  488,  [[0, 4], [1, 5], [2, 4], [3, 6], [4, 5], [4, 5], [7, 7]]
  489,  [[0, 0], [1, 4], [2, 5], [3, 5], [4, 5], [4, 5], [6, 7]]
  490,  [[0, 4], [1, 4], [2, 5], [3, 5], [4, 4], [5, 6], [5, 7]]
  491,  [[0, 4], [1, 4], [2, 5], [3, 5], [4, 4], [5, 5], [6, 6]]
  492,  [[0, 4], [1, 4], [2, 5], [3, 5], [4, 4], [4, 5], [6, 7]]
  493,  [[0, 4], [1, 4], [2, 5], [3, 6], [4, 4], [5, 5], [5, 5]]
  494,  [[0, 4], [1, 4], [2, 5], [4, 4], [5, 5], [5, 5], [6, 7]]
  495,  [[0, 4], [1, 4], [2, 6], [4, 4], [4, 5], [5, 5], [5, 5]]
  496,  [[0, 4], [1, 4], [4, 4], [4, 5], [5, 5], [5, 5], [6, 7]]
  497,  [[0, 4], [1, 5], [2, 4], [3, 4], [4, 4], [5, 5], [5, 5]]
  498,  [[0, 4], [1, 5], [2, 4], [3, 4], [5, 5], [5, 5], [6, 6]]
  499,  [[0, 4], [1, 5], [4, 4], [4, 4], [5, 5], [5, 6], [5, 7]]
  500,  [[0, 4], [1, 5], [2, 4], [3, 6], [4, 4], [5, 5], [5, 5]]
  501,  [[0, 4], [1, 5], [2, 4], [4, 4], [5, 5], [5, 5], [6, 7]]
  502,  [[0, 4], [1, 5], [2, 4], [3, 4], [4, 5], [5, 5], [6, 7]]
  503,  [[0, 4], [1, 5], [2, 4], [3, 4], [4, 4], [5, 6], [5, 7]]
  504,  [[0, 4], [1, 5], [2, 4], [3, 4], [5, 5], [5, 6], [5, 7]]
  505,  [[0, 4], [1, 4], [2, 4], [3, 4], [5, 5], [5, 6], [5, 7]]
  506,  [[0, 4], [1, 4], [2, 4], [5, 5], [5, 5], [5, 6], [7, 7]]
  507,  [[0, 4], [1, 4], [2, 4], [3, 6], [4, 5], [5, 5], [5, 7]]
  508,  [[0, 2], [1, 3], [4, 5], [4, 5], [4, 5], [4, 6], [5, 7]]
  509,  [[0, 2], [1, 3], [4, 4], [4, 5], [4, 5], [4, 5], [5, 5]]
  510,  [[0, 2], [1, 3], [4, 4], [4, 5], [4, 5], [4, 5], [6, 6]]
  511,  [[0, 2], [1, 3], [4, 4], [4, 4], [4, 5], [5, 6], [5, 7]]
  512,  [[0, 2], [1, 3], [4, 4], [4, 5], [4, 5], [5, 6], [7, 7]]
  513,  [[0, 2], [1, 3], [4, 4], [4, 5], [4, 6], [5, 5], [5, 7]]
  514,  [[0, 2], [1, 3], [4, 4], [4, 4], [4, 5], [5, 5], [5, 5]]
  515,  [[0, 2], [1, 3], [4, 4], [4, 5], [4, 5], [5, 5], [6, 7]]
  516,  [[0, 0], [1, 1], [4, 5], [4, 5], [4, 5], [4, 6], [5, 7]]
  517,  [[0, 0], [1, 2], [4, 5], [4, 5], [4, 5], [4, 6], [7, 7]]
  518,  [[0, 2], [1, 4], [4, 5], [4, 6], [4, 7], [5, 5], [5, 5]]
  519,  [[0, 0], [1, 2], [3, 6], [4, 4], [4, 5], [4, 5], [5, 7]]
  520,  [[0, 0], [1, 2], [3, 6], [4, 4], [4, 5], [4, 5], [4, 5]]
  521,  [[0, 0], [1, 2], [4, 4], [4, 5], [4, 5], [4, 5], [6, 7]]
  522,  [[0, 2], [1, 4], [3, 5], [4, 6], [4, 7], [5, 5], [5, 5]]
  523,  [[0, 4], [1, 4], [2, 5], [4, 6], [4, 7], [5, 5], [5, 5]]
  524,  [[0, 0], [1, 4], [2, 5], [3, 5], [4, 6], [4, 7], [5, 5]]
  525,  [[0, 4], [1, 4], [2, 5], [3, 5], [4, 4], [4, 6], [5, 5]]
  526,  [[0, 0], [1, 1], [2, 6], [4, 5], [4, 5], [4, 5], [4, 7]]
  527,  [[0, 2], [1, 4], [3, 6], [4, 4], [4, 5], [5, 5], [5, 7]]
  528,  [[0, 0], [1, 4], [4, 5], [4, 5], [4, 5], [5, 6], [7, 7]]
  529,  [[0, 2], [1, 4], [4, 5], [4, 5], [4, 5], [6, 6], [7, 7]]
  530,  [[0, 2], [1, 4], [3, 6], [4, 5], [4, 5], [4, 5], [5, 7]]
  531,  [[0, 2], [1, 4], [3, 6], [4, 5], [4, 5], [5, 5], [7, 7]]
  532,  [[0, 2], [1, 4], [3, 6], [4, 5], [4, 7], [5, 5], [5, 5]]
  533,  [[0, 4], [1, 5], [4, 4], [4, 4], [5, 5], [5, 6], [7, 7]]
  534,  [[0, 4], [1, 5], [4, 4], [4, 5], [5, 5], [6, 6], [7, 7]]
  535,  [[0, 4], [1, 5], [2, 6], [4, 4], [4, 5], [4, 7], [5, 5]]
  536,  [[0, 4], [1, 4], [4, 4], [5, 5], [5, 5], [5, 6], [7, 7]]
  537,  [[0, 4], [1, 4], [2, 6], [4, 4], [4, 5], [5, 5], [5, 7]]
  538,  [[0, 4], [1, 5], [2, 6], [4, 4], [4, 5], [4, 5], [7, 7]]
  539,  [[0, 4], [1, 4], [2, 6], [4, 5], [4, 7], [5, 5], [5, 5]]
  540,  [[0, 4], [1, 4], [2, 6], [4, 5], [4, 5], [5, 5], [7, 7]]
  541,  [[0, 0], [1, 4], [2, 6], [4, 5], [4, 5], [4, 5], [7, 7]]
  542,  [[0, 0], [1, 4], [2, 6], [3, 7], [4, 5], [4, 5], [5, 5]]
  543,  [[0, 4], [1, 5], [2, 4], [3, 4], [5, 5], [5, 6], [7, 7]]
  544,  [[0, 4], [1, 5], [2, 4], [3, 6], [4, 4], [5, 5], [5, 7]]
  545,  [[0, 4], [1, 5], [2, 4], [3, 6], [4, 5], [5, 5], [7, 7]]
  546,  [[0, 4], [1, 5], [2, 4], [3, 6], [4, 7], [5, 5], [5, 5]]
  547,  [[0, 4], [1, 4], [2, 5], [3, 5], [4, 4], [5, 6], [7, 7]]
  548,  [[0, 4], [1, 4], [2, 5], [3, 6], [4, 4], [5, 5], [5, 7]]
  549,  [[0, 4], [1, 4], [2, 5], [3, 5], [4, 5], [5, 5], [6, 6]]
  550,  [[0, 4], [1, 4], [2, 5], [3, 5], [4, 5], [6, 6], [7, 7]]
  551,  [[0, 4], [1, 4], [2, 5], [3, 6], [4, 5], [5, 5], [7, 7]]
  552,  [[0, 4], [1, 4], [2, 5], [3, 5], [4, 6], [5, 5], [7, 7]]
  553,  [[0, 4], [1, 4], [2, 5], [3, 6], [4, 7], [5, 5], [5, 5]]
  554,  [[0, 4], [1, 4], [2, 5], [3, 5], [4, 5], [4, 5], [6, 7]]
  555,  [[0, 4], [1, 4], [2, 5], [3, 5], [4, 4], [5, 5], [6, 7]]
  556,  [[0, 4], [1, 5], [2, 4], [3, 4], [5, 5], [5, 5], [6, 7]]
  557,  [[0, 4], [1, 5], [2, 6], [4, 4], [4, 4], [5, 5], [5, 5]]
  558,  [[0, 4], [1, 5], [4, 4], [4, 4], [5, 5], [5, 5], [6, 7]]
  559,  [[0, 4], [1, 4], [2, 4], [3, 6], [5, 5], [5, 5], [5, 7]]
  560,  [[0, 2], [1, 3], [4, 5], [4, 5], [4, 5], [4, 6], [7, 7]]
  561,  [[0, 2], [1, 3], [4, 4], [4, 5], [4, 5], [4, 5], [6, 7]]
  562,  [[0, 0], [1, 2], [3, 6], [4, 5], [4, 5], [4, 5], [4, 7]]
  563,  [[0, 4], [1, 4], [2, 5], [3, 5], [4, 6], [4, 7], [5, 5]]
  564,  [[0, 2], [1, 4], [3, 6], [4, 5], [4, 5], [4, 5], [7, 7]]
  565,  [[0, 4], [1, 5], [2, 6], [4, 4], [4, 4], [5, 5], [5, 7]]
  566,  [[0, 4], [1, 5], [2, 6], [4, 4], [4, 5], [5, 5], [7, 7]]
  567,  [[0, 4], [1, 4], [2, 6], [4, 4], [5, 5], [5, 5], [5, 7]]
  568,  [[0, 4], [1, 5], [2, 6], [4, 5], [4, 5], [4, 5], [7, 7]]
  569,  [[0, 4], [1, 5], [2, 6], [3, 7], [4, 4], [4, 5], [4, 5]]
  570,  [[0, 4], [1, 4], [2, 6], [4, 5], [5, 5], [5, 5], [7, 7]]
  571,  [[0, 4], [1, 4], [2, 6], [3, 7], [4, 5], [4, 5], [5, 5]]
  572,  [[0, 0], [1, 4], [2, 6], [3, 7], [4, 5], [4, 5], [4, 5]]
  573,  [[0, 4], [1, 4], [2, 5], [3, 5], [4, 5], [5, 5], [6, 7]]
  574,  [[0, 2], [1, 3], [4, 5], [4, 5], [4, 5], [6, 6], [7, 7]]
  575,  [[0, 0], [1, 2], [3, 6], [4, 5], [4, 5], [4, 5], [7, 7]]
  576,  [[0, 4], [1, 5], [2, 6], [3, 7], [4, 4], [4, 5], [5, 5]]
  577,  [[0, 4], [1, 5], [4, 5], [4, 5], [4, 5], [6, 6], [7, 7]]
  578,  [[0, 4], [1, 5], [2, 6], [3, 7], [4, 5], [4, 5], [4, 5]]
  579,  [[0, 4], [1, 4], [2, 6], [3, 7], [4, 5], [5, 5], [5, 5]]
  580,  [[0, 0], [1, 1], [2, 6], [3, 7], [4, 5], [4, 5], [4, 5]]
Total nodes =  581
Total edges =  1601
Goal candidates No. 83
Goal candidates No. 103
Goal candidates No. 106
Goal candidates No. 122
Goal candidates No. 136
True Goal graph No. 145
Goal candidates No. 148
Goal candidates No. 161
Goal candidates No. 164
Goal candidates No. 341
Goal candidates No. 355
Goal candidates No. 364
Goal candidates No. 370
Goal candidates No. 396
Goal candidates No. 508
Goal candidates No. 530
Goal candidates No. 554
Goal candidates No. 578
Total Goals =  18  and Paths = 2528 

True paths: 4 / 2528 

