Nomber of atoms =  9
Atoms =  ['O', 'CH3', 'C', 'C', 'H', 'H', 'H', 'H', 'H']
Valence electrons =  [6, 1, 4, 4, 1, 1, 1, 1, 1]
Fixed electrons =  [[0, 0]]
Good initial graph No.0!
Good goal graph!

 Generated No. and Nodes:
    0,  [[0, 0], [0, 2], [0, 4], [1, 3], [2, 3], [2, 5], [2, 6], [3, 7], [3, 8]]
    1,  [[0, 0], [0, 0], [0, 4], [1, 2], [2, 3], [2, 5], [2, 6], [3, 7], [3, 8]]
    2,  [[0, 0], [0, 0], [0, 2], [1, 3], [2, 3], [2, 4], [2, 5], [3, 6], [3, 7]]
    3,  [[0, 0], [0, 2], [0, 4], [2, 3], [2, 5], [2, 6], [3, 3], [3, 7], [3, 8]]
    4,  [[0, 0], [0, 2], [0, 4], [1, 3], [2, 2], [2, 5], [2, 6], [3, 7], [3, 8]]
    5,  [[0, 0], [0, 2], [0, 4], [1, 3], [2, 5], [2, 6], [3, 3], [3, 7], [3, 8]]
    6,  [[0, 0], [0, 2], [0, 4], [1, 3], [2, 2], [2, 3], [2, 5], [3, 6], [3, 7]]
    7,  [[0, 0], [0, 2], [0, 4], [1, 3], [2, 3], [2, 5], [3, 6], [3, 7], [8, 8]]
    8,  [[0, 0], [0, 2], [0, 4], [1, 3], [2, 3], [2, 5], [2, 6], [3, 3], [3, 7]]
    9,  [[0, 0], [0, 2], [0, 4], [1, 3], [2, 3], [2, 5], [2, 6], [3, 7], [8, 8]]
   10,  [[0, 0], [0, 0], [0, 4], [2, 2], [2, 3], [2, 5], [2, 6], [3, 7], [3, 8]]
   11,  [[0, 0], [0, 0], [0, 4], [1, 2], [2, 5], [2, 6], [3, 3], [3, 7], [3, 8]]
   12,  [[0, 0], [0, 0], [0, 4], [1, 2], [2, 2], [2, 3], [2, 5], [3, 6], [3, 7]]
   13,  [[0, 0], [0, 0], [0, 4], [1, 2], [2, 3], [2, 5], [3, 6], [3, 7], [8, 8]]
   14,  [[0, 0], [0, 0], [0, 4], [1, 2], [2, 3], [2, 5], [2, 6], [3, 3], [3, 7]]
   15,  [[0, 0], [0, 0], [0, 2], [2, 3], [2, 4], [2, 5], [3, 3], [3, 6], [3, 7]]
   16,  [[0, 0], [0, 0], [0, 2], [1, 3], [2, 2], [2, 4], [2, 5], [3, 6], [3, 7]]
   17,  [[0, 0], [0, 0], [0, 2], [1, 3], [2, 4], [2, 5], [3, 3], [3, 6], [3, 7]]
   18,  [[0, 0], [0, 0], [0, 2], [1, 3], [2, 2], [2, 3], [2, 4], [3, 5], [3, 6]]
   19,  [[0, 0], [0, 0], [0, 2], [1, 3], [2, 3], [2, 4], [3, 5], [3, 6], [7, 7]]
   20,  [[0, 0], [0, 0], [0, 2], [1, 3], [2, 3], [2, 4], [2, 5], [3, 3], [3, 6]]
   21,  [[0, 0], [0, 0], [0, 2], [1, 3], [2, 3], [2, 4], [2, 5], [3, 6], [7, 7]]
   22,  [[0, 1], [0, 2], [0, 4], [2, 3], [2, 5], [2, 6], [3, 3], [3, 7], [3, 8]]
   23,  [[0, 0], [0, 2], [0, 4], [2, 2], [2, 5], [2, 6], [3, 3], [3, 7], [3, 8]]
   24,  [[0, 0], [0, 2], [0, 4], [2, 2], [2, 3], [2, 5], [3, 3], [3, 6], [3, 7]]
   25,  [[0, 0], [0, 2], [0, 4], [2, 3], [2, 5], [3, 3], [3, 6], [3, 7], [8, 8]]
   26,  [[0, 0], [0, 2], [0, 4], [2, 3], [2, 5], [2, 6], [3, 3], [3, 7], [8, 8]]
   27,  [[0, 2], [0, 3], [0, 4], [1, 2], [2, 5], [2, 6], [3, 3], [3, 7], [3, 8]]
   28,  [[0, 0], [0, 2], [0, 4], [1, 3], [2, 2], [2, 5], [3, 6], [3, 7], [8, 8]]
   29,  [[0, 0], [0, 2], [0, 4], [1, 3], [2, 2], [2, 5], [2, 6], [3, 3], [3, 7]]
   30,  [[0, 2], [0, 2], [0, 4], [1, 3], [2, 5], [2, 6], [3, 3], [3, 7], [3, 8]]
   31,  [[0, 0], [0, 2], [0, 4], [1, 3], [2, 2], [2, 5], [3, 3], [3, 6], [3, 7]]
   32,  [[0, 0], [0, 2], [0, 4], [1, 3], [2, 5], [2, 6], [3, 3], [3, 7], [8, 8]]
   33,  [[0, 2], [0, 4], [0, 5], [1, 3], [2, 2], [2, 3], [2, 6], [3, 7], [3, 8]]
   34,  [[0, 0], [0, 2], [0, 4], [1, 3], [2, 2], [2, 3], [3, 5], [3, 6], [7, 7]]
   35,  [[0, 0], [0, 2], [0, 4], [1, 3], [2, 2], [2, 3], [2, 5], [3, 3], [3, 6]]
   36,  [[0, 0], [0, 2], [0, 4], [1, 3], [2, 2], [2, 3], [2, 5], [3, 6], [7, 7]]
   37,  [[0, 2], [0, 2], [0, 4], [1, 3], [2, 3], [2, 5], [3, 6], [3, 7], [8, 8]]
   38,  [[0, 0], [0, 2], [0, 4], [1, 3], [2, 3], [2, 5], [3, 3], [3, 6], [7, 7]]
   39,  [[0, 0], [0, 2], [0, 4], [1, 3], [2, 3], [2, 5], [3, 6], [7, 7], [8, 8]]
   40,  [[0, 2], [0, 4], [0, 5], [1, 3], [2, 3], [2, 6], [2, 7], [3, 3], [3, 8]]
   41,  [[0, 0], [0, 2], [0, 4], [1, 3], [2, 3], [2, 5], [2, 6], [3, 3], [7, 7]]
   42,  [[0, 2], [0, 3], [0, 4], [1, 2], [2, 3], [2, 5], [3, 6], [3, 7], [8, 8]]
   43,  [[0, 0], [0, 1], [0, 4], [2, 2], [2, 3], [2, 5], [2, 6], [3, 7], [3, 8]]
   44,  [[0, 0], [0, 0], [0, 4], [2, 3], [2, 3], [2, 5], [2, 6], [3, 7], [3, 8]]
   45,  [[0, 0], [0, 0], [0, 4], [2, 2], [2, 5], [2, 6], [3, 3], [3, 7], [3, 8]]
   46,  [[0, 0], [0, 0], [0, 4], [2, 2], [2, 3], [2, 5], [3, 6], [3, 7], [8, 8]]
   47,  [[0, 0], [0, 0], [0, 4], [2, 2], [2, 3], [2, 5], [2, 6], [3, 3], [3, 7]]
   48,  [[0, 0], [0, 2], [0, 4], [1, 2], [2, 5], [2, 6], [3, 3], [3, 7], [3, 8]]
   49,  [[0, 0], [0, 0], [0, 4], [1, 2], [2, 2], [2, 5], [3, 3], [3, 6], [3, 7]]
   50,  [[0, 0], [0, 0], [0, 4], [1, 2], [2, 5], [2, 6], [3, 3], [3, 3], [3, 7]]
   51,  [[0, 0], [0, 4], [0, 5], [1, 2], [2, 2], [2, 3], [2, 6], [3, 7], [3, 8]]
   52,  [[0, 0], [0, 0], [0, 4], [1, 2], [2, 3], [2, 3], [2, 5], [3, 6], [3, 7]]
   53,  [[0, 0], [0, 0], [0, 4], [1, 2], [2, 2], [2, 3], [3, 5], [3, 6], [7, 7]]
   54,  [[0, 0], [0, 0], [0, 4], [1, 2], [2, 2], [2, 3], [2, 5], [3, 3], [3, 6]]
   55,  [[0, 0], [0, 2], [0, 4], [1, 2], [2, 3], [2, 5], [3, 6], [3, 7], [8, 8]]
   56,  [[0, 0], [0, 0], [0, 4], [1, 2], [2, 3], [2, 5], [3, 3], [3, 6], [7, 7]]
   57,  [[0, 0], [0, 0], [0, 4], [1, 2], [2, 3], [2, 5], [3, 6], [3, 7], [3, 8]]
   58,  [[0, 0], [0, 4], [0, 5], [1, 2], [2, 3], [2, 6], [2, 7], [3, 3], [3, 8]]
   59,  [[0, 0], [0, 0], [0, 4], [1, 2], [2, 3], [2, 5], [2, 6], [3, 3], [3, 3]]
   60,  [[0, 0], [0, 1], [0, 2], [2, 3], [2, 4], [2, 5], [3, 3], [3, 6], [3, 7]]
   61,  [[0, 0], [0, 0], [0, 2], [2, 2], [2, 4], [2, 5], [3, 3], [3, 6], [3, 7]]
   62,  [[0, 0], [0, 0], [0, 2], [2, 3], [2, 4], [2, 5], [3, 6], [3, 7], [3, 8]]
   63,  [[0, 0], [0, 0], [0, 2], [2, 3], [2, 4], [2, 5], [3, 3], [3, 6], [7, 7]]
   64,  [[0, 0], [0, 2], [0, 3], [1, 2], [2, 4], [2, 5], [3, 3], [3, 6], [3, 7]]
   65,  [[0, 0], [0, 0], [0, 2], [1, 3], [2, 4], [2, 5], [2, 6], [3, 7], [3, 8]]
   66,  [[0, 0], [0, 0], [0, 2], [1, 3], [2, 2], [2, 4], [3, 5], [3, 6], [7, 7]]
   67,  [[0, 0], [0, 0], [0, 2], [1, 3], [2, 2], [2, 4], [2, 5], [3, 3], [3, 6]]
   68,  [[0, 0], [0, 2], [0, 2], [1, 3], [2, 4], [2, 5], [3, 3], [3, 6], [3, 7]]
   69,  [[0, 0], [0, 0], [0, 2], [1, 3], [2, 2], [2, 4], [3, 3], [3, 5], [3, 6]]
   70,  [[0, 0], [0, 0], [0, 2], [1, 3], [2, 4], [2, 5], [3, 6], [3, 7], [3, 8]]
   71,  [[0, 0], [0, 0], [0, 2], [1, 3], [2, 4], [2, 5], [3, 3], [3, 6], [7, 7]]
   72,  [[0, 0], [0, 0], [0, 2], [1, 3], [2, 2], [2, 3], [3, 4], [3, 5], [6, 6]]
   73,  [[0, 0], [0, 2], [0, 2], [1, 3], [2, 3], [2, 4], [3, 5], [3, 6], [7, 7]]
   74,  [[0, 0], [0, 0], [0, 2], [1, 3], [2, 3], [2, 4], [3, 5], [3, 6], [7, 8]]
   75,  [[0, 0], [0, 0], [0, 2], [1, 3], [2, 3], [2, 4], [2, 5], [3, 3], [6, 6]]
   76,  [[0, 0], [0, 2], [0, 3], [1, 2], [2, 3], [2, 4], [3, 5], [3, 6], [7, 7]]
   77,  [[0, 0], [0, 0], [0, 2], [1, 3], [2, 3], [2, 4], [2, 5], [3, 6], [7, 8]]
   78,  [[0, 1], [0, 2], [0, 4], [2, 2], [2, 5], [2, 6], [3, 3], [3, 7], [3, 8]]
   79,  [[0, 1], [0, 2], [0, 4], [2, 2], [2, 3], [2, 5], [3, 3], [3, 6], [3, 7]]
   80,  [[0, 1], [0, 2], [0, 4], [2, 3], [2, 5], [3, 3], [3, 6], [3, 7], [8, 8]]
   81,  [[0, 1], [0, 2], [0, 4], [2, 3], [2, 5], [2, 6], [3, 3], [3, 7], [8, 8]]
   82,  [[0, 2], [0, 3], [0, 4], [2, 2], [2, 5], [2, 6], [3, 3], [3, 7], [3, 8]]
   83,  [[0, 0], [0, 2], [0, 4], [2, 2], [2, 5], [3, 3], [3, 6], [3, 7], [8, 8]]
   84,  [[0, 0], [0, 2], [0, 4], [2, 2], [2, 5], [2, 6], [3, 3], [3, 3], [3, 7]]
   85,  [[0, 2], [0, 4], [0, 5], [2, 2], [2, 3], [2, 6], [3, 3], [3, 7], [3, 8]]
   86,  [[0, 0], [0, 2], [0, 4], [1, 2], [2, 3], [2, 5], [3, 3], [3, 6], [3, 7]]
   87,  [[0, 0], [0, 2], [0, 4], [2, 2], [2, 3], [3, 3], [3, 5], [3, 6], [7, 7]]
   88,  [[0, 0], [0, 2], [0, 4], [2, 2], [2, 3], [2, 5], [3, 6], [3, 7], [3, 8]]
   89,  [[0, 0], [0, 2], [0, 4], [2, 2], [2, 3], [2, 5], [3, 3], [3, 6], [7, 7]]
   90,  [[0, 2], [0, 2], [0, 4], [2, 3], [2, 5], [3, 3], [3, 6], [3, 7], [8, 8]]
   91,  [[0, 0], [0, 2], [0, 4], [2, 3], [2, 3], [2, 5], [3, 6], [3, 7], [8, 8]]
   92,  [[0, 0], [0, 2], [0, 4], [2, 3], [2, 5], [3, 3], [3, 6], [7, 7], [8, 8]]
   93,  [[0, 0], [0, 2], [0, 4], [1, 5], [2, 3], [2, 6], [3, 3], [3, 7], [3, 8]]
   94,  [[0, 2], [0, 3], [0, 4], [2, 2], [2, 3], [2, 5], [3, 6], [3, 7], [8, 8]]
   95,  [[0, 0], [0, 2], [0, 4], [2, 5], [2, 6], [3, 3], [3, 3], [3, 7], [8, 8]]
   96,  [[0, 0], [0, 2], [0, 4], [2, 3], [2, 5], [2, 6], [3, 3], [3, 3], [7, 7]]
   97,  [[0, 0], [0, 2], [0, 4], [1, 5], [2, 3], [2, 6], [2, 7], [3, 3], [3, 8]]
   98,  [[0, 2], [0, 3], [0, 4], [1, 2], [2, 2], [2, 5], [3, 3], [3, 6], [3, 7]]
   99,  [[0, 2], [0, 3], [0, 4], [1, 2], [2, 5], [3, 3], [3, 6], [3, 7], [8, 8]]
  100,  [[0, 2], [0, 3], [0, 4], [1, 2], [2, 5], [2, 6], [3, 3], [3, 7], [8, 8]]
  101,  [[0, 2], [0, 2], [0, 4], [1, 3], [2, 2], [2, 5], [3, 6], [3, 7], [8, 8]]
  102,  [[0, 0], [0, 2], [0, 4], [1, 3], [2, 2], [2, 2], [3, 5], [3, 6], [7, 7]]
  103,  [[0, 0], [0, 2], [0, 4], [1, 3], [2, 2], [2, 5], [3, 3], [3, 6], [7, 7]]
  104,  [[0, 0], [0, 2], [0, 4], [1, 3], [2, 2], [2, 5], [3, 6], [3, 7], [3, 8]]
  105,  [[0, 2], [0, 4], [0, 5], [1, 3], [2, 2], [2, 6], [2, 7], [3, 3], [3, 8]]
  106,  [[0, 0], [0, 2], [0, 4], [1, 3], [2, 5], [2, 6], [2, 7], [3, 3], [3, 8]]
  107,  [[0, 0], [0, 2], [0, 4], [1, 3], [2, 2], [2, 5], [2, 6], [3, 3], [3, 3]]
  108,  [[0, 2], [0, 2], [0, 4], [1, 3], [2, 2], [2, 5], [3, 3], [3, 6], [3, 7]]
  109,  [[0, 2], [0, 2], [0, 4], [1, 3], [2, 5], [3, 3], [3, 6], [3, 7], [8, 8]]
  110,  [[0, 2], [0, 2], [0, 4], [1, 3], [2, 5], [2, 6], [3, 3], [3, 7], [8, 8]]
  111,  [[0, 2], [0, 4], [0, 5], [1, 3], [2, 2], [2, 6], [3, 3], [3, 7], [3, 8]]
  112,  [[0, 0], [0, 2], [0, 4], [1, 3], [2, 2], [2, 2], [3, 3], [3, 5], [3, 6]]
  113,  [[0, 2], [0, 3], [0, 4], [1, 2], [2, 2], [2, 5], [3, 6], [3, 7], [8, 8]]
  114,  [[0, 0], [0, 2], [0, 4], [1, 3], [2, 5], [2, 6], [3, 3], [3, 3], [7, 7]]
  115,  [[0, 2], [0, 4], [0, 5], [1, 3], [2, 2], [2, 3], [3, 6], [3, 7], [8, 8]]
  116,  [[0, 2], [0, 4], [0, 5], [1, 3], [2, 2], [2, 3], [2, 6], [3, 3], [3, 7]]
  117,  [[0, 2], [0, 4], [0, 5], [1, 3], [2, 2], [2, 3], [2, 6], [3, 7], [8, 8]]
  118,  [[0, 2], [0, 2], [0, 4], [1, 3], [2, 2], [2, 3], [3, 5], [3, 6], [7, 7]]
  119,  [[0, 0], [0, 2], [0, 4], [1, 3], [2, 2], [2, 3], [3, 3], [3, 5], [6, 6]]
  120,  [[0, 0], [0, 2], [0, 4], [1, 3], [2, 2], [2, 3], [3, 5], [6, 6], [7, 7]]
  121,  [[0, 0], [0, 2], [0, 4], [1, 3], [2, 2], [2, 3], [3, 5], [3, 6], [7, 8]]
  122,  [[0, 0], [0, 2], [0, 4], [1, 3], [2, 2], [2, 3], [2, 5], [3, 3], [6, 6]]
  123,  [[0, 2], [0, 3], [0, 4], [1, 2], [2, 3], [2, 5], [3, 3], [3, 6], [7, 7]]
  124,  [[0, 0], [0, 2], [0, 4], [1, 3], [2, 3], [2, 3], [2, 5], [3, 6], [7, 7]]
  125,  [[0, 0], [0, 2], [0, 4], [1, 3], [2, 2], [2, 3], [2, 5], [3, 6], [7, 8]]
  126,  [[0, 2], [0, 2], [0, 4], [1, 3], [2, 3], [3, 5], [3, 6], [7, 7], [8, 8]]
  127,  [[0, 2], [0, 2], [0, 4], [1, 3], [2, 3], [2, 5], [3, 3], [3, 6], [7, 7]]
  128,  [[0, 2], [0, 2], [0, 4], [1, 3], [2, 3], [2, 5], [3, 6], [7, 7], [8, 8]]
  129,  [[0, 2], [0, 4], [0, 5], [1, 3], [2, 3], [2, 6], [3, 3], [3, 7], [8, 8]]
  130,  [[0, 0], [0, 2], [0, 4], [1, 3], [2, 3], [2, 5], [3, 3], [6, 6], [7, 7]]
  131,  [[0, 0], [0, 2], [0, 4], [1, 3], [2, 3], [2, 5], [3, 3], [3, 6], [7, 8]]
  132,  [[0, 2], [0, 3], [0, 4], [1, 2], [2, 3], [2, 5], [3, 6], [7, 7], [8, 8]]
  133,  [[0, 2], [0, 4], [0, 5], [1, 3], [2, 3], [2, 6], [2, 7], [3, 3], [8, 8]]
  134,  [[0, 2], [0, 3], [0, 4], [1, 2], [2, 2], [2, 3], [3, 5], [3, 6], [7, 7]]
  135,  [[0, 0], [0, 2], [0, 4], [1, 3], [2, 3], [2, 5], [2, 6], [3, 3], [7, 8]]
  136,  [[0, 2], [0, 3], [0, 4], [1, 2], [2, 3], [3, 5], [3, 6], [7, 7], [8, 8]]
  137,  [[0, 0], [0, 0], [0, 1], [2, 2], [2, 3], [2, 4], [2, 5], [3, 6], [3, 7]]
  138,  [[0, 0], [0, 1], [0, 4], [2, 3], [2, 3], [2, 5], [2, 6], [3, 7], [3, 8]]
  139,  [[0, 0], [0, 1], [0, 4], [2, 2], [2, 5], [2, 6], [3, 3], [3, 7], [3, 8]]
  140,  [[0, 0], [0, 1], [0, 4], [2, 2], [2, 3], [2, 5], [3, 6], [3, 7], [8, 8]]
  141,  [[0, 0], [0, 1], [0, 4], [2, 2], [2, 3], [2, 5], [2, 6], [3, 3], [3, 7]]
  142,  [[0, 0], [0, 0], [0, 4], [2, 2], [2, 3], [2, 3], [2, 5], [3, 6], [3, 7]]
  143,  [[0, 0], [0, 0], [0, 4], [2, 3], [2, 3], [2, 5], [2, 6], [3, 7], [8, 8]]
  144,  [[0, 0], [0, 0], [0, 4], [2, 2], [2, 2], [2, 5], [3, 3], [3, 6], [3, 7]]
  145,  [[0, 0], [0, 2], [0, 4], [2, 2], [2, 3], [2, 5], [3, 6], [3, 7], [8, 8]]
  146,  [[0, 0], [0, 0], [0, 4], [2, 2], [2, 3], [2, 5], [3, 3], [3, 6], [7, 7]]
  147,  [[0, 0], [0, 0], [0, 4], [1, 5], [2, 2], [2, 3], [2, 6], [3, 7], [3, 8]]
  148,  [[0, 0], [0, 0], [0, 4], [2, 2], [2, 3], [2, 5], [3, 6], [3, 7], [3, 8]]
  149,  [[0, 0], [0, 4], [0, 5], [2, 2], [2, 3], [2, 6], [2, 7], [3, 3], [3, 8]]
  150,  [[0, 0], [0, 0], [0, 4], [1, 2], [2, 3], [2, 5], [3, 3], [3, 6], [3, 7]]
  151,  [[0, 0], [0, 0], [0, 2], [1, 2], [2, 4], [2, 5], [3, 3], [3, 6], [3, 7]]
  152,  [[0, 0], [0, 2], [0, 4], [1, 2], [2, 2], [2, 5], [3, 3], [3, 6], [3, 7]]
  153,  [[0, 0], [0, 2], [0, 4], [1, 2], [2, 5], [3, 3], [3, 6], [3, 7], [8, 8]]
  154,  [[0, 0], [0, 2], [0, 4], [1, 2], [2, 5], [2, 6], [3, 3], [3, 3], [3, 7]]
  155,  [[0, 0], [0, 4], [0, 5], [1, 2], [2, 2], [2, 6], [3, 3], [3, 7], [3, 8]]
  156,  [[0, 0], [0, 0], [0, 4], [1, 2], [2, 2], [2, 2], [3, 3], [3, 5], [3, 6]]
  157,  [[0, 0], [0, 0], [0, 4], [1, 2], [2, 2], [2, 5], [3, 6], [3, 7], [3, 8]]
  158,  [[0, 0], [0, 0], [0, 4], [1, 2], [2, 2], [2, 5], [3, 3], [3, 3], [3, 6]]
  159,  [[0, 0], [0, 4], [0, 5], [1, 2], [2, 6], [2, 7], [3, 3], [3, 3], [3, 8]]
  160,  [[0, 0], [0, 4], [0, 5], [1, 2], [2, 3], [2, 3], [2, 6], [3, 7], [3, 8]]
  161,  [[0, 0], [0, 4], [0, 5], [1, 2], [2, 2], [2, 3], [3, 6], [3, 7], [8, 8]]
  162,  [[0, 0], [0, 4], [0, 5], [1, 2], [2, 2], [2, 3], [2, 6], [3, 3], [3, 7]]
  163,  [[0, 0], [0, 0], [0, 4], [1, 2], [2, 2], [2, 3], [2, 3], [3, 5], [3, 6]]
  164,  [[0, 0], [0, 0], [0, 4], [1, 2], [2, 3], [2, 3], [3, 5], [3, 6], [7, 7]]
  165,  [[0, 0], [0, 0], [0, 4], [1, 2], [2, 3], [2, 3], [2, 5], [3, 3], [3, 6]]
  166,  [[0, 0], [0, 0], [0, 4], [1, 2], [2, 3], [2, 3], [2, 5], [3, 6], [7, 7]]
  167,  [[0, 0], [0, 2], [0, 4], [1, 2], [2, 2], [2, 3], [3, 5], [3, 6], [7, 7]]
  168,  [[0, 0], [0, 0], [0, 4], [1, 2], [2, 2], [2, 3], [3, 3], [3, 5], [6, 6]]
  169,  [[0, 0], [0, 0], [0, 4], [1, 2], [2, 2], [2, 3], [3, 5], [3, 6], [3, 7]]
  170,  [[0, 0], [0, 0], [0, 4], [1, 2], [2, 2], [2, 3], [3, 5], [3, 6], [7, 8]]
  171,  [[0, 0], [0, 0], [0, 2], [1, 2], [2, 3], [2, 4], [3, 5], [3, 6], [7, 7]]
  172,  [[0, 0], [0, 2], [0, 4], [1, 2], [2, 3], [3, 5], [3, 6], [7, 7], [8, 8]]
  173,  [[0, 0], [0, 2], [0, 4], [1, 2], [2, 3], [2, 5], [3, 3], [3, 6], [7, 7]]
  174,  [[0, 0], [0, 2], [0, 4], [1, 2], [2, 3], [2, 5], [3, 6], [3, 7], [3, 8]]
  175,  [[0, 0], [0, 4], [0, 5], [1, 2], [2, 3], [2, 6], [3, 3], [3, 7], [8, 8]]
  176,  [[0, 0], [0, 0], [0, 4], [1, 2], [2, 3], [2, 5], [3, 3], [3, 6], [7, 8]]
  177,  [[0, 0], [0, 4], [0, 5], [1, 2], [2, 3], [2, 6], [2, 7], [3, 3], [3, 3]]
  178,  [[0, 0], [0, 1], [0, 2], [2, 2], [2, 4], [2, 5], [3, 3], [3, 6], [3, 7]]
  179,  [[0, 0], [0, 1], [0, 2], [2, 2], [2, 3], [2, 4], [3, 3], [3, 5], [3, 6]]
  180,  [[0, 0], [0, 1], [0, 2], [2, 3], [2, 4], [3, 3], [3, 5], [3, 6], [7, 7]]
  181,  [[0, 0], [0, 1], [0, 2], [2, 3], [2, 4], [2, 5], [3, 6], [3, 7], [3, 8]]
  182,  [[0, 0], [0, 1], [0, 2], [2, 3], [2, 4], [2, 5], [3, 3], [3, 6], [7, 7]]
  183,  [[0, 0], [0, 2], [0, 3], [2, 2], [2, 4], [2, 5], [3, 3], [3, 6], [3, 7]]
  184,  [[0, 0], [0, 0], [0, 2], [2, 4], [2, 5], [2, 6], [3, 3], [3, 7], [3, 8]]
  185,  [[0, 0], [0, 0], [0, 2], [2, 2], [2, 4], [3, 3], [3, 5], [3, 6], [7, 7]]
  186,  [[0, 0], [0, 0], [0, 2], [2, 2], [2, 4], [2, 5], [3, 6], [3, 7], [3, 8]]
  187,  [[0, 0], [0, 0], [0, 2], [2, 4], [2, 5], [3, 3], [3, 6], [3, 7], [3, 8]]
  188,  [[0, 0], [0, 0], [0, 2], [2, 2], [2, 3], [2, 4], [3, 5], [3, 6], [3, 7]]
  189,  [[0, 0], [0, 0], [0, 2], [2, 3], [2, 4], [3, 5], [3, 6], [3, 7], [8, 8]]
  190,  [[0, 0], [0, 0], [0, 2], [2, 3], [2, 4], [2, 5], [3, 6], [3, 7], [8, 8]]
  191,  [[0, 0], [0, 2], [0, 3], [2, 2], [2, 3], [2, 4], [3, 5], [3, 6], [7, 7]]
  192,  [[0, 0], [0, 0], [0, 2], [1, 4], [2, 3], [2, 5], [2, 6], [3, 3], [3, 7]]
  193,  [[0, 0], [0, 0], [0, 2], [2, 3], [2, 4], [2, 5], [3, 3], [3, 6], [7, 8]]
  194,  [[0, 0], [0, 2], [0, 3], [1, 2], [2, 2], [2, 4], [3, 3], [3, 5], [3, 6]]
  195,  [[0, 0], [0, 2], [0, 3], [1, 2], [2, 4], [3, 3], [3, 5], [3, 6], [7, 7]]
  196,  [[0, 0], [0, 2], [0, 3], [1, 2], [2, 4], [2, 5], [3, 6], [3, 7], [3, 8]]
  197,  [[0, 0], [0, 2], [0, 3], [1, 2], [2, 4], [2, 5], [3, 3], [3, 6], [7, 7]]
  198,  [[0, 0], [0, 0], [0, 2], [1, 3], [2, 4], [2, 5], [3, 6], [3, 7], [8, 8]]
  199,  [[0, 0], [0, 0], [0, 2], [1, 3], [2, 4], [2, 5], [2, 6], [3, 3], [3, 7]]
  200,  [[0, 0], [0, 2], [0, 2], [1, 3], [2, 2], [2, 4], [3, 5], [3, 6], [7, 7]]
  201,  [[0, 0], [0, 0], [0, 2], [1, 3], [2, 2], [2, 4], [3, 3], [3, 5], [6, 6]]
  202,  [[0, 0], [0, 0], [0, 2], [1, 3], [2, 2], [2, 4], [3, 5], [3, 6], [3, 7]]
  203,  [[0, 0], [0, 0], [0, 2], [1, 3], [2, 2], [2, 4], [3, 5], [3, 6], [7, 8]]
  204,  [[0, 0], [0, 2], [0, 2], [1, 3], [2, 2], [2, 4], [3, 3], [3, 5], [3, 6]]
  205,  [[0, 0], [0, 2], [0, 2], [1, 3], [2, 4], [3, 3], [3, 5], [3, 6], [7, 7]]
  206,  [[0, 0], [0, 2], [0, 2], [1, 3], [2, 4], [2, 5], [3, 6], [3, 7], [3, 8]]
  207,  [[0, 0], [0, 2], [0, 2], [1, 3], [2, 4], [2, 5], [3, 3], [3, 6], [7, 7]]
  208,  [[0, 0], [0, 2], [0, 3], [1, 2], [2, 2], [2, 4], [3, 5], [3, 6], [7, 7]]
  209,  [[0, 0], [0, 0], [0, 2], [1, 3], [2, 4], [2, 5], [3, 3], [3, 6], [7, 8]]
  210,  [[0, 0], [0, 2], [0, 2], [1, 3], [2, 2], [2, 3], [3, 4], [3, 5], [6, 6]]
  211,  [[0, 0], [0, 0], [0, 2], [1, 3], [2, 2], [2, 3], [3, 4], [3, 5], [6, 7]]
  212,  [[0, 0], [0, 2], [0, 2], [2, 3], [2, 4], [3, 3], [3, 5], [3, 6], [7, 7]]
  213,  [[0, 0], [0, 2], [0, 2], [1, 3], [2, 3], [3, 4], [3, 5], [6, 6], [7, 7]]
  214,  [[0, 0], [0, 2], [0, 2], [1, 3], [2, 3], [2, 4], [3, 3], [3, 5], [6, 6]]
  215,  [[0, 0], [0, 2], [0, 2], [1, 3], [2, 3], [2, 4], [3, 5], [6, 6], [7, 7]]
  216,  [[0, 0], [0, 2], [0, 2], [1, 3], [2, 3], [2, 4], [3, 5], [3, 6], [7, 8]]
  217,  [[0, 0], [0, 0], [0, 2], [2, 3], [2, 4], [3, 3], [3, 5], [3, 6], [7, 8]]
  218,  [[0, 0], [0, 0], [0, 2], [1, 3], [2, 3], [2, 4], [3, 3], [3, 5], [6, 7]]
  219,  [[0, 0], [0, 0], [0, 2], [1, 3], [2, 3], [2, 4], [3, 5], [6, 6], [7, 8]]
  220,  [[0, 0], [0, 2], [0, 3], [1, 2], [2, 2], [2, 3], [3, 4], [3, 5], [6, 6]]
  221,  [[0, 0], [0, 0], [0, 2], [1, 3], [2, 3], [2, 4], [2, 5], [3, 3], [6, 7]]
  222,  [[0, 0], [0, 2], [0, 3], [1, 2], [2, 3], [3, 4], [3, 5], [6, 6], [7, 7]]
  223,  [[0, 0], [0, 2], [0, 3], [1, 2], [2, 3], [2, 4], [3, 3], [3, 5], [6, 6]]
  224,  [[0, 0], [0, 2], [0, 3], [1, 2], [2, 3], [2, 4], [3, 5], [6, 6], [7, 7]]
  225,  [[0, 0], [0, 2], [0, 3], [1, 2], [2, 3], [2, 4], [3, 5], [3, 6], [7, 8]]
  226,  [[0, 0], [0, 0], [0, 2], [1, 3], [2, 2], [2, 3], [2, 4], [3, 5], [6, 7]]
  227,  [[0, 1], [0, 2], [0, 4], [2, 2], [2, 5], [3, 3], [3, 6], [3, 7], [8, 8]]
  228,  [[0, 1], [0, 2], [0, 4], [2, 2], [2, 5], [2, 6], [3, 3], [3, 3], [3, 7]]
  229,  [[0, 1], [0, 2], [0, 4], [2, 2], [2, 3], [3, 3], [3, 5], [3, 6], [7, 7]]
  230,  [[0, 1], [0, 2], [0, 4], [2, 2], [2, 3], [2, 5], [3, 6], [3, 7], [3, 8]]
  231,  [[0, 1], [0, 2], [0, 4], [2, 2], [2, 3], [2, 5], [3, 3], [3, 6], [7, 7]]
  232,  [[0, 1], [0, 2], [0, 4], [2, 3], [2, 3], [2, 5], [3, 6], [3, 7], [8, 8]]
  233,  [[0, 1], [0, 2], [0, 4], [2, 3], [2, 5], [3, 3], [3, 6], [7, 7], [8, 8]]
  234,  [[0, 1], [0, 2], [0, 4], [2, 5], [2, 6], [3, 3], [3, 3], [3, 7], [8, 8]]
  235,  [[0, 1], [0, 2], [0, 4], [2, 3], [2, 5], [2, 6], [3, 3], [3, 3], [7, 7]]
  236,  [[0, 2], [0, 3], [0, 4], [2, 2], [2, 5], [2, 6], [3, 3], [3, 7], [8, 8]]
  237,  [[0, 2], [0, 2], [0, 4], [2, 2], [2, 5], [3, 3], [3, 6], [3, 7], [8, 8]]
  238,  [[0, 0], [0, 2], [0, 4], [2, 2], [2, 2], [3, 3], [3, 5], [3, 6], [7, 7]]
  239,  [[0, 0], [0, 2], [0, 4], [2, 2], [2, 5], [3, 3], [3, 3], [3, 6], [7, 7]]
  240,  [[0, 0], [0, 2], [0, 4], [1, 5], [2, 2], [2, 6], [3, 3], [3, 7], [3, 8]]
  241,  [[0, 0], [0, 2], [0, 4], [2, 2], [2, 5], [3, 3], [3, 6], [3, 7], [3, 8]]
  242,  [[0, 2], [0, 4], [0, 5], [2, 2], [2, 6], [2, 7], [3, 3], [3, 3], [3, 8]]
  243,  [[0, 0], [0, 2], [0, 4], [2, 5], [2, 6], [2, 7], [3, 3], [3, 3], [3, 8]]
  244,  [[0, 2], [0, 4], [0, 5], [1, 2], [2, 3], [2, 6], [3, 3], [3, 7], [3, 8]]
  245,  [[0, 2], [0, 4], [0, 5], [2, 2], [2, 3], [3, 3], [3, 6], [3, 7], [8, 8]]
  246,  [[0, 2], [0, 4], [0, 5], [2, 2], [2, 3], [2, 6], [3, 3], [3, 7], [8, 8]]
  247,  [[0, 0], [0, 0], [0, 2], [1, 2], [2, 3], [2, 4], [3, 3], [3, 5], [3, 6]]
  248,  [[0, 0], [0, 2], [0, 4], [1, 2], [2, 2], [2, 3], [3, 3], [3, 5], [3, 6]]
  249,  [[0, 0], [0, 2], [0, 4], [1, 2], [2, 3], [3, 3], [3, 5], [3, 6], [7, 7]]
  250,  [[0, 0], [0, 2], [0, 4], [2, 2], [2, 3], [2, 3], [3, 5], [3, 6], [7, 7]]
  251,  [[0, 0], [0, 2], [0, 4], [2, 2], [2, 3], [3, 5], [3, 6], [3, 7], [8, 8]]
  252,  [[0, 0], [0, 2], [0, 4], [2, 2], [2, 3], [3, 3], [3, 5], [6, 6], [7, 7]]
  253,  [[0, 0], [0, 2], [0, 4], [1, 5], [2, 2], [2, 3], [3, 3], [3, 6], [3, 7]]
  254,  [[0, 0], [0, 2], [0, 4], [2, 2], [2, 3], [3, 3], [3, 5], [3, 6], [7, 8]]
  255,  [[0, 0], [0, 2], [0, 4], [2, 3], [2, 3], [2, 5], [3, 3], [3, 6], [7, 7]]
  256,  [[0, 0], [0, 2], [0, 4], [1, 5], [2, 2], [2, 3], [2, 6], [3, 3], [3, 7]]
  257,  [[0, 0], [0, 2], [0, 4], [2, 2], [2, 3], [2, 5], [3, 3], [3, 6], [7, 8]]
  258,  [[0, 2], [0, 2], [0, 4], [2, 3], [2, 5], [3, 3], [3, 6], [7, 7], [8, 8]]
  259,  [[0, 2], [0, 2], [0, 4], [1, 5], [2, 3], [2, 6], [3, 3], [3, 7], [3, 8]]
  260,  [[0, 0], [0, 0], [0, 2], [2, 3], [2, 3], [2, 4], [3, 5], [3, 6], [7, 7]]
  261,  [[0, 0], [0, 2], [0, 4], [2, 3], [2, 3], [3, 5], [3, 6], [7, 7], [8, 8]]
  262,  [[0, 0], [0, 2], [0, 4], [2, 3], [2, 3], [2, 5], [3, 6], [7, 7], [8, 8]]
  263,  [[0, 0], [0, 2], [0, 4], [1, 5], [2, 3], [2, 3], [2, 6], [3, 7], [3, 8]]
  264,  [[0, 0], [0, 2], [0, 4], [1, 5], [2, 3], [2, 6], [3, 3], [3, 7], [8, 8]]
  265,  [[0, 0], [0, 0], [0, 2], [1, 4], [2, 3], [2, 5], [3, 3], [3, 6], [3, 7]]
  266,  [[0, 2], [0, 3], [0, 4], [2, 2], [2, 3], [3, 5], [3, 6], [7, 7], [8, 8]]
  267,  [[0, 2], [0, 3], [0, 4], [1, 5], [2, 2], [2, 3], [2, 6], [3, 7], [3, 8]]
  268,  [[0, 2], [0, 2], [0, 4], [2, 5], [2, 6], [3, 3], [3, 3], [3, 7], [8, 8]]
  269,  [[0, 0], [0, 2], [0, 4], [1, 5], [2, 6], [2, 7], [3, 3], [3, 3], [3, 8]]
  270,  [[0, 2], [0, 4], [0, 5], [2, 3], [2, 6], [2, 7], [3, 3], [3, 3], [8, 8]]
  271,  [[0, 0], [0, 2], [0, 4], [1, 5], [2, 3], [2, 6], [2, 7], [3, 3], [3, 3]]
  272,  [[0, 0], [0, 2], [0, 4], [2, 3], [2, 5], [2, 6], [3, 3], [3, 3], [7, 8]]
  273,  [[0, 2], [0, 3], [0, 4], [1, 2], [2, 2], [3, 3], [3, 5], [3, 6], [7, 7]]
  274,  [[0, 2], [0, 3], [0, 4], [1, 2], [2, 2], [2, 5], [3, 6], [3, 7], [3, 8]]
  275,  [[0, 2], [0, 3], [0, 4], [1, 2], [2, 2], [2, 5], [3, 3], [3, 6], [7, 7]]
  276,  [[0, 2], [0, 3], [0, 4], [1, 2], [2, 5], [3, 3], [3, 6], [7, 7], [8, 8]]
  277,  [[0, 2], [0, 3], [0, 4], [1, 2], [2, 5], [2, 6], [3, 3], [3, 3], [7, 7]]
  278,  [[0, 2], [0, 2], [0, 4], [1, 3], [2, 2], [3, 5], [3, 6], [7, 7], [8, 8]]
  279,  [[0, 2], [0, 2], [0, 4], [1, 3], [2, 2], [2, 5], [3, 3], [3, 6], [7, 7]]
  280,  [[0, 2], [0, 2], [0, 4], [1, 3], [2, 2], [2, 5], [3, 6], [3, 7], [3, 8]]
  281,  [[0, 2], [0, 4], [0, 5], [1, 3], [2, 2], [2, 2], [3, 6], [3, 7], [8, 8]]
  282,  [[0, 0], [0, 2], [0, 4], [1, 3], [2, 2], [2, 2], [3, 3], [3, 5], [6, 6]]
  283,  [[0, 0], [0, 2], [0, 4], [1, 3], [2, 2], [2, 2], [3, 5], [3, 6], [3, 7]]
  284,  [[0, 0], [0, 2], [0, 4], [1, 3], [2, 2], [2, 2], [3, 5], [3, 6], [7, 8]]
  285,  [[0, 2], [0, 4], [0, 5], [1, 3], [2, 2], [2, 6], [3, 3], [3, 7], [8, 8]]
  286,  [[0, 0], [0, 2], [0, 4], [1, 3], [2, 2], [2, 5], [3, 3], [3, 3], [6, 6]]
  287,  [[0, 0], [0, 2], [0, 4], [1, 3], [2, 2], [2, 5], [3, 3], [3, 6], [7, 8]]
  288,  [[0, 2], [0, 4], [0, 5], [1, 3], [2, 2], [2, 6], [2, 7], [3, 3], [3, 3]]
  289,  [[0, 0], [0, 2], [0, 4], [1, 3], [2, 5], [2, 6], [2, 7], [3, 3], [3, 3]]
  290,  [[0, 2], [0, 2], [0, 4], [1, 3], [2, 2], [3, 3], [3, 5], [3, 6], [7, 7]]
  291,  [[0, 2], [0, 2], [0, 4], [1, 3], [2, 5], [3, 3], [3, 6], [7, 7], [8, 8]]
  292,  [[0, 2], [0, 2], [0, 4], [1, 3], [2, 5], [2, 6], [3, 3], [3, 3], [7, 7]]
  293,  [[0, 2], [0, 4], [0, 5], [1, 3], [2, 2], [2, 2], [3, 3], [3, 6], [3, 7]]
  294,  [[0, 2], [0, 3], [0, 4], [1, 2], [2, 2], [3, 5], [3, 6], [7, 7], [8, 8]]
  295,  [[0, 2], [0, 4], [0, 5], [1, 3], [2, 6], [2, 7], [3, 3], [3, 3], [8, 8]]
  296,  [[0, 0], [0, 2], [0, 4], [1, 3], [2, 5], [2, 6], [3, 3], [3, 3], [7, 8]]
  297,  [[0, 2], [0, 4], [0, 5], [1, 3], [2, 2], [2, 3], [3, 3], [3, 6], [7, 7]]
  298,  [[0, 2], [0, 4], [0, 5], [1, 3], [2, 2], [2, 3], [3, 6], [7, 7], [8, 8]]
  299,  [[0, 2], [0, 4], [0, 5], [1, 3], [2, 2], [2, 3], [2, 6], [3, 3], [7, 7]]
  300,  [[0, 2], [0, 4], [0, 5], [1, 3], [2, 3], [2, 3], [2, 6], [3, 7], [8, 8]]
  301,  [[0, 2], [0, 2], [0, 4], [1, 3], [2, 2], [2, 3], [3, 5], [3, 6], [7, 8]]
  302,  [[0, 0], [0, 2], [0, 4], [1, 3], [2, 2], [2, 3], [2, 3], [3, 5], [6, 6]]
  303,  [[0, 0], [0, 2], [0, 4], [1, 3], [2, 2], [2, 3], [3, 3], [5, 5], [6, 6]]
  304,  [[0, 0], [0, 2], [0, 4], [1, 3], [2, 2], [2, 3], [3, 3], [3, 5], [6, 7]]
  305,  [[0, 2], [0, 3], [0, 4], [1, 2], [2, 3], [2, 5], [3, 3], [6, 6], [7, 7]]
  306,  [[0, 0], [0, 2], [0, 4], [1, 3], [2, 3], [2, 3], [3, 5], [6, 6], [7, 7]]
  307,  [[0, 0], [0, 2], [0, 4], [1, 3], [2, 2], [2, 3], [3, 5], [6, 6], [7, 8]]
  308,  [[0, 0], [0, 2], [0, 4], [1, 3], [2, 3], [2, 3], [2, 5], [3, 3], [6, 6]]
  309,  [[0, 0], [0, 2], [0, 4], [1, 3], [2, 2], [2, 3], [2, 5], [3, 3], [6, 7]]
  310,  [[0, 2], [0, 3], [0, 4], [1, 2], [2, 3], [2, 5], [3, 3], [3, 6], [7, 8]]
  311,  [[0, 0], [0, 0], [0, 2], [1, 3], [2, 3], [2, 3], [2, 4], [3, 5], [6, 6]]
  312,  [[0, 0], [0, 2], [0, 4], [1, 3], [2, 3], [2, 3], [2, 5], [6, 6], [7, 7]]
  313,  [[0, 0], [0, 2], [0, 4], [1, 3], [2, 3], [2, 3], [2, 5], [3, 6], [7, 8]]
  314,  [[0, 2], [0, 2], [0, 4], [1, 3], [2, 3], [2, 5], [3, 3], [6, 6], [7, 7]]
  315,  [[0, 2], [0, 2], [0, 4], [1, 3], [2, 3], [2, 5], [3, 3], [3, 6], [7, 8]]
  316,  [[0, 2], [0, 4], [0, 5], [1, 3], [2, 3], [2, 6], [3, 3], [7, 7], [8, 8]]
  317,  [[0, 0], [0, 2], [0, 4], [1, 3], [2, 3], [2, 5], [3, 3], [6, 6], [7, 8]]
  318,  [[0, 2], [0, 3], [0, 4], [1, 2], [2, 2], [2, 3], [3, 5], [3, 6], [7, 8]]
  319,  [[0, 0], [0, 0], [0, 1], [2, 3], [2, 3], [2, 4], [2, 5], [3, 6], [3, 7]]
  320,  [[0, 0], [0, 0], [0, 1], [2, 3], [2, 4], [2, 5], [2, 6], [3, 7], [3, 8]]
  321,  [[0, 0], [0, 0], [0, 1], [2, 2], [2, 4], [2, 5], [3, 3], [3, 6], [3, 7]]
  322,  [[0, 0], [0, 0], [0, 1], [2, 2], [2, 3], [2, 4], [3, 5], [3, 6], [7, 7]]
  323,  [[0, 0], [0, 0], [0, 1], [2, 2], [2, 3], [2, 4], [2, 5], [3, 3], [3, 6]]
  324,  [[0, 0], [0, 1], [0, 4], [2, 2], [2, 3], [2, 3], [2, 5], [3, 6], [3, 7]]
  325,  [[0, 0], [0, 1], [0, 4], [2, 3], [2, 3], [2, 5], [2, 6], [3, 7], [8, 8]]
  326,  [[0, 0], [0, 1], [0, 4], [2, 2], [2, 2], [2, 5], [3, 3], [3, 6], [3, 7]]
  327,  [[0, 1], [0, 2], [0, 4], [2, 2], [2, 3], [2, 5], [3, 6], [3, 7], [8, 8]]
  328,  [[0, 0], [0, 1], [0, 4], [2, 2], [2, 2], [2, 3], [3, 5], [3, 6], [7, 7]]
  329,  [[0, 0], [0, 1], [0, 4], [2, 2], [2, 3], [2, 5], [3, 3], [3, 6], [7, 7]]
  330,  [[0, 0], [0, 1], [0, 4], [2, 2], [2, 3], [2, 5], [3, 6], [3, 7], [3, 8]]
  331,  [[0, 1], [0, 4], [0, 5], [2, 2], [2, 3], [2, 6], [2, 7], [3, 3], [3, 8]]
  332,  [[0, 0], [0, 1], [0, 4], [2, 2], [2, 2], [2, 3], [3, 3], [3, 5], [3, 6]]
  333,  [[0, 0], [0, 4], [0, 5], [2, 2], [2, 3], [2, 3], [2, 6], [3, 7], [3, 8]]
  334,  [[0, 0], [0, 0], [0, 4], [2, 2], [2, 3], [2, 3], [3, 5], [3, 6], [7, 7]]
  335,  [[0, 0], [0, 0], [0, 4], [1, 5], [2, 3], [2, 3], [2, 6], [2, 7], [3, 8]]
  336,  [[0, 0], [0, 4], [0, 5], [2, 2], [2, 2], [2, 6], [3, 3], [3, 7], [3, 8]]
  337,  [[0, 0], [0, 0], [0, 4], [2, 2], [2, 2], [2, 5], [3, 6], [3, 7], [3, 8]]
  338,  [[0, 0], [0, 2], [0, 4], [2, 2], [2, 3], [3, 5], [3, 6], [7, 7], [8, 8]]
  339,  [[0, 0], [0, 2], [0, 4], [1, 5], [2, 2], [2, 3], [2, 6], [3, 7], [3, 8]]
  340,  [[0, 0], [0, 4], [0, 5], [2, 2], [2, 3], [2, 6], [3, 3], [3, 7], [8, 8]]
  341,  [[0, 0], [0, 0], [0, 4], [1, 5], [2, 2], [2, 3], [2, 6], [3, 3], [3, 7]]
  342,  [[0, 0], [0, 0], [0, 4], [2, 2], [2, 3], [2, 5], [3, 3], [3, 6], [7, 8]]
  343,  [[0, 0], [0, 0], [0, 4], [1, 5], [2, 2], [2, 2], [2, 3], [3, 6], [3, 7]]
  344,  [[0, 0], [0, 0], [0, 4], [2, 2], [2, 2], [2, 3], [3, 5], [3, 6], [3, 7]]
  345,  [[0, 0], [0, 4], [0, 5], [1, 2], [2, 3], [2, 6], [3, 3], [3, 7], [3, 8]]
  346,  [[0, 0], [0, 4], [0, 5], [2, 2], [2, 2], [2, 3], [3, 3], [3, 6], [3, 7]]
  347,  [[0, 0], [0, 0], [0, 4], [1, 2], [2, 2], [2, 3], [3, 3], [3, 5], [3, 6]]
  348,  [[0, 0], [0, 0], [0, 2], [1, 2], [2, 2], [2, 4], [3, 3], [3, 5], [3, 6]]
  349,  [[0, 0], [0, 0], [0, 2], [1, 2], [2, 4], [3, 3], [3, 5], [3, 6], [7, 7]]
  350,  [[0, 0], [0, 0], [0, 2], [1, 2], [2, 4], [2, 5], [3, 6], [3, 7], [3, 8]]
  351,  [[0, 0], [0, 0], [0, 2], [1, 2], [2, 4], [2, 5], [3, 3], [3, 3], [3, 6]]
  352,  [[0, 2], [0, 4], [0, 5], [1, 2], [2, 2], [2, 6], [3, 3], [3, 7], [3, 8]]
  353,  [[0, 0], [0, 2], [0, 4], [1, 2], [2, 2], [3, 3], [3, 5], [3, 6], [7, 7]]
  354,  [[0, 0], [0, 2], [0, 4], [1, 2], [2, 2], [2, 5], [3, 6], [3, 7], [3, 8]]
  355,  [[0, 0], [0, 2], [0, 4], [1, 2], [2, 2], [2, 5], [3, 3], [3, 3], [3, 6]]
  356,  [[0, 2], [0, 2], [0, 4], [1, 2], [2, 5], [3, 3], [3, 6], [3, 7], [8, 8]]
  357,  [[0, 0], [0, 2], [0, 4], [1, 2], [2, 5], [3, 3], [3, 3], [3, 6], [7, 7]]
  358,  [[0, 0], [0, 2], [0, 4], [1, 2], [2, 5], [3, 3], [3, 6], [3, 7], [3, 8]]
  359,  [[0, 2], [0, 4], [0, 5], [1, 2], [2, 6], [2, 7], [3, 3], [3, 3], [3, 8]]
  360,  [[0, 0], [0, 4], [0, 5], [1, 2], [2, 2], [2, 2], [3, 3], [3, 6], [3, 7]]
  361,  [[0, 0], [0, 4], [0, 5], [1, 2], [2, 2], [2, 6], [3, 3], [3, 3], [3, 7]]
  362,  [[0, 0], [0, 0], [0, 4], [1, 2], [2, 2], [2, 2], [3, 5], [3, 6], [3, 7]]
  363,  [[0, 0], [0, 4], [0, 5], [1, 2], [2, 2], [2, 3], [2, 3], [3, 6], [3, 7]]
  364,  [[0, 0], [0, 4], [0, 5], [1, 2], [2, 3], [2, 3], [3, 6], [3, 7], [8, 8]]
  365,  [[0, 0], [0, 4], [0, 5], [1, 2], [2, 3], [2, 3], [2, 6], [3, 3], [3, 7]]
  366,  [[0, 0], [0, 4], [0, 5], [1, 2], [2, 3], [2, 3], [2, 6], [3, 7], [8, 8]]
  367,  [[0, 2], [0, 4], [0, 5], [1, 2], [2, 2], [2, 3], [3, 6], [3, 7], [8, 8]]
  368,  [[0, 0], [0, 4], [0, 5], [2, 2], [2, 2], [2, 3], [3, 6], [3, 7], [8, 8]]
  369,  [[0, 0], [0, 4], [0, 5], [1, 2], [2, 2], [2, 3], [3, 3], [3, 6], [7, 7]]
  370,  [[0, 0], [0, 4], [0, 5], [1, 2], [2, 2], [2, 3], [3, 6], [3, 7], [3, 8]]
  371,  [[0, 4], [0, 5], [0, 6], [1, 2], [2, 2], [2, 3], [2, 7], [3, 3], [3, 8]]
  372,  [[0, 0], [0, 4], [0, 5], [1, 2], [2, 2], [2, 3], [2, 6], [3, 3], [3, 3]]
  373,  [[0, 0], [0, 2], [0, 4], [1, 2], [2, 3], [2, 3], [3, 5], [3, 6], [7, 7]]
  374,  [[0, 0], [0, 0], [0, 4], [1, 2], [2, 3], [2, 3], [3, 5], [3, 6], [7, 8]]
  375,  [[0, 0], [0, 0], [0, 4], [1, 2], [2, 3], [2, 3], [2, 5], [3, 3], [6, 6]]
  376,  [[0, 0], [0, 0], [0, 4], [1, 2], [2, 3], [2, 3], [2, 5], [3, 6], [7, 8]]
  377,  [[0, 0], [0, 2], [0, 4], [1, 2], [2, 2], [2, 3], [3, 3], [3, 5], [6, 6]]
  378,  [[0, 0], [0, 2], [0, 4], [1, 2], [2, 2], [2, 3], [3, 5], [3, 6], [3, 7]]
  379,  [[0, 0], [0, 2], [0, 4], [1, 2], [2, 2], [2, 3], [3, 5], [3, 6], [7, 8]]
  380,  [[0, 0], [0, 0], [0, 4], [1, 2], [2, 2], [2, 3], [3, 3], [3, 5], [6, 7]]
  381,  [[0, 0], [0, 0], [0, 4], [2, 2], [2, 2], [2, 3], [3, 5], [3, 6], [7, 8]]
  382,  [[0, 0], [0, 0], [0, 2], [1, 2], [2, 3], [2, 4], [3, 3], [3, 5], [6, 6]]
  383,  [[0, 0], [0, 0], [0, 2], [1, 2], [2, 3], [2, 4], [3, 5], [3, 6], [3, 7]]
  384,  [[0, 0], [0, 0], [0, 2], [1, 2], [2, 3], [2, 4], [3, 5], [3, 6], [7, 8]]
  385,  [[0, 2], [0, 2], [0, 4], [1, 2], [2, 3], [3, 5], [3, 6], [7, 7], [8, 8]]
  386,  [[0, 0], [0, 2], [0, 4], [1, 2], [2, 3], [3, 3], [3, 5], [6, 6], [7, 7]]
  387,  [[0, 0], [0, 2], [0, 4], [1, 2], [2, 3], [3, 5], [3, 6], [3, 7], [8, 8]]
  388,  [[0, 2], [0, 4], [0, 5], [1, 2], [2, 3], [2, 6], [3, 3], [3, 7], [8, 8]]
  389,  [[0, 0], [0, 2], [0, 4], [1, 2], [2, 3], [2, 5], [3, 3], [3, 3], [6, 6]]
  390,  [[0, 0], [0, 2], [0, 4], [1, 2], [2, 3], [2, 5], [3, 3], [3, 6], [7, 8]]
  391,  [[0, 0], [0, 4], [0, 5], [1, 2], [2, 3], [2, 6], [3, 3], [3, 3], [7, 7]]
  392,  [[0, 0], [0, 0], [0, 4], [1, 2], [2, 3], [2, 5], [3, 3], [3, 3], [6, 7]]
  393,  [[0, 4], [0, 5], [0, 6], [1, 2], [2, 3], [2, 7], [2, 8], [3, 3], [3, 3]]
  394,  [[0, 1], [0, 2], [0, 3], [2, 2], [2, 4], [2, 5], [3, 3], [3, 6], [3, 7]]
  395,  [[0, 0], [0, 1], [0, 2], [2, 4], [2, 5], [2, 6], [3, 3], [3, 7], [3, 8]]
  396,  [[0, 0], [0, 1], [0, 2], [2, 2], [2, 4], [3, 3], [3, 5], [3, 6], [7, 7]]
  397,  [[0, 0], [0, 1], [0, 2], [2, 2], [2, 4], [2, 5], [3, 6], [3, 7], [3, 8]]
  398,  [[0, 0], [0, 1], [0, 2], [2, 2], [2, 4], [2, 5], [3, 3], [3, 3], [3, 6]]
  399,  [[0, 0], [0, 1], [0, 2], [2, 2], [2, 3], [3, 3], [3, 4], [3, 5], [6, 6]]
  400,  [[0, 0], [0, 1], [0, 2], [2, 2], [2, 3], [2, 4], [3, 5], [3, 6], [3, 7]]
  401,  [[0, 0], [0, 1], [0, 2], [2, 2], [2, 3], [2, 4], [3, 3], [3, 5], [6, 6]]
  402,  [[0, 1], [0, 2], [0, 2], [2, 3], [2, 4], [3, 3], [3, 5], [3, 6], [7, 7]]
  403,  [[0, 0], [0, 1], [0, 2], [2, 3], [2, 3], [2, 4], [3, 5], [3, 6], [7, 7]]
  404,  [[0, 0], [0, 1], [0, 2], [2, 3], [2, 4], [3, 5], [3, 6], [3, 7], [8, 8]]
  405,  [[0, 0], [0, 1], [0, 2], [2, 3], [2, 4], [3, 3], [3, 5], [6, 6], [7, 7]]
  406,  [[0, 0], [0, 1], [0, 2], [2, 3], [2, 4], [3, 3], [3, 5], [3, 6], [7, 8]]
  407,  [[0, 0], [0, 1], [0, 2], [2, 4], [2, 5], [3, 3], [3, 6], [3, 7], [3, 8]]
  408,  [[0, 0], [0, 1], [0, 2], [2, 3], [2, 4], [2, 5], [3, 6], [3, 7], [8, 8]]
  409,  [[0, 1], [0, 2], [0, 3], [2, 2], [2, 3], [2, 4], [3, 5], [3, 6], [7, 7]]
  410,  [[0, 0], [0, 1], [0, 2], [2, 4], [2, 5], [3, 3], [3, 3], [3, 6], [7, 7]]
  411,  [[0, 0], [0, 1], [0, 2], [2, 3], [2, 4], [2, 5], [3, 3], [3, 3], [6, 6]]
  412,  [[0, 0], [0, 1], [0, 2], [2, 3], [2, 4], [2, 5], [3, 3], [3, 6], [7, 8]]
  413,  [[0, 0], [0, 2], [0, 3], [2, 2], [2, 4], [2, 5], [3, 6], [3, 7], [3, 8]]
  414,  [[0, 0], [0, 2], [0, 3], [2, 2], [2, 4], [2, 5], [3, 3], [3, 6], [7, 7]]
  415,  [[0, 0], [0, 0], [0, 2], [2, 4], [2, 5], [3, 3], [3, 6], [3, 7], [8, 8]]
  416,  [[0, 0], [0, 0], [0, 2], [2, 4], [2, 5], [2, 6], [3, 3], [3, 3], [3, 7]]
  417,  [[0, 0], [0, 2], [0, 2], [2, 2], [2, 4], [3, 3], [3, 5], [3, 6], [7, 7]]
  418,  [[0, 0], [0, 0], [0, 2], [2, 2], [2, 4], [3, 5], [3, 6], [3, 7], [8, 8]]
  419,  [[0, 0], [0, 0], [0, 2], [1, 4], [2, 2], [2, 5], [3, 3], [3, 6], [3, 7]]
  420,  [[0, 0], [0, 0], [0, 2], [2, 2], [2, 4], [3, 3], [3, 5], [3, 6], [3, 7]]
  421,  [[0, 0], [0, 0], [0, 2], [2, 2], [2, 4], [3, 3], [3, 5], [3, 6], [7, 8]]
  422,  [[0, 0], [0, 2], [0, 2], [2, 4], [2, 5], [3, 3], [3, 6], [3, 7], [3, 8]]
  423,  [[0, 0], [0, 0], [0, 2], [2, 2], [2, 3], [3, 4], [3, 5], [3, 6], [7, 7]]
  424,  [[0, 0], [0, 2], [0, 2], [2, 3], [2, 4], [3, 5], [3, 6], [3, 7], [8, 8]]
  425,  [[0, 0], [0, 0], [0, 2], [1, 4], [2, 3], [2, 5], [3, 6], [3, 7], [3, 8]]
  426,  [[0, 0], [0, 2], [0, 3], [2, 3], [2, 4], [2, 5], [3, 6], [3, 7], [8, 8]]
  427,  [[0, 0], [0, 0], [0, 2], [1, 4], [2, 3], [2, 5], [2, 6], [3, 7], [3, 8]]
  428,  [[0, 0], [0, 2], [0, 3], [2, 2], [2, 3], [3, 4], [3, 5], [6, 6], [7, 7]]
  429,  [[0, 0], [0, 2], [0, 3], [1, 4], [2, 2], [2, 3], [2, 5], [3, 6], [3, 7]]
  430,  [[0, 0], [0, 2], [0, 3], [2, 2], [2, 3], [2, 4], [3, 5], [3, 6], [7, 8]]
  431,  [[0, 0], [0, 0], [0, 2], [1, 4], [2, 5], [2, 6], [3, 3], [3, 3], [3, 7]]
  432,  [[0, 0], [0, 0], [0, 2], [1, 4], [2, 2], [2, 3], [2, 5], [3, 3], [3, 6]]
  433,  [[0, 0], [0, 0], [0, 2], [1, 4], [2, 3], [2, 5], [3, 3], [3, 6], [7, 7]]
  434,  [[0, 0], [0, 0], [0, 2], [1, 4], [2, 3], [2, 5], [2, 6], [3, 3], [3, 3]]
  435,  [[0, 0], [0, 0], [0, 2], [2, 4], [2, 5], [3, 3], [3, 3], [3, 6], [7, 8]]
  436,  [[0, 0], [0, 0], [0, 2], [2, 2], [2, 3], [2, 4], [3, 3], [3, 5], [6, 7]]
  437,  [[0, 0], [0, 0], [0, 2], [2, 3], [2, 4], [3, 3], [3, 5], [6, 6], [7, 8]]
  438,  [[0, 0], [0, 0], [0, 2], [2, 3], [2, 4], [2, 5], [3, 3], [3, 3], [6, 7]]
  439,  [[0, 0], [0, 2], [0, 3], [1, 2], [2, 2], [3, 3], [3, 4], [3, 5], [6, 6]]
  440,  [[0, 0], [0, 2], [0, 3], [1, 2], [2, 2], [2, 4], [3, 5], [3, 6], [3, 7]]
  441,  [[0, 0], [0, 2], [0, 3], [1, 2], [2, 2], [2, 4], [3, 3], [3, 5], [6, 6]]
  442,  [[0, 2], [0, 2], [0, 3], [1, 2], [2, 4], [3, 3], [3, 5], [3, 6], [7, 7]]
  443,  [[0, 0], [0, 2], [0, 3], [1, 2], [2, 4], [3, 5], [3, 6], [3, 7], [8, 8]]
  444,  [[0, 0], [0, 2], [0, 3], [1, 2], [2, 4], [3, 3], [3, 5], [6, 6], [7, 7]]
  445,  [[0, 0], [0, 2], [0, 3], [1, 2], [2, 4], [3, 3], [3, 5], [3, 6], [7, 8]]
  446,  [[0, 0], [0, 2], [0, 3], [1, 2], [2, 4], [2, 5], [3, 6], [3, 7], [8, 8]]
  447,  [[0, 2], [0, 2], [0, 3], [1, 3], [2, 2], [2, 4], [3, 5], [3, 6], [7, 7]]
  448,  [[0, 0], [0, 2], [0, 3], [1, 2], [2, 4], [2, 5], [3, 3], [3, 3], [6, 6]]
  449,  [[0, 0], [0, 2], [0, 3], [1, 2], [2, 4], [2, 5], [3, 3], [3, 6], [7, 8]]
  450,  [[0, 0], [0, 2], [0, 2], [1, 3], [2, 4], [2, 5], [3, 6], [3, 7], [8, 8]]
  451,  [[0, 0], [0, 0], [0, 2], [1, 3], [2, 4], [2, 5], [2, 6], [3, 3], [3, 3]]
  452,  [[0, 0], [0, 2], [0, 2], [1, 3], [2, 2], [3, 4], [3, 5], [6, 6], [7, 7]]
  453,  [[0, 0], [0, 2], [0, 2], [1, 3], [2, 2], [2, 4], [3, 3], [3, 5], [6, 6]]
  454,  [[0, 0], [0, 2], [0, 2], [1, 3], [2, 2], [2, 4], [3, 5], [3, 6], [3, 7]]
  455,  [[0, 0], [0, 2], [0, 2], [1, 3], [2, 2], [2, 4], [3, 5], [3, 6], [7, 8]]
  456,  [[0, 0], [0, 0], [0, 2], [1, 3], [2, 2], [2, 4], [3, 3], [3, 5], [6, 7]]
  457,  [[0, 0], [0, 0], [0, 2], [1, 3], [2, 2], [2, 2], [3, 4], [3, 5], [3, 6]]
  458,  [[0, 0], [0, 0], [0, 2], [1, 3], [2, 2], [2, 2], [3, 4], [3, 5], [6, 7]]
  459,  [[0, 0], [0, 2], [0, 2], [1, 3], [2, 2], [3, 3], [3, 4], [3, 5], [6, 6]]
  460,  [[0, 2], [0, 2], [0, 2], [1, 3], [2, 4], [3, 3], [3, 5], [3, 6], [7, 7]]
  461,  [[0, 0], [0, 2], [0, 2], [1, 3], [2, 4], [3, 5], [3, 6], [3, 7], [8, 8]]
  462,  [[0, 0], [0, 2], [0, 2], [1, 3], [2, 4], [3, 3], [3, 5], [6, 6], [7, 7]]
  463,  [[0, 0], [0, 2], [0, 2], [1, 3], [2, 4], [3, 3], [3, 5], [3, 6], [7, 8]]
  464,  [[0, 2], [0, 2], [0, 3], [1, 3], [2, 4], [2, 5], [3, 3], [3, 6], [7, 7]]
  465,  [[0, 0], [0, 2], [0, 2], [2, 4], [2, 5], [3, 3], [3, 3], [3, 6], [7, 7]]
  466,  [[0, 0], [0, 2], [0, 2], [1, 3], [2, 4], [2, 5], [3, 3], [3, 3], [6, 6]]
  467,  [[0, 0], [0, 2], [0, 2], [1, 3], [2, 4], [2, 5], [3, 3], [3, 6], [7, 8]]
  468,  [[0, 0], [0, 2], [0, 3], [1, 2], [2, 2], [3, 4], [3, 5], [6, 6], [7, 7]]
  469,  [[0, 0], [0, 2], [0, 3], [1, 2], [2, 2], [2, 4], [3, 5], [3, 6], [7, 8]]
  470,  [[0, 0], [0, 0], [0, 2], [1, 3], [2, 4], [2, 5], [3, 3], [3, 3], [6, 7]]
  471,  [[0, 0], [0, 2], [0, 2], [1, 3], [2, 2], [2, 3], [3, 4], [3, 5], [6, 7]]
  472,  [[0, 0], [0, 0], [0, 2], [2, 2], [2, 3], [3, 3], [3, 4], [3, 5], [6, 7]]
  473,  [[0, 0], [0, 0], [0, 2], [1, 3], [2, 2], [2, 3], [3, 3], [3, 4], [5, 6]]
  474,  [[0, 0], [0, 0], [0, 2], [1, 3], [2, 2], [2, 3], [3, 4], [5, 5], [6, 7]]
  475,  [[0, 0], [0, 2], [0, 2], [2, 3], [2, 4], [3, 3], [3, 5], [6, 6], [7, 7]]
  476,  [[0, 0], [0, 2], [0, 2], [1, 4], [2, 3], [2, 5], [3, 3], [3, 6], [3, 7]]
  477,  [[0, 0], [0, 2], [0, 2], [2, 3], [2, 4], [3, 3], [3, 5], [3, 6], [7, 8]]
  478,  [[0, 2], [0, 2], [0, 2], [1, 3], [2, 3], [3, 4], [3, 5], [6, 6], [7, 7]]
  479,  [[0, 0], [0, 2], [0, 2], [1, 3], [2, 3], [3, 4], [3, 5], [6, 6], [7, 8]]
  480,  [[0, 0], [0, 2], [0, 2], [1, 3], [2, 3], [2, 4], [3, 3], [5, 5], [6, 6]]
  481,  [[0, 0], [0, 2], [0, 2], [1, 3], [2, 3], [2, 4], [3, 3], [3, 5], [6, 7]]
  482,  [[0, 2], [0, 2], [0, 3], [1, 3], [2, 3], [2, 4], [3, 5], [6, 6], [7, 7]]
  483,  [[0, 0], [0, 2], [0, 2], [1, 3], [2, 3], [2, 4], [3, 5], [6, 6], [7, 8]]
  484,  [[0, 0], [0, 0], [0, 2], [2, 3], [2, 3], [2, 4], [3, 5], [3, 6], [7, 8]]
  485,  [[0, 0], [0, 0], [0, 2], [1, 3], [2, 3], [2, 3], [2, 4], [3, 5], [6, 7]]
  486,  [[0, 0], [0, 0], [0, 2], [1, 3], [2, 3], [2, 4], [3, 3], [5, 5], [6, 7]]
  487,  [[0, 0], [0, 2], [0, 3], [1, 2], [2, 3], [2, 4], [3, 5], [6, 6], [7, 8]]
  488,  [[0, 0], [0, 2], [0, 3], [1, 2], [2, 2], [2, 3], [3, 4], [3, 5], [6, 7]]
  489,  [[0, 0], [0, 0], [0, 2], [1, 3], [2, 2], [2, 3], [2, 4], [3, 3], [5, 6]]
  490,  [[0, 2], [0, 2], [0, 3], [1, 2], [2, 3], [3, 4], [3, 5], [6, 6], [7, 7]]
  491,  [[0, 0], [0, 2], [0, 3], [1, 2], [2, 3], [3, 4], [3, 5], [6, 6], [7, 8]]
  492,  [[0, 0], [0, 2], [0, 3], [1, 2], [2, 3], [2, 4], [3, 3], [5, 5], [6, 6]]
  493,  [[0, 0], [0, 2], [0, 3], [1, 2], [2, 3], [2, 4], [3, 3], [3, 5], [6, 7]]
  494,  [[0, 1], [0, 2], [0, 4], [2, 2], [2, 2], [3, 3], [3, 5], [3, 6], [7, 7]]
  495,  [[0, 1], [0, 2], [0, 4], [2, 2], [2, 5], [3, 3], [3, 3], [3, 6], [7, 7]]
  496,  [[0, 1], [0, 2], [0, 4], [2, 2], [2, 5], [3, 3], [3, 6], [3, 7], [3, 8]]
  497,  [[0, 1], [0, 2], [0, 4], [2, 5], [2, 6], [2, 7], [3, 3], [3, 3], [3, 8]]
  498,  [[0, 1], [0, 2], [0, 4], [2, 2], [2, 3], [2, 3], [3, 5], [3, 6], [7, 7]]
  499,  [[0, 1], [0, 2], [0, 4], [2, 2], [2, 3], [3, 5], [3, 6], [3, 7], [8, 8]]
  500,  [[0, 1], [0, 2], [0, 4], [2, 2], [2, 3], [3, 3], [3, 5], [6, 6], [7, 7]]
  501,  [[0, 1], [0, 2], [0, 4], [2, 2], [2, 3], [3, 3], [3, 5], [3, 6], [7, 8]]
  502,  [[0, 1], [0, 2], [0, 4], [2, 3], [2, 3], [2, 5], [3, 3], [3, 6], [7, 7]]
  503,  [[0, 1], [0, 2], [0, 4], [2, 2], [2, 3], [2, 5], [3, 3], [3, 6], [7, 8]]
  504,  [[0, 1], [0, 2], [0, 4], [2, 3], [2, 3], [3, 5], [3, 6], [7, 7], [8, 8]]
  505,  [[0, 1], [0, 2], [0, 4], [2, 3], [2, 3], [2, 5], [3, 6], [7, 7], [8, 8]]
  506,  [[0, 1], [0, 2], [0, 4], [2, 3], [2, 5], [2, 6], [3, 3], [3, 3], [7, 8]]
  507,  [[0, 2], [0, 3], [0, 4], [2, 2], [2, 5], [3, 3], [3, 6], [7, 7], [8, 8]]
  508,  [[0, 2], [0, 3], [0, 4], [1, 5], [2, 2], [2, 6], [2, 7], [3, 3], [3, 8]]
  509,  [[0, 2], [0, 2], [0, 4], [2, 2], [3, 3], [3, 5], [3, 6], [7, 7], [8, 8]]
  510,  [[0, 2], [0, 2], [0, 4], [1, 5], [2, 2], [2, 6], [3, 3], [3, 7], [3, 8]]
  511,  [[0, 2], [0, 2], [0, 4], [2, 2], [2, 5], [3, 3], [3, 6], [3, 7], [3, 8]]
  512,  [[0, 2], [0, 4], [0, 5], [2, 2], [2, 2], [3, 3], [3, 6], [3, 7], [8, 8]]
  513,  [[0, 0], [0, 2], [0, 4], [2, 2], [2, 2], [3, 5], [3, 6], [3, 7], [8, 8]]
  514,  [[0, 0], [0, 2], [0, 4], [1, 5], [2, 2], [2, 2], [3, 3], [3, 6], [3, 7]]
  515,  [[0, 0], [0, 2], [0, 4], [2, 2], [2, 2], [3, 3], [3, 5], [3, 6], [3, 7]]
  516,  [[0, 0], [0, 2], [0, 4], [2, 2], [2, 2], [3, 3], [3, 5], [3, 6], [7, 8]]
  517,  [[0, 2], [0, 4], [0, 5], [2, 2], [2, 6], [3, 3], [3, 3], [3, 7], [8, 8]]
  518,  [[0, 0], [0, 2], [0, 4], [1, 5], [2, 2], [2, 6], [3, 3], [3, 3], [3, 7]]
  519,  [[0, 0], [0, 2], [0, 4], [2, 2], [2, 5], [3, 3], [3, 3], [3, 6], [7, 8]]
  520,  [[0, 2], [0, 4], [0, 5], [1, 2], [2, 2], [2, 3], [3, 3], [3, 6], [3, 7]]
  521,  [[0, 2], [0, 4], [0, 5], [1, 2], [2, 3], [3, 3], [3, 6], [3, 7], [8, 8]]
  522,  [[0, 2], [0, 4], [0, 5], [2, 2], [2, 3], [2, 3], [3, 6], [3, 7], [8, 8]]
  523,  [[0, 2], [0, 4], [0, 5], [2, 2], [2, 3], [3, 3], [3, 6], [7, 7], [8, 8]]
  524,  [[0, 2], [0, 4], [0, 5], [1, 6], [2, 2], [2, 3], [3, 3], [3, 7], [3, 8]]
  525,  [[0, 2], [0, 4], [0, 5], [2, 3], [2, 3], [2, 6], [3, 3], [3, 7], [8, 8]]
  526,  [[0, 2], [0, 4], [0, 5], [1, 6], [2, 2], [2, 3], [2, 7], [3, 3], [3, 8]]
  527,  [[0, 2], [0, 2], [0, 4], [1, 2], [2, 3], [3, 3], [3, 5], [3, 6], [7, 7]]
  528,  [[0, 0], [0, 2], [0, 4], [1, 2], [2, 3], [3, 3], [3, 5], [3, 6], [7, 8]]
  529,  [[0, 0], [0, 2], [0, 4], [1, 5], [2, 2], [2, 3], [2, 3], [3, 6], [3, 7]]
  530,  [[0, 0], [0, 2], [0, 4], [2, 2], [2, 3], [2, 3], [3, 5], [3, 6], [7, 8]]
  531,  [[0, 2], [0, 2], [0, 4], [2, 2], [2, 3], [3, 5], [3, 6], [3, 7], [8, 8]]
  532,  [[0, 0], [0, 2], [0, 4], [1, 5], [2, 2], [2, 3], [3, 6], [3, 7], [3, 8]]
  533,  [[0, 0], [0, 2], [0, 4], [1, 5], [2, 2], [2, 3], [3, 3], [3, 6], [7, 7]]
  534,  [[0, 0], [0, 2], [0, 4], [2, 2], [2, 3], [3, 3], [3, 5], [6, 6], [7, 8]]
  535,  [[0, 2], [0, 2], [0, 4], [1, 5], [2, 2], [2, 3], [3, 3], [3, 6], [3, 7]]
  536,  [[0, 0], [0, 0], [0, 2], [1, 4], [2, 2], [2, 3], [3, 3], [3, 5], [3, 6]]
  537,  [[0, 2], [0, 2], [0, 4], [2, 2], [2, 3], [3, 3], [3, 5], [3, 6], [7, 8]]
  538,  [[0, 0], [0, 2], [0, 4], [2, 3], [2, 3], [2, 5], [3, 3], [6, 6], [7, 7]]
  539,  [[0, 0], [0, 2], [0, 4], [1, 5], [2, 3], [2, 3], [2, 6], [3, 3], [3, 7]]
  540,  [[0, 0], [0, 2], [0, 4], [2, 3], [2, 3], [2, 5], [3, 3], [3, 6], [7, 8]]
  541,  [[0, 2], [0, 3], [0, 4], [1, 5], [2, 2], [2, 3], [2, 6], [3, 3], [3, 7]]
  542,  [[0, 0], [0, 2], [0, 4], [1, 5], [2, 2], [2, 3], [2, 6], [3, 3], [3, 3]]
  543,  [[0, 2], [0, 3], [0, 4], [2, 2], [2, 3], [2, 5], [3, 3], [3, 6], [7, 8]]
  544,  [[0, 0], [0, 2], [0, 4], [2, 2], [2, 3], [2, 5], [3, 3], [3, 3], [6, 7]]
  545,  [[0, 2], [0, 2], [0, 4], [1, 5], [2, 3], [2, 6], [3, 3], [3, 7], [8, 8]]
  546,  [[0, 2], [0, 2], [0, 4], [1, 5], [2, 3], [3, 3], [3, 6], [3, 7], [8, 8]]
  547,  [[0, 0], [0, 0], [0, 2], [1, 4], [2, 3], [2, 3], [2, 5], [3, 6], [3, 7]]
  548,  [[0, 2], [0, 2], [0, 4], [2, 3], [2, 3], [3, 5], [3, 6], [7, 7], [8, 8]]
  549,  [[0, 0], [0, 2], [0, 4], [1, 5], [2, 3], [2, 3], [3, 6], [3, 7], [8, 8]]
  550,  [[0, 2], [0, 3], [0, 4], [2, 3], [2, 3], [2, 5], [3, 6], [7, 7], [8, 8]]
  551,  [[0, 0], [0, 2], [0, 4], [1, 5], [2, 3], [2, 3], [2, 6], [3, 7], [8, 8]]
  552,  [[0, 2], [0, 3], [0, 4], [1, 5], [2, 2], [2, 3], [2, 6], [3, 7], [8, 8]]
  553,  [[0, 0], [0, 2], [0, 4], [1, 5], [2, 3], [2, 6], [3, 3], [3, 3], [7, 7]]
  554,  [[0, 2], [0, 3], [0, 4], [1, 5], [2, 2], [2, 3], [3, 6], [3, 7], [8, 8]]
  555,  [[0, 2], [0, 2], [0, 4], [1, 5], [2, 6], [2, 7], [3, 3], [3, 3], [3, 8]]
  556,  [[0, 2], [0, 4], [0, 5], [1, 6], [2, 3], [2, 7], [2, 8], [3, 3], [3, 3]]
  557,  [[0, 0], [0, 2], [0, 4], [2, 3], [2, 5], [3, 3], [3, 3], [6, 6], [7, 8]]
  558,  [[0, 2], [0, 3], [0, 4], [1, 2], [2, 2], [3, 5], [3, 6], [3, 7], [8, 8]]
  559,  [[0, 2], [0, 3], [0, 4], [1, 2], [2, 2], [3, 3], [3, 5], [6, 6], [7, 7]]
  560,  [[0, 2], [0, 3], [0, 4], [1, 2], [2, 2], [3, 3], [3, 5], [3, 6], [7, 8]]
  561,  [[0, 2], [0, 3], [0, 4], [1, 2], [2, 2], [2, 5], [3, 3], [3, 6], [7, 8]]
  562,  [[0, 2], [0, 3], [0, 4], [1, 2], [2, 5], [2, 6], [3, 3], [3, 3], [7, 8]]
  563,  [[0, 2], [0, 2], [0, 4], [1, 3], [2, 2], [3, 3], [3, 5], [6, 6], [7, 7]]
  564,  [[0, 2], [0, 2], [0, 4], [1, 3], [2, 2], [3, 5], [3, 6], [3, 7], [8, 8]]
  565,  [[0, 2], [0, 2], [0, 4], [1, 3], [2, 2], [2, 5], [3, 3], [3, 6], [7, 8]]
  566,  [[0, 2], [0, 4], [0, 5], [1, 3], [2, 2], [2, 2], [3, 3], [3, 6], [7, 7]]
  567,  [[0, 2], [0, 4], [0, 5], [1, 3], [2, 2], [2, 2], [3, 6], [3, 7], [3, 8]]
  568,  [[0, 0], [0, 2], [0, 4], [1, 3], [2, 2], [2, 2], [3, 3], [3, 5], [6, 7]]
  569,  [[0, 2], [0, 4], [0, 5], [1, 3], [2, 2], [2, 6], [3, 3], [3, 3], [7, 7]]
  570,  [[0, 0], [0, 2], [0, 4], [1, 3], [2, 2], [2, 5], [3, 3], [3, 3], [6, 7]]
  571,  [[0, 2], [0, 4], [0, 5], [1, 3], [2, 6], [2, 7], [2, 8], [3, 3], [3, 3]]
  572,  [[0, 2], [0, 2], [0, 4], [1, 3], [2, 2], [3, 3], [3, 5], [3, 6], [7, 8]]
  573,  [[0, 2], [0, 2], [0, 4], [1, 3], [2, 5], [2, 6], [3, 3], [3, 3], [7, 8]]
  574,  [[0, 2], [0, 4], [0, 5], [1, 3], [2, 2], [2, 3], [2, 3], [3, 6], [7, 7]]
  575,  [[0, 2], [0, 4], [0, 5], [1, 3], [2, 2], [2, 3], [3, 3], [6, 6], [7, 7]]
  576,  [[0, 2], [0, 4], [0, 5], [1, 3], [2, 2], [2, 3], [3, 3], [3, 6], [7, 8]]
  577,  [[0, 2], [0, 4], [0, 5], [1, 3], [2, 3], [2, 3], [3, 6], [7, 7], [8, 8]]
  578,  [[0, 2], [0, 4], [0, 5], [1, 3], [2, 3], [2, 3], [2, 6], [3, 3], [7, 7]]
  579,  [[0, 2], [0, 4], [0, 5], [1, 3], [2, 2], [2, 3], [2, 6], [3, 3], [7, 8]]
  580,  [[0, 2], [0, 4], [0, 5], [1, 3], [2, 3], [2, 3], [2, 6], [7, 7], [8, 8]]
  581,  [[0, 2], [0, 2], [0, 4], [1, 3], [2, 2], [2, 3], [3, 3], [3, 5], [6, 7]]
  582,  [[0, 2], [0, 2], [0, 4], [1, 3], [2, 2], [2, 3], [3, 5], [6, 6], [7, 8]]
  583,  [[0, 0], [0, 2], [0, 4], [1, 3], [2, 2], [2, 3], [2, 3], [3, 5], [6, 7]]
  584,  [[0, 0], [0, 2], [0, 4], [1, 3], [2, 2], [2, 3], [3, 3], [5, 5], [6, 7]]
  585,  [[0, 2], [0, 3], [0, 4], [1, 2], [2, 3], [2, 5], [3, 3], [6, 6], [7, 8]]
  586,  [[0, 2], [0, 2], [0, 4], [1, 3], [2, 3], [2, 3], [3, 5], [6, 6], [7, 7]]
  587,  [[0, 0], [0, 2], [0, 4], [1, 3], [2, 3], [2, 3], [3, 5], [6, 6], [7, 8]]
  588,  [[0, 0], [0, 2], [0, 4], [1, 3], [2, 3], [2, 3], [2, 5], [3, 3], [6, 7]]
  589,  [[0, 2], [0, 3], [0, 4], [1, 2], [2, 2], [2, 3], [3, 3], [3, 5], [6, 7]]
  590,  [[0, 2], [0, 3], [0, 4], [1, 2], [2, 3], [3, 3], [3, 5], [6, 6], [7, 8]]
  591,  [[0, 2], [0, 3], [0, 4], [1, 2], [2, 3], [2, 3], [3, 5], [6, 6], [7, 7]]
  592,  [[0, 0], [0, 2], [0, 4], [1, 3], [2, 3], [2, 3], [2, 5], [6, 6], [7, 8]]
  593,  [[0, 2], [0, 2], [0, 4], [1, 3], [2, 3], [2, 5], [3, 3], [6, 6], [7, 8]]
  594,  [[0, 2], [0, 2], [0, 4], [1, 3], [2, 3], [3, 3], [3, 5], [6, 6], [7, 8]]
  595,  [[0, 2], [0, 3], [0, 4], [1, 2], [2, 2], [2, 3], [3, 5], [6, 6], [7, 8]]
  596,  [[0, 0], [0, 0], [0, 1], [2, 2], [2, 3], [2, 3], [2, 4], [3, 5], [3, 6]]
  597,  [[0, 0], [0, 0], [0, 1], [2, 3], [2, 3], [2, 4], [2, 5], [3, 6], [7, 7]]
  598,  [[0, 0], [0, 0], [0, 1], [2, 2], [2, 4], [2, 5], [3, 6], [3, 7], [3, 8]]
  599,  [[0, 0], [0, 0], [0, 1], [2, 3], [2, 4], [2, 5], [3, 6], [3, 7], [8, 8]]
  600,  [[0, 0], [0, 0], [0, 1], [2, 2], [2, 3], [2, 4], [3, 5], [3, 6], [3, 7]]
  601,  [[0, 0], [0, 0], [0, 1], [2, 2], [2, 2], [2, 4], [3, 3], [3, 5], [3, 6]]
  602,  [[0, 0], [0, 1], [0, 2], [2, 2], [2, 3], [2, 4], [3, 5], [3, 6], [7, 7]]
  603,  [[0, 0], [0, 0], [0, 1], [2, 2], [2, 3], [2, 4], [3, 3], [3, 5], [6, 6]]
  604,  [[0, 0], [0, 0], [0, 1], [2, 2], [2, 3], [2, 4], [3, 5], [3, 6], [7, 8]]
  605,  [[0, 1], [0, 4], [0, 5], [2, 2], [2, 3], [2, 3], [2, 6], [3, 7], [3, 8]]
  606,  [[0, 0], [0, 1], [0, 4], [2, 2], [2, 3], [2, 3], [3, 5], [3, 6], [7, 7]]
  607,  [[0, 0], [0, 1], [0, 4], [2, 2], [2, 3], [2, 3], [2, 5], [3, 3], [3, 6]]
  608,  [[0, 0], [0, 1], [0, 4], [2, 2], [2, 3], [2, 3], [2, 5], [3, 6], [7, 7]]
  609,  [[0, 0], [0, 1], [0, 4], [2, 3], [2, 3], [2, 5], [3, 6], [7, 7], [8, 8]]
  610,  [[0, 1], [0, 4], [0, 5], [2, 2], [2, 2], [2, 6], [3, 3], [3, 7], [3, 8]]
  611,  [[0, 0], [0, 1], [0, 4], [2, 2], [2, 2], [2, 5], [3, 6], [3, 7], [3, 8]]
  612,  [[0, 0], [0, 1], [0, 4], [2, 2], [2, 2], [2, 5], [3, 3], [3, 3], [3, 6]]
  613,  [[0, 1], [0, 2], [0, 4], [2, 2], [2, 3], [3, 5], [3, 6], [7, 7], [8, 8]]
  614,  [[0, 1], [0, 4], [0, 5], [2, 2], [2, 2], [2, 3], [3, 6], [3, 7], [8, 8]]
  615,  [[0, 0], [0, 1], [0, 4], [2, 2], [2, 2], [2, 3], [3, 3], [3, 5], [6, 6]]
  616,  [[0, 0], [0, 1], [0, 4], [2, 2], [2, 2], [2, 3], [3, 5], [3, 6], [3, 7]]
  617,  [[0, 0], [0, 1], [0, 4], [2, 2], [2, 2], [2, 3], [3, 5], [3, 6], [7, 8]]
  618,  [[0, 1], [0, 4], [0, 5], [2, 2], [2, 3], [2, 6], [3, 3], [3, 7], [8, 8]]
  619,  [[0, 0], [0, 1], [0, 4], [2, 2], [2, 3], [2, 5], [3, 3], [3, 6], [7, 8]]
  620,  [[0, 1], [0, 4], [0, 5], [2, 2], [2, 2], [2, 3], [3, 3], [3, 6], [3, 7]]
  621,  [[0, 0], [0, 4], [0, 5], [2, 2], [2, 3], [2, 3], [3, 6], [3, 7], [8, 8]]
  622,  [[0, 0], [0, 4], [0, 5], [2, 2], [2, 3], [2, 3], [2, 6], [3, 3], [3, 7]]
  623,  [[0, 0], [0, 4], [0, 5], [2, 2], [2, 3], [2, 3], [2, 6], [3, 7], [8, 8]]
  624,  [[0, 0], [0, 0], [0, 4], [1, 5], [2, 2], [2, 3], [2, 3], [3, 6], [3, 7]]
  625,  [[0, 0], [0, 0], [0, 4], [2, 2], [2, 3], [2, 3], [3, 5], [3, 6], [7, 8]]
  626,  [[0, 0], [0, 0], [0, 4], [1, 5], [2, 2], [2, 3], [2, 3], [2, 6], [3, 7]]
  627,  [[0, 0], [0, 0], [0, 4], [1, 5], [2, 3], [2, 3], [2, 6], [3, 7], [8, 8]]
  628,  [[0, 0], [0, 4], [0, 5], [2, 2], [2, 2], [2, 6], [3, 3], [3, 3], [3, 7]]
  629,  [[0, 0], [0, 2], [0, 4], [1, 5], [2, 2], [2, 3], [3, 6], [3, 7], [8, 8]]
  630,  [[0, 0], [0, 0], [0, 2], [1, 4], [2, 2], [2, 3], [2, 5], [3, 6], [3, 7]]
  631,  [[0, 0], [0, 4], [0, 5], [2, 2], [2, 2], [2, 3], [3, 3], [3, 6], [7, 7]]
  632,  [[0, 0], [0, 4], [0, 5], [1, 6], [2, 2], [2, 3], [2, 7], [3, 3], [3, 8]]
  633,  [[0, 0], [0, 0], [0, 4], [1, 5], [2, 2], [2, 2], [2, 3], [3, 3], [3, 6]]
  634,  [[0, 0], [0, 0], [0, 4], [2, 2], [2, 3], [2, 3], [2, 5], [3, 6], [7, 8]]
  635,  [[0, 0], [0, 0], [0, 4], [2, 2], [2, 2], [2, 3], [3, 3], [3, 5], [6, 7]]
  636,  [[0, 0], [0, 4], [0, 5], [1, 6], [2, 2], [2, 2], [2, 3], [3, 7], [3, 8]]
  637,  [[0, 0], [0, 4], [0, 5], [2, 2], [2, 2], [2, 3], [3, 6], [3, 7], [3, 8]]
  638,  [[0, 0], [0, 4], [0, 5], [1, 2], [2, 2], [2, 3], [3, 3], [3, 6], [3, 7]]
  639,  [[0, 4], [0, 5], [0, 6], [2, 2], [2, 2], [2, 3], [3, 3], [3, 7], [3, 8]]
  640,  [[0, 0], [0, 0], [0, 2], [1, 2], [2, 2], [3, 3], [3, 4], [3, 5], [6, 6]]
  641,  [[0, 0], [0, 0], [0, 2], [1, 2], [2, 2], [2, 4], [3, 5], [3, 6], [3, 7]]
  642,  [[0, 0], [0, 2], [0, 2], [1, 2], [2, 4], [3, 3], [3, 5], [3, 6], [7, 7]]
  643,  [[0, 0], [0, 0], [0, 2], [1, 2], [2, 4], [3, 5], [3, 6], [3, 7], [8, 8]]
  644,  [[0, 0], [0, 0], [0, 2], [1, 2], [2, 4], [3, 3], [3, 5], [3, 6], [3, 7]]
  645,  [[0, 0], [0, 0], [0, 2], [1, 2], [2, 4], [3, 3], [3, 5], [3, 6], [7, 8]]
  646,  [[0, 2], [0, 4], [0, 5], [1, 2], [2, 2], [3, 3], [3, 6], [3, 7], [8, 8]]
  647,  [[0, 2], [0, 4], [0, 5], [1, 2], [2, 2], [2, 6], [3, 3], [3, 3], [3, 7]]
  648,  [[0, 2], [0, 2], [0, 4], [1, 2], [2, 2], [3, 3], [3, 5], [3, 6], [7, 7]]
  649,  [[0, 0], [0, 2], [0, 4], [1, 2], [2, 2], [3, 5], [3, 6], [3, 7], [8, 8]]
  650,  [[0, 0], [0, 2], [0, 4], [1, 2], [2, 2], [3, 3], [3, 3], [3, 5], [6, 6]]
  651,  [[0, 0], [0, 2], [0, 4], [1, 2], [2, 2], [3, 3], [3, 5], [3, 6], [3, 7]]
  652,  [[0, 0], [0, 2], [0, 4], [1, 2], [2, 2], [3, 3], [3, 5], [3, 6], [7, 8]]
  653,  [[0, 2], [0, 2], [0, 4], [1, 2], [3, 3], [3, 5], [3, 6], [7, 7], [8, 8]]
  654,  [[0, 2], [0, 2], [0, 4], [1, 2], [2, 5], [3, 3], [3, 3], [3, 6], [7, 7]]
  655,  [[0, 2], [0, 2], [0, 4], [1, 2], [2, 5], [3, 3], [3, 6], [3, 7], [3, 8]]
  656,  [[0, 2], [0, 4], [0, 5], [1, 2], [2, 6], [3, 3], [3, 3], [3, 7], [8, 8]]
  657,  [[0, 0], [0, 2], [0, 4], [1, 2], [2, 5], [3, 3], [3, 3], [3, 6], [7, 8]]
  658,  [[0, 4], [0, 5], [0, 6], [1, 2], [2, 2], [2, 2], [3, 3], [3, 7], [3, 8]]
  659,  [[0, 0], [0, 4], [0, 5], [1, 2], [2, 2], [2, 2], [3, 6], [3, 7], [3, 8]]
  660,  [[0, 0], [0, 4], [0, 5], [1, 2], [2, 2], [2, 2], [3, 3], [3, 3], [3, 6]]
  661,  [[0, 4], [0, 5], [0, 6], [1, 2], [2, 2], [2, 7], [3, 3], [3, 3], [3, 8]]
  662,  [[0, 4], [0, 5], [0, 6], [1, 2], [2, 2], [2, 3], [2, 3], [3, 7], [3, 8]]
  663,  [[0, 0], [0, 4], [0, 5], [1, 2], [2, 2], [2, 3], [2, 3], [3, 3], [3, 6]]
  664,  [[0, 0], [0, 4], [0, 5], [1, 2], [2, 2], [2, 3], [2, 3], [3, 6], [7, 7]]
  665,  [[0, 2], [0, 4], [0, 5], [1, 2], [2, 3], [2, 3], [3, 6], [3, 7], [8, 8]]
  666,  [[0, 0], [0, 4], [0, 5], [1, 2], [2, 3], [2, 3], [3, 3], [3, 6], [7, 7]]
  667,  [[0, 0], [0, 4], [0, 5], [1, 2], [2, 3], [2, 3], [3, 6], [7, 7], [8, 8]]
  668,  [[0, 4], [0, 5], [0, 6], [1, 2], [2, 3], [2, 3], [2, 7], [3, 3], [3, 8]]
  669,  [[0, 0], [0, 4], [0, 5], [1, 2], [2, 3], [2, 3], [2, 6], [3, 3], [7, 7]]
  670,  [[0, 2], [0, 4], [0, 5], [1, 2], [2, 2], [2, 3], [3, 3], [3, 6], [7, 7]]
  671,  [[0, 2], [0, 4], [0, 5], [1, 2], [2, 2], [2, 3], [3, 6], [3, 7], [3, 8]]
  672,  [[0, 4], [0, 5], [0, 6], [1, 2], [2, 2], [2, 3], [3, 3], [3, 7], [8, 8]]
  673,  [[0, 0], [0, 4], [0, 5], [1, 2], [2, 2], [2, 3], [3, 3], [3, 3], [6, 6]]
  674,  [[0, 0], [0, 4], [0, 5], [1, 2], [2, 2], [2, 3], [3, 3], [3, 6], [7, 8]]
  675,  [[0, 4], [0, 5], [0, 6], [1, 2], [2, 2], [2, 3], [2, 7], [3, 3], [3, 3]]
  676,  [[0, 0], [0, 0], [0, 2], [1, 2], [2, 3], [2, 3], [3, 4], [3, 5], [6, 6]]
  677,  [[0, 0], [0, 2], [0, 4], [1, 2], [2, 3], [2, 3], [3, 3], [3, 5], [6, 6]]
  678,  [[0, 0], [0, 2], [0, 4], [1, 2], [2, 3], [2, 3], [3, 5], [6, 6], [7, 7]]
  679,  [[0, 0], [0, 2], [0, 4], [1, 2], [2, 3], [2, 3], [3, 5], [3, 6], [7, 8]]
  680,  [[0, 0], [0, 0], [0, 4], [1, 2], [2, 3], [2, 3], [3, 3], [3, 5], [6, 7]]
  681,  [[0, 0], [0, 0], [0, 4], [1, 2], [2, 3], [2, 3], [3, 5], [6, 6], [7, 8]]
  682,  [[0, 0], [0, 0], [0, 4], [1, 2], [2, 3], [2, 3], [2, 5], [3, 3], [6, 7]]
  683,  [[0, 0], [0, 0], [0, 4], [1, 2], [2, 2], [2, 3], [2, 3], [3, 5], [6, 7]]
  684,  [[0, 0], [0, 2], [0, 4], [1, 2], [2, 2], [2, 3], [3, 3], [3, 5], [6, 7]]
  685,  [[0, 0], [0, 0], [0, 2], [1, 2], [2, 2], [2, 3], [3, 4], [3, 5], [3, 6]]
  686,  [[0, 0], [0, 0], [0, 2], [1, 2], [2, 2], [2, 3], [3, 4], [3, 5], [6, 7]]
  687,  [[0, 0], [0, 0], [0, 4], [1, 2], [2, 2], [2, 3], [3, 3], [3, 3], [5, 6]]
  688,  [[0, 0], [0, 0], [0, 2], [1, 2], [2, 3], [2, 4], [3, 3], [3, 5], [6, 7]]
  689,  [[0, 0], [0, 0], [0, 2], [1, 2], [2, 3], [3, 4], [3, 5], [3, 6], [7, 7]]
  690,  [[0, 0], [0, 0], [0, 2], [2, 2], [2, 3], [2, 4], [3, 5], [3, 6], [7, 8]]
  691,  [[0, 0], [0, 0], [0, 2], [1, 2], [2, 3], [3, 4], [3, 5], [6, 6], [7, 8]]
  692,  [[0, 0], [0, 2], [0, 2], [1, 2], [2, 3], [3, 4], [3, 5], [6, 6], [7, 7]]
  693,  [[0, 2], [0, 2], [0, 4], [1, 2], [2, 3], [3, 3], [3, 5], [6, 6], [7, 7]]
  694,  [[0, 2], [0, 2], [0, 4], [1, 2], [2, 3], [3, 5], [3, 6], [3, 7], [8, 8]]
  695,  [[0, 2], [0, 4], [0, 5], [1, 2], [2, 3], [3, 3], [3, 6], [7, 7], [8, 8]]
  696,  [[0, 0], [0, 2], [0, 4], [1, 2], [2, 3], [3, 3], [3, 5], [6, 6], [7, 8]]
  697,  [[0, 2], [0, 4], [0, 5], [1, 2], [2, 3], [2, 6], [3, 3], [3, 3], [7, 7]]
  698,  [[0, 0], [0, 2], [0, 4], [1, 2], [2, 3], [2, 5], [3, 3], [3, 3], [6, 7]]
  699,  [[0, 4], [0, 5], [0, 6], [1, 2], [2, 3], [2, 7], [3, 3], [3, 3], [8, 8]]
  700,  [[0, 0], [0, 4], [0, 5], [1, 2], [2, 3], [2, 6], [3, 3], [3, 3], [7, 8]]
  701,  [[0, 1], [0, 2], [0, 3], [2, 2], [2, 4], [2, 5], [3, 6], [3, 7], [3, 8]]
  702,  [[0, 1], [0, 2], [0, 3], [2, 2], [2, 4], [2, 5], [3, 3], [3, 6], [7, 7]]
  703,  [[0, 0], [0, 1], [0, 2], [2, 4], [2, 5], [3, 3], [3, 6], [3, 7], [8, 8]]
  704,  [[0, 0], [0, 1], [0, 2], [2, 4], [2, 5], [2, 6], [3, 3], [3, 3], [3, 7]]
  705,  [[0, 1], [0, 2], [0, 2], [2, 2], [2, 4], [3, 3], [3, 5], [3, 6], [7, 7]]
  706,  [[0, 0], [0, 1], [0, 2], [2, 2], [2, 2], [3, 3], [3, 4], [3, 5], [6, 6]]
  707,  [[0, 0], [0, 1], [0, 2], [2, 2], [2, 4], [3, 5], [3, 6], [3, 7], [8, 8]]
  708,  [[0, 0], [0, 1], [0, 2], [2, 2], [2, 4], [3, 3], [3, 3], [3, 5], [6, 6]]
  709,  [[0, 0], [0, 1], [0, 2], [2, 2], [2, 4], [3, 3], [3, 5], [3, 6], [3, 7]]
  710,  [[0, 0], [0, 1], [0, 2], [2, 2], [2, 4], [3, 3], [3, 5], [3, 6], [7, 8]]
  711,  [[0, 0], [0, 1], [0, 2], [2, 2], [2, 3], [2, 3], [3, 4], [3, 5], [6, 6]]
  712,  [[0, 0], [0, 1], [0, 2], [2, 2], [2, 3], [3, 4], [3, 5], [3, 6], [7, 7]]
  713,  [[0, 0], [0, 1], [0, 2], [2, 2], [2, 3], [3, 3], [3, 4], [5, 5], [6, 6]]
  714,  [[0, 0], [0, 1], [0, 2], [2, 2], [2, 3], [3, 3], [3, 4], [3, 5], [6, 7]]
  715,  [[0, 0], [0, 1], [0, 2], [2, 3], [2, 3], [2, 4], [3, 3], [3, 5], [6, 6]]
  716,  [[0, 0], [0, 1], [0, 2], [2, 2], [2, 3], [2, 4], [3, 3], [3, 5], [6, 7]]
  717,  [[0, 1], [0, 2], [0, 2], [2, 3], [2, 4], [3, 5], [3, 6], [3, 7], [8, 8]]
  718,  [[0, 1], [0, 2], [0, 2], [2, 3], [2, 4], [3, 3], [3, 5], [6, 6], [7, 7]]
  719,  [[0, 1], [0, 2], [0, 2], [2, 3], [2, 4], [3, 3], [3, 5], [3, 6], [7, 8]]
  720,  [[0, 0], [0, 1], [0, 2], [2, 3], [2, 3], [3, 4], [3, 5], [6, 6], [7, 7]]
  721,  [[0, 0], [0, 1], [0, 2], [2, 3], [2, 3], [2, 4], [3, 5], [6, 6], [7, 7]]
  722,  [[0, 0], [0, 1], [0, 2], [2, 3], [2, 3], [2, 4], [3, 5], [3, 6], [7, 8]]
  723,  [[0, 0], [0, 1], [0, 2], [2, 3], [2, 4], [3, 5], [3, 6], [7, 7], [8, 8]]
  724,  [[0, 0], [0, 1], [0, 2], [2, 3], [2, 4], [3, 3], [3, 5], [6, 6], [7, 8]]
  725,  [[0, 1], [0, 2], [0, 2], [2, 4], [2, 5], [3, 3], [3, 6], [3, 7], [3, 8]]
  726,  [[0, 1], [0, 2], [0, 3], [2, 3], [2, 4], [2, 5], [3, 6], [3, 7], [8, 8]]
  727,  [[0, 1], [0, 2], [0, 3], [2, 2], [2, 3], [3, 4], [3, 5], [6, 6], [7, 7]]
  728,  [[0, 1], [0, 2], [0, 3], [2, 2], [2, 3], [2, 4], [3, 5], [3, 6], [7, 8]]
  729,  [[0, 1], [0, 2], [0, 2], [2, 4], [2, 5], [3, 3], [3, 3], [3, 6], [7, 7]]
  730,  [[0, 0], [0, 1], [0, 2], [2, 4], [2, 5], [3, 3], [3, 3], [3, 6], [7, 8]]
  731,  [[0, 0], [0, 1], [0, 2], [2, 3], [2, 4], [2, 5], [3, 3], [3, 3], [6, 7]]
  732,  [[0, 0], [0, 2], [0, 3], [2, 2], [2, 4], [3, 5], [3, 6], [3, 7], [8, 8]]
  733,  [[0, 0], [0, 2], [0, 3], [2, 2], [2, 4], [2, 5], [3, 6], [3, 7], [8, 8]]
  734,  [[0, 0], [0, 2], [0, 3], [2, 2], [2, 4], [3, 3], [3, 5], [6, 6], [7, 7]]
  735,  [[0, 0], [0, 2], [0, 3], [1, 4], [2, 2], [2, 5], [2, 6], [3, 3], [3, 7]]
  736,  [[0, 0], [0, 2], [0, 3], [2, 2], [2, 4], [2, 5], [3, 3], [3, 6], [7, 8]]
  737,  [[0, 0], [0, 2], [0, 2], [2, 4], [2, 5], [3, 3], [3, 6], [3, 7], [8, 8]]
  738,  [[0, 0], [0, 0], [0, 2], [1, 4], [2, 5], [2, 6], [3, 3], [3, 7], [3, 8]]
  739,  [[0, 0], [0, 2], [0, 2], [2, 2], [3, 3], [3, 4], [3, 5], [6, 6], [7, 7]]
  740,  [[0, 0], [0, 2], [0, 2], [2, 2], [2, 4], [3, 5], [3, 6], [3, 7], [8, 8]]
  741,  [[0, 0], [0, 2], [0, 2], [1, 4], [2, 2], [2, 5], [3, 3], [3, 6], [3, 7]]
  742,  [[0, 0], [0, 2], [0, 2], [2, 2], [2, 4], [3, 3], [3, 5], [3, 6], [3, 7]]
  743,  [[0, 0], [0, 2], [0, 2], [2, 2], [2, 4], [3, 3], [3, 5], [3, 6], [7, 8]]
  744,  [[0, 0], [0, 0], [0, 2], [1, 4], [2, 2], [2, 5], [3, 6], [3, 7], [3, 8]]
  745,  [[0, 0], [0, 0], [0, 2], [2, 2], [2, 4], [3, 5], [3, 6], [3, 7], [3, 8]]
  746,  [[0, 0], [0, 0], [0, 2], [1, 4], [2, 2], [2, 2], [3, 3], [3, 5], [3, 6]]
  747,  [[0, 0], [0, 0], [0, 2], [1, 4], [2, 2], [2, 5], [3, 3], [3, 3], [3, 6]]
  748,  [[0, 0], [0, 0], [0, 2], [2, 2], [2, 2], [3, 3], [3, 4], [3, 5], [6, 7]]
  749,  [[0, 0], [0, 0], [0, 2], [2, 2], [2, 4], [3, 3], [3, 3], [3, 5], [6, 7]]
  750,  [[0, 0], [0, 2], [0, 2], [2, 4], [3, 3], [3, 5], [3, 6], [3, 7], [8, 8]]
  751,  [[0, 0], [0, 2], [0, 2], [2, 2], [2, 3], [3, 4], [3, 5], [3, 6], [7, 7]]
  752,  [[0, 0], [0, 0], [0, 2], [1, 4], [2, 2], [2, 3], [3, 5], [3, 6], [3, 7]]
  753,  [[0, 0], [0, 0], [0, 2], [2, 2], [2, 3], [3, 4], [3, 5], [3, 6], [7, 8]]
  754,  [[0, 0], [0, 2], [0, 2], [2, 3], [3, 4], [3, 5], [3, 6], [7, 7], [8, 8]]
  755,  [[0, 0], [0, 2], [0, 2], [2, 3], [2, 4], [3, 5], [3, 6], [7, 7], [8, 8]]
  756,  [[0, 0], [0, 2], [0, 2], [1, 4], [2, 3], [2, 5], [3, 6], [3, 7], [3, 8]]
  757,  [[0, 0], [0, 0], [0, 2], [1, 4], [2, 3], [2, 5], [3, 6], [3, 7], [8, 8]]
  758,  [[0, 0], [0, 2], [0, 3], [2, 3], [2, 4], [2, 5], [3, 6], [7, 7], [8, 8]]
  759,  [[0, 0], [0, 2], [0, 3], [1, 4], [2, 3], [2, 5], [2, 6], [3, 7], [3, 8]]
  760,  [[0, 0], [0, 2], [0, 3], [1, 4], [2, 2], [2, 3], [3, 5], [3, 6], [7, 7]]
  761,  [[0, 0], [0, 2], [0, 3], [2, 2], [2, 3], [3, 4], [3, 5], [6, 6], [7, 8]]
  762,  [[0, 0], [0, 2], [0, 3], [1, 4], [2, 2], [2, 3], [2, 5], [3, 3], [3, 6]]
  763,  [[0, 0], [0, 2], [0, 3], [1, 4], [2, 2], [2, 3], [2, 5], [3, 6], [7, 7]]
  764,  [[0, 0], [0, 2], [0, 3], [2, 2], [2, 3], [2, 4], [3, 3], [3, 5], [6, 7]]
  765,  [[0, 0], [0, 2], [0, 3], [2, 2], [2, 3], [2, 4], [3, 5], [6, 6], [7, 8]]
  766,  [[0, 0], [0, 2], [0, 2], [1, 4], [2, 5], [2, 6], [3, 3], [3, 3], [3, 7]]
  767,  [[0, 0], [0, 0], [0, 2], [1, 4], [2, 3], [2, 3], [2, 5], [3, 3], [3, 6]]
  768,  [[0, 0], [0, 0], [0, 2], [1, 4], [2, 2], [2, 3], [3, 3], [3, 5], [6, 6]]
  769,  [[0, 0], [0, 2], [0, 2], [1, 4], [2, 3], [2, 5], [3, 3], [3, 6], [7, 7]]
  770,  [[0, 0], [0, 0], [0, 2], [1, 4], [2, 3], [2, 3], [2, 5], [3, 6], [7, 7]]
  771,  [[0, 0], [0, 0], [0, 2], [1, 4], [2, 3], [2, 5], [3, 3], [3, 6], [7, 8]]
  772,  [[0, 0], [0, 2], [0, 2], [2, 4], [2, 5], [3, 3], [3, 3], [3, 6], [7, 8]]
  773,  [[0, 0], [0, 0], [0, 2], [2, 3], [2, 3], [2, 4], [3, 3], [3, 5], [6, 7]]
  774,  [[0, 0], [0, 0], [0, 2], [2, 2], [2, 3], [3, 3], [3, 4], [5, 5], [6, 7]]
  775,  [[0, 0], [0, 2], [0, 2], [2, 3], [2, 4], [3, 3], [3, 5], [6, 6], [7, 8]]
  776,  [[0, 0], [0, 0], [0, 2], [2, 3], [2, 3], [2, 4], [3, 5], [6, 6], [7, 8]]
  777,  [[0, 0], [0, 2], [0, 3], [1, 2], [2, 2], [3, 4], [3, 5], [3, 6], [7, 7]]
  778,  [[0, 0], [0, 2], [0, 3], [1, 2], [2, 2], [3, 3], [3, 4], [5, 5], [6, 6]]
  779,  [[0, 0], [0, 2], [0, 3], [1, 2], [2, 2], [3, 3], [3, 4], [3, 5], [6, 7]]
  780,  [[0, 0], [0, 2], [0, 3], [1, 2], [2, 2], [2, 4], [3, 3], [3, 5], [6, 7]]
  781,  [[0, 2], [0, 2], [0, 3], [1, 2], [2, 4], [3, 5], [3, 6], [3, 7], [8, 8]]
  782,  [[0, 2], [0, 2], [0, 3], [1, 2], [2, 4], [3, 3], [3, 5], [6, 6], [7, 7]]
  783,  [[0, 2], [0, 2], [0, 3], [1, 2], [2, 4], [3, 3], [3, 5], [3, 6], [7, 8]]
  784,  [[0, 0], [0, 2], [0, 3], [1, 2], [2, 4], [3, 5], [3, 6], [7, 7], [8, 8]]
  785,  [[0, 0], [0, 2], [0, 3], [1, 2], [2, 4], [3, 3], [3, 5], [6, 6], [7, 8]]
  786,  [[0, 2], [0, 2], [0, 3], [1, 3], [2, 4], [2, 5], [3, 6], [3, 7], [8, 8]]
  787,  [[0, 2], [0, 2], [0, 3], [1, 3], [2, 2], [3, 4], [3, 5], [6, 6], [7, 7]]
  788,  [[0, 2], [0, 2], [0, 3], [1, 3], [2, 2], [2, 4], [3, 5], [3, 6], [7, 8]]
  789,  [[0, 0], [0, 2], [0, 3], [1, 2], [2, 4], [2, 5], [3, 3], [3, 3], [6, 7]]
  790,  [[0, 0], [0, 2], [0, 2], [1, 3], [2, 4], [3, 5], [3, 6], [7, 7], [8, 8]]
  791,  [[0, 0], [0, 2], [0, 2], [1, 3], [2, 2], [3, 3], [3, 4], [5, 5], [6, 6]]
  792,  [[0, 0], [0, 2], [0, 2], [1, 3], [2, 2], [3, 4], [3, 5], [3, 6], [7, 7]]
  793,  [[0, 0], [0, 2], [0, 2], [1, 3], [2, 2], [3, 4], [3, 5], [6, 6], [7, 8]]
  794,  [[0, 0], [0, 2], [0, 2], [1, 3], [2, 2], [2, 4], [3, 3], [3, 5], [6, 7]]
  795,  [[0, 0], [0, 0], [0, 2], [1, 3], [2, 2], [2, 2], [3, 3], [3, 4], [5, 6]]
  796,  [[0, 0], [0, 0], [0, 2], [1, 3], [2, 2], [2, 4], [3, 3], [3, 3], [5, 6]]
  797,  [[0, 0], [0, 2], [0, 2], [1, 3], [2, 2], [3, 3], [3, 4], [3, 5], [6, 7]]
  798,  [[0, 2], [0, 2], [0, 2], [1, 3], [2, 4], [3, 5], [3, 6], [3, 7], [8, 8]]
  799,  [[0, 2], [0, 2], [0, 2], [1, 3], [2, 4], [3, 3], [3, 5], [6, 6], [7, 7]]
  800,  [[0, 2], [0, 2], [0, 2], [1, 3], [2, 4], [3, 3], [3, 5], [3, 6], [7, 8]]
  801,  [[0, 0], [0, 2], [0, 2], [1, 3], [2, 4], [3, 3], [3, 5], [6, 6], [7, 8]]
  802,  [[0, 2], [0, 2], [0, 3], [1, 3], [2, 4], [2, 5], [3, 3], [6, 6], [7, 7]]
  803,  [[0, 2], [0, 2], [0, 3], [1, 3], [2, 4], [2, 5], [3, 3], [3, 6], [7, 8]]
  804,  [[0, 0], [0, 2], [0, 2], [1, 3], [2, 4], [2, 5], [3, 3], [3, 3], [6, 7]]
  805,  [[0, 0], [0, 2], [0, 3], [1, 2], [2, 2], [3, 4], [3, 5], [6, 6], [7, 8]]
  806,  [[0, 0], [0, 2], [0, 2], [2, 2], [2, 3], [3, 3], [3, 4], [3, 5], [6, 7]]
  807,  [[0, 0], [0, 2], [0, 2], [1, 3], [2, 2], [2, 3], [3, 3], [3, 4], [5, 6]]
  808,  [[0, 0], [0, 2], [0, 2], [1, 3], [2, 2], [2, 3], [3, 4], [5, 5], [6, 7]]
  809,  [[0, 0], [0, 0], [0, 2], [1, 2], [2, 3], [3, 3], [3, 4], [3, 5], [6, 7]]
  810,  [[0, 0], [0, 0], [0, 2], [2, 2], [2, 3], [2, 3], [3, 4], [3, 5], [6, 7]]
  811,  [[0, 0], [0, 0], [0, 2], [1, 3], [2, 2], [2, 3], [2, 3], [3, 4], [5, 6]]
  812,  [[0, 0], [0, 0], [0, 2], [1, 3], [2, 2], [2, 3], [3, 3], [4, 4], [5, 6]]
  813,  [[0, 0], [0, 2], [0, 3], [1, 2], [2, 3], [2, 4], [3, 3], [5, 5], [6, 7]]
  814,  [[0, 0], [0, 0], [0, 2], [1, 3], [2, 3], [2, 3], [3, 4], [5, 5], [6, 7]]
  815,  [[0, 0], [0, 0], [0, 2], [1, 3], [2, 2], [2, 3], [3, 4], [5, 6], [7, 8]]
  816,  [[0, 0], [0, 2], [0, 2], [1, 4], [2, 2], [2, 3], [3, 3], [3, 5], [3, 6]]
  817,  [[0, 0], [0, 2], [0, 2], [1, 4], [2, 3], [3, 3], [3, 5], [3, 6], [7, 7]]
  818,  [[0, 0], [0, 2], [0, 2], [2, 3], [3, 3], [3, 4], [3, 5], [6, 6], [7, 8]]
  819,  [[0, 2], [0, 2], [0, 2], [1, 3], [2, 3], [3, 4], [3, 5], [6, 6], [7, 8]]
  820,  [[0, 0], [0, 2], [0, 2], [1, 3], [2, 3], [3, 3], [3, 4], [5, 5], [6, 7]]
  821,  [[0, 0], [0, 2], [0, 2], [1, 3], [2, 3], [3, 4], [5, 5], [6, 6], [7, 8]]
  822,  [[0, 0], [0, 2], [0, 2], [1, 3], [2, 3], [2, 4], [3, 3], [5, 5], [6, 7]]
  823,  [[0, 2], [0, 2], [0, 3], [1, 3], [2, 3], [2, 4], [3, 5], [6, 6], [7, 8]]
  824,  [[0, 0], [0, 0], [0, 2], [2, 3], [2, 3], [3, 4], [3, 5], [6, 6], [7, 8]]
  825,  [[0, 0], [0, 0], [0, 2], [1, 3], [2, 3], [2, 3], [2, 4], [3, 3], [5, 6]]
  826,  [[0, 0], [0, 0], [0, 2], [1, 3], [2, 3], [2, 3], [2, 4], [5, 5], [6, 7]]
  827,  [[0, 0], [0, 2], [0, 3], [1, 2], [2, 2], [2, 3], [3, 4], [5, 5], [6, 7]]
  828,  [[0, 0], [0, 0], [0, 2], [1, 3], [2, 3], [2, 4], [3, 3], [5, 6], [7, 8]]
  829,  [[0, 0], [0, 2], [0, 3], [1, 2], [2, 3], [3, 4], [5, 5], [6, 6], [7, 8]]
  830,  [[0, 0], [0, 2], [0, 3], [1, 2], [2, 2], [2, 3], [3, 3], [3, 4], [5, 6]]
  831,  [[0, 2], [0, 2], [0, 3], [1, 2], [2, 3], [3, 4], [3, 5], [6, 6], [7, 8]]
  832,  [[0, 0], [0, 2], [0, 3], [1, 2], [2, 3], [3, 3], [3, 4], [5, 5], [6, 7]]
  833,  [[0, 1], [0, 2], [0, 4], [2, 2], [2, 2], [3, 5], [3, 6], [3, 7], [8, 8]]
  834,  [[0, 1], [0, 2], [0, 4], [2, 2], [2, 2], [3, 3], [3, 5], [3, 6], [3, 7]]
  835,  [[0, 1], [0, 2], [0, 4], [2, 2], [2, 2], [3, 3], [3, 5], [3, 6], [7, 8]]
  836,  [[0, 1], [0, 2], [0, 4], [2, 2], [2, 5], [3, 3], [3, 3], [3, 6], [7, 8]]
  837,  [[0, 1], [0, 2], [0, 4], [2, 2], [2, 3], [2, 3], [3, 5], [3, 6], [7, 8]]
  838,  [[0, 1], [0, 2], [0, 4], [2, 2], [2, 3], [3, 3], [3, 5], [6, 6], [7, 8]]
  839,  [[0, 1], [0, 2], [0, 4], [2, 3], [2, 3], [2, 5], [3, 3], [6, 6], [7, 7]]
  840,  [[0, 1], [0, 2], [0, 4], [2, 3], [2, 3], [2, 5], [3, 3], [3, 6], [7, 8]]
  841,  [[0, 1], [0, 2], [0, 4], [2, 2], [2, 3], [2, 5], [3, 3], [3, 3], [6, 7]]
  842,  [[0, 1], [0, 2], [0, 4], [2, 3], [2, 5], [3, 3], [3, 3], [6, 6], [7, 8]]
  843,  [[0, 2], [0, 3], [0, 4], [1, 5], [2, 2], [2, 6], [3, 3], [3, 7], [8, 8]]
  844,  [[0, 2], [0, 3], [0, 4], [1, 5], [2, 2], [2, 2], [3, 3], [3, 6], [3, 7]]
  845,  [[0, 2], [0, 2], [0, 4], [1, 5], [2, 2], [3, 3], [3, 6], [3, 7], [8, 8]]
  846,  [[0, 2], [0, 2], [0, 4], [2, 2], [3, 3], [3, 5], [3, 6], [3, 7], [8, 8]]
  847,  [[0, 2], [0, 2], [0, 4], [1, 5], [2, 2], [2, 6], [3, 3], [3, 3], [3, 7]]
  848,  [[0, 2], [0, 4], [0, 5], [1, 6], [2, 2], [2, 2], [3, 3], [3, 7], [3, 8]]
  849,  [[0, 2], [0, 4], [0, 5], [2, 2], [2, 2], [3, 3], [3, 6], [3, 7], [3, 8]]
  850,  [[0, 2], [0, 3], [0, 4], [2, 2], [2, 2], [3, 5], [3, 6], [3, 7], [8, 8]]
  851,  [[0, 0], [0, 2], [0, 4], [1, 5], [2, 2], [2, 2], [3, 6], [3, 7], [3, 8]]
  852,  [[0, 0], [0, 2], [0, 4], [2, 2], [2, 2], [3, 5], [3, 6], [3, 7], [3, 8]]
  853,  [[0, 0], [0, 2], [0, 4], [1, 5], [2, 2], [2, 2], [3, 3], [3, 3], [3, 6]]
  854,  [[0, 2], [0, 3], [0, 4], [2, 2], [2, 2], [3, 3], [3, 5], [3, 6], [7, 8]]
  855,  [[0, 0], [0, 2], [0, 4], [2, 2], [2, 2], [3, 3], [3, 3], [3, 5], [6, 7]]
  856,  [[0, 2], [0, 4], [0, 5], [1, 6], [2, 2], [2, 7], [3, 3], [3, 3], [3, 8]]
  857,  [[0, 2], [0, 2], [0, 4], [2, 2], [2, 5], [3, 3], [3, 3], [3, 6], [7, 8]]
  858,  [[0, 2], [0, 4], [0, 5], [1, 6], [2, 2], [2, 3], [2, 3], [3, 7], [3, 8]]
  859,  [[0, 2], [0, 4], [0, 5], [1, 6], [2, 2], [2, 3], [3, 3], [3, 7], [8, 8]]
  860,  [[0, 2], [0, 4], [0, 5], [2, 3], [2, 3], [2, 6], [3, 3], [7, 7], [8, 8]]
  861,  [[0, 2], [0, 4], [0, 5], [1, 6], [2, 3], [2, 3], [2, 7], [3, 3], [3, 8]]
  862,  [[0, 2], [0, 4], [0, 5], [1, 6], [2, 2], [2, 3], [2, 7], [3, 3], [3, 3]]
  863,  [[0, 0], [0, 2], [0, 2], [1, 2], [2, 3], [3, 3], [3, 4], [3, 5], [6, 6]]
  864,  [[0, 2], [0, 2], [0, 4], [1, 2], [2, 3], [3, 3], [3, 5], [3, 6], [7, 8]]
  865,  [[0, 0], [0, 0], [0, 2], [1, 4], [2, 2], [2, 3], [2, 3], [3, 5], [3, 6]]
  866,  [[0, 0], [0, 2], [0, 4], [1, 5], [2, 2], [2, 3], [2, 3], [3, 3], [3, 6]]
  867,  [[0, 0], [0, 2], [0, 4], [1, 5], [2, 2], [2, 3], [2, 3], [3, 6], [7, 7]]
  868,  [[0, 0], [0, 2], [0, 4], [2, 2], [2, 3], [2, 3], [3, 3], [3, 5], [6, 7]]
  869,  [[0, 0], [0, 2], [0, 4], [2, 2], [2, 3], [2, 3], [3, 5], [6, 6], [7, 8]]
  870,  [[0, 2], [0, 2], [0, 4], [1, 5], [2, 2], [2, 3], [3, 6], [3, 7], [3, 8]]
  871,  [[0, 2], [0, 2], [0, 4], [1, 5], [2, 2], [2, 3], [3, 3], [3, 6], [7, 7]]
  872,  [[0, 2], [0, 3], [0, 4], [1, 5], [2, 2], [2, 3], [2, 6], [3, 3], [7, 7]]
  873,  [[0, 0], [0, 2], [0, 4], [1, 5], [2, 3], [2, 3], [3, 3], [3, 6], [7, 7]]
  874,  [[0, 0], [0, 2], [0, 4], [1, 5], [2, 2], [2, 3], [3, 3], [3, 3], [6, 6]]
  875,  [[0, 0], [0, 2], [0, 4], [1, 5], [2, 2], [2, 3], [3, 3], [3, 6], [7, 8]]
  876,  [[0, 2], [0, 2], [0, 4], [2, 2], [2, 3], [3, 3], [3, 5], [6, 6], [7, 8]]
  877,  [[0, 2], [0, 3], [0, 4], [2, 2], [2, 3], [2, 5], [3, 3], [6, 6], [7, 8]]
  878,  [[0, 0], [0, 2], [0, 4], [2, 3], [2, 3], [3, 3], [3, 5], [6, 6], [7, 8]]
  879,  [[0, 0], [0, 2], [0, 4], [2, 2], [2, 3], [3, 3], [3, 3], [5, 5], [6, 7]]
  880,  [[0, 0], [0, 2], [0, 4], [1, 5], [2, 3], [2, 3], [2, 6], [3, 3], [7, 7]]
  881,  [[0, 0], [0, 2], [0, 4], [2, 3], [2, 3], [2, 5], [3, 3], [6, 6], [7, 8]]
  882,  [[0, 2], [0, 4], [0, 5], [2, 2], [2, 3], [2, 6], [3, 3], [3, 3], [7, 8]]
  883,  [[0, 2], [0, 2], [0, 4], [1, 5], [2, 6], [3, 3], [3, 3], [3, 7], [8, 8]]
  884,  [[0, 2], [0, 2], [0, 4], [1, 5], [2, 3], [3, 3], [3, 6], [7, 7], [8, 8]]
  885,  [[0, 2], [0, 2], [0, 4], [1, 5], [2, 3], [2, 6], [3, 3], [3, 3], [7, 7]]
  886,  [[0, 2], [0, 2], [0, 4], [1, 5], [2, 3], [2, 3], [3, 6], [3, 7], [8, 8]]
  887,  [[0, 0], [0, 0], [0, 2], [1, 4], [2, 3], [2, 3], [3, 5], [3, 6], [7, 7]]
  888,  [[0, 0], [0, 2], [0, 2], [2, 3], [2, 3], [3, 4], [3, 5], [6, 6], [7, 7]]
  889,  [[0, 0], [0, 2], [0, 4], [1, 5], [2, 3], [2, 3], [3, 6], [7, 7], [8, 8]]
  890,  [[0, 0], [0, 2], [0, 3], [2, 3], [2, 3], [2, 4], [3, 5], [6, 6], [7, 7]]
  891,  [[0, 2], [0, 3], [0, 4], [1, 5], [2, 3], [2, 3], [2, 6], [3, 7], [8, 8]]
  892,  [[0, 2], [0, 3], [0, 4], [1, 5], [2, 2], [2, 3], [3, 6], [7, 7], [8, 8]]
  893,  [[0, 2], [0, 4], [0, 5], [1, 6], [2, 3], [2, 7], [3, 3], [3, 3], [8, 8]]
  894,  [[0, 0], [0, 2], [0, 4], [1, 5], [2, 3], [2, 6], [3, 3], [3, 3], [7, 8]]
  895,  [[0, 2], [0, 3], [0, 4], [1, 5], [2, 2], [2, 2], [3, 6], [3, 7], [8, 8]]
  896,  [[0, 2], [0, 2], [0, 4], [2, 3], [2, 5], [3, 3], [3, 3], [6, 6], [7, 8]]
  897,  [[0, 2], [0, 3], [0, 4], [1, 2], [2, 2], [3, 3], [3, 5], [6, 6], [7, 8]]
  898,  [[0, 2], [0, 3], [0, 4], [1, 2], [2, 2], [2, 5], [3, 3], [3, 3], [6, 7]]
  899,  [[0, 2], [0, 3], [0, 4], [1, 2], [2, 5], [3, 3], [3, 3], [6, 6], [7, 8]]
  900,  [[0, 2], [0, 2], [0, 4], [1, 3], [2, 2], [3, 3], [3, 5], [6, 6], [7, 8]]
  901,  [[0, 2], [0, 2], [0, 4], [1, 3], [2, 2], [2, 5], [3, 3], [3, 3], [6, 7]]
  902,  [[0, 2], [0, 4], [0, 5], [1, 3], [2, 2], [2, 2], [3, 3], [3, 6], [7, 8]]
  903,  [[0, 0], [0, 2], [0, 4], [1, 3], [2, 2], [2, 2], [3, 3], [3, 3], [5, 6]]
  904,  [[0, 2], [0, 4], [0, 5], [1, 3], [2, 2], [2, 6], [3, 3], [3, 3], [7, 8]]
  905,  [[0, 2], [0, 2], [0, 4], [1, 3], [2, 5], [3, 3], [3, 3], [6, 6], [7, 8]]
  906,  [[0, 2], [0, 4], [0, 5], [1, 3], [2, 2], [2, 3], [2, 3], [3, 6], [7, 8]]
  907,  [[0, 2], [0, 4], [0, 5], [1, 3], [2, 2], [2, 3], [3, 3], [6, 6], [7, 8]]
  908,  [[0, 2], [0, 4], [0, 5], [1, 3], [2, 3], [2, 3], [2, 6], [3, 3], [7, 8]]
  909,  [[0, 2], [0, 2], [0, 4], [1, 3], [2, 2], [2, 3], [3, 3], [5, 5], [6, 7]]
  910,  [[0, 2], [0, 2], [0, 4], [1, 3], [2, 3], [2, 3], [3, 5], [6, 6], [7, 8]]
  911,  [[0, 0], [0, 2], [0, 4], [1, 3], [2, 2], [2, 3], [2, 3], [3, 3], [5, 6]]
  912,  [[0, 0], [0, 2], [0, 4], [1, 3], [2, 2], [2, 3], [2, 3], [5, 5], [6, 7]]
  913,  [[0, 2], [0, 3], [0, 4], [1, 2], [2, 2], [2, 3], [3, 3], [5, 5], [6, 7]]
  914,  [[0, 0], [0, 2], [0, 4], [1, 3], [2, 3], [2, 3], [3, 3], [5, 5], [6, 7]]
  915,  [[0, 0], [0, 2], [0, 4], [1, 3], [2, 2], [2, 3], [3, 3], [5, 6], [7, 8]]
  916,  [[0, 2], [0, 3], [0, 4], [1, 2], [2, 3], [3, 3], [5, 5], [6, 6], [7, 8]]
  917,  [[0, 0], [0, 2], [0, 2], [1, 3], [2, 3], [2, 3], [3, 4], [5, 5], [6, 6]]
  918,  [[0, 0], [0, 2], [0, 4], [1, 3], [2, 3], [2, 3], [5, 5], [6, 6], [7, 8]]
  919,  [[0, 2], [0, 3], [0, 4], [1, 2], [2, 3], [2, 3], [3, 5], [6, 6], [7, 8]]
  920,  [[0, 0], [0, 2], [0, 3], [1, 2], [2, 3], [2, 3], [3, 4], [5, 5], [6, 6]]
  921,  [[0, 2], [0, 2], [0, 4], [1, 3], [2, 3], [3, 3], [5, 5], [6, 6], [7, 8]]
Total nodes =  922
Total edges =  2605
Goal candidates No. 138
True Goal graph No. 160
Goal candidates No. 174
Goal candidates No. 181
Goal candidates No. 196
Goal candidates No. 206
Goal candidates No. 216
Goal candidates No. 225
Goal candidates No. 263
Goal candidates No. 313
Goal candidates No. 679
Goal candidates No. 722
Goal candidates No. 756
Goal candidates No. 759
Total Goals =  14  and Paths = 276 

True paths: 5 / 276 

