Nomber of atoms =  6
Atoms =  ['X', 'N', 'CH3', 'CH3', 'H', 'H']
Valence electrons =  [7, 5, 1, 1, 1, 1]
Fixed electrons =  [[0, 0], [0, 0], [0, 0]]
Good initial graph No.0!
Good goal graph!

 Generated No. and Nodes:
    0,  [[0, 2], [1, 1], [1, 3], [1, 4], [1, 5]]
    1,  [[0, 0], [1, 1], [1, 2], [1, 4], [1, 5]]
    2,  [[0, 2], [1, 1], [1, 1], [1, 4], [1, 5]]
    3,  [[0, 2], [1, 1], [1, 1], [1, 3], [1, 4]]
    4,  [[0, 2], [1, 1], [1, 3], [1, 4], [5, 5]]
    5,  [[0, 0], [1, 2], [1, 3], [1, 4], [1, 5]]
    6,  [[0, 0], [1, 1], [1, 1], [1, 4], [1, 5]]
    7,  [[0, 0], [1, 1], [1, 1], [1, 2], [1, 4]]
    8,  [[0, 0], [1, 1], [1, 2], [1, 4], [5, 5]]
    9,  [[0, 2], [1, 1], [1, 1], [1, 4], [5, 5]]
   10,  [[0, 2], [1, 1], [1, 1], [1, 3], [4, 4]]
   11,  [[0, 0], [1, 1], [1, 2], [1, 3], [1, 4]]
   12,  [[0, 0], [1, 1], [1, 1], [1, 4], [5, 5]]
   13,  [[0, 4], [1, 1], [1, 1], [1, 2], [1, 5]]
   14,  [[0, 0], [1, 1], [1, 1], [1, 2], [4, 4]]
   15,  [[0, 1], [1, 1], [1, 2], [1, 4], [5, 5]]
   16,  [[0, 0], [1, 1], [1, 2], [1, 4], [3, 5]]
   17,  [[0, 2], [1, 1], [1, 1], [1, 1], [4, 4]]
   18,  [[0, 2], [1, 1], [1, 1], [1, 4], [3, 5]]
   19,  [[0, 2], [1, 1], [1, 1], [1, 3], [4, 5]]
   20,  [[0, 4], [1, 1], [1, 2], [1, 3], [1, 5]]
   21,  [[0, 0], [1, 1], [1, 1], [1, 2], [1, 3]]
   22,  [[0, 0], [1, 1], [1, 2], [1, 3], [4, 4]]
   23,  [[0, 1], [1, 1], [1, 1], [1, 4], [5, 5]]
   24,  [[0, 0], [1, 1], [1, 1], [1, 4], [2, 5]]
   25,  [[0, 4], [1, 1], [1, 1], [1, 2], [5, 5]]
   26,  [[0, 1], [1, 1], [1, 1], [1, 2], [4, 4]]
   27,  [[0, 0], [1, 1], [1, 1], [1, 2], [3, 4]]
   28,  [[0, 0], [1, 1], [1, 1], [1, 2], [4, 5]]
   29,  [[0, 1], [1, 2], [1, 3], [1, 4], [5, 5]]
   30,  [[0, 1], [1, 1], [1, 2], [4, 4], [5, 5]]
   31,  [[0, 1], [1, 1], [1, 2], [1, 4], [3, 5]]
   32,  [[0, 2], [1, 1], [1, 1], [1, 1], [3, 4]]
   33,  [[0, 2], [1, 1], [1, 1], [1, 1], [4, 5]]
   34,  [[0, 4], [1, 1], [1, 1], [1, 2], [1, 3]]
   35,  [[0, 4], [1, 1], [1, 2], [1, 3], [5, 5]]
   36,  [[0, 1], [1, 1], [1, 2], [1, 3], [4, 4]]
   37,  [[0, 0], [1, 1], [1, 2], [1, 3], [4, 5]]
   38,  [[0, 1], [1, 1], [1, 1], [4, 4], [5, 5]]
   39,  [[0, 1], [1, 1], [1, 1], [1, 4], [2, 5]]
   40,  [[0, 0], [1, 1], [1, 1], [1, 1], [2, 4]]
   41,  [[0, 4], [1, 1], [1, 1], [1, 1], [5, 5]]
   42,  [[0, 4], [1, 1], [1, 1], [1, 2], [3, 5]]
   43,  [[0, 1], [1, 1], [1, 1], [1, 2], [3, 4]]
   44,  [[0, 1], [1, 1], [1, 1], [1, 2], [4, 5]]
   45,  [[0, 0], [1, 1], [1, 1], [1, 1], [4, 5]]
   46,  [[0, 1], [1, 1], [1, 2], [3, 4], [5, 5]]
   47,  [[0, 1], [1, 1], [1, 2], [1, 3], [4, 5]]
   48,  [[0, 1], [1, 1], [1, 1], [2, 4], [5, 5]]
   49,  [[0, 4], [1, 1], [1, 1], [1, 1], [2, 5]]
   50,  [[0, 1], [1, 1], [1, 1], [2, 4], [3, 5]]
Total nodes =  51
Total edges =  96
True Goal graph No. 20
Goal candidates No. 31
Goal candidates No. 47
Total Goals =  3  and Paths = 61 

True paths: 5 / 61 

