Nomber of atoms =  6
Atoms =  ['X', 'O', 'CH3', 'CH2', 'H', 'H']
Valence electrons =  [7, 6, 1, 2, 1, 1]
Fixed electrons =  [[0, 0], [0, 0], [0, 0], [1, 1]]
Good initial graph No.0!
Good goal graph!

 Generated No. and Nodes:
    0,  [[0, 4], [1, 1], [1, 3], [1, 5], [2, 3]]
    1,  [[0, 0], [1, 1], [1, 3], [1, 4], [2, 3]]
    2,  [[0, 4], [1, 1], [1, 1], [1, 5], [2, 3]]
    3,  [[0, 4], [1, 1], [1, 1], [1, 3], [2, 3]]
    4,  [[0, 0], [1, 3], [1, 4], [1, 5], [2, 3]]
    5,  [[0, 0], [1, 1], [1, 1], [1, 4], [2, 3]]
    6,  [[0, 0], [1, 1], [1, 1], [1, 3], [2, 3]]
    7,  [[0, 4], [1, 1], [1, 1], [1, 5], [3, 3]]
    8,  [[0, 0], [1, 1], [1, 4], [1, 5], [2, 3]]
    9,  [[0, 3], [1, 1], [1, 1], [1, 4], [2, 3]]
   10,  [[0, 0], [1, 1], [1, 1], [1, 4], [3, 3]]
   11,  [[0, 4], [1, 1], [1, 2], [1, 5], [3, 3]]
   12,  [[0, 3], [1, 1], [1, 4], [1, 5], [2, 3]]
   13,  [[0, 0], [1, 1], [1, 4], [1, 5], [3, 3]]
   14,  [[0, 2], [1, 1], [1, 1], [1, 4], [3, 3]]
   15,  [[0, 0], [1, 1], [1, 2], [1, 4], [3, 3]]
   16,  [[0, 0], [1, 1], [1, 1], [1, 4], [3, 5]]
   17,  [[0, 4], [1, 1], [1, 1], [1, 2], [3, 3]]
   18,  [[0, 2], [1, 1], [1, 4], [1, 5], [3, 3]]
   19,  [[0, 0], [1, 2], [1, 4], [1, 5], [3, 3]]
   20,  [[0, 2], [1, 1], [1, 1], [1, 4], [3, 5]]
   21,  [[0, 0], [1, 1], [1, 1], [1, 2], [3, 3]]
   22,  [[0, 0], [1, 1], [1, 2], [1, 4], [3, 5]]
   23,  [[0, 3], [1, 1], [1, 1], [1, 4], [3, 5]]
   24,  [[0, 0], [1, 1], [1, 3], [1, 4], [3, 5]]
   25,  [[0, 4], [1, 1], [1, 1], [1, 2], [3, 5]]
   26,  [[0, 2], [1, 1], [1, 3], [1, 4], [3, 5]]
   27,  [[0, 0], [1, 1], [1, 1], [1, 2], [3, 4]]
   28,  [[0, 3], [1, 1], [1, 2], [1, 4], [3, 5]]
   29,  [[0, 0], [1, 2], [1, 3], [1, 4], [3, 5]]
   30,  [[0, 3], [1, 1], [1, 1], [1, 4], [5, 5]]
   31,  [[0, 0], [1, 1], [1, 1], [1, 3], [3, 4]]
   32,  [[0, 0], [1, 1], [1, 3], [1, 4], [5, 5]]
   33,  [[0, 4], [1, 1], [1, 2], [1, 3], [3, 5]]
   34,  [[0, 2], [1, 1], [1, 1], [1, 3], [3, 4]]
   35,  [[0, 2], [1, 1], [1, 3], [1, 4], [5, 5]]
   36,  [[0, 3], [1, 1], [1, 1], [1, 2], [3, 4]]
   37,  [[0, 0], [1, 1], [1, 2], [1, 3], [3, 4]]
   38,  [[0, 3], [1, 1], [1, 2], [1, 4], [5, 5]]
   39,  [[0, 0], [1, 2], [1, 3], [1, 4], [5, 5]]
   40,  [[0, 3], [1, 1], [1, 3], [1, 4], [5, 5]]
   41,  [[0, 3], [1, 1], [1, 1], [1, 4], [2, 5]]
   42,  [[0, 4], [1, 1], [1, 1], [1, 3], [3, 5]]
   43,  [[0, 0], [1, 3], [1, 3], [1, 4], [5, 5]]
   44,  [[0, 0], [1, 1], [1, 3], [1, 4], [2, 5]]
   45,  [[0, 4], [1, 1], [1, 2], [1, 3], [5, 5]]
   46,  [[0, 2], [1, 1], [1, 1], [1, 3], [4, 4]]
   47,  [[0, 2], [1, 3], [1, 3], [1, 4], [5, 5]]
   48,  [[0, 3], [1, 1], [1, 1], [1, 2], [4, 4]]
   49,  [[0, 0], [1, 1], [1, 2], [1, 3], [4, 4]]
   50,  [[0, 3], [1, 2], [1, 3], [1, 4], [5, 5]]
   51,  [[0, 3], [1, 1], [1, 1], [1, 3], [4, 4]]
   52,  [[0, 3], [1, 1], [1, 3], [1, 4], [2, 5]]
   53,  [[0, 4], [1, 1], [1, 1], [1, 3], [5, 5]]
   54,  [[0, 0], [1, 1], [1, 3], [1, 3], [4, 4]]
   55,  [[0, 0], [1, 3], [1, 3], [1, 4], [2, 5]]
   56,  [[0, 0], [1, 1], [1, 1], [1, 3], [2, 4]]
   57,  [[0, 4], [1, 2], [1, 3], [1, 3], [5, 5]]
   58,  [[0, 2], [1, 1], [1, 3], [1, 3], [4, 4]]
   59,  [[0, 2], [1, 1], [1, 1], [1, 3], [4, 5]]
   60,  [[0, 3], [1, 1], [1, 2], [1, 3], [4, 4]]
   61,  [[0, 3], [1, 1], [1, 1], [1, 2], [4, 5]]
   62,  [[0, 0], [1, 2], [1, 3], [1, 3], [4, 4]]
   63,  [[0, 0], [1, 1], [1, 2], [1, 3], [4, 5]]
   64,  [[0, 3], [1, 1], [1, 1], [1, 3], [2, 4]]
   65,  [[0, 3], [1, 1], [1, 1], [1, 3], [4, 5]]
   66,  [[0, 4], [1, 1], [1, 3], [1, 3], [5, 5]]
   67,  [[0, 4], [1, 1], [1, 1], [1, 3], [2, 5]]
   68,  [[0, 0], [1, 1], [1, 3], [1, 3], [2, 4]]
   69,  [[0, 0], [1, 1], [1, 3], [1, 3], [4, 5]]
   70,  [[0, 2], [1, 1], [1, 3], [1, 3], [4, 5]]
   71,  [[0, 0], [1, 1], [1, 1], [1, 3], [4, 5]]
   72,  [[0, 3], [1, 1], [1, 2], [1, 3], [4, 5]]
   73,  [[0, 0], [1, 2], [1, 3], [1, 3], [4, 5]]
   74,  [[0, 4], [1, 1], [1, 3], [1, 3], [2, 5]]
Total nodes =  75
Total edges =  138
True Goal graph No. 12
Goal candidates No. 26
Goal candidates No. 28
Goal candidates No. 33
Goal candidates No. 52
Goal candidates No. 70
Goal candidates No. 72
Goal candidates No. 74
Total Goals =  8  and Paths = 333 

True paths: 5 / 333 

