Nomber of atoms =  9
Atoms =  ['X', 'O', 'CH3', 'CH3', 'CH2', 'C', 'H', 'H', 'H']
Valence electrons =  [7, 6, 1, 1, 2, 4, 1, 1, 1]
Fixed electrons =  [[0, 0], [0, 0], [0, 0], [1, 1]]
Good initial graph No.0!
Good goal graph!

 Generated No. and Nodes:
    0,  [[0, 5], [1, 1], [1, 6], [1, 7], [2, 5], [3, 5], [4, 5], [4, 8]]
    1,  [[0, 0], [1, 1], [1, 6], [1, 7], [2, 5], [3, 5], [4, 5], [4, 8]]
    2,  [[0, 5], [1, 1], [1, 1], [1, 6], [2, 5], [3, 5], [4, 5], [4, 7]]
    3,  [[0, 5], [1, 1], [1, 6], [1, 7], [2, 5], [4, 5], [4, 8], [5, 5]]
    4,  [[0, 5], [1, 1], [1, 6], [1, 7], [2, 5], [3, 5], [4, 8], [5, 5]]
    5,  [[0, 5], [1, 1], [1, 6], [1, 7], [2, 5], [3, 5], [4, 5], [8, 8]]
    6,  [[0, 0], [1, 5], [1, 6], [1, 7], [2, 5], [3, 5], [4, 5], [4, 8]]
    7,  [[0, 0], [1, 1], [1, 1], [1, 6], [2, 5], [3, 5], [4, 5], [4, 7]]
    8,  [[0, 0], [1, 1], [1, 6], [1, 7], [2, 5], [4, 5], [4, 8], [5, 5]]
    9,  [[0, 0], [1, 1], [1, 6], [1, 7], [2, 5], [3, 5], [4, 8], [5, 5]]
   10,  [[0, 0], [1, 1], [1, 6], [1, 7], [2, 5], [3, 5], [4, 5], [8, 8]]
   11,  [[0, 5], [1, 1], [1, 1], [1, 6], [2, 5], [4, 5], [4, 7], [5, 5]]
   12,  [[0, 5], [1, 1], [1, 1], [1, 6], [2, 5], [3, 5], [4, 7], [5, 5]]
   13,  [[0, 5], [1, 1], [1, 1], [1, 6], [2, 5], [3, 5], [4, 5], [7, 7]]
   14,  [[0, 5], [1, 2], [1, 6], [1, 7], [3, 5], [4, 5], [4, 8], [5, 5]]
   15,  [[0, 5], [1, 1], [1, 6], [1, 7], [2, 5], [4, 5], [5, 5], [8, 8]]
   16,  [[0, 5], [1, 4], [1, 6], [1, 7], [2, 5], [3, 5], [4, 8], [5, 5]]
   17,  [[0, 5], [1, 1], [1, 6], [1, 7], [2, 5], [3, 5], [4, 4], [5, 5]]
   18,  [[0, 5], [1, 4], [1, 6], [1, 7], [2, 5], [3, 5], [4, 5], [8, 8]]
   19,  [[0, 5], [1, 1], [1, 6], [1, 7], [2, 5], [3, 5], [4, 4], [8, 8]]
   20,  [[0, 0], [1, 1], [1, 5], [1, 6], [2, 5], [3, 5], [4, 5], [4, 7]]
   21,  [[0, 0], [1, 5], [1, 6], [1, 7], [2, 5], [4, 5], [4, 8], [5, 5]]
   22,  [[0, 0], [1, 5], [1, 6], [1, 7], [2, 5], [3, 5], [4, 8], [5, 5]]
   23,  [[0, 0], [1, 5], [1, 6], [1, 7], [2, 5], [3, 5], [4, 5], [8, 8]]
   24,  [[0, 6], [1, 1], [1, 1], [1, 7], [2, 5], [3, 5], [4, 5], [4, 8]]
   25,  [[0, 0], [1, 1], [1, 1], [1, 6], [2, 5], [4, 5], [4, 7], [5, 5]]
   26,  [[0, 0], [1, 1], [1, 1], [1, 6], [2, 5], [3, 5], [4, 7], [5, 5]]
   27,  [[0, 2], [1, 1], [1, 6], [1, 7], [3, 5], [4, 5], [4, 8], [5, 5]]
   28,  [[0, 0], [1, 2], [1, 6], [1, 7], [3, 5], [4, 5], [4, 8], [5, 5]]
   29,  [[0, 0], [1, 1], [1, 6], [1, 7], [4, 5], [4, 8], [5, 5], [5, 5]]
   30,  [[0, 0], [1, 1], [1, 6], [1, 7], [2, 5], [4, 8], [5, 5], [5, 5]]
   31,  [[0, 0], [1, 1], [1, 6], [1, 7], [2, 5], [4, 5], [5, 5], [8, 8]]
   32,  [[0, 4], [1, 1], [1, 6], [1, 7], [2, 5], [3, 5], [4, 8], [5, 5]]
   33,  [[0, 0], [1, 4], [1, 6], [1, 7], [2, 5], [3, 5], [4, 8], [5, 5]]
   34,  [[0, 0], [1, 1], [1, 6], [1, 7], [2, 5], [3, 5], [4, 4], [5, 5]]
   35,  [[0, 4], [1, 1], [1, 6], [1, 7], [2, 5], [3, 5], [4, 5], [8, 8]]
   36,  [[0, 0], [1, 4], [1, 6], [1, 7], [2, 5], [3, 5], [4, 5], [8, 8]]
   37,  [[0, 0], [1, 1], [1, 6], [1, 7], [2, 5], [3, 5], [4, 5], [5, 8]]
   38,  [[0, 5], [1, 1], [1, 2], [1, 6], [3, 5], [4, 5], [4, 7], [5, 5]]
   39,  [[0, 5], [1, 1], [1, 1], [1, 6], [2, 5], [4, 5], [4, 7], [5, 8]]
   40,  [[0, 5], [1, 1], [1, 4], [1, 6], [2, 5], [3, 5], [4, 7], [5, 5]]
   41,  [[0, 5], [1, 1], [1, 1], [1, 6], [2, 5], [3, 5], [4, 4], [5, 5]]
   42,  [[0, 5], [1, 1], [1, 1], [1, 6], [2, 5], [3, 5], [4, 7], [5, 8]]
   43,  [[0, 5], [1, 1], [1, 4], [1, 6], [2, 5], [3, 5], [4, 5], [7, 7]]
   44,  [[0, 5], [1, 1], [1, 1], [1, 6], [2, 5], [3, 5], [4, 4], [7, 7]]
   45,  [[0, 5], [1, 1], [1, 1], [1, 6], [2, 5], [3, 5], [4, 5], [7, 8]]
   46,  [[0, 5], [1, 2], [1, 6], [1, 7], [3, 5], [4, 5], [5, 5], [8, 8]]
   47,  [[0, 5], [1, 4], [1, 6], [1, 7], [2, 5], [4, 5], [5, 5], [8, 8]]
   48,  [[0, 5], [1, 1], [1, 6], [1, 7], [2, 5], [4, 4], [5, 5], [8, 8]]
   49,  [[0, 5], [1, 1], [1, 6], [1, 7], [2, 5], [4, 5], [4, 5], [8, 8]]
   50,  [[0, 5], [1, 1], [1, 6], [1, 7], [2, 5], [3, 8], [4, 5], [5, 5]]
   51,  [[0, 5], [1, 4], [1, 6], [1, 7], [2, 5], [3, 5], [5, 5], [8, 8]]
   52,  [[0, 5], [1, 6], [1, 7], [1, 8], [2, 5], [3, 5], [4, 4], [5, 5]]
   53,  [[0, 5], [1, 1], [1, 6], [1, 7], [2, 5], [3, 5], [4, 4], [5, 8]]
   54,  [[0, 5], [1, 5], [1, 6], [1, 7], [2, 5], [3, 5], [4, 4], [8, 8]]
   55,  [[0, 6], [1, 1], [1, 5], [1, 7], [2, 5], [3, 5], [4, 5], [4, 8]]
   56,  [[0, 0], [1, 1], [1, 1], [1, 5], [2, 5], [3, 5], [4, 5], [4, 6]]
   57,  [[0, 0], [1, 1], [1, 5], [1, 6], [2, 5], [4, 5], [4, 7], [5, 5]]
   58,  [[0, 0], [1, 1], [1, 5], [1, 6], [2, 5], [3, 5], [4, 7], [5, 5]]
   59,  [[0, 0], [1, 1], [1, 5], [1, 6], [2, 5], [3, 5], [4, 5], [7, 7]]
   60,  [[0, 2], [1, 5], [1, 6], [1, 7], [3, 5], [4, 5], [4, 8], [5, 5]]
   61,  [[0, 4], [1, 5], [1, 6], [1, 7], [2, 5], [3, 5], [4, 8], [5, 5]]
   62,  [[0, 0], [1, 5], [1, 6], [1, 7], [2, 5], [3, 5], [4, 4], [5, 5]]
   63,  [[0, 4], [1, 5], [1, 6], [1, 7], [2, 5], [3, 5], [4, 5], [8, 8]]
   64,  [[0, 0], [1, 5], [1, 6], [1, 7], [2, 5], [3, 5], [4, 4], [8, 8]]
   65,  [[0, 6], [1, 1], [1, 1], [1, 7], [2, 5], [4, 5], [4, 8], [5, 5]]
   66,  [[0, 6], [1, 1], [1, 1], [1, 7], [2, 5], [3, 5], [4, 8], [5, 5]]
   67,  [[0, 6], [1, 1], [1, 1], [1, 7], [2, 5], [3, 5], [4, 5], [8, 8]]
   68,  [[0, 2], [1, 1], [1, 1], [1, 6], [3, 5], [4, 5], [4, 7], [5, 5]]
   69,  [[0, 0], [1, 1], [1, 2], [1, 6], [3, 5], [4, 5], [4, 7], [5, 5]]
   70,  [[0, 0], [1, 1], [1, 1], [1, 6], [2, 5], [4, 5], [4, 7], [5, 8]]
   71,  [[0, 4], [1, 1], [1, 1], [1, 6], [2, 5], [3, 5], [4, 7], [5, 5]]
   72,  [[0, 0], [1, 1], [1, 4], [1, 6], [2, 5], [3, 5], [4, 7], [5, 5]]
   73,  [[0, 0], [1, 1], [1, 1], [1, 6], [2, 5], [3, 5], [4, 4], [5, 5]]
   74,  [[0, 0], [1, 1], [1, 1], [1, 6], [2, 5], [3, 5], [4, 7], [5, 8]]
   75,  [[0, 2], [1, 1], [1, 6], [1, 7], [4, 5], [4, 8], [5, 5], [5, 5]]
   76,  [[0, 2], [1, 1], [1, 6], [1, 7], [3, 5], [4, 8], [5, 5], [5, 5]]
   77,  [[0, 2], [1, 1], [1, 6], [1, 7], [3, 5], [4, 5], [5, 5], [8, 8]]
   78,  [[0, 0], [1, 2], [1, 6], [1, 7], [4, 5], [4, 8], [5, 5], [5, 5]]
   79,  [[0, 0], [1, 2], [1, 6], [1, 7], [3, 5], [4, 8], [5, 5], [5, 5]]
   80,  [[0, 0], [1, 2], [1, 6], [1, 7], [3, 5], [4, 5], [5, 5], [8, 8]]
   81,  [[0, 4], [1, 1], [1, 6], [1, 7], [2, 5], [4, 8], [5, 5], [5, 5]]
   82,  [[0, 0], [1, 4], [1, 6], [1, 7], [2, 5], [4, 8], [5, 5], [5, 5]]
   83,  [[0, 0], [1, 1], [1, 6], [1, 7], [2, 5], [4, 4], [5, 5], [5, 5]]
   84,  [[0, 4], [1, 1], [1, 6], [1, 7], [2, 5], [4, 5], [5, 5], [8, 8]]
   85,  [[0, 0], [1, 4], [1, 6], [1, 7], [2, 5], [4, 5], [5, 5], [8, 8]]
   86,  [[0, 0], [1, 1], [1, 6], [1, 7], [2, 5], [4, 5], [4, 5], [8, 8]]
   87,  [[0, 0], [1, 1], [1, 6], [1, 7], [2, 5], [3, 8], [4, 5], [5, 5]]
   88,  [[0, 0], [1, 1], [1, 6], [1, 7], [2, 5], [4, 5], [5, 5], [5, 8]]
   89,  [[0, 4], [1, 1], [1, 6], [1, 7], [2, 5], [3, 5], [5, 5], [8, 8]]
   90,  [[0, 0], [1, 4], [1, 6], [1, 7], [2, 5], [3, 5], [5, 5], [8, 8]]
   91,  [[0, 6], [1, 1], [1, 7], [1, 8], [2, 5], [3, 5], [4, 4], [5, 5]]
   92,  [[0, 0], [1, 6], [1, 7], [1, 8], [2, 5], [3, 5], [4, 4], [5, 5]]
   93,  [[0, 0], [1, 1], [1, 6], [1, 7], [2, 5], [3, 5], [4, 5], [5, 5]]
   94,  [[0, 0], [1, 1], [1, 6], [1, 7], [2, 5], [3, 5], [4, 4], [5, 8]]
   95,  [[0, 4], [1, 1], [1, 1], [1, 6], [2, 5], [3, 5], [4, 5], [7, 7]]
   96,  [[0, 4], [1, 1], [1, 6], [1, 7], [2, 5], [3, 5], [4, 5], [5, 8]]
   97,  [[0, 0], [1, 1], [1, 4], [1, 6], [2, 5], [3, 5], [4, 5], [7, 7]]
   98,  [[0, 0], [1, 4], [1, 6], [1, 7], [2, 5], [3, 5], [4, 5], [5, 8]]
   99,  [[0, 0], [1, 1], [1, 1], [1, 6], [2, 5], [3, 5], [4, 5], [5, 7]]
  100,  [[0, 5], [1, 1], [1, 1], [1, 2], [3, 5], [4, 5], [4, 6], [5, 5]]
  101,  [[0, 5], [1, 1], [1, 2], [1, 6], [3, 5], [4, 5], [5, 5], [7, 7]]
  102,  [[0, 5], [1, 1], [1, 2], [1, 6], [3, 5], [4, 5], [4, 7], [5, 8]]
  103,  [[0, 5], [1, 1], [1, 1], [1, 6], [4, 5], [4, 7], [5, 5], [5, 8]]
  104,  [[0, 5], [1, 1], [1, 1], [1, 6], [2, 5], [4, 7], [5, 5], [5, 8]]
  105,  [[0, 5], [1, 1], [1, 1], [1, 6], [2, 5], [4, 5], [5, 7], [8, 8]]
  106,  [[0, 5], [1, 1], [1, 1], [1, 6], [2, 5], [4, 5], [4, 7], [8, 8]]
  107,  [[0, 5], [1, 1], [1, 1], [1, 4], [2, 5], [3, 5], [4, 6], [5, 5]]
  108,  [[0, 5], [1, 1], [1, 4], [1, 6], [2, 5], [3, 5], [5, 5], [7, 7]]
  109,  [[0, 5], [1, 1], [1, 4], [1, 6], [2, 5], [3, 5], [4, 7], [5, 8]]
  110,  [[0, 5], [1, 1], [1, 1], [1, 6], [2, 5], [3, 5], [4, 4], [5, 7]]
  111,  [[0, 5], [1, 1], [1, 1], [1, 6], [2, 5], [3, 5], [4, 7], [8, 8]]
  112,  [[0, 5], [1, 1], [1, 1], [1, 4], [2, 5], [3, 5], [4, 5], [6, 6]]
  113,  [[0, 5], [1, 1], [1, 4], [1, 6], [2, 5], [4, 5], [5, 5], [7, 7]]
  114,  [[0, 5], [1, 1], [1, 4], [1, 6], [2, 5], [3, 5], [4, 5], [7, 8]]
  115,  [[0, 5], [1, 1], [1, 5], [1, 6], [2, 5], [3, 5], [4, 4], [7, 7]]
  116,  [[0, 5], [1, 1], [1, 1], [1, 6], [2, 5], [4, 4], [5, 5], [7, 7]]
  117,  [[0, 5], [1, 1], [1, 1], [1, 6], [2, 5], [3, 5], [4, 4], [7, 8]]
  118,  [[0, 0], [1, 1], [1, 1], [1, 6], [2, 5], [3, 5], [4, 5], [7, 8]]
  119,  [[0, 5], [1, 1], [1, 1], [1, 6], [2, 5], [4, 5], [5, 5], [7, 8]]
  120,  [[0, 5], [1, 2], [1, 6], [1, 7], [3, 5], [4, 4], [5, 5], [8, 8]]
  121,  [[0, 5], [1, 2], [1, 6], [1, 7], [3, 5], [4, 5], [4, 5], [8, 8]]
  122,  [[0, 5], [1, 4], [1, 6], [1, 7], [2, 5], [3, 8], [4, 5], [5, 5]]
  123,  [[0, 5], [1, 5], [1, 6], [1, 7], [2, 5], [4, 4], [5, 5], [8, 8]]
  124,  [[0, 5], [1, 1], [1, 6], [1, 7], [4, 4], [5, 5], [5, 5], [8, 8]]
  125,  [[0, 5], [1, 1], [1, 6], [1, 7], [2, 4], [3, 5], [5, 5], [8, 8]]
  126,  [[0, 5], [1, 1], [1, 6], [1, 7], [2, 5], [3, 8], [4, 4], [5, 5]]
  127,  [[0, 5], [1, 1], [1, 6], [1, 7], [2, 5], [4, 4], [5, 5], [5, 8]]
  128,  [[0, 5], [1, 1], [1, 1], [1, 6], [2, 5], [4, 5], [4, 5], [7, 7]]
  129,  [[0, 5], [1, 1], [1, 6], [1, 7], [4, 5], [4, 5], [5, 5], [8, 8]]
  130,  [[0, 5], [1, 1], [1, 6], [1, 7], [2, 5], [3, 8], [4, 5], [4, 5]]
  131,  [[0, 5], [1, 1], [1, 1], [1, 6], [2, 5], [3, 7], [4, 5], [5, 5]]
  132,  [[0, 6], [1, 1], [1, 1], [1, 5], [2, 5], [3, 5], [4, 5], [4, 7]]
  133,  [[0, 6], [1, 1], [1, 5], [1, 7], [2, 5], [4, 5], [4, 8], [5, 5]]
  134,  [[0, 6], [1, 1], [1, 5], [1, 7], [2, 5], [3, 5], [4, 8], [5, 5]]
  135,  [[0, 6], [1, 1], [1, 5], [1, 7], [2, 5], [3, 5], [4, 5], [8, 8]]
  136,  [[0, 2], [1, 1], [1, 5], [1, 6], [3, 5], [4, 5], [4, 7], [5, 5]]
  137,  [[0, 0], [1, 2], [1, 5], [1, 6], [3, 5], [4, 5], [4, 7], [5, 5]]
  138,  [[0, 0], [1, 1], [1, 5], [1, 6], [2, 5], [4, 5], [4, 7], [5, 8]]
  139,  [[0, 4], [1, 1], [1, 5], [1, 6], [2, 5], [3, 5], [4, 7], [5, 5]]
  140,  [[0, 0], [1, 4], [1, 5], [1, 6], [2, 5], [3, 5], [4, 7], [5, 5]]
  141,  [[0, 0], [1, 1], [1, 5], [1, 6], [2, 5], [3, 5], [4, 4], [5, 5]]
  142,  [[0, 0], [1, 1], [1, 5], [1, 6], [2, 5], [3, 5], [4, 7], [5, 8]]
  143,  [[0, 4], [1, 1], [1, 5], [1, 6], [2, 5], [3, 5], [4, 5], [7, 7]]
  144,  [[0, 0], [1, 4], [1, 5], [1, 6], [2, 5], [3, 5], [4, 5], [7, 7]]
  145,  [[0, 0], [1, 1], [1, 5], [1, 6], [2, 5], [3, 5], [4, 4], [7, 7]]
  146,  [[0, 0], [1, 1], [1, 5], [1, 6], [2, 5], [3, 5], [4, 5], [7, 8]]
  147,  [[0, 2], [1, 5], [1, 6], [1, 7], [3, 5], [4, 5], [5, 5], [8, 8]]
  148,  [[0, 4], [1, 5], [1, 6], [1, 7], [2, 5], [3, 5], [5, 5], [8, 8]]
  149,  [[0, 6], [1, 5], [1, 7], [1, 8], [2, 5], [3, 5], [4, 4], [5, 5]]
  150,  [[0, 0], [1, 5], [1, 6], [1, 7], [2, 5], [3, 5], [4, 4], [5, 8]]
  151,  [[0, 4], [1, 5], [1, 6], [1, 7], [2, 5], [4, 5], [5, 5], [8, 8]]
  152,  [[0, 0], [1, 5], [1, 6], [1, 7], [2, 5], [4, 4], [5, 5], [8, 8]]
  153,  [[0, 6], [1, 1], [1, 2], [1, 7], [3, 5], [4, 5], [4, 8], [5, 5]]
  154,  [[0, 6], [1, 1], [1, 1], [1, 7], [4, 5], [4, 8], [5, 5], [5, 5]]
  155,  [[0, 6], [1, 1], [1, 1], [1, 7], [2, 5], [4, 8], [5, 5], [5, 5]]
  156,  [[0, 6], [1, 1], [1, 1], [1, 7], [2, 5], [4, 5], [5, 5], [8, 8]]
  157,  [[0, 6], [1, 1], [1, 4], [1, 7], [2, 5], [3, 5], [4, 8], [5, 5]]
  158,  [[0, 6], [1, 1], [1, 1], [1, 7], [2, 5], [3, 5], [4, 4], [5, 5]]
  159,  [[0, 6], [1, 1], [1, 4], [1, 7], [2, 5], [3, 5], [4, 5], [8, 8]]
  160,  [[0, 6], [1, 1], [1, 1], [1, 7], [2, 5], [3, 5], [4, 5], [5, 8]]
  161,  [[0, 2], [1, 1], [1, 1], [1, 6], [4, 5], [4, 7], [5, 5], [5, 5]]
  162,  [[0, 2], [1, 1], [1, 1], [1, 6], [3, 5], [4, 7], [5, 5], [5, 5]]
  163,  [[0, 2], [1, 1], [1, 1], [1, 6], [3, 5], [4, 5], [5, 5], [7, 7]]
  164,  [[0, 2], [1, 1], [1, 1], [1, 6], [3, 5], [4, 5], [4, 7], [5, 8]]
  165,  [[0, 0], [1, 1], [1, 1], [1, 2], [3, 5], [4, 5], [4, 6], [5, 5]]
  166,  [[0, 0], [1, 1], [1, 2], [1, 6], [4, 5], [4, 7], [5, 5], [5, 5]]
  167,  [[0, 0], [1, 1], [1, 2], [1, 6], [3, 5], [4, 7], [5, 5], [5, 5]]
  168,  [[0, 0], [1, 1], [1, 2], [1, 6], [3, 5], [4, 5], [5, 5], [7, 7]]
  169,  [[0, 0], [1, 1], [1, 2], [1, 6], [3, 5], [4, 5], [4, 7], [5, 8]]
  170,  [[0, 0], [1, 1], [1, 1], [1, 6], [4, 5], [4, 7], [5, 5], [5, 8]]
  171,  [[0, 0], [1, 1], [1, 1], [1, 6], [2, 5], [4, 7], [5, 5], [5, 8]]
  172,  [[0, 4], [1, 1], [1, 1], [1, 6], [2, 5], [4, 7], [5, 5], [5, 5]]
  173,  [[0, 4], [1, 1], [1, 1], [1, 6], [2, 5], [3, 5], [5, 5], [7, 7]]
  174,  [[0, 4], [1, 1], [1, 1], [1, 6], [2, 5], [3, 5], [4, 7], [5, 8]]
  175,  [[0, 0], [1, 1], [1, 1], [1, 4], [2, 5], [3, 5], [4, 6], [5, 5]]
  176,  [[0, 0], [1, 1], [1, 4], [1, 6], [2, 5], [4, 7], [5, 5], [5, 5]]
  177,  [[0, 0], [1, 1], [1, 4], [1, 6], [2, 5], [3, 5], [5, 5], [7, 7]]
  178,  [[0, 0], [1, 1], [1, 4], [1, 6], [2, 5], [3, 5], [4, 7], [5, 8]]
  179,  [[0, 0], [1, 1], [1, 1], [1, 6], [2, 5], [3, 5], [4, 4], [5, 7]]
  180,  [[0, 2], [1, 3], [1, 6], [1, 7], [4, 5], [4, 8], [5, 5], [5, 5]]
  181,  [[0, 2], [1, 1], [1, 6], [1, 7], [4, 5], [5, 5], [5, 5], [8, 8]]
  182,  [[0, 2], [1, 4], [1, 6], [1, 7], [3, 5], [4, 8], [5, 5], [5, 5]]
  183,  [[0, 2], [1, 1], [1, 6], [1, 7], [3, 5], [4, 4], [5, 5], [5, 5]]
  184,  [[0, 2], [1, 4], [1, 6], [1, 7], [3, 5], [4, 5], [5, 5], [8, 8]]
  185,  [[0, 2], [1, 1], [1, 6], [1, 7], [3, 5], [4, 5], [4, 5], [8, 8]]
  186,  [[0, 2], [1, 1], [1, 6], [1, 7], [3, 5], [4, 5], [5, 5], [5, 8]]
  187,  [[0, 4], [1, 2], [1, 6], [1, 7], [3, 5], [4, 8], [5, 5], [5, 5]]
  188,  [[0, 0], [1, 2], [1, 6], [1, 7], [3, 5], [4, 4], [5, 5], [5, 5]]
  189,  [[0, 4], [1, 2], [1, 6], [1, 7], [3, 5], [4, 5], [5, 5], [8, 8]]
  190,  [[0, 0], [1, 2], [1, 6], [1, 7], [3, 5], [4, 5], [4, 5], [8, 8]]
  191,  [[0, 0], [1, 2], [1, 6], [1, 7], [3, 5], [4, 5], [5, 5], [5, 8]]
  192,  [[0, 4], [1, 1], [1, 6], [1, 7], [2, 5], [5, 5], [5, 5], [8, 8]]
  193,  [[0, 6], [1, 1], [1, 7], [1, 8], [2, 5], [4, 4], [5, 5], [5, 5]]
  194,  [[0, 0], [1, 6], [1, 7], [1, 8], [2, 5], [4, 4], [5, 5], [5, 5]]
  195,  [[0, 0], [1, 1], [1, 6], [1, 7], [2, 4], [3, 5], [5, 5], [5, 5]]
  196,  [[0, 0], [1, 1], [1, 6], [1, 7], [2, 5], [4, 4], [5, 5], [5, 8]]
  197,  [[0, 4], [1, 1], [1, 1], [1, 6], [2, 5], [4, 5], [5, 5], [7, 7]]
  198,  [[0, 4], [1, 1], [1, 6], [1, 7], [4, 5], [5, 5], [5, 5], [8, 8]]
  199,  [[0, 4], [1, 1], [1, 6], [1, 7], [2, 5], [3, 8], [4, 5], [5, 5]]
  200,  [[0, 4], [1, 1], [1, 6], [1, 7], [2, 5], [4, 5], [5, 5], [5, 8]]
  201,  [[0, 0], [1, 1], [1, 4], [1, 6], [2, 5], [4, 5], [5, 5], [7, 7]]
  202,  [[0, 0], [1, 4], [1, 6], [1, 7], [2, 5], [3, 8], [4, 5], [5, 5]]
  203,  [[0, 0], [1, 4], [1, 6], [1, 7], [2, 5], [4, 5], [5, 5], [5, 8]]
  204,  [[0, 0], [1, 5], [1, 6], [1, 7], [2, 5], [4, 5], [4, 5], [8, 8]]
  205,  [[0, 0], [1, 1], [1, 6], [1, 7], [4, 5], [4, 5], [5, 5], [8, 8]]
  206,  [[0, 0], [1, 1], [1, 6], [1, 7], [2, 5], [3, 8], [4, 5], [4, 5]]
  207,  [[0, 0], [1, 1], [1, 6], [1, 7], [2, 5], [4, 5], [4, 5], [5, 8]]
  208,  [[0, 0], [1, 5], [1, 6], [1, 7], [2, 5], [3, 8], [4, 5], [5, 5]]
  209,  [[0, 0], [1, 1], [1, 1], [1, 6], [2, 5], [3, 7], [4, 5], [5, 5]]
  210,  [[0, 0], [1, 1], [1, 6], [1, 7], [2, 8], [4, 5], [5, 5], [5, 5]]
  211,  [[0, 4], [1, 4], [1, 6], [1, 7], [2, 5], [3, 5], [5, 5], [8, 8]]
  212,  [[0, 4], [1, 1], [1, 6], [1, 7], [2, 5], [3, 5], [5, 5], [5, 8]]
  213,  [[0, 0], [1, 4], [1, 6], [1, 7], [2, 5], [3, 5], [5, 5], [5, 8]]
  214,  [[0, 6], [1, 1], [1, 7], [1, 8], [2, 5], [3, 5], [4, 5], [5, 5]]
  215,  [[0, 0], [1, 6], [1, 7], [1, 8], [2, 5], [3, 5], [4, 5], [5, 5]]
  216,  [[0, 4], [1, 1], [1, 6], [1, 7], [2, 5], [3, 5], [4, 5], [5, 5]]
  217,  [[0, 0], [1, 4], [1, 6], [1, 7], [2, 5], [3, 5], [4, 5], [5, 5]]
  218,  [[0, 0], [1, 1], [1, 6], [1, 7], [2, 5], [3, 5], [4, 5], [4, 5]]
  219,  [[0, 4], [1, 1], [1, 1], [1, 6], [2, 5], [3, 5], [4, 5], [5, 7]]
  220,  [[0, 4], [1, 1], [1, 1], [1, 6], [2, 5], [3, 5], [4, 5], [7, 8]]
  221,  [[0, 0], [1, 1], [1, 4], [1, 6], [2, 5], [3, 5], [4, 5], [5, 7]]
  222,  [[0, 0], [1, 1], [1, 4], [1, 6], [2, 5], [3, 5], [4, 5], [7, 8]]
  223,  [[0, 5], [1, 1], [1, 1], [1, 2], [3, 5], [4, 5], [4, 6], [5, 7]]
  224,  [[0, 5], [1, 2], [1, 4], [1, 6], [3, 5], [4, 5], [5, 5], [7, 7]]
  225,  [[0, 5], [1, 1], [1, 2], [1, 6], [3, 5], [4, 4], [5, 5], [7, 7]]
  226,  [[0, 5], [1, 1], [1, 2], [1, 6], [3, 5], [4, 5], [4, 5], [7, 7]]
  227,  [[0, 5], [1, 1], [1, 2], [1, 6], [3, 5], [4, 5], [5, 7], [8, 8]]
  228,  [[0, 5], [1, 1], [1, 2], [1, 6], [3, 5], [4, 5], [5, 5], [7, 8]]
  229,  [[0, 5], [1, 1], [1, 2], [1, 6], [4, 5], [4, 7], [5, 5], [5, 8]]
  230,  [[0, 5], [1, 1], [1, 2], [1, 6], [3, 5], [4, 7], [5, 5], [5, 8]]
  231,  [[0, 5], [1, 1], [1, 2], [1, 6], [3, 5], [4, 5], [4, 7], [8, 8]]
  232,  [[0, 5], [1, 1], [1, 1], [1, 6], [4, 5], [4, 7], [5, 5], [8, 8]]
  233,  [[0, 5], [1, 1], [1, 4], [1, 6], [2, 5], [4, 7], [5, 5], [5, 8]]
  234,  [[0, 5], [1, 1], [1, 1], [1, 6], [2, 5], [4, 4], [5, 5], [5, 7]]
  235,  [[0, 5], [1, 1], [1, 1], [1, 6], [2, 5], [4, 7], [5, 5], [8, 8]]
  236,  [[0, 5], [1, 1], [1, 4], [1, 6], [2, 5], [4, 5], [5, 7], [8, 8]]
  237,  [[0, 5], [1, 1], [1, 1], [1, 6], [2, 5], [4, 4], [5, 7], [8, 8]]
  238,  [[0, 5], [1, 1], [1, 1], [1, 6], [2, 5], [3, 7], [4, 5], [5, 8]]
  239,  [[0, 5], [1, 1], [1, 5], [1, 6], [2, 5], [4, 5], [4, 7], [8, 8]]
  240,  [[0, 5], [1, 1], [1, 1], [1, 6], [2, 5], [3, 7], [4, 5], [4, 8]]
  241,  [[0, 5], [1, 1], [1, 1], [1, 4], [2, 5], [3, 5], [4, 6], [5, 7]]
  242,  [[0, 5], [1, 4], [1, 4], [1, 6], [2, 5], [3, 5], [5, 5], [7, 7]]
  243,  [[0, 5], [1, 1], [1, 4], [1, 6], [2, 5], [3, 5], [5, 7], [8, 8]]
  244,  [[0, 5], [1, 1], [1, 4], [1, 6], [2, 5], [3, 5], [5, 5], [7, 8]]
  245,  [[0, 5], [1, 1], [1, 4], [1, 6], [2, 5], [3, 5], [4, 7], [8, 8]]
  246,  [[0, 5], [1, 1], [1, 5], [1, 6], [2, 5], [3, 5], [4, 7], [8, 8]]
  247,  [[0, 5], [1, 1], [1, 1], [1, 6], [2, 5], [3, 5], [4, 7], [4, 8]]
  248,  [[0, 5], [1, 1], [1, 1], [1, 4], [2, 5], [3, 5], [4, 5], [6, 7]]
  249,  [[0, 5], [1, 1], [1, 4], [1, 6], [2, 5], [3, 7], [4, 5], [5, 5]]
  250,  [[0, 5], [1, 1], [1, 4], [1, 6], [2, 5], [4, 5], [5, 5], [7, 8]]
  251,  [[0, 5], [1, 1], [1, 1], [1, 5], [2, 5], [3, 5], [4, 4], [6, 6]]
  252,  [[0, 5], [1, 1], [1, 5], [1, 6], [2, 5], [4, 4], [5, 5], [7, 7]]
  253,  [[0, 5], [1, 1], [1, 5], [1, 6], [2, 5], [3, 5], [4, 4], [7, 8]]
  254,  [[0, 5], [1, 1], [1, 1], [1, 6], [2, 4], [3, 5], [5, 5], [7, 7]]
  255,  [[0, 5], [1, 1], [1, 1], [1, 6], [2, 5], [3, 7], [4, 4], [5, 5]]
  256,  [[0, 5], [1, 1], [1, 1], [1, 6], [2, 5], [4, 4], [5, 5], [7, 8]]
  257,  [[0, 0], [1, 1], [1, 1], [1, 6], [2, 5], [4, 5], [5, 5], [7, 8]]
  258,  [[0, 5], [1, 1], [1, 1], [1, 6], [2, 5], [4, 5], [4, 5], [7, 8]]
  259,  [[0, 5], [1, 2], [1, 6], [1, 7], [4, 4], [5, 5], [5, 5], [8, 8]]
  260,  [[0, 5], [1, 2], [1, 6], [1, 7], [3, 5], [4, 4], [5, 5], [5, 8]]
  261,  [[0, 5], [1, 2], [1, 6], [1, 7], [4, 5], [4, 5], [5, 5], [8, 8]]
  262,  [[0, 5], [1, 5], [1, 6], [1, 7], [2, 4], [3, 5], [5, 5], [8, 8]]
  263,  [[0, 5], [1, 5], [1, 6], [1, 7], [2, 5], [3, 8], [4, 4], [5, 5]]
  264,  [[0, 5], [1, 1], [1, 6], [1, 7], [2, 4], [5, 5], [5, 5], [8, 8]]
  265,  [[0, 5], [1, 1], [1, 6], [1, 7], [2, 8], [4, 4], [5, 5], [5, 5]]
  266,  [[0, 5], [1, 4], [1, 6], [1, 7], [2, 4], [3, 5], [5, 5], [8, 8]]
  267,  [[0, 5], [1, 1], [1, 6], [1, 7], [2, 4], [3, 5], [4, 5], [8, 8]]
  268,  [[0, 5], [1, 1], [1, 6], [1, 7], [2, 4], [3, 5], [4, 8], [5, 5]]
  269,  [[0, 5], [1, 1], [1, 6], [1, 7], [2, 4], [3, 5], [5, 5], [5, 8]]
  270,  [[0, 5], [1, 1], [1, 1], [1, 6], [2, 5], [3, 7], [4, 5], [4, 5]]
  271,  [[0, 5], [1, 1], [1, 6], [1, 7], [2, 8], [4, 5], [4, 5], [5, 5]]
  272,  [[0, 6], [1, 1], [1, 1], [1, 5], [2, 5], [4, 5], [4, 7], [5, 5]]
  273,  [[0, 6], [1, 1], [1, 1], [1, 5], [2, 5], [3, 5], [4, 7], [5, 5]]
  274,  [[0, 6], [1, 1], [1, 1], [1, 5], [2, 5], [3, 5], [4, 5], [7, 7]]
  275,  [[0, 6], [1, 2], [1, 5], [1, 7], [3, 5], [4, 5], [4, 8], [5, 5]]
  276,  [[0, 6], [1, 1], [1, 5], [1, 7], [2, 5], [4, 5], [5, 5], [8, 8]]
  277,  [[0, 6], [1, 4], [1, 5], [1, 7], [2, 5], [3, 5], [4, 8], [5, 5]]
  278,  [[0, 6], [1, 1], [1, 5], [1, 7], [2, 5], [3, 5], [4, 4], [5, 5]]
  279,  [[0, 6], [1, 4], [1, 5], [1, 7], [2, 5], [3, 5], [4, 5], [8, 8]]
  280,  [[0, 6], [1, 1], [1, 5], [1, 7], [2, 5], [3, 5], [4, 4], [8, 8]]
  281,  [[0, 2], [1, 1], [1, 1], [1, 5], [3, 5], [4, 5], [4, 6], [5, 5]]
  282,  [[0, 2], [1, 1], [1, 5], [1, 6], [3, 5], [4, 5], [5, 5], [7, 7]]
  283,  [[0, 2], [1, 1], [1, 5], [1, 6], [3, 5], [4, 5], [4, 7], [5, 8]]
  284,  [[0, 0], [1, 1], [1, 2], [1, 5], [3, 5], [4, 5], [4, 6], [5, 5]]
  285,  [[0, 0], [1, 2], [1, 5], [1, 6], [3, 5], [4, 5], [4, 7], [5, 8]]
  286,  [[0, 0], [1, 1], [1, 1], [1, 5], [2, 5], [4, 5], [4, 6], [5, 7]]
  287,  [[0, 0], [1, 1], [1, 5], [1, 6], [4, 5], [4, 7], [5, 5], [5, 8]]
  288,  [[0, 0], [1, 1], [1, 5], [1, 6], [2, 5], [4, 7], [5, 5], [5, 8]]
  289,  [[0, 0], [1, 1], [1, 5], [1, 6], [2, 5], [4, 5], [5, 7], [8, 8]]
  290,  [[0, 0], [1, 1], [1, 5], [1, 6], [2, 5], [4, 5], [4, 7], [8, 8]]
  291,  [[0, 4], [1, 1], [1, 1], [1, 5], [2, 5], [3, 5], [4, 6], [5, 5]]
  292,  [[0, 4], [1, 1], [1, 5], [1, 6], [2, 5], [3, 5], [5, 5], [7, 7]]
  293,  [[0, 4], [1, 1], [1, 5], [1, 6], [2, 5], [3, 5], [4, 7], [5, 8]]
  294,  [[0, 0], [1, 1], [1, 4], [1, 5], [2, 5], [3, 5], [4, 6], [5, 5]]
  295,  [[0, 0], [1, 4], [1, 5], [1, 6], [2, 5], [3, 5], [4, 7], [5, 8]]
  296,  [[0, 0], [1, 1], [1, 5], [1, 6], [2, 5], [3, 5], [4, 4], [5, 7]]
  297,  [[0, 0], [1, 1], [1, 1], [1, 5], [2, 5], [3, 5], [4, 6], [5, 7]]
  298,  [[0, 0], [1, 1], [1, 5], [1, 6], [2, 5], [3, 5], [4, 7], [8, 8]]
  299,  [[0, 4], [1, 1], [1, 1], [1, 5], [2, 5], [3, 5], [4, 5], [6, 6]]
  300,  [[0, 4], [1, 1], [1, 5], [1, 6], [2, 5], [4, 5], [5, 5], [7, 7]]
  301,  [[0, 4], [1, 1], [1, 5], [1, 6], [2, 5], [3, 5], [4, 5], [7, 8]]
  302,  [[0, 0], [1, 1], [1, 4], [1, 5], [2, 5], [3, 5], [4, 5], [6, 6]]
  303,  [[0, 0], [1, 4], [1, 5], [1, 6], [2, 5], [3, 5], [4, 5], [7, 8]]
  304,  [[0, 0], [1, 5], [1, 5], [1, 6], [2, 5], [3, 5], [4, 4], [7, 7]]
  305,  [[0, 0], [1, 1], [1, 5], [1, 6], [2, 5], [4, 4], [5, 5], [7, 7]]
  306,  [[0, 0], [1, 1], [1, 5], [1, 6], [2, 5], [3, 5], [4, 4], [7, 8]]
  307,  [[0, 0], [1, 1], [1, 1], [1, 5], [2, 5], [3, 5], [4, 5], [6, 7]]
  308,  [[0, 0], [1, 1], [1, 5], [1, 6], [2, 5], [4, 5], [5, 5], [7, 8]]
  309,  [[0, 2], [1, 5], [1, 6], [1, 7], [3, 5], [4, 4], [5, 5], [8, 8]]
  310,  [[0, 2], [1, 5], [1, 6], [1, 7], [3, 5], [4, 5], [4, 5], [8, 8]]
  311,  [[0, 0], [1, 5], [1, 6], [1, 7], [2, 5], [4, 4], [5, 5], [5, 8]]
  312,  [[0, 4], [1, 5], [1, 6], [1, 7], [2, 5], [3, 8], [4, 5], [5, 5]]
  313,  [[0, 0], [1, 5], [1, 6], [1, 7], [2, 4], [3, 5], [5, 5], [8, 8]]
  314,  [[0, 0], [1, 5], [1, 6], [1, 7], [2, 5], [3, 8], [4, 4], [5, 5]]
  315,  [[0, 6], [1, 1], [1, 1], [1, 2], [3, 5], [4, 5], [4, 7], [5, 5]]
  316,  [[0, 6], [1, 1], [1, 2], [1, 7], [4, 5], [4, 8], [5, 5], [5, 5]]
  317,  [[0, 6], [1, 1], [1, 2], [1, 7], [3, 5], [4, 8], [5, 5], [5, 5]]
  318,  [[0, 6], [1, 1], [1, 2], [1, 7], [3, 5], [4, 5], [5, 5], [8, 8]]
  319,  [[0, 6], [1, 1], [1, 4], [1, 7], [2, 5], [4, 8], [5, 5], [5, 5]]
  320,  [[0, 6], [1, 1], [1, 1], [1, 7], [2, 5], [4, 4], [5, 5], [5, 5]]
  321,  [[0, 6], [1, 1], [1, 4], [1, 7], [2, 5], [4, 5], [5, 5], [8, 8]]
  322,  [[0, 6], [1, 1], [1, 1], [1, 7], [2, 5], [4, 5], [4, 5], [8, 8]]
  323,  [[0, 6], [1, 1], [1, 1], [1, 7], [2, 5], [3, 8], [4, 5], [5, 5]]
  324,  [[0, 6], [1, 1], [1, 1], [1, 7], [2, 5], [4, 5], [5, 5], [5, 8]]
  325,  [[0, 6], [1, 1], [1, 1], [1, 4], [2, 5], [3, 5], [4, 7], [5, 5]]
  326,  [[0, 6], [1, 1], [1, 4], [1, 7], [2, 5], [3, 5], [5, 5], [8, 8]]
  327,  [[0, 6], [1, 1], [1, 1], [1, 7], [2, 5], [3, 5], [4, 5], [5, 5]]
  328,  [[0, 6], [1, 1], [1, 1], [1, 7], [2, 5], [3, 5], [4, 4], [5, 8]]
  329,  [[0, 6], [1, 1], [1, 1], [1, 4], [2, 5], [3, 5], [4, 5], [7, 7]]
  330,  [[0, 6], [1, 1], [1, 4], [1, 7], [2, 5], [3, 5], [4, 5], [5, 8]]
  331,  [[0, 2], [1, 1], [1, 3], [1, 6], [4, 5], [4, 7], [5, 5], [5, 5]]
  332,  [[0, 2], [1, 1], [1, 1], [1, 6], [4, 5], [4, 7], [5, 5], [5, 8]]
  333,  [[0, 2], [1, 1], [1, 4], [1, 6], [3, 5], [4, 7], [5, 5], [5, 5]]
  334,  [[0, 2], [1, 1], [1, 1], [1, 6], [3, 5], [4, 4], [5, 5], [5, 5]]
  335,  [[0, 2], [1, 1], [1, 1], [1, 6], [3, 5], [4, 7], [5, 5], [5, 8]]
  336,  [[0, 2], [1, 1], [1, 4], [1, 6], [3, 5], [4, 5], [5, 5], [7, 7]]
  337,  [[0, 2], [1, 1], [1, 1], [1, 6], [3, 5], [4, 5], [4, 5], [7, 7]]
  338,  [[0, 2], [1, 1], [1, 1], [1, 6], [3, 5], [4, 5], [5, 7], [8, 8]]
  339,  [[0, 2], [1, 1], [1, 1], [1, 6], [3, 5], [4, 5], [5, 5], [5, 7]]
  340,  [[0, 2], [1, 1], [1, 1], [1, 6], [3, 5], [4, 5], [5, 5], [7, 8]]
  341,  [[0, 0], [1, 1], [1, 1], [1, 2], [3, 5], [4, 5], [4, 6], [5, 7]]
  342,  [[0, 0], [1, 2], [1, 3], [1, 6], [4, 5], [4, 7], [5, 5], [5, 5]]
  343,  [[0, 0], [1, 1], [1, 2], [1, 6], [4, 5], [4, 7], [5, 5], [5, 8]]
  344,  [[0, 4], [1, 1], [1, 2], [1, 6], [3, 5], [4, 7], [5, 5], [5, 5]]
  345,  [[0, 0], [1, 2], [1, 4], [1, 6], [3, 5], [4, 7], [5, 5], [5, 5]]
  346,  [[0, 0], [1, 1], [1, 2], [1, 6], [3, 5], [4, 4], [5, 5], [5, 5]]
  347,  [[0, 0], [1, 1], [1, 2], [1, 6], [3, 5], [4, 7], [5, 5], [5, 8]]
  348,  [[0, 4], [1, 1], [1, 2], [1, 6], [3, 5], [4, 5], [5, 5], [7, 7]]
  349,  [[0, 0], [1, 2], [1, 4], [1, 6], [3, 5], [4, 5], [5, 5], [7, 7]]
  350,  [[0, 0], [1, 1], [1, 2], [1, 6], [3, 5], [4, 5], [4, 5], [7, 7]]
  351,  [[0, 0], [1, 1], [1, 2], [1, 6], [3, 5], [4, 5], [5, 7], [8, 8]]
  352,  [[0, 0], [1, 1], [1, 2], [1, 6], [3, 5], [4, 5], [5, 5], [5, 7]]
  353,  [[0, 0], [1, 1], [1, 2], [1, 6], [3, 5], [4, 5], [5, 5], [7, 8]]
  354,  [[0, 4], [1, 1], [1, 1], [1, 6], [2, 5], [4, 7], [5, 5], [5, 8]]
  355,  [[0, 0], [1, 1], [1, 4], [1, 6], [2, 5], [4, 7], [5, 5], [5, 8]]
  356,  [[0, 0], [1, 1], [1, 1], [1, 6], [2, 5], [4, 4], [5, 5], [5, 7]]
  357,  [[0, 4], [1, 1], [1, 4], [1, 6], [2, 5], [3, 5], [5, 5], [7, 7]]
  358,  [[0, 4], [1, 1], [1, 1], [1, 6], [2, 5], [3, 5], [5, 7], [8, 8]]
  359,  [[0, 4], [1, 1], [1, 1], [1, 6], [2, 5], [3, 5], [5, 5], [5, 7]]
  360,  [[0, 4], [1, 1], [1, 1], [1, 6], [2, 5], [3, 5], [5, 5], [7, 8]]
  361,  [[0, 0], [1, 1], [1, 1], [1, 4], [2, 5], [3, 5], [4, 6], [5, 7]]
  362,  [[0, 0], [1, 4], [1, 4], [1, 6], [2, 5], [3, 5], [5, 5], [7, 7]]
  363,  [[0, 0], [1, 1], [1, 4], [1, 6], [2, 5], [3, 5], [5, 7], [8, 8]]
  364,  [[0, 0], [1, 1], [1, 4], [1, 6], [2, 5], [3, 5], [5, 5], [5, 7]]
  365,  [[0, 0], [1, 1], [1, 4], [1, 6], [2, 5], [3, 5], [5, 5], [7, 8]]
  366,  [[0, 2], [1, 3], [1, 6], [1, 7], [4, 5], [5, 5], [5, 5], [8, 8]]
  367,  [[0, 2], [1, 4], [1, 6], [1, 7], [4, 5], [5, 5], [5, 5], [8, 8]]
  368,  [[0, 2], [1, 1], [1, 6], [1, 7], [4, 5], [4, 5], [5, 5], [8, 8]]
  369,  [[0, 2], [1, 1], [1, 6], [1, 7], [3, 8], [4, 5], [5, 5], [5, 5]]
  370,  [[0, 2], [1, 4], [1, 6], [1, 7], [3, 5], [5, 5], [5, 5], [8, 8]]
  371,  [[0, 2], [1, 6], [1, 7], [1, 8], [3, 5], [4, 4], [5, 5], [5, 5]]
  372,  [[0, 2], [1, 1], [1, 6], [1, 7], [3, 5], [4, 4], [5, 5], [5, 8]]
  373,  [[0, 2], [1, 4], [1, 6], [1, 7], [3, 5], [4, 5], [5, 5], [5, 8]]
  374,  [[0, 2], [1, 1], [1, 6], [1, 7], [3, 5], [4, 5], [4, 5], [5, 8]]
  375,  [[0, 4], [1, 2], [1, 6], [1, 7], [3, 5], [5, 5], [5, 5], [8, 8]]
  376,  [[0, 6], [1, 2], [1, 7], [1, 8], [3, 5], [4, 4], [5, 5], [5, 5]]
  377,  [[0, 0], [1, 2], [1, 6], [1, 7], [3, 5], [4, 4], [5, 5], [5, 8]]
  378,  [[0, 4], [1, 2], [1, 6], [1, 7], [4, 5], [5, 5], [5, 5], [8, 8]]
  379,  [[0, 4], [1, 2], [1, 6], [1, 7], [3, 5], [4, 5], [5, 5], [5, 8]]
  380,  [[0, 0], [1, 2], [1, 6], [1, 7], [4, 5], [4, 5], [5, 5], [8, 8]]
  381,  [[0, 0], [1, 2], [1, 6], [1, 7], [3, 5], [4, 5], [4, 5], [5, 8]]
  382,  [[0, 4], [1, 4], [1, 6], [1, 7], [2, 5], [5, 5], [5, 5], [8, 8]]
  383,  [[0, 4], [1, 1], [1, 6], [1, 7], [2, 5], [3, 8], [5, 5], [5, 5]]
  384,  [[0, 6], [1, 1], [1, 7], [1, 8], [2, 4], [3, 5], [5, 5], [5, 5]]
  385,  [[0, 0], [1, 6], [1, 7], [1, 8], [2, 4], [3, 5], [5, 5], [5, 5]]
  386,  [[0, 4], [1, 1], [1, 6], [1, 7], [2, 4], [3, 5], [5, 5], [5, 5]]
  387,  [[0, 0], [1, 4], [1, 6], [1, 7], [2, 4], [3, 5], [5, 5], [5, 5]]
  388,  [[0, 0], [1, 1], [1, 6], [1, 7], [2, 4], [3, 5], [4, 5], [5, 5]]
  389,  [[0, 0], [1, 1], [1, 6], [1, 7], [2, 4], [3, 5], [5, 5], [5, 8]]
  390,  [[0, 0], [1, 1], [1, 6], [1, 7], [4, 4], [5, 5], [5, 5], [5, 8]]
  391,  [[0, 4], [1, 1], [1, 1], [1, 6], [2, 5], [4, 5], [5, 7], [8, 8]]
  392,  [[0, 4], [1, 1], [1, 1], [1, 6], [2, 5], [3, 7], [4, 5], [5, 5]]
  393,  [[0, 4], [1, 1], [1, 1], [1, 6], [2, 5], [4, 5], [5, 5], [5, 7]]
  394,  [[0, 4], [1, 1], [1, 1], [1, 6], [2, 5], [4, 5], [5, 5], [7, 8]]
  395,  [[0, 4], [1, 1], [1, 6], [1, 7], [2, 8], [4, 5], [5, 5], [5, 5]]
  396,  [[0, 0], [1, 1], [1, 4], [1, 6], [2, 5], [4, 5], [5, 7], [8, 8]]
  397,  [[0, 0], [1, 1], [1, 4], [1, 6], [2, 5], [3, 7], [4, 5], [5, 5]]
  398,  [[0, 0], [1, 1], [1, 4], [1, 6], [2, 5], [4, 5], [5, 5], [5, 7]]
  399,  [[0, 0], [1, 1], [1, 4], [1, 6], [2, 5], [4, 5], [5, 5], [7, 8]]
  400,  [[0, 0], [1, 4], [1, 6], [1, 7], [2, 8], [4, 5], [5, 5], [5, 5]]
  401,  [[0, 0], [1, 4], [1, 6], [1, 7], [2, 5], [3, 8], [5, 5], [5, 5]]
  402,  [[0, 0], [1, 1], [1, 5], [1, 6], [2, 5], [4, 5], [4, 5], [7, 7]]
  403,  [[0, 0], [1, 5], [1, 6], [1, 7], [2, 5], [3, 8], [4, 5], [4, 5]]
  404,  [[0, 0], [1, 1], [1, 6], [1, 7], [2, 8], [4, 5], [4, 5], [5, 5]]
  405,  [[0, 0], [1, 1], [1, 6], [1, 7], [4, 5], [4, 5], [5, 5], [5, 8]]
  406,  [[0, 0], [1, 1], [1, 1], [1, 6], [2, 5], [3, 7], [4, 5], [4, 5]]
  407,  [[0, 0], [1, 1], [1, 1], [1, 6], [2, 5], [4, 5], [4, 5], [5, 7]]
  408,  [[0, 0], [1, 1], [1, 6], [1, 7], [2, 5], [4, 5], [4, 5], [5, 5]]
  409,  [[0, 0], [1, 1], [1, 5], [1, 6], [2, 5], [3, 7], [4, 5], [5, 5]]
  410,  [[0, 0], [1, 1], [1, 1], [1, 6], [2, 5], [3, 7], [4, 5], [5, 8]]
  411,  [[0, 0], [1, 2], [1, 6], [1, 7], [3, 8], [4, 5], [5, 5], [5, 5]]
  412,  [[0, 4], [1, 4], [1, 6], [1, 7], [2, 5], [3, 5], [5, 5], [5, 8]]
  413,  [[0, 6], [1, 4], [1, 7], [1, 8], [2, 5], [3, 5], [4, 5], [5, 5]]
  414,  [[0, 6], [1, 1], [1, 7], [1, 8], [2, 5], [3, 5], [4, 5], [4, 5]]
  415,  [[0, 4], [1, 6], [1, 7], [1, 8], [2, 5], [3, 5], [4, 5], [5, 5]]
  416,  [[0, 0], [1, 6], [1, 7], [1, 8], [2, 5], [3, 5], [4, 5], [4, 5]]
  417,  [[0, 4], [1, 1], [1, 1], [1, 6], [2, 5], [3, 5], [4, 5], [5, 5]]
  418,  [[0, 0], [1, 1], [1, 4], [1, 6], [2, 5], [3, 5], [4, 5], [5, 5]]
  419,  [[0, 0], [1, 1], [1, 1], [1, 6], [2, 5], [3, 5], [4, 5], [4, 5]]
  420,  [[0, 0], [1, 1], [1, 1], [1, 4], [2, 5], [3, 5], [4, 5], [5, 6]]
  421,  [[0, 0], [1, 1], [1, 1], [1, 4], [2, 5], [3, 5], [4, 5], [6, 7]]
  422,  [[0, 5], [1, 1], [1, 1], [1, 2], [4, 5], [4, 6], [5, 5], [5, 7]]
  423,  [[0, 5], [1, 1], [1, 1], [1, 2], [3, 5], [4, 6], [5, 5], [5, 7]]
  424,  [[0, 5], [1, 1], [1, 1], [1, 2], [3, 5], [4, 5], [5, 6], [7, 7]]
  425,  [[0, 5], [1, 1], [1, 1], [1, 2], [3, 5], [4, 5], [4, 6], [7, 7]]
  426,  [[0, 5], [1, 1], [1, 2], [1, 4], [3, 5], [4, 5], [5, 5], [6, 6]]
  427,  [[0, 5], [1, 2], [1, 4], [1, 6], [3, 5], [4, 5], [5, 7], [8, 8]]
  428,  [[0, 5], [1, 2], [1, 4], [1, 6], [3, 5], [4, 5], [5, 5], [7, 8]]
  429,  [[0, 5], [1, 2], [1, 5], [1, 6], [3, 5], [4, 4], [5, 5], [7, 7]]
  430,  [[0, 5], [1, 1], [1, 1], [1, 2], [3, 5], [4, 4], [5, 5], [6, 6]]
  431,  [[0, 5], [1, 1], [1, 2], [1, 6], [4, 4], [5, 5], [5, 5], [7, 7]]
  432,  [[0, 5], [1, 1], [1, 2], [1, 6], [3, 5], [4, 7], [5, 5], [8, 8]]
  433,  [[0, 5], [1, 1], [1, 2], [1, 6], [3, 5], [4, 4], [5, 7], [8, 8]]
  434,  [[0, 5], [1, 1], [1, 2], [1, 6], [3, 5], [4, 4], [5, 5], [5, 7]]
  435,  [[0, 5], [1, 1], [1, 2], [1, 6], [3, 5], [4, 4], [5, 5], [7, 8]]
  436,  [[0, 5], [1, 1], [1, 1], [1, 2], [3, 5], [4, 5], [4, 5], [6, 6]]
  437,  [[0, 5], [1, 1], [1, 2], [1, 6], [4, 5], [4, 5], [5, 5], [7, 7]]
  438,  [[0, 5], [1, 1], [1, 2], [1, 6], [3, 5], [4, 5], [4, 5], [7, 8]]
  439,  [[0, 5], [1, 1], [1, 2], [1, 6], [4, 5], [5, 5], [5, 7], [8, 8]]
  440,  [[0, 5], [1, 1], [1, 2], [1, 6], [3, 5], [4, 5], [7, 7], [8, 8]]
  441,  [[0, 5], [1, 1], [1, 1], [1, 2], [3, 5], [4, 5], [5, 5], [6, 7]]
  442,  [[0, 5], [1, 2], [1, 3], [1, 6], [4, 5], [4, 7], [5, 5], [5, 8]]
  443,  [[0, 5], [1, 1], [1, 2], [1, 6], [4, 5], [4, 7], [5, 5], [8, 8]]
  444,  [[0, 5], [1, 2], [1, 4], [1, 6], [3, 5], [4, 7], [5, 5], [5, 8]]
  445,  [[0, 5], [1, 2], [1, 5], [1, 6], [3, 5], [4, 5], [4, 7], [8, 8]]
  446,  [[0, 5], [1, 1], [1, 5], [1, 6], [4, 5], [4, 7], [5, 5], [8, 8]]
  447,  [[0, 5], [1, 1], [1, 1], [1, 6], [2, 7], [4, 5], [4, 8], [5, 5]]
  448,  [[0, 5], [1, 1], [1, 1], [1, 4], [2, 5], [4, 6], [5, 5], [5, 7]]
  449,  [[0, 5], [1, 1], [1, 4], [1, 6], [2, 5], [5, 5], [5, 7], [8, 8]]
  450,  [[0, 5], [1, 1], [1, 4], [1, 6], [2, 5], [4, 7], [5, 5], [8, 8]]
  451,  [[0, 5], [1, 1], [1, 1], [1, 6], [2, 4], [3, 5], [5, 5], [5, 7]]
  452,  [[0, 5], [1, 1], [1, 1], [1, 6], [2, 5], [4, 4], [5, 7], [5, 8]]
  453,  [[0, 5], [1, 1], [1, 5], [1, 6], [2, 5], [4, 7], [5, 5], [8, 8]]
  454,  [[0, 5], [1, 1], [1, 1], [1, 6], [2, 5], [3, 7], [4, 8], [5, 5]]
  455,  [[0, 5], [1, 1], [1, 1], [1, 6], [2, 5], [4, 7], [4, 8], [5, 5]]
  456,  [[0, 5], [1, 1], [1, 1], [1, 4], [2, 5], [4, 5], [5, 6], [7, 7]]
  457,  [[0, 5], [1, 1], [1, 4], [1, 6], [4, 5], [5, 5], [5, 7], [8, 8]]
  458,  [[0, 5], [1, 1], [1, 4], [1, 6], [2, 5], [4, 5], [7, 7], [8, 8]]
  459,  [[0, 5], [1, 1], [1, 4], [1, 6], [2, 5], [3, 7], [4, 5], [5, 8]]
  460,  [[0, 5], [1, 1], [1, 5], [1, 6], [2, 5], [4, 4], [5, 7], [8, 8]]
  461,  [[0, 5], [1, 1], [1, 1], [1, 6], [4, 4], [5, 5], [5, 7], [8, 8]]
  462,  [[0, 5], [1, 1], [1, 1], [1, 6], [2, 4], [3, 5], [5, 7], [8, 8]]
  463,  [[0, 5], [1, 1], [1, 1], [1, 6], [2, 5], [3, 7], [4, 4], [5, 8]]
  464,  [[0, 5], [1, 1], [1, 1], [1, 6], [2, 7], [4, 5], [5, 5], [5, 8]]
  465,  [[0, 5], [1, 1], [1, 1], [1, 6], [2, 5], [3, 7], [4, 5], [8, 8]]
  466,  [[0, 5], [1, 1], [1, 1], [1, 5], [2, 5], [4, 5], [4, 6], [7, 7]]
  467,  [[0, 5], [1, 1], [1, 5], [1, 6], [2, 5], [4, 5], [7, 7], [8, 8]]
  468,  [[0, 5], [1, 1], [1, 5], [1, 6], [2, 5], [3, 7], [4, 5], [4, 8]]
  469,  [[0, 5], [1, 1], [1, 1], [1, 4], [2, 5], [3, 5], [5, 6], [7, 7]]
  470,  [[0, 5], [1, 1], [1, 1], [1, 4], [2, 5], [3, 5], [4, 6], [7, 7]]
  471,  [[0, 5], [1, 1], [1, 4], [1, 4], [2, 5], [3, 5], [5, 5], [6, 6]]
  472,  [[0, 5], [1, 4], [1, 4], [1, 6], [2, 5], [3, 5], [5, 7], [8, 8]]
  473,  [[0, 5], [1, 4], [1, 4], [1, 6], [2, 5], [3, 5], [5, 5], [7, 8]]
  474,  [[0, 5], [1, 1], [1, 4], [1, 6], [2, 5], [3, 5], [7, 7], [8, 8]]
  475,  [[0, 5], [1, 1], [1, 1], [1, 4], [2, 5], [3, 5], [5, 5], [6, 7]]
  476,  [[0, 5], [1, 4], [1, 5], [1, 6], [2, 5], [3, 5], [4, 7], [8, 8]]
  477,  [[0, 5], [1, 1], [1, 1], [1, 5], [2, 5], [3, 5], [4, 6], [7, 7]]
  478,  [[0, 5], [1, 1], [1, 5], [1, 6], [2, 5], [3, 5], [4, 7], [4, 8]]
  479,  [[0, 5], [1, 1], [1, 1], [1, 4], [2, 5], [4, 5], [5, 5], [6, 7]]
  480,  [[0, 5], [1, 1], [1, 1], [1, 4], [2, 5], [3, 6], [4, 5], [5, 5]]
  481,  [[0, 5], [1, 1], [1, 1], [1, 5], [2, 5], [3, 5], [4, 4], [6, 7]]
  482,  [[0, 5], [1, 1], [1, 5], [1, 6], [2, 4], [3, 5], [5, 5], [7, 7]]
  483,  [[0, 5], [1, 1], [1, 5], [1, 6], [2, 5], [3, 7], [4, 4], [5, 5]]
  484,  [[0, 5], [1, 1], [1, 5], [1, 6], [2, 5], [4, 4], [5, 5], [7, 8]]
  485,  [[0, 5], [1, 1], [1, 4], [1, 6], [2, 4], [3, 5], [5, 5], [7, 7]]
  486,  [[0, 5], [1, 1], [1, 1], [1, 6], [2, 4], [3, 5], [4, 5], [7, 7]]
  487,  [[0, 5], [1, 1], [1, 1], [1, 6], [2, 4], [3, 5], [4, 7], [5, 5]]
  488,  [[0, 5], [1, 1], [1, 1], [1, 6], [2, 4], [3, 5], [5, 5], [7, 8]]
  489,  [[0, 5], [1, 1], [1, 1], [1, 6], [2, 7], [4, 4], [5, 5], [5, 5]]
  490,  [[0, 5], [1, 1], [1, 1], [1, 6], [4, 4], [5, 5], [5, 5], [7, 8]]
  491,  [[0, 0], [1, 1], [1, 1], [1, 6], [2, 5], [4, 5], [4, 5], [7, 8]]
  492,  [[0, 5], [1, 1], [1, 1], [1, 6], [4, 5], [4, 5], [5, 5], [7, 8]]
  493,  [[0, 5], [1, 2], [1, 6], [1, 7], [3, 4], [5, 5], [5, 5], [8, 8]]
  494,  [[0, 5], [1, 2], [1, 6], [1, 7], [3, 8], [4, 4], [5, 5], [5, 5]]
  495,  [[0, 5], [1, 2], [1, 6], [1, 7], [3, 8], [4, 5], [4, 5], [5, 5]]
  496,  [[0, 5], [1, 5], [1, 6], [1, 7], [2, 4], [3, 5], [4, 5], [8, 8]]
  497,  [[0, 5], [1, 5], [1, 6], [1, 7], [2, 4], [3, 5], [4, 8], [5, 5]]
  498,  [[0, 5], [1, 4], [1, 6], [1, 7], [2, 4], [5, 5], [5, 5], [8, 8]]
  499,  [[0, 5], [1, 1], [1, 6], [1, 7], [2, 4], [4, 5], [5, 5], [8, 8]]
  500,  [[0, 5], [1, 1], [1, 6], [1, 7], [2, 4], [3, 8], [5, 5], [5, 5]]
  501,  [[0, 5], [1, 1], [1, 6], [1, 7], [2, 4], [4, 8], [5, 5], [5, 5]]
  502,  [[0, 5], [1, 4], [1, 6], [1, 7], [2, 4], [3, 5], [5, 5], [5, 8]]
  503,  [[0, 5], [1, 1], [1, 6], [1, 7], [2, 4], [3, 5], [4, 5], [5, 8]]
  504,  [[0, 5], [1, 1], [1, 1], [1, 6], [2, 7], [4, 5], [4, 5], [5, 5]]
  505,  [[0, 6], [1, 1], [1, 2], [1, 5], [3, 5], [4, 5], [4, 7], [5, 5]]
  506,  [[0, 6], [1, 1], [1, 1], [1, 5], [2, 5], [4, 5], [4, 7], [5, 8]]
  507,  [[0, 6], [1, 1], [1, 4], [1, 5], [2, 5], [3, 5], [4, 7], [5, 5]]
  508,  [[0, 6], [1, 1], [1, 1], [1, 5], [2, 5], [3, 5], [4, 4], [5, 5]]
  509,  [[0, 6], [1, 1], [1, 1], [1, 5], [2, 5], [3, 5], [4, 7], [5, 8]]
  510,  [[0, 6], [1, 1], [1, 4], [1, 5], [2, 5], [3, 5], [4, 5], [7, 7]]
  511,  [[0, 6], [1, 1], [1, 1], [1, 5], [2, 5], [3, 5], [4, 4], [7, 7]]
  512,  [[0, 6], [1, 1], [1, 1], [1, 5], [2, 5], [3, 5], [4, 5], [7, 8]]
  513,  [[0, 6], [1, 2], [1, 5], [1, 7], [3, 5], [4, 5], [5, 5], [8, 8]]
  514,  [[0, 6], [1, 4], [1, 5], [1, 7], [2, 5], [4, 5], [5, 5], [8, 8]]
  515,  [[0, 6], [1, 1], [1, 5], [1, 7], [2, 5], [4, 4], [5, 5], [8, 8]]
  516,  [[0, 6], [1, 1], [1, 5], [1, 7], [2, 5], [4, 5], [4, 5], [8, 8]]
  517,  [[0, 6], [1, 1], [1, 5], [1, 7], [2, 5], [3, 8], [4, 5], [5, 5]]
  518,  [[0, 6], [1, 4], [1, 5], [1, 7], [2, 5], [3, 5], [5, 5], [8, 8]]
  519,  [[0, 6], [1, 1], [1, 5], [1, 7], [2, 5], [3, 5], [4, 4], [5, 8]]
  520,  [[0, 6], [1, 5], [1, 5], [1, 7], [2, 5], [3, 5], [4, 4], [8, 8]]
  521,  [[0, 2], [1, 1], [1, 1], [1, 5], [3, 5], [4, 5], [4, 6], [5, 7]]
  522,  [[0, 2], [1, 4], [1, 5], [1, 6], [3, 5], [4, 5], [5, 5], [7, 7]]
  523,  [[0, 2], [1, 1], [1, 5], [1, 6], [3, 5], [4, 4], [5, 5], [7, 7]]
  524,  [[0, 2], [1, 1], [1, 5], [1, 6], [3, 5], [4, 5], [4, 5], [7, 7]]
  525,  [[0, 2], [1, 1], [1, 5], [1, 6], [3, 5], [4, 5], [5, 7], [8, 8]]
  526,  [[0, 2], [1, 1], [1, 5], [1, 6], [3, 5], [4, 5], [5, 5], [7, 8]]
  527,  [[0, 2], [1, 1], [1, 5], [1, 6], [4, 5], [4, 7], [5, 5], [5, 8]]
  528,  [[0, 2], [1, 1], [1, 5], [1, 6], [3, 5], [4, 7], [5, 5], [5, 8]]
  529,  [[0, 2], [1, 1], [1, 5], [1, 6], [3, 5], [4, 5], [4, 7], [8, 8]]
  530,  [[0, 0], [1, 1], [1, 2], [1, 5], [3, 5], [4, 5], [4, 6], [5, 7]]
  531,  [[0, 0], [1, 2], [1, 5], [1, 6], [4, 5], [4, 7], [5, 5], [5, 8]]
  532,  [[0, 0], [1, 2], [1, 5], [1, 6], [3, 5], [4, 7], [5, 5], [5, 8]]
  533,  [[0, 0], [1, 2], [1, 5], [1, 6], [3, 5], [4, 5], [5, 7], [8, 8]]
  534,  [[0, 0], [1, 2], [1, 5], [1, 6], [3, 5], [4, 5], [4, 7], [8, 8]]
  535,  [[0, 0], [1, 1], [1, 5], [1, 6], [4, 5], [4, 7], [5, 5], [8, 8]]
  536,  [[0, 4], [1, 1], [1, 5], [1, 6], [2, 5], [4, 7], [5, 5], [5, 8]]
  537,  [[0, 0], [1, 4], [1, 5], [1, 6], [2, 5], [4, 7], [5, 5], [5, 8]]
  538,  [[0, 0], [1, 1], [1, 5], [1, 6], [2, 5], [4, 4], [5, 5], [5, 7]]
  539,  [[0, 0], [1, 1], [1, 5], [1, 6], [2, 5], [4, 7], [5, 5], [8, 8]]
  540,  [[0, 4], [1, 1], [1, 5], [1, 6], [2, 5], [4, 5], [5, 7], [8, 8]]
  541,  [[0, 0], [1, 4], [1, 5], [1, 6], [2, 5], [4, 5], [5, 7], [8, 8]]
  542,  [[0, 0], [1, 1], [1, 5], [1, 6], [2, 5], [4, 4], [5, 7], [8, 8]]
  543,  [[0, 0], [1, 1], [1, 5], [1, 6], [2, 5], [3, 7], [4, 5], [5, 8]]
  544,  [[0, 0], [1, 5], [1, 5], [1, 6], [2, 5], [4, 5], [4, 7], [8, 8]]
  545,  [[0, 0], [1, 1], [1, 5], [1, 6], [2, 5], [3, 7], [4, 5], [4, 8]]
  546,  [[0, 4], [1, 1], [1, 1], [1, 5], [2, 5], [3, 5], [4, 6], [5, 7]]
  547,  [[0, 4], [1, 4], [1, 5], [1, 6], [2, 5], [3, 5], [5, 5], [7, 7]]
  548,  [[0, 4], [1, 1], [1, 5], [1, 6], [2, 5], [3, 5], [5, 7], [8, 8]]
  549,  [[0, 4], [1, 1], [1, 5], [1, 6], [2, 5], [3, 5], [5, 5], [7, 8]]
  550,  [[0, 4], [1, 1], [1, 5], [1, 6], [2, 5], [3, 5], [4, 7], [8, 8]]
  551,  [[0, 0], [1, 1], [1, 4], [1, 5], [2, 5], [3, 5], [4, 6], [5, 7]]
  552,  [[0, 0], [1, 4], [1, 5], [1, 6], [2, 5], [3, 5], [5, 7], [8, 8]]
  553,  [[0, 0], [1, 4], [1, 5], [1, 6], [2, 5], [3, 5], [4, 7], [8, 8]]
  554,  [[0, 0], [1, 1], [1, 1], [1, 5], [2, 5], [3, 5], [4, 4], [5, 6]]
  555,  [[0, 0], [1, 5], [1, 5], [1, 6], [2, 5], [3, 5], [4, 7], [8, 8]]
  556,  [[0, 0], [1, 1], [1, 5], [1, 6], [2, 5], [3, 5], [4, 7], [4, 8]]
  557,  [[0, 4], [1, 1], [1, 1], [1, 5], [2, 5], [3, 5], [4, 5], [6, 7]]
  558,  [[0, 4], [1, 2], [1, 5], [1, 6], [3, 5], [4, 5], [5, 5], [7, 7]]
  559,  [[0, 4], [1, 1], [1, 5], [1, 6], [2, 5], [3, 7], [4, 5], [5, 5]]
  560,  [[0, 4], [1, 1], [1, 5], [1, 6], [2, 5], [4, 5], [5, 5], [7, 8]]
  561,  [[0, 0], [1, 1], [1, 4], [1, 5], [2, 5], [3, 5], [4, 5], [6, 7]]
  562,  [[0, 0], [1, 4], [1, 5], [1, 6], [2, 5], [4, 5], [5, 5], [7, 8]]
  563,  [[0, 0], [1, 4], [1, 5], [1, 6], [2, 5], [3, 5], [5, 5], [7, 8]]
  564,  [[0, 0], [1, 1], [1, 5], [1, 5], [2, 5], [3, 5], [4, 4], [6, 6]]
  565,  [[0, 0], [1, 5], [1, 5], [1, 6], [2, 5], [3, 5], [4, 4], [7, 8]]
  566,  [[0, 0], [1, 2], [1, 5], [1, 6], [3, 5], [4, 4], [5, 5], [7, 7]]
  567,  [[0, 0], [1, 1], [1, 5], [1, 6], [2, 4], [3, 5], [5, 5], [7, 7]]
  568,  [[0, 0], [1, 1], [1, 5], [1, 6], [2, 5], [3, 7], [4, 4], [5, 5]]
  569,  [[0, 0], [1, 1], [1, 5], [1, 6], [2, 5], [4, 4], [5, 5], [7, 8]]
  570,  [[0, 0], [1, 1], [1, 1], [1, 5], [2, 5], [3, 5], [4, 4], [6, 7]]
  571,  [[0, 0], [1, 2], [1, 5], [1, 6], [3, 5], [4, 5], [5, 5], [7, 8]]
  572,  [[0, 0], [1, 1], [1, 5], [1, 6], [2, 5], [4, 5], [4, 5], [7, 8]]
  573,  [[0, 2], [1, 5], [1, 6], [1, 7], [4, 4], [5, 5], [5, 5], [8, 8]]
  574,  [[0, 2], [1, 5], [1, 6], [1, 7], [3, 5], [4, 4], [5, 5], [5, 8]]
  575,  [[0, 2], [1, 5], [1, 6], [1, 7], [4, 5], [4, 5], [5, 5], [8, 8]]
  576,  [[0, 0], [1, 5], [1, 6], [1, 7], [2, 4], [3, 5], [5, 5], [5, 8]]
  577,  [[0, 4], [1, 5], [1, 6], [1, 7], [2, 4], [3, 5], [5, 5], [8, 8]]
  578,  [[0, 0], [1, 5], [1, 6], [1, 7], [2, 4], [3, 5], [4, 5], [8, 8]]
  579,  [[0, 0], [1, 5], [1, 6], [1, 7], [2, 4], [3, 5], [4, 8], [5, 5]]
  580,  [[0, 0], [1, 5], [1, 6], [1, 7], [2, 8], [4, 4], [5, 5], [5, 5]]
  581,  [[0, 6], [1, 1], [1, 1], [1, 2], [4, 5], [4, 7], [5, 5], [5, 5]]
  582,  [[0, 6], [1, 1], [1, 1], [1, 2], [3, 5], [4, 7], [5, 5], [5, 5]]
  583,  [[0, 6], [1, 1], [1, 1], [1, 2], [3, 5], [4, 5], [5, 5], [7, 7]]
  584,  [[0, 6], [1, 1], [1, 1], [1, 2], [3, 5], [4, 5], [4, 7], [5, 8]]
  585,  [[0, 6], [1, 2], [1, 3], [1, 7], [4, 5], [4, 8], [5, 5], [5, 5]]
  586,  [[0, 6], [1, 1], [1, 2], [1, 7], [4, 5], [5, 5], [5, 5], [8, 8]]
  587,  [[0, 6], [1, 2], [1, 4], [1, 7], [3, 5], [4, 8], [5, 5], [5, 5]]
  588,  [[0, 6], [1, 1], [1, 2], [1, 7], [3, 5], [4, 4], [5, 5], [5, 5]]
  589,  [[0, 6], [1, 2], [1, 4], [1, 7], [3, 5], [4, 5], [5, 5], [8, 8]]
  590,  [[0, 6], [1, 1], [1, 2], [1, 7], [3, 5], [4, 5], [4, 5], [8, 8]]
  591,  [[0, 6], [1, 1], [1, 2], [1, 7], [3, 5], [4, 5], [5, 5], [5, 8]]
  592,  [[0, 6], [1, 1], [1, 1], [1, 4], [2, 5], [4, 7], [5, 5], [5, 5]]
  593,  [[0, 6], [1, 1], [1, 4], [1, 7], [2, 5], [5, 5], [5, 5], [8, 8]]
  594,  [[0, 6], [1, 1], [1, 1], [1, 7], [2, 4], [3, 5], [5, 5], [5, 5]]
  595,  [[0, 6], [1, 1], [1, 1], [1, 7], [2, 5], [4, 4], [5, 5], [5, 8]]
  596,  [[0, 6], [1, 1], [1, 1], [1, 4], [2, 5], [4, 5], [5, 5], [7, 7]]
  597,  [[0, 6], [1, 1], [1, 4], [1, 7], [4, 5], [5, 5], [5, 5], [8, 8]]
  598,  [[0, 6], [1, 1], [1, 4], [1, 7], [2, 5], [3, 8], [4, 5], [5, 5]]
  599,  [[0, 6], [1, 1], [1, 4], [1, 7], [2, 5], [4, 5], [5, 5], [5, 8]]
  600,  [[0, 6], [1, 1], [1, 1], [1, 7], [4, 5], [4, 5], [5, 5], [8, 8]]
  601,  [[0, 6], [1, 1], [1, 1], [1, 7], [2, 5], [3, 8], [4, 5], [4, 5]]
  602,  [[0, 6], [1, 1], [1, 1], [1, 7], [2, 5], [4, 5], [4, 5], [5, 8]]
  603,  [[0, 6], [1, 1], [1, 1], [1, 7], [2, 8], [4, 5], [5, 5], [5, 5]]
  604,  [[0, 6], [1, 1], [1, 1], [1, 4], [2, 5], [3, 5], [5, 5], [7, 7]]
  605,  [[0, 6], [1, 1], [1, 1], [1, 4], [2, 5], [3, 5], [4, 7], [5, 8]]
  606,  [[0, 6], [1, 4], [1, 4], [1, 7], [2, 5], [3, 5], [5, 5], [8, 8]]
  607,  [[0, 6], [1, 1], [1, 4], [1, 7], [2, 5], [3, 5], [5, 5], [5, 8]]
  608,  [[0, 6], [1, 1], [1, 4], [1, 7], [2, 5], [3, 5], [4, 5], [5, 5]]
  609,  [[0, 6], [1, 1], [1, 1], [1, 7], [2, 5], [3, 5], [4, 5], [4, 5]]
  610,  [[0, 6], [1, 1], [1, 1], [1, 4], [2, 5], [3, 5], [4, 5], [5, 7]]
  611,  [[0, 6], [1, 1], [1, 1], [1, 4], [2, 5], [3, 5], [4, 5], [7, 8]]
  612,  [[0, 2], [1, 1], [1, 1], [1, 3], [4, 5], [4, 6], [5, 5], [5, 5]]
  613,  [[0, 2], [1, 1], [1, 3], [1, 6], [4, 5], [5, 5], [5, 5], [7, 7]]
  614,  [[0, 2], [1, 1], [1, 3], [1, 6], [4, 5], [4, 7], [5, 5], [5, 8]]
  615,  [[0, 2], [1, 1], [1, 1], [1, 6], [4, 7], [5, 5], [5, 5], [5, 8]]
  616,  [[0, 2], [1, 1], [1, 1], [1, 6], [4, 5], [5, 5], [5, 7], [8, 8]]
  617,  [[0, 2], [1, 1], [1, 1], [1, 4], [3, 5], [4, 6], [5, 5], [5, 5]]
  618,  [[0, 2], [1, 1], [1, 4], [1, 6], [3, 5], [5, 5], [5, 5], [7, 7]]
  619,  [[0, 2], [1, 1], [1, 4], [1, 6], [3, 5], [4, 7], [5, 5], [5, 8]]
  620,  [[0, 2], [1, 1], [1, 1], [1, 6], [3, 5], [4, 4], [5, 5], [5, 7]]
  621,  [[0, 2], [1, 1], [1, 1], [1, 4], [3, 5], [4, 5], [5, 5], [6, 6]]
  622,  [[0, 2], [1, 1], [1, 4], [1, 6], [4, 5], [5, 5], [5, 5], [7, 7]]
  623,  [[0, 2], [1, 1], [1, 4], [1, 6], [3, 5], [4, 5], [5, 7], [8, 8]]
  624,  [[0, 2], [1, 1], [1, 4], [1, 6], [3, 5], [4, 5], [5, 5], [5, 7]]
  625,  [[0, 2], [1, 1], [1, 4], [1, 6], [3, 5], [4, 5], [5, 5], [7, 8]]
  626,  [[0, 2], [1, 1], [1, 1], [1, 6], [4, 5], [4, 5], [5, 5], [7, 7]]
  627,  [[0, 2], [1, 1], [1, 1], [1, 6], [3, 5], [4, 5], [4, 5], [5, 7]]
  628,  [[0, 2], [1, 1], [1, 1], [1, 6], [3, 5], [4, 5], [4, 5], [7, 8]]
  629,  [[0, 2], [1, 1], [1, 1], [1, 6], [3, 5], [4, 5], [5, 7], [5, 8]]
  630,  [[0, 2], [1, 1], [1, 1], [1, 6], [4, 5], [5, 5], [5, 5], [7, 8]]
  631,  [[0, 0], [1, 1], [1, 1], [1, 2], [4, 5], [4, 6], [5, 5], [5, 7]]
  632,  [[0, 0], [1, 1], [1, 1], [1, 2], [3, 5], [4, 6], [5, 5], [5, 7]]
  633,  [[0, 0], [1, 1], [1, 2], [1, 3], [4, 5], [4, 6], [5, 5], [5, 5]]
  634,  [[0, 0], [1, 2], [1, 3], [1, 6], [4, 5], [4, 7], [5, 5], [5, 8]]
  635,  [[0, 0], [1, 1], [1, 2], [1, 6], [4, 7], [5, 5], [5, 5], [5, 8]]
  636,  [[0, 0], [1, 1], [1, 2], [1, 6], [4, 5], [5, 5], [5, 7], [8, 8]]
  637,  [[0, 4], [1, 1], [1, 1], [1, 2], [3, 5], [4, 6], [5, 5], [5, 5]]
  638,  [[0, 4], [1, 1], [1, 2], [1, 6], [3, 5], [5, 5], [5, 5], [7, 7]]
  639,  [[0, 4], [1, 1], [1, 2], [1, 6], [3, 5], [4, 7], [5, 5], [5, 8]]
  640,  [[0, 0], [1, 1], [1, 2], [1, 4], [3, 5], [4, 6], [5, 5], [5, 5]]
  641,  [[0, 0], [1, 2], [1, 4], [1, 6], [3, 5], [4, 7], [5, 5], [5, 8]]
  642,  [[0, 0], [1, 1], [1, 2], [1, 6], [3, 5], [4, 4], [5, 5], [5, 7]]
  643,  [[0, 4], [1, 1], [1, 1], [1, 2], [3, 5], [4, 5], [5, 5], [6, 6]]
  644,  [[0, 4], [1, 1], [1, 2], [1, 6], [4, 5], [5, 5], [5, 5], [7, 7]]
  645,  [[0, 4], [1, 1], [1, 2], [1, 6], [3, 5], [4, 5], [5, 7], [8, 8]]
  646,  [[0, 4], [1, 1], [1, 2], [1, 6], [3, 5], [4, 5], [5, 5], [5, 7]]
  647,  [[0, 4], [1, 1], [1, 2], [1, 6], [3, 5], [4, 5], [5, 5], [7, 8]]
  648,  [[0, 0], [1, 1], [1, 2], [1, 4], [3, 5], [4, 5], [5, 5], [6, 6]]
  649,  [[0, 0], [1, 2], [1, 4], [1, 6], [3, 5], [4, 5], [5, 7], [8, 8]]
  650,  [[0, 0], [1, 2], [1, 4], [1, 6], [3, 5], [4, 5], [5, 5], [5, 7]]
  651,  [[0, 0], [1, 2], [1, 4], [1, 6], [3, 5], [4, 5], [5, 5], [7, 8]]
  652,  [[0, 0], [1, 2], [1, 5], [1, 6], [3, 5], [4, 5], [4, 5], [7, 7]]
  653,  [[0, 0], [1, 1], [1, 2], [1, 6], [4, 5], [4, 5], [5, 5], [7, 7]]
  654,  [[0, 0], [1, 1], [1, 2], [1, 6], [3, 5], [4, 5], [4, 5], [5, 7]]
  655,  [[0, 0], [1, 1], [1, 2], [1, 6], [3, 5], [4, 5], [4, 5], [7, 8]]
  656,  [[0, 0], [1, 1], [1, 2], [1, 6], [3, 5], [4, 5], [5, 7], [5, 8]]
  657,  [[0, 0], [1, 1], [1, 1], [1, 2], [3, 5], [4, 5], [5, 5], [6, 7]]
  658,  [[0, 0], [1, 1], [1, 2], [1, 6], [4, 5], [5, 5], [5, 5], [7, 8]]
  659,  [[0, 4], [1, 1], [1, 1], [1, 6], [4, 7], [5, 5], [5, 5], [5, 8]]
  660,  [[0, 4], [1, 1], [1, 1], [1, 6], [2, 5], [5, 5], [5, 7], [8, 8]]
  661,  [[0, 0], [1, 1], [1, 1], [1, 4], [2, 5], [4, 6], [5, 5], [5, 7]]
  662,  [[0, 0], [1, 1], [1, 4], [1, 6], [4, 7], [5, 5], [5, 5], [5, 8]]
  663,  [[0, 0], [1, 1], [1, 4], [1, 6], [2, 5], [5, 5], [5, 7], [8, 8]]
  664,  [[0, 0], [1, 1], [1, 1], [1, 6], [2, 4], [3, 5], [5, 5], [5, 7]]
  665,  [[0, 0], [1, 1], [1, 1], [1, 6], [2, 5], [4, 4], [5, 7], [5, 8]]
  666,  [[0, 4], [1, 1], [1, 1], [1, 4], [2, 5], [3, 5], [5, 5], [6, 6]]
  667,  [[0, 4], [1, 1], [1, 4], [1, 6], [2, 5], [5, 5], [5, 5], [7, 7]]
  668,  [[0, 4], [1, 1], [1, 4], [1, 6], [2, 5], [3, 5], [5, 7], [8, 8]]
  669,  [[0, 4], [1, 1], [1, 4], [1, 6], [2, 5], [3, 5], [5, 5], [5, 7]]
  670,  [[0, 4], [1, 1], [1, 4], [1, 6], [2, 5], [3, 5], [5, 5], [7, 8]]
  671,  [[0, 4], [1, 1], [1, 1], [1, 6], [2, 5], [3, 5], [5, 7], [5, 8]]
  672,  [[0, 4], [1, 1], [1, 1], [1, 6], [2, 5], [5, 5], [5, 5], [7, 8]]
  673,  [[0, 0], [1, 1], [1, 4], [1, 4], [2, 5], [3, 5], [5, 5], [6, 6]]
  674,  [[0, 0], [1, 4], [1, 4], [1, 6], [2, 5], [3, 5], [5, 7], [8, 8]]
  675,  [[0, 0], [1, 4], [1, 4], [1, 6], [2, 5], [3, 5], [5, 5], [5, 7]]
  676,  [[0, 0], [1, 4], [1, 4], [1, 6], [2, 5], [3, 5], [5, 5], [7, 8]]
  677,  [[0, 0], [1, 1], [1, 4], [1, 6], [2, 5], [3, 5], [5, 7], [5, 8]]
  678,  [[0, 0], [1, 1], [1, 1], [1, 4], [2, 5], [3, 5], [5, 5], [6, 7]]
  679,  [[0, 0], [1, 1], [1, 4], [1, 6], [2, 5], [5, 5], [5, 5], [7, 8]]
  680,  [[0, 2], [1, 3], [1, 6], [1, 7], [4, 5], [4, 5], [5, 5], [8, 8]]
  681,  [[0, 2], [1, 4], [1, 6], [1, 7], [3, 8], [4, 5], [5, 5], [5, 5]]
  682,  [[0, 2], [1, 1], [1, 6], [1, 7], [3, 8], [4, 5], [4, 5], [5, 5]]
  683,  [[0, 2], [1, 1], [1, 6], [1, 7], [4, 5], [4, 5], [5, 5], [5, 8]]
  684,  [[0, 2], [1, 1], [1, 1], [1, 6], [3, 7], [4, 5], [5, 5], [5, 5]]
  685,  [[0, 2], [1, 1], [1, 6], [1, 7], [4, 4], [5, 5], [5, 5], [5, 8]]
  686,  [[0, 2], [1, 1], [1, 6], [1, 7], [3, 5], [4, 5], [4, 5], [5, 5]]
  687,  [[0, 0], [1, 2], [1, 6], [1, 7], [4, 4], [5, 5], [5, 5], [5, 8]]
  688,  [[0, 4], [1, 2], [1, 6], [1, 7], [3, 8], [4, 5], [5, 5], [5, 5]]
  689,  [[0, 0], [1, 2], [1, 6], [1, 7], [3, 8], [4, 5], [4, 5], [5, 5]]
  690,  [[0, 0], [1, 2], [1, 6], [1, 7], [4, 5], [4, 5], [5, 5], [5, 8]]
  691,  [[0, 0], [1, 2], [1, 6], [1, 7], [3, 5], [4, 5], [4, 5], [5, 5]]
  692,  [[0, 4], [1, 4], [1, 6], [1, 7], [2, 5], [3, 8], [5, 5], [5, 5]]
  693,  [[0, 4], [1, 1], [1, 1], [1, 6], [2, 5], [3, 7], [5, 5], [5, 5]]
  694,  [[0, 6], [1, 4], [1, 7], [1, 8], [2, 4], [3, 5], [5, 5], [5, 5]]
  695,  [[0, 6], [1, 1], [1, 7], [1, 8], [2, 4], [3, 5], [4, 5], [5, 5]]
  696,  [[0, 4], [1, 6], [1, 7], [1, 8], [2, 4], [3, 5], [5, 5], [5, 5]]
  697,  [[0, 0], [1, 6], [1, 7], [1, 8], [2, 4], [3, 5], [4, 5], [5, 5]]
  698,  [[0, 4], [1, 1], [1, 1], [1, 6], [2, 4], [3, 5], [5, 5], [5, 5]]
  699,  [[0, 4], [1, 1], [1, 6], [1, 7], [2, 4], [3, 5], [5, 5], [5, 8]]
  700,  [[0, 0], [1, 1], [1, 4], [1, 6], [2, 4], [3, 5], [5, 5], [5, 5]]
  701,  [[0, 0], [1, 4], [1, 6], [1, 7], [2, 4], [3, 5], [5, 5], [5, 8]]
  702,  [[0, 5], [1, 1], [1, 6], [1, 7], [2, 4], [3, 5], [4, 5], [5, 5]]
  703,  [[0, 0], [1, 5], [1, 6], [1, 7], [2, 4], [3, 5], [4, 5], [5, 5]]
  704,  [[0, 0], [1, 1], [1, 1], [1, 6], [2, 4], [3, 5], [4, 5], [5, 5]]
  705,  [[0, 0], [1, 1], [1, 6], [1, 7], [2, 4], [4, 5], [5, 5], [5, 5]]
  706,  [[0, 0], [1, 1], [1, 6], [1, 7], [2, 4], [3, 5], [4, 5], [5, 8]]
  707,  [[0, 0], [1, 1], [1, 6], [1, 7], [2, 4], [5, 5], [5, 5], [5, 8]]
  708,  [[0, 4], [1, 1], [1, 1], [1, 6], [4, 5], [5, 5], [5, 7], [8, 8]]
  709,  [[0, 4], [1, 1], [1, 1], [1, 6], [2, 5], [3, 7], [4, 5], [5, 8]]
  710,  [[0, 4], [1, 1], [1, 1], [1, 6], [2, 5], [4, 5], [5, 7], [5, 8]]
  711,  [[0, 4], [1, 1], [1, 1], [1, 6], [2, 7], [4, 5], [5, 5], [5, 5]]
  712,  [[0, 4], [1, 1], [1, 1], [1, 6], [4, 5], [5, 5], [5, 5], [7, 8]]
  713,  [[0, 0], [1, 1], [1, 4], [1, 6], [4, 5], [5, 5], [5, 7], [8, 8]]
  714,  [[0, 0], [1, 1], [1, 4], [1, 6], [2, 5], [3, 7], [4, 5], [5, 8]]
  715,  [[0, 0], [1, 1], [1, 4], [1, 6], [2, 5], [4, 5], [5, 7], [5, 8]]
  716,  [[0, 0], [1, 4], [1, 5], [1, 6], [2, 5], [3, 7], [4, 5], [5, 5]]
  717,  [[0, 0], [1, 1], [1, 1], [1, 4], [2, 5], [3, 6], [4, 5], [5, 5]]
  718,  [[0, 0], [1, 1], [1, 4], [1, 6], [2, 7], [4, 5], [5, 5], [5, 5]]
  719,  [[0, 0], [1, 1], [1, 4], [1, 6], [2, 5], [3, 7], [5, 5], [5, 5]]
  720,  [[0, 0], [1, 1], [1, 1], [1, 4], [2, 5], [4, 5], [5, 5], [6, 7]]
  721,  [[0, 0], [1, 1], [1, 4], [1, 6], [4, 5], [5, 5], [5, 5], [7, 8]]
  722,  [[0, 0], [1, 1], [1, 5], [1, 6], [2, 5], [3, 7], [4, 5], [4, 5]]
  723,  [[0, 0], [1, 5], [1, 6], [1, 7], [2, 8], [4, 5], [4, 5], [5, 5]]
  724,  [[0, 0], [1, 1], [1, 1], [1, 6], [2, 7], [4, 5], [4, 5], [5, 5]]
  725,  [[0, 6], [1, 1], [1, 7], [1, 8], [2, 5], [4, 5], [4, 5], [5, 5]]
  726,  [[0, 0], [1, 6], [1, 7], [1, 8], [2, 5], [4, 5], [4, 5], [5, 5]]
  727,  [[0, 0], [1, 1], [1, 1], [1, 6], [2, 7], [4, 5], [5, 5], [5, 8]]
  728,  [[0, 0], [1, 1], [1, 2], [1, 6], [3, 7], [4, 5], [5, 5], [5, 5]]
  729,  [[0, 5], [1, 1], [1, 2], [1, 3], [4, 5], [4, 6], [5, 5], [5, 7]]
  730,  [[0, 5], [1, 1], [1, 1], [1, 2], [4, 5], [4, 6], [5, 7], [5, 8]]
  731,  [[0, 5], [1, 1], [1, 1], [1, 2], [4, 5], [4, 6], [5, 5], [7, 7]]
  732,  [[0, 5], [1, 1], [1, 2], [1, 4], [3, 5], [4, 6], [5, 5], [5, 7]]
  733,  [[0, 5], [1, 1], [1, 1], [1, 2], [3, 5], [4, 4], [5, 5], [5, 6]]
  734,  [[0, 5], [1, 1], [1, 1], [1, 2], [3, 5], [4, 6], [5, 7], [5, 8]]
  735,  [[0, 5], [1, 1], [1, 1], [1, 2], [3, 5], [4, 6], [5, 5], [7, 7]]
  736,  [[0, 5], [1, 1], [1, 2], [1, 4], [3, 5], [4, 5], [5, 6], [7, 7]]
  737,  [[0, 5], [1, 1], [1, 1], [1, 2], [3, 5], [4, 4], [5, 6], [7, 7]]
  738,  [[0, 5], [1, 1], [1, 1], [1, 2], [3, 5], [4, 5], [5, 6], [7, 8]]
  739,  [[0, 5], [1, 1], [1, 2], [1, 5], [3, 5], [4, 5], [4, 6], [7, 7]]
  740,  [[0, 5], [1, 1], [1, 1], [1, 2], [3, 5], [4, 5], [4, 6], [7, 8]]
  741,  [[0, 5], [1, 1], [1, 2], [1, 4], [3, 5], [4, 5], [5, 5], [6, 7]]
  742,  [[0, 5], [1, 2], [1, 4], [1, 6], [4, 5], [5, 5], [5, 7], [8, 8]]
  743,  [[0, 5], [1, 2], [1, 4], [1, 6], [3, 5], [5, 5], [5, 7], [8, 8]]
  744,  [[0, 5], [1, 2], [1, 4], [1, 6], [3, 5], [4, 5], [7, 7], [8, 8]]
  745,  [[0, 5], [1, 1], [1, 2], [1, 5], [3, 5], [4, 4], [5, 5], [6, 6]]
  746,  [[0, 5], [1, 2], [1, 5], [1, 6], [3, 5], [4, 7], [5, 5], [8, 8]]
  747,  [[0, 5], [1, 2], [1, 5], [1, 6], [3, 5], [4, 4], [5, 7], [8, 8]]
  748,  [[0, 5], [1, 2], [1, 5], [1, 6], [3, 5], [4, 4], [5, 5], [7, 8]]
  749,  [[0, 5], [1, 1], [1, 1], [1, 2], [3, 5], [4, 4], [5, 5], [6, 7]]
  750,  [[0, 5], [1, 2], [1, 3], [1, 6], [4, 4], [5, 5], [5, 5], [7, 7]]
  751,  [[0, 5], [1, 1], [1, 2], [1, 6], [3, 4], [5, 5], [5, 5], [7, 7]]
  752,  [[0, 5], [1, 1], [1, 2], [1, 6], [4, 7], [5, 5], [5, 5], [8, 8]]
  753,  [[0, 5], [1, 1], [1, 2], [1, 6], [4, 4], [5, 5], [5, 7], [8, 8]]
  754,  [[0, 5], [1, 1], [1, 2], [1, 6], [3, 7], [4, 4], [5, 5], [5, 5]]
  755,  [[0, 5], [1, 1], [1, 2], [1, 6], [4, 4], [5, 5], [5, 5], [7, 8]]
  756,  [[0, 5], [1, 2], [1, 4], [1, 6], [3, 5], [4, 7], [5, 5], [8, 8]]
  757,  [[0, 5], [1, 1], [1, 2], [1, 6], [3, 5], [4, 7], [4, 8], [5, 5]]
  758,  [[0, 5], [1, 1], [1, 2], [1, 6], [3, 5], [4, 4], [5, 7], [5, 8]]
  759,  [[0, 5], [1, 1], [1, 1], [1, 2], [3, 5], [4, 5], [4, 5], [6, 7]]
  760,  [[0, 5], [1, 2], [1, 3], [1, 6], [4, 5], [4, 5], [5, 5], [7, 7]]
  761,  [[0, 5], [1, 1], [1, 2], [1, 6], [4, 5], [4, 5], [5, 7], [8, 8]]
  762,  [[0, 5], [1, 1], [1, 2], [1, 6], [3, 7], [4, 5], [4, 5], [5, 5]]
  763,  [[0, 5], [1, 1], [1, 2], [1, 6], [4, 5], [4, 5], [5, 5], [7, 8]]
  764,  [[0, 5], [1, 2], [1, 3], [1, 6], [4, 5], [5, 5], [5, 7], [8, 8]]
  765,  [[0, 5], [1, 1], [1, 2], [1, 6], [4, 5], [5, 5], [7, 7], [8, 8]]
  766,  [[0, 5], [1, 1], [1, 2], [1, 6], [3, 7], [4, 5], [5, 5], [5, 8]]
  767,  [[0, 5], [1, 2], [1, 5], [1, 6], [3, 5], [4, 5], [7, 7], [8, 8]]
  768,  [[0, 5], [1, 2], [1, 3], [1, 6], [4, 5], [4, 7], [5, 5], [8, 8]]
  769,  [[0, 5], [1, 2], [1, 5], [1, 6], [4, 5], [4, 7], [5, 5], [8, 8]]
  770,  [[0, 5], [1, 1], [1, 2], [1, 6], [3, 7], [4, 5], [4, 8], [5, 5]]
  771,  [[0, 5], [1, 1], [1, 5], [1, 6], [2, 7], [4, 5], [4, 8], [5, 5]]
  772,  [[0, 5], [1, 1], [1, 1], [1, 6], [2, 7], [4, 8], [5, 5], [5, 5]]
  773,  [[0, 5], [1, 1], [1, 1], [1, 6], [2, 7], [4, 5], [5, 5], [8, 8]]
  774,  [[0, 5], [1, 1], [1, 1], [1, 4], [2, 5], [4, 6], [5, 7], [5, 8]]
  775,  [[0, 5], [1, 1], [1, 1], [1, 4], [2, 5], [4, 6], [5, 5], [7, 7]]
  776,  [[0, 5], [1, 4], [1, 4], [1, 6], [2, 5], [5, 5], [5, 7], [8, 8]]
  777,  [[0, 5], [1, 1], [1, 4], [1, 6], [2, 5], [5, 5], [7, 7], [8, 8]]
  778,  [[0, 5], [1, 1], [1, 4], [1, 6], [2, 5], [3, 7], [5, 5], [5, 8]]
  779,  [[0, 5], [1, 4], [1, 5], [1, 6], [2, 5], [4, 7], [5, 5], [8, 8]]
  780,  [[0, 5], [1, 1], [1, 4], [1, 6], [4, 7], [5, 5], [5, 5], [8, 8]]
  781,  [[0, 5], [1, 1], [1, 4], [1, 6], [2, 5], [3, 7], [4, 8], [5, 5]]
  782,  [[0, 5], [1, 1], [1, 4], [1, 6], [2, 4], [3, 5], [5, 5], [5, 7]]
  783,  [[0, 5], [1, 1], [1, 1], [1, 6], [2, 4], [3, 5], [4, 5], [5, 7]]
  784,  [[0, 5], [1, 1], [1, 1], [1, 6], [2, 4], [3, 5], [5, 7], [5, 8]]
  785,  [[0, 5], [1, 1], [1, 1], [1, 6], [4, 4], [5, 5], [5, 7], [5, 8]]
  786,  [[0, 5], [1, 1], [1, 5], [1, 6], [2, 5], [3, 7], [4, 8], [5, 5]]
  787,  [[0, 5], [1, 1], [1, 5], [1, 6], [2, 5], [4, 7], [4, 8], [5, 5]]
  788,  [[0, 5], [1, 1], [1, 1], [1, 6], [4, 7], [4, 8], [5, 5], [5, 5]]
  789,  [[0, 5], [1, 1], [1, 1], [1, 4], [2, 5], [3, 6], [4, 5], [5, 7]]
  790,  [[0, 5], [1, 1], [1, 1], [1, 4], [2, 5], [4, 5], [5, 6], [7, 8]]
  791,  [[0, 5], [1, 1], [1, 4], [1, 6], [4, 5], [5, 5], [7, 7], [8, 8]]
  792,  [[0, 5], [1, 1], [1, 4], [1, 6], [2, 7], [4, 5], [5, 5], [5, 8]]
  793,  [[0, 5], [1, 4], [1, 5], [1, 6], [2, 5], [4, 5], [7, 7], [8, 8]]
  794,  [[0, 5], [1, 1], [1, 4], [1, 6], [2, 5], [3, 7], [4, 5], [8, 8]]
  795,  [[0, 5], [1, 1], [1, 1], [1, 5], [2, 5], [4, 4], [5, 6], [7, 7]]
  796,  [[0, 5], [1, 1], [1, 5], [1, 6], [4, 4], [5, 5], [5, 7], [8, 8]]
  797,  [[0, 5], [1, 1], [1, 5], [1, 6], [2, 4], [3, 5], [5, 7], [8, 8]]
  798,  [[0, 5], [1, 1], [1, 5], [1, 6], [2, 5], [4, 4], [7, 7], [8, 8]]
  799,  [[0, 5], [1, 1], [1, 5], [1, 6], [2, 5], [3, 7], [4, 4], [5, 8]]
  800,  [[0, 5], [1, 1], [1, 1], [1, 6], [2, 4], [5, 5], [5, 7], [8, 8]]
  801,  [[0, 5], [1, 1], [1, 1], [1, 6], [2, 7], [4, 4], [5, 5], [5, 8]]
  802,  [[0, 5], [1, 1], [1, 4], [1, 6], [2, 4], [3, 5], [5, 7], [8, 8]]
  803,  [[0, 5], [1, 1], [1, 1], [1, 6], [2, 4], [3, 5], [4, 7], [5, 8]]
  804,  [[0, 5], [1, 1], [1, 1], [1, 6], [2, 7], [4, 5], [4, 5], [5, 8]]
  805,  [[0, 5], [1, 1], [1, 5], [1, 6], [2, 5], [3, 7], [4, 5], [8, 8]]
  806,  [[0, 5], [1, 1], [1, 1], [1, 5], [2, 5], [3, 6], [4, 5], [4, 7]]
  807,  [[0, 5], [1, 1], [1, 1], [1, 5], [2, 5], [4, 5], [4, 6], [7, 8]]
  808,  [[0, 5], [1, 1], [1, 4], [1, 4], [2, 5], [3, 5], [5, 6], [7, 7]]
  809,  [[0, 5], [1, 1], [1, 1], [1, 4], [2, 5], [3, 5], [5, 6], [7, 8]]
  810,  [[0, 5], [1, 1], [1, 4], [1, 5], [2, 5], [3, 5], [4, 6], [7, 7]]
  811,  [[0, 5], [1, 1], [1, 1], [1, 4], [2, 5], [3, 5], [4, 6], [7, 8]]
  812,  [[0, 5], [1, 1], [1, 4], [1, 4], [2, 5], [3, 5], [5, 5], [6, 7]]
  813,  [[0, 5], [1, 4], [1, 4], [1, 6], [2, 5], [3, 5], [7, 7], [8, 8]]
  814,  [[0, 5], [1, 4], [1, 5], [1, 6], [2, 5], [3, 5], [7, 7], [8, 8]]
  815,  [[0, 5], [1, 1], [1, 1], [1, 5], [2, 5], [3, 5], [4, 6], [4, 7]]
  816,  [[0, 5], [1, 1], [1, 1], [1, 5], [2, 5], [3, 5], [4, 6], [7, 8]]
  817,  [[0, 5], [1, 1], [1, 1], [1, 5], [2, 5], [4, 4], [5, 5], [6, 7]]
  818,  [[0, 5], [1, 4], [1, 5], [1, 6], [2, 4], [3, 5], [5, 5], [7, 7]]
  819,  [[0, 5], [1, 1], [1, 5], [1, 6], [2, 4], [3, 5], [4, 5], [7, 7]]
  820,  [[0, 5], [1, 1], [1, 5], [1, 6], [2, 4], [3, 5], [4, 7], [5, 5]]
  821,  [[0, 5], [1, 1], [1, 5], [1, 6], [2, 4], [3, 5], [5, 5], [7, 8]]
  822,  [[0, 5], [1, 1], [1, 1], [1, 5], [2, 5], [3, 6], [4, 4], [5, 5]]
  823,  [[0, 5], [1, 1], [1, 1], [1, 4], [2, 4], [3, 5], [5, 5], [6, 6]]
  824,  [[0, 5], [1, 1], [1, 4], [1, 6], [2, 4], [5, 5], [5, 5], [7, 7]]
  825,  [[0, 5], [1, 1], [1, 4], [1, 6], [2, 4], [3, 5], [5, 5], [7, 8]]
  826,  [[0, 5], [1, 1], [1, 1], [1, 6], [2, 4], [4, 5], [5, 5], [7, 7]]
  827,  [[0, 5], [1, 1], [1, 1], [1, 6], [2, 4], [3, 5], [4, 5], [7, 8]]
  828,  [[0, 5], [1, 1], [1, 1], [1, 6], [2, 4], [4, 7], [5, 5], [5, 5]]
  829,  [[0, 5], [1, 1], [1, 1], [1, 6], [2, 4], [5, 5], [5, 5], [7, 8]]
  830,  [[0, 5], [1, 1], [1, 1], [1, 6], [2, 4], [3, 7], [5, 5], [5, 5]]
  831,  [[0, 0], [1, 1], [1, 1], [1, 6], [4, 5], [4, 5], [5, 5], [7, 8]]
  832,  [[0, 5], [1, 2], [1, 6], [1, 7], [3, 4], [4, 5], [5, 5], [8, 8]]
  833,  [[0, 5], [1, 2], [1, 6], [1, 7], [3, 4], [4, 8], [5, 5], [5, 5]]
  834,  [[0, 5], [1, 5], [1, 6], [1, 7], [2, 4], [4, 5], [5, 5], [8, 8]]
  835,  [[0, 5], [1, 4], [1, 6], [1, 7], [2, 4], [3, 8], [5, 5], [5, 5]]
  836,  [[0, 5], [1, 1], [1, 6], [1, 7], [2, 4], [3, 8], [4, 5], [5, 5]]
  837,  [[0, 5], [1, 1], [1, 6], [1, 7], [2, 4], [4, 5], [5, 5], [5, 8]]
Total nodes =  838
Total edges =  1918
True Goal graph No. 55
Goal candidates No. 96
Goal candidates No. 102
Goal candidates No. 109
Goal candidates No. 114
Goal candidates No. 130
Goal candidates No. 283
Goal candidates No. 293
Goal candidates No. 301
Goal candidates No. 330
Goal candidates No. 374
Goal candidates No. 414
Goal candidates No. 438
Goal candidates No. 459
Goal candidates No. 468
Goal candidates No. 478
Goal candidates No. 503
Total Goals =  17  and Paths = 340 

True paths: 5 / 340 

