Nomber of atoms =  8
Atoms =  ['O', 'CH3', 'CH3', 'CH2', 'CH2', 'C', 'H', 'H']
Valence electrons =  [6, 1, 1, 2, 2, 4, 1, 1]
Fixed electrons =  [[0, 0]]
Good initial graph No.0!
Good goal graph!

 Generated No. and Nodes:
    0,  [[0, 0], [0, 1], [0, 6], [2, 3], [3, 5], [4, 5], [4, 5], [5, 7]]
    1,  [[0, 0], [0, 0], [0, 6], [1, 3], [3, 5], [4, 5], [4, 5], [5, 7]]
    2,  [[0, 0], [0, 0], [0, 1], [2, 3], [3, 5], [4, 5], [4, 5], [5, 6]]
    3,  [[0, 0], [0, 1], [0, 6], [2, 3], [4, 5], [4, 5], [5, 5], [5, 7]]
    4,  [[0, 0], [0, 1], [0, 6], [2, 3], [3, 5], [4, 5], [5, 5], [5, 7]]
    5,  [[0, 0], [0, 1], [0, 6], [2, 3], [3, 5], [4, 5], [4, 5], [5, 5]]
    6,  [[0, 0], [0, 1], [0, 6], [2, 3], [3, 5], [4, 5], [4, 5], [7, 7]]
    7,  [[0, 0], [0, 0], [0, 6], [1, 3], [4, 5], [4, 5], [5, 5], [5, 7]]
    8,  [[0, 0], [0, 0], [0, 6], [1, 3], [3, 5], [4, 5], [5, 5], [5, 7]]
    9,  [[0, 0], [0, 0], [0, 6], [1, 3], [3, 5], [4, 5], [4, 5], [5, 5]]
   10,  [[0, 0], [0, 0], [0, 6], [1, 3], [3, 5], [4, 5], [4, 5], [7, 7]]
   11,  [[0, 0], [0, 0], [0, 1], [2, 3], [4, 5], [4, 5], [5, 5], [5, 6]]
   12,  [[0, 0], [0, 0], [0, 1], [2, 3], [3, 5], [4, 5], [5, 5], [5, 6]]
   13,  [[0, 0], [0, 0], [0, 1], [2, 3], [3, 5], [4, 5], [4, 5], [5, 5]]
   14,  [[0, 0], [0, 0], [0, 1], [2, 3], [3, 5], [4, 5], [4, 5], [6, 6]]
   15,  [[0, 1], [0, 3], [0, 6], [2, 3], [4, 5], [4, 5], [5, 5], [5, 7]]
   16,  [[0, 0], [0, 1], [0, 6], [3, 3], [4, 5], [4, 5], [5, 5], [5, 7]]
   17,  [[0, 0], [0, 1], [0, 6], [2, 3], [4, 5], [4, 5], [5, 5], [7, 7]]
   18,  [[0, 1], [0, 3], [0, 6], [2, 4], [3, 5], [4, 5], [5, 5], [5, 7]]
   19,  [[0, 0], [0, 1], [0, 6], [2, 3], [3, 5], [4, 4], [5, 5], [5, 7]]
   20,  [[0, 0], [0, 1], [0, 6], [2, 3], [3, 5], [4, 5], [5, 5], [7, 7]]
   21,  [[0, 1], [0, 6], [0, 7], [2, 3], [3, 5], [4, 5], [4, 5], [5, 5]]
   22,  [[0, 1], [0, 5], [0, 6], [2, 3], [3, 5], [4, 5], [4, 5], [7, 7]]
   23,  [[0, 0], [0, 3], [0, 6], [1, 3], [4, 5], [4, 5], [5, 5], [5, 7]]
   24,  [[0, 0], [0, 0], [0, 6], [3, 3], [4, 5], [4, 5], [5, 5], [5, 7]]
   25,  [[0, 0], [0, 0], [0, 6], [1, 3], [2, 5], [4, 5], [4, 5], [5, 7]]
   26,  [[0, 0], [0, 0], [0, 6], [1, 3], [4, 5], [4, 5], [5, 5], [7, 7]]
   27,  [[0, 0], [0, 3], [0, 6], [1, 4], [3, 5], [4, 5], [5, 5], [5, 7]]
   28,  [[0, 0], [0, 0], [0, 6], [1, 3], [3, 5], [4, 4], [5, 5], [5, 7]]
   29,  [[0, 0], [0, 0], [0, 6], [1, 3], [2, 5], [3, 5], [4, 5], [5, 7]]
   30,  [[0, 0], [0, 0], [0, 6], [1, 3], [3, 5], [4, 5], [5, 5], [7, 7]]
   31,  [[0, 0], [0, 6], [0, 7], [1, 3], [3, 5], [4, 5], [4, 5], [5, 5]]
   32,  [[0, 0], [0, 0], [0, 6], [1, 3], [2, 5], [3, 5], [4, 5], [4, 5]]
   33,  [[0, 0], [0, 5], [0, 6], [1, 3], [3, 5], [4, 5], [4, 5], [7, 7]]
   34,  [[0, 0], [0, 0], [0, 6], [1, 3], [2, 7], [3, 5], [4, 5], [4, 5]]
   35,  [[0, 0], [0, 1], [0, 3], [2, 3], [4, 5], [4, 5], [5, 5], [5, 6]]
   36,  [[0, 0], [0, 0], [0, 1], [3, 3], [4, 5], [4, 5], [5, 5], [5, 6]]
   37,  [[0, 0], [0, 0], [0, 1], [2, 3], [4, 5], [4, 5], [5, 6], [5, 7]]
   38,  [[0, 0], [0, 0], [0, 1], [2, 3], [4, 5], [4, 5], [5, 5], [6, 6]]
   39,  [[0, 0], [0, 1], [0, 3], [2, 4], [3, 5], [4, 5], [5, 5], [5, 6]]
   40,  [[0, 0], [0, 0], [0, 1], [2, 3], [3, 5], [4, 4], [5, 5], [5, 6]]
   41,  [[0, 0], [0, 0], [0, 1], [2, 3], [3, 5], [4, 5], [5, 6], [5, 7]]
   42,  [[0, 0], [0, 0], [0, 1], [2, 3], [3, 5], [4, 5], [5, 5], [6, 6]]
   43,  [[0, 0], [0, 1], [0, 5], [2, 3], [3, 5], [4, 5], [4, 5], [6, 6]]
   44,  [[0, 0], [0, 0], [0, 1], [2, 3], [3, 5], [4, 5], [4, 5], [6, 7]]
   45,  [[0, 1], [0, 3], [0, 6], [2, 3], [4, 5], [4, 5], [5, 5], [7, 7]]
   46,  [[0, 1], [0, 2], [0, 6], [3, 3], [4, 5], [4, 5], [5, 5], [5, 7]]
   47,  [[0, 0], [0, 1], [0, 6], [2, 5], [3, 3], [4, 5], [4, 5], [5, 7]]
   48,  [[0, 0], [0, 1], [0, 6], [3, 3], [4, 5], [4, 5], [5, 5], [7, 7]]
   49,  [[0, 1], [0, 5], [0, 6], [2, 3], [4, 5], [4, 5], [5, 5], [7, 7]]
   50,  [[0, 0], [0, 1], [0, 6], [2, 3], [4, 5], [5, 5], [5, 5], [7, 7]]
   51,  [[0, 0], [0, 1], [0, 6], [2, 3], [3, 7], [4, 5], [4, 5], [5, 5]]
   52,  [[0, 1], [0, 3], [0, 6], [2, 4], [3, 5], [4, 5], [5, 5], [7, 7]]
   53,  [[0, 1], [0, 5], [0, 6], [2, 3], [3, 5], [4, 4], [5, 5], [5, 7]]
   54,  [[0, 0], [0, 1], [0, 6], [2, 3], [4, 4], [5, 5], [5, 5], [5, 7]]
   55,  [[0, 0], [0, 1], [0, 6], [2, 3], [3, 5], [4, 4], [5, 5], [5, 5]]
   56,  [[0, 1], [0, 5], [0, 6], [2, 3], [3, 5], [4, 5], [5, 5], [7, 7]]
   57,  [[0, 0], [0, 1], [0, 6], [2, 3], [3, 5], [4, 5], [4, 7], [5, 5]]
   58,  [[0, 0], [0, 0], [0, 3], [1, 3], [4, 5], [4, 5], [5, 5], [5, 6]]
   59,  [[0, 0], [0, 3], [0, 6], [1, 3], [2, 5], [4, 5], [4, 5], [5, 7]]
   60,  [[0, 0], [0, 3], [0, 6], [1, 3], [4, 5], [4, 5], [5, 5], [7, 7]]
   61,  [[0, 0], [0, 0], [0, 6], [1, 5], [3, 3], [4, 5], [4, 5], [5, 7]]
   62,  [[0, 0], [0, 0], [0, 6], [3, 3], [4, 5], [4, 5], [5, 5], [7, 7]]
   63,  [[0, 0], [0, 0], [0, 6], [1, 3], [2, 5], [4, 5], [5, 5], [5, 7]]
   64,  [[0, 0], [0, 0], [0, 6], [1, 3], [2, 5], [4, 5], [4, 5], [5, 5]]
   65,  [[0, 0], [0, 0], [0, 6], [1, 3], [2, 5], [4, 5], [4, 5], [7, 7]]
   66,  [[0, 0], [0, 5], [0, 6], [1, 3], [4, 5], [4, 5], [5, 5], [7, 7]]
   67,  [[0, 0], [0, 0], [0, 6], [1, 3], [2, 7], [4, 5], [4, 5], [5, 5]]
   68,  [[0, 0], [0, 0], [0, 6], [1, 3], [3, 7], [4, 5], [4, 5], [5, 5]]
   69,  [[0, 0], [0, 0], [0, 3], [1, 4], [3, 5], [4, 5], [5, 5], [5, 6]]
   70,  [[0, 0], [0, 3], [0, 6], [1, 4], [2, 5], [3, 5], [4, 5], [5, 7]]
   71,  [[0, 0], [0, 3], [0, 6], [1, 4], [3, 5], [4, 5], [5, 5], [7, 7]]
   72,  [[0, 0], [0, 5], [0, 6], [1, 3], [3, 5], [4, 4], [5, 5], [5, 7]]
   73,  [[0, 0], [0, 0], [0, 6], [1, 3], [4, 4], [5, 5], [5, 5], [5, 7]]
   74,  [[0, 0], [0, 0], [0, 6], [1, 3], [2, 4], [3, 5], [5, 5], [5, 7]]
   75,  [[0, 0], [0, 0], [0, 6], [1, 3], [2, 5], [3, 5], [4, 4], [5, 7]]
   76,  [[0, 0], [0, 0], [0, 6], [1, 3], [3, 5], [4, 4], [5, 5], [5, 5]]
   77,  [[0, 0], [0, 0], [0, 6], [1, 3], [2, 5], [3, 5], [4, 5], [5, 5]]
   78,  [[0, 0], [0, 0], [0, 6], [1, 3], [2, 5], [3, 5], [4, 5], [7, 7]]
   79,  [[0, 0], [0, 5], [0, 6], [1, 3], [3, 5], [4, 5], [5, 5], [7, 7]]
   80,  [[0, 0], [0, 0], [0, 6], [1, 3], [2, 7], [3, 5], [4, 5], [5, 5]]
   81,  [[0, 0], [0, 0], [0, 6], [1, 3], [3, 5], [4, 5], [4, 7], [5, 5]]
   82,  [[0, 0], [0, 6], [0, 7], [1, 3], [2, 5], [3, 5], [4, 5], [4, 5]]
   83,  [[0, 0], [0, 0], [0, 5], [1, 3], [3, 5], [4, 5], [4, 5], [6, 6]]
   84,  [[0, 0], [0, 5], [0, 6], [1, 3], [2, 7], [3, 5], [4, 5], [4, 5]]
   85,  [[0, 0], [0, 1], [0, 3], [2, 3], [4, 5], [4, 5], [5, 6], [5, 7]]
   86,  [[0, 0], [0, 1], [0, 3], [2, 3], [4, 5], [4, 5], [5, 5], [6, 6]]
   87,  [[0, 0], [0, 1], [0, 2], [3, 3], [4, 5], [4, 5], [5, 5], [5, 6]]
   88,  [[0, 0], [0, 0], [0, 1], [3, 5], [3, 5], [4, 6], [5, 5], [5, 7]]
   89,  [[0, 0], [0, 0], [0, 1], [2, 5], [3, 3], [4, 5], [4, 5], [5, 6]]
   90,  [[0, 0], [0, 0], [0, 1], [3, 3], [4, 5], [4, 5], [5, 6], [5, 7]]
   91,  [[0, 0], [0, 0], [0, 1], [3, 3], [4, 5], [4, 5], [5, 5], [6, 6]]
   92,  [[0, 0], [0, 0], [0, 1], [2, 3], [4, 5], [5, 5], [5, 6], [5, 7]]
   93,  [[0, 0], [0, 0], [0, 1], [2, 3], [4, 5], [4, 5], [5, 6], [7, 7]]
   94,  [[0, 0], [0, 1], [0, 5], [2, 3], [4, 5], [4, 5], [5, 5], [6, 6]]
   95,  [[0, 0], [0, 0], [0, 1], [2, 3], [3, 6], [4, 5], [4, 5], [5, 5]]
   96,  [[0, 0], [0, 0], [0, 1], [2, 3], [4, 5], [4, 5], [5, 5], [6, 7]]
   97,  [[0, 0], [0, 1], [0, 3], [2, 4], [3, 5], [4, 5], [5, 6], [5, 7]]
   98,  [[0, 0], [0, 1], [0, 3], [2, 4], [3, 5], [4, 5], [5, 5], [6, 6]]
   99,  [[0, 0], [0, 1], [0, 5], [2, 3], [3, 5], [4, 4], [5, 5], [5, 6]]
  100,  [[0, 0], [0, 0], [0, 1], [2, 3], [4, 4], [5, 5], [5, 5], [5, 6]]
  101,  [[0, 0], [0, 0], [0, 1], [2, 3], [3, 5], [4, 6], [5, 5], [5, 7]]
  102,  [[0, 0], [0, 0], [0, 1], [2, 3], [3, 5], [4, 4], [5, 6], [5, 7]]
  103,  [[0, 0], [0, 0], [0, 1], [2, 3], [3, 5], [4, 4], [5, 5], [5, 5]]
  104,  [[0, 0], [0, 0], [0, 1], [2, 3], [3, 5], [4, 5], [5, 6], [7, 7]]
  105,  [[0, 0], [0, 1], [0, 5], [2, 3], [3, 5], [4, 5], [5, 5], [6, 6]]
  106,  [[0, 0], [0, 0], [0, 1], [2, 3], [3, 5], [4, 5], [4, 6], [5, 5]]
  107,  [[0, 0], [0, 0], [0, 1], [2, 3], [3, 5], [4, 5], [5, 5], [6, 7]]
  108,  [[0, 0], [0, 1], [0, 5], [2, 3], [3, 5], [4, 5], [4, 5], [6, 7]]
  109,  [[0, 1], [0, 3], [0, 6], [2, 3], [4, 5], [5, 5], [5, 5], [7, 7]]
  110,  [[0, 1], [0, 2], [0, 6], [3, 3], [4, 5], [4, 5], [5, 5], [7, 7]]
  111,  [[0, 0], [0, 1], [0, 6], [2, 5], [3, 3], [4, 5], [5, 5], [5, 7]]
  112,  [[0, 0], [0, 1], [0, 6], [2, 5], [3, 3], [4, 5], [4, 5], [5, 5]]
  113,  [[0, 0], [0, 1], [0, 6], [2, 5], [3, 3], [4, 5], [4, 5], [7, 7]]
  114,  [[0, 1], [0, 5], [0, 6], [3, 3], [4, 5], [4, 5], [5, 5], [7, 7]]
  115,  [[0, 0], [0, 1], [0, 6], [3, 5], [3, 5], [4, 5], [5, 5], [7, 7]]
  116,  [[0, 0], [0, 1], [0, 6], [3, 3], [4, 5], [5, 5], [5, 5], [7, 7]]
  117,  [[0, 0], [0, 1], [0, 6], [2, 7], [3, 3], [4, 5], [4, 5], [5, 5]]
  118,  [[0, 1], [0, 5], [0, 6], [2, 3], [3, 7], [4, 5], [4, 5], [5, 5]]
  119,  [[0, 1], [0, 3], [0, 6], [2, 4], [3, 5], [5, 5], [5, 5], [7, 7]]
  120,  [[0, 0], [0, 1], [0, 6], [2, 3], [3, 7], [4, 5], [5, 5], [5, 5]]
  121,  [[0, 0], [0, 1], [0, 6], [2, 3], [4, 5], [4, 7], [5, 5], [5, 5]]
  122,  [[0, 1], [0, 3], [0, 6], [2, 4], [4, 5], [5, 5], [5, 5], [7, 7]]
  123,  [[0, 1], [0, 5], [0, 6], [2, 3], [3, 5], [4, 4], [5, 5], [7, 7]]
  124,  [[0, 1], [0, 3], [0, 6], [2, 3], [4, 4], [5, 5], [5, 5], [5, 7]]
  125,  [[0, 0], [0, 1], [0, 6], [3, 3], [4, 4], [5, 5], [5, 5], [5, 7]]
  126,  [[0, 0], [0, 1], [0, 6], [2, 3], [3, 4], [5, 5], [5, 5], [5, 7]]
  127,  [[0, 1], [0, 6], [0, 7], [2, 3], [3, 5], [4, 4], [5, 5], [5, 5]]
  128,  [[0, 0], [0, 1], [0, 6], [2, 3], [3, 5], [4, 7], [5, 5], [5, 5]]
  129,  [[0, 1], [0, 5], [0, 6], [2, 3], [3, 5], [4, 5], [4, 7], [5, 5]]
  130,  [[0, 0], [0, 0], [0, 3], [1, 3], [2, 5], [4, 5], [4, 5], [5, 6]]
  131,  [[0, 0], [0, 0], [0, 3], [1, 3], [4, 5], [4, 5], [5, 6], [5, 7]]
  132,  [[0, 0], [0, 0], [0, 3], [1, 3], [4, 5], [4, 5], [5, 5], [6, 6]]
  133,  [[0, 0], [0, 3], [0, 6], [1, 3], [2, 5], [4, 5], [5, 5], [5, 7]]
  134,  [[0, 0], [0, 3], [0, 6], [1, 3], [2, 5], [4, 5], [4, 5], [5, 5]]
  135,  [[0, 0], [0, 3], [0, 6], [1, 3], [2, 5], [4, 5], [4, 5], [7, 7]]
  136,  [[0, 3], [0, 5], [0, 6], [1, 3], [4, 5], [4, 5], [5, 5], [7, 7]]
  137,  [[0, 0], [0, 3], [0, 6], [1, 3], [4, 5], [5, 5], [5, 5], [7, 7]]
  138,  [[0, 0], [0, 3], [0, 6], [1, 3], [2, 7], [4, 5], [4, 5], [5, 5]]
  139,  [[0, 0], [0, 0], [0, 6], [1, 5], [3, 3], [4, 5], [5, 5], [5, 7]]
  140,  [[0, 0], [0, 0], [0, 6], [1, 5], [3, 3], [4, 5], [4, 5], [5, 5]]
  141,  [[0, 0], [0, 0], [0, 6], [1, 5], [3, 3], [4, 5], [4, 5], [7, 7]]
  142,  [[0, 0], [0, 5], [0, 6], [3, 3], [4, 5], [4, 5], [5, 5], [7, 7]]
  143,  [[0, 0], [0, 0], [0, 6], [1, 7], [3, 3], [4, 5], [4, 5], [5, 5]]
  144,  [[0, 0], [0, 3], [0, 6], [1, 4], [2, 5], [3, 5], [5, 5], [5, 7]]
  145,  [[0, 0], [0, 0], [0, 6], [1, 3], [2, 5], [4, 4], [5, 5], [5, 7]]
  146,  [[0, 0], [0, 0], [0, 6], [1, 3], [2, 5], [4, 5], [5, 5], [7, 7]]
  147,  [[0, 0], [0, 6], [0, 7], [1, 3], [2, 5], [4, 5], [4, 5], [5, 5]]
  148,  [[0, 0], [0, 5], [0, 6], [1, 3], [2, 5], [4, 5], [4, 5], [7, 7]]
  149,  [[0, 0], [0, 0], [0, 6], [1, 3], [2, 5], [3, 7], [4, 5], [4, 5]]
  150,  [[0, 0], [0, 5], [0, 6], [1, 3], [2, 7], [4, 5], [4, 5], [5, 5]]
  151,  [[0, 0], [0, 5], [0, 6], [1, 3], [3, 7], [4, 5], [4, 5], [5, 5]]
  152,  [[0, 0], [0, 0], [0, 6], [1, 3], [2, 7], [4, 5], [5, 5], [5, 5]]
  153,  [[0, 0], [0, 0], [0, 6], [1, 3], [3, 7], [4, 5], [5, 5], [5, 5]]
  154,  [[0, 0], [0, 0], [0, 3], [1, 4], [2, 5], [3, 5], [4, 5], [5, 6]]
  155,  [[0, 0], [0, 0], [0, 3], [1, 4], [3, 5], [4, 5], [5, 6], [5, 7]]
  156,  [[0, 0], [0, 0], [0, 3], [1, 4], [3, 5], [4, 5], [5, 5], [6, 6]]
  157,  [[0, 0], [0, 3], [0, 6], [1, 4], [2, 5], [4, 5], [5, 5], [5, 7]]
  158,  [[0, 0], [0, 3], [0, 6], [1, 4], [2, 5], [3, 5], [4, 5], [5, 5]]
  159,  [[0, 0], [0, 3], [0, 6], [1, 4], [2, 5], [3, 5], [4, 5], [7, 7]]
  160,  [[0, 3], [0, 5], [0, 6], [1, 4], [3, 5], [4, 5], [5, 5], [7, 7]]
  161,  [[0, 0], [0, 3], [0, 6], [1, 4], [4, 5], [5, 5], [5, 5], [7, 7]]
  162,  [[0, 0], [0, 3], [0, 6], [1, 4], [3, 5], [5, 5], [5, 5], [7, 7]]
  163,  [[0, 0], [0, 3], [0, 6], [1, 4], [2, 7], [3, 5], [4, 5], [5, 5]]
  164,  [[0, 0], [0, 0], [0, 5], [1, 3], [3, 5], [4, 4], [5, 5], [5, 6]]
  165,  [[0, 0], [0, 5], [0, 6], [1, 3], [2, 4], [3, 5], [5, 5], [5, 7]]
  166,  [[0, 0], [0, 5], [0, 6], [1, 3], [2, 5], [3, 5], [4, 4], [5, 7]]
  167,  [[0, 0], [0, 5], [0, 6], [1, 3], [3, 5], [4, 4], [5, 5], [7, 7]]
  168,  [[0, 0], [0, 3], [0, 6], [1, 3], [4, 4], [5, 5], [5, 5], [5, 7]]
  169,  [[0, 0], [0, 0], [0, 6], [3, 3], [4, 4], [5, 5], [5, 5], [5, 7]]
  170,  [[0, 0], [0, 0], [0, 6], [1, 3], [2, 4], [5, 5], [5, 5], [5, 7]]
  171,  [[0, 0], [0, 0], [0, 6], [1, 3], [3, 4], [5, 5], [5, 5], [5, 7]]
  172,  [[0, 0], [0, 3], [0, 6], [1, 3], [2, 4], [4, 5], [5, 5], [5, 7]]
  173,  [[0, 0], [0, 0], [0, 6], [1, 3], [2, 4], [3, 5], [4, 5], [5, 7]]
  174,  [[0, 0], [0, 0], [0, 6], [1, 3], [2, 4], [3, 5], [5, 5], [5, 5]]
  175,  [[0, 0], [0, 0], [0, 6], [1, 3], [2, 5], [3, 5], [4, 4], [5, 5]]
  176,  [[0, 0], [0, 6], [0, 7], [1, 3], [3, 5], [4, 4], [5, 5], [5, 5]]
  177,  [[0, 0], [0, 0], [0, 6], [1, 3], [3, 5], [4, 7], [5, 5], [5, 5]]
  178,  [[0, 0], [0, 6], [0, 7], [1, 3], [2, 5], [3, 5], [4, 5], [5, 5]]
  179,  [[0, 0], [0, 5], [0, 6], [1, 3], [2, 5], [3, 5], [4, 5], [7, 7]]
  180,  [[0, 0], [0, 0], [0, 6], [1, 3], [2, 5], [3, 5], [4, 5], [4, 7]]
  181,  [[0, 0], [0, 5], [0, 6], [1, 3], [2, 7], [3, 5], [4, 5], [5, 5]]
  182,  [[0, 0], [0, 5], [0, 6], [1, 3], [3, 5], [4, 5], [4, 7], [5, 5]]
  183,  [[0, 0], [0, 0], [0, 6], [1, 3], [4, 5], [4, 7], [5, 5], [5, 5]]
  184,  [[0, 0], [0, 0], [0, 5], [1, 3], [2, 6], [3, 5], [4, 5], [4, 5]]
  185,  [[0, 0], [0, 0], [0, 5], [1, 3], [3, 5], [4, 5], [4, 5], [6, 7]]
  186,  [[0, 0], [0, 1], [0, 3], [2, 3], [4, 5], [5, 5], [5, 6], [5, 7]]
  187,  [[0, 0], [0, 1], [0, 3], [2, 3], [4, 5], [4, 5], [5, 6], [7, 7]]
  188,  [[0, 1], [0, 3], [0, 5], [2, 3], [4, 5], [4, 5], [5, 5], [6, 6]]
  189,  [[0, 0], [0, 1], [0, 3], [2, 3], [4, 5], [5, 5], [5, 5], [6, 6]]
  190,  [[0, 0], [0, 1], [0, 3], [2, 3], [4, 5], [4, 5], [5, 5], [6, 7]]
  191,  [[0, 0], [0, 1], [0, 2], [3, 5], [3, 5], [4, 6], [5, 5], [5, 7]]
  192,  [[0, 0], [0, 1], [0, 2], [3, 3], [4, 5], [4, 5], [5, 6], [5, 7]]
  193,  [[0, 0], [0, 1], [0, 2], [3, 3], [4, 5], [4, 5], [5, 5], [6, 6]]
  194,  [[0, 0], [0, 1], [0, 3], [3, 6], [4, 5], [4, 5], [5, 5], [5, 7]]
  195,  [[0, 0], [0, 0], [0, 1], [2, 5], [3, 5], [3, 5], [4, 6], [5, 7]]
  196,  [[0, 0], [0, 0], [0, 1], [3, 5], [3, 5], [4, 5], [4, 6], [5, 7]]
  197,  [[0, 0], [0, 0], [0, 1], [3, 5], [3, 5], [4, 6], [5, 5], [7, 7]]
  198,  [[0, 0], [0, 0], [0, 1], [2, 5], [3, 3], [4, 5], [5, 5], [5, 6]]
  199,  [[0, 0], [0, 0], [0, 1], [2, 5], [3, 3], [4, 5], [4, 5], [5, 5]]
  200,  [[0, 0], [0, 0], [0, 1], [2, 5], [3, 3], [4, 5], [4, 5], [6, 6]]
  201,  [[0, 0], [0, 0], [0, 1], [3, 3], [4, 5], [5, 5], [5, 6], [5, 7]]
  202,  [[0, 0], [0, 0], [0, 1], [3, 3], [4, 5], [4, 5], [5, 6], [7, 7]]
  203,  [[0, 0], [0, 1], [0, 5], [3, 3], [4, 5], [4, 5], [5, 5], [6, 6]]
  204,  [[0, 0], [0, 0], [0, 1], [2, 6], [3, 3], [4, 5], [4, 5], [5, 5]]
  205,  [[0, 0], [0, 0], [0, 1], [3, 3], [4, 5], [4, 5], [5, 5], [6, 7]]
  206,  [[0, 0], [0, 1], [0, 3], [2, 4], [3, 5], [5, 5], [5, 6], [5, 7]]
  207,  [[0, 0], [0, 0], [0, 1], [2, 3], [4, 4], [5, 5], [5, 6], [5, 7]]
  208,  [[0, 0], [0, 0], [0, 1], [2, 3], [4, 5], [5, 5], [5, 6], [7, 7]]
  209,  [[0, 0], [0, 1], [0, 5], [2, 3], [4, 5], [4, 5], [5, 6], [7, 7]]
  210,  [[0, 0], [0, 0], [0, 1], [2, 3], [3, 6], [4, 5], [4, 5], [5, 7]]
  211,  [[0, 0], [0, 1], [0, 5], [2, 3], [3, 6], [4, 5], [4, 5], [5, 5]]
  212,  [[0, 0], [0, 1], [0, 5], [2, 3], [4, 5], [4, 5], [5, 5], [6, 7]]
  213,  [[0, 0], [0, 0], [0, 1], [2, 3], [3, 6], [4, 5], [5, 5], [5, 5]]
  214,  [[0, 0], [0, 0], [0, 1], [2, 3], [4, 5], [5, 5], [5, 5], [6, 7]]
  215,  [[0, 0], [0, 1], [0, 3], [2, 4], [4, 5], [5, 5], [5, 6], [5, 7]]
  216,  [[0, 0], [0, 1], [0, 3], [2, 4], [3, 5], [4, 5], [5, 6], [7, 7]]
  217,  [[0, 1], [0, 3], [0, 5], [2, 4], [3, 5], [4, 5], [5, 5], [6, 6]]
  218,  [[0, 0], [0, 1], [0, 3], [2, 4], [4, 5], [5, 5], [5, 5], [6, 6]]
  219,  [[0, 0], [0, 1], [0, 3], [2, 4], [3, 5], [5, 5], [5, 5], [6, 6]]
  220,  [[0, 0], [0, 1], [0, 3], [2, 4], [3, 5], [4, 5], [5, 5], [6, 7]]
  221,  [[0, 0], [0, 1], [0, 5], [2, 3], [3, 5], [4, 6], [5, 5], [5, 7]]
  222,  [[0, 0], [0, 1], [0, 5], [2, 3], [3, 5], [4, 4], [5, 6], [5, 7]]
  223,  [[0, 0], [0, 1], [0, 5], [2, 3], [3, 5], [4, 4], [5, 5], [6, 6]]
  224,  [[0, 0], [0, 1], [0, 3], [2, 3], [4, 4], [5, 5], [5, 5], [5, 6]]
  225,  [[0, 0], [0, 0], [0, 1], [3, 3], [4, 4], [5, 5], [5, 5], [5, 6]]
  226,  [[0, 0], [0, 0], [0, 1], [2, 3], [3, 4], [5, 5], [5, 5], [5, 6]]
  227,  [[0, 0], [0, 0], [0, 1], [2, 3], [4, 6], [5, 5], [5, 5], [5, 7]]
  228,  [[0, 0], [0, 1], [0, 3], [2, 4], [3, 6], [4, 5], [5, 5], [5, 7]]
  229,  [[0, 0], [0, 0], [0, 1], [2, 3], [3, 5], [4, 5], [4, 6], [5, 7]]
  230,  [[0, 0], [0, 0], [0, 1], [2, 3], [3, 5], [4, 6], [5, 5], [5, 5]]
  231,  [[0, 0], [0, 1], [0, 5], [2, 3], [3, 5], [4, 5], [5, 6], [7, 7]]
  232,  [[0, 0], [0, 1], [0, 5], [2, 3], [3, 5], [4, 5], [4, 6], [5, 5]]
  233,  [[0, 0], [0, 1], [0, 5], [2, 3], [3, 5], [4, 5], [5, 5], [6, 7]]
  234,  [[0, 0], [0, 0], [0, 1], [2, 3], [4, 5], [4, 6], [5, 5], [5, 5]]
  235,  [[0, 1], [0, 3], [0, 6], [2, 3], [4, 5], [4, 7], [5, 5], [5, 5]]
  236,  [[0, 1], [0, 2], [0, 6], [3, 5], [3, 5], [4, 5], [5, 5], [7, 7]]
  237,  [[0, 1], [0, 2], [0, 6], [3, 3], [4, 5], [5, 5], [5, 5], [7, 7]]
  238,  [[0, 1], [0, 3], [0, 6], [2, 5], [3, 5], [4, 4], [5, 5], [5, 7]]
  239,  [[0, 0], [0, 1], [0, 6], [2, 5], [3, 4], [3, 5], [5, 5], [5, 7]]
  240,  [[0, 0], [0, 1], [0, 6], [2, 5], [3, 3], [4, 4], [5, 5], [5, 7]]
  241,  [[0, 0], [0, 1], [0, 6], [2, 5], [3, 3], [4, 5], [5, 5], [7, 7]]
  242,  [[0, 1], [0, 6], [0, 7], [2, 5], [3, 3], [4, 5], [4, 5], [5, 5]]
  243,  [[0, 0], [0, 1], [0, 6], [2, 5], [3, 5], [3, 5], [4, 7], [5, 5]]
  244,  [[0, 1], [0, 5], [0, 6], [2, 5], [3, 3], [4, 5], [4, 5], [7, 7]]
  245,  [[0, 0], [0, 1], [0, 6], [2, 5], [3, 5], [3, 5], [4, 5], [7, 7]]
  246,  [[0, 1], [0, 5], [0, 6], [2, 7], [3, 3], [4, 5], [4, 5], [5, 5]]
  247,  [[0, 1], [0, 3], [0, 6], [3, 5], [4, 5], [4, 5], [5, 5], [7, 7]]
  248,  [[0, 0], [0, 1], [0, 6], [3, 5], [3, 5], [4, 5], [4, 5], [7, 7]]
  249,  [[0, 0], [0, 1], [0, 6], [2, 7], [3, 5], [3, 5], [4, 5], [5, 5]]
  250,  [[0, 0], [0, 1], [0, 6], [3, 5], [3, 5], [4, 5], [4, 7], [5, 5]]
  251,  [[0, 1], [0, 3], [0, 6], [3, 5], [4, 4], [5, 5], [5, 5], [7, 7]]
  252,  [[0, 0], [0, 1], [0, 6], [3, 4], [3, 5], [5, 5], [5, 5], [7, 7]]
  253,  [[0, 0], [0, 1], [0, 6], [2, 7], [3, 3], [4, 5], [5, 5], [5, 5]]
  254,  [[0, 0], [0, 1], [0, 6], [3, 3], [4, 5], [4, 7], [5, 5], [5, 5]]
  255,  [[0, 1], [0, 3], [0, 6], [2, 4], [3, 5], [4, 7], [5, 5], [5, 5]]
  256,  [[0, 1], [0, 3], [0, 6], [2, 4], [3, 7], [4, 5], [5, 5], [5, 5]]
  257,  [[0, 1], [0, 5], [0, 6], [2, 3], [4, 4], [5, 5], [5, 5], [7, 7]]
  258,  [[0, 1], [0, 2], [0, 6], [3, 3], [4, 4], [5, 5], [5, 5], [5, 7]]
  259,  [[0, 1], [0, 3], [0, 6], [2, 4], [3, 4], [5, 5], [5, 5], [5, 7]]
  260,  [[0, 0], [0, 1], [0, 6], [2, 3], [3, 4], [4, 5], [5, 5], [5, 7]]
  261,  [[0, 0], [0, 0], [0, 3], [1, 3], [2, 5], [4, 5], [5, 5], [5, 6]]
  262,  [[0, 0], [0, 0], [0, 3], [1, 3], [2, 5], [4, 5], [4, 5], [5, 5]]
  263,  [[0, 0], [0, 0], [0, 3], [1, 3], [2, 5], [4, 5], [4, 5], [6, 6]]
  264,  [[0, 0], [0, 0], [0, 3], [1, 3], [4, 5], [5, 5], [5, 6], [5, 7]]
  265,  [[0, 0], [0, 0], [0, 3], [1, 3], [4, 5], [4, 5], [5, 6], [7, 7]]
  266,  [[0, 0], [0, 3], [0, 5], [1, 3], [4, 5], [4, 5], [5, 5], [6, 6]]
  267,  [[0, 0], [0, 0], [0, 3], [1, 3], [2, 6], [4, 5], [4, 5], [5, 5]]
  268,  [[0, 0], [0, 0], [0, 3], [1, 3], [4, 5], [4, 5], [5, 5], [6, 7]]
  269,  [[0, 3], [0, 4], [0, 6], [1, 3], [2, 5], [4, 5], [5, 5], [5, 7]]
  270,  [[0, 0], [0, 3], [0, 6], [1, 3], [2, 5], [4, 4], [5, 5], [5, 7]]
  271,  [[0, 0], [0, 3], [0, 6], [1, 3], [2, 5], [4, 5], [5, 5], [7, 7]]
  272,  [[0, 3], [0, 6], [0, 7], [1, 3], [2, 5], [4, 5], [4, 5], [5, 5]]
  273,  [[0, 3], [0, 5], [0, 6], [1, 3], [2, 5], [4, 5], [4, 5], [7, 7]]
  274,  [[0, 3], [0, 5], [0, 6], [1, 3], [2, 7], [4, 5], [4, 5], [5, 5]]
  275,  [[0, 3], [0, 4], [0, 6], [1, 3], [4, 5], [5, 5], [5, 5], [7, 7]]
  276,  [[0, 0], [0, 3], [0, 6], [1, 3], [2, 7], [4, 5], [5, 5], [5, 5]]
  277,  [[0, 0], [0, 3], [0, 6], [1, 3], [4, 5], [4, 7], [5, 5], [5, 5]]
  278,  [[0, 0], [0, 3], [0, 6], [1, 5], [3, 5], [4, 4], [5, 5], [5, 7]]
  279,  [[0, 0], [0, 0], [0, 6], [1, 5], [3, 4], [3, 5], [5, 5], [5, 7]]
  280,  [[0, 0], [0, 0], [0, 6], [1, 5], [3, 3], [4, 4], [5, 5], [5, 7]]
  281,  [[0, 0], [0, 0], [0, 6], [1, 5], [2, 5], [3, 3], [4, 5], [5, 7]]
  282,  [[0, 0], [0, 0], [0, 6], [1, 5], [3, 3], [4, 5], [5, 5], [7, 7]]
  283,  [[0, 0], [0, 6], [0, 7], [1, 5], [3, 3], [4, 5], [4, 5], [5, 5]]
  284,  [[0, 0], [0, 0], [0, 6], [1, 5], [3, 5], [3, 5], [4, 7], [5, 5]]
  285,  [[0, 0], [0, 0], [0, 6], [1, 5], [2, 5], [3, 3], [4, 5], [4, 5]]
  286,  [[0, 0], [0, 5], [0, 6], [1, 5], [3, 3], [4, 5], [4, 5], [7, 7]]
  287,  [[0, 0], [0, 0], [0, 6], [1, 5], [3, 5], [3, 5], [4, 5], [7, 7]]
  288,  [[0, 0], [0, 0], [0, 6], [1, 5], [2, 7], [3, 3], [4, 5], [4, 5]]
  289,  [[0, 0], [0, 5], [0, 6], [1, 7], [3, 3], [4, 5], [4, 5], [5, 5]]
  290,  [[0, 0], [0, 0], [0, 6], [1, 7], [3, 5], [3, 5], [4, 5], [5, 5]]
  291,  [[0, 0], [0, 0], [0, 6], [1, 7], [3, 3], [4, 5], [5, 5], [5, 5]]
  292,  [[0, 0], [0, 0], [0, 3], [1, 4], [2, 5], [3, 5], [5, 5], [5, 6]]
  293,  [[0, 0], [0, 3], [0, 6], [1, 4], [2, 5], [3, 5], [5, 5], [7, 7]]
  294,  [[0, 0], [0, 5], [0, 6], [1, 3], [2, 5], [4, 4], [5, 5], [5, 7]]
  295,  [[0, 0], [0, 0], [0, 6], [1, 3], [2, 5], [3, 4], [5, 5], [5, 7]]
  296,  [[0, 0], [0, 0], [0, 6], [1, 3], [2, 5], [4, 4], [5, 5], [5, 5]]
  297,  [[0, 0], [0, 5], [0, 6], [1, 3], [2, 5], [4, 5], [5, 5], [7, 7]]
  298,  [[0, 0], [0, 0], [0, 6], [1, 3], [2, 5], [3, 7], [4, 5], [5, 5]]
  299,  [[0, 0], [0, 0], [0, 6], [1, 3], [2, 5], [4, 5], [4, 7], [5, 5]]
  300,  [[0, 0], [0, 0], [0, 5], [1, 3], [2, 5], [4, 5], [4, 5], [6, 6]]
  301,  [[0, 0], [0, 5], [0, 6], [1, 3], [2, 5], [3, 7], [4, 5], [4, 5]]
  302,  [[0, 0], [0, 0], [0, 5], [1, 3], [2, 6], [4, 5], [4, 5], [5, 5]]
  303,  [[0, 0], [0, 0], [0, 5], [1, 3], [3, 6], [4, 5], [4, 5], [5, 5]]
  304,  [[0, 0], [0, 3], [0, 6], [1, 4], [2, 7], [3, 5], [5, 5], [5, 5]]
  305,  [[0, 0], [0, 3], [0, 6], [1, 4], [3, 5], [4, 7], [5, 5], [5, 5]]
  306,  [[0, 0], [0, 0], [0, 3], [1, 4], [2, 5], [4, 5], [5, 5], [5, 6]]
  307,  [[0, 0], [0, 0], [0, 3], [1, 4], [2, 5], [3, 5], [4, 5], [5, 5]]
  308,  [[0, 0], [0, 0], [0, 3], [1, 4], [2, 5], [3, 5], [4, 5], [6, 6]]
  309,  [[0, 0], [0, 0], [0, 3], [1, 4], [4, 5], [5, 5], [5, 6], [5, 7]]
  310,  [[0, 0], [0, 0], [0, 3], [1, 4], [3, 5], [5, 5], [5, 6], [5, 7]]
  311,  [[0, 0], [0, 0], [0, 3], [1, 4], [3, 5], [4, 5], [5, 6], [7, 7]]
  312,  [[0, 0], [0, 3], [0, 5], [1, 4], [3, 5], [4, 5], [5, 5], [6, 6]]
  313,  [[0, 0], [0, 0], [0, 3], [1, 4], [2, 6], [3, 5], [4, 5], [5, 5]]
  314,  [[0, 0], [0, 0], [0, 3], [1, 4], [3, 5], [4, 5], [5, 5], [6, 7]]
  315,  [[0, 3], [0, 3], [0, 6], [1, 4], [2, 5], [4, 5], [5, 5], [5, 7]]
  316,  [[0, 0], [0, 3], [0, 6], [1, 4], [2, 5], [4, 5], [5, 5], [7, 7]]
  317,  [[0, 3], [0, 6], [0, 7], [1, 4], [2, 5], [3, 5], [4, 5], [5, 5]]
  318,  [[0, 3], [0, 5], [0, 6], [1, 4], [2, 5], [3, 5], [4, 5], [7, 7]]
  319,  [[0, 3], [0, 5], [0, 6], [1, 4], [2, 7], [3, 5], [4, 5], [5, 5]]
  320,  [[0, 3], [0, 3], [0, 6], [1, 4], [4, 5], [5, 5], [5, 5], [7, 7]]
  321,  [[0, 0], [0, 3], [0, 6], [1, 4], [2, 7], [4, 5], [5, 5], [5, 5]]
  322,  [[0, 0], [0, 3], [0, 6], [1, 4], [3, 7], [4, 5], [5, 5], [5, 5]]
  323,  [[0, 0], [0, 3], [0, 6], [3, 5], [4, 4], [5, 5], [5, 5], [7, 7]]
  324,  [[0, 0], [0, 0], [0, 5], [1, 3], [2, 4], [3, 5], [5, 5], [5, 6]]
  325,  [[0, 0], [0, 0], [0, 5], [1, 3], [3, 5], [4, 6], [5, 5], [5, 7]]
  326,  [[0, 0], [0, 0], [0, 5], [1, 3], [2, 5], [3, 5], [4, 4], [5, 6]]
  327,  [[0, 0], [0, 0], [0, 5], [1, 3], [3, 5], [4, 4], [5, 6], [5, 7]]
  328,  [[0, 0], [0, 0], [0, 5], [1, 3], [3, 5], [4, 4], [5, 5], [6, 6]]
  329,  [[0, 3], [0, 5], [0, 6], [1, 3], [2, 4], [4, 5], [5, 5], [5, 7]]
  330,  [[0, 0], [0, 5], [0, 6], [1, 3], [2, 4], [3, 5], [4, 5], [5, 7]]
  331,  [[0, 0], [0, 5], [0, 6], [1, 3], [2, 4], [3, 5], [5, 5], [7, 7]]
  332,  [[0, 0], [0, 5], [0, 6], [1, 3], [2, 5], [3, 5], [4, 4], [5, 5]]
  333,  [[0, 0], [0, 5], [0, 6], [1, 3], [2, 5], [3, 5], [4, 4], [7, 7]]
  334,  [[0, 5], [0, 5], [0, 6], [1, 3], [3, 5], [4, 4], [5, 5], [7, 7]]
  335,  [[0, 0], [0, 5], [0, 6], [1, 3], [4, 4], [5, 5], [5, 5], [7, 7]]
  336,  [[0, 0], [0, 5], [0, 6], [1, 3], [2, 7], [3, 5], [4, 4], [5, 5]]
  337,  [[0, 0], [0, 0], [0, 3], [1, 3], [4, 4], [5, 5], [5, 5], [5, 6]]
  338,  [[0, 0], [0, 3], [0, 6], [1, 3], [2, 4], [5, 5], [5, 5], [5, 7]]
  339,  [[0, 0], [0, 3], [0, 6], [1, 4], [3, 4], [5, 5], [5, 5], [5, 7]]
  340,  [[0, 0], [0, 0], [0, 6], [1, 3], [3, 4], [4, 5], [5, 5], [5, 7]]
  341,  [[0, 0], [0, 0], [0, 3], [1, 3], [2, 4], [4, 5], [5, 5], [5, 6]]
  342,  [[0, 0], [0, 3], [0, 6], [1, 3], [2, 4], [4, 5], [5, 5], [5, 5]]
  343,  [[0, 0], [0, 0], [0, 6], [1, 3], [2, 4], [3, 5], [4, 5], [5, 5]]
  344,  [[0, 0], [0, 6], [0, 7], [1, 3], [2, 4], [3, 5], [5, 5], [5, 5]]
  345,  [[0, 0], [0, 6], [0, 7], [1, 3], [2, 5], [3, 5], [4, 4], [5, 5]]
  346,  [[0, 0], [0, 0], [0, 6], [1, 3], [2, 5], [3, 5], [4, 7], [5, 5]]
  347,  [[0, 0], [0, 0], [0, 5], [1, 3], [2, 5], [3, 5], [4, 5], [6, 6]]
  348,  [[0, 0], [0, 5], [0, 6], [1, 3], [2, 5], [3, 5], [4, 5], [4, 7]]
  349,  [[0, 0], [0, 0], [0, 5], [1, 3], [2, 6], [3, 5], [4, 5], [5, 5]]
  350,  [[0, 0], [0, 0], [0, 5], [1, 3], [3, 5], [4, 5], [4, 6], [5, 5]]
  351,  [[0, 0], [0, 0], [0, 6], [3, 3], [4, 5], [4, 7], [5, 5], [5, 5]]
  352,  [[0, 0], [0, 0], [0, 5], [1, 3], [4, 5], [4, 5], [5, 5], [6, 7]]
  353,  [[0, 0], [0, 0], [0, 5], [1, 3], [3, 5], [4, 5], [5, 5], [6, 7]]
  354,  [[0, 1], [0, 3], [0, 4], [2, 3], [4, 5], [5, 5], [5, 6], [5, 7]]
  355,  [[0, 0], [0, 1], [0, 3], [2, 3], [4, 4], [5, 5], [5, 6], [5, 7]]
  356,  [[0, 0], [0, 1], [0, 3], [2, 3], [4, 5], [5, 5], [5, 6], [7, 7]]
  357,  [[0, 1], [0, 3], [0, 5], [2, 3], [4, 5], [4, 5], [5, 6], [7, 7]]
  358,  [[0, 1], [0, 3], [0, 5], [2, 3], [4, 5], [4, 5], [5, 5], [6, 7]]
  359,  [[0, 1], [0, 3], [0, 4], [2, 3], [4, 5], [5, 5], [5, 5], [6, 6]]
  360,  [[0, 0], [0, 1], [0, 3], [2, 3], [4, 5], [4, 6], [5, 5], [5, 5]]
  361,  [[0, 0], [0, 1], [0, 3], [2, 3], [4, 5], [5, 5], [5, 5], [6, 7]]
  362,  [[0, 1], [0, 2], [0, 3], [3, 6], [4, 5], [4, 5], [5, 5], [5, 7]]
  363,  [[0, 0], [0, 1], [0, 2], [3, 5], [3, 5], [4, 5], [4, 6], [5, 7]]
  364,  [[0, 0], [0, 1], [0, 2], [3, 5], [3, 5], [4, 6], [5, 5], [7, 7]]
  365,  [[0, 0], [0, 1], [0, 2], [3, 3], [4, 5], [5, 5], [5, 6], [5, 7]]
  366,  [[0, 0], [0, 1], [0, 2], [3, 3], [4, 5], [4, 5], [5, 6], [7, 7]]
  367,  [[0, 1], [0, 2], [0, 5], [3, 3], [4, 5], [4, 5], [5, 5], [6, 6]]
  368,  [[0, 0], [0, 1], [0, 2], [3, 5], [3, 5], [4, 5], [5, 5], [6, 6]]
  369,  [[0, 0], [0, 1], [0, 2], [3, 3], [4, 5], [5, 5], [5, 5], [6, 6]]
  370,  [[0, 0], [0, 1], [0, 2], [3, 3], [4, 5], [4, 5], [5, 5], [6, 7]]
  371,  [[0, 0], [0, 0], [0, 3], [3, 6], [4, 5], [4, 5], [5, 5], [5, 7]]
  372,  [[0, 0], [0, 1], [0, 3], [4, 5], [4, 5], [5, 5], [5, 6], [7, 7]]
  373,  [[0, 0], [0, 1], [0, 3], [2, 5], [3, 6], [4, 5], [4, 5], [5, 7]]
  374,  [[0, 0], [0, 1], [0, 3], [3, 6], [4, 5], [4, 5], [5, 5], [7, 7]]
  375,  [[0, 0], [0, 0], [0, 1], [2, 5], [3, 5], [4, 6], [5, 5], [5, 7]]
  376,  [[0, 0], [0, 0], [0, 1], [2, 5], [3, 5], [3, 5], [4, 6], [5, 5]]
  377,  [[0, 0], [0, 0], [0, 1], [2, 5], [3, 5], [3, 5], [4, 6], [7, 7]]
  378,  [[0, 0], [0, 0], [0, 1], [3, 5], [3, 6], [4, 5], [5, 5], [5, 7]]
  379,  [[0, 0], [0, 0], [0, 1], [3, 5], [3, 5], [4, 5], [5, 6], [7, 7]]
  380,  [[0, 0], [0, 0], [0, 1], [3, 5], [3, 5], [4, 5], [4, 6], [5, 5]]
  381,  [[0, 0], [0, 0], [0, 1], [3, 5], [3, 5], [4, 5], [4, 6], [7, 7]]
  382,  [[0, 0], [0, 1], [0, 5], [3, 5], [3, 5], [4, 6], [5, 5], [7, 7]]
  383,  [[0, 0], [0, 0], [0, 1], [2, 6], [3, 5], [3, 5], [4, 7], [5, 5]]
  384,  [[0, 0], [0, 0], [0, 1], [3, 5], [3, 5], [4, 6], [4, 7], [5, 5]]
  385,  [[0, 0], [0, 1], [0, 3], [2, 5], [3, 5], [4, 4], [5, 5], [5, 6]]
  386,  [[0, 0], [0, 0], [0, 1], [2, 5], [3, 4], [3, 5], [5, 5], [5, 6]]
  387,  [[0, 0], [0, 0], [0, 1], [2, 5], [3, 3], [4, 4], [5, 5], [5, 6]]
  388,  [[0, 0], [0, 0], [0, 1], [2, 5], [3, 3], [4, 5], [5, 6], [5, 7]]
  389,  [[0, 0], [0, 0], [0, 1], [2, 5], [3, 3], [4, 5], [5, 5], [6, 6]]
  390,  [[0, 0], [0, 1], [0, 5], [2, 5], [3, 3], [4, 5], [4, 5], [6, 6]]
  391,  [[0, 0], [0, 0], [0, 1], [2, 5], [3, 5], [3, 5], [4, 5], [6, 6]]
  392,  [[0, 0], [0, 0], [0, 1], [2, 5], [3, 3], [4, 5], [4, 5], [6, 7]]
  393,  [[0, 0], [0, 1], [0, 3], [3, 5], [4, 4], [5, 5], [5, 6], [5, 7]]
  394,  [[0, 0], [0, 0], [0, 1], [3, 4], [3, 5], [5, 5], [5, 6], [5, 7]]
  395,  [[0, 0], [0, 0], [0, 1], [3, 3], [4, 4], [5, 5], [5, 6], [5, 7]]
  396,  [[0, 0], [0, 0], [0, 1], [3, 3], [4, 5], [5, 5], [5, 6], [7, 7]]
  397,  [[0, 0], [0, 1], [0, 5], [3, 3], [4, 5], [4, 5], [5, 6], [7, 7]]
  398,  [[0, 0], [0, 0], [0, 1], [2, 6], [3, 3], [4, 5], [4, 5], [5, 7]]
  399,  [[0, 0], [0, 1], [0, 5], [2, 6], [3, 3], [4, 5], [4, 5], [5, 5]]
  400,  [[0, 0], [0, 1], [0, 5], [3, 3], [4, 5], [4, 5], [5, 5], [6, 7]]
  401,  [[0, 0], [0, 0], [0, 1], [2, 6], [3, 5], [3, 5], [4, 5], [5, 5]]
  402,  [[0, 0], [0, 0], [0, 1], [2, 6], [3, 3], [4, 5], [5, 5], [5, 5]]
  403,  [[0, 0], [0, 0], [0, 1], [3, 5], [3, 5], [4, 5], [5, 5], [6, 7]]
  404,  [[0, 0], [0, 0], [0, 1], [3, 3], [4, 5], [5, 5], [5, 5], [6, 7]]
  405,  [[0, 0], [0, 1], [0, 3], [2, 4], [3, 5], [5, 5], [5, 6], [7, 7]]
  406,  [[0, 0], [0, 1], [0, 5], [2, 3], [4, 4], [5, 5], [5, 6], [5, 7]]
  407,  [[0, 0], [0, 0], [0, 1], [2, 3], [3, 4], [5, 5], [5, 6], [5, 7]]
  408,  [[0, 0], [0, 1], [0, 5], [2, 3], [4, 5], [5, 5], [5, 6], [7, 7]]
  409,  [[0, 0], [0, 0], [0, 1], [2, 3], [3, 6], [4, 5], [5, 5], [5, 7]]
  410,  [[0, 0], [0, 0], [0, 1], [2, 3], [4, 5], [4, 6], [5, 5], [5, 7]]
  411,  [[0, 0], [0, 0], [0, 5], [1, 3], [4, 5], [4, 5], [5, 6], [7, 7]]
  412,  [[0, 0], [0, 1], [0, 5], [2, 3], [4, 5], [4, 5], [6, 6], [7, 7]]
  413,  [[0, 0], [0, 1], [0, 5], [2, 3], [3, 6], [4, 5], [4, 5], [5, 7]]
  414,  [[0, 0], [0, 1], [0, 3], [2, 4], [3, 5], [4, 6], [5, 5], [5, 5]]
  415,  [[0, 0], [0, 1], [0, 3], [2, 4], [3, 5], [5, 5], [5, 5], [6, 7]]
  416,  [[0, 1], [0, 3], [0, 3], [2, 4], [4, 5], [5, 5], [5, 6], [5, 7]]
  417,  [[0, 0], [0, 1], [0, 3], [2, 4], [4, 5], [5, 5], [5, 6], [7, 7]]
  418,  [[0, 1], [0, 3], [0, 5], [2, 4], [3, 5], [4, 5], [5, 6], [7, 7]]
  419,  [[0, 1], [0, 3], [0, 5], [2, 4], [3, 5], [4, 5], [5, 5], [6, 7]]
  420,  [[0, 1], [0, 3], [0, 3], [2, 4], [4, 5], [5, 5], [5, 5], [6, 6]]
  421,  [[0, 0], [0, 1], [0, 3], [2, 4], [3, 6], [4, 5], [5, 5], [5, 5]]
  422,  [[0, 0], [0, 1], [0, 3], [2, 4], [4, 5], [5, 5], [5, 5], [6, 7]]
  423,  [[0, 0], [0, 1], [0, 3], [3, 5], [4, 4], [5, 5], [5, 5], [6, 6]]
  424,  [[0, 1], [0, 3], [0, 5], [2, 4], [3, 6], [4, 5], [5, 5], [5, 7]]
  425,  [[0, 0], [0, 1], [0, 5], [2, 3], [3, 5], [4, 5], [4, 6], [5, 7]]
  426,  [[0, 0], [0, 1], [0, 5], [2, 3], [3, 5], [4, 6], [5, 5], [7, 7]]
  427,  [[0, 0], [0, 1], [0, 5], [2, 3], [3, 5], [4, 4], [5, 6], [7, 7]]
  428,  [[0, 1], [0, 5], [0, 5], [2, 3], [3, 5], [4, 4], [5, 5], [6, 6]]
  429,  [[0, 0], [0, 1], [0, 5], [2, 3], [4, 4], [5, 5], [5, 5], [6, 6]]
  430,  [[0, 0], [0, 1], [0, 5], [2, 3], [3, 5], [4, 4], [5, 5], [6, 7]]
  431,  [[0, 0], [0, 1], [0, 3], [2, 3], [4, 6], [5, 5], [5, 5], [5, 7]]
  432,  [[0, 0], [0, 1], [0, 2], [3, 3], [4, 4], [5, 5], [5, 5], [5, 6]]
  433,  [[0, 0], [0, 0], [0, 1], [3, 3], [4, 6], [5, 5], [5, 5], [5, 7]]
  434,  [[0, 0], [0, 1], [0, 3], [2, 4], [3, 4], [5, 5], [5, 5], [5, 6]]
  435,  [[0, 0], [0, 0], [0, 1], [2, 3], [3, 4], [4, 5], [5, 5], [5, 6]]
  436,  [[0, 0], [0, 1], [0, 3], [2, 4], [3, 6], [5, 5], [5, 5], [5, 7]]
  437,  [[0, 0], [0, 0], [0, 3], [1, 4], [3, 6], [4, 5], [5, 5], [5, 7]]
  438,  [[0, 0], [0, 0], [0, 5], [1, 3], [3, 5], [4, 5], [5, 6], [7, 7]]
  439,  [[0, 0], [0, 1], [0, 5], [2, 3], [3, 5], [4, 5], [6, 6], [7, 7]]
  440,  [[0, 0], [0, 0], [0, 1], [3, 3], [4, 5], [4, 6], [5, 5], [5, 5]]
  441,  [[0, 1], [0, 2], [0, 6], [3, 5], [3, 5], [4, 5], [4, 5], [7, 7]]
  442,  [[0, 1], [0, 2], [0, 6], [3, 5], [3, 5], [4, 5], [4, 7], [5, 5]]
  443,  [[0, 1], [0, 2], [0, 6], [3, 4], [3, 5], [5, 5], [5, 5], [7, 7]]
  444,  [[0, 1], [0, 2], [0, 6], [3, 3], [4, 5], [4, 7], [5, 5], [5, 5]]
  445,  [[0, 1], [0, 3], [0, 6], [2, 5], [3, 5], [4, 4], [5, 5], [7, 7]]
  446,  [[0, 1], [0, 3], [0, 6], [2, 5], [3, 4], [4, 5], [5, 5], [5, 7]]
  447,  [[0, 0], [0, 1], [0, 6], [2, 5], [3, 4], [3, 5], [4, 5], [5, 7]]
  448,  [[0, 0], [0, 1], [0, 6], [2, 5], [3, 4], [3, 5], [5, 5], [7, 7]]
  449,  [[0, 1], [0, 5], [0, 6], [2, 5], [3, 3], [4, 4], [5, 5], [5, 7]]
  450,  [[0, 0], [0, 1], [0, 6], [2, 5], [3, 3], [4, 4], [5, 5], [5, 5]]
  451,  [[0, 1], [0, 5], [0, 6], [2, 5], [3, 3], [4, 5], [5, 5], [7, 7]]
  452,  [[0, 0], [0, 1], [0, 6], [2, 5], [3, 5], [4, 5], [5, 5], [7, 7]]
  453,  [[0, 0], [0, 1], [0, 6], [2, 5], [3, 3], [4, 5], [4, 7], [5, 5]]
  454,  [[0, 1], [0, 3], [0, 6], [2, 5], [3, 7], [4, 5], [4, 5], [5, 5]]
  455,  [[0, 0], [0, 1], [0, 6], [2, 5], [3, 5], [3, 5], [4, 5], [4, 7]]
  456,  [[0, 1], [0, 3], [0, 6], [2, 5], [3, 5], [4, 5], [4, 5], [7, 7]]
  457,  [[0, 0], [0, 3], [0, 6], [3, 5], [4, 5], [4, 5], [5, 5], [7, 7]]
  458,  [[0, 0], [0, 1], [0, 3], [3, 5], [4, 5], [4, 5], [5, 5], [6, 6]]
  459,  [[0, 1], [0, 3], [0, 6], [2, 7], [3, 5], [4, 5], [4, 5], [5, 5]]
  460,  [[0, 0], [0, 0], [0, 6], [3, 5], [3, 5], [4, 5], [4, 5], [7, 7]]
  461,  [[0, 0], [0, 0], [0, 1], [3, 5], [3, 5], [4, 5], [4, 5], [6, 6]]
  462,  [[0, 0], [0, 1], [0, 6], [2, 7], [3, 5], [3, 5], [4, 5], [4, 5]]
  463,  [[0, 0], [0, 0], [0, 6], [3, 5], [3, 5], [4, 5], [4, 7], [5, 5]]
  464,  [[0, 1], [0, 3], [0, 6], [2, 7], [3, 5], [4, 4], [5, 5], [5, 5]]
  465,  [[0, 1], [0, 3], [0, 6], [3, 4], [4, 5], [5, 5], [5, 5], [7, 7]]
  466,  [[0, 0], [0, 1], [0, 6], [3, 4], [3, 5], [4, 5], [5, 5], [7, 7]]
  467,  [[0, 0], [0, 1], [0, 6], [2, 7], [3, 4], [3, 5], [5, 5], [5, 5]]
  468,  [[0, 0], [0, 1], [0, 6], [3, 4], [3, 5], [4, 7], [5, 5], [5, 5]]
  469,  [[0, 1], [0, 5], [0, 6], [3, 3], [4, 4], [5, 5], [5, 5], [7, 7]]
  470,  [[0, 1], [0, 5], [0, 6], [2, 3], [3, 4], [5, 5], [5, 5], [7, 7]]
  471,  [[0, 1], [0, 5], [0, 6], [2, 3], [3, 7], [4, 4], [5, 5], [5, 5]]
  472,  [[0, 1], [0, 5], [0, 6], [2, 3], [3, 4], [4, 5], [5, 5], [5, 7]]
  473,  [[0, 0], [0, 1], [0, 6], [2, 3], [3, 4], [4, 5], [5, 5], [5, 5]]
  474,  [[0, 0], [0, 3], [0, 4], [1, 3], [2, 5], [4, 5], [5, 5], [5, 6]]
  475,  [[0, 0], [0, 0], [0, 3], [1, 3], [2, 5], [4, 4], [5, 5], [5, 6]]
  476,  [[0, 0], [0, 0], [0, 3], [1, 3], [2, 5], [4, 5], [5, 6], [5, 7]]
  477,  [[0, 0], [0, 0], [0, 3], [1, 3], [2, 5], [4, 5], [5, 5], [6, 6]]
  478,  [[0, 0], [0, 3], [0, 5], [1, 3], [2, 5], [4, 5], [4, 5], [6, 6]]
  479,  [[0, 0], [0, 0], [0, 3], [1, 3], [2, 5], [4, 5], [4, 5], [6, 7]]
  480,  [[0, 0], [0, 3], [0, 4], [1, 3], [4, 5], [5, 5], [5, 6], [5, 7]]
  481,  [[0, 0], [0, 0], [0, 3], [1, 3], [4, 4], [5, 5], [5, 6], [5, 7]]
  482,  [[0, 0], [0, 0], [0, 3], [1, 3], [4, 5], [5, 5], [5, 6], [7, 7]]
  483,  [[0, 0], [0, 3], [0, 5], [1, 3], [4, 5], [4, 5], [5, 6], [7, 7]]
  484,  [[0, 0], [0, 0], [0, 3], [1, 3], [2, 6], [4, 5], [4, 5], [5, 7]]
  485,  [[0, 0], [0, 3], [0, 5], [1, 3], [2, 6], [4, 5], [4, 5], [5, 5]]
  486,  [[0, 0], [0, 3], [0, 5], [1, 3], [4, 5], [4, 5], [5, 5], [6, 7]]
  487,  [[0, 0], [0, 0], [0, 3], [1, 3], [2, 6], [4, 5], [5, 5], [5, 5]]
  488,  [[0, 0], [0, 0], [0, 3], [1, 3], [4, 5], [5, 5], [5, 5], [6, 7]]
  489,  [[0, 3], [0, 4], [0, 6], [1, 3], [2, 5], [4, 5], [5, 5], [7, 7]]
  490,  [[0, 3], [0, 5], [0, 6], [1, 3], [2, 5], [4, 4], [5, 5], [5, 7]]
  491,  [[0, 0], [0, 3], [0, 6], [1, 3], [2, 5], [4, 4], [5, 5], [5, 5]]
  492,  [[0, 3], [0, 5], [0, 6], [1, 3], [2, 5], [4, 5], [5, 5], [7, 7]]
  493,  [[0, 0], [0, 3], [0, 6], [1, 3], [2, 5], [4, 5], [4, 7], [5, 5]]
  494,  [[0, 0], [0, 3], [0, 4], [1, 3], [4, 5], [5, 5], [5, 5], [6, 6]]
  495,  [[0, 3], [0, 4], [0, 6], [1, 3], [2, 7], [4, 5], [5, 5], [5, 5]]
  496,  [[0, 0], [0, 0], [0, 3], [1, 3], [4, 5], [4, 6], [5, 5], [5, 5]]
  497,  [[0, 0], [0, 0], [0, 3], [1, 5], [3, 5], [4, 4], [5, 5], [5, 6]]
  498,  [[0, 0], [0, 3], [0, 6], [1, 5], [2, 5], [3, 5], [4, 4], [5, 7]]
  499,  [[0, 0], [0, 3], [0, 6], [1, 5], [3, 5], [4, 4], [5, 5], [7, 7]]
  500,  [[0, 0], [0, 3], [0, 6], [1, 5], [3, 4], [4, 5], [5, 5], [5, 7]]
  501,  [[0, 0], [0, 0], [0, 6], [1, 5], [2, 5], [3, 4], [3, 5], [5, 7]]
  502,  [[0, 0], [0, 0], [0, 6], [1, 5], [3, 4], [3, 5], [4, 5], [5, 7]]
  503,  [[0, 0], [0, 0], [0, 6], [1, 5], [3, 4], [3, 5], [5, 5], [7, 7]]
  504,  [[0, 0], [0, 5], [0, 6], [1, 5], [3, 3], [4, 4], [5, 5], [5, 7]]
  505,  [[0, 0], [0, 0], [0, 6], [1, 5], [2, 5], [3, 3], [4, 4], [5, 7]]
  506,  [[0, 0], [0, 0], [0, 6], [1, 5], [3, 3], [4, 4], [5, 5], [5, 5]]
  507,  [[0, 0], [0, 0], [0, 6], [1, 5], [2, 5], [3, 3], [4, 5], [5, 5]]
  508,  [[0, 0], [0, 0], [0, 6], [1, 5], [2, 5], [3, 3], [4, 5], [7, 7]]
  509,  [[0, 0], [0, 5], [0, 6], [1, 5], [3, 3], [4, 5], [5, 5], [7, 7]]
  510,  [[0, 0], [0, 0], [0, 6], [1, 5], [2, 7], [3, 3], [4, 5], [5, 5]]
  511,  [[0, 0], [0, 0], [0, 6], [1, 5], [3, 3], [4, 5], [4, 7], [5, 5]]
  512,  [[0, 0], [0, 6], [0, 7], [1, 5], [2, 5], [3, 3], [4, 5], [4, 5]]
  513,  [[0, 0], [0, 3], [0, 6], [1, 5], [3, 7], [4, 5], [4, 5], [5, 5]]
  514,  [[0, 0], [0, 0], [0, 6], [1, 5], [2, 5], [3, 5], [3, 5], [4, 7]]
  515,  [[0, 0], [0, 0], [0, 6], [1, 5], [3, 5], [3, 5], [4, 5], [4, 7]]
  516,  [[0, 0], [0, 0], [0, 5], [1, 5], [3, 3], [4, 5], [4, 5], [6, 6]]
  517,  [[0, 0], [0, 5], [0, 6], [1, 5], [2, 7], [3, 3], [4, 5], [4, 5]]
  518,  [[0, 0], [0, 3], [0, 6], [1, 5], [3, 5], [4, 5], [4, 5], [7, 7]]
  519,  [[0, 0], [0, 0], [0, 6], [1, 5], [2, 7], [3, 5], [3, 5], [4, 5]]
  520,  [[0, 0], [0, 0], [0, 5], [1, 6], [3, 3], [4, 5], [4, 5], [5, 5]]
  521,  [[0, 0], [0, 3], [0, 6], [1, 7], [3, 5], [4, 5], [4, 5], [5, 5]]
  522,  [[0, 0], [0, 0], [0, 6], [1, 7], [3, 5], [3, 5], [4, 5], [4, 5]]
  523,  [[0, 0], [0, 3], [0, 6], [1, 7], [3, 5], [4, 4], [5, 5], [5, 5]]
  524,  [[0, 0], [0, 0], [0, 6], [1, 7], [3, 4], [3, 5], [5, 5], [5, 5]]
  525,  [[0, 0], [0, 0], [0, 3], [1, 4], [2, 5], [3, 5], [5, 6], [5, 7]]
  526,  [[0, 0], [0, 0], [0, 3], [1, 4], [2, 5], [3, 5], [5, 5], [6, 6]]
  527,  [[0, 3], [0, 5], [0, 6], [1, 4], [2, 5], [3, 5], [5, 5], [7, 7]]
  528,  [[0, 0], [0, 3], [0, 6], [1, 4], [2, 5], [5, 5], [5, 5], [7, 7]]
  529,  [[0, 0], [0, 3], [0, 6], [1, 4], [2, 5], [3, 5], [4, 7], [5, 5]]
  530,  [[0, 0], [0, 0], [0, 5], [1, 3], [2, 5], [4, 4], [5, 5], [5, 6]]
  531,  [[0, 0], [0, 5], [0, 6], [1, 3], [2, 5], [3, 4], [5, 5], [5, 7]]
  532,  [[0, 0], [0, 5], [0, 6], [1, 3], [2, 5], [4, 4], [5, 5], [7, 7]]
  533,  [[0, 0], [0, 3], [0, 6], [1, 4], [2, 5], [3, 4], [5, 5], [5, 7]]
  534,  [[0, 0], [0, 0], [0, 6], [1, 3], [2, 5], [3, 4], [4, 5], [5, 7]]
  535,  [[0, 0], [0, 0], [0, 6], [1, 3], [2, 5], [3, 4], [5, 5], [5, 5]]
  536,  [[0, 0], [0, 6], [0, 7], [1, 3], [2, 5], [4, 4], [5, 5], [5, 5]]
  537,  [[0, 0], [0, 0], [0, 6], [1, 3], [2, 5], [4, 7], [5, 5], [5, 5]]
  538,  [[0, 0], [0, 5], [0, 6], [1, 3], [2, 5], [3, 7], [4, 5], [5, 5]]
  539,  [[0, 0], [0, 5], [0, 6], [1, 3], [2, 5], [4, 5], [4, 7], [5, 5]]
  540,  [[0, 0], [0, 0], [0, 5], [1, 3], [2, 5], [3, 6], [4, 5], [4, 5]]
  541,  [[0, 0], [0, 0], [0, 5], [1, 3], [2, 5], [4, 5], [4, 5], [6, 7]]
  542,  [[0, 0], [0, 0], [0, 5], [1, 3], [2, 6], [4, 5], [4, 5], [5, 7]]
  543,  [[0, 0], [0, 0], [0, 5], [1, 3], [3, 6], [4, 5], [4, 5], [5, 7]]
  544,  [[0, 0], [0, 0], [0, 3], [1, 4], [2, 6], [3, 5], [5, 5], [5, 5]]
  545,  [[0, 0], [0, 0], [0, 3], [1, 4], [3, 5], [4, 6], [5, 5], [5, 5]]
  546,  [[0, 0], [0, 3], [0, 3], [1, 4], [2, 5], [4, 5], [5, 5], [5, 6]]
  547,  [[0, 0], [0, 0], [0, 3], [1, 4], [2, 5], [4, 5], [5, 6], [5, 7]]
  548,  [[0, 0], [0, 0], [0, 3], [1, 4], [2, 5], [4, 5], [5, 5], [6, 6]]
  549,  [[0, 0], [0, 3], [0, 5], [1, 4], [2, 5], [3, 5], [4, 5], [6, 6]]
  550,  [[0, 0], [0, 0], [0, 3], [1, 4], [2, 5], [3, 5], [4, 5], [6, 7]]
  551,  [[0, 0], [0, 3], [0, 3], [1, 4], [4, 5], [5, 5], [5, 6], [5, 7]]
  552,  [[0, 0], [0, 0], [0, 3], [1, 4], [4, 5], [5, 5], [5, 6], [7, 7]]
  553,  [[0, 0], [0, 0], [0, 3], [3, 5], [4, 4], [5, 5], [5, 6], [5, 7]]
  554,  [[0, 0], [0, 0], [0, 3], [1, 4], [3, 5], [5, 5], [5, 6], [7, 7]]
  555,  [[0, 0], [0, 3], [0, 5], [1, 4], [3, 5], [4, 5], [5, 6], [7, 7]]
  556,  [[0, 0], [0, 0], [0, 3], [1, 4], [2, 6], [3, 5], [4, 5], [5, 7]]
  557,  [[0, 0], [0, 3], [0, 5], [1, 4], [2, 6], [3, 5], [4, 5], [5, 5]]
  558,  [[0, 0], [0, 3], [0, 5], [1, 4], [3, 5], [4, 5], [5, 5], [6, 7]]
  559,  [[0, 0], [0, 0], [0, 3], [1, 4], [2, 6], [4, 5], [5, 5], [5, 5]]
  560,  [[0, 0], [0, 0], [0, 3], [1, 4], [4, 5], [5, 5], [5, 5], [6, 7]]
  561,  [[0, 0], [0, 0], [0, 3], [1, 4], [3, 5], [5, 5], [5, 5], [6, 7]]
  562,  [[0, 3], [0, 3], [0, 6], [1, 4], [2, 5], [4, 5], [5, 5], [7, 7]]
  563,  [[0, 3], [0, 5], [0, 6], [1, 4], [2, 5], [4, 5], [5, 5], [7, 7]]
  564,  [[0, 0], [0, 3], [0, 6], [1, 4], [2, 5], [3, 7], [4, 5], [5, 5]]
  565,  [[0, 0], [0, 3], [0, 3], [1, 4], [4, 5], [5, 5], [5, 5], [6, 6]]
  566,  [[0, 3], [0, 3], [0, 6], [1, 4], [2, 7], [4, 5], [5, 5], [5, 5]]
  567,  [[0, 0], [0, 0], [0, 3], [1, 4], [3, 6], [4, 5], [5, 5], [5, 5]]
  568,  [[0, 0], [0, 3], [0, 5], [1, 3], [2, 4], [4, 5], [5, 5], [5, 6]]
  569,  [[0, 0], [0, 0], [0, 5], [1, 3], [2, 4], [3, 5], [4, 5], [5, 6]]
  570,  [[0, 0], [0, 0], [0, 5], [1, 3], [2, 4], [3, 5], [5, 6], [5, 7]]
  571,  [[0, 0], [0, 0], [0, 5], [1, 3], [2, 4], [3, 5], [5, 5], [6, 6]]
  572,  [[0, 0], [0, 3], [0, 5], [1, 4], [3, 6], [4, 5], [5, 5], [5, 7]]
  573,  [[0, 0], [0, 0], [0, 5], [1, 3], [2, 5], [3, 5], [4, 6], [5, 7]]
  574,  [[0, 0], [0, 0], [0, 5], [1, 3], [3, 5], [4, 5], [4, 6], [5, 7]]
  575,  [[0, 0], [0, 0], [0, 5], [1, 3], [3, 5], [4, 6], [5, 5], [7, 7]]
  576,  [[0, 0], [0, 0], [0, 5], [1, 3], [2, 5], [3, 5], [4, 4], [5, 5]]
  577,  [[0, 0], [0, 0], [0, 5], [1, 3], [2, 5], [3, 5], [4, 4], [6, 6]]
  578,  [[0, 0], [0, 0], [0, 5], [1, 3], [4, 4], [5, 5], [5, 6], [5, 7]]
  579,  [[0, 0], [0, 0], [0, 5], [1, 3], [3, 5], [4, 4], [5, 6], [7, 7]]
  580,  [[0, 0], [0, 5], [0, 5], [1, 3], [3, 5], [4, 4], [5, 5], [6, 6]]
  581,  [[0, 0], [0, 0], [0, 5], [1, 3], [2, 6], [3, 5], [4, 4], [5, 5]]
  582,  [[0, 0], [0, 0], [0, 5], [1, 3], [3, 5], [4, 4], [5, 5], [6, 7]]
  583,  [[0, 3], [0, 5], [0, 6], [1, 3], [2, 4], [4, 5], [5, 5], [7, 7]]
  584,  [[0, 0], [0, 5], [0, 6], [1, 3], [2, 4], [3, 5], [4, 5], [5, 5]]
  585,  [[0, 0], [0, 5], [0, 6], [1, 3], [2, 4], [3, 5], [4, 5], [7, 7]]
  586,  [[0, 5], [0, 5], [0, 6], [1, 3], [2, 4], [3, 5], [5, 5], [7, 7]]
  587,  [[0, 0], [0, 5], [0, 6], [1, 3], [2, 4], [5, 5], [5, 5], [7, 7]]
  588,  [[0, 0], [0, 5], [0, 6], [1, 3], [2, 4], [3, 5], [4, 7], [5, 5]]
  589,  [[0, 5], [0, 6], [0, 7], [1, 3], [2, 5], [3, 5], [4, 4], [5, 5]]
  590,  [[0, 0], [0, 5], [0, 6], [1, 3], [2, 5], [3, 5], [4, 7], [5, 5]]
  591,  [[0, 5], [0, 5], [0, 6], [1, 3], [2, 5], [3, 5], [4, 4], [7, 7]]
  592,  [[0, 5], [0, 5], [0, 6], [1, 3], [2, 7], [3, 5], [4, 4], [5, 5]]
  593,  [[0, 3], [0, 5], [0, 6], [1, 3], [4, 4], [5, 5], [5, 5], [7, 7]]
  594,  [[0, 0], [0, 5], [0, 6], [3, 3], [4, 4], [5, 5], [5, 5], [7, 7]]
  595,  [[0, 0], [0, 5], [0, 6], [1, 3], [3, 4], [5, 5], [5, 5], [7, 7]]
  596,  [[0, 0], [0, 5], [0, 6], [1, 3], [2, 7], [4, 4], [5, 5], [5, 5]]
  597,  [[0, 0], [0, 5], [0, 6], [1, 3], [3, 7], [4, 4], [5, 5], [5, 5]]
  598,  [[0, 0], [0, 0], [0, 3], [1, 3], [2, 4], [5, 5], [5, 5], [5, 6]]
  599,  [[0, 0], [0, 0], [0, 3], [1, 3], [4, 6], [5, 5], [5, 5], [5, 7]]
  600,  [[0, 3], [0, 4], [0, 6], [1, 3], [2, 4], [5, 5], [5, 5], [5, 7]]
  601,  [[0, 0], [0, 0], [0, 3], [1, 4], [3, 4], [5, 5], [5, 5], [5, 6]]
  602,  [[0, 0], [0, 5], [0, 6], [1, 3], [3, 4], [4, 5], [5, 5], [5, 7]]
  603,  [[0, 0], [0, 0], [0, 6], [1, 3], [3, 4], [4, 5], [5, 5], [5, 5]]
  604,  [[0, 0], [0, 0], [0, 3], [1, 3], [2, 4], [4, 5], [5, 6], [5, 7]]
  605,  [[0, 0], [0, 0], [0, 3], [1, 3], [2, 4], [4, 5], [5, 5], [5, 5]]
  606,  [[0, 3], [0, 6], [0, 7], [1, 3], [2, 4], [4, 5], [5, 5], [5, 5]]
  607,  [[0, 0], [0, 6], [0, 7], [1, 3], [2, 4], [3, 5], [4, 5], [5, 5]]
  608,  [[0, 0], [0, 0], [0, 5], [1, 3], [2, 5], [3, 5], [4, 5], [4, 6]]
  609,  [[0, 0], [0, 0], [0, 5], [1, 3], [2, 5], [3, 5], [4, 5], [6, 7]]
  610,  [[0, 0], [0, 0], [0, 5], [1, 3], [2, 6], [3, 5], [4, 5], [5, 7]]
  611,  [[0, 0], [0, 0], [0, 5], [3, 3], [4, 5], [4, 5], [5, 5], [6, 7]]
  612,  [[0, 1], [0, 3], [0, 4], [2, 3], [4, 5], [5, 5], [5, 6], [7, 7]]
  613,  [[0, 1], [0, 3], [0, 5], [2, 3], [4, 4], [5, 5], [5, 6], [5, 7]]
  614,  [[0, 1], [0, 3], [0, 5], [2, 3], [4, 5], [5, 5], [5, 6], [7, 7]]
  615,  [[0, 0], [0, 1], [0, 3], [2, 3], [4, 5], [4, 6], [5, 5], [5, 7]]
  616,  [[0, 1], [0, 3], [0, 5], [2, 3], [4, 5], [4, 5], [6, 6], [7, 7]]
  617,  [[0, 1], [0, 3], [0, 4], [2, 3], [4, 5], [5, 5], [5, 5], [6, 7]]
  618,  [[0, 1], [0, 2], [0, 3], [4, 5], [4, 5], [5, 5], [5, 6], [7, 7]]
  619,  [[0, 1], [0, 2], [0, 3], [3, 6], [4, 5], [4, 5], [5, 5], [7, 7]]
  620,  [[0, 0], [0, 1], [0, 2], [3, 5], [3, 6], [4, 5], [5, 5], [5, 7]]
  621,  [[0, 0], [0, 1], [0, 2], [3, 5], [3, 5], [4, 5], [5, 6], [7, 7]]
  622,  [[0, 0], [0, 1], [0, 2], [3, 5], [3, 5], [4, 5], [4, 6], [5, 5]]
  623,  [[0, 0], [0, 1], [0, 2], [3, 5], [3, 5], [4, 5], [4, 6], [7, 7]]
  624,  [[0, 1], [0, 2], [0, 5], [3, 5], [3, 5], [4, 6], [5, 5], [7, 7]]
  625,  [[0, 0], [0, 1], [0, 2], [3, 5], [4, 6], [5, 5], [5, 5], [7, 7]]
  626,  [[0, 0], [0, 1], [0, 2], [3, 5], [3, 5], [4, 6], [4, 7], [5, 5]]
  627,  [[0, 1], [0, 2], [0, 3], [3, 5], [4, 4], [5, 5], [5, 6], [5, 7]]
  628,  [[0, 0], [0, 1], [0, 2], [3, 4], [3, 5], [5, 5], [5, 6], [5, 7]]
  629,  [[0, 0], [0, 1], [0, 2], [3, 3], [4, 4], [5, 5], [5, 6], [5, 7]]
  630,  [[0, 0], [0, 1], [0, 2], [3, 3], [4, 5], [5, 5], [5, 6], [7, 7]]
  631,  [[0, 1], [0, 2], [0, 5], [3, 3], [4, 5], [4, 5], [5, 6], [7, 7]]
  632,  [[0, 1], [0, 2], [0, 5], [3, 3], [4, 5], [4, 5], [5, 5], [6, 7]]
  633,  [[0, 1], [0, 2], [0, 3], [3, 5], [4, 5], [4, 5], [5, 5], [6, 6]]
  634,  [[0, 0], [0, 1], [0, 2], [3, 5], [3, 5], [4, 5], [4, 5], [6, 6]]
  635,  [[0, 0], [0, 1], [0, 2], [3, 5], [3, 5], [4, 5], [5, 5], [6, 7]]
  636,  [[0, 1], [0, 2], [0, 3], [3, 5], [4, 4], [5, 5], [5, 5], [6, 6]]
  637,  [[0, 0], [0, 1], [0, 2], [3, 4], [3, 5], [5, 5], [5, 5], [6, 6]]
  638,  [[0, 0], [0, 1], [0, 2], [3, 3], [4, 5], [4, 6], [5, 5], [5, 5]]
  639,  [[0, 0], [0, 1], [0, 2], [3, 3], [4, 5], [5, 5], [5, 5], [6, 7]]
  640,  [[0, 0], [0, 0], [0, 3], [1, 5], [3, 6], [4, 5], [4, 5], [5, 7]]
  641,  [[0, 0], [0, 0], [0, 3], [3, 6], [4, 5], [4, 5], [5, 5], [7, 7]]
  642,  [[0, 1], [0, 3], [0, 3], [4, 5], [4, 5], [5, 5], [5, 6], [7, 7]]
  643,  [[0, 0], [0, 1], [0, 3], [2, 5], [4, 5], [4, 5], [5, 6], [7, 7]]
  644,  [[0, 0], [0, 1], [0, 3], [3, 5], [4, 5], [4, 5], [5, 6], [7, 7]]
  645,  [[0, 0], [0, 1], [0, 3], [4, 5], [4, 5], [5, 5], [6, 6], [7, 7]]
  646,  [[0, 0], [0, 1], [0, 3], [2, 6], [4, 5], [4, 5], [5, 5], [5, 7]]
  647,  [[0, 0], [0, 1], [0, 3], [2, 5], [3, 6], [4, 5], [5, 5], [5, 7]]
  648,  [[0, 0], [0, 1], [0, 3], [2, 5], [3, 6], [4, 5], [4, 5], [5, 5]]
  649,  [[0, 0], [0, 1], [0, 3], [2, 5], [3, 6], [4, 5], [4, 5], [7, 7]]
  650,  [[0, 1], [0, 3], [0, 5], [3, 6], [4, 5], [4, 5], [5, 5], [7, 7]]
  651,  [[0, 0], [0, 1], [0, 3], [3, 6], [4, 5], [5, 5], [5, 5], [7, 7]]
  652,  [[0, 0], [0, 1], [0, 3], [2, 6], [3, 7], [4, 5], [4, 5], [5, 5]]
  653,  [[0, 0], [0, 1], [0, 3], [2, 5], [3, 5], [4, 6], [5, 5], [5, 7]]
  654,  [[0, 0], [0, 0], [0, 1], [2, 5], [3, 3], [4, 6], [5, 5], [5, 7]]
  655,  [[0, 0], [0, 0], [0, 1], [2, 5], [3, 5], [3, 6], [4, 5], [5, 7]]
  656,  [[0, 0], [0, 0], [0, 1], [2, 5], [3, 5], [4, 6], [5, 5], [7, 7]]
  657,  [[0, 0], [0, 0], [0, 1], [2, 5], [3, 5], [3, 5], [4, 5], [4, 6]]
  658,  [[0, 0], [0, 1], [0, 5], [2, 5], [3, 5], [3, 5], [4, 6], [7, 7]]
  659,  [[0, 0], [0, 0], [0, 1], [2, 5], [3, 5], [3, 5], [4, 6], [4, 7]]
  660,  [[0, 0], [0, 1], [0, 3], [3, 5], [4, 5], [4, 6], [5, 5], [5, 7]]
  661,  [[0, 0], [0, 0], [0, 1], [3, 3], [4, 5], [4, 6], [5, 5], [5, 7]]
  662,  [[0, 0], [0, 0], [0, 1], [3, 5], [3, 6], [4, 5], [5, 5], [7, 7]]
  663,  [[0, 0], [0, 0], [0, 1], [2, 6], [3, 5], [3, 5], [4, 5], [5, 7]]
  664,  [[0, 0], [0, 1], [0, 5], [3, 5], [3, 5], [4, 5], [4, 6], [7, 7]]
  665,  [[0, 0], [0, 0], [0, 1], [2, 6], [3, 5], [3, 5], [4, 5], [4, 7]]
  666,  [[0, 0], [0, 1], [0, 5], [2, 6], [3, 5], [3, 5], [4, 7], [5, 5]]
  667,  [[0, 0], [0, 1], [0, 5], [3, 5], [3, 5], [4, 6], [4, 7], [5, 5]]
  668,  [[0, 0], [0, 0], [0, 1], [2, 6], [3, 5], [4, 7], [5, 5], [5, 5]]
  669,  [[0, 0], [0, 0], [0, 1], [3, 5], [4, 6], [4, 7], [5, 5], [5, 5]]
  670,  [[0, 0], [0, 1], [0, 3], [2, 5], [3, 5], [4, 4], [5, 6], [5, 7]]
  671,  [[0, 0], [0, 1], [0, 3], [2, 5], [3, 5], [4, 4], [5, 5], [6, 6]]
  672,  [[0, 0], [0, 1], [0, 3], [2, 5], [3, 4], [4, 5], [5, 5], [5, 6]]
  673,  [[0, 0], [0, 0], [0, 1], [2, 5], [3, 4], [3, 5], [4, 5], [5, 6]]
  674,  [[0, 0], [0, 0], [0, 1], [2, 5], [3, 4], [3, 5], [5, 6], [5, 7]]
  675,  [[0, 0], [0, 0], [0, 1], [2, 5], [3, 4], [3, 5], [5, 5], [6, 6]]
  676,  [[0, 0], [0, 1], [0, 5], [2, 5], [3, 3], [4, 4], [5, 5], [5, 6]]
  677,  [[0, 0], [0, 0], [0, 1], [2, 5], [3, 3], [4, 4], [5, 6], [5, 7]]
  678,  [[0, 0], [0, 0], [0, 1], [2, 5], [3, 3], [4, 4], [5, 5], [5, 5]]
  679,  [[0, 0], [0, 0], [0, 1], [2, 5], [3, 3], [4, 5], [5, 6], [7, 7]]
  680,  [[0, 0], [0, 1], [0, 5], [2, 5], [3, 3], [4, 5], [5, 5], [6, 6]]
  681,  [[0, 0], [0, 0], [0, 1], [2, 5], [3, 3], [4, 5], [4, 6], [5, 5]]
  682,  [[0, 0], [0, 0], [0, 1], [2, 5], [3, 3], [4, 5], [5, 5], [6, 7]]
  683,  [[0, 0], [0, 1], [0, 5], [2, 5], [3, 3], [4, 5], [4, 5], [6, 7]]
  684,  [[0, 0], [0, 1], [0, 3], [2, 5], [3, 5], [4, 5], [4, 5], [6, 6]]
  685,  [[0, 0], [0, 0], [0, 1], [2, 5], [3, 5], [3, 5], [4, 5], [6, 7]]
  686,  [[0, 0], [0, 1], [0, 3], [3, 5], [4, 4], [5, 5], [5, 6], [7, 7]]
  687,  [[0, 0], [0, 1], [0, 3], [3, 4], [4, 5], [5, 5], [5, 6], [5, 7]]
  688,  [[0, 0], [0, 0], [0, 1], [3, 4], [3, 5], [4, 5], [5, 6], [5, 7]]
  689,  [[0, 0], [0, 0], [0, 1], [3, 4], [3, 5], [5, 5], [5, 6], [7, 7]]
  690,  [[0, 0], [0, 1], [0, 5], [3, 3], [4, 4], [5, 5], [5, 6], [5, 7]]
  691,  [[0, 0], [0, 1], [0, 5], [3, 3], [4, 5], [5, 5], [5, 6], [7, 7]]
  692,  [[0, 0], [0, 0], [0, 1], [2, 6], [3, 3], [4, 5], [5, 5], [5, 7]]
  693,  [[0, 0], [0, 0], [0, 5], [3, 3], [4, 5], [4, 5], [5, 6], [7, 7]]
  694,  [[0, 0], [0, 1], [0, 5], [3, 3], [4, 5], [4, 5], [6, 6], [7, 7]]
  695,  [[0, 0], [0, 1], [0, 5], [2, 6], [3, 3], [4, 5], [4, 5], [5, 7]]
  696,  [[0, 0], [0, 1], [0, 3], [2, 6], [3, 5], [4, 5], [4, 5], [5, 5]]
  697,  [[0, 0], [0, 0], [0, 1], [2, 6], [3, 5], [3, 5], [4, 5], [4, 5]]
  698,  [[0, 0], [0, 1], [0, 3], [2, 6], [3, 5], [4, 4], [5, 5], [5, 5]]
  699,  [[0, 0], [0, 0], [0, 1], [2, 6], [3, 4], [3, 5], [5, 5], [5, 5]]
  700,  [[0, 0], [0, 1], [0, 3], [3, 5], [4, 5], [4, 5], [5, 5], [6, 7]]
  701,  [[0, 0], [0, 0], [0, 1], [3, 5], [3, 5], [4, 5], [4, 5], [6, 7]]
  702,  [[0, 0], [0, 1], [0, 3], [3, 5], [4, 4], [5, 5], [5, 5], [6, 7]]
  703,  [[0, 0], [0, 0], [0, 1], [3, 4], [3, 5], [5, 5], [5, 5], [6, 7]]
  704,  [[0, 1], [0, 3], [0, 5], [2, 4], [3, 5], [5, 5], [5, 6], [7, 7]]
  705,  [[0, 0], [0, 1], [0, 3], [2, 4], [5, 5], [5, 5], [5, 6], [7, 7]]
  706,  [[0, 0], [0, 1], [0, 3], [2, 4], [3, 5], [4, 6], [5, 5], [5, 7]]
  707,  [[0, 0], [0, 1], [0, 5], [2, 3], [3, 4], [5, 5], [5, 6], [5, 7]]
  708,  [[0, 0], [0, 1], [0, 5], [2, 3], [4, 4], [5, 5], [5, 6], [7, 7]]
  709,  [[0, 0], [0, 1], [0, 3], [2, 4], [3, 4], [5, 5], [5, 6], [5, 7]]
  710,  [[0, 0], [0, 0], [0, 1], [2, 3], [3, 4], [4, 5], [5, 6], [5, 7]]
  711,  [[0, 0], [0, 1], [0, 5], [2, 3], [4, 5], [5, 5], [6, 6], [7, 7]]
  712,  [[0, 0], [0, 1], [0, 5], [2, 3], [3, 6], [4, 5], [5, 5], [5, 7]]
  713,  [[0, 0], [0, 1], [0, 5], [2, 3], [4, 5], [4, 6], [5, 5], [5, 7]]
  714,  [[0, 1], [0, 5], [0, 5], [2, 3], [4, 5], [4, 5], [6, 6], [7, 7]]
  715,  [[0, 0], [0, 1], [0, 5], [2, 3], [3, 6], [4, 5], [4, 5], [7, 7]]
  716,  [[0, 1], [0, 3], [0, 3], [2, 4], [4, 5], [5, 5], [5, 6], [7, 7]]
  717,  [[0, 1], [0, 3], [0, 5], [2, 4], [4, 5], [5, 5], [5, 6], [7, 7]]
  718,  [[0, 1], [0, 3], [0, 5], [2, 4], [3, 5], [4, 5], [6, 6], [7, 7]]
  719,  [[0, 1], [0, 3], [0, 3], [2, 4], [4, 5], [5, 5], [5, 5], [6, 7]]
  720,  [[0, 0], [0, 1], [0, 3], [3, 5], [4, 6], [5, 5], [5, 5], [7, 7]]
  721,  [[0, 1], [0, 3], [0, 5], [2, 4], [3, 6], [4, 5], [5, 5], [7, 7]]
  722,  [[0, 0], [0, 1], [0, 5], [2, 3], [3, 5], [4, 5], [4, 6], [7, 7]]
  723,  [[0, 1], [0, 5], [0, 5], [2, 3], [3, 5], [4, 6], [5, 5], [7, 7]]
  724,  [[0, 0], [0, 1], [0, 5], [2, 3], [4, 6], [5, 5], [5, 5], [7, 7]]
  725,  [[0, 0], [0, 1], [0, 5], [2, 3], [3, 5], [4, 6], [4, 7], [5, 5]]
  726,  [[0, 1], [0, 5], [0, 5], [2, 3], [3, 5], [4, 4], [5, 6], [7, 7]]
  727,  [[0, 1], [0, 5], [0, 5], [2, 3], [3, 5], [4, 4], [5, 5], [6, 7]]
  728,  [[0, 1], [0, 3], [0, 5], [2, 3], [4, 4], [5, 5], [5, 5], [6, 6]]
  729,  [[0, 0], [0, 1], [0, 5], [3, 3], [4, 4], [5, 5], [5, 5], [6, 6]]
  730,  [[0, 0], [0, 1], [0, 5], [2, 3], [3, 4], [5, 5], [5, 5], [6, 6]]
  731,  [[0, 0], [0, 1], [0, 5], [2, 3], [3, 6], [4, 4], [5, 5], [5, 5]]
  732,  [[0, 0], [0, 1], [0, 5], [2, 3], [4, 4], [5, 5], [5, 5], [6, 7]]
  733,  [[0, 1], [0, 3], [0, 4], [2, 3], [4, 6], [5, 5], [5, 5], [5, 7]]
  734,  [[0, 0], [0, 1], [0, 2], [3, 3], [4, 6], [5, 5], [5, 5], [5, 7]]
  735,  [[0, 0], [0, 1], [0, 3], [3, 6], [4, 4], [5, 5], [5, 5], [5, 7]]
  736,  [[0, 0], [0, 0], [0, 1], [3, 4], [3, 6], [5, 5], [5, 5], [5, 7]]
  737,  [[0, 0], [0, 1], [0, 5], [2, 3], [3, 4], [4, 5], [5, 5], [5, 6]]
  738,  [[0, 0], [0, 0], [0, 1], [2, 3], [3, 4], [4, 5], [5, 5], [5, 5]]
  739,  [[0, 0], [0, 0], [0, 3], [1, 4], [3, 6], [5, 5], [5, 5], [5, 7]]
  740,  [[0, 0], [0, 0], [0, 3], [1, 4], [2, 5], [3, 6], [4, 5], [5, 7]]
  741,  [[0, 1], [0, 5], [0, 5], [2, 3], [3, 5], [4, 5], [6, 6], [7, 7]]
  742,  [[0, 0], [0, 0], [0, 1], [3, 5], [3, 6], [4, 7], [5, 5], [5, 5]]
  743,  [[0, 1], [0, 2], [0, 6], [3, 4], [3, 5], [4, 5], [5, 5], [7, 7]]
  744,  [[0, 1], [0, 2], [0, 6], [3, 4], [3, 5], [4, 7], [5, 5], [5, 5]]
  745,  [[0, 1], [0, 3], [0, 6], [2, 5], [4, 4], [5, 5], [5, 5], [7, 7]]
  746,  [[0, 1], [0, 3], [0, 6], [2, 5], [3, 5], [4, 5], [5, 5], [7, 7]]
  747,  [[0, 1], [0, 3], [0, 6], [2, 5], [3, 4], [4, 5], [5, 5], [7, 7]]
  748,  [[0, 0], [0, 1], [0, 6], [3, 4], [3, 5], [4, 5], [5, 5], [5, 7]]
  749,  [[0, 0], [0, 1], [0, 6], [2, 5], [3, 4], [3, 5], [4, 5], [5, 5]]
  750,  [[0, 0], [0, 1], [0, 6], [2, 5], [3, 4], [3, 5], [4, 5], [7, 7]]
  751,  [[0, 1], [0, 5], [0, 6], [2, 5], [3, 4], [3, 5], [5, 5], [7, 7]]
  752,  [[0, 0], [0, 1], [0, 6], [2, 5], [3, 4], [5, 5], [5, 5], [7, 7]]
  753,  [[0, 0], [0, 1], [0, 6], [2, 5], [3, 4], [3, 5], [4, 7], [5, 5]]
  754,  [[0, 1], [0, 5], [0, 6], [2, 5], [3, 3], [4, 4], [5, 5], [7, 7]]
  755,  [[0, 1], [0, 6], [0, 7], [2, 5], [3, 3], [4, 4], [5, 5], [5, 5]]
  756,  [[0, 0], [0, 1], [0, 6], [2, 5], [3, 3], [4, 7], [5, 5], [5, 5]]
  757,  [[0, 1], [0, 5], [0, 6], [2, 5], [3, 3], [4, 5], [4, 7], [5, 5]]
  758,  [[0, 0], [0, 1], [0, 6], [2, 5], [3, 5], [3, 7], [4, 5], [5, 5]]
  759,  [[0, 1], [0, 3], [0, 6], [2, 5], [4, 5], [4, 5], [5, 5], [7, 7]]
  760,  [[0, 0], [0, 3], [0, 6], [3, 4], [4, 5], [5, 5], [5, 5], [7, 7]]
  761,  [[0, 0], [0, 1], [0, 3], [3, 4], [4, 5], [5, 5], [5, 5], [6, 6]]
  762,  [[0, 1], [0, 3], [0, 6], [2, 7], [3, 4], [4, 5], [5, 5], [5, 5]]
  763,  [[0, 1], [0, 5], [0, 6], [3, 4], [3, 5], [4, 5], [5, 5], [7, 7]]
  764,  [[0, 0], [0, 0], [0, 6], [3, 4], [3, 5], [4, 5], [5, 5], [7, 7]]
  765,  [[0, 0], [0, 0], [0, 1], [3, 4], [3, 5], [4, 5], [5, 5], [6, 6]]
  766,  [[0, 0], [0, 1], [0, 6], [2, 7], [3, 4], [3, 5], [4, 5], [5, 5]]
  767,  [[0, 0], [0, 0], [0, 6], [3, 4], [3, 5], [4, 7], [5, 5], [5, 5]]
  768,  [[0, 0], [0, 0], [0, 1], [3, 4], [3, 5], [4, 6], [5, 5], [5, 5]]
  769,  [[0, 1], [0, 5], [0, 6], [2, 7], [3, 3], [4, 4], [5, 5], [5, 5]]
  770,  [[0, 1], [0, 5], [0, 6], [2, 3], [3, 4], [4, 5], [5, 5], [7, 7]]
  771,  [[0, 1], [0, 5], [0, 6], [2, 3], [3, 4], [4, 7], [5, 5], [5, 5]]
  772,  [[0, 1], [0, 6], [0, 7], [2, 3], [3, 4], [4, 5], [5, 5], [5, 5]]
  773,  [[0, 0], [0, 3], [0, 4], [1, 3], [2, 5], [4, 5], [5, 6], [5, 7]]
  774,  [[0, 0], [0, 3], [0, 4], [1, 3], [2, 5], [4, 5], [5, 5], [6, 6]]
  775,  [[0, 0], [0, 3], [0, 5], [1, 3], [2, 5], [4, 4], [5, 5], [5, 6]]
  776,  [[0, 0], [0, 0], [0, 3], [1, 3], [2, 5], [4, 6], [5, 5], [5, 7]]
  777,  [[0, 0], [0, 0], [0, 3], [1, 3], [2, 5], [4, 4], [5, 6], [5, 7]]
  778,  [[0, 0], [0, 0], [0, 3], [1, 3], [2, 5], [4, 4], [5, 5], [5, 5]]
  779,  [[0, 0], [0, 0], [0, 3], [1, 3], [2, 5], [4, 5], [5, 6], [7, 7]]
  780,  [[0, 0], [0, 3], [0, 5], [1, 3], [2, 5], [4, 5], [5, 5], [6, 6]]
  781,  [[0, 0], [0, 0], [0, 3], [1, 3], [2, 5], [4, 5], [4, 6], [5, 5]]
  782,  [[0, 0], [0, 0], [0, 3], [1, 3], [2, 5], [4, 5], [5, 5], [6, 7]]
  783,  [[0, 0], [0, 3], [0, 5], [1, 3], [2, 5], [4, 5], [4, 5], [6, 7]]
  784,  [[0, 0], [0, 3], [0, 4], [1, 3], [4, 5], [5, 5], [5, 6], [7, 7]]
  785,  [[0, 0], [0, 3], [0, 5], [1, 3], [4, 4], [5, 5], [5, 6], [5, 7]]
  786,  [[0, 0], [0, 0], [0, 3], [1, 3], [2, 4], [5, 5], [5, 6], [5, 7]]
  787,  [[0, 0], [0, 3], [0, 5], [1, 3], [4, 5], [5, 5], [5, 6], [7, 7]]
  788,  [[0, 0], [0, 0], [0, 3], [1, 3], [2, 6], [4, 5], [5, 5], [5, 7]]
  789,  [[0, 0], [0, 0], [0, 3], [1, 3], [4, 5], [4, 6], [5, 5], [5, 7]]
  790,  [[0, 0], [0, 3], [0, 5], [1, 3], [4, 5], [4, 5], [6, 6], [7, 7]]
  791,  [[0, 0], [0, 3], [0, 5], [1, 3], [2, 6], [4, 5], [4, 5], [5, 7]]
  792,  [[0, 0], [0, 3], [0, 4], [1, 3], [2, 6], [4, 5], [5, 5], [5, 5]]
  793,  [[0, 0], [0, 3], [0, 4], [1, 3], [4, 5], [5, 5], [5, 5], [6, 7]]
  794,  [[0, 3], [0, 4], [0, 6], [1, 3], [2, 5], [5, 5], [5, 5], [7, 7]]
  795,  [[0, 3], [0, 5], [0, 6], [1, 3], [2, 5], [4, 4], [5, 5], [7, 7]]
  796,  [[0, 3], [0, 6], [0, 7], [1, 3], [2, 5], [4, 4], [5, 5], [5, 5]]
  797,  [[0, 0], [0, 3], [0, 6], [1, 3], [2, 5], [4, 7], [5, 5], [5, 5]]
  798,  [[0, 3], [0, 5], [0, 6], [1, 3], [2, 5], [4, 5], [4, 7], [5, 5]]
  799,  [[0, 0], [0, 0], [0, 3], [1, 5], [3, 5], [4, 6], [5, 5], [5, 7]]
  800,  [[0, 0], [0, 0], [0, 3], [1, 5], [2, 5], [3, 5], [4, 4], [5, 6]]
  801,  [[0, 0], [0, 0], [0, 3], [1, 5], [3, 5], [4, 4], [5, 6], [5, 7]]
  802,  [[0, 0], [0, 0], [0, 3], [1, 5], [3, 5], [4, 4], [5, 5], [6, 6]]
  803,  [[0, 0], [0, 3], [0, 6], [1, 5], [2, 5], [4, 4], [5, 5], [5, 7]]
  804,  [[0, 0], [0, 3], [0, 6], [1, 5], [2, 5], [3, 5], [4, 4], [5, 5]]
  805,  [[0, 0], [0, 3], [0, 6], [1, 5], [2, 5], [3, 5], [4, 4], [7, 7]]
  806,  [[0, 3], [0, 5], [0, 6], [1, 5], [3, 5], [4, 4], [5, 5], [7, 7]]
  807,  [[0, 0], [0, 3], [0, 6], [1, 5], [4, 4], [5, 5], [5, 5], [7, 7]]
  808,  [[0, 0], [0, 3], [0, 6], [1, 5], [3, 5], [4, 5], [5, 5], [7, 7]]
  809,  [[0, 0], [0, 3], [0, 6], [1, 5], [2, 7], [3, 5], [4, 4], [5, 5]]
  810,  [[0, 0], [0, 0], [0, 3], [1, 5], [3, 4], [4, 5], [5, 5], [5, 6]]
  811,  [[0, 0], [0, 3], [0, 6], [1, 5], [2, 5], [3, 4], [4, 5], [5, 7]]
  812,  [[0, 0], [0, 3], [0, 6], [1, 5], [3, 4], [4, 5], [5, 5], [7, 7]]
  813,  [[0, 0], [0, 0], [0, 6], [1, 5], [2, 5], [3, 4], [5, 5], [5, 7]]
  814,  [[0, 0], [0, 0], [0, 6], [1, 5], [2, 5], [3, 4], [3, 5], [5, 5]]
  815,  [[0, 0], [0, 0], [0, 6], [1, 5], [2, 5], [3, 4], [3, 5], [7, 7]]
  816,  [[0, 0], [0, 0], [0, 6], [3, 4], [3, 5], [4, 5], [5, 5], [5, 7]]
  817,  [[0, 0], [0, 0], [0, 6], [1, 5], [3, 4], [3, 5], [4, 5], [5, 5]]
  818,  [[0, 0], [0, 0], [0, 6], [1, 5], [3, 4], [3, 5], [4, 5], [7, 7]]
  819,  [[0, 0], [0, 5], [0, 6], [1, 5], [3, 4], [3, 5], [5, 5], [7, 7]]
  820,  [[0, 0], [0, 0], [0, 6], [1, 5], [2, 7], [3, 4], [3, 5], [5, 5]]
  821,  [[0, 0], [0, 0], [0, 6], [1, 5], [3, 4], [3, 5], [4, 7], [5, 5]]
  822,  [[0, 0], [0, 0], [0, 5], [1, 5], [3, 3], [4, 4], [5, 5], [5, 6]]
  823,  [[0, 0], [0, 5], [0, 6], [1, 5], [2, 5], [3, 3], [4, 4], [5, 7]]
  824,  [[0, 0], [0, 5], [0, 6], [1, 5], [3, 3], [4, 4], [5, 5], [7, 7]]
  825,  [[0, 0], [0, 0], [0, 6], [1, 5], [2, 5], [3, 3], [4, 4], [5, 5]]
  826,  [[0, 0], [0, 6], [0, 7], [1, 5], [3, 3], [4, 4], [5, 5], [5, 5]]
  827,  [[0, 0], [0, 0], [0, 6], [1, 5], [3, 3], [4, 7], [5, 5], [5, 5]]
  828,  [[0, 0], [0, 6], [0, 7], [1, 5], [2, 5], [3, 3], [4, 5], [5, 5]]
  829,  [[0, 0], [0, 0], [0, 6], [1, 5], [2, 5], [3, 5], [4, 7], [5, 5]]
  830,  [[0, 0], [0, 5], [0, 6], [1, 5], [2, 5], [3, 3], [4, 5], [7, 7]]
  831,  [[0, 0], [0, 0], [0, 6], [1, 5], [2, 5], [3, 5], [4, 5], [7, 7]]
  832,  [[0, 0], [0, 0], [0, 6], [1, 5], [2, 5], [3, 3], [4, 5], [4, 7]]
  833,  [[0, 0], [0, 5], [0, 6], [1, 5], [2, 7], [3, 3], [4, 5], [5, 5]]
  834,  [[0, 0], [0, 5], [0, 6], [1, 5], [3, 3], [4, 5], [4, 7], [5, 5]]
  835,  [[0, 0], [0, 0], [0, 6], [1, 5], [2, 7], [3, 5], [4, 5], [5, 5]]
  836,  [[0, 0], [0, 0], [0, 6], [1, 5], [3, 5], [3, 7], [4, 5], [5, 5]]
  837,  [[0, 0], [0, 0], [0, 3], [1, 5], [3, 6], [4, 5], [4, 5], [5, 5]]
  838,  [[0, 0], [0, 3], [0, 6], [1, 5], [4, 5], [4, 5], [5, 5], [7, 7]]
  839,  [[0, 0], [0, 3], [0, 6], [1, 5], [2, 5], [3, 7], [4, 5], [4, 5]]
  840,  [[0, 0], [0, 0], [0, 5], [1, 5], [3, 5], [3, 5], [4, 6], [7, 7]]
  841,  [[0, 0], [0, 0], [0, 5], [1, 5], [2, 6], [3, 3], [4, 5], [4, 5]]
  842,  [[0, 0], [0, 0], [0, 5], [1, 5], [3, 3], [4, 5], [4, 5], [6, 7]]
  843,  [[0, 0], [0, 0], [0, 3], [1, 5], [3, 5], [4, 5], [4, 5], [6, 6]]
  844,  [[0, 0], [0, 3], [0, 6], [1, 5], [2, 7], [3, 5], [4, 5], [4, 5]]
  845,  [[0, 0], [0, 0], [0, 5], [1, 6], [3, 5], [3, 5], [4, 7], [5, 5]]
  846,  [[0, 0], [0, 0], [0, 5], [1, 6], [3, 3], [4, 5], [4, 5], [5, 7]]
  847,  [[0, 0], [0, 0], [0, 3], [1, 6], [3, 5], [4, 5], [4, 5], [5, 5]]
  848,  [[0, 0], [0, 0], [0, 3], [1, 6], [3, 5], [4, 4], [5, 5], [5, 5]]
  849,  [[0, 0], [0, 3], [0, 6], [1, 7], [3, 4], [4, 5], [5, 5], [5, 5]]
  850,  [[0, 0], [0, 0], [0, 6], [1, 7], [3, 4], [3, 5], [4, 5], [5, 5]]
  851,  [[0, 0], [0, 0], [0, 3], [1, 4], [2, 5], [5, 5], [5, 6], [5, 7]]
  852,  [[0, 0], [0, 0], [0, 3], [1, 4], [2, 5], [3, 5], [5, 6], [7, 7]]
  853,  [[0, 0], [0, 3], [0, 5], [1, 4], [2, 5], [3, 5], [5, 5], [6, 6]]
  854,  [[0, 0], [0, 0], [0, 3], [1, 4], [2, 5], [3, 5], [4, 6], [5, 5]]
  855,  [[0, 0], [0, 0], [0, 3], [1, 4], [2, 5], [3, 5], [5, 5], [6, 7]]
  856,  [[0, 3], [0, 5], [0, 6], [1, 4], [2, 5], [3, 5], [4, 7], [5, 5]]
  857,  [[0, 3], [0, 3], [0, 6], [1, 4], [2, 5], [5, 5], [5, 5], [7, 7]]
  858,  [[0, 0], [0, 3], [0, 6], [1, 4], [2, 5], [3, 7], [5, 5], [5, 5]]
  859,  [[0, 0], [0, 3], [0, 6], [1, 4], [2, 5], [4, 7], [5, 5], [5, 5]]
  860,  [[0, 0], [0, 0], [0, 5], [1, 3], [2, 5], [3, 4], [5, 5], [5, 6]]
  861,  [[0, 0], [0, 0], [0, 5], [1, 3], [2, 5], [4, 6], [5, 5], [5, 7]]
  862,  [[0, 0], [0, 0], [0, 5], [1, 3], [2, 5], [4, 4], [5, 6], [5, 7]]
  863,  [[0, 0], [0, 0], [0, 5], [1, 3], [2, 5], [4, 4], [5, 5], [6, 6]]
  864,  [[0, 3], [0, 5], [0, 6], [1, 4], [2, 5], [3, 4], [5, 5], [5, 7]]
  865,  [[0, 0], [0, 5], [0, 6], [1, 3], [2, 5], [3, 4], [4, 5], [5, 7]]
  866,  [[0, 0], [0, 5], [0, 6], [1, 3], [2, 5], [3, 4], [5, 5], [7, 7]]
  867,  [[0, 5], [0, 5], [0, 6], [1, 3], [2, 5], [4, 4], [5, 5], [7, 7]]
  868,  [[0, 0], [0, 5], [0, 6], [1, 3], [2, 5], [3, 7], [4, 4], [5, 5]]
  869,  [[0, 0], [0, 0], [0, 3], [1, 4], [2, 5], [3, 4], [5, 5], [5, 6]]
  870,  [[0, 0], [0, 3], [0, 6], [1, 4], [2, 5], [3, 4], [5, 5], [5, 5]]
  871,  [[0, 0], [0, 0], [0, 6], [1, 3], [2, 5], [3, 4], [4, 5], [5, 5]]
  872,  [[0, 0], [0, 6], [0, 7], [1, 3], [2, 5], [3, 4], [5, 5], [5, 5]]
  873,  [[0, 0], [0, 0], [0, 5], [1, 3], [2, 5], [3, 6], [4, 5], [5, 5]]
  874,  [[0, 0], [0, 0], [0, 5], [1, 3], [2, 5], [4, 5], [4, 6], [5, 5]]
  875,  [[0, 0], [0, 0], [0, 5], [1, 3], [2, 5], [4, 5], [5, 5], [6, 7]]
  876,  [[0, 0], [0, 0], [0, 5], [1, 3], [2, 6], [4, 5], [5, 5], [5, 7]]
  877,  [[0, 0], [0, 0], [0, 5], [1, 3], [2, 6], [4, 5], [4, 5], [7, 7]]
  878,  [[0, 0], [0, 0], [0, 5], [1, 3], [3, 6], [4, 5], [5, 5], [5, 7]]
  879,  [[0, 0], [0, 0], [0, 5], [1, 3], [3, 6], [4, 5], [4, 5], [7, 7]]
  880,  [[0, 0], [0, 0], [0, 3], [1, 4], [2, 6], [3, 5], [5, 5], [5, 7]]
  881,  [[0, 0], [0, 0], [0, 3], [1, 4], [3, 5], [4, 6], [5, 5], [5, 7]]
  882,  [[0, 0], [0, 3], [0, 3], [1, 4], [2, 5], [4, 5], [5, 6], [5, 7]]
  883,  [[0, 0], [0, 3], [0, 3], [1, 4], [2, 5], [4, 5], [5, 5], [6, 6]]
  884,  [[0, 0], [0, 0], [0, 3], [1, 4], [2, 5], [4, 5], [5, 6], [7, 7]]
  885,  [[0, 0], [0, 3], [0, 5], [1, 4], [2, 5], [4, 5], [5, 5], [6, 6]]
  886,  [[0, 0], [0, 0], [0, 3], [1, 4], [2, 5], [3, 6], [4, 5], [5, 5]]
  887,  [[0, 0], [0, 0], [0, 3], [1, 4], [2, 5], [4, 5], [5, 5], [6, 7]]
  888,  [[0, 0], [0, 3], [0, 5], [1, 4], [2, 5], [3, 5], [4, 5], [6, 7]]
  889,  [[0, 0], [0, 3], [0, 3], [1, 4], [4, 5], [5, 5], [5, 6], [7, 7]]
  890,  [[0, 0], [0, 3], [0, 5], [1, 4], [4, 5], [5, 5], [5, 6], [7, 7]]
  891,  [[0, 0], [0, 0], [0, 3], [1, 4], [2, 6], [4, 5], [5, 5], [5, 7]]
  892,  [[0, 0], [0, 0], [0, 3], [3, 5], [4, 4], [5, 5], [5, 6], [7, 7]]
  893,  [[0, 0], [0, 3], [0, 5], [1, 4], [3, 5], [5, 5], [5, 6], [7, 7]]
  894,  [[0, 0], [0, 3], [0, 5], [1, 4], [3, 5], [4, 5], [6, 6], [7, 7]]
  895,  [[0, 0], [0, 3], [0, 5], [1, 4], [2, 6], [3, 5], [4, 5], [5, 7]]
  896,  [[0, 0], [0, 3], [0, 3], [1, 4], [2, 6], [4, 5], [5, 5], [5, 5]]
  897,  [[0, 0], [0, 3], [0, 3], [1, 4], [4, 5], [5, 5], [5, 5], [6, 7]]
  898,  [[0, 0], [0, 0], [0, 3], [3, 5], [4, 4], [5, 5], [5, 5], [6, 7]]
  899,  [[0, 3], [0, 5], [0, 6], [1, 4], [2, 5], [3, 7], [4, 5], [5, 5]]
  900,  [[0, 0], [0, 3], [0, 5], [1, 3], [2, 4], [4, 5], [5, 6], [5, 7]]
  901,  [[0, 0], [0, 3], [0, 5], [1, 3], [2, 4], [4, 5], [5, 5], [6, 6]]
  902,  [[0, 0], [0, 0], [0, 5], [1, 3], [2, 4], [3, 5], [4, 5], [5, 5]]
  903,  [[0, 0], [0, 0], [0, 5], [1, 3], [2, 4], [3, 5], [4, 5], [6, 6]]
  904,  [[0, 0], [0, 0], [0, 5], [1, 3], [2, 4], [5, 5], [5, 6], [5, 7]]
  905,  [[0, 0], [0, 0], [0, 5], [1, 3], [2, 4], [3, 5], [5, 6], [7, 7]]
  906,  [[0, 0], [0, 5], [0, 5], [1, 3], [2, 4], [3, 5], [5, 5], [6, 6]]
  907,  [[0, 0], [0, 0], [0, 5], [1, 3], [2, 4], [3, 5], [4, 6], [5, 5]]
  908,  [[0, 0], [0, 0], [0, 5], [1, 3], [2, 4], [3, 5], [5, 5], [6, 7]]
  909,  [[0, 0], [0, 3], [0, 5], [1, 4], [2, 5], [3, 6], [4, 5], [5, 7]]
  910,  [[0, 0], [0, 3], [0, 5], [1, 4], [3, 6], [4, 5], [5, 5], [7, 7]]
  911,  [[0, 0], [0, 0], [0, 5], [1, 3], [2, 5], [3, 5], [4, 6], [5, 5]]
  912,  [[0, 0], [0, 0], [0, 5], [1, 3], [2, 5], [3, 5], [4, 6], [7, 7]]
  913,  [[0, 0], [0, 0], [0, 5], [1, 3], [4, 5], [4, 6], [5, 5], [5, 7]]
  914,  [[0, 0], [0, 0], [0, 5], [1, 3], [3, 5], [4, 5], [4, 6], [7, 7]]
  915,  [[0, 0], [0, 5], [0, 5], [1, 3], [3, 5], [4, 6], [5, 5], [7, 7]]
  916,  [[0, 0], [0, 0], [0, 5], [1, 3], [2, 6], [3, 5], [4, 7], [5, 5]]
  917,  [[0, 0], [0, 0], [0, 5], [1, 3], [3, 5], [4, 6], [4, 7], [5, 5]]
  918,  [[0, 0], [0, 5], [0, 5], [1, 3], [2, 5], [3, 5], [4, 4], [6, 6]]
  919,  [[0, 0], [0, 0], [0, 5], [1, 3], [2, 5], [3, 5], [4, 4], [6, 7]]
  920,  [[0, 0], [0, 0], [0, 5], [3, 3], [4, 4], [5, 5], [5, 6], [5, 7]]
  921,  [[0, 0], [0, 0], [0, 5], [1, 3], [3, 4], [5, 5], [5, 6], [5, 7]]
  922,  [[0, 0], [0, 0], [0, 5], [1, 3], [4, 4], [5, 5], [5, 6], [7, 7]]
  923,  [[0, 0], [0, 5], [0, 5], [1, 3], [3, 5], [4, 4], [5, 6], [7, 7]]
  924,  [[0, 0], [0, 0], [0, 5], [1, 3], [2, 6], [3, 5], [4, 4], [5, 7]]
  925,  [[0, 0], [0, 5], [0, 5], [1, 3], [2, 6], [3, 5], [4, 4], [5, 5]]
  926,  [[0, 0], [0, 5], [0, 5], [1, 3], [3, 5], [4, 4], [5, 5], [6, 7]]
  927,  [[0, 0], [0, 0], [0, 5], [1, 3], [2, 6], [4, 4], [5, 5], [5, 5]]
  928,  [[0, 0], [0, 0], [0, 5], [1, 3], [4, 4], [5, 5], [5, 5], [6, 7]]
  929,  [[0, 3], [0, 5], [0, 6], [1, 3], [2, 4], [5, 5], [5, 5], [7, 7]]
  930,  [[0, 5], [0, 6], [0, 7], [1, 3], [2, 4], [3, 5], [4, 5], [5, 5]]
  931,  [[0, 5], [0, 5], [0, 6], [1, 3], [2, 4], [3, 5], [4, 5], [7, 7]]
  932,  [[0, 5], [0, 5], [0, 6], [1, 3], [2, 4], [3, 5], [4, 7], [5, 5]]
  933,  [[0, 0], [0, 5], [0, 6], [1, 3], [2, 4], [3, 7], [5, 5], [5, 5]]
  934,  [[0, 0], [0, 3], [0, 5], [1, 3], [4, 4], [5, 5], [5, 5], [6, 6]]
  935,  [[0, 3], [0, 5], [0, 6], [1, 3], [2, 7], [4, 4], [5, 5], [5, 5]]
  936,  [[0, 0], [0, 5], [0, 6], [1, 7], [3, 3], [4, 4], [5, 5], [5, 5]]
  937,  [[0, 3], [0, 5], [0, 6], [1, 4], [3, 4], [5, 5], [5, 5], [7, 7]]
  938,  [[0, 0], [0, 5], [0, 6], [1, 3], [3, 4], [4, 5], [5, 5], [7, 7]]
  939,  [[0, 0], [0, 5], [0, 6], [1, 3], [2, 7], [3, 4], [5, 5], [5, 5]]
  940,  [[0, 0], [0, 5], [0, 6], [1, 3], [3, 4], [4, 7], [5, 5], [5, 5]]
  941,  [[0, 0], [0, 0], [0, 5], [1, 3], [3, 6], [4, 4], [5, 5], [5, 5]]
  942,  [[0, 0], [0, 3], [0, 4], [1, 3], [2, 4], [5, 5], [5, 5], [5, 6]]
  943,  [[0, 0], [0, 3], [0, 4], [1, 3], [4, 6], [5, 5], [5, 5], [5, 7]]
  944,  [[0, 0], [0, 0], [0, 3], [1, 4], [3, 4], [5, 5], [5, 6], [5, 7]]
  945,  [[0, 0], [0, 0], [0, 5], [1, 3], [3, 4], [4, 5], [5, 5], [5, 6]]
  946,  [[0, 0], [0, 6], [0, 7], [1, 3], [3, 4], [4, 5], [5, 5], [5, 5]]
  947,  [[0, 0], [0, 0], [0, 5], [1, 3], [2, 6], [3, 5], [4, 5], [7, 7]]
  948,  [[0, 1], [0, 3], [0, 4], [2, 3], [5, 5], [5, 5], [5, 6], [7, 7]]
  949,  [[0, 1], [0, 3], [0, 5], [2, 3], [4, 4], [5, 5], [5, 6], [7, 7]]
  950,  [[0, 1], [0, 3], [0, 5], [2, 3], [4, 5], [5, 5], [6, 6], [7, 7]]
  951,  [[0, 1], [0, 3], [0, 5], [2, 3], [4, 5], [4, 6], [5, 5], [5, 7]]
  952,  [[0, 1], [0, 2], [0, 3], [3, 5], [4, 5], [4, 5], [5, 6], [7, 7]]
  953,  [[0, 1], [0, 2], [0, 3], [4, 5], [4, 5], [5, 5], [6, 6], [7, 7]]
  954,  [[0, 1], [0, 2], [0, 3], [3, 6], [4, 5], [5, 5], [5, 5], [7, 7]]
  955,  [[0, 1], [0, 2], [0, 3], [3, 5], [4, 5], [4, 6], [5, 5], [5, 7]]
  956,  [[0, 0], [0, 1], [0, 2], [3, 5], [4, 5], [5, 5], [5, 6], [7, 7]]
  957,  [[0, 0], [0, 1], [0, 2], [3, 3], [4, 5], [4, 6], [5, 5], [5, 7]]
  958,  [[0, 0], [0, 1], [0, 2], [3, 5], [3, 6], [4, 5], [5, 5], [7, 7]]
  959,  [[0, 0], [0, 1], [0, 2], [3, 5], [3, 5], [4, 5], [6, 6], [7, 7]]
  960,  [[0, 1], [0, 2], [0, 5], [3, 5], [3, 5], [4, 5], [4, 6], [7, 7]]
  961,  [[0, 1], [0, 2], [0, 5], [3, 5], [3, 5], [4, 6], [4, 7], [5, 5]]
  962,  [[0, 1], [0, 2], [0, 3], [3, 5], [4, 6], [5, 5], [5, 5], [7, 7]]
  963,  [[0, 0], [0, 1], [0, 2], [3, 5], [3, 6], [4, 7], [5, 5], [5, 5]]
  964,  [[0, 0], [0, 1], [0, 2], [3, 5], [4, 6], [4, 7], [5, 5], [5, 5]]
  965,  [[0, 1], [0, 2], [0, 3], [3, 5], [4, 4], [5, 5], [5, 6], [7, 7]]
  966,  [[0, 1], [0, 2], [0, 3], [3, 4], [4, 5], [5, 5], [5, 6], [5, 7]]
  967,  [[0, 0], [0, 1], [0, 2], [3, 4], [3, 5], [4, 5], [5, 6], [5, 7]]
  968,  [[0, 0], [0, 1], [0, 2], [3, 4], [3, 5], [5, 5], [5, 6], [7, 7]]
  969,  [[0, 1], [0, 2], [0, 5], [3, 3], [4, 4], [5, 5], [5, 6], [5, 7]]
  970,  [[0, 1], [0, 2], [0, 5], [3, 3], [4, 5], [5, 5], [5, 6], [7, 7]]
  971,  [[0, 1], [0, 2], [0, 5], [3, 3], [4, 5], [4, 5], [6, 6], [7, 7]]
  972,  [[0, 1], [0, 2], [0, 3], [3, 5], [4, 5], [4, 5], [5, 5], [6, 7]]
  973,  [[0, 0], [0, 1], [0, 2], [3, 5], [3, 5], [4, 5], [4, 5], [6, 7]]
  974,  [[0, 1], [0, 2], [0, 3], [3, 5], [4, 4], [5, 5], [5, 5], [6, 7]]
  975,  [[0, 1], [0, 2], [0, 3], [3, 4], [4, 5], [5, 5], [5, 5], [6, 6]]
  976,  [[0, 0], [0, 1], [0, 2], [3, 4], [3, 5], [4, 5], [5, 5], [6, 6]]
  977,  [[0, 0], [0, 1], [0, 2], [3, 4], [3, 5], [4, 6], [5, 5], [5, 5]]
  978,  [[0, 0], [0, 1], [0, 2], [3, 4], [3, 5], [5, 5], [5, 5], [6, 7]]
  979,  [[0, 0], [0, 0], [0, 3], [1, 5], [4, 5], [4, 5], [5, 6], [7, 7]]
  980,  [[0, 0], [0, 0], [0, 3], [1, 5], [3, 6], [4, 5], [5, 5], [5, 7]]
  981,  [[0, 0], [0, 0], [0, 3], [1, 5], [3, 6], [4, 5], [4, 5], [7, 7]]
  982,  [[0, 0], [0, 3], [0, 5], [3, 6], [4, 5], [4, 5], [5, 5], [7, 7]]
  983,  [[0, 0], [0, 0], [0, 3], [1, 6], [3, 7], [4, 5], [4, 5], [5, 5]]
  984,  [[0, 0], [0, 3], [0, 3], [4, 5], [4, 5], [5, 5], [5, 6], [7, 7]]
  985,  [[0, 1], [0, 3], [0, 3], [2, 5], [4, 5], [4, 5], [5, 6], [7, 7]]
  986,  [[0, 1], [0, 3], [0, 3], [4, 5], [4, 5], [5, 5], [6, 6], [7, 7]]
  987,  [[0, 1], [0, 3], [0, 3], [2, 6], [4, 5], [4, 5], [5, 5], [5, 7]]
  988,  [[0, 0], [0, 1], [0, 3], [2, 5], [4, 5], [5, 5], [5, 6], [7, 7]]
  989,  [[0, 0], [0, 1], [0, 3], [2, 5], [4, 5], [4, 5], [5, 5], [6, 6]]
  990,  [[0, 0], [0, 1], [0, 3], [2, 5], [4, 5], [4, 5], [6, 6], [7, 7]]
  991,  [[0, 0], [0, 0], [0, 3], [3, 5], [4, 5], [4, 5], [5, 6], [7, 7]]
  992,  [[0, 0], [0, 1], [0, 3], [3, 5], [4, 5], [5, 5], [5, 6], [7, 7]]
  993,  [[0, 0], [0, 1], [0, 3], [3, 5], [4, 5], [4, 5], [6, 6], [7, 7]]
  994,  [[0, 0], [0, 1], [0, 3], [2, 6], [3, 5], [4, 5], [4, 5], [5, 7]]
  995,  [[0, 0], [0, 1], [0, 3], [2, 6], [4, 5], [4, 5], [5, 5], [7, 7]]
  996,  [[0, 0], [0, 0], [0, 3], [1, 6], [4, 5], [4, 5], [5, 5], [5, 7]]
  997,  [[0, 1], [0, 3], [0, 4], [2, 5], [3, 5], [4, 6], [5, 5], [5, 7]]
  998,  [[0, 0], [0, 1], [0, 3], [2, 5], [3, 6], [4, 4], [5, 5], [5, 7]]
  999,  [[0, 0], [0, 1], [0, 3], [2, 5], [3, 6], [4, 5], [5, 5], [7, 7]]
 1000,  [[0, 1], [0, 3], [0, 5], [2, 5], [3, 6], [4, 5], [4, 5], [7, 7]]
 1001,  [[0, 1], [0, 3], [0, 5], [2, 6], [3, 7], [4, 5], [4, 5], [5, 5]]
 1002,  [[0, 1], [0, 3], [0, 4], [3, 5], [4, 6], [5, 5], [5, 5], [7, 7]]
 1003,  [[0, 0], [0, 1], [0, 3], [2, 6], [3, 7], [4, 5], [5, 5], [5, 5]]
 1004,  [[0, 0], [0, 1], [0, 3], [3, 6], [4, 5], [4, 7], [5, 5], [5, 5]]
 1005,  [[0, 0], [0, 1], [0, 3], [2, 5], [3, 5], [4, 5], [4, 6], [5, 7]]
 1006,  [[0, 0], [0, 1], [0, 3], [2, 5], [3, 5], [4, 6], [5, 5], [7, 7]]
 1007,  [[0, 0], [0, 1], [0, 5], [2, 5], [3, 3], [4, 6], [5, 5], [5, 7]]
 1008,  [[0, 0], [0, 0], [0, 1], [2, 5], [3, 4], [3, 6], [5, 5], [5, 7]]
 1009,  [[0, 0], [0, 0], [0, 1], [2, 5], [3, 3], [4, 5], [4, 6], [5, 7]]
 1010,  [[0, 0], [0, 0], [0, 1], [2, 5], [3, 3], [4, 6], [5, 5], [5, 5]]
 1011,  [[0, 0], [0, 0], [0, 1], [2, 5], [3, 5], [4, 5], [5, 6], [7, 7]]
 1012,  [[0, 0], [0, 0], [0, 1], [2, 5], [3, 5], [3, 6], [4, 5], [5, 5]]
 1013,  [[0, 0], [0, 0], [0, 1], [2, 5], [3, 5], [3, 6], [4, 5], [7, 7]]
 1014,  [[0, 0], [0, 1], [0, 5], [2, 5], [3, 5], [4, 6], [5, 5], [7, 7]]
 1015,  [[0, 0], [0, 0], [0, 1], [2, 5], [3, 5], [3, 6], [4, 7], [5, 5]]
 1016,  [[0, 0], [0, 0], [0, 1], [2, 5], [3, 5], [4, 6], [4, 7], [5, 5]]
 1017,  [[0, 0], [0, 1], [0, 5], [2, 5], [3, 5], [3, 5], [4, 6], [4, 7]]
 1018,  [[0, 0], [0, 0], [0, 3], [3, 5], [4, 5], [4, 6], [5, 5], [5, 7]]
 1019,  [[0, 0], [0, 1], [0, 3], [3, 5], [4, 5], [4, 6], [5, 5], [7, 7]]
 1020,  [[0, 0], [0, 1], [0, 5], [3, 3], [4, 5], [4, 6], [5, 5], [5, 7]]
 1021,  [[0, 0], [0, 1], [0, 5], [3, 5], [3, 6], [4, 5], [5, 5], [7, 7]]
 1022,  [[0, 0], [0, 0], [0, 1], [2, 6], [3, 5], [3, 7], [4, 5], [5, 5]]
 1023,  [[0, 0], [0, 0], [0, 1], [3, 5], [3, 6], [4, 5], [4, 7], [5, 5]]
 1024,  [[0, 0], [0, 0], [0, 1], [2, 6], [3, 5], [4, 5], [5, 5], [5, 7]]
 1025,  [[0, 0], [0, 0], [0, 1], [2, 6], [3, 5], [3, 5], [4, 5], [7, 7]]
 1026,  [[0, 0], [0, 0], [0, 5], [3, 5], [3, 5], [4, 5], [4, 6], [7, 7]]
 1027,  [[0, 0], [0, 1], [0, 5], [3, 5], [3, 5], [4, 5], [6, 6], [7, 7]]
 1028,  [[0, 0], [0, 1], [0, 5], [2, 6], [3, 5], [3, 5], [4, 5], [4, 7]]
 1029,  [[0, 0], [0, 0], [0, 5], [3, 5], [3, 5], [4, 6], [4, 7], [5, 5]]
 1030,  [[0, 0], [0, 1], [0, 3], [2, 6], [3, 5], [4, 7], [5, 5], [5, 5]]
 1031,  [[0, 0], [0, 1], [0, 3], [3, 5], [4, 6], [4, 7], [5, 5], [5, 5]]
 1032,  [[0, 0], [0, 1], [0, 3], [2, 5], [4, 4], [5, 5], [5, 6], [5, 7]]
 1033,  [[0, 0], [0, 1], [0, 3], [2, 5], [3, 5], [4, 4], [5, 6], [7, 7]]
 1034,  [[0, 1], [0, 3], [0, 5], [2, 5], [3, 5], [4, 4], [5, 5], [6, 6]]
 1035,  [[0, 0], [0, 1], [0, 3], [2, 5], [4, 4], [5, 5], [5, 5], [6, 6]]
 1036,  [[0, 0], [0, 1], [0, 3], [2, 5], [3, 5], [4, 5], [5, 5], [6, 6]]
 1037,  [[0, 0], [0, 1], [0, 3], [2, 5], [3, 5], [4, 4], [5, 5], [6, 7]]
 1038,  [[0, 0], [0, 1], [0, 3], [2, 5], [3, 4], [4, 5], [5, 6], [5, 7]]
 1039,  [[0, 0], [0, 1], [0, 3], [2, 5], [3, 4], [4, 5], [5, 5], [6, 6]]
 1040,  [[0, 0], [0, 0], [0, 1], [3, 4], [3, 5], [4, 5], [5, 5], [5, 6]]
 1041,  [[0, 0], [0, 0], [0, 1], [2, 5], [3, 4], [3, 5], [4, 5], [5, 5]]
 1042,  [[0, 0], [0, 0], [0, 1], [2, 5], [3, 4], [3, 5], [4, 5], [6, 6]]
 1043,  [[0, 0], [0, 0], [0, 1], [2, 5], [3, 4], [5, 5], [5, 6], [5, 7]]
 1044,  [[0, 0], [0, 0], [0, 1], [2, 5], [3, 4], [3, 5], [5, 6], [7, 7]]
 1045,  [[0, 0], [0, 1], [0, 5], [2, 5], [3, 4], [3, 5], [5, 5], [6, 6]]
 1046,  [[0, 0], [0, 0], [0, 1], [2, 5], [3, 4], [3, 5], [4, 6], [5, 5]]
 1047,  [[0, 0], [0, 0], [0, 1], [2, 5], [3, 4], [3, 5], [5, 5], [6, 7]]
 1048,  [[0, 0], [0, 1], [0, 5], [2, 5], [3, 3], [4, 4], [5, 6], [5, 7]]
 1049,  [[0, 0], [0, 1], [0, 5], [2, 5], [3, 3], [4, 4], [5, 5], [6, 6]]
 1050,  [[0, 0], [0, 1], [0, 5], [2, 5], [3, 3], [4, 5], [5, 6], [7, 7]]
 1051,  [[0, 0], [0, 1], [0, 5], [2, 5], [3, 3], [4, 5], [4, 6], [5, 5]]
 1052,  [[0, 0], [0, 1], [0, 5], [2, 5], [3, 3], [4, 5], [5, 5], [6, 7]]
 1053,  [[0, 0], [0, 0], [0, 1], [2, 5], [3, 5], [4, 5], [5, 5], [6, 7]]
 1054,  [[0, 0], [0, 1], [0, 3], [2, 5], [3, 5], [4, 5], [4, 5], [6, 7]]
 1055,  [[0, 1], [0, 3], [0, 5], [3, 5], [4, 4], [5, 5], [5, 6], [7, 7]]
 1056,  [[0, 0], [0, 1], [0, 3], [4, 4], [5, 5], [5, 5], [5, 6], [7, 7]]
 1057,  [[0, 0], [0, 1], [0, 3], [2, 6], [3, 5], [4, 4], [5, 5], [5, 7]]
 1058,  [[0, 0], [0, 0], [0, 3], [3, 4], [4, 5], [5, 5], [5, 6], [5, 7]]
 1059,  [[0, 0], [0, 1], [0, 3], [3, 4], [4, 5], [5, 5], [5, 6], [7, 7]]
 1060,  [[0, 0], [0, 0], [0, 1], [3, 4], [3, 5], [4, 5], [5, 6], [7, 7]]
 1061,  [[0, 0], [0, 1], [0, 5], [3, 4], [3, 5], [5, 5], [5, 6], [7, 7]]
 1062,  [[0, 0], [0, 0], [0, 1], [2, 6], [3, 4], [3, 5], [5, 5], [5, 7]]
 1063,  [[0, 0], [0, 0], [0, 1], [3, 4], [3, 5], [4, 6], [5, 5], [5, 7]]
 1064,  [[0, 0], [0, 1], [0, 5], [3, 3], [4, 4], [5, 5], [5, 6], [7, 7]]
 1065,  [[0, 0], [0, 1], [0, 5], [3, 3], [4, 5], [5, 5], [6, 6], [7, 7]]
 1066,  [[0, 0], [0, 1], [0, 5], [2, 6], [3, 3], [4, 5], [5, 5], [5, 7]]
 1067,  [[0, 1], [0, 5], [0, 5], [3, 3], [4, 5], [4, 5], [6, 6], [7, 7]]
 1068,  [[0, 0], [0, 1], [0, 5], [2, 6], [3, 3], [4, 5], [4, 5], [7, 7]]
 1069,  [[0, 0], [0, 1], [0, 3], [2, 6], [3, 4], [4, 5], [5, 5], [5, 5]]
 1070,  [[0, 0], [0, 0], [0, 1], [2, 6], [3, 4], [3, 5], [4, 5], [5, 5]]
 1071,  [[0, 0], [0, 0], [0, 3], [3, 5], [4, 5], [4, 5], [5, 5], [6, 7]]
 1072,  [[0, 0], [0, 1], [0, 3], [3, 4], [4, 5], [5, 5], [5, 5], [6, 7]]
 1073,  [[0, 0], [0, 0], [0, 1], [3, 4], [3, 5], [4, 5], [5, 5], [6, 7]]
 1074,  [[0, 1], [0, 3], [0, 5], [2, 4], [3, 5], [5, 5], [6, 6], [7, 7]]
 1075,  [[0, 1], [0, 3], [0, 5], [2, 4], [3, 5], [4, 6], [5, 5], [5, 7]]
 1076,  [[0, 1], [0, 3], [0, 3], [2, 4], [5, 5], [5, 5], [5, 6], [7, 7]]
 1077,  [[0, 0], [0, 1], [0, 3], [2, 4], [4, 6], [5, 5], [5, 5], [5, 7]]
 1078,  [[0, 1], [0, 3], [0, 5], [2, 4], [3, 4], [5, 5], [5, 6], [5, 7]]
 1079,  [[0, 0], [0, 1], [0, 5], [2, 3], [3, 4], [4, 5], [5, 6], [5, 7]]
 1080,  [[0, 0], [0, 1], [0, 5], [2, 3], [3, 4], [5, 5], [5, 6], [7, 7]]
 1081,  [[0, 1], [0, 5], [0, 5], [2, 3], [4, 4], [5, 5], [5, 6], [7, 7]]
 1082,  [[0, 0], [0, 1], [0, 5], [2, 3], [3, 6], [4, 4], [5, 5], [5, 7]]
 1083,  [[0, 0], [0, 1], [0, 5], [2, 3], [3, 6], [4, 5], [5, 5], [7, 7]]
 1084,  [[0, 0], [0, 1], [0, 5], [2, 3], [4, 5], [4, 6], [5, 5], [7, 7]]
 1085,  [[0, 0], [0, 5], [0, 5], [1, 3], [4, 5], [4, 5], [6, 6], [7, 7]]
 1086,  [[0, 1], [0, 5], [0, 5], [2, 3], [3, 6], [4, 5], [4, 5], [7, 7]]
 1087,  [[0, 1], [0, 3], [0, 5], [2, 4], [4, 5], [5, 5], [6, 6], [7, 7]]
 1088,  [[0, 1], [0, 3], [0, 5], [2, 4], [3, 6], [5, 5], [5, 5], [7, 7]]
 1089,  [[0, 1], [0, 5], [0, 5], [2, 3], [3, 5], [4, 5], [4, 6], [7, 7]]
 1090,  [[0, 1], [0, 5], [0, 5], [2, 3], [3, 5], [4, 6], [4, 7], [5, 5]]
 1091,  [[0, 1], [0, 3], [0, 5], [2, 3], [4, 6], [5, 5], [5, 5], [7, 7]]
 1092,  [[0, 0], [0, 1], [0, 5], [3, 3], [4, 6], [5, 5], [5, 5], [7, 7]]
 1093,  [[0, 0], [0, 1], [0, 5], [2, 3], [3, 6], [4, 7], [5, 5], [5, 5]]
 1094,  [[0, 0], [0, 1], [0, 5], [2, 3], [4, 6], [4, 7], [5, 5], [5, 5]]
 1095,  [[0, 1], [0, 5], [0, 5], [2, 3], [3, 5], [4, 4], [6, 6], [7, 7]]
 1096,  [[0, 1], [0, 3], [0, 5], [2, 3], [4, 4], [5, 5], [5, 5], [6, 7]]
 1097,  [[0, 1], [0, 2], [0, 5], [3, 3], [4, 4], [5, 5], [5, 5], [6, 6]]
 1098,  [[0, 0], [0, 1], [0, 5], [2, 6], [3, 3], [4, 4], [5, 5], [5, 5]]
 1099,  [[0, 0], [0, 1], [0, 5], [3, 3], [4, 4], [5, 5], [5, 5], [6, 7]]
 1100,  [[0, 1], [0, 3], [0, 5], [2, 4], [3, 4], [5, 5], [5, 5], [6, 6]]
 1101,  [[0, 0], [0, 1], [0, 5], [2, 3], [3, 4], [4, 5], [5, 5], [6, 6]]
 1102,  [[0, 0], [0, 1], [0, 5], [2, 3], [3, 4], [4, 6], [5, 5], [5, 5]]
 1103,  [[0, 0], [0, 1], [0, 5], [2, 3], [3, 4], [5, 5], [5, 5], [6, 7]]
 1104,  [[0, 1], [0, 2], [0, 3], [3, 6], [4, 4], [5, 5], [5, 5], [5, 7]]
 1105,  [[0, 0], [0, 1], [0, 2], [3, 4], [3, 6], [5, 5], [5, 5], [5, 7]]
 1106,  [[0, 0], [0, 0], [0, 3], [3, 6], [4, 4], [5, 5], [5, 5], [5, 7]]
 1107,  [[0, 0], [0, 1], [0, 3], [3, 4], [4, 6], [5, 5], [5, 5], [5, 7]]
 1108,  [[0, 0], [0, 0], [0, 3], [1, 4], [2, 5], [3, 6], [5, 5], [5, 7]]
 1109,  [[0, 0], [0, 5], [0, 5], [1, 3], [3, 5], [4, 5], [6, 6], [7, 7]]
 1110,  [[0, 1], [0, 2], [0, 6], [3, 4], [3, 5], [4, 5], [5, 5], [5, 7]]
 1111,  [[0, 1], [0, 3], [0, 6], [2, 5], [3, 4], [5, 5], [5, 5], [7, 7]]
 1112,  [[0, 1], [0, 3], [0, 6], [2, 5], [3, 7], [4, 4], [5, 5], [5, 5]]
 1113,  [[0, 1], [0, 3], [0, 6], [2, 5], [3, 5], [4, 5], [4, 7], [5, 5]]
 1114,  [[0, 1], [0, 6], [0, 7], [2, 5], [3, 4], [3, 5], [4, 5], [5, 5]]
 1115,  [[0, 1], [0, 5], [0, 6], [2, 5], [3, 4], [3, 5], [4, 5], [7, 7]]
 1116,  [[0, 1], [0, 5], [0, 6], [2, 5], [3, 4], [3, 5], [4, 7], [5, 5]]
 1117,  [[0, 0], [0, 1], [0, 6], [2, 5], [3, 4], [3, 7], [5, 5], [5, 5]]
 1118,  [[0, 0], [0, 5], [0, 6], [3, 4], [3, 5], [4, 5], [5, 5], [7, 7]]
 1119,  [[0, 0], [0, 1], [0, 5], [3, 4], [3, 5], [4, 5], [5, 5], [6, 6]]
 1120,  [[0, 1], [0, 5], [0, 6], [2, 7], [3, 4], [3, 5], [4, 5], [5, 5]]
Total nodes =  1121
Total edges =  2624
Goal candidates No. 59
Goal candidates No. 70
Goal candidates No. 82
Goal candidates No. 84
Goal candidates No. 85
Goal candidates No. 97
Goal candidates No. 108
Goal candidates No. 301
Goal candidates No. 330
Goal candidates No. 348
Goal candidates No. 363
Goal candidates No. 373
Goal candidates No. 413
True Goal graph No. 425
Goal candidates No. 447
Goal candidates No. 455
Goal candidates No. 462
Goal candidates No. 773
Goal candidates No. 783
Goal candidates No. 791
Goal candidates No. 811
Goal candidates No. 839
Goal candidates No. 844
Goal candidates No. 865
Goal candidates No. 882
Goal candidates No. 888
Goal candidates No. 895
Goal candidates No. 900
Goal candidates No. 909
Goal candidates No. 967
Goal candidates No. 973
Goal candidates No. 994
Goal candidates No. 1005
Goal candidates No. 1017
Goal candidates No. 1028
Goal candidates No. 1038
Goal candidates No. 1054
Goal candidates No. 1079
Total Goals =  38  and Paths = 4792 

True paths: 71 / 4792 

