Nomber of atoms =  9
Atoms =  ['X', 'O', 'CH3', 'CH3', 'CH3', 'CH2', 'C', 'H', 'H']
Valence electrons =  [7, 6, 1, 1, 1, 2, 4, 1, 1]
Fixed electrons =  [[0, 0], [0, 0], [0, 0], [1, 1]]
Good initial graph No.0!
Good goal graph!

 Generated No. and Nodes:
    0,  [[0, 7], [1, 1], [1, 6], [1, 8], [2, 5], [3, 6], [4, 6], [5, 6]]
    1,  [[0, 0], [1, 1], [1, 6], [1, 7], [2, 5], [3, 6], [4, 6], [5, 6]]
    2,  [[0, 7], [1, 1], [1, 1], [1, 8], [2, 5], [3, 6], [4, 6], [5, 6]]
    3,  [[0, 7], [1, 1], [1, 1], [1, 6], [2, 5], [3, 6], [4, 6], [5, 6]]
    4,  [[0, 7], [1, 1], [1, 6], [1, 8], [2, 5], [3, 6], [5, 6], [6, 6]]
    5,  [[0, 7], [1, 1], [1, 6], [1, 8], [2, 5], [3, 6], [4, 6], [6, 6]]
    6,  [[0, 0], [1, 6], [1, 7], [1, 8], [2, 5], [3, 6], [4, 6], [5, 6]]
    7,  [[0, 0], [1, 1], [1, 1], [1, 7], [2, 5], [3, 6], [4, 6], [5, 6]]
    8,  [[0, 0], [1, 1], [1, 1], [1, 6], [2, 5], [3, 6], [4, 6], [5, 6]]
    9,  [[0, 0], [1, 1], [1, 6], [1, 7], [2, 5], [3, 6], [5, 6], [6, 6]]
   10,  [[0, 0], [1, 1], [1, 6], [1, 7], [2, 5], [3, 6], [4, 6], [6, 6]]
   11,  [[0, 7], [1, 1], [1, 1], [1, 8], [2, 5], [3, 6], [5, 6], [6, 6]]
   12,  [[0, 7], [1, 1], [1, 1], [1, 8], [2, 5], [3, 6], [4, 6], [6, 6]]
   13,  [[0, 7], [1, 1], [1, 1], [1, 6], [2, 5], [3, 6], [5, 6], [6, 6]]
   14,  [[0, 7], [1, 1], [1, 1], [1, 6], [2, 5], [3, 6], [4, 6], [6, 6]]
   15,  [[0, 7], [1, 2], [1, 6], [1, 8], [3, 5], [4, 6], [5, 6], [6, 6]]
   16,  [[0, 7], [1, 5], [1, 6], [1, 8], [2, 5], [3, 6], [4, 6], [6, 6]]
   17,  [[0, 7], [1, 1], [1, 6], [1, 8], [2, 6], [3, 6], [5, 5], [6, 6]]
   18,  [[0, 0], [1, 1], [1, 7], [1, 8], [2, 5], [3, 6], [4, 6], [5, 6]]
   19,  [[0, 0], [1, 6], [1, 7], [1, 8], [2, 5], [3, 6], [5, 6], [6, 6]]
   20,  [[0, 0], [1, 6], [1, 7], [1, 8], [2, 5], [3, 6], [4, 6], [6, 6]]
   21,  [[0, 6], [1, 1], [1, 1], [1, 7], [2, 5], [3, 6], [4, 6], [5, 6]]
   22,  [[0, 0], [1, 1], [1, 1], [1, 7], [2, 5], [3, 6], [5, 6], [6, 6]]
   23,  [[0, 0], [1, 1], [1, 1], [1, 7], [2, 5], [3, 6], [4, 6], [6, 6]]
   24,  [[0, 2], [1, 1], [1, 6], [1, 7], [3, 5], [4, 6], [5, 6], [6, 6]]
   25,  [[0, 0], [1, 2], [1, 6], [1, 7], [3, 5], [4, 6], [5, 6], [6, 6]]
   26,  [[0, 0], [1, 1], [1, 6], [1, 7], [2, 5], [3, 6], [5, 6], [6, 8]]
   27,  [[0, 5], [1, 1], [1, 6], [1, 7], [2, 5], [3, 6], [4, 6], [6, 6]]
   28,  [[0, 0], [1, 5], [1, 6], [1, 7], [2, 5], [3, 6], [4, 6], [6, 6]]
   29,  [[0, 0], [1, 1], [1, 6], [1, 7], [2, 6], [3, 6], [5, 5], [6, 6]]
   30,  [[0, 0], [1, 1], [1, 6], [1, 7], [2, 5], [3, 6], [4, 6], [6, 8]]
   31,  [[0, 7], [1, 1], [1, 2], [1, 8], [3, 5], [4, 6], [5, 6], [6, 6]]
   32,  [[0, 7], [1, 1], [1, 1], [1, 8], [2, 5], [5, 6], [6, 6], [6, 6]]
   33,  [[0, 7], [1, 1], [1, 1], [1, 8], [2, 5], [3, 6], [6, 6], [6, 6]]
   34,  [[0, 7], [1, 1], [1, 5], [1, 8], [2, 5], [3, 6], [4, 6], [6, 6]]
   35,  [[0, 7], [1, 1], [1, 1], [1, 8], [2, 6], [3, 6], [5, 5], [6, 6]]
   36,  [[0, 7], [1, 1], [1, 2], [1, 6], [3, 5], [4, 6], [5, 6], [6, 6]]
   37,  [[0, 7], [1, 1], [1, 1], [1, 6], [2, 5], [3, 6], [5, 6], [6, 8]]
   38,  [[0, 7], [1, 1], [1, 5], [1, 6], [2, 5], [3, 6], [4, 6], [6, 6]]
   39,  [[0, 7], [1, 1], [1, 1], [1, 6], [2, 6], [3, 6], [5, 5], [6, 6]]
   40,  [[0, 7], [1, 1], [1, 1], [1, 6], [2, 5], [3, 6], [4, 6], [6, 8]]
   41,  [[0, 7], [1, 2], [1, 6], [1, 8], [3, 6], [4, 6], [5, 5], [6, 6]]
   42,  [[0, 7], [1, 1], [1, 6], [1, 8], [2, 6], [3, 6], [4, 6], [5, 5]]
   43,  [[0, 6], [1, 1], [1, 7], [1, 8], [2, 5], [3, 6], [4, 6], [5, 6]]
   44,  [[0, 0], [1, 1], [1, 7], [1, 8], [2, 5], [3, 6], [5, 6], [6, 6]]
   45,  [[0, 0], [1, 1], [1, 7], [1, 8], [2, 5], [3, 6], [4, 6], [6, 6]]
   46,  [[0, 2], [1, 6], [1, 7], [1, 8], [3, 5], [4, 6], [5, 6], [6, 6]]
   47,  [[0, 5], [1, 6], [1, 7], [1, 8], [2, 5], [3, 6], [4, 6], [6, 6]]
   48,  [[0, 0], [1, 6], [1, 7], [1, 8], [2, 6], [3, 6], [5, 5], [6, 6]]
   49,  [[0, 6], [1, 1], [1, 1], [1, 7], [2, 5], [3, 6], [5, 6], [6, 6]]
   50,  [[0, 6], [1, 1], [1, 1], [1, 7], [2, 5], [3, 6], [4, 6], [6, 6]]
   51,  [[0, 2], [1, 1], [1, 1], [1, 7], [3, 5], [4, 6], [5, 6], [6, 6]]
   52,  [[0, 0], [1, 1], [1, 2], [1, 7], [3, 5], [4, 6], [5, 6], [6, 6]]
   53,  [[0, 0], [1, 1], [1, 1], [1, 7], [2, 5], [3, 6], [5, 6], [6, 8]]
   54,  [[0, 5], [1, 1], [1, 1], [1, 7], [2, 5], [3, 6], [4, 6], [6, 6]]
   55,  [[0, 0], [1, 1], [1, 5], [1, 7], [2, 5], [3, 6], [4, 6], [6, 6]]
   56,  [[0, 0], [1, 1], [1, 1], [1, 7], [2, 6], [3, 6], [5, 5], [6, 6]]
   57,  [[0, 0], [1, 1], [1, 1], [1, 7], [2, 5], [3, 6], [4, 6], [6, 8]]
   58,  [[0, 2], [1, 1], [1, 1], [1, 6], [3, 5], [4, 6], [5, 6], [6, 6]]
   59,  [[0, 2], [1, 1], [1, 6], [1, 7], [3, 5], [4, 6], [5, 6], [6, 8]]
   60,  [[0, 0], [1, 1], [1, 2], [1, 6], [3, 5], [4, 6], [5, 6], [6, 6]]
   61,  [[0, 0], [1, 2], [1, 6], [1, 7], [3, 5], [4, 6], [5, 6], [6, 8]]
   62,  [[0, 0], [1, 1], [1, 1], [1, 6], [2, 5], [3, 6], [5, 6], [6, 7]]
   63,  [[0, 0], [1, 1], [1, 6], [1, 7], [2, 5], [5, 6], [6, 6], [6, 8]]
   64,  [[0, 0], [1, 1], [1, 6], [1, 7], [2, 5], [3, 6], [6, 6], [6, 8]]
   65,  [[0, 0], [1, 1], [1, 6], [1, 7], [2, 5], [3, 6], [5, 6], [8, 8]]
   66,  [[0, 5], [1, 1], [1, 1], [1, 6], [2, 5], [3, 6], [4, 6], [6, 6]]
   67,  [[0, 5], [1, 1], [1, 6], [1, 7], [2, 5], [3, 6], [4, 6], [6, 8]]
   68,  [[0, 0], [1, 1], [1, 5], [1, 6], [2, 5], [3, 6], [4, 6], [6, 6]]
   69,  [[0, 0], [1, 5], [1, 6], [1, 7], [2, 5], [3, 6], [4, 6], [6, 8]]
   70,  [[0, 2], [1, 1], [1, 6], [1, 7], [3, 6], [4, 6], [5, 5], [6, 6]]
   71,  [[0, 0], [1, 2], [1, 6], [1, 7], [3, 6], [4, 6], [5, 5], [6, 6]]
   72,  [[0, 0], [1, 1], [1, 6], [1, 7], [2, 6], [3, 6], [5, 8], [6, 6]]
   73,  [[0, 0], [1, 1], [1, 6], [1, 7], [2, 6], [3, 6], [4, 6], [5, 5]]
   74,  [[0, 0], [1, 1], [1, 6], [1, 7], [2, 6], [3, 6], [5, 5], [6, 8]]
   75,  [[0, 0], [1, 1], [1, 1], [1, 6], [2, 5], [3, 6], [4, 6], [6, 7]]
   76,  [[0, 0], [1, 1], [1, 6], [1, 7], [2, 5], [3, 6], [4, 6], [8, 8]]
   77,  [[0, 7], [1, 1], [1, 1], [1, 2], [3, 5], [4, 6], [5, 6], [6, 6]]
   78,  [[0, 7], [1, 1], [1, 2], [1, 8], [3, 5], [5, 6], [6, 6], [6, 6]]
   79,  [[0, 7], [1, 1], [1, 2], [1, 8], [3, 5], [4, 6], [6, 6], [6, 6]]
   80,  [[0, 7], [1, 1], [1, 5], [1, 8], [2, 5], [3, 6], [6, 6], [6, 6]]
   81,  [[0, 7], [1, 1], [1, 1], [1, 8], [2, 6], [5, 5], [6, 6], [6, 6]]
   82,  [[0, 7], [1, 1], [1, 1], [1, 5], [2, 5], [3, 6], [4, 6], [6, 6]]
   83,  [[0, 7], [1, 1], [1, 2], [1, 8], [3, 6], [4, 6], [5, 5], [6, 6]]
   84,  [[0, 7], [1, 1], [1, 1], [1, 8], [2, 6], [3, 6], [5, 6], [6, 6]]
   85,  [[0, 7], [1, 1], [1, 1], [1, 8], [2, 6], [3, 6], [4, 6], [5, 5]]
   86,  [[0, 7], [1, 1], [1, 2], [1, 6], [3, 5], [4, 6], [5, 6], [6, 8]]
   87,  [[0, 7], [1, 1], [1, 1], [1, 6], [2, 5], [5, 6], [6, 6], [6, 8]]
   88,  [[0, 7], [1, 1], [1, 1], [1, 6], [2, 5], [3, 6], [6, 6], [6, 8]]
   89,  [[0, 7], [1, 1], [1, 1], [1, 6], [2, 5], [3, 6], [5, 6], [8, 8]]
   90,  [[0, 7], [1, 1], [1, 5], [1, 6], [2, 5], [3, 6], [4, 6], [6, 8]]
   91,  [[0, 7], [1, 1], [1, 2], [1, 6], [3, 6], [4, 6], [5, 5], [6, 6]]
   92,  [[0, 7], [1, 1], [1, 1], [1, 6], [2, 6], [3, 6], [5, 8], [6, 6]]
   93,  [[0, 7], [1, 1], [1, 1], [1, 6], [2, 6], [3, 6], [4, 6], [5, 5]]
   94,  [[0, 7], [1, 1], [1, 1], [1, 6], [2, 6], [3, 6], [5, 5], [6, 8]]
   95,  [[0, 7], [1, 1], [1, 1], [1, 6], [2, 5], [3, 6], [4, 6], [8, 8]]
   96,  [[0, 6], [1, 1], [1, 7], [1, 8], [2, 5], [3, 6], [5, 6], [6, 6]]
   97,  [[0, 6], [1, 1], [1, 7], [1, 8], [2, 5], [3, 6], [4, 6], [6, 6]]
   98,  [[0, 2], [1, 1], [1, 7], [1, 8], [3, 5], [4, 6], [5, 6], [6, 6]]
   99,  [[0, 0], [1, 2], [1, 7], [1, 8], [3, 5], [4, 6], [5, 6], [6, 6]]
  100,  [[0, 0], [1, 1], [1, 7], [1, 8], [2, 5], [5, 6], [6, 6], [6, 6]]
  101,  [[0, 0], [1, 1], [1, 7], [1, 8], [2, 5], [3, 6], [6, 6], [6, 6]]
  102,  [[0, 5], [1, 1], [1, 7], [1, 8], [2, 5], [3, 6], [4, 6], [6, 6]]
  103,  [[0, 0], [1, 5], [1, 7], [1, 8], [2, 5], [3, 6], [4, 6], [6, 6]]
  104,  [[0, 0], [1, 1], [1, 7], [1, 8], [2, 6], [3, 6], [5, 5], [6, 6]]
  105,  [[0, 2], [1, 6], [1, 7], [1, 8], [3, 6], [4, 6], [5, 5], [6, 6]]
  106,  [[0, 0], [1, 6], [1, 7], [1, 8], [2, 6], [3, 6], [4, 6], [5, 5]]
  107,  [[0, 6], [1, 1], [1, 2], [1, 7], [3, 5], [4, 6], [5, 6], [6, 6]]
  108,  [[0, 6], [1, 1], [1, 1], [1, 7], [2, 5], [3, 6], [5, 6], [6, 8]]
  109,  [[0, 6], [1, 1], [1, 5], [1, 7], [2, 5], [3, 6], [4, 6], [6, 6]]
  110,  [[0, 6], [1, 1], [1, 1], [1, 7], [2, 6], [3, 6], [5, 5], [6, 6]]
  111,  [[0, 6], [1, 1], [1, 1], [1, 7], [2, 5], [3, 6], [4, 6], [6, 8]]
  112,  [[0, 2], [1, 1], [1, 1], [1, 7], [3, 5], [5, 6], [6, 6], [6, 6]]
  113,  [[0, 2], [1, 1], [1, 1], [1, 7], [3, 5], [4, 6], [6, 6], [6, 6]]
  114,  [[0, 2], [1, 1], [1, 1], [1, 7], [3, 5], [4, 6], [5, 6], [6, 8]]
  115,  [[0, 0], [1, 1], [1, 1], [1, 2], [3, 5], [4, 6], [5, 6], [6, 6]]
  116,  [[0, 0], [1, 1], [1, 2], [1, 7], [3, 5], [5, 6], [6, 6], [6, 6]]
  117,  [[0, 0], [1, 1], [1, 2], [1, 7], [3, 5], [4, 6], [6, 6], [6, 6]]
  118,  [[0, 0], [1, 1], [1, 2], [1, 7], [3, 5], [4, 6], [5, 6], [6, 8]]
  119,  [[0, 0], [1, 1], [1, 1], [1, 7], [2, 5], [5, 6], [6, 6], [6, 8]]
  120,  [[0, 0], [1, 1], [1, 1], [1, 7], [2, 5], [3, 6], [6, 6], [6, 8]]
  121,  [[0, 5], [1, 1], [1, 1], [1, 7], [2, 5], [3, 6], [6, 6], [6, 6]]
  122,  [[0, 5], [1, 1], [1, 1], [1, 7], [2, 5], [3, 6], [4, 6], [6, 8]]
  123,  [[0, 0], [1, 1], [1, 1], [1, 5], [2, 5], [3, 6], [4, 6], [6, 6]]
  124,  [[0, 0], [1, 1], [1, 5], [1, 7], [2, 5], [3, 6], [6, 6], [6, 6]]
  125,  [[0, 0], [1, 1], [1, 5], [1, 7], [2, 5], [3, 6], [4, 6], [6, 8]]
  126,  [[0, 2], [1, 1], [1, 1], [1, 7], [3, 6], [4, 6], [5, 5], [6, 6]]
  127,  [[0, 0], [1, 1], [1, 2], [1, 7], [3, 6], [4, 6], [5, 5], [6, 6]]
  128,  [[0, 0], [1, 1], [1, 1], [1, 7], [2, 6], [3, 6], [5, 8], [6, 6]]
  129,  [[0, 0], [1, 1], [1, 1], [1, 7], [2, 6], [3, 6], [4, 6], [5, 5]]
  130,  [[0, 0], [1, 1], [1, 1], [1, 7], [2, 6], [3, 6], [5, 5], [6, 8]]
  131,  [[0, 2], [1, 1], [1, 1], [1, 6], [3, 5], [4, 6], [5, 6], [6, 7]]
  132,  [[0, 2], [1, 1], [1, 6], [1, 7], [3, 5], [5, 6], [6, 6], [6, 8]]
  133,  [[0, 2], [1, 1], [1, 6], [1, 7], [3, 5], [4, 6], [6, 6], [6, 8]]
  134,  [[0, 2], [1, 1], [1, 6], [1, 7], [3, 5], [4, 6], [5, 6], [8, 8]]
  135,  [[0, 0], [1, 1], [1, 2], [1, 6], [3, 5], [4, 6], [5, 6], [6, 7]]
  136,  [[0, 0], [1, 2], [1, 6], [1, 7], [3, 5], [5, 6], [6, 6], [6, 8]]
  137,  [[0, 0], [1, 2], [1, 6], [1, 7], [3, 5], [4, 6], [6, 6], [6, 8]]
  138,  [[0, 0], [1, 2], [1, 6], [1, 7], [3, 5], [4, 6], [5, 6], [8, 8]]
  139,  [[0, 0], [1, 1], [1, 6], [1, 7], [2, 5], [5, 6], [6, 6], [8, 8]]
  140,  [[0, 5], [1, 1], [1, 6], [1, 7], [2, 5], [3, 6], [6, 6], [6, 8]]
  141,  [[0, 0], [1, 5], [1, 6], [1, 7], [2, 5], [3, 6], [6, 6], [6, 8]]
  142,  [[0, 0], [1, 1], [1, 6], [1, 7], [2, 6], [5, 5], [6, 6], [6, 8]]
  143,  [[0, 0], [1, 1], [1, 6], [1, 7], [2, 5], [3, 6], [6, 6], [8, 8]]
  144,  [[0, 6], [1, 1], [1, 6], [1, 7], [2, 5], [3, 6], [5, 6], [8, 8]]
  145,  [[0, 0], [1, 6], [1, 6], [1, 7], [2, 5], [3, 6], [5, 6], [8, 8]]
  146,  [[0, 0], [1, 1], [1, 6], [1, 7], [2, 5], [3, 6], [4, 8], [5, 6]]
  147,  [[0, 5], [1, 1], [1, 1], [1, 6], [2, 5], [3, 6], [4, 6], [6, 7]]
  148,  [[0, 5], [1, 1], [1, 6], [1, 7], [2, 5], [3, 6], [4, 6], [8, 8]]
  149,  [[0, 0], [1, 1], [1, 5], [1, 6], [2, 5], [3, 6], [4, 6], [6, 7]]
  150,  [[0, 0], [1, 5], [1, 6], [1, 7], [2, 5], [3, 6], [4, 6], [8, 8]]
  151,  [[0, 2], [1, 1], [1, 1], [1, 6], [3, 6], [4, 6], [5, 5], [6, 6]]
  152,  [[0, 2], [1, 1], [1, 6], [1, 7], [3, 6], [4, 6], [5, 8], [6, 6]]
  153,  [[0, 2], [1, 1], [1, 6], [1, 7], [3, 6], [4, 6], [5, 5], [6, 8]]
  154,  [[0, 0], [1, 1], [1, 2], [1, 6], [3, 6], [4, 6], [5, 5], [6, 6]]
  155,  [[0, 0], [1, 2], [1, 6], [1, 7], [3, 6], [4, 6], [5, 8], [6, 6]]
  156,  [[0, 0], [1, 2], [1, 6], [1, 7], [3, 6], [4, 6], [5, 5], [6, 8]]
  157,  [[0, 5], [1, 1], [1, 6], [1, 7], [2, 6], [3, 6], [5, 8], [6, 6]]
  158,  [[0, 0], [1, 5], [1, 6], [1, 7], [2, 6], [3, 6], [5, 8], [6, 6]]
  159,  [[0, 0], [1, 1], [1, 6], [1, 7], [2, 6], [3, 6], [4, 6], [5, 8]]
  160,  [[0, 0], [1, 1], [1, 6], [1, 7], [2, 6], [3, 6], [5, 6], [5, 8]]
  161,  [[0, 0], [1, 1], [1, 1], [1, 6], [2, 6], [3, 6], [4, 6], [5, 5]]
  162,  [[0, 0], [1, 1], [1, 1], [1, 6], [2, 6], [3, 6], [5, 5], [6, 7]]
  163,  [[0, 0], [1, 1], [1, 6], [1, 7], [2, 6], [3, 6], [5, 5], [8, 8]]
  164,  [[0, 6], [1, 1], [1, 6], [1, 7], [2, 5], [3, 6], [4, 6], [8, 8]]
  165,  [[0, 0], [1, 6], [1, 6], [1, 7], [2, 5], [3, 6], [4, 6], [8, 8]]
  166,  [[0, 0], [1, 1], [1, 6], [1, 7], [2, 5], [3, 6], [4, 6], [5, 8]]
  167,  [[0, 7], [1, 1], [1, 1], [1, 2], [3, 5], [5, 6], [6, 6], [6, 6]]
  168,  [[0, 7], [1, 1], [1, 1], [1, 2], [3, 5], [4, 6], [6, 6], [6, 6]]
  169,  [[0, 7], [1, 1], [1, 1], [1, 2], [3, 5], [4, 6], [5, 6], [6, 8]]
  170,  [[0, 7], [1, 2], [1, 3], [1, 8], [4, 5], [5, 6], [6, 6], [6, 6]]
  171,  [[0, 7], [1, 2], [1, 5], [1, 8], [3, 5], [4, 6], [6, 6], [6, 6]]
  172,  [[0, 7], [1, 1], [1, 2], [1, 8], [3, 6], [5, 5], [6, 6], [6, 6]]
  173,  [[0, 7], [1, 1], [1, 1], [1, 5], [2, 5], [3, 6], [6, 6], [6, 6]]
  174,  [[0, 7], [1, 1], [1, 1], [1, 5], [2, 5], [3, 6], [4, 6], [6, 8]]
  175,  [[0, 7], [1, 1], [1, 1], [1, 2], [3, 6], [4, 6], [5, 5], [6, 6]]
  176,  [[0, 7], [1, 1], [1, 2], [1, 8], [3, 6], [4, 6], [5, 6], [6, 6]]
  177,  [[0, 7], [1, 1], [1, 5], [1, 8], [2, 6], [3, 6], [5, 6], [6, 6]]
  178,  [[0, 7], [1, 1], [1, 1], [1, 8], [2, 6], [3, 6], [4, 6], [5, 6]]
  179,  [[0, 7], [1, 1], [1, 1], [1, 8], [2, 6], [3, 6], [5, 6], [5, 6]]
  180,  [[0, 7], [1, 1], [1, 2], [1, 6], [3, 5], [5, 6], [6, 6], [6, 8]]
  181,  [[0, 7], [1, 1], [1, 2], [1, 6], [3, 5], [4, 6], [6, 6], [6, 8]]
  182,  [[0, 7], [1, 1], [1, 2], [1, 6], [3, 5], [4, 6], [5, 6], [8, 8]]
  183,  [[0, 7], [1, 1], [1, 1], [1, 6], [2, 5], [5, 6], [6, 6], [8, 8]]
  184,  [[0, 7], [1, 1], [1, 5], [1, 6], [2, 5], [3, 6], [6, 6], [6, 8]]
  185,  [[0, 7], [1, 1], [1, 1], [1, 6], [2, 6], [5, 5], [6, 6], [6, 8]]
  186,  [[0, 7], [1, 1], [1, 1], [1, 6], [2, 5], [3, 6], [6, 6], [8, 8]]
  187,  [[0, 7], [1, 1], [1, 6], [1, 6], [2, 5], [3, 6], [5, 6], [8, 8]]
  188,  [[0, 7], [1, 1], [1, 1], [1, 6], [2, 5], [3, 6], [4, 8], [5, 6]]
  189,  [[0, 7], [1, 1], [1, 5], [1, 6], [2, 5], [3, 6], [4, 6], [8, 8]]
  190,  [[0, 7], [1, 1], [1, 2], [1, 6], [3, 6], [4, 6], [5, 8], [6, 6]]
  191,  [[0, 7], [1, 1], [1, 2], [1, 6], [3, 6], [4, 6], [5, 5], [6, 8]]
  192,  [[0, 7], [1, 1], [1, 5], [1, 6], [2, 6], [3, 6], [5, 8], [6, 6]]
  193,  [[0, 7], [1, 1], [1, 1], [1, 6], [2, 6], [3, 6], [4, 6], [5, 8]]
  194,  [[0, 7], [1, 1], [1, 1], [1, 6], [2, 6], [3, 6], [5, 6], [5, 8]]
  195,  [[0, 7], [1, 1], [1, 1], [1, 6], [2, 6], [3, 6], [5, 5], [8, 8]]
  196,  [[0, 7], [1, 1], [1, 6], [1, 6], [2, 5], [3, 6], [4, 6], [8, 8]]
  197,  [[0, 7], [1, 1], [1, 1], [1, 6], [2, 5], [3, 6], [4, 6], [5, 8]]
  198,  [[0, 6], [1, 2], [1, 7], [1, 8], [3, 5], [4, 6], [5, 6], [6, 6]]
  199,  [[0, 6], [1, 5], [1, 7], [1, 8], [2, 5], [3, 6], [4, 6], [6, 6]]
  200,  [[0, 6], [1, 1], [1, 7], [1, 8], [2, 6], [3, 6], [5, 5], [6, 6]]
  201,  [[0, 2], [1, 1], [1, 7], [1, 8], [3, 5], [5, 6], [6, 6], [6, 6]]
  202,  [[0, 2], [1, 1], [1, 7], [1, 8], [3, 5], [4, 6], [6, 6], [6, 6]]
  203,  [[0, 0], [1, 2], [1, 7], [1, 8], [3, 5], [5, 6], [6, 6], [6, 6]]
  204,  [[0, 0], [1, 2], [1, 7], [1, 8], [3, 5], [4, 6], [6, 6], [6, 6]]
  205,  [[0, 5], [1, 1], [1, 7], [1, 8], [2, 5], [3, 6], [6, 6], [6, 6]]
  206,  [[0, 0], [1, 5], [1, 7], [1, 8], [2, 5], [3, 6], [6, 6], [6, 6]]
  207,  [[0, 0], [1, 1], [1, 7], [1, 8], [2, 6], [5, 5], [6, 6], [6, 6]]
  208,  [[0, 2], [1, 1], [1, 7], [1, 8], [3, 6], [4, 6], [5, 5], [6, 6]]
  209,  [[0, 0], [1, 2], [1, 7], [1, 8], [3, 6], [4, 6], [5, 5], [6, 6]]
  210,  [[0, 0], [1, 1], [1, 7], [1, 8], [2, 6], [3, 6], [5, 6], [6, 6]]
  211,  [[0, 0], [1, 1], [1, 7], [1, 8], [2, 6], [3, 6], [4, 6], [5, 5]]
  212,  [[0, 6], [1, 1], [1, 1], [1, 2], [3, 5], [4, 6], [5, 6], [6, 6]]
  213,  [[0, 6], [1, 1], [1, 2], [1, 7], [3, 5], [4, 6], [5, 6], [6, 8]]
  214,  [[0, 6], [1, 1], [1, 1], [1, 7], [2, 5], [5, 6], [6, 6], [6, 8]]
  215,  [[0, 6], [1, 1], [1, 1], [1, 7], [2, 5], [3, 6], [6, 6], [6, 8]]
  216,  [[0, 6], [1, 1], [1, 1], [1, 7], [2, 5], [3, 6], [5, 6], [8, 8]]
  217,  [[0, 6], [1, 1], [1, 1], [1, 5], [2, 5], [3, 6], [4, 6], [6, 6]]
  218,  [[0, 6], [1, 1], [1, 5], [1, 7], [2, 5], [3, 6], [4, 6], [6, 8]]
  219,  [[0, 6], [1, 1], [1, 2], [1, 7], [3, 6], [4, 6], [5, 5], [6, 6]]
  220,  [[0, 6], [1, 1], [1, 1], [1, 7], [2, 6], [3, 6], [5, 8], [6, 6]]
  221,  [[0, 6], [1, 1], [1, 1], [1, 7], [2, 6], [3, 6], [4, 6], [5, 5]]
  222,  [[0, 6], [1, 1], [1, 1], [1, 7], [2, 6], [3, 6], [5, 5], [6, 8]]
  223,  [[0, 6], [1, 1], [1, 1], [1, 7], [2, 5], [3, 6], [4, 6], [8, 8]]
  224,  [[0, 2], [1, 1], [1, 3], [1, 7], [4, 5], [5, 6], [6, 6], [6, 6]]
  225,  [[0, 2], [1, 1], [1, 1], [1, 7], [3, 5], [5, 6], [6, 6], [6, 8]]
  226,  [[0, 2], [1, 1], [1, 5], [1, 7], [3, 5], [4, 6], [6, 6], [6, 6]]
  227,  [[0, 2], [1, 1], [1, 1], [1, 7], [3, 6], [5, 5], [6, 6], [6, 6]]
  228,  [[0, 2], [1, 1], [1, 1], [1, 7], [3, 5], [4, 6], [6, 6], [6, 8]]
  229,  [[0, 0], [1, 1], [1, 1], [1, 2], [3, 5], [4, 6], [5, 6], [6, 7]]
  230,  [[0, 0], [1, 2], [1, 3], [1, 7], [4, 5], [5, 6], [6, 6], [6, 6]]
  231,  [[0, 0], [1, 1], [1, 2], [1, 7], [3, 5], [5, 6], [6, 6], [6, 8]]
  232,  [[0, 5], [1, 1], [1, 2], [1, 7], [3, 5], [4, 6], [6, 6], [6, 6]]
  233,  [[0, 0], [1, 2], [1, 5], [1, 7], [3, 5], [4, 6], [6, 6], [6, 6]]
  234,  [[0, 0], [1, 1], [1, 2], [1, 7], [3, 6], [5, 5], [6, 6], [6, 6]]
  235,  [[0, 0], [1, 1], [1, 2], [1, 7], [3, 5], [4, 6], [6, 6], [6, 8]]
  236,  [[0, 5], [1, 1], [1, 1], [1, 7], [2, 5], [3, 6], [6, 6], [6, 8]]
  237,  [[0, 0], [1, 1], [1, 5], [1, 7], [2, 5], [3, 6], [6, 6], [6, 8]]
  238,  [[0, 0], [1, 1], [1, 1], [1, 7], [2, 6], [5, 5], [6, 6], [6, 8]]
  239,  [[0, 0], [1, 1], [1, 1], [1, 5], [2, 5], [3, 6], [4, 6], [6, 7]]
  240,  [[0, 2], [1, 1], [1, 1], [1, 7], [3, 6], [4, 6], [5, 6], [6, 6]]
  241,  [[0, 2], [1, 1], [1, 1], [1, 7], [3, 6], [4, 6], [5, 8], [6, 6]]
  242,  [[0, 2], [1, 1], [1, 1], [1, 7], [3, 6], [4, 6], [5, 5], [6, 8]]
  243,  [[0, 0], [1, 1], [1, 1], [1, 2], [3, 6], [4, 6], [5, 5], [6, 6]]
  244,  [[0, 0], [1, 1], [1, 2], [1, 7], [3, 6], [4, 6], [5, 6], [6, 6]]
  245,  [[0, 0], [1, 1], [1, 2], [1, 7], [3, 6], [4, 6], [5, 8], [6, 6]]
  246,  [[0, 0], [1, 1], [1, 2], [1, 7], [3, 6], [4, 6], [5, 5], [6, 8]]
  247,  [[0, 5], [1, 1], [1, 1], [1, 7], [2, 6], [3, 6], [5, 8], [6, 6]]
  248,  [[0, 0], [1, 1], [1, 5], [1, 7], [2, 6], [3, 6], [5, 8], [6, 6]]
  249,  [[0, 0], [1, 1], [1, 1], [1, 7], [2, 6], [3, 6], [4, 6], [5, 8]]
  250,  [[0, 0], [1, 1], [1, 1], [1, 7], [2, 6], [3, 6], [5, 6], [5, 8]]
  251,  [[0, 0], [1, 1], [1, 1], [1, 7], [2, 6], [3, 6], [4, 6], [5, 6]]
  252,  [[0, 0], [1, 1], [1, 1], [1, 7], [2, 6], [3, 6], [5, 6], [6, 8]]
  253,  [[0, 2], [1, 1], [1, 1], [1, 6], [3, 5], [5, 6], [6, 6], [6, 7]]
  254,  [[0, 2], [1, 1], [1, 1], [1, 6], [3, 5], [4, 6], [6, 6], [6, 7]]
  255,  [[0, 2], [1, 1], [1, 1], [1, 6], [3, 5], [4, 6], [5, 6], [7, 7]]
  256,  [[0, 2], [1, 3], [1, 6], [1, 7], [4, 5], [5, 6], [6, 6], [6, 8]]
  257,  [[0, 2], [1, 1], [1, 6], [1, 7], [3, 5], [5, 6], [6, 6], [8, 8]]
  258,  [[0, 2], [1, 5], [1, 6], [1, 7], [3, 5], [4, 6], [6, 6], [6, 8]]
  259,  [[0, 2], [1, 1], [1, 6], [1, 7], [3, 6], [5, 5], [6, 6], [6, 8]]
  260,  [[0, 2], [1, 1], [1, 6], [1, 7], [3, 5], [4, 6], [6, 6], [8, 8]]
  261,  [[0, 2], [1, 6], [1, 6], [1, 7], [3, 5], [4, 6], [5, 6], [8, 8]]
  262,  [[0, 0], [1, 1], [1, 2], [1, 6], [3, 5], [5, 6], [6, 6], [6, 7]]
  263,  [[0, 0], [1, 1], [1, 2], [1, 6], [3, 5], [4, 6], [6, 6], [6, 7]]
  264,  [[0, 0], [1, 1], [1, 2], [1, 6], [3, 5], [4, 6], [5, 6], [7, 7]]
  265,  [[0, 0], [1, 2], [1, 6], [1, 7], [3, 5], [5, 6], [6, 6], [8, 8]]
  266,  [[0, 5], [1, 2], [1, 6], [1, 7], [3, 5], [4, 6], [6, 6], [6, 8]]
  267,  [[0, 0], [1, 2], [1, 6], [1, 7], [3, 6], [5, 5], [6, 6], [6, 8]]
  268,  [[0, 0], [1, 2], [1, 6], [1, 7], [3, 5], [4, 6], [6, 6], [8, 8]]
  269,  [[0, 6], [1, 2], [1, 6], [1, 7], [3, 5], [4, 6], [5, 6], [8, 8]]
  270,  [[0, 6], [1, 1], [1, 6], [1, 7], [2, 5], [5, 6], [6, 6], [8, 8]]
  271,  [[0, 0], [1, 1], [1, 6], [1, 7], [2, 5], [3, 8], [5, 6], [6, 6]]
  272,  [[0, 5], [1, 1], [1, 1], [1, 6], [2, 5], [3, 6], [6, 6], [6, 7]]
  273,  [[0, 5], [1, 1], [1, 6], [1, 7], [2, 5], [3, 6], [6, 6], [8, 8]]
  274,  [[0, 0], [1, 1], [1, 5], [1, 6], [2, 5], [3, 6], [6, 6], [6, 7]]
  275,  [[0, 0], [1, 5], [1, 6], [1, 7], [2, 5], [3, 6], [6, 6], [8, 8]]
  276,  [[0, 0], [1, 1], [1, 6], [1, 7], [2, 6], [5, 5], [6, 6], [8, 8]]
  277,  [[0, 6], [1, 1], [1, 6], [1, 7], [2, 5], [3, 6], [6, 6], [8, 8]]
  278,  [[0, 0], [1, 1], [1, 6], [1, 7], [2, 5], [3, 6], [4, 8], [6, 6]]
  279,  [[0, 0], [1, 1], [1, 6], [1, 7], [2, 5], [3, 6], [5, 8], [6, 6]]
  280,  [[0, 6], [1, 1], [1, 1], [1, 6], [2, 5], [3, 6], [5, 6], [7, 7]]
  281,  [[0, 6], [1, 1], [1, 6], [1, 7], [2, 5], [3, 6], [4, 8], [5, 6]]
  282,  [[0, 0], [1, 1], [1, 6], [1, 6], [2, 5], [3, 6], [5, 6], [7, 7]]
  283,  [[0, 0], [1, 6], [1, 6], [1, 7], [2, 5], [3, 6], [4, 8], [5, 6]]
  284,  [[0, 0], [1, 1], [1, 1], [1, 6], [2, 5], [3, 6], [4, 7], [5, 6]]
  285,  [[0, 5], [1, 1], [1, 1], [1, 6], [2, 5], [3, 6], [4, 6], [7, 7]]
  286,  [[0, 5], [1, 6], [1, 6], [1, 7], [2, 5], [3, 6], [4, 6], [8, 8]]
  287,  [[0, 0], [1, 1], [1, 5], [1, 6], [2, 5], [3, 6], [4, 6], [7, 7]]
  288,  [[0, 6], [1, 5], [1, 6], [1, 7], [2, 5], [3, 6], [4, 6], [8, 8]]
  289,  [[0, 2], [1, 1], [1, 1], [1, 6], [3, 6], [4, 6], [5, 7], [6, 6]]
  290,  [[0, 2], [1, 1], [1, 1], [1, 6], [3, 6], [4, 6], [5, 5], [6, 7]]
  291,  [[0, 2], [1, 5], [1, 6], [1, 7], [3, 6], [4, 6], [5, 8], [6, 6]]
  292,  [[0, 2], [1, 1], [1, 6], [1, 7], [3, 6], [4, 6], [5, 6], [5, 8]]
  293,  [[0, 2], [1, 1], [1, 6], [1, 7], [3, 6], [4, 6], [5, 5], [8, 8]]
  294,  [[0, 0], [1, 1], [1, 2], [1, 6], [3, 6], [4, 6], [5, 7], [6, 6]]
  295,  [[0, 0], [1, 1], [1, 2], [1, 6], [3, 6], [4, 6], [5, 5], [6, 7]]
  296,  [[0, 5], [1, 2], [1, 6], [1, 7], [3, 6], [4, 6], [5, 8], [6, 6]]
  297,  [[0, 0], [1, 2], [1, 6], [1, 7], [3, 6], [4, 6], [5, 6], [5, 8]]
  298,  [[0, 0], [1, 2], [1, 6], [1, 7], [3, 6], [4, 6], [5, 5], [8, 8]]
  299,  [[0, 5], [1, 1], [1, 1], [1, 6], [2, 6], [3, 6], [5, 7], [6, 6]]
  300,  [[0, 5], [1, 1], [1, 6], [1, 7], [2, 6], [3, 6], [6, 6], [8, 8]]
  301,  [[0, 5], [1, 1], [1, 6], [1, 7], [2, 6], [3, 6], [4, 6], [5, 8]]
  302,  [[0, 0], [1, 1], [1, 5], [1, 6], [2, 6], [3, 6], [5, 7], [6, 6]]
  303,  [[0, 0], [1, 5], [1, 6], [1, 7], [2, 6], [3, 6], [4, 6], [5, 8]]
  304,  [[0, 0], [1, 1], [1, 1], [1, 6], [2, 6], [3, 6], [4, 6], [5, 7]]
  305,  [[0, 0], [1, 1], [1, 1], [1, 6], [2, 6], [3, 6], [5, 6], [5, 7]]
  306,  [[0, 0], [1, 1], [1, 6], [1, 7], [2, 6], [5, 6], [5, 8], [6, 6]]
  307,  [[0, 0], [1, 1], [1, 6], [1, 7], [2, 6], [3, 6], [5, 6], [8, 8]]
  308,  [[0, 0], [1, 1], [1, 1], [1, 6], [2, 6], [3, 6], [5, 7], [6, 8]]
  309,  [[0, 6], [1, 1], [1, 6], [1, 7], [2, 6], [3, 6], [5, 5], [8, 8]]
  310,  [[0, 0], [1, 6], [1, 6], [1, 7], [2, 6], [3, 6], [5, 5], [8, 8]]
  311,  [[0, 0], [1, 1], [1, 6], [1, 7], [2, 6], [3, 6], [4, 8], [5, 5]]
  312,  [[0, 6], [1, 1], [1, 1], [1, 6], [2, 5], [3, 6], [4, 6], [7, 7]]
  313,  [[0, 6], [1, 1], [1, 6], [1, 7], [2, 5], [3, 6], [4, 6], [5, 8]]
  314,  [[0, 0], [1, 1], [1, 6], [1, 6], [2, 5], [3, 6], [4, 6], [7, 7]]
  315,  [[0, 0], [1, 6], [1, 6], [1, 7], [2, 5], [3, 6], [4, 6], [5, 8]]
  316,  [[0, 0], [1, 1], [1, 1], [1, 6], [2, 5], [3, 6], [4, 6], [5, 7]]
  317,  [[0, 7], [1, 1], [1, 2], [1, 3], [4, 5], [5, 6], [6, 6], [6, 6]]
  318,  [[0, 7], [1, 1], [1, 1], [1, 2], [3, 5], [5, 6], [6, 6], [6, 8]]
  319,  [[0, 7], [1, 1], [1, 2], [1, 5], [3, 5], [4, 6], [6, 6], [6, 6]]
  320,  [[0, 7], [1, 1], [1, 1], [1, 2], [3, 6], [5, 5], [6, 6], [6, 6]]
  321,  [[0, 7], [1, 1], [1, 1], [1, 2], [3, 5], [4, 6], [6, 6], [6, 8]]
  322,  [[0, 7], [1, 2], [1, 3], [1, 8], [4, 6], [5, 5], [6, 6], [6, 6]]
  323,  [[0, 7], [1, 1], [1, 1], [1, 5], [2, 5], [3, 6], [6, 6], [6, 8]]
  324,  [[0, 7], [1, 1], [1, 1], [1, 2], [3, 6], [4, 6], [5, 6], [6, 6]]
  325,  [[0, 7], [1, 1], [1, 1], [1, 2], [3, 6], [4, 6], [5, 8], [6, 6]]
  326,  [[0, 7], [1, 1], [1, 1], [1, 2], [3, 6], [4, 6], [5, 5], [6, 8]]
  327,  [[0, 7], [1, 2], [1, 5], [1, 8], [3, 6], [4, 6], [5, 6], [6, 6]]
  328,  [[0, 7], [1, 1], [1, 2], [1, 8], [3, 6], [4, 6], [5, 6], [5, 6]]
  329,  [[0, 0], [1, 1], [1, 5], [1, 7], [2, 6], [3, 6], [5, 6], [6, 6]]
  330,  [[0, 7], [1, 1], [1, 1], [1, 5], [2, 6], [3, 6], [5, 6], [6, 6]]
  331,  [[0, 7], [1, 1], [1, 5], [1, 8], [2, 6], [3, 6], [4, 6], [5, 6]]
  332,  [[0, 0], [1, 1], [1, 1], [1, 7], [2, 6], [3, 6], [5, 6], [5, 6]]
  333,  [[0, 7], [1, 1], [1, 1], [1, 8], [2, 6], [5, 6], [5, 6], [6, 6]]
  334,  [[0, 7], [1, 2], [1, 3], [1, 6], [4, 5], [5, 6], [6, 6], [6, 8]]
  335,  [[0, 7], [1, 1], [1, 2], [1, 6], [3, 5], [5, 6], [6, 6], [8, 8]]
  336,  [[0, 7], [1, 2], [1, 5], [1, 6], [3, 5], [4, 6], [6, 6], [6, 8]]
  337,  [[0, 7], [1, 1], [1, 2], [1, 6], [3, 6], [5, 5], [6, 6], [6, 8]]
  338,  [[0, 7], [1, 1], [1, 2], [1, 6], [3, 5], [4, 6], [6, 6], [8, 8]]
  339,  [[0, 7], [1, 2], [1, 6], [1, 6], [3, 5], [4, 6], [5, 6], [8, 8]]
  340,  [[0, 7], [1, 1], [1, 6], [1, 6], [2, 5], [5, 6], [6, 6], [8, 8]]
  341,  [[0, 7], [1, 1], [1, 1], [1, 6], [2, 5], [3, 8], [5, 6], [6, 6]]
  342,  [[0, 7], [1, 1], [1, 5], [1, 6], [2, 5], [3, 6], [6, 6], [8, 8]]
  343,  [[0, 7], [1, 1], [1, 1], [1, 6], [2, 6], [5, 5], [6, 6], [8, 8]]
  344,  [[0, 7], [1, 1], [1, 6], [1, 6], [2, 5], [3, 6], [6, 6], [8, 8]]
  345,  [[0, 7], [1, 1], [1, 1], [1, 6], [2, 5], [3, 6], [4, 8], [6, 6]]
  346,  [[0, 7], [1, 1], [1, 1], [1, 6], [2, 5], [3, 6], [5, 8], [6, 6]]
  347,  [[0, 7], [1, 1], [1, 6], [1, 6], [2, 5], [3, 6], [4, 8], [5, 6]]
  348,  [[0, 7], [1, 5], [1, 6], [1, 6], [2, 5], [3, 6], [4, 6], [8, 8]]
  349,  [[0, 7], [1, 2], [1, 5], [1, 6], [3, 6], [4, 6], [5, 8], [6, 6]]
  350,  [[0, 7], [1, 1], [1, 2], [1, 6], [3, 6], [4, 6], [5, 6], [5, 8]]
  351,  [[0, 7], [1, 1], [1, 2], [1, 6], [3, 6], [4, 6], [5, 5], [8, 8]]
  352,  [[0, 7], [1, 1], [1, 1], [1, 5], [2, 6], [3, 6], [5, 8], [6, 6]]
  353,  [[0, 7], [1, 1], [1, 5], [1, 6], [2, 6], [3, 6], [6, 6], [8, 8]]
  354,  [[0, 7], [1, 1], [1, 5], [1, 6], [2, 6], [3, 6], [4, 6], [5, 8]]
  355,  [[0, 7], [1, 1], [1, 1], [1, 6], [2, 6], [5, 6], [5, 8], [6, 6]]
  356,  [[0, 7], [1, 1], [1, 1], [1, 6], [2, 6], [3, 6], [5, 6], [8, 8]]
  357,  [[0, 7], [1, 1], [1, 6], [1, 6], [2, 6], [3, 6], [5, 5], [8, 8]]
  358,  [[0, 7], [1, 1], [1, 1], [1, 6], [2, 6], [3, 6], [4, 8], [5, 5]]
  359,  [[0, 7], [1, 1], [1, 6], [1, 6], [2, 5], [3, 6], [4, 6], [5, 8]]
  360,  [[0, 6], [1, 2], [1, 7], [1, 8], [3, 6], [4, 6], [5, 5], [6, 6]]
  361,  [[0, 6], [1, 1], [1, 7], [1, 8], [2, 6], [3, 6], [4, 6], [5, 5]]
  362,  [[0, 2], [1, 3], [1, 7], [1, 8], [4, 5], [5, 6], [6, 6], [6, 6]]
  363,  [[0, 2], [1, 5], [1, 7], [1, 8], [3, 5], [4, 6], [6, 6], [6, 6]]
  364,  [[0, 2], [1, 1], [1, 7], [1, 8], [3, 6], [5, 5], [6, 6], [6, 6]]
  365,  [[0, 5], [1, 2], [1, 7], [1, 8], [3, 5], [4, 6], [6, 6], [6, 6]]
  366,  [[0, 0], [1, 2], [1, 7], [1, 8], [3, 6], [5, 5], [6, 6], [6, 6]]
  367,  [[0, 2], [1, 1], [1, 7], [1, 8], [3, 6], [4, 6], [5, 6], [6, 6]]
  368,  [[0, 0], [1, 2], [1, 7], [1, 8], [3, 6], [4, 6], [5, 6], [6, 6]]
  369,  [[0, 5], [1, 1], [1, 7], [1, 8], [2, 6], [3, 6], [5, 6], [6, 6]]
  370,  [[0, 0], [1, 5], [1, 7], [1, 8], [2, 6], [3, 6], [5, 6], [6, 6]]
  371,  [[0, 0], [1, 1], [1, 7], [1, 8], [2, 6], [3, 6], [4, 6], [5, 6]]
  372,  [[0, 0], [1, 1], [1, 7], [1, 8], [2, 6], [3, 6], [5, 6], [5, 6]]
  373,  [[0, 6], [1, 1], [1, 1], [1, 2], [3, 5], [4, 6], [5, 6], [6, 7]]
  374,  [[0, 6], [1, 1], [1, 2], [1, 7], [3, 5], [5, 6], [6, 6], [6, 8]]
  375,  [[0, 6], [1, 1], [1, 2], [1, 7], [3, 5], [4, 6], [6, 6], [6, 8]]
  376,  [[0, 6], [1, 1], [1, 2], [1, 7], [3, 5], [4, 6], [5, 6], [8, 8]]
  377,  [[0, 6], [1, 1], [1, 1], [1, 7], [2, 5], [5, 6], [6, 6], [8, 8]]
  378,  [[0, 6], [1, 1], [1, 5], [1, 7], [2, 5], [3, 6], [6, 6], [6, 8]]
  379,  [[0, 6], [1, 1], [1, 1], [1, 7], [2, 6], [5, 5], [6, 6], [6, 8]]
  380,  [[0, 6], [1, 1], [1, 1], [1, 7], [2, 5], [3, 6], [6, 6], [8, 8]]
  381,  [[0, 6], [1, 1], [1, 1], [1, 7], [2, 5], [3, 6], [4, 8], [5, 6]]
  382,  [[0, 6], [1, 1], [1, 1], [1, 5], [2, 5], [3, 6], [4, 6], [6, 7]]
  383,  [[0, 6], [1, 1], [1, 5], [1, 7], [2, 5], [3, 6], [4, 6], [8, 8]]
  384,  [[0, 6], [1, 1], [1, 1], [1, 2], [3, 6], [4, 6], [5, 5], [6, 6]]
  385,  [[0, 6], [1, 1], [1, 2], [1, 7], [3, 6], [4, 6], [5, 8], [6, 6]]
  386,  [[0, 6], [1, 1], [1, 2], [1, 7], [3, 6], [4, 6], [5, 5], [6, 8]]
  387,  [[0, 6], [1, 1], [1, 5], [1, 7], [2, 6], [3, 6], [5, 8], [6, 6]]
  388,  [[0, 6], [1, 1], [1, 1], [1, 7], [2, 6], [3, 6], [4, 6], [5, 8]]
  389,  [[0, 6], [1, 1], [1, 1], [1, 7], [2, 6], [3, 6], [5, 6], [5, 8]]
  390,  [[0, 6], [1, 1], [1, 1], [1, 7], [2, 6], [3, 6], [5, 5], [8, 8]]
  391,  [[0, 6], [1, 1], [1, 1], [1, 7], [2, 5], [3, 6], [4, 6], [5, 8]]
  392,  [[0, 2], [1, 1], [1, 1], [1, 3], [4, 5], [5, 6], [6, 6], [6, 6]]
  393,  [[0, 2], [1, 1], [1, 3], [1, 7], [4, 5], [5, 6], [6, 6], [6, 8]]
  394,  [[0, 2], [1, 1], [1, 1], [1, 7], [3, 5], [6, 6], [6, 6], [6, 8]]
  395,  [[0, 2], [1, 1], [1, 1], [1, 5], [3, 5], [4, 6], [6, 6], [6, 6]]
  396,  [[0, 2], [1, 1], [1, 5], [1, 7], [3, 5], [4, 6], [6, 6], [6, 8]]
  397,  [[0, 2], [1, 1], [1, 3], [1, 7], [4, 6], [5, 5], [6, 6], [6, 6]]
  398,  [[0, 2], [1, 1], [1, 1], [1, 7], [3, 6], [5, 8], [6, 6], [6, 6]]
  399,  [[0, 2], [1, 1], [1, 1], [1, 7], [3, 6], [5, 5], [6, 6], [6, 8]]
  400,  [[0, 0], [1, 1], [1, 1], [1, 2], [3, 5], [5, 6], [6, 6], [6, 7]]
  401,  [[0, 0], [1, 1], [1, 1], [1, 2], [3, 5], [4, 6], [6, 6], [6, 7]]
  402,  [[0, 0], [1, 1], [1, 2], [1, 3], [4, 5], [5, 6], [6, 6], [6, 6]]
  403,  [[0, 0], [1, 2], [1, 3], [1, 7], [4, 5], [5, 6], [6, 6], [6, 8]]
  404,  [[0, 0], [1, 1], [1, 2], [1, 7], [3, 5], [6, 6], [6, 6], [6, 8]]
  405,  [[0, 5], [1, 1], [1, 1], [1, 2], [3, 5], [4, 6], [6, 6], [6, 6]]
  406,  [[0, 5], [1, 1], [1, 2], [1, 7], [3, 5], [4, 6], [6, 6], [6, 8]]
  407,  [[0, 0], [1, 1], [1, 2], [1, 5], [3, 5], [4, 6], [6, 6], [6, 6]]
  408,  [[0, 0], [1, 2], [1, 5], [1, 7], [3, 5], [4, 6], [6, 6], [6, 8]]
  409,  [[0, 0], [1, 2], [1, 3], [1, 7], [4, 6], [5, 5], [6, 6], [6, 6]]
  410,  [[0, 0], [1, 1], [1, 2], [1, 7], [3, 6], [5, 8], [6, 6], [6, 6]]
  411,  [[0, 0], [1, 1], [1, 2], [1, 7], [3, 6], [5, 5], [6, 6], [6, 8]]
  412,  [[0, 5], [1, 1], [1, 1], [1, 7], [2, 5], [6, 6], [6, 6], [6, 8]]
  413,  [[0, 0], [1, 1], [1, 1], [1, 5], [2, 5], [3, 6], [6, 6], [6, 7]]
  414,  [[0, 0], [1, 1], [1, 5], [1, 7], [2, 5], [6, 6], [6, 6], [6, 8]]
  415,  [[0, 2], [1, 1], [1, 5], [1, 7], [3, 6], [4, 6], [5, 6], [6, 6]]
  416,  [[0, 2], [1, 1], [1, 1], [1, 7], [3, 6], [4, 6], [5, 6], [5, 6]]
  417,  [[0, 2], [1, 1], [1, 1], [1, 7], [3, 6], [4, 6], [5, 6], [6, 8]]
  418,  [[0, 2], [1, 1], [1, 5], [1, 7], [3, 6], [4, 6], [5, 8], [6, 6]]
  419,  [[0, 2], [1, 1], [1, 1], [1, 7], [3, 6], [4, 6], [5, 6], [5, 8]]
  420,  [[0, 0], [1, 1], [1, 1], [1, 2], [3, 6], [4, 6], [5, 7], [6, 6]]
  421,  [[0, 0], [1, 1], [1, 1], [1, 2], [3, 6], [4, 6], [5, 5], [6, 7]]
  422,  [[0, 5], [1, 1], [1, 2], [1, 7], [3, 6], [4, 6], [5, 6], [6, 6]]
  423,  [[0, 0], [1, 2], [1, 5], [1, 7], [3, 6], [4, 6], [5, 6], [6, 6]]
  424,  [[0, 0], [1, 1], [1, 2], [1, 7], [3, 6], [4, 6], [5, 6], [5, 6]]
  425,  [[0, 0], [1, 1], [1, 2], [1, 7], [3, 6], [4, 6], [5, 6], [6, 8]]
  426,  [[0, 5], [1, 1], [1, 2], [1, 7], [3, 6], [4, 6], [5, 8], [6, 6]]
  427,  [[0, 0], [1, 2], [1, 5], [1, 7], [3, 6], [4, 6], [5, 8], [6, 6]]
  428,  [[0, 0], [1, 1], [1, 2], [1, 7], [3, 6], [4, 6], [5, 6], [5, 8]]
  429,  [[0, 5], [1, 1], [1, 1], [1, 7], [2, 6], [5, 8], [6, 6], [6, 6]]
  430,  [[0, 5], [1, 1], [1, 1], [1, 7], [2, 6], [3, 6], [6, 6], [8, 8]]
  431,  [[0, 5], [1, 1], [1, 1], [1, 7], [2, 6], [3, 6], [4, 6], [5, 8]]
  432,  [[0, 0], [1, 1], [1, 1], [1, 5], [2, 6], [3, 6], [5, 7], [6, 6]]
  433,  [[0, 0], [1, 1], [1, 5], [1, 7], [2, 6], [5, 8], [6, 6], [6, 6]]
  434,  [[0, 0], [1, 1], [1, 5], [1, 7], [2, 6], [3, 6], [6, 6], [8, 8]]
  435,  [[0, 0], [1, 1], [1, 5], [1, 7], [2, 6], [3, 6], [4, 6], [5, 8]]
  436,  [[0, 0], [1, 1], [1, 1], [1, 7], [2, 6], [5, 6], [5, 8], [6, 6]]
  437,  [[0, 5], [1, 1], [1, 1], [1, 7], [2, 6], [3, 6], [4, 6], [5, 6]]
  438,  [[0, 0], [1, 1], [1, 5], [1, 7], [2, 6], [3, 6], [4, 6], [5, 6]]
  439,  [[0, 5], [1, 1], [1, 1], [1, 7], [2, 6], [3, 6], [5, 6], [6, 8]]
  440,  [[0, 0], [1, 1], [1, 5], [1, 7], [2, 6], [3, 6], [5, 6], [6, 8]]
  441,  [[0, 2], [1, 1], [1, 3], [1, 6], [4, 5], [5, 6], [6, 6], [6, 7]]
  442,  [[0, 2], [1, 1], [1, 1], [1, 6], [3, 5], [5, 6], [6, 7], [6, 8]]
  443,  [[0, 2], [1, 1], [1, 1], [1, 6], [3, 5], [5, 6], [6, 6], [7, 7]]
  444,  [[0, 2], [1, 1], [1, 5], [1, 6], [3, 5], [4, 6], [6, 6], [6, 7]]
  445,  [[0, 2], [1, 1], [1, 1], [1, 6], [3, 6], [5, 5], [6, 6], [6, 7]]
  446,  [[0, 2], [1, 1], [1, 1], [1, 6], [3, 5], [4, 6], [6, 7], [6, 8]]
  447,  [[0, 2], [1, 1], [1, 1], [1, 6], [3, 5], [4, 6], [6, 6], [7, 7]]
  448,  [[0, 2], [1, 1], [1, 6], [1, 6], [3, 5], [4, 6], [5, 6], [7, 7]]
  449,  [[0, 2], [1, 1], [1, 1], [1, 6], [3, 5], [4, 6], [5, 6], [7, 8]]
  450,  [[0, 2], [1, 3], [1, 6], [1, 7], [4, 5], [5, 6], [6, 6], [8, 8]]
  451,  [[0, 2], [1, 6], [1, 6], [1, 7], [3, 5], [5, 6], [6, 6], [8, 8]]
  452,  [[0, 2], [1, 1], [1, 6], [1, 7], [3, 5], [6, 6], [6, 6], [8, 8]]
  453,  [[0, 2], [1, 1], [1, 6], [1, 7], [3, 5], [4, 8], [5, 6], [6, 6]]
  454,  [[0, 2], [1, 5], [1, 6], [1, 7], [3, 5], [4, 6], [6, 6], [8, 8]]
  455,  [[0, 2], [1, 3], [1, 6], [1, 7], [4, 6], [5, 5], [6, 6], [6, 8]]
  456,  [[0, 2], [1, 1], [1, 6], [1, 7], [3, 6], [5, 5], [6, 6], [8, 8]]
  457,  [[0, 2], [1, 6], [1, 6], [1, 7], [3, 5], [4, 6], [6, 6], [8, 8]]
  458,  [[0, 2], [1, 1], [1, 6], [1, 7], [3, 5], [4, 6], [5, 8], [6, 6]]
  459,  [[0, 0], [1, 2], [1, 3], [1, 6], [4, 5], [5, 6], [6, 6], [6, 7]]
  460,  [[0, 0], [1, 1], [1, 2], [1, 6], [3, 5], [5, 6], [6, 7], [6, 8]]
  461,  [[0, 0], [1, 1], [1, 2], [1, 6], [3, 5], [5, 6], [6, 6], [7, 7]]
  462,  [[0, 5], [1, 1], [1, 2], [1, 6], [3, 5], [4, 6], [6, 6], [6, 7]]
  463,  [[0, 0], [1, 2], [1, 5], [1, 6], [3, 5], [4, 6], [6, 6], [6, 7]]
  464,  [[0, 0], [1, 1], [1, 2], [1, 6], [3, 6], [5, 5], [6, 6], [6, 7]]
  465,  [[0, 0], [1, 1], [1, 2], [1, 6], [3, 5], [4, 6], [6, 7], [6, 8]]
  466,  [[0, 0], [1, 1], [1, 2], [1, 6], [3, 5], [4, 6], [6, 6], [7, 7]]
  467,  [[0, 6], [1, 1], [1, 2], [1, 6], [3, 5], [4, 6], [5, 6], [7, 7]]
  468,  [[0, 0], [1, 2], [1, 6], [1, 6], [3, 5], [4, 6], [5, 6], [7, 7]]
  469,  [[0, 0], [1, 1], [1, 2], [1, 6], [3, 5], [4, 6], [5, 6], [7, 8]]
  470,  [[0, 6], [1, 2], [1, 6], [1, 7], [3, 5], [5, 6], [6, 6], [8, 8]]
  471,  [[0, 0], [1, 2], [1, 6], [1, 7], [3, 5], [4, 8], [5, 6], [6, 6]]
  472,  [[0, 5], [1, 2], [1, 6], [1, 7], [3, 5], [4, 6], [6, 6], [8, 8]]
  473,  [[0, 0], [1, 2], [1, 6], [1, 7], [3, 6], [5, 5], [6, 6], [8, 8]]
  474,  [[0, 6], [1, 2], [1, 6], [1, 7], [3, 5], [4, 6], [6, 6], [8, 8]]
  475,  [[0, 0], [1, 2], [1, 6], [1, 7], [3, 5], [4, 6], [5, 8], [6, 6]]
  476,  [[0, 6], [1, 1], [1, 6], [1, 7], [2, 5], [3, 8], [5, 6], [6, 6]]
  477,  [[0, 0], [1, 6], [1, 6], [1, 7], [2, 5], [3, 8], [5, 6], [6, 6]]
  478,  [[0, 0], [1, 1], [1, 1], [1, 6], [2, 5], [3, 7], [5, 6], [6, 6]]
  479,  [[0, 0], [1, 1], [1, 6], [1, 7], [2, 5], [3, 8], [6, 6], [6, 6]]
  480,  [[0, 5], [1, 1], [1, 1], [1, 6], [2, 5], [3, 6], [6, 7], [6, 8]]
  481,  [[0, 5], [1, 1], [1, 1], [1, 6], [2, 5], [3, 6], [6, 6], [7, 7]]
  482,  [[0, 5], [1, 6], [1, 6], [1, 7], [2, 5], [3, 6], [6, 6], [8, 8]]
  483,  [[0, 5], [1, 1], [1, 6], [1, 7], [2, 5], [6, 6], [6, 6], [8, 8]]
  484,  [[0, 5], [1, 1], [1, 6], [1, 7], [2, 5], [3, 6], [4, 8], [6, 6]]
  485,  [[0, 0], [1, 1], [1, 5], [1, 6], [2, 5], [3, 6], [6, 7], [6, 8]]
  486,  [[0, 0], [1, 1], [1, 5], [1, 6], [2, 5], [3, 6], [6, 6], [7, 7]]
  487,  [[0, 6], [1, 5], [1, 6], [1, 7], [2, 5], [3, 6], [6, 6], [8, 8]]
  488,  [[0, 0], [1, 5], [1, 6], [1, 7], [2, 5], [3, 6], [4, 8], [6, 6]]
  489,  [[0, 6], [1, 1], [1, 6], [1, 7], [2, 6], [5, 5], [6, 6], [8, 8]]
  490,  [[0, 0], [1, 1], [1, 6], [1, 7], [2, 6], [3, 8], [5, 5], [6, 6]]
  491,  [[0, 6], [1, 1], [1, 6], [1, 7], [2, 5], [3, 6], [4, 8], [6, 6]]
  492,  [[0, 6], [1, 1], [1, 6], [1, 7], [2, 5], [3, 6], [5, 8], [6, 6]]
  493,  [[0, 0], [1, 6], [1, 6], [1, 7], [2, 5], [3, 6], [4, 8], [6, 6]]
  494,  [[0, 0], [1, 1], [1, 1], [1, 6], [2, 5], [3, 6], [4, 7], [6, 6]]
  495,  [[0, 0], [1, 6], [1, 6], [1, 7], [2, 5], [3, 6], [5, 8], [6, 6]]
  496,  [[0, 0], [1, 1], [1, 1], [1, 6], [2, 5], [3, 6], [5, 7], [6, 6]]
  497,  [[0, 0], [1, 1], [1, 6], [1, 7], [2, 5], [5, 8], [6, 6], [6, 6]]
  498,  [[0, 6], [1, 1], [1, 1], [1, 6], [2, 5], [3, 6], [4, 7], [5, 6]]
  499,  [[0, 6], [1, 1], [1, 1], [1, 6], [2, 5], [3, 6], [5, 6], [7, 8]]
  500,  [[0, 0], [1, 1], [1, 6], [1, 6], [2, 5], [3, 6], [4, 7], [5, 6]]
  501,  [[0, 0], [1, 1], [1, 6], [1, 6], [2, 5], [3, 6], [5, 6], [7, 8]]
  502,  [[0, 5], [1, 1], [1, 6], [1, 6], [2, 5], [3, 6], [4, 6], [7, 7]]
  503,  [[0, 5], [1, 1], [1, 1], [1, 6], [2, 5], [3, 6], [4, 6], [7, 8]]
  504,  [[0, 6], [1, 1], [1, 5], [1, 6], [2, 5], [3, 6], [4, 6], [7, 7]]
  505,  [[0, 0], [1, 5], [1, 6], [1, 6], [2, 5], [3, 6], [4, 6], [7, 7]]
  506,  [[0, 0], [1, 1], [1, 5], [1, 6], [2, 5], [3, 6], [4, 6], [7, 8]]
  507,  [[0, 2], [1, 1], [1, 5], [1, 6], [3, 6], [4, 6], [5, 7], [6, 6]]
  508,  [[0, 2], [1, 1], [1, 1], [1, 6], [3, 6], [4, 6], [5, 6], [5, 7]]
  509,  [[0, 2], [1, 1], [1, 1], [1, 6], [3, 6], [4, 6], [5, 7], [6, 8]]
  510,  [[0, 2], [1, 1], [1, 1], [1, 6], [3, 6], [4, 6], [5, 5], [7, 7]]
  511,  [[0, 2], [1, 5], [1, 6], [1, 7], [3, 6], [4, 6], [6, 6], [8, 8]]
  512,  [[0, 2], [1, 1], [1, 6], [1, 7], [3, 6], [5, 6], [5, 8], [6, 6]]
  513,  [[0, 2], [1, 1], [1, 6], [1, 7], [3, 6], [4, 6], [5, 6], [8, 8]]
  514,  [[0, 2], [1, 6], [1, 6], [1, 7], [3, 6], [4, 6], [5, 5], [8, 8]]
  515,  [[0, 5], [1, 1], [1, 2], [1, 6], [3, 6], [4, 6], [5, 7], [6, 6]]
  516,  [[0, 0], [1, 2], [1, 5], [1, 6], [3, 6], [4, 6], [5, 7], [6, 6]]
  517,  [[0, 0], [1, 1], [1, 2], [1, 6], [3, 6], [4, 6], [5, 6], [5, 7]]
  518,  [[0, 0], [1, 1], [1, 2], [1, 6], [3, 6], [4, 6], [5, 7], [6, 8]]
  519,  [[0, 0], [1, 1], [1, 2], [1, 6], [3, 6], [4, 6], [5, 5], [7, 7]]
  520,  [[0, 5], [1, 2], [1, 6], [1, 7], [3, 6], [4, 6], [6, 6], [8, 8]]
  521,  [[0, 0], [1, 2], [1, 6], [1, 7], [3, 6], [5, 6], [5, 8], [6, 6]]
  522,  [[0, 0], [1, 2], [1, 6], [1, 7], [3, 6], [4, 6], [5, 6], [8, 8]]
  523,  [[0, 6], [1, 2], [1, 6], [1, 7], [3, 6], [4, 6], [5, 5], [8, 8]]
  524,  [[0, 5], [1, 1], [1, 1], [1, 6], [2, 6], [3, 6], [4, 6], [5, 7]]
  525,  [[0, 5], [1, 1], [1, 1], [1, 6], [2, 6], [3, 6], [5, 7], [6, 8]]
  526,  [[0, 5], [1, 5], [1, 6], [1, 7], [2, 6], [3, 6], [6, 6], [8, 8]]
  527,  [[0, 5], [1, 1], [1, 6], [1, 7], [2, 6], [3, 6], [4, 6], [8, 8]]
  528,  [[0, 5], [1, 1], [1, 6], [1, 7], [2, 6], [3, 6], [5, 6], [8, 8]]
  529,  [[0, 5], [1, 1], [1, 6], [1, 7], [2, 6], [3, 6], [4, 8], [6, 6]]
  530,  [[0, 0], [1, 1], [1, 5], [1, 6], [2, 6], [3, 6], [4, 6], [5, 7]]
  531,  [[0, 0], [1, 1], [1, 5], [1, 6], [2, 6], [3, 6], [5, 7], [6, 8]]
  532,  [[0, 0], [1, 5], [1, 6], [1, 7], [2, 6], [3, 6], [4, 6], [8, 8]]
  533,  [[0, 0], [1, 5], [1, 6], [1, 7], [2, 6], [3, 6], [5, 6], [8, 8]]
  534,  [[0, 0], [1, 1], [1, 6], [1, 7], [2, 6], [3, 6], [4, 8], [5, 6]]
  535,  [[0, 6], [1, 1], [1, 1], [1, 6], [2, 6], [3, 6], [5, 5], [7, 7]]
  536,  [[0, 6], [1, 1], [1, 6], [1, 7], [2, 6], [3, 6], [4, 8], [5, 5]]
  537,  [[0, 0], [1, 1], [1, 6], [1, 6], [2, 6], [3, 6], [5, 5], [7, 7]]
  538,  [[0, 0], [1, 6], [1, 6], [1, 7], [2, 6], [3, 6], [4, 8], [5, 5]]
  539,  [[0, 0], [1, 1], [1, 1], [1, 6], [2, 6], [3, 6], [4, 7], [5, 5]]
  540,  [[0, 6], [1, 1], [1, 1], [1, 6], [2, 5], [3, 6], [4, 6], [5, 7]]
  541,  [[0, 6], [1, 1], [1, 1], [1, 6], [2, 5], [3, 6], [4, 6], [7, 8]]
  542,  [[0, 0], [1, 1], [1, 6], [1, 6], [2, 5], [3, 6], [4, 6], [5, 7]]
  543,  [[0, 0], [1, 1], [1, 6], [1, 6], [2, 5], [3, 6], [4, 6], [7, 8]]
  544,  [[0, 7], [1, 1], [1, 2], [1, 3], [4, 5], [5, 6], [6, 6], [6, 8]]
  545,  [[0, 7], [1, 1], [1, 1], [1, 2], [3, 5], [6, 6], [6, 6], [6, 8]]
  546,  [[0, 7], [1, 1], [1, 2], [1, 5], [3, 5], [4, 6], [6, 6], [6, 8]]
  547,  [[0, 7], [1, 1], [1, 2], [1, 3], [4, 6], [5, 5], [6, 6], [6, 6]]
  548,  [[0, 7], [1, 1], [1, 1], [1, 2], [3, 6], [5, 8], [6, 6], [6, 6]]
  549,  [[0, 7], [1, 1], [1, 1], [1, 2], [3, 6], [5, 5], [6, 6], [6, 8]]
  550,  [[0, 7], [1, 1], [1, 1], [1, 5], [2, 5], [6, 6], [6, 6], [6, 8]]
  551,  [[0, 7], [1, 1], [1, 2], [1, 5], [3, 6], [4, 6], [5, 6], [6, 6]]
  552,  [[0, 7], [1, 1], [1, 1], [1, 2], [3, 6], [4, 6], [5, 6], [5, 6]]
  553,  [[0, 7], [1, 1], [1, 1], [1, 2], [3, 6], [4, 6], [5, 6], [6, 8]]
  554,  [[0, 7], [1, 1], [1, 2], [1, 5], [3, 6], [4, 6], [5, 8], [6, 6]]
  555,  [[0, 7], [1, 1], [1, 1], [1, 2], [3, 6], [4, 6], [5, 6], [5, 8]]
  556,  [[0, 7], [1, 1], [1, 2], [1, 8], [3, 6], [5, 6], [5, 6], [6, 6]]
  557,  [[0, 7], [1, 1], [1, 1], [1, 5], [2, 6], [3, 6], [4, 6], [5, 6]]
  558,  [[0, 7], [1, 1], [1, 1], [1, 5], [2, 6], [3, 6], [5, 6], [6, 8]]
  559,  [[0, 7], [1, 1], [1, 5], [1, 8], [2, 6], [3, 6], [4, 6], [6, 6]]
  560,  [[0, 7], [1, 2], [1, 3], [1, 6], [4, 5], [5, 6], [6, 6], [8, 8]]
  561,  [[0, 7], [1, 2], [1, 6], [1, 6], [3, 5], [5, 6], [6, 6], [8, 8]]
  562,  [[0, 7], [1, 1], [1, 2], [1, 6], [3, 5], [6, 6], [6, 6], [8, 8]]
  563,  [[0, 7], [1, 1], [1, 2], [1, 6], [3, 5], [4, 8], [5, 6], [6, 6]]
  564,  [[0, 7], [1, 2], [1, 5], [1, 6], [3, 5], [4, 6], [6, 6], [8, 8]]
  565,  [[0, 7], [1, 2], [1, 3], [1, 6], [4, 6], [5, 5], [6, 6], [6, 8]]
  566,  [[0, 7], [1, 1], [1, 2], [1, 6], [3, 6], [5, 5], [6, 6], [8, 8]]
  567,  [[0, 7], [1, 2], [1, 6], [1, 6], [3, 5], [4, 6], [6, 6], [8, 8]]
  568,  [[0, 7], [1, 1], [1, 2], [1, 6], [3, 5], [4, 6], [5, 8], [6, 6]]
  569,  [[0, 7], [1, 1], [1, 6], [1, 6], [2, 5], [3, 8], [5, 6], [6, 6]]
  570,  [[0, 7], [1, 1], [1, 1], [1, 6], [2, 5], [3, 8], [6, 6], [6, 6]]
  571,  [[0, 7], [1, 5], [1, 6], [1, 6], [2, 5], [3, 6], [6, 6], [8, 8]]
  572,  [[0, 7], [1, 1], [1, 5], [1, 6], [2, 5], [6, 6], [6, 6], [8, 8]]
  573,  [[0, 7], [1, 1], [1, 5], [1, 6], [2, 5], [3, 6], [4, 8], [6, 6]]
  574,  [[0, 7], [1, 1], [1, 6], [1, 6], [2, 6], [5, 5], [6, 6], [8, 8]]
  575,  [[0, 7], [1, 1], [1, 1], [1, 6], [2, 6], [3, 8], [5, 5], [6, 6]]
  576,  [[0, 7], [1, 1], [1, 6], [1, 6], [2, 5], [3, 6], [4, 8], [6, 6]]
  577,  [[0, 7], [1, 1], [1, 6], [1, 6], [2, 5], [3, 6], [5, 8], [6, 6]]
  578,  [[0, 7], [1, 1], [1, 1], [1, 6], [2, 5], [5, 8], [6, 6], [6, 6]]
  579,  [[0, 7], [1, 2], [1, 5], [1, 6], [3, 6], [4, 6], [6, 6], [8, 8]]
  580,  [[0, 7], [1, 1], [1, 2], [1, 6], [3, 6], [5, 6], [5, 8], [6, 6]]
  581,  [[0, 7], [1, 1], [1, 2], [1, 6], [3, 6], [4, 6], [5, 6], [8, 8]]
  582,  [[0, 7], [1, 2], [1, 6], [1, 6], [3, 6], [4, 6], [5, 5], [8, 8]]
  583,  [[0, 7], [1, 1], [1, 1], [1, 5], [2, 6], [5, 8], [6, 6], [6, 6]]
  584,  [[0, 7], [1, 1], [1, 1], [1, 5], [2, 6], [3, 6], [6, 6], [8, 8]]
  585,  [[0, 7], [1, 1], [1, 1], [1, 5], [2, 6], [3, 6], [4, 6], [5, 8]]
  586,  [[0, 7], [1, 5], [1, 5], [1, 6], [2, 6], [3, 6], [6, 6], [8, 8]]
  587,  [[0, 7], [1, 1], [1, 5], [1, 6], [2, 6], [3, 6], [4, 6], [8, 8]]
  588,  [[0, 7], [1, 1], [1, 5], [1, 6], [2, 6], [3, 6], [5, 6], [8, 8]]
  589,  [[0, 7], [1, 1], [1, 5], [1, 6], [2, 6], [3, 6], [4, 8], [6, 6]]
  590,  [[0, 7], [1, 1], [1, 1], [1, 6], [2, 6], [3, 6], [4, 8], [5, 6]]
  591,  [[0, 7], [1, 1], [1, 6], [1, 6], [2, 6], [3, 6], [4, 8], [5, 5]]
  592,  [[0, 2], [1, 3], [1, 7], [1, 8], [4, 6], [5, 5], [6, 6], [6, 6]]
  593,  [[0, 2], [1, 5], [1, 7], [1, 8], [3, 6], [4, 6], [5, 6], [6, 6]]
  594,  [[0, 2], [1, 1], [1, 7], [1, 8], [3, 6], [4, 6], [5, 6], [5, 6]]
  595,  [[0, 5], [1, 2], [1, 7], [1, 8], [3, 6], [4, 6], [5, 6], [6, 6]]
  596,  [[0, 0], [1, 2], [1, 7], [1, 8], [3, 6], [4, 6], [5, 6], [5, 6]]
  597,  [[0, 5], [1, 1], [1, 1], [1, 7], [2, 6], [3, 6], [5, 6], [6, 6]]
  598,  [[0, 5], [1, 1], [1, 7], [1, 8], [2, 6], [3, 6], [4, 6], [5, 6]]
  599,  [[0, 0], [1, 5], [1, 7], [1, 8], [2, 6], [3, 6], [4, 6], [5, 6]]
  600,  [[0, 0], [1, 1], [1, 7], [1, 8], [2, 6], [5, 6], [5, 6], [6, 6]]
  601,  [[0, 6], [1, 1], [1, 1], [1, 2], [3, 5], [5, 6], [6, 6], [6, 7]]
  602,  [[0, 6], [1, 1], [1, 1], [1, 2], [3, 5], [4, 6], [6, 6], [6, 7]]
  603,  [[0, 6], [1, 1], [1, 1], [1, 2], [3, 5], [4, 6], [5, 6], [7, 7]]
  604,  [[0, 6], [1, 2], [1, 3], [1, 7], [4, 5], [5, 6], [6, 6], [6, 8]]
  605,  [[0, 6], [1, 1], [1, 2], [1, 7], [3, 5], [5, 6], [6, 6], [8, 8]]
  606,  [[0, 6], [1, 2], [1, 5], [1, 7], [3, 5], [4, 6], [6, 6], [6, 8]]
  607,  [[0, 6], [1, 1], [1, 2], [1, 7], [3, 6], [5, 5], [6, 6], [6, 8]]
  608,  [[0, 6], [1, 1], [1, 2], [1, 7], [3, 5], [4, 6], [6, 6], [8, 8]]
  609,  [[0, 6], [1, 1], [1, 1], [1, 7], [2, 5], [3, 8], [5, 6], [6, 6]]
  610,  [[0, 6], [1, 1], [1, 1], [1, 5], [2, 5], [3, 6], [6, 6], [6, 7]]
  611,  [[0, 6], [1, 1], [1, 5], [1, 7], [2, 5], [3, 6], [6, 6], [8, 8]]
  612,  [[0, 6], [1, 1], [1, 1], [1, 7], [2, 6], [5, 5], [6, 6], [8, 8]]
  613,  [[0, 6], [1, 1], [1, 1], [1, 7], [2, 5], [3, 6], [4, 8], [6, 6]]
  614,  [[0, 6], [1, 1], [1, 1], [1, 7], [2, 5], [3, 6], [5, 8], [6, 6]]
  615,  [[0, 6], [1, 1], [1, 1], [1, 5], [2, 5], [3, 6], [4, 6], [7, 7]]
  616,  [[0, 6], [1, 1], [1, 1], [1, 2], [3, 6], [4, 6], [5, 7], [6, 6]]
  617,  [[0, 6], [1, 1], [1, 1], [1, 2], [3, 6], [4, 6], [5, 5], [6, 7]]
  618,  [[0, 6], [1, 2], [1, 5], [1, 7], [3, 6], [4, 6], [5, 8], [6, 6]]
  619,  [[0, 6], [1, 1], [1, 2], [1, 7], [3, 6], [4, 6], [5, 6], [5, 8]]
  620,  [[0, 6], [1, 1], [1, 2], [1, 7], [3, 6], [4, 6], [5, 5], [8, 8]]
  621,  [[0, 6], [1, 1], [1, 1], [1, 5], [2, 6], [3, 6], [5, 7], [6, 6]]
  622,  [[0, 6], [1, 1], [1, 5], [1, 7], [2, 6], [3, 6], [6, 6], [8, 8]]
  623,  [[0, 6], [1, 1], [1, 5], [1, 7], [2, 6], [3, 6], [4, 6], [5, 8]]
  624,  [[0, 6], [1, 1], [1, 1], [1, 7], [2, 6], [5, 6], [5, 8], [6, 6]]
  625,  [[0, 6], [1, 1], [1, 1], [1, 7], [2, 6], [3, 6], [5, 6], [8, 8]]
  626,  [[0, 6], [1, 1], [1, 1], [1, 7], [2, 6], [3, 6], [4, 8], [5, 5]]
  627,  [[0, 2], [1, 1], [1, 1], [1, 3], [4, 5], [5, 6], [6, 6], [6, 7]]
  628,  [[0, 2], [1, 1], [1, 3], [1, 7], [4, 5], [6, 6], [6, 6], [6, 8]]
  629,  [[0, 2], [1, 1], [1, 5], [1, 7], [3, 5], [6, 6], [6, 6], [6, 8]]
  630,  [[0, 2], [1, 1], [1, 1], [1, 7], [5, 5], [6, 6], [6, 6], [6, 8]]
  631,  [[0, 2], [1, 1], [1, 1], [1, 5], [3, 5], [4, 6], [6, 6], [6, 7]]
  632,  [[0, 2], [1, 1], [1, 1], [1, 3], [4, 6], [5, 5], [6, 6], [6, 6]]
  633,  [[0, 2], [1, 1], [1, 3], [1, 7], [4, 6], [5, 8], [6, 6], [6, 6]]
  634,  [[0, 2], [1, 1], [1, 3], [1, 7], [4, 6], [5, 5], [6, 6], [6, 8]]
  635,  [[0, 2], [1, 1], [1, 5], [1, 7], [3, 6], [5, 8], [6, 6], [6, 6]]
  636,  [[0, 2], [1, 1], [1, 1], [1, 7], [3, 6], [5, 6], [5, 8], [6, 6]]
  637,  [[0, 2], [1, 1], [1, 1], [1, 7], [3, 6], [5, 6], [6, 6], [6, 8]]
  638,  [[0, 0], [1, 1], [1, 2], [1, 3], [4, 5], [5, 6], [6, 6], [6, 7]]
  639,  [[0, 0], [1, 1], [1, 1], [1, 2], [3, 5], [5, 6], [6, 7], [6, 8]]
  640,  [[0, 5], [1, 1], [1, 1], [1, 2], [3, 5], [4, 6], [6, 6], [6, 7]]
  641,  [[0, 0], [1, 1], [1, 2], [1, 5], [3, 5], [4, 6], [6, 6], [6, 7]]
  642,  [[0, 0], [1, 1], [1, 1], [1, 2], [3, 6], [5, 5], [6, 6], [6, 7]]
  643,  [[0, 0], [1, 1], [1, 1], [1, 2], [3, 5], [4, 6], [6, 7], [6, 8]]
  644,  [[0, 0], [1, 2], [1, 3], [1, 7], [4, 5], [6, 6], [6, 6], [6, 8]]
  645,  [[0, 5], [1, 1], [1, 2], [1, 7], [3, 5], [6, 6], [6, 6], [6, 8]]
  646,  [[0, 0], [1, 2], [1, 5], [1, 7], [3, 5], [6, 6], [6, 6], [6, 8]]
  647,  [[0, 0], [1, 1], [1, 2], [1, 7], [5, 5], [6, 6], [6, 6], [6, 8]]
  648,  [[0, 0], [1, 1], [1, 2], [1, 3], [4, 6], [5, 5], [6, 6], [6, 6]]
  649,  [[0, 0], [1, 2], [1, 3], [1, 7], [4, 6], [5, 8], [6, 6], [6, 6]]
  650,  [[0, 0], [1, 2], [1, 3], [1, 7], [4, 6], [5, 5], [6, 6], [6, 8]]
  651,  [[0, 5], [1, 1], [1, 2], [1, 7], [3, 6], [5, 8], [6, 6], [6, 6]]
  652,  [[0, 0], [1, 2], [1, 5], [1, 7], [3, 6], [5, 8], [6, 6], [6, 6]]
  653,  [[0, 0], [1, 1], [1, 2], [1, 7], [3, 6], [5, 6], [5, 8], [6, 6]]
  654,  [[0, 0], [1, 1], [1, 2], [1, 7], [3, 6], [5, 6], [6, 6], [6, 8]]
  655,  [[0, 0], [1, 1], [1, 1], [1, 5], [2, 5], [3, 6], [6, 7], [6, 8]]
  656,  [[0, 2], [1, 1], [1, 1], [1, 5], [3, 6], [4, 6], [5, 6], [6, 6]]
  657,  [[0, 2], [1, 1], [1, 5], [1, 7], [3, 6], [4, 6], [5, 6], [6, 8]]
  658,  [[0, 2], [1, 1], [1, 1], [1, 7], [3, 6], [5, 6], [5, 6], [6, 6]]
  659,  [[0, 2], [1, 1], [1, 1], [1, 7], [3, 6], [4, 6], [5, 6], [8, 8]]
  660,  [[0, 2], [1, 1], [1, 1], [1, 5], [3, 6], [4, 6], [5, 7], [6, 6]]
  661,  [[0, 2], [1, 1], [1, 5], [1, 7], [3, 6], [4, 6], [6, 6], [8, 8]]
  662,  [[0, 5], [1, 1], [1, 1], [1, 2], [3, 6], [4, 6], [5, 7], [6, 6]]
  663,  [[0, 0], [1, 1], [1, 2], [1, 5], [3, 6], [4, 6], [5, 7], [6, 6]]
  664,  [[0, 0], [1, 1], [1, 1], [1, 2], [3, 6], [4, 6], [5, 6], [5, 7]]
  665,  [[0, 0], [1, 1], [1, 1], [1, 2], [3, 6], [4, 6], [5, 7], [6, 8]]
  666,  [[0, 0], [1, 1], [1, 1], [1, 2], [3, 6], [4, 6], [5, 6], [6, 7]]
  667,  [[0, 5], [1, 1], [1, 1], [1, 2], [3, 6], [4, 6], [5, 6], [6, 6]]
  668,  [[0, 5], [1, 1], [1, 2], [1, 7], [3, 6], [4, 6], [5, 6], [6, 8]]
  669,  [[0, 0], [1, 1], [1, 2], [1, 5], [3, 6], [4, 6], [5, 6], [6, 6]]
  670,  [[0, 0], [1, 2], [1, 5], [1, 7], [3, 6], [4, 6], [5, 6], [6, 8]]
  671,  [[0, 0], [1, 1], [1, 1], [1, 2], [3, 6], [4, 6], [5, 6], [5, 6]]
  672,  [[0, 0], [1, 1], [1, 2], [1, 7], [3, 6], [5, 6], [5, 6], [6, 6]]
  673,  [[0, 0], [1, 1], [1, 2], [1, 7], [3, 6], [4, 6], [5, 6], [8, 8]]
  674,  [[0, 5], [1, 1], [1, 2], [1, 7], [3, 6], [4, 6], [6, 6], [8, 8]]
  675,  [[0, 0], [1, 2], [1, 5], [1, 7], [3, 6], [4, 6], [6, 6], [8, 8]]
  676,  [[0, 5], [1, 1], [1, 5], [1, 7], [2, 6], [3, 6], [6, 6], [8, 8]]
  677,  [[0, 5], [1, 1], [1, 1], [1, 7], [2, 6], [3, 6], [4, 6], [8, 8]]
  678,  [[0, 5], [1, 1], [1, 1], [1, 7], [2, 6], [3, 6], [5, 6], [8, 8]]
  679,  [[0, 5], [1, 1], [1, 1], [1, 7], [2, 6], [3, 6], [4, 8], [6, 6]]
  680,  [[0, 5], [1, 1], [1, 1], [1, 7], [2, 6], [3, 6], [6, 6], [6, 8]]
  681,  [[0, 0], [1, 1], [1, 1], [1, 5], [2, 6], [3, 6], [4, 6], [5, 7]]
  682,  [[0, 0], [1, 1], [1, 1], [1, 5], [2, 6], [3, 6], [5, 7], [6, 8]]
  683,  [[0, 0], [1, 5], [1, 5], [1, 7], [2, 6], [3, 6], [6, 6], [8, 8]]
  684,  [[0, 0], [1, 1], [1, 5], [1, 7], [2, 6], [3, 6], [4, 6], [8, 8]]
  685,  [[0, 0], [1, 1], [1, 5], [1, 7], [2, 6], [3, 6], [5, 6], [8, 8]]
  686,  [[0, 0], [1, 1], [1, 5], [1, 7], [2, 6], [3, 6], [4, 8], [6, 6]]
  687,  [[0, 0], [1, 1], [1, 5], [1, 7], [2, 6], [3, 6], [6, 6], [6, 8]]
  688,  [[0, 5], [1, 1], [1, 1], [1, 7], [2, 6], [3, 6], [4, 6], [6, 6]]
  689,  [[0, 0], [1, 1], [1, 1], [1, 5], [2, 6], [3, 6], [4, 6], [5, 6]]
  690,  [[0, 0], [1, 1], [1, 5], [1, 7], [2, 6], [3, 6], [4, 6], [6, 6]]
  691,  [[0, 5], [1, 1], [1, 1], [1, 7], [2, 6], [5, 6], [6, 6], [6, 8]]
  692,  [[0, 0], [1, 1], [1, 1], [1, 5], [2, 6], [3, 6], [5, 6], [6, 7]]
  693,  [[0, 0], [1, 1], [1, 5], [1, 7], [2, 6], [5, 6], [6, 6], [6, 8]]
  694,  [[0, 2], [1, 1], [1, 3], [1, 6], [4, 5], [5, 6], [6, 7], [6, 8]]
  695,  [[0, 2], [1, 1], [1, 3], [1, 6], [4, 5], [5, 6], [6, 6], [7, 7]]
  696,  [[0, 0], [1, 1], [1, 1], [1, 6], [2, 5], [5, 6], [6, 7], [6, 8]]
  697,  [[0, 2], [1, 1], [1, 1], [1, 6], [3, 5], [6, 6], [6, 7], [6, 8]]
  698,  [[0, 2], [1, 1], [1, 1], [1, 6], [3, 5], [5, 6], [6, 7], [8, 8]]
  699,  [[0, 2], [1, 1], [1, 6], [1, 6], [3, 5], [5, 6], [6, 6], [7, 7]]
  700,  [[0, 2], [1, 1], [1, 1], [1, 6], [3, 5], [4, 7], [5, 6], [6, 6]]
  701,  [[0, 2], [1, 1], [1, 1], [1, 6], [3, 5], [5, 6], [6, 6], [7, 8]]
  702,  [[0, 2], [1, 1], [1, 5], [1, 6], [3, 5], [4, 6], [6, 7], [6, 8]]
  703,  [[0, 2], [1, 1], [1, 5], [1, 6], [3, 5], [4, 6], [6, 6], [7, 7]]
  704,  [[0, 2], [1, 1], [1, 3], [1, 6], [4, 6], [5, 5], [6, 6], [6, 7]]
  705,  [[0, 2], [1, 1], [1, 1], [1, 6], [3, 6], [5, 7], [6, 6], [6, 8]]
  706,  [[0, 2], [1, 1], [1, 1], [1, 6], [3, 6], [5, 5], [6, 7], [6, 8]]
  707,  [[0, 2], [1, 1], [1, 1], [1, 6], [3, 6], [5, 5], [6, 6], [7, 7]]
  708,  [[0, 0], [1, 1], [1, 1], [1, 6], [2, 5], [3, 6], [6, 7], [6, 8]]
  709,  [[0, 2], [1, 1], [1, 1], [1, 6], [3, 5], [4, 6], [6, 7], [8, 8]]
  710,  [[0, 2], [1, 1], [1, 6], [1, 6], [3, 5], [4, 6], [6, 6], [7, 7]]
  711,  [[0, 2], [1, 1], [1, 1], [1, 6], [3, 5], [4, 6], [5, 7], [6, 6]]
  712,  [[0, 2], [1, 1], [1, 1], [1, 6], [3, 5], [4, 6], [6, 6], [7, 8]]
  713,  [[0, 2], [1, 1], [1, 6], [1, 6], [3, 5], [4, 6], [5, 6], [7, 8]]
  714,  [[0, 0], [1, 1], [1, 1], [1, 6], [2, 5], [3, 6], [5, 6], [7, 8]]
  715,  [[0, 2], [1, 3], [1, 6], [1, 7], [4, 5], [6, 6], [6, 6], [8, 8]]
  716,  [[0, 2], [1, 6], [1, 6], [1, 7], [3, 5], [4, 8], [5, 6], [6, 6]]
  717,  [[0, 2], [1, 5], [1, 6], [1, 7], [3, 5], [6, 6], [6, 6], [8, 8]]
  718,  [[0, 2], [1, 1], [1, 6], [1, 7], [5, 5], [6, 6], [6, 6], [8, 8]]
  719,  [[0, 2], [1, 1], [1, 6], [1, 7], [3, 5], [4, 8], [6, 6], [6, 6]]
  720,  [[0, 2], [1, 1], [1, 6], [1, 7], [3, 5], [5, 8], [6, 6], [6, 6]]
  721,  [[0, 2], [1, 3], [1, 6], [1, 7], [4, 6], [5, 5], [6, 6], [8, 8]]
  722,  [[0, 2], [1, 6], [1, 6], [1, 7], [3, 6], [5, 5], [6, 6], [8, 8]]
  723,  [[0, 2], [1, 1], [1, 6], [1, 7], [3, 6], [5, 6], [6, 6], [8, 8]]
  724,  [[0, 2], [1, 1], [1, 6], [1, 7], [3, 6], [4, 8], [5, 5], [6, 6]]
  725,  [[0, 2], [1, 6], [1, 6], [1, 7], [3, 5], [4, 6], [5, 8], [6, 6]]
  726,  [[0, 0], [1, 2], [1, 3], [1, 6], [4, 5], [5, 6], [6, 7], [6, 8]]
  727,  [[0, 0], [1, 2], [1, 3], [1, 6], [4, 5], [5, 6], [6, 6], [7, 7]]
  728,  [[0, 0], [1, 1], [1, 2], [1, 6], [3, 5], [6, 6], [6, 7], [6, 8]]
  729,  [[0, 0], [1, 1], [1, 2], [1, 6], [3, 5], [5, 6], [6, 7], [8, 8]]
  730,  [[0, 6], [1, 1], [1, 2], [1, 6], [3, 5], [5, 6], [6, 6], [7, 7]]
  731,  [[0, 0], [1, 1], [1, 2], [1, 6], [3, 5], [4, 7], [5, 6], [6, 6]]
  732,  [[0, 0], [1, 1], [1, 2], [1, 6], [3, 5], [5, 6], [6, 6], [7, 8]]
  733,  [[0, 5], [1, 1], [1, 2], [1, 6], [3, 5], [4, 6], [6, 7], [6, 8]]
  734,  [[0, 5], [1, 1], [1, 2], [1, 6], [3, 5], [4, 6], [6, 6], [7, 7]]
  735,  [[0, 0], [1, 2], [1, 5], [1, 6], [3, 5], [4, 6], [6, 7], [6, 8]]
  736,  [[0, 0], [1, 2], [1, 5], [1, 6], [3, 5], [4, 6], [6, 6], [7, 7]]
  737,  [[0, 0], [1, 2], [1, 3], [1, 6], [4, 6], [5, 5], [6, 6], [6, 7]]
  738,  [[0, 0], [1, 1], [1, 2], [1, 6], [3, 6], [5, 7], [6, 6], [6, 8]]
  739,  [[0, 0], [1, 1], [1, 2], [1, 6], [3, 6], [5, 5], [6, 7], [6, 8]]
  740,  [[0, 0], [1, 1], [1, 2], [1, 6], [3, 6], [5, 5], [6, 6], [7, 7]]
  741,  [[0, 0], [1, 1], [1, 2], [1, 6], [3, 5], [4, 6], [6, 7], [8, 8]]
  742,  [[0, 6], [1, 1], [1, 2], [1, 6], [3, 5], [4, 6], [6, 6], [7, 7]]
  743,  [[0, 0], [1, 1], [1, 2], [1, 6], [3, 5], [4, 6], [5, 7], [6, 6]]
  744,  [[0, 0], [1, 1], [1, 2], [1, 6], [3, 5], [4, 6], [6, 6], [7, 8]]
  745,  [[0, 6], [1, 1], [1, 2], [1, 6], [3, 5], [4, 6], [5, 6], [7, 8]]
  746,  [[0, 0], [1, 2], [1, 6], [1, 6], [3, 5], [4, 6], [5, 6], [7, 8]]
  747,  [[0, 6], [1, 2], [1, 6], [1, 7], [3, 5], [4, 8], [5, 6], [6, 6]]
  748,  [[0, 0], [1, 2], [1, 6], [1, 7], [3, 5], [4, 8], [6, 6], [6, 6]]
  749,  [[0, 5], [1, 2], [1, 6], [1, 7], [3, 5], [6, 6], [6, 6], [8, 8]]
  750,  [[0, 6], [1, 2], [1, 6], [1, 7], [3, 6], [5, 5], [6, 6], [8, 8]]
  751,  [[0, 0], [1, 2], [1, 6], [1, 7], [3, 6], [4, 8], [5, 5], [6, 6]]
  752,  [[0, 6], [1, 2], [1, 6], [1, 7], [3, 5], [4, 6], [5, 8], [6, 6]]
  753,  [[0, 0], [1, 2], [1, 6], [1, 7], [3, 5], [5, 8], [6, 6], [6, 6]]
  754,  [[0, 6], [1, 1], [1, 1], [1, 6], [2, 5], [3, 7], [5, 6], [6, 6]]
  755,  [[0, 0], [1, 1], [1, 6], [1, 6], [2, 5], [3, 7], [5, 6], [6, 6]]
  756,  [[0, 0], [1, 1], [1, 1], [1, 6], [2, 5], [3, 7], [5, 6], [6, 8]]
  757,  [[0, 5], [1, 1], [1, 6], [1, 7], [2, 5], [3, 8], [6, 6], [6, 6]]
  758,  [[0, 0], [1, 5], [1, 6], [1, 7], [2, 5], [3, 8], [6, 6], [6, 6]]
  759,  [[0, 0], [1, 1], [1, 6], [1, 7], [2, 8], [5, 5], [6, 6], [6, 6]]
  760,  [[0, 5], [1, 1], [1, 1], [1, 6], [2, 5], [6, 6], [6, 7], [6, 8]]
  761,  [[0, 5], [1, 1], [1, 1], [1, 6], [2, 5], [3, 6], [6, 7], [8, 8]]
  762,  [[0, 5], [1, 1], [1, 6], [1, 6], [2, 5], [3, 6], [6, 6], [7, 7]]
  763,  [[0, 5], [1, 1], [1, 1], [1, 6], [2, 5], [3, 6], [4, 7], [6, 6]]
  764,  [[0, 5], [1, 1], [1, 1], [1, 6], [2, 5], [3, 6], [6, 6], [7, 8]]
  765,  [[0, 5], [1, 6], [1, 6], [1, 7], [2, 5], [3, 6], [4, 8], [6, 6]]
  766,  [[0, 0], [1, 1], [1, 5], [1, 6], [2, 5], [6, 6], [6, 7], [6, 8]]
  767,  [[0, 0], [1, 1], [1, 5], [1, 6], [2, 5], [3, 6], [6, 7], [8, 8]]
  768,  [[0, 6], [1, 1], [1, 5], [1, 6], [2, 5], [3, 6], [6, 6], [7, 7]]
  769,  [[0, 0], [1, 1], [1, 5], [1, 6], [2, 5], [3, 6], [4, 7], [6, 6]]
  770,  [[0, 0], [1, 1], [1, 5], [1, 6], [2, 5], [3, 6], [6, 6], [7, 8]]
  771,  [[0, 6], [1, 5], [1, 6], [1, 7], [2, 5], [3, 6], [4, 8], [6, 6]]
  772,  [[0, 6], [1, 1], [1, 6], [1, 7], [2, 6], [3, 8], [5, 5], [6, 6]]
  773,  [[0, 0], [1, 6], [1, 6], [1, 7], [2, 6], [3, 8], [5, 5], [6, 6]]
  774,  [[0, 0], [1, 1], [1, 1], [1, 6], [2, 6], [3, 7], [5, 5], [6, 6]]
  775,  [[0, 0], [1, 1], [1, 6], [1, 7], [2, 6], [3, 8], [5, 6], [6, 6]]
  776,  [[0, 6], [1, 1], [1, 1], [1, 6], [2, 5], [3, 6], [4, 7], [6, 6]]
  777,  [[0, 6], [1, 1], [1, 1], [1, 6], [2, 5], [3, 6], [5, 7], [6, 6]]
  778,  [[0, 0], [1, 1], [1, 6], [1, 6], [2, 5], [3, 6], [4, 7], [6, 6]]
  779,  [[0, 0], [1, 1], [1, 1], [1, 6], [2, 5], [3, 6], [4, 7], [6, 8]]
  780,  [[0, 0], [1, 1], [1, 6], [1, 6], [2, 5], [3, 6], [5, 7], [6, 6]]
  781,  [[0, 0], [1, 1], [1, 1], [1, 6], [2, 5], [3, 6], [5, 7], [6, 8]]
  782,  [[0, 6], [1, 1], [1, 1], [1, 6], [2, 5], [5, 6], [6, 6], [7, 8]]
  783,  [[0, 6], [1, 1], [1, 1], [1, 6], [2, 5], [3, 6], [6, 6], [7, 8]]
  784,  [[0, 0], [1, 1], [1, 6], [1, 6], [2, 5], [5, 6], [6, 6], [7, 8]]
  785,  [[0, 0], [1, 1], [1, 6], [1, 6], [2, 5], [3, 6], [6, 6], [7, 8]]
  786,  [[0, 5], [1, 1], [1, 6], [1, 6], [2, 5], [3, 6], [4, 6], [7, 8]]
  787,  [[0, 0], [1, 1], [1, 1], [1, 6], [2, 5], [3, 6], [4, 6], [7, 8]]
  788,  [[0, 6], [1, 1], [1, 5], [1, 6], [2, 5], [3, 6], [4, 6], [7, 8]]
  789,  [[0, 0], [1, 5], [1, 6], [1, 6], [2, 5], [3, 6], [4, 6], [7, 8]]
  790,  [[0, 2], [1, 1], [1, 5], [1, 6], [3, 6], [4, 6], [6, 6], [7, 7]]
  791,  [[0, 2], [1, 1], [1, 5], [1, 6], [3, 6], [4, 6], [5, 7], [6, 8]]
  792,  [[0, 2], [1, 1], [1, 1], [1, 6], [3, 6], [5, 6], [5, 7], [6, 6]]
  793,  [[0, 2], [1, 1], [1, 1], [1, 6], [3, 6], [4, 6], [5, 6], [7, 7]]
  794,  [[0, 2], [1, 1], [1, 1], [1, 6], [3, 6], [4, 6], [5, 7], [8, 8]]
  795,  [[0, 2], [1, 1], [1, 6], [1, 6], [3, 6], [4, 6], [5, 5], [7, 7]]
  796,  [[0, 2], [1, 1], [1, 1], [1, 6], [3, 6], [4, 6], [5, 5], [7, 8]]
  797,  [[0, 2], [1, 5], [1, 6], [1, 7], [3, 6], [4, 6], [5, 6], [8, 8]]
  798,  [[0, 2], [1, 3], [1, 6], [1, 7], [4, 6], [5, 6], [5, 8], [6, 6]]
  799,  [[0, 5], [1, 1], [1, 2], [1, 6], [3, 6], [4, 6], [6, 6], [7, 7]]
  800,  [[0, 5], [1, 1], [1, 2], [1, 6], [3, 6], [4, 6], [5, 7], [6, 8]]
  801,  [[0, 0], [1, 2], [1, 5], [1, 6], [3, 6], [4, 6], [5, 7], [6, 8]]
  802,  [[0, 0], [1, 1], [1, 2], [1, 6], [3, 6], [5, 6], [5, 7], [6, 6]]
  803,  [[0, 0], [1, 1], [1, 2], [1, 6], [3, 6], [4, 6], [5, 6], [7, 7]]
  804,  [[0, 0], [1, 1], [1, 2], [1, 6], [3, 6], [4, 6], [5, 7], [8, 8]]
  805,  [[0, 6], [1, 1], [1, 2], [1, 6], [3, 6], [4, 6], [5, 5], [7, 7]]
  806,  [[0, 0], [1, 2], [1, 6], [1, 6], [3, 6], [4, 6], [5, 5], [7, 7]]
  807,  [[0, 0], [1, 1], [1, 2], [1, 6], [3, 6], [4, 6], [5, 5], [7, 8]]
  808,  [[0, 5], [1, 2], [1, 6], [1, 7], [3, 6], [4, 6], [5, 6], [8, 8]]
  809,  [[0, 5], [1, 1], [1, 1], [1, 6], [2, 6], [3, 6], [4, 6], [7, 7]]
  810,  [[0, 5], [1, 1], [1, 1], [1, 6], [2, 6], [5, 7], [6, 6], [6, 8]]
  811,  [[0, 5], [1, 1], [1, 1], [1, 6], [2, 6], [3, 6], [6, 7], [8, 8]]
  812,  [[0, 5], [1, 1], [1, 1], [1, 6], [2, 6], [3, 6], [5, 7], [8, 8]]
  813,  [[0, 5], [1, 1], [1, 5], [1, 6], [2, 6], [3, 6], [6, 6], [7, 7]]
  814,  [[0, 5], [1, 5], [1, 6], [1, 7], [2, 6], [3, 6], [4, 6], [8, 8]]
  815,  [[0, 5], [1, 5], [1, 6], [1, 7], [2, 6], [3, 6], [4, 8], [6, 6]]
  816,  [[0, 5], [1, 1], [1, 1], [1, 6], [2, 6], [3, 6], [5, 6], [7, 7]]
  817,  [[0, 5], [1, 1], [1, 6], [1, 7], [2, 6], [5, 6], [6, 6], [8, 8]]
  818,  [[0, 5], [1, 1], [1, 6], [1, 7], [2, 6], [3, 6], [4, 8], [5, 6]]
  819,  [[0, 5], [1, 1], [1, 1], [1, 6], [2, 6], [3, 6], [4, 7], [6, 6]]
  820,  [[0, 0], [1, 1], [1, 5], [1, 6], [2, 6], [3, 6], [4, 6], [7, 7]]
  821,  [[0, 0], [1, 1], [1, 5], [1, 6], [2, 6], [5, 7], [6, 6], [6, 8]]
  822,  [[0, 0], [1, 1], [1, 5], [1, 6], [2, 6], [3, 6], [6, 7], [8, 8]]
  823,  [[0, 0], [1, 1], [1, 5], [1, 6], [2, 6], [3, 6], [5, 7], [8, 8]]
  824,  [[0, 0], [1, 1], [1, 5], [1, 6], [2, 6], [3, 6], [5, 6], [7, 7]]
  825,  [[0, 0], [1, 5], [1, 6], [1, 7], [2, 6], [3, 6], [4, 8], [5, 6]]
  826,  [[0, 0], [1, 1], [1, 1], [1, 7], [2, 6], [3, 6], [4, 8], [5, 6]]
  827,  [[0, 0], [1, 1], [1, 1], [1, 6], [2, 6], [3, 6], [4, 7], [5, 6]]
  828,  [[0, 6], [1, 1], [1, 1], [1, 6], [2, 6], [3, 6], [5, 7], [8, 8]]
  829,  [[0, 6], [1, 1], [1, 1], [1, 6], [2, 6], [3, 6], [4, 7], [5, 5]]
  830,  [[0, 6], [1, 1], [1, 1], [1, 6], [2, 6], [3, 6], [5, 5], [7, 8]]
  831,  [[0, 0], [1, 1], [1, 6], [1, 6], [2, 6], [3, 6], [5, 7], [8, 8]]
  832,  [[0, 0], [1, 1], [1, 6], [1, 6], [2, 6], [3, 6], [4, 7], [5, 5]]
  833,  [[0, 0], [1, 1], [1, 6], [1, 6], [2, 6], [3, 6], [5, 5], [7, 8]]
  834,  [[0, 0], [1, 1], [1, 1], [1, 6], [2, 6], [3, 6], [4, 7], [5, 8]]
  835,  [[0, 7], [1, 1], [1, 2], [1, 3], [4, 5], [6, 6], [6, 6], [6, 8]]
  836,  [[0, 7], [1, 1], [1, 2], [1, 5], [3, 5], [6, 6], [6, 6], [6, 8]]
  837,  [[0, 7], [1, 1], [1, 1], [1, 2], [5, 5], [6, 6], [6, 6], [6, 8]]
  838,  [[0, 7], [1, 1], [1, 2], [1, 3], [4, 6], [5, 8], [6, 6], [6, 6]]
  839,  [[0, 7], [1, 1], [1, 2], [1, 3], [4, 6], [5, 5], [6, 6], [6, 8]]
  840,  [[0, 7], [1, 1], [1, 2], [1, 5], [3, 6], [5, 8], [6, 6], [6, 6]]
  841,  [[0, 7], [1, 1], [1, 1], [1, 2], [3, 6], [5, 6], [5, 8], [6, 6]]
  842,  [[0, 7], [1, 1], [1, 1], [1, 2], [3, 6], [5, 6], [6, 6], [6, 8]]
  843,  [[0, 7], [1, 1], [1, 2], [1, 5], [3, 6], [4, 6], [5, 6], [6, 8]]
  844,  [[0, 7], [1, 1], [1, 1], [1, 2], [3, 6], [5, 6], [5, 6], [6, 6]]
  845,  [[0, 7], [1, 1], [1, 1], [1, 2], [3, 6], [4, 6], [5, 6], [8, 8]]
  846,  [[0, 7], [1, 1], [1, 2], [1, 5], [3, 6], [4, 6], [6, 6], [8, 8]]
  847,  [[0, 7], [1, 2], [1, 3], [1, 8], [4, 6], [5, 6], [5, 6], [6, 6]]
  848,  [[0, 7], [1, 1], [1, 1], [1, 5], [2, 6], [3, 6], [4, 6], [6, 6]]
  849,  [[0, 7], [1, 1], [1, 1], [1, 5], [2, 6], [5, 6], [6, 6], [6, 8]]
  850,  [[0, 7], [1, 1], [1, 1], [1, 5], [2, 6], [3, 6], [6, 6], [6, 8]]
  851,  [[0, 7], [1, 1], [1, 1], [1, 5], [2, 6], [3, 6], [5, 6], [8, 8]]
  852,  [[0, 7], [1, 5], [1, 5], [1, 8], [2, 6], [3, 6], [4, 6], [6, 6]]
  853,  [[0, 7], [1, 2], [1, 3], [1, 6], [4, 5], [6, 6], [6, 6], [8, 8]]
  854,  [[0, 7], [1, 2], [1, 6], [1, 6], [3, 5], [4, 8], [5, 6], [6, 6]]
  855,  [[0, 7], [1, 2], [1, 5], [1, 6], [3, 5], [6, 6], [6, 6], [8, 8]]
  856,  [[0, 7], [1, 1], [1, 2], [1, 6], [5, 5], [6, 6], [6, 6], [8, 8]]
  857,  [[0, 7], [1, 1], [1, 2], [1, 6], [3, 5], [4, 8], [6, 6], [6, 6]]
  858,  [[0, 7], [1, 1], [1, 2], [1, 6], [3, 5], [5, 8], [6, 6], [6, 6]]
  859,  [[0, 7], [1, 2], [1, 3], [1, 6], [4, 6], [5, 5], [6, 6], [8, 8]]
  860,  [[0, 7], [1, 2], [1, 6], [1, 6], [3, 6], [5, 5], [6, 6], [8, 8]]
  861,  [[0, 7], [1, 1], [1, 2], [1, 6], [3, 6], [5, 6], [6, 6], [8, 8]]
  862,  [[0, 7], [1, 1], [1, 2], [1, 6], [3, 6], [4, 8], [5, 5], [6, 6]]
  863,  [[0, 7], [1, 2], [1, 6], [1, 6], [3, 5], [4, 6], [5, 8], [6, 6]]
  864,  [[0, 7], [1, 1], [1, 5], [1, 6], [2, 5], [3, 8], [6, 6], [6, 6]]
  865,  [[0, 7], [1, 1], [1, 1], [1, 6], [2, 8], [5, 5], [6, 6], [6, 6]]
  866,  [[0, 7], [1, 5], [1, 6], [1, 6], [2, 5], [3, 6], [4, 8], [6, 6]]
  867,  [[0, 7], [1, 1], [1, 6], [1, 6], [2, 6], [3, 8], [5, 5], [6, 6]]
  868,  [[0, 7], [1, 1], [1, 1], [1, 6], [2, 6], [3, 8], [5, 6], [6, 6]]
  869,  [[0, 7], [1, 2], [1, 5], [1, 6], [3, 6], [4, 6], [5, 6], [8, 8]]
  870,  [[0, 7], [1, 2], [1, 3], [1, 6], [4, 6], [5, 6], [5, 8], [6, 6]]
  871,  [[0, 7], [1, 1], [1, 5], [1, 5], [2, 6], [3, 6], [6, 6], [8, 8]]
  872,  [[0, 7], [1, 1], [1, 1], [1, 5], [2, 6], [3, 6], [4, 6], [8, 8]]
  873,  [[0, 7], [1, 1], [1, 1], [1, 5], [2, 6], [3, 6], [4, 8], [6, 6]]
  874,  [[0, 7], [1, 5], [1, 5], [1, 6], [2, 6], [3, 6], [4, 6], [8, 8]]
  875,  [[0, 7], [1, 5], [1, 5], [1, 6], [2, 6], [3, 6], [4, 8], [6, 6]]
  876,  [[0, 7], [1, 1], [1, 5], [1, 6], [2, 6], [5, 6], [6, 6], [8, 8]]
  877,  [[0, 7], [1, 1], [1, 5], [1, 6], [2, 6], [3, 6], [4, 8], [5, 6]]
  878,  [[0, 0], [1, 1], [1, 5], [1, 6], [2, 6], [3, 6], [4, 7], [6, 6]]
Total nodes =  879
Total edges =  2049
True Goal graph No. 43
Goal candidates No. 59
Goal candidates No. 67
Goal candidates No. 86
Goal candidates No. 90
Goal candidates No. 213
Goal candidates No. 218
Goal candidates No. 281
Goal candidates No. 292
Goal candidates No. 301
Goal candidates No. 313
Goal candidates No. 328
Goal candidates No. 331
Goal candidates No. 347
Goal candidates No. 350
Goal candidates No. 354
Goal candidates No. 359
Goal candidates No. 594
Goal candidates No. 598
Goal candidates No. 619
Goal candidates No. 623
Goal candidates No. 657
Goal candidates No. 668
Goal candidates No. 694
Goal candidates No. 702
Goal candidates No. 713
Goal candidates No. 733
Goal candidates No. 745
Goal candidates No. 786
Goal candidates No. 788
Goal candidates No. 791
Goal candidates No. 800
Goal candidates No. 818
Goal candidates No. 843
Goal candidates No. 877
Total Goals =  35  and Paths = 2294 

True paths: 5 / 2294 

