Nomber of atoms =  8
Atoms =  ['Ph', 'Ph', 'X', 'MgX', 'O', 'CH3', 'C', 'H']
Valence electrons =  [3, 3, 7, 1, 6, 1, 4, 1]
Fixed electrons =  [[2, 2], [2, 2], [2, 2], [4, 4]]
Good initial graph No.0!
Good goal graph!

 Generated No. and Nodes:
    0,  [[0, 0], [0, 3], [1, 1], [1, 6], [2, 7], [4, 4], [4, 6], [4, 6], [5, 6]]
    1,  [[0, 0], [0, 3], [1, 1], [1, 6], [2, 2], [4, 4], [4, 6], [4, 6], [5, 6]]
    2,  [[0, 0], [0, 3], [1, 1], [1, 6], [2, 7], [4, 4], [4, 4], [4, 6], [5, 6]]
    3,  [[0, 0], [0, 3], [1, 1], [1, 6], [2, 7], [4, 4], [4, 6], [4, 6], [6, 6]]
    4,  [[0, 0], [0, 6], [1, 3], [1, 7], [2, 2], [4, 4], [4, 6], [4, 6], [5, 6]]
    5,  [[0, 0], [0, 3], [1, 6], [1, 7], [2, 2], [4, 4], [4, 6], [4, 6], [5, 6]]
    6,  [[0, 0], [0, 3], [1, 1], [1, 6], [2, 2], [4, 6], [4, 6], [4, 7], [5, 6]]
    7,  [[0, 0], [0, 3], [1, 1], [1, 6], [2, 2], [4, 4], [4, 4], [4, 6], [5, 6]]
    8,  [[0, 0], [0, 3], [1, 1], [1, 6], [2, 2], [4, 4], [4, 6], [4, 6], [6, 6]]
    9,  [[0, 0], [0, 6], [1, 3], [1, 6], [2, 7], [4, 4], [4, 4], [4, 6], [5, 6]]
   10,  [[0, 0], [0, 3], [1, 6], [1, 6], [2, 7], [4, 4], [4, 4], [4, 6], [5, 6]]
   11,  [[0, 0], [0, 3], [1, 1], [1, 6], [2, 7], [4, 4], [4, 4], [4, 6], [6, 6]]
   12,  [[0, 0], [0, 6], [1, 3], [1, 5], [2, 7], [4, 4], [4, 6], [4, 6], [6, 6]]
   13,  [[0, 0], [0, 3], [1, 5], [1, 6], [2, 7], [4, 4], [4, 6], [4, 6], [6, 6]]
   14,  [[0, 0], [0, 3], [1, 1], [1, 6], [2, 7], [4, 5], [4, 6], [4, 6], [6, 6]]
   15,  [[0, 0], [0, 6], [1, 1], [1, 7], [2, 2], [4, 4], [4, 6], [4, 6], [5, 6]]
   16,  [[0, 0], [0, 6], [1, 3], [1, 7], [2, 2], [4, 4], [4, 4], [4, 6], [5, 6]]
   17,  [[0, 0], [0, 6], [1, 3], [1, 7], [2, 2], [4, 4], [4, 6], [4, 6], [6, 6]]
   18,  [[0, 0], [0, 3], [1, 1], [1, 7], [2, 2], [4, 4], [4, 6], [4, 6], [5, 6]]
   19,  [[0, 0], [0, 3], [1, 6], [1, 7], [2, 2], [4, 4], [4, 4], [4, 6], [5, 6]]
   20,  [[0, 0], [0, 3], [1, 6], [1, 7], [2, 2], [4, 4], [4, 6], [4, 6], [6, 6]]
   21,  [[0, 0], [0, 3], [1, 1], [1, 6], [2, 2], [4, 4], [4, 6], [4, 7], [5, 6]]
   22,  [[0, 0], [0, 3], [1, 1], [1, 6], [2, 2], [4, 6], [4, 6], [4, 7], [6, 6]]
   23,  [[0, 0], [0, 6], [1, 3], [1, 6], [2, 2], [4, 4], [4, 4], [4, 6], [5, 6]]
   24,  [[0, 0], [0, 3], [1, 6], [1, 6], [2, 2], [4, 4], [4, 4], [4, 6], [5, 6]]
   25,  [[0, 0], [0, 3], [1, 1], [1, 6], [2, 6], [4, 4], [4, 4], [4, 6], [5, 6]]
   26,  [[0, 0], [0, 3], [1, 1], [1, 6], [2, 2], [4, 4], [4, 4], [4, 6], [6, 6]]
   27,  [[0, 0], [0, 6], [1, 3], [1, 5], [2, 2], [4, 4], [4, 6], [4, 6], [6, 6]]
   28,  [[0, 0], [0, 3], [1, 5], [1, 6], [2, 2], [4, 4], [4, 6], [4, 6], [6, 6]]
   29,  [[0, 0], [0, 3], [1, 1], [1, 6], [2, 5], [4, 4], [4, 6], [4, 6], [6, 6]]
   30,  [[0, 0], [0, 3], [1, 1], [1, 6], [2, 2], [4, 5], [4, 6], [4, 6], [6, 6]]
   31,  [[0, 0], [0, 3], [1, 1], [1, 6], [2, 2], [4, 4], [4, 6], [4, 6], [6, 7]]
   32,  [[0, 0], [0, 6], [1, 1], [1, 6], [2, 7], [4, 4], [4, 4], [4, 6], [5, 6]]
   33,  [[0, 0], [0, 6], [1, 3], [1, 6], [2, 7], [4, 4], [4, 4], [4, 6], [6, 6]]
   34,  [[0, 0], [0, 3], [1, 6], [1, 6], [2, 7], [4, 4], [4, 4], [4, 6], [6, 6]]
   35,  [[0, 0], [0, 6], [1, 3], [1, 5], [2, 7], [4, 4], [4, 4], [4, 6], [6, 6]]
   36,  [[0, 0], [0, 3], [1, 5], [1, 6], [2, 7], [4, 4], [4, 4], [4, 6], [6, 6]]
   37,  [[0, 0], [0, 3], [1, 1], [1, 6], [2, 7], [4, 4], [4, 5], [4, 6], [6, 6]]
   38,  [[0, 0], [0, 5], [1, 1], [1, 6], [2, 7], [4, 4], [4, 6], [4, 6], [6, 6]]
   39,  [[0, 0], [0, 3], [1, 1], [1, 5], [2, 7], [4, 4], [4, 6], [4, 6], [6, 6]]
   40,  [[0, 0], [0, 7], [1, 3], [1, 6], [2, 2], [4, 4], [4, 6], [4, 6], [5, 6]]
   41,  [[0, 0], [0, 6], [1, 1], [1, 7], [2, 3], [4, 4], [4, 6], [4, 6], [5, 6]]
   42,  [[0, 0], [0, 6], [1, 1], [1, 7], [2, 2], [3, 4], [4, 6], [4, 6], [5, 6]]
   43,  [[0, 0], [0, 6], [1, 1], [1, 7], [2, 2], [4, 4], [4, 4], [4, 6], [5, 6]]
   44,  [[0, 0], [0, 6], [1, 1], [1, 7], [2, 2], [4, 4], [4, 6], [4, 6], [6, 6]]
   45,  [[0, 3], [0, 7], [1, 6], [1, 6], [2, 2], [4, 4], [4, 4], [4, 6], [5, 6]]
   46,  [[0, 0], [0, 6], [1, 3], [1, 7], [2, 6], [4, 4], [4, 4], [4, 6], [5, 6]]
   47,  [[0, 0], [0, 6], [1, 3], [1, 7], [2, 2], [4, 4], [4, 4], [4, 6], [6, 6]]
   48,  [[0, 3], [0, 7], [1, 5], [1, 6], [2, 2], [4, 4], [4, 6], [4, 6], [6, 6]]
   49,  [[0, 0], [0, 6], [1, 3], [1, 7], [2, 5], [4, 4], [4, 6], [4, 6], [6, 6]]
   50,  [[0, 0], [0, 6], [1, 3], [1, 7], [2, 2], [4, 5], [4, 6], [4, 6], [6, 6]]
   51,  [[0, 0], [0, 3], [1, 1], [1, 7], [2, 6], [4, 4], [4, 6], [4, 6], [5, 6]]
   52,  [[0, 0], [0, 3], [1, 1], [1, 7], [2, 2], [4, 6], [4, 6], [4, 6], [5, 6]]
   53,  [[0, 0], [0, 3], [1, 1], [1, 7], [2, 2], [4, 4], [4, 6], [4, 6], [6, 6]]
   54,  [[0, 3], [0, 6], [1, 6], [1, 7], [2, 2], [4, 4], [4, 4], [4, 6], [5, 6]]
   55,  [[0, 0], [0, 3], [1, 6], [1, 7], [2, 6], [4, 4], [4, 4], [4, 6], [5, 6]]
   56,  [[0, 0], [0, 3], [1, 6], [1, 7], [2, 2], [4, 4], [4, 4], [4, 6], [6, 6]]
   57,  [[0, 3], [0, 5], [1, 6], [1, 7], [2, 2], [4, 4], [4, 6], [4, 6], [6, 6]]
   58,  [[0, 0], [0, 3], [1, 6], [1, 7], [2, 5], [4, 4], [4, 6], [4, 6], [6, 6]]
   59,  [[0, 0], [0, 3], [1, 6], [1, 7], [2, 2], [4, 5], [4, 6], [4, 6], [6, 6]]
   60,  [[0, 0], [0, 6], [1, 3], [1, 6], [2, 2], [4, 4], [4, 6], [4, 7], [5, 6]]
   61,  [[0, 0], [0, 3], [1, 6], [1, 6], [2, 2], [4, 4], [4, 6], [4, 7], [5, 6]]
   62,  [[0, 0], [0, 3], [1, 1], [1, 6], [2, 6], [4, 4], [4, 6], [4, 7], [5, 6]]
   63,  [[0, 0], [0, 3], [1, 1], [1, 6], [2, 2], [4, 4], [4, 6], [4, 7], [6, 6]]
   64,  [[0, 0], [0, 6], [1, 3], [1, 5], [2, 2], [4, 6], [4, 6], [4, 7], [6, 6]]
   65,  [[0, 0], [0, 3], [1, 5], [1, 6], [2, 2], [4, 6], [4, 6], [4, 7], [6, 6]]
   66,  [[0, 0], [0, 3], [1, 1], [1, 6], [2, 5], [4, 6], [4, 6], [4, 7], [6, 6]]
   67,  [[0, 0], [0, 6], [1, 1], [1, 6], [2, 2], [4, 4], [4, 4], [4, 6], [5, 6]]
   68,  [[0, 0], [0, 3], [1, 1], [1, 6], [2, 6], [4, 4], [4, 4], [4, 6], [6, 6]]
   69,  [[0, 0], [0, 6], [1, 3], [1, 5], [2, 2], [4, 4], [4, 4], [4, 6], [6, 6]]
   70,  [[0, 0], [0, 3], [1, 5], [1, 6], [2, 2], [4, 4], [4, 4], [4, 6], [6, 6]]
   71,  [[0, 0], [0, 3], [1, 1], [1, 6], [2, 5], [4, 4], [4, 4], [4, 6], [6, 6]]
   72,  [[0, 0], [0, 3], [1, 1], [1, 6], [2, 2], [4, 4], [4, 5], [4, 6], [6, 6]]
   73,  [[0, 0], [0, 3], [1, 1], [1, 6], [2, 2], [4, 4], [4, 4], [4, 6], [6, 7]]
   74,  [[0, 0], [0, 5], [1, 1], [1, 6], [2, 2], [4, 4], [4, 6], [4, 6], [6, 6]]
   75,  [[0, 0], [0, 6], [1, 3], [1, 5], [2, 2], [4, 4], [4, 6], [4, 6], [6, 7]]
   76,  [[0, 0], [0, 3], [1, 1], [1, 5], [2, 2], [4, 4], [4, 6], [4, 6], [6, 6]]
   77,  [[0, 0], [0, 3], [1, 5], [1, 6], [2, 2], [4, 4], [4, 6], [4, 6], [6, 7]]
   78,  [[0, 0], [0, 3], [1, 1], [1, 6], [2, 5], [4, 4], [4, 6], [4, 6], [6, 7]]
   79,  [[0, 0], [0, 3], [1, 1], [1, 6], [2, 2], [4, 5], [4, 6], [4, 6], [6, 7]]
   80,  [[0, 0], [0, 3], [1, 1], [1, 6], [2, 2], [4, 4], [4, 6], [4, 6], [7, 7]]
   81,  [[0, 0], [0, 6], [1, 1], [1, 6], [2, 7], [3, 4], [4, 4], [4, 6], [5, 6]]
   82,  [[0, 0], [0, 6], [1, 1], [1, 6], [2, 7], [4, 4], [4, 4], [4, 6], [6, 6]]
   83,  [[0, 3], [0, 6], [1, 5], [1, 6], [2, 7], [4, 4], [4, 4], [4, 6], [6, 6]]
   84,  [[0, 0], [0, 6], [1, 3], [1, 6], [2, 7], [4, 4], [4, 5], [4, 6], [6, 6]]
   85,  [[0, 3], [0, 5], [1, 6], [1, 6], [2, 7], [4, 4], [4, 4], [4, 6], [6, 6]]
   86,  [[0, 0], [0, 3], [1, 6], [1, 6], [2, 7], [4, 4], [4, 5], [4, 6], [6, 6]]
   87,  [[0, 0], [0, 5], [1, 1], [1, 6], [2, 7], [4, 4], [4, 4], [4, 6], [6, 6]]
   88,  [[0, 0], [0, 5], [1, 3], [1, 6], [2, 7], [4, 4], [4, 6], [4, 6], [6, 6]]
   89,  [[0, 0], [0, 5], [1, 1], [1, 6], [2, 7], [3, 4], [4, 6], [4, 6], [6, 6]]
   90,  [[0, 0], [0, 5], [1, 1], [1, 6], [2, 7], [3, 6], [4, 4], [4, 6], [4, 6]]
   91,  [[0, 0], [0, 3], [1, 1], [1, 5], [2, 7], [4, 6], [4, 6], [4, 6], [6, 6]]
   92,  [[0, 0], [0, 7], [1, 3], [1, 6], [2, 2], [4, 4], [4, 4], [4, 6], [5, 6]]
   93,  [[0, 0], [0, 7], [1, 3], [1, 6], [2, 2], [4, 4], [4, 6], [4, 6], [6, 6]]
   94,  [[0, 0], [0, 6], [1, 1], [1, 7], [2, 3], [4, 4], [4, 4], [4, 6], [5, 6]]
   95,  [[0, 0], [0, 6], [1, 1], [1, 7], [2, 3], [4, 4], [4, 6], [4, 6], [6, 6]]
   96,  [[0, 0], [0, 6], [1, 1], [1, 7], [2, 2], [3, 4], [4, 4], [4, 6], [5, 6]]
   97,  [[0, 0], [0, 6], [1, 1], [1, 7], [2, 2], [3, 4], [4, 6], [4, 6], [6, 6]]
   98,  [[0, 0], [0, 7], [1, 6], [1, 6], [2, 2], [4, 4], [4, 4], [4, 6], [5, 6]]
   99,  [[0, 0], [0, 6], [1, 6], [1, 7], [2, 2], [4, 4], [4, 4], [4, 6], [5, 6]]
  100,  [[0, 0], [0, 6], [1, 1], [1, 7], [2, 6], [4, 4], [4, 4], [4, 6], [5, 6]]
  101,  [[0, 0], [0, 6], [1, 1], [1, 7], [2, 2], [4, 4], [4, 4], [4, 6], [6, 6]]
  102,  [[0, 0], [0, 7], [1, 5], [1, 6], [2, 2], [4, 4], [4, 6], [4, 6], [6, 6]]
  103,  [[0, 0], [0, 6], [1, 5], [1, 7], [2, 2], [4, 4], [4, 6], [4, 6], [6, 6]]
  104,  [[0, 0], [0, 6], [1, 1], [1, 7], [2, 5], [4, 4], [4, 6], [4, 6], [6, 6]]
  105,  [[0, 0], [0, 6], [1, 1], [1, 7], [2, 2], [4, 5], [4, 6], [4, 6], [6, 6]]
  106,  [[0, 0], [0, 6], [1, 1], [1, 7], [2, 2], [3, 6], [4, 4], [4, 6], [4, 6]]
  107,  [[0, 0], [0, 6], [1, 3], [1, 7], [2, 6], [4, 4], [4, 4], [4, 6], [6, 6]]
  108,  [[0, 3], [0, 7], [1, 5], [1, 6], [2, 2], [4, 4], [4, 4], [4, 6], [6, 6]]
  109,  [[0, 0], [0, 6], [1, 3], [1, 7], [2, 5], [4, 4], [4, 4], [4, 6], [6, 6]]
  110,  [[0, 0], [0, 6], [1, 3], [1, 7], [2, 2], [4, 4], [4, 5], [4, 6], [6, 6]]
  111,  [[0, 0], [0, 5], [1, 3], [1, 7], [2, 2], [4, 4], [4, 6], [4, 6], [6, 6]]
  112,  [[0, 0], [0, 3], [1, 1], [1, 7], [2, 6], [4, 4], [4, 4], [4, 6], [5, 6]]
  113,  [[0, 0], [0, 3], [1, 1], [1, 7], [2, 6], [4, 4], [4, 6], [4, 6], [6, 6]]
  114,  [[0, 0], [0, 3], [1, 1], [1, 7], [2, 2], [4, 6], [4, 6], [4, 6], [6, 6]]
  115,  [[0, 0], [0, 7], [1, 3], [1, 5], [2, 2], [4, 4], [4, 6], [4, 6], [6, 6]]
  116,  [[0, 0], [0, 3], [1, 5], [1, 7], [2, 2], [4, 4], [4, 6], [4, 6], [6, 6]]
  117,  [[0, 0], [0, 3], [1, 1], [1, 7], [2, 5], [4, 4], [4, 6], [4, 6], [6, 6]]
  118,  [[0, 0], [0, 3], [1, 1], [1, 7], [2, 2], [4, 5], [4, 6], [4, 6], [6, 6]]
  119,  [[0, 0], [0, 3], [1, 6], [1, 7], [2, 6], [4, 4], [4, 4], [4, 6], [6, 6]]
  120,  [[0, 3], [0, 5], [1, 6], [1, 7], [2, 2], [4, 4], [4, 4], [4, 6], [6, 6]]
  121,  [[0, 0], [0, 3], [1, 6], [1, 7], [2, 5], [4, 4], [4, 4], [4, 6], [6, 6]]
  122,  [[0, 0], [0, 3], [1, 6], [1, 7], [2, 2], [4, 4], [4, 5], [4, 6], [6, 6]]
  123,  [[0, 0], [0, 5], [1, 6], [1, 7], [2, 2], [4, 4], [4, 6], [4, 6], [6, 6]]
  124,  [[0, 0], [0, 6], [1, 1], [1, 6], [2, 2], [4, 4], [4, 6], [4, 7], [5, 6]]
  125,  [[0, 0], [0, 6], [1, 3], [1, 6], [2, 2], [4, 4], [4, 4], [4, 7], [5, 6]]
  126,  [[0, 0], [0, 6], [1, 3], [1, 6], [2, 2], [4, 4], [4, 6], [4, 7], [6, 6]]
  127,  [[0, 0], [0, 3], [1, 6], [1, 6], [2, 2], [4, 4], [4, 4], [4, 7], [5, 6]]
  128,  [[0, 0], [0, 3], [1, 6], [1, 6], [2, 2], [4, 4], [4, 6], [4, 7], [6, 6]]
  129,  [[0, 0], [0, 3], [1, 1], [1, 6], [2, 6], [4, 4], [4, 4], [4, 7], [5, 6]]
  130,  [[0, 0], [0, 3], [1, 1], [1, 6], [2, 6], [4, 4], [4, 6], [4, 7], [6, 6]]
  131,  [[0, 0], [0, 6], [1, 3], [1, 5], [2, 2], [4, 4], [4, 6], [4, 7], [6, 6]]
  132,  [[0, 0], [0, 3], [1, 5], [1, 6], [2, 2], [4, 4], [4, 6], [4, 7], [6, 6]]
  133,  [[0, 0], [0, 3], [1, 1], [1, 6], [2, 5], [4, 4], [4, 6], [4, 7], [6, 6]]
  134,  [[0, 0], [0, 3], [1, 1], [1, 6], [2, 2], [4, 5], [4, 6], [4, 7], [6, 6]]
  135,  [[0, 0], [0, 5], [1, 1], [1, 6], [2, 2], [4, 6], [4, 6], [4, 7], [6, 6]]
  136,  [[0, 0], [0, 3], [1, 1], [1, 5], [2, 2], [4, 6], [4, 6], [4, 7], [6, 6]]
  137,  [[0, 0], [0, 6], [1, 1], [1, 6], [2, 3], [4, 4], [4, 4], [4, 6], [5, 6]]
  138,  [[0, 0], [0, 6], [1, 1], [1, 6], [2, 2], [3, 4], [4, 4], [4, 6], [5, 6]]
  139,  [[0, 0], [0, 6], [1, 3], [1, 5], [2, 6], [4, 4], [4, 4], [4, 6], [6, 6]]
  140,  [[0, 0], [0, 3], [1, 5], [1, 6], [2, 6], [4, 4], [4, 4], [4, 6], [6, 6]]
  141,  [[0, 0], [0, 3], [1, 1], [1, 6], [2, 6], [4, 4], [4, 5], [4, 6], [6, 6]]
  142,  [[0, 0], [0, 3], [1, 1], [1, 6], [2, 6], [4, 4], [4, 4], [4, 6], [6, 7]]
  143,  [[0, 0], [0, 5], [1, 1], [1, 6], [2, 2], [4, 4], [4, 4], [4, 6], [6, 6]]
  144,  [[0, 0], [0, 6], [1, 3], [1, 5], [2, 2], [4, 4], [4, 4], [4, 6], [6, 7]]
  145,  [[0, 0], [0, 3], [1, 5], [1, 6], [2, 2], [4, 4], [4, 4], [4, 6], [6, 7]]
  146,  [[0, 0], [0, 6], [1, 3], [1, 6], [2, 5], [4, 4], [4, 4], [4, 6], [6, 6]]
  147,  [[0, 0], [0, 3], [1, 6], [1, 6], [2, 5], [4, 4], [4, 4], [4, 6], [6, 6]]
  148,  [[0, 0], [0, 3], [1, 1], [1, 6], [2, 5], [4, 4], [4, 4], [4, 6], [6, 7]]
  149,  [[0, 0], [0, 6], [1, 3], [1, 6], [2, 2], [4, 4], [4, 5], [4, 6], [6, 6]]
  150,  [[0, 0], [0, 3], [1, 6], [1, 6], [2, 2], [4, 4], [4, 5], [4, 6], [6, 6]]
  151,  [[0, 0], [0, 3], [1, 1], [1, 6], [2, 2], [4, 4], [4, 5], [4, 6], [6, 7]]
  152,  [[0, 0], [0, 6], [1, 3], [1, 6], [2, 2], [4, 4], [4, 4], [4, 6], [6, 7]]
  153,  [[0, 0], [0, 3], [1, 6], [1, 6], [2, 2], [4, 4], [4, 4], [4, 6], [6, 7]]
  154,  [[0, 0], [0, 5], [1, 3], [1, 6], [2, 2], [4, 4], [4, 6], [4, 6], [6, 6]]
  155,  [[0, 0], [0, 5], [1, 1], [1, 6], [2, 3], [4, 4], [4, 6], [4, 6], [6, 6]]
  156,  [[0, 0], [0, 5], [1, 1], [1, 6], [2, 2], [3, 4], [4, 6], [4, 6], [6, 6]]
  157,  [[0, 0], [0, 5], [1, 1], [1, 6], [2, 2], [3, 6], [4, 4], [4, 6], [4, 6]]
  158,  [[0, 0], [0, 5], [1, 1], [1, 6], [2, 2], [4, 4], [4, 6], [4, 6], [6, 7]]
  159,  [[0, 0], [0, 6], [1, 3], [1, 5], [2, 2], [4, 4], [4, 6], [4, 6], [7, 7]]
  160,  [[0, 0], [0, 3], [1, 1], [1, 5], [2, 6], [4, 4], [4, 6], [4, 6], [6, 6]]
  161,  [[0, 0], [0, 3], [1, 1], [1, 5], [2, 2], [4, 6], [4, 6], [4, 6], [6, 6]]
  162,  [[0, 0], [0, 3], [1, 1], [1, 5], [2, 2], [4, 4], [4, 6], [4, 6], [6, 7]]
  163,  [[0, 0], [0, 3], [1, 5], [1, 6], [2, 2], [4, 4], [4, 6], [4, 6], [7, 7]]
  164,  [[0, 0], [0, 3], [1, 1], [1, 6], [2, 5], [4, 4], [4, 6], [4, 6], [7, 7]]
  165,  [[0, 0], [0, 3], [1, 1], [1, 6], [2, 2], [4, 5], [4, 6], [4, 6], [7, 7]]
  166,  [[0, 0], [0, 6], [1, 3], [1, 6], [2, 2], [4, 4], [4, 6], [4, 6], [7, 7]]
  167,  [[0, 0], [0, 3], [1, 6], [1, 6], [2, 2], [4, 4], [4, 6], [4, 6], [7, 7]]
  168,  [[0, 0], [0, 3], [1, 1], [1, 6], [2, 6], [4, 4], [4, 6], [4, 6], [7, 7]]
  169,  [[0, 0], [0, 3], [1, 1], [1, 6], [2, 2], [4, 6], [4, 6], [4, 6], [7, 7]]
  170,  [[0, 0], [0, 3], [1, 1], [1, 6], [2, 2], [4, 4], [4, 6], [4, 6], [5, 7]]
  171,  [[0, 0], [0, 6], [1, 1], [1, 6], [2, 7], [3, 4], [4, 4], [4, 4], [5, 6]]
  172,  [[0, 0], [0, 6], [1, 1], [1, 6], [2, 7], [3, 4], [4, 4], [4, 6], [6, 6]]
  173,  [[0, 0], [0, 6], [1, 5], [1, 6], [2, 7], [4, 4], [4, 4], [4, 6], [6, 6]]
  174,  [[0, 0], [0, 6], [1, 1], [1, 6], [2, 7], [4, 4], [4, 5], [4, 6], [6, 6]]
  175,  [[0, 0], [0, 6], [1, 1], [1, 6], [2, 7], [3, 6], [4, 4], [4, 4], [4, 6]]
  176,  [[0, 0], [0, 5], [1, 3], [1, 6], [2, 7], [4, 4], [4, 4], [4, 6], [6, 6]]
  177,  [[0, 0], [0, 6], [1, 3], [1, 6], [2, 7], [4, 4], [4, 4], [4, 5], [6, 6]]
  178,  [[0, 0], [0, 5], [1, 6], [1, 6], [2, 7], [4, 4], [4, 4], [4, 6], [6, 6]]
  179,  [[0, 0], [0, 3], [1, 6], [1, 6], [2, 7], [4, 4], [4, 4], [4, 5], [6, 6]]
  180,  [[0, 0], [0, 5], [1, 1], [1, 6], [2, 7], [3, 4], [4, 4], [4, 6], [6, 6]]
  181,  [[0, 0], [0, 5], [1, 1], [1, 6], [2, 7], [3, 6], [4, 4], [4, 4], [4, 6]]
  182,  [[0, 0], [0, 7], [1, 3], [1, 6], [2, 6], [4, 4], [4, 4], [4, 6], [5, 6]]
  183,  [[0, 0], [0, 7], [1, 3], [1, 6], [2, 2], [4, 4], [4, 4], [4, 6], [6, 6]]
  184,  [[0, 3], [0, 6], [1, 5], [1, 7], [2, 2], [4, 4], [4, 6], [4, 6], [6, 6]]
  185,  [[0, 0], [0, 7], [1, 3], [1, 6], [2, 5], [4, 4], [4, 6], [4, 6], [6, 6]]
  186,  [[0, 0], [0, 7], [1, 3], [1, 6], [2, 2], [4, 5], [4, 6], [4, 6], [6, 6]]
  187,  [[0, 0], [0, 7], [1, 6], [1, 6], [2, 3], [4, 4], [4, 4], [4, 6], [5, 6]]
  188,  [[0, 0], [0, 6], [1, 6], [1, 7], [2, 3], [4, 4], [4, 4], [4, 6], [5, 6]]
  189,  [[0, 0], [0, 6], [1, 1], [1, 7], [2, 3], [4, 4], [4, 4], [4, 6], [6, 6]]
  190,  [[0, 0], [0, 7], [1, 5], [1, 6], [2, 3], [4, 4], [4, 6], [4, 6], [6, 6]]
  191,  [[0, 0], [0, 6], [1, 5], [1, 7], [2, 3], [4, 4], [4, 6], [4, 6], [6, 6]]
  192,  [[0, 0], [0, 6], [1, 1], [1, 7], [2, 3], [4, 5], [4, 6], [4, 6], [6, 6]]
  193,  [[0, 0], [0, 7], [1, 6], [1, 6], [2, 2], [3, 4], [4, 4], [4, 6], [5, 6]]
  194,  [[0, 0], [0, 6], [1, 6], [1, 7], [2, 2], [3, 4], [4, 4], [4, 6], [5, 6]]
  195,  [[0, 0], [0, 6], [1, 1], [1, 7], [2, 6], [3, 4], [4, 4], [4, 6], [5, 6]]
  196,  [[0, 0], [0, 6], [1, 1], [1, 7], [2, 2], [3, 4], [4, 4], [4, 6], [6, 6]]
  197,  [[0, 0], [0, 7], [1, 5], [1, 6], [2, 2], [3, 4], [4, 6], [4, 6], [6, 6]]
  198,  [[0, 0], [0, 6], [1, 5], [1, 7], [2, 2], [3, 4], [4, 6], [4, 6], [6, 6]]
  199,  [[0, 0], [0, 6], [1, 1], [1, 7], [2, 5], [3, 4], [4, 6], [4, 6], [6, 6]]
  200,  [[0, 0], [0, 6], [1, 1], [1, 7], [2, 6], [4, 4], [4, 4], [4, 6], [6, 6]]
  201,  [[0, 0], [0, 7], [1, 5], [1, 6], [2, 2], [4, 4], [4, 4], [4, 6], [6, 6]]
  202,  [[0, 0], [0, 6], [1, 5], [1, 7], [2, 2], [4, 4], [4, 4], [4, 6], [6, 6]]
  203,  [[0, 0], [0, 6], [1, 1], [1, 7], [2, 5], [4, 4], [4, 4], [4, 6], [6, 6]]
  204,  [[0, 0], [0, 6], [1, 1], [1, 7], [2, 2], [4, 4], [4, 5], [4, 6], [6, 6]]
  205,  [[0, 0], [0, 6], [1, 1], [1, 7], [2, 2], [3, 6], [4, 4], [4, 4], [4, 6]]
  206,  [[0, 0], [0, 5], [1, 1], [1, 7], [2, 2], [4, 4], [4, 6], [4, 6], [6, 6]]
  207,  [[0, 0], [0, 7], [1, 5], [1, 6], [2, 2], [3, 6], [4, 4], [4, 6], [4, 6]]
  208,  [[0, 0], [0, 6], [1, 5], [1, 7], [2, 2], [3, 6], [4, 4], [4, 6], [4, 6]]
  209,  [[0, 0], [0, 6], [1, 1], [1, 7], [2, 5], [3, 6], [4, 4], [4, 6], [4, 6]]
  210,  [[0, 0], [0, 6], [1, 1], [1, 7], [2, 2], [3, 6], [4, 5], [4, 6], [4, 6]]
  211,  [[0, 3], [0, 7], [1, 5], [1, 6], [2, 6], [4, 4], [4, 4], [4, 6], [6, 6]]
  212,  [[0, 0], [0, 6], [1, 3], [1, 7], [2, 6], [4, 4], [4, 5], [4, 6], [6, 6]]
  213,  [[0, 3], [0, 7], [1, 6], [1, 6], [2, 5], [4, 4], [4, 4], [4, 6], [6, 6]]
  214,  [[0, 3], [0, 7], [1, 6], [1, 6], [2, 2], [4, 4], [4, 5], [4, 6], [6, 6]]
  215,  [[0, 0], [0, 5], [1, 3], [1, 7], [2, 6], [4, 4], [4, 6], [4, 6], [6, 6]]
  216,  [[0, 0], [0, 5], [1, 3], [1, 7], [2, 2], [4, 6], [4, 6], [4, 6], [6, 6]]
  217,  [[0, 0], [0, 3], [1, 1], [1, 7], [2, 6], [4, 4], [4, 4], [4, 6], [6, 6]]
  218,  [[0, 0], [0, 7], [1, 3], [1, 5], [2, 6], [4, 4], [4, 6], [4, 6], [6, 6]]
  219,  [[0, 0], [0, 3], [1, 5], [1, 7], [2, 6], [4, 4], [4, 6], [4, 6], [6, 6]]
  220,  [[0, 0], [0, 3], [1, 1], [1, 7], [2, 6], [4, 5], [4, 6], [4, 6], [6, 6]]
  221,  [[0, 0], [0, 7], [1, 3], [1, 5], [2, 2], [4, 6], [4, 6], [4, 6], [6, 6]]
  222,  [[0, 0], [0, 3], [1, 5], [1, 7], [2, 2], [4, 6], [4, 6], [4, 6], [6, 6]]
  223,  [[0, 0], [0, 3], [1, 1], [1, 7], [2, 5], [4, 6], [4, 6], [4, 6], [6, 6]]
  224,  [[0, 3], [0, 5], [1, 6], [1, 7], [2, 6], [4, 4], [4, 4], [4, 6], [6, 6]]
  225,  [[0, 0], [0, 3], [1, 6], [1, 7], [2, 6], [4, 4], [4, 5], [4, 6], [6, 6]]
  226,  [[0, 0], [0, 5], [1, 6], [1, 7], [2, 2], [4, 4], [4, 4], [4, 6], [6, 6]]
  227,  [[0, 3], [0, 6], [1, 6], [1, 7], [2, 5], [4, 4], [4, 4], [4, 6], [6, 6]]
  228,  [[0, 3], [0, 6], [1, 6], [1, 7], [2, 2], [4, 4], [4, 5], [4, 6], [6, 6]]
  229,  [[0, 0], [0, 5], [1, 6], [1, 7], [2, 3], [4, 4], [4, 6], [4, 6], [6, 6]]
  230,  [[0, 0], [0, 5], [1, 6], [1, 7], [2, 2], [3, 4], [4, 6], [4, 6], [6, 6]]
  231,  [[0, 0], [0, 5], [1, 6], [1, 7], [2, 2], [3, 6], [4, 4], [4, 6], [4, 6]]
  232,  [[0, 0], [0, 6], [1, 1], [1, 6], [2, 3], [4, 4], [4, 6], [4, 7], [5, 6]]
  233,  [[0, 0], [0, 6], [1, 1], [1, 6], [2, 2], [3, 4], [4, 6], [4, 7], [5, 6]]
  234,  [[0, 0], [0, 6], [1, 1], [1, 6], [2, 2], [4, 4], [4, 4], [4, 7], [5, 6]]
  235,  [[0, 0], [0, 6], [1, 1], [1, 6], [2, 2], [4, 4], [4, 6], [4, 7], [6, 6]]
  236,  [[0, 3], [0, 6], [1, 6], [1, 6], [2, 2], [4, 4], [4, 4], [4, 7], [5, 6]]
  237,  [[0, 0], [0, 6], [1, 3], [1, 6], [2, 6], [4, 4], [4, 4], [4, 7], [5, 6]]
  238,  [[0, 0], [0, 6], [1, 3], [1, 6], [2, 2], [4, 4], [4, 4], [4, 7], [6, 6]]
  239,  [[0, 3], [0, 6], [1, 5], [1, 6], [2, 2], [4, 4], [4, 6], [4, 7], [6, 6]]
  240,  [[0, 0], [0, 6], [1, 3], [1, 6], [2, 5], [4, 4], [4, 6], [4, 7], [6, 6]]
  241,  [[0, 0], [0, 6], [1, 3], [1, 6], [2, 2], [4, 5], [4, 6], [4, 7], [6, 6]]
  242,  [[0, 0], [0, 3], [1, 6], [1, 6], [2, 6], [4, 4], [4, 4], [4, 7], [5, 6]]
  243,  [[0, 0], [0, 3], [1, 6], [1, 6], [2, 2], [4, 4], [4, 4], [4, 7], [6, 6]]
  244,  [[0, 3], [0, 5], [1, 6], [1, 6], [2, 2], [4, 4], [4, 6], [4, 7], [6, 6]]
  245,  [[0, 0], [0, 3], [1, 6], [1, 6], [2, 5], [4, 4], [4, 6], [4, 7], [6, 6]]
  246,  [[0, 0], [0, 3], [1, 6], [1, 6], [2, 2], [4, 5], [4, 6], [4, 7], [6, 6]]
  247,  [[0, 0], [0, 3], [1, 1], [1, 6], [2, 6], [4, 4], [4, 4], [4, 7], [6, 6]]
  248,  [[0, 0], [0, 6], [1, 3], [1, 5], [2, 6], [4, 4], [4, 6], [4, 7], [6, 6]]
  249,  [[0, 0], [0, 3], [1, 5], [1, 6], [2, 6], [4, 4], [4, 6], [4, 7], [6, 6]]
  250,  [[0, 0], [0, 3], [1, 1], [1, 6], [2, 6], [4, 5], [4, 6], [4, 7], [6, 6]]
  251,  [[0, 0], [0, 5], [1, 1], [1, 6], [2, 2], [4, 4], [4, 6], [4, 7], [6, 6]]
  252,  [[0, 0], [0, 5], [1, 3], [1, 6], [2, 2], [4, 6], [4, 6], [4, 7], [6, 6]]
  253,  [[0, 0], [0, 5], [1, 1], [1, 6], [2, 3], [4, 6], [4, 6], [4, 7], [6, 6]]
  254,  [[0, 0], [0, 5], [1, 1], [1, 6], [2, 2], [3, 6], [4, 6], [4, 6], [4, 7]]
  255,  [[0, 0], [0, 3], [1, 1], [1, 5], [2, 6], [4, 6], [4, 6], [4, 7], [6, 6]]
  256,  [[0, 0], [0, 6], [1, 1], [1, 6], [2, 3], [4, 4], [4, 4], [4, 6], [6, 6]]
  257,  [[0, 0], [0, 6], [1, 1], [1, 6], [2, 2], [3, 4], [4, 4], [4, 4], [5, 6]]
  258,  [[0, 0], [0, 6], [1, 1], [1, 6], [2, 2], [3, 4], [4, 4], [4, 6], [6, 6]]
  259,  [[0, 0], [0, 5], [1, 1], [1, 6], [2, 6], [4, 4], [4, 4], [4, 6], [6, 6]]
  260,  [[0, 0], [0, 6], [1, 3], [1, 5], [2, 6], [4, 4], [4, 4], [4, 6], [6, 7]]
  261,  [[0, 0], [0, 3], [1, 1], [1, 5], [2, 6], [4, 4], [4, 4], [4, 6], [6, 6]]
  262,  [[0, 0], [0, 3], [1, 5], [1, 6], [2, 6], [4, 4], [4, 4], [4, 6], [6, 7]]
  263,  [[0, 0], [0, 3], [1, 1], [1, 6], [2, 6], [4, 4], [4, 4], [4, 5], [6, 6]]
  264,  [[0, 0], [0, 3], [1, 1], [1, 6], [2, 6], [4, 4], [4, 5], [4, 6], [6, 7]]
  265,  [[0, 0], [0, 3], [1, 1], [1, 6], [2, 6], [4, 4], [4, 4], [4, 6], [7, 7]]
  266,  [[0, 0], [0, 5], [1, 3], [1, 6], [2, 2], [4, 4], [4, 4], [4, 6], [6, 6]]
  267,  [[0, 0], [0, 5], [1, 1], [1, 6], [2, 3], [4, 4], [4, 4], [4, 6], [6, 6]]
  268,  [[0, 0], [0, 5], [1, 1], [1, 6], [2, 2], [3, 4], [4, 4], [4, 6], [6, 6]]
  269,  [[0, 0], [0, 5], [1, 1], [1, 6], [2, 2], [3, 6], [4, 4], [4, 4], [4, 6]]
  270,  [[0, 0], [0, 5], [1, 1], [1, 6], [2, 2], [4, 4], [4, 4], [4, 6], [6, 7]]
  271,  [[0, 3], [0, 5], [1, 6], [1, 6], [2, 2], [4, 4], [4, 4], [4, 6], [6, 7]]
  272,  [[0, 3], [0, 6], [1, 5], [1, 6], [2, 2], [4, 4], [4, 4], [4, 6], [6, 7]]
  273,  [[0, 0], [0, 6], [1, 1], [1, 6], [2, 5], [4, 4], [4, 4], [4, 6], [6, 6]]
  274,  [[0, 0], [0, 6], [1, 3], [1, 6], [2, 5], [4, 4], [4, 4], [4, 6], [6, 7]]
  275,  [[0, 0], [0, 3], [1, 6], [1, 6], [2, 5], [4, 4], [4, 4], [4, 6], [6, 7]]
  276,  [[0, 0], [0, 6], [1, 1], [1, 6], [2, 2], [4, 4], [4, 5], [4, 6], [6, 6]]
  277,  [[0, 0], [0, 6], [1, 3], [1, 6], [2, 2], [4, 4], [4, 4], [4, 5], [6, 6]]
  278,  [[0, 0], [0, 6], [1, 3], [1, 6], [2, 2], [4, 4], [4, 5], [4, 6], [6, 7]]
  279,  [[0, 0], [0, 3], [1, 6], [1, 6], [2, 2], [4, 4], [4, 4], [4, 5], [6, 6]]
  280,  [[0, 0], [0, 3], [1, 6], [1, 6], [2, 2], [4, 4], [4, 5], [4, 6], [6, 7]]
  281,  [[0, 0], [0, 6], [1, 1], [1, 6], [2, 2], [4, 4], [4, 4], [4, 6], [6, 7]]
  282,  [[0, 0], [0, 5], [1, 3], [1, 6], [2, 2], [4, 4], [4, 6], [4, 6], [6, 7]]
  283,  [[0, 0], [0, 5], [1, 1], [1, 6], [2, 3], [4, 4], [4, 6], [4, 6], [6, 7]]
  284,  [[0, 0], [0, 5], [1, 1], [1, 6], [2, 2], [3, 4], [4, 6], [4, 6], [6, 7]]
  285,  [[0, 0], [0, 5], [1, 1], [1, 6], [2, 2], [4, 4], [4, 6], [4, 6], [7, 7]]
  286,  [[0, 3], [0, 5], [1, 6], [1, 6], [2, 2], [4, 4], [4, 6], [4, 6], [7, 7]]
  287,  [[0, 0], [0, 6], [1, 3], [1, 5], [2, 6], [4, 4], [4, 6], [4, 6], [7, 7]]
  288,  [[0, 0], [0, 6], [1, 3], [1, 5], [2, 2], [4, 6], [4, 6], [4, 6], [7, 7]]
  289,  [[0, 0], [0, 3], [1, 1], [1, 5], [2, 6], [4, 4], [4, 6], [4, 6], [6, 7]]
  290,  [[0, 0], [0, 3], [1, 1], [1, 5], [2, 2], [4, 6], [4, 6], [4, 6], [6, 7]]
  291,  [[0, 3], [0, 6], [1, 5], [1, 6], [2, 2], [4, 4], [4, 6], [4, 6], [7, 7]]
  292,  [[0, 0], [0, 3], [1, 5], [1, 6], [2, 6], [4, 4], [4, 6], [4, 6], [7, 7]]
  293,  [[0, 0], [0, 3], [1, 5], [1, 6], [2, 2], [4, 6], [4, 6], [4, 6], [7, 7]]
  294,  [[0, 0], [0, 6], [1, 3], [1, 6], [2, 5], [4, 4], [4, 6], [4, 6], [7, 7]]
  295,  [[0, 0], [0, 3], [1, 6], [1, 6], [2, 5], [4, 4], [4, 6], [4, 6], [7, 7]]
  296,  [[0, 0], [0, 3], [1, 1], [1, 6], [2, 5], [4, 6], [4, 6], [4, 6], [7, 7]]
  297,  [[0, 0], [0, 6], [1, 3], [1, 6], [2, 2], [4, 5], [4, 6], [4, 6], [7, 7]]
  298,  [[0, 0], [0, 3], [1, 6], [1, 6], [2, 2], [4, 5], [4, 6], [4, 6], [7, 7]]
  299,  [[0, 0], [0, 3], [1, 1], [1, 6], [2, 6], [4, 5], [4, 6], [4, 6], [7, 7]]
  300,  [[0, 0], [0, 6], [1, 1], [1, 6], [2, 2], [4, 4], [4, 6], [4, 6], [7, 7]]
  301,  [[0, 0], [0, 6], [1, 3], [1, 6], [2, 2], [4, 4], [4, 6], [4, 6], [5, 7]]
  302,  [[0, 0], [0, 3], [1, 6], [1, 6], [2, 2], [4, 4], [4, 6], [4, 6], [5, 7]]
  303,  [[0, 0], [0, 3], [1, 1], [1, 6], [2, 6], [4, 4], [4, 6], [4, 6], [5, 7]]
  304,  [[0, 0], [0, 3], [1, 1], [1, 6], [2, 2], [4, 6], [4, 6], [4, 6], [5, 7]]
  305,  [[0, 0], [0, 6], [1, 6], [1, 6], [2, 7], [3, 4], [4, 4], [4, 4], [5, 6]]
  306,  [[0, 0], [0, 6], [1, 1], [1, 6], [2, 7], [3, 4], [4, 4], [4, 4], [6, 6]]
  307,  [[0, 0], [0, 6], [1, 5], [1, 6], [2, 7], [3, 4], [4, 4], [4, 6], [6, 6]]
  308,  [[0, 0], [0, 6], [1, 1], [1, 6], [2, 7], [3, 4], [4, 5], [4, 6], [6, 6]]
  309,  [[0, 0], [0, 6], [1, 5], [1, 6], [2, 7], [3, 6], [4, 4], [4, 4], [4, 6]]
  310,  [[0, 0], [0, 6], [1, 1], [1, 6], [2, 7], [4, 4], [4, 4], [4, 5], [6, 6]]
  311,  [[0, 0], [0, 6], [1, 1], [1, 6], [2, 7], [3, 6], [4, 4], [4, 5], [4, 6]]
  312,  [[0, 0], [0, 6], [1, 1], [1, 6], [2, 2], [3, 6], [4, 4], [4, 4], [4, 6]]
  313,  [[0, 3], [0, 6], [1, 6], [1, 6], [2, 7], [4, 4], [4, 4], [4, 5], [6, 6]]
  314,  [[0, 0], [0, 5], [1, 6], [1, 6], [2, 7], [3, 4], [4, 4], [4, 6], [6, 6]]
  315,  [[0, 0], [0, 5], [1, 6], [1, 6], [2, 7], [3, 6], [4, 4], [4, 4], [4, 6]]
  316,  [[0, 0], [0, 7], [1, 3], [1, 6], [2, 6], [4, 4], [4, 4], [4, 6], [6, 6]]
  317,  [[0, 3], [0, 6], [1, 5], [1, 7], [2, 2], [4, 4], [4, 4], [4, 6], [6, 6]]
  318,  [[0, 0], [0, 7], [1, 3], [1, 6], [2, 5], [4, 4], [4, 4], [4, 6], [6, 6]]
  319,  [[0, 0], [0, 7], [1, 3], [1, 6], [2, 2], [4, 4], [4, 5], [4, 6], [6, 6]]
  320,  [[0, 0], [0, 7], [1, 6], [1, 6], [2, 3], [4, 4], [4, 4], [4, 6], [6, 6]]
  321,  [[0, 0], [0, 6], [1, 6], [1, 7], [2, 3], [4, 4], [4, 4], [4, 6], [6, 6]]
  322,  [[0, 0], [0, 7], [1, 5], [1, 6], [2, 3], [4, 4], [4, 4], [4, 6], [6, 6]]
  323,  [[0, 0], [0, 6], [1, 5], [1, 7], [2, 3], [4, 4], [4, 4], [4, 6], [6, 6]]
  324,  [[0, 0], [0, 6], [1, 1], [1, 7], [2, 3], [4, 4], [4, 5], [4, 6], [6, 6]]
  325,  [[0, 0], [0, 5], [1, 1], [1, 7], [2, 3], [4, 4], [4, 6], [4, 6], [6, 6]]
  326,  [[0, 0], [0, 7], [1, 6], [1, 6], [2, 2], [3, 4], [4, 4], [4, 4], [5, 6]]
  327,  [[0, 0], [0, 7], [1, 6], [1, 6], [2, 2], [3, 4], [4, 4], [4, 6], [6, 6]]
  328,  [[0, 0], [0, 6], [1, 6], [1, 7], [2, 2], [3, 4], [4, 4], [4, 4], [5, 6]]
  329,  [[0, 0], [0, 6], [1, 6], [1, 7], [2, 2], [3, 4], [4, 4], [4, 6], [6, 6]]
  330,  [[0, 0], [0, 6], [1, 1], [1, 7], [2, 6], [3, 4], [4, 4], [4, 4], [5, 6]]
  331,  [[0, 0], [0, 6], [1, 1], [1, 7], [2, 6], [3, 4], [4, 4], [4, 6], [6, 6]]
  332,  [[0, 0], [0, 7], [1, 5], [1, 6], [2, 2], [3, 4], [4, 4], [4, 6], [6, 6]]
  333,  [[0, 0], [0, 6], [1, 5], [1, 7], [2, 2], [3, 4], [4, 4], [4, 6], [6, 6]]
  334,  [[0, 0], [0, 6], [1, 1], [1, 7], [2, 5], [3, 4], [4, 4], [4, 6], [6, 6]]
  335,  [[0, 0], [0, 6], [1, 1], [1, 7], [2, 2], [3, 4], [4, 5], [4, 6], [6, 6]]
  336,  [[0, 0], [0, 5], [1, 1], [1, 7], [2, 2], [3, 4], [4, 6], [4, 6], [6, 6]]
  337,  [[0, 0], [0, 7], [1, 5], [1, 6], [2, 6], [4, 4], [4, 4], [4, 6], [6, 6]]
  338,  [[0, 0], [0, 6], [1, 5], [1, 7], [2, 6], [4, 4], [4, 4], [4, 6], [6, 6]]
  339,  [[0, 0], [0, 6], [1, 1], [1, 7], [2, 6], [4, 4], [4, 5], [4, 6], [6, 6]]
  340,  [[0, 0], [0, 6], [1, 1], [1, 7], [2, 6], [3, 6], [4, 4], [4, 4], [4, 6]]
  341,  [[0, 0], [0, 7], [1, 5], [1, 6], [2, 2], [3, 6], [4, 4], [4, 4], [4, 6]]
  342,  [[0, 0], [0, 6], [1, 5], [1, 7], [2, 2], [3, 6], [4, 4], [4, 4], [4, 6]]
  343,  [[0, 0], [0, 7], [1, 6], [1, 6], [2, 5], [4, 4], [4, 4], [4, 6], [6, 6]]
  344,  [[0, 0], [0, 6], [1, 6], [1, 7], [2, 5], [4, 4], [4, 4], [4, 6], [6, 6]]
  345,  [[0, 0], [0, 6], [1, 1], [1, 7], [2, 5], [3, 6], [4, 4], [4, 4], [4, 6]]
  346,  [[0, 0], [0, 7], [1, 6], [1, 6], [2, 2], [4, 4], [4, 5], [4, 6], [6, 6]]
  347,  [[0, 0], [0, 6], [1, 6], [1, 7], [2, 2], [4, 4], [4, 5], [4, 6], [6, 6]]
  348,  [[0, 0], [0, 6], [1, 1], [1, 7], [2, 2], [3, 6], [4, 4], [4, 5], [4, 6]]
  349,  [[0, 0], [0, 7], [1, 6], [1, 6], [2, 2], [3, 6], [4, 4], [4, 4], [4, 6]]
  350,  [[0, 0], [0, 6], [1, 6], [1, 7], [2, 2], [3, 6], [4, 4], [4, 4], [4, 6]]
  351,  [[0, 0], [0, 5], [1, 1], [1, 7], [2, 6], [4, 4], [4, 6], [4, 6], [6, 6]]
  352,  [[0, 0], [0, 5], [1, 1], [1, 7], [2, 2], [4, 6], [4, 6], [4, 6], [6, 6]]
  353,  [[0, 0], [0, 5], [1, 1], [1, 7], [2, 2], [3, 6], [4, 4], [4, 6], [4, 6]]
  354,  [[0, 0], [0, 5], [1, 3], [1, 7], [2, 6], [4, 4], [4, 4], [4, 6], [6, 6]]
  355,  [[0, 0], [0, 6], [1, 3], [1, 7], [2, 6], [4, 4], [4, 4], [4, 5], [6, 6]]
  356,  [[0, 3], [0, 7], [1, 6], [1, 6], [2, 2], [4, 4], [4, 4], [4, 5], [6, 6]]
  357,  [[0, 0], [0, 7], [1, 3], [1, 5], [2, 6], [4, 4], [4, 4], [4, 6], [6, 6]]
  358,  [[0, 0], [0, 3], [1, 5], [1, 7], [2, 6], [4, 4], [4, 4], [4, 6], [6, 6]]
  359,  [[0, 0], [0, 3], [1, 1], [1, 7], [2, 6], [4, 4], [4, 5], [4, 6], [6, 6]]
  360,  [[0, 0], [0, 5], [1, 6], [1, 7], [2, 6], [4, 4], [4, 4], [4, 6], [6, 6]]
  361,  [[0, 0], [0, 3], [1, 6], [1, 7], [2, 6], [4, 4], [4, 4], [4, 5], [6, 6]]
  362,  [[0, 0], [0, 5], [1, 6], [1, 7], [2, 3], [4, 4], [4, 4], [4, 6], [6, 6]]
  363,  [[0, 0], [0, 5], [1, 6], [1, 7], [2, 2], [3, 4], [4, 4], [4, 6], [6, 6]]
  364,  [[0, 0], [0, 5], [1, 6], [1, 7], [2, 2], [3, 6], [4, 4], [4, 4], [4, 6]]
  365,  [[0, 3], [0, 6], [1, 6], [1, 7], [2, 2], [4, 4], [4, 4], [4, 5], [6, 6]]
  366,  [[0, 0], [0, 6], [1, 1], [1, 6], [2, 3], [4, 4], [4, 4], [4, 7], [5, 6]]
  367,  [[0, 0], [0, 6], [1, 1], [1, 6], [2, 3], [4, 4], [4, 6], [4, 7], [6, 6]]
  368,  [[0, 0], [0, 6], [1, 1], [1, 6], [2, 2], [3, 4], [4, 4], [4, 7], [5, 6]]
  369,  [[0, 0], [0, 6], [1, 1], [1, 6], [2, 2], [3, 4], [4, 6], [4, 7], [6, 6]]
  370,  [[0, 0], [0, 6], [1, 6], [1, 6], [2, 2], [4, 4], [4, 4], [4, 7], [5, 6]]
  371,  [[0, 0], [0, 6], [1, 1], [1, 6], [2, 6], [4, 4], [4, 4], [4, 7], [5, 6]]
  372,  [[0, 0], [0, 6], [1, 1], [1, 6], [2, 2], [4, 4], [4, 4], [4, 7], [6, 6]]
  373,  [[0, 0], [0, 6], [1, 5], [1, 6], [2, 2], [4, 4], [4, 6], [4, 7], [6, 6]]
  374,  [[0, 0], [0, 6], [1, 1], [1, 6], [2, 5], [4, 4], [4, 6], [4, 7], [6, 6]]
  375,  [[0, 0], [0, 6], [1, 1], [1, 6], [2, 2], [4, 5], [4, 6], [4, 7], [6, 6]]
  376,  [[0, 0], [0, 6], [1, 1], [1, 6], [2, 2], [3, 6], [4, 4], [4, 6], [4, 7]]
  377,  [[0, 0], [0, 6], [1, 3], [1, 6], [2, 6], [4, 4], [4, 4], [4, 7], [6, 6]]
  378,  [[0, 3], [0, 6], [1, 5], [1, 6], [2, 2], [4, 4], [4, 4], [4, 7], [6, 6]]
  379,  [[0, 0], [0, 6], [1, 3], [1, 6], [2, 5], [4, 4], [4, 4], [4, 7], [6, 6]]
  380,  [[0, 0], [0, 6], [1, 3], [1, 6], [2, 2], [4, 4], [4, 5], [4, 7], [6, 6]]
  381,  [[0, 0], [0, 5], [1, 3], [1, 6], [2, 2], [4, 4], [4, 6], [4, 7], [6, 6]]
  382,  [[0, 0], [0, 3], [1, 6], [1, 6], [2, 6], [4, 4], [4, 4], [4, 7], [6, 6]]
  383,  [[0, 3], [0, 5], [1, 6], [1, 6], [2, 2], [4, 4], [4, 4], [4, 7], [6, 6]]
  384,  [[0, 0], [0, 3], [1, 6], [1, 6], [2, 5], [4, 4], [4, 4], [4, 7], [6, 6]]
  385,  [[0, 0], [0, 3], [1, 6], [1, 6], [2, 2], [4, 4], [4, 5], [4, 7], [6, 6]]
  386,  [[0, 0], [0, 5], [1, 6], [1, 6], [2, 2], [4, 4], [4, 6], [4, 7], [6, 6]]
  387,  [[0, 0], [0, 6], [1, 3], [1, 5], [2, 6], [4, 4], [4, 4], [4, 7], [6, 6]]
  388,  [[0, 0], [0, 3], [1, 5], [1, 6], [2, 6], [4, 4], [4, 4], [4, 7], [6, 6]]
  389,  [[0, 0], [0, 3], [1, 1], [1, 6], [2, 6], [4, 4], [4, 5], [4, 7], [6, 6]]
  390,  [[0, 0], [0, 5], [1, 1], [1, 6], [2, 6], [4, 4], [4, 6], [4, 7], [6, 6]]
  391,  [[0, 0], [0, 3], [1, 1], [1, 5], [2, 6], [4, 4], [4, 6], [4, 7], [6, 6]]
  392,  [[0, 0], [0, 5], [1, 1], [1, 6], [2, 3], [4, 4], [4, 6], [4, 7], [6, 6]]
  393,  [[0, 0], [0, 5], [1, 1], [1, 6], [2, 2], [3, 4], [4, 6], [4, 7], [6, 6]]
  394,  [[0, 0], [0, 5], [1, 1], [1, 6], [2, 2], [3, 6], [4, 4], [4, 6], [4, 7]]
  395,  [[0, 0], [0, 6], [1, 5], [1, 6], [2, 3], [4, 4], [4, 4], [4, 6], [6, 6]]
  396,  [[0, 0], [0, 6], [1, 1], [1, 6], [2, 3], [4, 4], [4, 5], [4, 6], [6, 6]]
  397,  [[0, 0], [0, 6], [1, 1], [1, 6], [2, 3], [4, 4], [4, 4], [4, 6], [6, 7]]
  398,  [[0, 0], [0, 6], [1, 6], [1, 6], [2, 2], [3, 4], [4, 4], [4, 4], [5, 6]]
  399,  [[0, 0], [0, 6], [1, 1], [1, 6], [2, 6], [3, 4], [4, 4], [4, 4], [5, 6]]
  400,  [[0, 0], [0, 6], [1, 1], [1, 6], [2, 2], [3, 4], [4, 4], [4, 4], [6, 6]]
  401,  [[0, 0], [0, 6], [1, 5], [1, 6], [2, 2], [3, 4], [4, 4], [4, 6], [6, 6]]
  402,  [[0, 0], [0, 6], [1, 1], [1, 6], [2, 5], [3, 4], [4, 4], [4, 6], [6, 6]]
  403,  [[0, 0], [0, 6], [1, 1], [1, 6], [2, 2], [3, 4], [4, 5], [4, 6], [6, 6]]
  404,  [[0, 0], [0, 6], [1, 1], [1, 6], [2, 2], [3, 4], [4, 4], [4, 6], [6, 7]]
  405,  [[0, 0], [0, 5], [1, 3], [1, 6], [2, 6], [4, 4], [4, 4], [4, 6], [6, 6]]
  406,  [[0, 0], [0, 5], [1, 1], [1, 6], [2, 6], [3, 4], [4, 4], [4, 6], [6, 6]]
  407,  [[0, 0], [0, 5], [1, 1], [1, 6], [2, 6], [3, 6], [4, 4], [4, 4], [4, 6]]
  408,  [[0, 0], [0, 5], [1, 1], [1, 6], [2, 6], [4, 4], [4, 4], [4, 6], [6, 7]]
  409,  [[0, 0], [0, 6], [1, 3], [1, 5], [2, 6], [4, 4], [4, 4], [4, 6], [7, 7]]
  410,  [[0, 0], [0, 3], [1, 1], [1, 5], [2, 6], [4, 4], [4, 4], [4, 6], [6, 7]]
  411,  [[0, 0], [0, 3], [1, 5], [1, 6], [2, 6], [4, 4], [4, 4], [4, 6], [7, 7]]
  412,  [[0, 0], [0, 6], [1, 3], [1, 6], [2, 6], [4, 4], [4, 4], [4, 5], [6, 6]]
  413,  [[0, 0], [0, 3], [1, 6], [1, 6], [2, 6], [4, 4], [4, 4], [4, 5], [6, 6]]
  414,  [[0, 0], [0, 3], [1, 1], [1, 6], [2, 6], [4, 4], [4, 4], [4, 5], [6, 7]]
  415,  [[0, 0], [0, 3], [1, 1], [1, 6], [2, 6], [4, 4], [4, 5], [4, 6], [7, 7]]
  416,  [[0, 0], [0, 6], [1, 3], [1, 6], [2, 6], [4, 4], [4, 4], [4, 6], [7, 7]]
  417,  [[0, 0], [0, 3], [1, 6], [1, 6], [2, 6], [4, 4], [4, 4], [4, 6], [7, 7]]
  418,  [[0, 0], [0, 3], [1, 1], [1, 6], [2, 6], [4, 4], [4, 4], [4, 6], [5, 7]]
  419,  [[0, 0], [0, 5], [1, 3], [1, 6], [2, 2], [4, 4], [4, 4], [4, 6], [6, 7]]
  420,  [[0, 0], [0, 5], [1, 6], [1, 6], [2, 3], [4, 4], [4, 4], [4, 6], [6, 6]]
  421,  [[0, 0], [0, 5], [1, 1], [1, 6], [2, 3], [4, 4], [4, 4], [4, 6], [6, 7]]
  422,  [[0, 0], [0, 5], [1, 6], [1, 6], [2, 2], [3, 4], [4, 4], [4, 6], [6, 6]]
  423,  [[0, 0], [0, 5], [1, 1], [1, 6], [2, 2], [3, 4], [4, 4], [4, 6], [6, 7]]
  424,  [[0, 0], [0, 6], [1, 5], [1, 6], [2, 2], [3, 6], [4, 4], [4, 4], [4, 6]]
  425,  [[0, 0], [0, 5], [1, 6], [1, 6], [2, 2], [3, 6], [4, 4], [4, 4], [4, 6]]
  426,  [[0, 0], [0, 6], [1, 5], [1, 6], [2, 2], [4, 4], [4, 4], [4, 6], [6, 7]]
  427,  [[0, 0], [0, 5], [1, 6], [1, 6], [2, 2], [4, 4], [4, 4], [4, 6], [6, 7]]
  428,  [[0, 0], [0, 6], [1, 1], [1, 6], [2, 5], [3, 6], [4, 4], [4, 4], [4, 6]]
  429,  [[0, 0], [0, 6], [1, 1], [1, 6], [2, 5], [4, 4], [4, 4], [4, 6], [6, 7]]
  430,  [[0, 0], [0, 6], [1, 3], [1, 6], [2, 5], [4, 4], [4, 4], [4, 6], [7, 7]]
  431,  [[0, 0], [0, 3], [1, 6], [1, 6], [2, 5], [4, 4], [4, 4], [4, 6], [7, 7]]
  432,  [[0, 0], [0, 6], [1, 1], [1, 6], [2, 2], [4, 4], [4, 4], [4, 5], [6, 6]]
  433,  [[0, 0], [0, 6], [1, 1], [1, 6], [2, 2], [3, 6], [4, 4], [4, 5], [4, 6]]
  434,  [[0, 0], [0, 6], [1, 1], [1, 6], [2, 2], [4, 4], [4, 5], [4, 6], [6, 7]]
  435,  [[0, 0], [0, 6], [1, 3], [1, 6], [2, 2], [4, 4], [4, 4], [4, 5], [6, 7]]
  436,  [[0, 0], [0, 6], [1, 3], [1, 6], [2, 2], [4, 4], [4, 5], [4, 6], [7, 7]]
  437,  [[0, 0], [0, 3], [1, 6], [1, 6], [2, 2], [4, 4], [4, 4], [4, 5], [6, 7]]
  438,  [[0, 0], [0, 3], [1, 6], [1, 6], [2, 2], [4, 4], [4, 5], [4, 6], [7, 7]]
  439,  [[0, 0], [0, 5], [1, 3], [1, 6], [2, 2], [4, 4], [4, 6], [4, 6], [7, 7]]
  440,  [[0, 0], [0, 5], [1, 1], [1, 6], [2, 3], [4, 4], [4, 6], [4, 6], [7, 7]]
  441,  [[0, 0], [0, 5], [1, 1], [1, 6], [2, 2], [3, 4], [4, 6], [4, 6], [7, 7]]
  442,  [[0, 0], [0, 6], [1, 5], [1, 6], [2, 2], [4, 4], [4, 6], [4, 6], [7, 7]]
  443,  [[0, 0], [0, 5], [1, 6], [1, 6], [2, 2], [4, 4], [4, 6], [4, 6], [7, 7]]
  444,  [[0, 0], [0, 5], [1, 1], [1, 6], [2, 6], [4, 4], [4, 6], [4, 6], [7, 7]]
  445,  [[0, 0], [0, 5], [1, 1], [1, 6], [2, 2], [4, 6], [4, 6], [4, 6], [7, 7]]
  446,  [[0, 0], [0, 5], [1, 1], [1, 6], [2, 2], [3, 7], [4, 4], [4, 6], [4, 6]]
  447,  [[0, 0], [0, 3], [1, 1], [1, 5], [2, 6], [4, 4], [4, 6], [4, 6], [7, 7]]
  448,  [[0, 0], [0, 3], [1, 1], [1, 5], [2, 2], [4, 6], [4, 6], [4, 6], [7, 7]]
  449,  [[0, 0], [0, 6], [1, 1], [1, 6], [2, 5], [4, 4], [4, 6], [4, 6], [7, 7]]
  450,  [[0, 0], [0, 6], [1, 1], [1, 6], [2, 2], [4, 5], [4, 6], [4, 6], [7, 7]]
  451,  [[0, 0], [0, 6], [1, 1], [1, 6], [2, 3], [4, 4], [4, 6], [4, 6], [7, 7]]
  452,  [[0, 0], [0, 6], [1, 1], [1, 6], [2, 2], [3, 4], [4, 6], [4, 6], [7, 7]]
  453,  [[0, 0], [0, 6], [1, 1], [1, 6], [2, 2], [3, 7], [4, 4], [4, 6], [4, 6]]
  454,  [[0, 0], [0, 6], [1, 1], [1, 6], [2, 2], [4, 4], [4, 6], [4, 6], [5, 7]]
  455,  [[0, 0], [0, 6], [1, 3], [1, 6], [2, 2], [4, 4], [4, 4], [4, 6], [5, 7]]
  456,  [[0, 0], [0, 3], [1, 6], [1, 6], [2, 2], [4, 4], [4, 4], [4, 6], [5, 7]]
  457,  [[0, 0], [0, 6], [1, 6], [1, 6], [2, 7], [3, 4], [4, 4], [4, 4], [6, 6]]
  458,  [[0, 0], [0, 6], [1, 5], [1, 6], [2, 7], [3, 4], [4, 4], [4, 4], [6, 6]]
  459,  [[0, 0], [0, 6], [1, 1], [1, 6], [2, 7], [3, 4], [4, 4], [4, 5], [6, 6]]
  460,  [[0, 0], [0, 6], [1, 6], [1, 6], [2, 7], [4, 4], [4, 4], [4, 5], [6, 6]]
  461,  [[0, 0], [0, 6], [1, 1], [1, 6], [2, 7], [3, 6], [4, 4], [4, 4], [4, 5]]
  462,  [[0, 0], [0, 5], [1, 6], [1, 6], [2, 7], [3, 4], [4, 4], [4, 4], [6, 6]]
  463,  [[0, 3], [0, 6], [1, 5], [1, 7], [2, 6], [4, 4], [4, 4], [4, 6], [6, 6]]
  464,  [[0, 0], [0, 7], [1, 3], [1, 6], [2, 6], [4, 4], [4, 5], [4, 6], [6, 6]]
  465,  [[0, 5], [0, 7], [1, 6], [1, 6], [2, 3], [4, 4], [4, 4], [4, 6], [6, 6]]
  466,  [[0, 0], [0, 7], [1, 6], [1, 6], [2, 3], [4, 4], [4, 5], [4, 6], [6, 6]]
  467,  [[0, 5], [0, 6], [1, 6], [1, 7], [2, 3], [4, 4], [4, 4], [4, 6], [6, 6]]
  468,  [[0, 0], [0, 6], [1, 6], [1, 7], [2, 3], [4, 4], [4, 5], [4, 6], [6, 6]]
  469,  [[0, 0], [0, 5], [1, 1], [1, 7], [2, 3], [4, 6], [4, 6], [4, 6], [6, 6]]
  470,  [[0, 6], [0, 6], [1, 6], [1, 7], [2, 2], [3, 4], [4, 4], [4, 4], [5, 6]]
  471,  [[0, 0], [0, 7], [1, 6], [1, 6], [2, 6], [3, 4], [4, 4], [4, 4], [5, 6]]
  472,  [[0, 0], [0, 7], [1, 6], [1, 6], [2, 2], [3, 4], [4, 4], [4, 4], [6, 6]]
  473,  [[0, 5], [0, 7], [1, 6], [1, 6], [2, 2], [3, 4], [4, 4], [4, 6], [6, 6]]
  474,  [[0, 0], [0, 7], [1, 6], [1, 6], [2, 5], [3, 4], [4, 4], [4, 6], [6, 6]]
  475,  [[0, 0], [0, 7], [1, 6], [1, 6], [2, 2], [3, 4], [4, 5], [4, 6], [6, 6]]
  476,  [[0, 0], [0, 6], [1, 6], [1, 7], [2, 6], [3, 4], [4, 4], [4, 4], [5, 6]]
  477,  [[0, 0], [0, 6], [1, 6], [1, 7], [2, 2], [3, 4], [4, 4], [4, 4], [6, 6]]
  478,  [[0, 5], [0, 6], [1, 6], [1, 7], [2, 2], [3, 4], [4, 4], [4, 6], [6, 6]]
  479,  [[0, 0], [0, 6], [1, 6], [1, 7], [2, 5], [3, 4], [4, 4], [4, 6], [6, 6]]
  480,  [[0, 0], [0, 6], [1, 6], [1, 7], [2, 2], [3, 4], [4, 5], [4, 6], [6, 6]]
  481,  [[0, 0], [0, 6], [1, 1], [1, 7], [2, 6], [3, 4], [4, 4], [4, 4], [6, 6]]
  482,  [[0, 0], [0, 7], [1, 5], [1, 6], [2, 6], [3, 4], [4, 4], [4, 6], [6, 6]]
  483,  [[0, 0], [0, 6], [1, 5], [1, 7], [2, 6], [3, 4], [4, 4], [4, 6], [6, 6]]
  484,  [[0, 0], [0, 6], [1, 1], [1, 7], [2, 6], [3, 4], [4, 5], [4, 6], [6, 6]]
  485,  [[0, 0], [0, 5], [1, 1], [1, 7], [2, 6], [3, 4], [4, 6], [4, 6], [6, 6]]
  486,  [[0, 0], [0, 5], [1, 1], [1, 7], [2, 6], [4, 4], [4, 4], [4, 6], [6, 6]]
  487,  [[0, 0], [0, 7], [1, 5], [1, 6], [2, 6], [3, 6], [4, 4], [4, 4], [4, 6]]
  488,  [[0, 0], [0, 6], [1, 5], [1, 7], [2, 6], [3, 6], [4, 4], [4, 4], [4, 6]]
  489,  [[0, 0], [0, 6], [1, 1], [1, 7], [2, 6], [4, 4], [4, 4], [4, 5], [6, 6]]
  490,  [[0, 0], [0, 6], [1, 1], [1, 7], [2, 6], [3, 6], [4, 4], [4, 5], [4, 6]]
  491,  [[0, 5], [0, 6], [1, 6], [1, 7], [2, 2], [3, 6], [4, 4], [4, 4], [4, 6]]
  492,  [[0, 5], [0, 7], [1, 6], [1, 6], [2, 2], [3, 6], [4, 4], [4, 4], [4, 6]]
  493,  [[0, 0], [0, 7], [1, 6], [1, 6], [2, 5], [3, 6], [4, 4], [4, 4], [4, 6]]
  494,  [[0, 0], [0, 6], [1, 6], [1, 7], [2, 5], [3, 6], [4, 4], [4, 4], [4, 6]]
  495,  [[0, 0], [0, 7], [1, 6], [1, 6], [2, 2], [4, 4], [4, 4], [4, 5], [6, 6]]
  496,  [[0, 0], [0, 7], [1, 6], [1, 6], [2, 2], [3, 6], [4, 4], [4, 5], [4, 6]]
  497,  [[0, 0], [0, 6], [1, 6], [1, 7], [2, 2], [4, 4], [4, 4], [4, 5], [6, 6]]
  498,  [[0, 0], [0, 6], [1, 6], [1, 7], [2, 2], [3, 6], [4, 4], [4, 5], [4, 6]]
  499,  [[0, 0], [0, 5], [1, 1], [1, 7], [2, 6], [3, 6], [4, 4], [4, 6], [4, 6]]
  500,  [[0, 0], [0, 5], [1, 1], [1, 7], [2, 2], [3, 6], [4, 6], [4, 6], [4, 6]]
  501,  [[0, 3], [0, 7], [1, 6], [1, 6], [2, 6], [4, 4], [4, 4], [4, 5], [6, 6]]
  502,  [[0, 0], [0, 5], [1, 6], [1, 7], [2, 6], [3, 4], [4, 4], [4, 6], [6, 6]]
  503,  [[0, 0], [0, 5], [1, 6], [1, 7], [2, 6], [3, 6], [4, 4], [4, 4], [4, 6]]
  504,  [[0, 3], [0, 6], [1, 6], [1, 7], [2, 6], [4, 4], [4, 4], [4, 5], [6, 6]]
  505,  [[0, 0], [0, 6], [1, 6], [1, 6], [2, 3], [4, 4], [4, 4], [4, 7], [5, 6]]
  506,  [[0, 0], [0, 6], [1, 1], [1, 6], [2, 3], [4, 4], [4, 4], [4, 7], [6, 6]]
  507,  [[0, 0], [0, 6], [1, 5], [1, 6], [2, 3], [4, 4], [4, 6], [4, 7], [6, 6]]
  508,  [[0, 0], [0, 6], [1, 1], [1, 6], [2, 3], [4, 5], [4, 6], [4, 7], [6, 6]]
  509,  [[0, 0], [0, 6], [1, 6], [1, 6], [2, 2], [3, 4], [4, 4], [4, 7], [5, 6]]
  510,  [[0, 0], [0, 6], [1, 1], [1, 6], [2, 6], [3, 4], [4, 4], [4, 7], [5, 6]]
  511,  [[0, 0], [0, 6], [1, 1], [1, 6], [2, 2], [3, 4], [4, 4], [4, 7], [6, 6]]
  512,  [[0, 0], [0, 6], [1, 5], [1, 6], [2, 2], [3, 4], [4, 6], [4, 7], [6, 6]]
  513,  [[0, 0], [0, 6], [1, 1], [1, 6], [2, 5], [3, 4], [4, 6], [4, 7], [6, 6]]
  514,  [[0, 0], [0, 6], [1, 1], [1, 6], [2, 6], [4, 4], [4, 4], [4, 7], [6, 6]]
  515,  [[0, 0], [0, 6], [1, 5], [1, 6], [2, 2], [4, 4], [4, 4], [4, 7], [6, 6]]
  516,  [[0, 0], [0, 6], [1, 1], [1, 6], [2, 5], [4, 4], [4, 4], [4, 7], [6, 6]]
  517,  [[0, 0], [0, 6], [1, 1], [1, 6], [2, 2], [4, 4], [4, 5], [4, 7], [6, 6]]
  518,  [[0, 0], [0, 6], [1, 1], [1, 6], [2, 2], [3, 6], [4, 4], [4, 4], [4, 7]]
  519,  [[0, 0], [0, 6], [1, 5], [1, 6], [2, 2], [3, 6], [4, 4], [4, 6], [4, 7]]
  520,  [[0, 0], [0, 6], [1, 1], [1, 6], [2, 5], [3, 6], [4, 4], [4, 6], [4, 7]]
  521,  [[0, 0], [0, 6], [1, 1], [1, 6], [2, 2], [3, 6], [4, 5], [4, 6], [4, 7]]
  522,  [[0, 3], [0, 6], [1, 5], [1, 6], [2, 6], [4, 4], [4, 4], [4, 7], [6, 6]]
  523,  [[0, 0], [0, 6], [1, 3], [1, 6], [2, 6], [4, 4], [4, 5], [4, 7], [6, 6]]
  524,  [[0, 3], [0, 6], [1, 6], [1, 6], [2, 5], [4, 4], [4, 4], [4, 7], [6, 6]]
  525,  [[0, 3], [0, 6], [1, 6], [1, 6], [2, 2], [4, 4], [4, 5], [4, 7], [6, 6]]
  526,  [[0, 0], [0, 5], [1, 3], [1, 6], [2, 6], [4, 4], [4, 6], [4, 7], [6, 6]]
  527,  [[0, 3], [0, 5], [1, 6], [1, 6], [2, 6], [4, 4], [4, 4], [4, 7], [6, 6]]
  528,  [[0, 0], [0, 3], [1, 6], [1, 6], [2, 6], [4, 4], [4, 5], [4, 7], [6, 6]]
  529,  [[0, 0], [0, 5], [1, 6], [1, 6], [2, 2], [4, 4], [4, 4], [4, 7], [6, 6]]
  530,  [[0, 0], [0, 5], [1, 6], [1, 6], [2, 3], [4, 4], [4, 6], [4, 7], [6, 6]]
  531,  [[0, 0], [0, 5], [1, 6], [1, 6], [2, 2], [3, 4], [4, 6], [4, 7], [6, 6]]
  532,  [[0, 0], [0, 5], [1, 6], [1, 6], [2, 2], [3, 6], [4, 4], [4, 6], [4, 7]]
  533,  [[0, 0], [0, 5], [1, 1], [1, 6], [2, 6], [4, 4], [4, 4], [4, 7], [6, 6]]
  534,  [[0, 0], [0, 5], [1, 1], [1, 6], [2, 6], [3, 4], [4, 6], [4, 7], [6, 6]]
  535,  [[0, 0], [0, 5], [1, 1], [1, 6], [2, 6], [3, 6], [4, 4], [4, 6], [4, 7]]
  536,  [[0, 0], [0, 6], [1, 5], [1, 6], [2, 3], [4, 4], [4, 4], [4, 6], [6, 7]]
  537,  [[0, 0], [0, 6], [1, 1], [1, 6], [2, 3], [4, 4], [4, 4], [4, 5], [6, 6]]
  538,  [[0, 0], [0, 6], [1, 1], [1, 6], [2, 3], [4, 4], [4, 5], [4, 6], [6, 7]]
  539,  [[0, 0], [0, 6], [1, 1], [1, 6], [2, 3], [4, 4], [4, 4], [4, 6], [7, 7]]
  540,  [[0, 0], [0, 6], [1, 1], [1, 6], [2, 6], [3, 4], [4, 4], [4, 4], [6, 6]]
  541,  [[0, 0], [0, 6], [1, 5], [1, 6], [2, 2], [3, 4], [4, 4], [4, 4], [6, 6]]
  542,  [[0, 0], [0, 6], [1, 1], [1, 6], [2, 5], [3, 4], [4, 4], [4, 4], [6, 6]]
  543,  [[0, 0], [0, 6], [1, 1], [1, 6], [2, 2], [3, 4], [4, 4], [4, 5], [6, 6]]
  544,  [[0, 0], [0, 6], [1, 1], [1, 6], [2, 2], [3, 4], [4, 4], [4, 4], [6, 7]]
  545,  [[0, 0], [0, 6], [1, 5], [1, 6], [2, 2], [3, 4], [4, 4], [4, 6], [6, 7]]
  546,  [[0, 0], [0, 6], [1, 1], [1, 6], [2, 5], [3, 4], [4, 4], [4, 6], [6, 7]]
  547,  [[0, 0], [0, 6], [1, 1], [1, 6], [2, 2], [3, 4], [4, 5], [4, 6], [6, 7]]
  548,  [[0, 0], [0, 6], [1, 1], [1, 6], [2, 2], [3, 4], [4, 4], [4, 6], [7, 7]]
  549,  [[0, 0], [0, 5], [1, 3], [1, 6], [2, 6], [4, 4], [4, 4], [4, 6], [6, 7]]
  550,  [[0, 0], [0, 5], [1, 1], [1, 6], [2, 6], [3, 4], [4, 4], [4, 4], [6, 6]]
  551,  [[0, 0], [0, 5], [1, 1], [1, 6], [2, 6], [3, 4], [4, 4], [4, 6], [6, 7]]
  552,  [[0, 0], [0, 5], [1, 1], [1, 6], [2, 6], [4, 4], [4, 4], [4, 6], [7, 7]]
  553,  [[0, 3], [0, 5], [1, 6], [1, 6], [2, 6], [4, 4], [4, 4], [4, 6], [7, 7]]
  554,  [[0, 3], [0, 6], [1, 5], [1, 6], [2, 6], [4, 4], [4, 4], [4, 6], [7, 7]]
  555,  [[0, 0], [0, 6], [1, 1], [1, 6], [2, 6], [4, 4], [4, 4], [4, 5], [6, 6]]
  556,  [[0, 0], [0, 6], [1, 3], [1, 6], [2, 6], [4, 4], [4, 4], [4, 5], [6, 7]]
  557,  [[0, 0], [0, 3], [1, 6], [1, 6], [2, 6], [4, 4], [4, 4], [4, 5], [6, 7]]
  558,  [[0, 0], [0, 6], [1, 3], [1, 6], [2, 6], [4, 4], [4, 5], [4, 6], [7, 7]]
  559,  [[0, 0], [0, 3], [1, 6], [1, 6], [2, 6], [4, 4], [4, 5], [4, 6], [7, 7]]
  560,  [[0, 0], [0, 6], [1, 1], [1, 6], [2, 6], [4, 4], [4, 4], [4, 6], [7, 7]]
  561,  [[0, 0], [0, 6], [1, 3], [1, 6], [2, 6], [4, 4], [4, 4], [4, 6], [5, 7]]
  562,  [[0, 0], [0, 3], [1, 6], [1, 6], [2, 6], [4, 4], [4, 4], [4, 6], [5, 7]]
  563,  [[0, 0], [0, 5], [1, 6], [1, 6], [2, 3], [4, 4], [4, 4], [4, 6], [6, 7]]
  564,  [[0, 0], [0, 5], [1, 6], [1, 6], [2, 2], [3, 4], [4, 4], [4, 4], [6, 6]]
  565,  [[0, 0], [0, 5], [1, 6], [1, 6], [2, 2], [3, 4], [4, 4], [4, 6], [6, 7]]
  566,  [[0, 0], [0, 6], [1, 1], [1, 6], [2, 5], [4, 4], [4, 4], [4, 6], [7, 7]]
  567,  [[0, 3], [0, 6], [1, 6], [1, 6], [2, 5], [4, 4], [4, 4], [4, 6], [7, 7]]
  568,  [[0, 0], [0, 6], [1, 1], [1, 6], [2, 2], [3, 6], [4, 4], [4, 4], [4, 5]]
  569,  [[0, 0], [0, 6], [1, 1], [1, 6], [2, 2], [4, 4], [4, 4], [4, 5], [6, 7]]
  570,  [[0, 0], [0, 6], [1, 1], [1, 6], [2, 2], [4, 4], [4, 5], [4, 6], [7, 7]]
  571,  [[0, 3], [0, 6], [1, 6], [1, 6], [2, 2], [4, 4], [4, 4], [4, 5], [6, 7]]
  572,  [[0, 3], [0, 6], [1, 6], [1, 6], [2, 2], [4, 4], [4, 5], [4, 6], [7, 7]]
  573,  [[0, 0], [0, 5], [1, 3], [1, 6], [2, 6], [4, 4], [4, 6], [4, 6], [7, 7]]
  574,  [[0, 0], [0, 5], [1, 3], [1, 6], [2, 2], [4, 6], [4, 6], [4, 6], [7, 7]]
  575,  [[0, 0], [0, 6], [1, 5], [1, 6], [2, 3], [4, 4], [4, 6], [4, 6], [7, 7]]
  576,  [[0, 0], [0, 5], [1, 6], [1, 6], [2, 3], [4, 4], [4, 6], [4, 6], [7, 7]]
  577,  [[0, 0], [0, 5], [1, 1], [1, 6], [2, 3], [4, 6], [4, 6], [4, 6], [7, 7]]
  578,  [[0, 0], [0, 6], [1, 5], [1, 6], [2, 2], [3, 4], [4, 6], [4, 6], [7, 7]]
  579,  [[0, 0], [0, 5], [1, 6], [1, 6], [2, 2], [3, 4], [4, 6], [4, 6], [7, 7]]
  580,  [[0, 0], [0, 5], [1, 1], [1, 6], [2, 6], [3, 4], [4, 6], [4, 6], [7, 7]]
  581,  [[0, 0], [0, 6], [1, 5], [1, 6], [2, 2], [3, 7], [4, 4], [4, 6], [4, 6]]
  582,  [[0, 0], [0, 5], [1, 6], [1, 6], [2, 2], [3, 7], [4, 4], [4, 6], [4, 6]]
  583,  [[0, 0], [0, 5], [1, 1], [1, 6], [2, 6], [3, 7], [4, 4], [4, 6], [4, 6]]
  584,  [[0, 0], [0, 5], [1, 1], [1, 6], [2, 2], [3, 7], [4, 6], [4, 6], [4, 6]]
  585,  [[0, 0], [0, 3], [1, 1], [1, 5], [2, 6], [4, 6], [4, 6], [4, 6], [7, 7]]
  586,  [[0, 0], [0, 6], [1, 1], [1, 6], [2, 5], [3, 4], [4, 6], [4, 6], [7, 7]]
  587,  [[0, 0], [0, 6], [1, 1], [1, 6], [2, 5], [3, 7], [4, 4], [4, 6], [4, 6]]
  588,  [[0, 0], [0, 6], [1, 1], [1, 6], [2, 3], [4, 5], [4, 6], [4, 6], [7, 7]]
  589,  [[0, 0], [0, 6], [1, 1], [1, 6], [2, 2], [3, 7], [4, 5], [4, 6], [4, 6]]
  590,  [[0, 0], [0, 6], [1, 1], [1, 6], [2, 3], [4, 4], [4, 6], [4, 6], [5, 7]]
  591,  [[0, 0], [0, 6], [1, 1], [1, 6], [2, 2], [3, 4], [4, 6], [4, 6], [5, 7]]
  592,  [[0, 0], [0, 6], [1, 1], [1, 6], [2, 2], [3, 7], [4, 4], [4, 4], [4, 6]]
  593,  [[0, 0], [0, 6], [1, 1], [1, 6], [2, 2], [4, 4], [4, 4], [4, 6], [5, 7]]
  594,  [[0, 3], [0, 6], [1, 6], [1, 6], [2, 2], [4, 4], [4, 4], [4, 6], [5, 7]]
  595,  [[0, 5], [0, 6], [1, 6], [1, 6], [2, 7], [3, 4], [4, 4], [4, 4], [6, 6]]
  596,  [[0, 0], [0, 6], [1, 6], [1, 6], [2, 7], [3, 4], [4, 4], [4, 5], [6, 6]]
  597,  [[0, 0], [0, 6], [1, 6], [1, 6], [2, 7], [3, 6], [4, 4], [4, 4], [4, 5]]
  598,  [[0, 0], [0, 7], [1, 3], [1, 6], [2, 6], [4, 4], [4, 4], [4, 5], [6, 6]]
  599,  [[0, 0], [0, 7], [1, 6], [1, 6], [2, 3], [4, 4], [4, 4], [4, 5], [6, 6]]
  600,  [[0, 0], [0, 6], [1, 6], [1, 7], [2, 3], [4, 4], [4, 4], [4, 5], [6, 6]]
  601,  [[0, 0], [0, 7], [1, 6], [1, 6], [2, 6], [3, 4], [4, 4], [4, 4], [6, 6]]
  602,  [[0, 5], [0, 7], [1, 6], [1, 6], [2, 2], [3, 4], [4, 4], [4, 4], [6, 6]]
  603,  [[0, 0], [0, 7], [1, 6], [1, 6], [2, 5], [3, 4], [4, 4], [4, 4], [6, 6]]
  604,  [[0, 0], [0, 7], [1, 6], [1, 6], [2, 2], [3, 4], [4, 4], [4, 5], [6, 6]]
  605,  [[0, 0], [0, 6], [1, 6], [1, 7], [2, 6], [3, 4], [4, 4], [4, 4], [6, 6]]
  606,  [[0, 5], [0, 6], [1, 6], [1, 7], [2, 2], [3, 4], [4, 4], [4, 4], [6, 6]]
  607,  [[0, 0], [0, 6], [1, 6], [1, 7], [2, 5], [3, 4], [4, 4], [4, 4], [6, 6]]
  608,  [[0, 0], [0, 6], [1, 6], [1, 7], [2, 2], [3, 4], [4, 4], [4, 5], [6, 6]]
  609,  [[0, 0], [0, 7], [1, 5], [1, 6], [2, 6], [3, 4], [4, 4], [4, 4], [6, 6]]
  610,  [[0, 0], [0, 6], [1, 5], [1, 7], [2, 6], [3, 4], [4, 4], [4, 4], [6, 6]]
  611,  [[0, 0], [0, 6], [1, 1], [1, 7], [2, 6], [3, 4], [4, 4], [4, 5], [6, 6]]
  612,  [[0, 0], [0, 5], [1, 1], [1, 7], [2, 6], [3, 4], [4, 4], [4, 6], [6, 6]]
  613,  [[0, 0], [0, 5], [1, 1], [1, 7], [2, 6], [3, 6], [4, 4], [4, 4], [4, 6]]
  614,  [[0, 0], [0, 7], [1, 6], [1, 6], [2, 6], [4, 4], [4, 4], [4, 5], [6, 6]]
  615,  [[0, 0], [0, 6], [1, 6], [1, 7], [2, 6], [4, 4], [4, 4], [4, 5], [6, 6]]
  616,  [[0, 0], [0, 6], [1, 1], [1, 7], [2, 6], [3, 6], [4, 4], [4, 4], [4, 5]]
  617,  [[0, 0], [0, 7], [1, 6], [1, 6], [2, 2], [3, 6], [4, 4], [4, 4], [4, 5]]
  618,  [[0, 0], [0, 6], [1, 6], [1, 7], [2, 2], [3, 6], [4, 4], [4, 4], [4, 5]]
  619,  [[0, 0], [0, 5], [1, 6], [1, 7], [2, 6], [3, 4], [4, 4], [4, 4], [6, 6]]
  620,  [[0, 0], [0, 6], [1, 6], [1, 6], [2, 3], [4, 4], [4, 4], [4, 7], [6, 6]]
  621,  [[0, 0], [0, 6], [1, 5], [1, 6], [2, 3], [4, 4], [4, 4], [4, 7], [6, 6]]
  622,  [[0, 0], [0, 6], [1, 1], [1, 6], [2, 3], [4, 4], [4, 5], [4, 7], [6, 6]]
  623,  [[0, 0], [0, 6], [1, 6], [1, 6], [2, 2], [3, 4], [4, 4], [4, 7], [6, 6]]
  624,  [[0, 0], [0, 6], [1, 1], [1, 6], [2, 6], [3, 4], [4, 4], [4, 7], [6, 6]]
  625,  [[0, 0], [0, 6], [1, 5], [1, 6], [2, 2], [3, 4], [4, 4], [4, 7], [6, 6]]
  626,  [[0, 0], [0, 6], [1, 1], [1, 6], [2, 5], [3, 4], [4, 4], [4, 7], [6, 6]]
  627,  [[0, 0], [0, 6], [1, 1], [1, 6], [2, 2], [3, 4], [4, 5], [4, 7], [6, 6]]
  628,  [[0, 0], [0, 6], [1, 5], [1, 6], [2, 6], [4, 4], [4, 4], [4, 7], [6, 6]]
  629,  [[0, 0], [0, 6], [1, 1], [1, 6], [2, 6], [4, 4], [4, 5], [4, 7], [6, 6]]
  630,  [[0, 0], [0, 6], [1, 1], [1, 6], [2, 6], [3, 6], [4, 4], [4, 4], [4, 7]]
  631,  [[0, 0], [0, 6], [1, 5], [1, 6], [2, 2], [3, 6], [4, 4], [4, 4], [4, 7]]
  632,  [[0, 0], [0, 6], [1, 6], [1, 6], [2, 5], [4, 4], [4, 4], [4, 7], [6, 6]]
  633,  [[0, 0], [0, 6], [1, 1], [1, 6], [2, 5], [3, 6], [4, 4], [4, 4], [4, 7]]
  634,  [[0, 0], [0, 6], [1, 6], [1, 6], [2, 2], [4, 4], [4, 5], [4, 7], [6, 6]]
  635,  [[0, 0], [0, 6], [1, 1], [1, 6], [2, 2], [3, 6], [4, 4], [4, 5], [4, 7]]
  636,  [[0, 0], [0, 6], [1, 6], [1, 6], [2, 2], [3, 6], [4, 4], [4, 4], [4, 7]]
  637,  [[0, 0], [0, 5], [1, 3], [1, 6], [2, 6], [4, 4], [4, 4], [4, 7], [6, 6]]
  638,  [[0, 0], [0, 5], [1, 6], [1, 6], [2, 6], [4, 4], [4, 4], [4, 7], [6, 6]]
  639,  [[0, 0], [0, 5], [1, 6], [1, 6], [2, 3], [4, 4], [4, 4], [4, 7], [6, 6]]
  640,  [[0, 0], [0, 5], [1, 6], [1, 6], [2, 2], [3, 4], [4, 4], [4, 7], [6, 6]]
  641,  [[0, 0], [0, 5], [1, 6], [1, 6], [2, 2], [3, 6], [4, 4], [4, 4], [4, 7]]
  642,  [[0, 0], [0, 5], [1, 1], [1, 6], [2, 6], [3, 4], [4, 4], [4, 7], [6, 6]]
  643,  [[0, 0], [0, 5], [1, 1], [1, 6], [2, 6], [3, 6], [4, 4], [4, 4], [4, 7]]
  644,  [[0, 0], [0, 6], [1, 5], [1, 6], [2, 3], [4, 4], [4, 4], [4, 6], [7, 7]]
  645,  [[0, 0], [0, 6], [1, 6], [1, 6], [2, 3], [4, 4], [4, 4], [4, 5], [6, 6]]
  646,  [[0, 0], [0, 6], [1, 1], [1, 6], [2, 3], [4, 4], [4, 4], [4, 5], [6, 7]]
  647,  [[0, 0], [0, 6], [1, 1], [1, 6], [2, 3], [4, 4], [4, 5], [4, 6], [7, 7]]
  648,  [[0, 0], [0, 6], [1, 6], [1, 6], [2, 3], [4, 4], [4, 4], [4, 6], [7, 7]]
  649,  [[0, 0], [0, 6], [1, 1], [1, 6], [2, 3], [4, 4], [4, 4], [4, 6], [5, 7]]
  650,  [[0, 0], [0, 6], [1, 5], [1, 6], [2, 6], [3, 4], [4, 4], [4, 4], [6, 6]]
  651,  [[0, 0], [0, 6], [1, 1], [1, 6], [2, 6], [3, 4], [4, 4], [4, 5], [6, 6]]
  652,  [[0, 0], [0, 6], [1, 1], [1, 6], [2, 6], [3, 4], [4, 4], [4, 4], [6, 7]]
  653,  [[0, 0], [0, 6], [1, 5], [1, 6], [2, 2], [3, 4], [4, 4], [4, 4], [6, 7]]
  654,  [[0, 0], [0, 6], [1, 6], [1, 6], [2, 5], [3, 4], [4, 4], [4, 4], [6, 6]]
  655,  [[0, 0], [0, 6], [1, 1], [1, 6], [2, 5], [3, 4], [4, 4], [4, 4], [6, 7]]
  656,  [[0, 0], [0, 6], [1, 6], [1, 6], [2, 2], [3, 4], [4, 4], [4, 5], [6, 6]]
  657,  [[0, 0], [0, 6], [1, 1], [1, 6], [2, 2], [3, 4], [4, 4], [4, 5], [6, 7]]
  658,  [[0, 0], [0, 6], [1, 6], [1, 6], [2, 2], [3, 4], [4, 4], [4, 4], [6, 7]]
  659,  [[0, 0], [0, 6], [1, 5], [1, 6], [2, 2], [3, 4], [4, 4], [4, 6], [7, 7]]
  660,  [[0, 0], [0, 6], [1, 1], [1, 6], [2, 5], [3, 4], [4, 4], [4, 6], [7, 7]]
  661,  [[0, 0], [0, 6], [1, 1], [1, 6], [2, 2], [3, 4], [4, 5], [4, 6], [7, 7]]
  662,  [[0, 0], [0, 6], [1, 6], [1, 6], [2, 2], [3, 4], [4, 4], [4, 6], [7, 7]]
  663,  [[0, 0], [0, 6], [1, 1], [1, 6], [2, 6], [3, 4], [4, 4], [4, 6], [7, 7]]
  664,  [[0, 0], [0, 6], [1, 1], [1, 6], [2, 2], [3, 4], [4, 4], [4, 6], [5, 7]]
  665,  [[0, 0], [0, 5], [1, 3], [1, 6], [2, 6], [4, 4], [4, 4], [4, 6], [7, 7]]
  666,  [[0, 0], [0, 5], [1, 6], [1, 6], [2, 6], [3, 4], [4, 4], [4, 4], [6, 6]]
  667,  [[0, 0], [0, 5], [1, 1], [1, 6], [2, 6], [3, 4], [4, 4], [4, 4], [6, 7]]
  668,  [[0, 0], [0, 5], [1, 1], [1, 6], [2, 6], [3, 4], [4, 4], [4, 6], [7, 7]]
  669,  [[0, 0], [0, 6], [1, 5], [1, 6], [2, 6], [4, 4], [4, 4], [4, 6], [7, 7]]
  670,  [[0, 0], [0, 5], [1, 6], [1, 6], [2, 6], [4, 4], [4, 4], [4, 6], [7, 7]]
  671,  [[0, 0], [0, 5], [1, 1], [1, 6], [2, 6], [3, 7], [4, 4], [4, 4], [4, 6]]
  672,  [[0, 0], [0, 6], [1, 1], [1, 6], [2, 6], [3, 6], [4, 4], [4, 4], [4, 5]]
  673,  [[0, 0], [0, 6], [1, 1], [1, 6], [2, 6], [4, 4], [4, 4], [4, 5], [6, 7]]
  674,  [[0, 0], [0, 6], [1, 3], [1, 6], [2, 6], [4, 4], [4, 4], [4, 5], [7, 7]]
  675,  [[0, 0], [0, 3], [1, 6], [1, 6], [2, 6], [4, 4], [4, 4], [4, 5], [7, 7]]
  676,  [[0, 0], [0, 6], [1, 1], [1, 6], [2, 6], [4, 4], [4, 5], [4, 6], [7, 7]]
  677,  [[0, 0], [0, 6], [1, 1], [1, 6], [2, 6], [3, 7], [4, 4], [4, 4], [4, 6]]
  678,  [[0, 0], [0, 6], [1, 1], [1, 6], [2, 6], [4, 4], [4, 4], [4, 6], [5, 7]]
  679,  [[0, 0], [0, 5], [1, 6], [1, 6], [2, 3], [4, 4], [4, 4], [4, 6], [7, 7]]
  680,  [[0, 0], [0, 5], [1, 6], [1, 6], [2, 2], [3, 4], [4, 4], [4, 4], [6, 7]]
  681,  [[0, 0], [0, 5], [1, 6], [1, 6], [2, 2], [3, 4], [4, 4], [4, 6], [7, 7]]
  682,  [[0, 0], [0, 6], [1, 6], [1, 6], [2, 5], [4, 4], [4, 4], [4, 6], [7, 7]]
  683,  [[0, 0], [0, 6], [1, 1], [1, 6], [2, 5], [3, 7], [4, 4], [4, 4], [4, 6]]
  684,  [[0, 0], [0, 6], [1, 6], [1, 6], [2, 2], [3, 6], [4, 4], [4, 4], [4, 5]]
  685,  [[0, 0], [0, 6], [1, 6], [1, 6], [2, 2], [4, 4], [4, 4], [4, 5], [6, 7]]
  686,  [[0, 0], [0, 6], [1, 6], [1, 6], [2, 2], [4, 4], [4, 5], [4, 6], [7, 7]]
  687,  [[0, 0], [0, 6], [1, 1], [1, 6], [2, 2], [3, 7], [4, 4], [4, 5], [4, 6]]
  688,  [[0, 0], [0, 6], [1, 5], [1, 6], [2, 2], [3, 7], [4, 4], [4, 4], [4, 6]]
  689,  [[0, 0], [0, 5], [1, 6], [1, 6], [2, 2], [3, 7], [4, 4], [4, 4], [4, 6]]
  690,  [[0, 0], [0, 6], [1, 6], [1, 6], [2, 2], [3, 7], [4, 4], [4, 4], [4, 6]]
  691,  [[0, 0], [0, 6], [1, 6], [1, 6], [2, 2], [4, 4], [4, 4], [4, 6], [5, 7]]
  692,  [[0, 6], [0, 6], [1, 6], [1, 7], [2, 3], [4, 4], [4, 4], [4, 5], [6, 6]]
  693,  [[0, 5], [0, 7], [1, 6], [1, 6], [2, 6], [3, 4], [4, 4], [4, 4], [6, 6]]
  694,  [[0, 0], [0, 7], [1, 6], [1, 6], [2, 6], [3, 4], [4, 4], [4, 5], [6, 6]]
  695,  [[0, 6], [0, 6], [1, 6], [1, 7], [2, 5], [3, 4], [4, 4], [4, 4], [6, 6]]
  696,  [[0, 6], [0, 6], [1, 6], [1, 7], [2, 2], [3, 4], [4, 4], [4, 5], [6, 6]]
  697,  [[0, 5], [0, 6], [1, 6], [1, 7], [2, 6], [3, 4], [4, 4], [4, 4], [6, 6]]
  698,  [[0, 0], [0, 6], [1, 6], [1, 7], [2, 6], [3, 4], [4, 4], [4, 5], [6, 6]]
  699,  [[0, 0], [0, 7], [1, 6], [1, 6], [2, 6], [3, 6], [4, 4], [4, 4], [4, 5]]
  700,  [[0, 0], [0, 6], [1, 6], [1, 7], [2, 6], [3, 6], [4, 4], [4, 4], [4, 5]]
  701,  [[0, 6], [0, 6], [1, 6], [1, 7], [2, 2], [3, 6], [4, 4], [4, 4], [4, 5]]
  702,  [[0, 5], [0, 6], [1, 6], [1, 6], [2, 3], [4, 4], [4, 4], [4, 7], [6, 6]]
  703,  [[0, 0], [0, 6], [1, 6], [1, 6], [2, 3], [4, 4], [4, 5], [4, 7], [6, 6]]
  704,  [[0, 5], [0, 6], [1, 6], [1, 6], [2, 2], [3, 4], [4, 4], [4, 7], [6, 6]]
  705,  [[0, 0], [0, 6], [1, 6], [1, 6], [2, 5], [3, 4], [4, 4], [4, 7], [6, 6]]
  706,  [[0, 0], [0, 6], [1, 6], [1, 6], [2, 2], [3, 4], [4, 5], [4, 7], [6, 6]]
  707,  [[0, 0], [0, 6], [1, 5], [1, 6], [2, 6], [3, 4], [4, 4], [4, 7], [6, 6]]
  708,  [[0, 0], [0, 6], [1, 1], [1, 6], [2, 6], [3, 4], [4, 5], [4, 7], [6, 6]]
  709,  [[0, 0], [0, 6], [1, 5], [1, 6], [2, 6], [3, 6], [4, 4], [4, 4], [4, 7]]
  710,  [[0, 0], [0, 6], [1, 1], [1, 6], [2, 6], [3, 6], [4, 4], [4, 5], [4, 7]]
  711,  [[0, 5], [0, 6], [1, 6], [1, 6], [2, 2], [3, 6], [4, 4], [4, 4], [4, 7]]
  712,  [[0, 0], [0, 6], [1, 6], [1, 6], [2, 5], [3, 6], [4, 4], [4, 4], [4, 7]]
  713,  [[0, 0], [0, 6], [1, 6], [1, 6], [2, 2], [3, 6], [4, 4], [4, 5], [4, 7]]
  714,  [[0, 0], [0, 5], [1, 6], [1, 6], [2, 6], [3, 4], [4, 4], [4, 7], [6, 6]]
  715,  [[0, 0], [0, 5], [1, 6], [1, 6], [2, 6], [3, 6], [4, 4], [4, 4], [4, 7]]
  716,  [[0, 5], [0, 6], [1, 6], [1, 6], [2, 3], [4, 4], [4, 4], [4, 6], [7, 7]]
  717,  [[0, 0], [0, 6], [1, 6], [1, 6], [2, 3], [4, 4], [4, 4], [4, 5], [6, 7]]
  718,  [[0, 0], [0, 6], [1, 6], [1, 6], [2, 3], [4, 4], [4, 5], [4, 6], [7, 7]]
  719,  [[0, 0], [0, 6], [1, 6], [1, 6], [2, 3], [4, 4], [4, 4], [4, 6], [5, 7]]
  720,  [[0, 0], [0, 6], [1, 5], [1, 6], [2, 6], [3, 4], [4, 4], [4, 4], [6, 7]]
  721,  [[0, 0], [0, 6], [1, 1], [1, 6], [2, 6], [3, 4], [4, 4], [4, 5], [6, 7]]
  722,  [[0, 0], [0, 6], [1, 1], [1, 6], [2, 6], [3, 4], [4, 4], [4, 4], [7, 7]]
  723,  [[0, 5], [0, 6], [1, 6], [1, 6], [2, 2], [3, 4], [4, 4], [4, 4], [6, 7]]
  724,  [[0, 0], [0, 6], [1, 6], [1, 6], [2, 5], [3, 4], [4, 4], [4, 4], [6, 7]]
  725,  [[0, 0], [0, 6], [1, 6], [1, 6], [2, 2], [3, 4], [4, 4], [4, 5], [6, 7]]
  726,  [[0, 5], [0, 6], [1, 6], [1, 6], [2, 2], [3, 4], [4, 4], [4, 6], [7, 7]]
  727,  [[0, 0], [0, 6], [1, 5], [1, 6], [2, 6], [3, 4], [4, 4], [4, 6], [7, 7]]
  728,  [[0, 0], [0, 6], [1, 6], [1, 6], [2, 5], [3, 4], [4, 4], [4, 6], [7, 7]]
  729,  [[0, 0], [0, 6], [1, 6], [1, 6], [2, 2], [3, 4], [4, 5], [4, 6], [7, 7]]
  730,  [[0, 0], [0, 6], [1, 1], [1, 6], [2, 6], [3, 4], [4, 5], [4, 6], [7, 7]]
  731,  [[0, 0], [0, 6], [1, 6], [1, 6], [2, 2], [3, 4], [4, 4], [4, 6], [5, 7]]
  732,  [[0, 0], [0, 6], [1, 1], [1, 6], [2, 6], [3, 4], [4, 4], [4, 6], [5, 7]]
  733,  [[0, 0], [0, 5], [1, 6], [1, 6], [2, 6], [3, 4], [4, 4], [4, 4], [6, 7]]
  734,  [[0, 0], [0, 5], [1, 6], [1, 6], [2, 6], [3, 4], [4, 4], [4, 6], [7, 7]]
  735,  [[0, 0], [0, 6], [1, 5], [1, 6], [2, 6], [3, 7], [4, 4], [4, 4], [4, 6]]
  736,  [[0, 0], [0, 5], [1, 6], [1, 6], [2, 6], [3, 7], [4, 4], [4, 4], [4, 6]]
  737,  [[0, 0], [0, 6], [1, 1], [1, 6], [2, 6], [4, 4], [4, 4], [4, 5], [7, 7]]
  738,  [[0, 3], [0, 6], [1, 6], [1, 6], [2, 6], [4, 4], [4, 4], [4, 5], [7, 7]]
  739,  [[0, 0], [0, 6], [1, 1], [1, 6], [2, 6], [3, 7], [4, 4], [4, 5], [4, 6]]
  740,  [[0, 0], [0, 6], [1, 6], [1, 6], [2, 5], [3, 7], [4, 4], [4, 4], [4, 6]]
  741,  [[0, 0], [0, 6], [1, 6], [1, 6], [2, 2], [3, 7], [4, 4], [4, 5], [4, 6]]
  742,  [[0, 5], [0, 6], [1, 6], [1, 6], [2, 2], [3, 7], [4, 4], [4, 4], [4, 6]]
  743,  [[0, 0], [0, 6], [1, 6], [1, 6], [2, 3], [4, 4], [4, 4], [4, 5], [7, 7]]
  744,  [[0, 0], [0, 6], [1, 5], [1, 6], [2, 6], [3, 4], [4, 4], [4, 4], [7, 7]]
  745,  [[0, 0], [0, 6], [1, 1], [1, 6], [2, 6], [3, 4], [4, 4], [4, 5], [7, 7]]
  746,  [[0, 0], [0, 6], [1, 6], [1, 6], [2, 6], [3, 4], [4, 4], [4, 4], [7, 7]]
  747,  [[0, 0], [0, 6], [1, 1], [1, 6], [2, 6], [3, 4], [4, 4], [4, 4], [5, 7]]
  748,  [[0, 0], [0, 6], [1, 6], [1, 6], [2, 5], [3, 4], [4, 4], [4, 4], [7, 7]]
  749,  [[0, 0], [0, 6], [1, 6], [1, 6], [2, 2], [3, 4], [4, 4], [4, 5], [7, 7]]
  750,  [[0, 0], [0, 6], [1, 6], [1, 6], [2, 2], [3, 4], [4, 4], [4, 4], [5, 7]]
  751,  [[0, 0], [0, 5], [1, 6], [1, 6], [2, 6], [3, 4], [4, 4], [4, 4], [7, 7]]
  752,  [[0, 0], [0, 6], [1, 6], [1, 6], [2, 6], [4, 4], [4, 4], [4, 5], [7, 7]]
  753,  [[0, 0], [0, 6], [1, 1], [1, 6], [2, 6], [3, 7], [4, 4], [4, 4], [4, 5]]
  754,  [[0, 0], [0, 6], [1, 6], [1, 6], [2, 2], [3, 7], [4, 4], [4, 4], [4, 5]]
  755,  [[0, 6], [0, 6], [1, 6], [1, 6], [2, 3], [4, 4], [4, 4], [4, 5], [7, 7]]
  756,  [[0, 5], [0, 6], [1, 6], [1, 6], [2, 6], [3, 4], [4, 4], [4, 4], [7, 7]]
  757,  [[0, 0], [0, 6], [1, 6], [1, 6], [2, 6], [3, 4], [4, 4], [4, 5], [7, 7]]
  758,  [[0, 0], [0, 6], [1, 6], [1, 6], [2, 6], [3, 4], [4, 4], [4, 4], [5, 7]]
  759,  [[0, 6], [0, 6], [1, 6], [1, 6], [2, 5], [3, 4], [4, 4], [4, 4], [7, 7]]
  760,  [[0, 6], [0, 6], [1, 6], [1, 6], [2, 2], [3, 4], [4, 4], [4, 5], [7, 7]]
  761,  [[0, 6], [0, 6], [1, 6], [1, 6], [2, 2], [3, 4], [4, 4], [4, 4], [5, 7]]
  762,  [[0, 0], [0, 6], [1, 6], [1, 6], [2, 6], [3, 7], [4, 4], [4, 4], [4, 5]]
  763,  [[0, 6], [0, 6], [1, 6], [1, 6], [2, 2], [3, 7], [4, 4], [4, 4], [4, 5]]
Total nodes =  764
Total edges =  1863
Goal candidates No. 41
Goal candidates No. 51
Goal candidates No. 62
Goal candidates No. 78
Goal candidates No. 81
Goal candidates No. 90
Goal candidates No. 195
Goal candidates No. 209
True Goal graph No. 232
Goal candidates No. 264
Goal candidates No. 283
Goal candidates No. 289
Goal candidates No. 303
Goal candidates No. 311
Goal candidates No. 490
Goal candidates No. 499
Goal candidates No. 510
Goal candidates No. 520
Goal candidates No. 535
Goal candidates No. 538
Goal candidates No. 546
Goal candidates No. 551
Goal candidates No. 583
Goal candidates No. 587
Goal candidates No. 590
Goal candidates No. 710
Goal candidates No. 721
Goal candidates No. 732
Goal candidates No. 739
Total Goals =  29  and Paths = 6319 

True paths: 14 / 6319 

