Nomber of atoms =  8
Atoms =  ['O', 'O', 'CH3', 'C', 'C', 'H', 'H', 'H']
Valence electrons =  [6, 6, 1, 4, 4, 1, 1, 1]
Fixed electrons =  [[0, 0], [1, 1]]
Good initial graph No.0!
Good goal graph!

 Generated No. and Nodes:
    0,  [[0, 0], [0, 3], [0, 3], [1, 1], [1, 5], [1, 6], [2, 4], [3, 4], [3, 4], [4, 7]]
    1,  [[0, 0], [0, 0], [0, 3], [1, 1], [1, 5], [1, 6], [2, 4], [3, 4], [3, 4], [4, 7]]
    2,  [[0, 0], [0, 0], [0, 5], [1, 1], [1, 3], [1, 3], [2, 4], [3, 4], [3, 4], [4, 6]]
    3,  [[0, 0], [0, 3], [0, 3], [1, 1], [1, 5], [1, 6], [3, 4], [3, 4], [4, 4], [4, 7]]
    4,  [[0, 0], [0, 3], [0, 3], [1, 1], [1, 5], [1, 6], [2, 4], [3, 3], [3, 4], [4, 7]]
    5,  [[0, 0], [0, 3], [0, 3], [1, 1], [1, 5], [1, 6], [2, 4], [3, 4], [4, 4], [4, 7]]
    6,  [[0, 0], [0, 3], [0, 3], [1, 1], [1, 5], [1, 6], [2, 4], [3, 4], [3, 4], [4, 4]]
    7,  [[0, 0], [0, 3], [0, 3], [1, 1], [1, 5], [1, 6], [2, 4], [3, 4], [3, 4], [7, 7]]
    8,  [[0, 0], [0, 0], [0, 3], [1, 3], [1, 5], [1, 6], [2, 4], [3, 4], [3, 4], [4, 7]]
    9,  [[0, 0], [0, 0], [0, 3], [1, 1], [1, 1], [1, 5], [2, 4], [3, 4], [3, 4], [4, 6]]
   10,  [[0, 0], [0, 0], [0, 3], [1, 1], [1, 5], [1, 6], [3, 4], [3, 4], [4, 4], [4, 7]]
   11,  [[0, 0], [0, 0], [0, 3], [1, 1], [1, 5], [1, 6], [2, 4], [3, 3], [3, 4], [4, 7]]
   12,  [[0, 0], [0, 0], [0, 3], [1, 1], [1, 5], [1, 6], [2, 4], [3, 4], [3, 4], [4, 4]]
   13,  [[0, 0], [0, 0], [0, 3], [1, 1], [1, 5], [1, 6], [2, 4], [3, 4], [3, 4], [7, 7]]
   14,  [[0, 0], [0, 0], [0, 5], [1, 3], [1, 3], [1, 6], [2, 4], [3, 4], [3, 4], [4, 7]]
   15,  [[0, 0], [0, 0], [0, 5], [1, 1], [1, 3], [1, 3], [3, 4], [3, 4], [4, 4], [4, 6]]
   16,  [[0, 0], [0, 0], [0, 5], [1, 1], [1, 3], [1, 3], [2, 4], [3, 3], [3, 4], [4, 6]]
   17,  [[0, 0], [0, 0], [0, 5], [1, 1], [1, 3], [1, 3], [2, 4], [3, 4], [4, 4], [4, 6]]
   18,  [[0, 0], [0, 0], [0, 5], [1, 1], [1, 3], [1, 3], [2, 4], [3, 4], [3, 4], [4, 4]]
   19,  [[0, 0], [0, 0], [0, 5], [1, 1], [1, 3], [1, 3], [2, 4], [3, 4], [3, 4], [6, 6]]
   20,  [[0, 0], [0, 5], [0, 6], [1, 2], [1, 3], [1, 3], [3, 4], [3, 4], [4, 4], [4, 7]]
   21,  [[0, 0], [0, 3], [0, 3], [1, 2], [1, 5], [1, 6], [3, 4], [3, 4], [4, 4], [4, 7]]
   22,  [[0, 0], [0, 3], [0, 3], [1, 1], [1, 5], [1, 6], [3, 3], [3, 4], [4, 4], [4, 7]]
   23,  [[0, 0], [0, 3], [0, 3], [1, 1], [1, 5], [1, 6], [3, 4], [3, 4], [4, 4], [7, 7]]
   24,  [[0, 0], [0, 5], [0, 6], [1, 3], [1, 3], [1, 4], [2, 4], [3, 3], [3, 4], [4, 7]]
   25,  [[0, 0], [0, 3], [0, 3], [1, 4], [1, 5], [1, 6], [2, 4], [3, 3], [3, 4], [4, 7]]
   26,  [[0, 0], [0, 3], [0, 3], [1, 1], [1, 5], [1, 6], [2, 4], [3, 3], [4, 4], [4, 7]]
   27,  [[0, 0], [0, 3], [0, 3], [1, 1], [1, 5], [1, 6], [2, 4], [3, 3], [3, 4], [4, 4]]
   28,  [[0, 0], [0, 5], [0, 6], [1, 3], [1, 3], [1, 3], [2, 4], [3, 4], [4, 4], [4, 7]]
   29,  [[0, 0], [0, 3], [0, 3], [1, 3], [1, 5], [1, 6], [2, 4], [3, 4], [4, 4], [4, 7]]
   30,  [[0, 0], [0, 3], [0, 3], [1, 1], [1, 5], [1, 6], [2, 4], [3, 4], [4, 4], [7, 7]]
   31,  [[0, 0], [0, 5], [0, 6], [1, 3], [1, 3], [1, 7], [2, 4], [3, 4], [3, 4], [4, 4]]
   32,  [[0, 0], [0, 3], [0, 3], [1, 5], [1, 6], [1, 7], [2, 4], [3, 4], [3, 4], [4, 4]]
   33,  [[0, 0], [0, 5], [0, 6], [1, 3], [1, 3], [1, 4], [2, 4], [3, 4], [3, 4], [7, 7]]
   34,  [[0, 0], [0, 3], [0, 3], [1, 4], [1, 5], [1, 6], [2, 4], [3, 4], [3, 4], [7, 7]]
   35,  [[0, 0], [0, 0], [0, 3], [1, 1], [1, 3], [1, 5], [2, 4], [3, 4], [3, 4], [4, 6]]
   36,  [[0, 0], [0, 0], [0, 3], [1, 3], [1, 5], [1, 6], [3, 4], [3, 4], [4, 4], [4, 7]]
   37,  [[0, 0], [0, 0], [0, 3], [1, 3], [1, 5], [1, 6], [2, 4], [3, 3], [3, 4], [4, 7]]
   38,  [[0, 0], [0, 0], [0, 3], [1, 3], [1, 5], [1, 6], [2, 4], [3, 4], [4, 4], [4, 7]]
   39,  [[0, 0], [0, 0], [0, 3], [1, 3], [1, 5], [1, 6], [2, 4], [3, 4], [3, 4], [4, 4]]
   40,  [[0, 0], [0, 0], [0, 3], [1, 3], [1, 5], [1, 6], [2, 4], [3, 4], [3, 4], [7, 7]]
   41,  [[0, 0], [0, 0], [0, 5], [1, 1], [1, 3], [1, 6], [2, 4], [3, 4], [3, 4], [4, 7]]
   42,  [[0, 0], [0, 0], [0, 3], [1, 1], [1, 1], [1, 5], [2, 4], [3, 3], [3, 4], [4, 6]]
   43,  [[0, 0], [0, 2], [0, 3], [1, 1], [1, 5], [1, 6], [3, 4], [3, 4], [4, 4], [4, 7]]
   44,  [[0, 0], [0, 0], [0, 3], [1, 2], [1, 5], [1, 6], [3, 4], [3, 4], [4, 4], [4, 7]]
   45,  [[0, 0], [0, 0], [0, 3], [1, 1], [1, 5], [1, 6], [3, 3], [3, 4], [4, 4], [4, 7]]
   46,  [[0, 0], [0, 0], [0, 3], [1, 1], [1, 5], [1, 6], [3, 4], [3, 4], [3, 4], [4, 7]]
   47,  [[0, 0], [0, 0], [0, 3], [1, 1], [1, 5], [1, 6], [3, 4], [3, 4], [4, 4], [7, 7]]
   48,  [[0, 0], [0, 3], [0, 4], [1, 1], [1, 5], [1, 6], [2, 3], [3, 4], [3, 7], [4, 4]]
   49,  [[0, 0], [0, 0], [0, 3], [1, 4], [1, 5], [1, 6], [2, 4], [3, 3], [3, 4], [4, 7]]
   50,  [[0, 0], [0, 0], [0, 3], [1, 1], [1, 5], [1, 6], [2, 4], [3, 3], [3, 4], [4, 4]]
   51,  [[0, 0], [0, 3], [0, 5], [1, 1], [1, 6], [1, 7], [2, 4], [3, 4], [3, 4], [4, 4]]
   52,  [[0, 0], [0, 0], [0, 3], [1, 5], [1, 6], [1, 7], [2, 4], [3, 4], [3, 4], [4, 4]]
   53,  [[0, 0], [0, 0], [0, 3], [1, 1], [1, 5], [1, 6], [2, 4], [3, 4], [3, 4], [3, 4]]
   54,  [[0, 0], [0, 3], [0, 4], [1, 1], [1, 5], [1, 6], [2, 3], [3, 4], [3, 4], [7, 7]]
   55,  [[0, 0], [0, 0], [0, 3], [1, 4], [1, 5], [1, 6], [2, 4], [3, 4], [3, 4], [7, 7]]
   56,  [[0, 0], [0, 0], [0, 3], [1, 1], [1, 5], [1, 6], [2, 4], [3, 4], [3, 4], [3, 7]]
   57,  [[0, 0], [0, 0], [0, 5], [1, 3], [1, 3], [1, 6], [3, 4], [3, 4], [4, 4], [4, 7]]
   58,  [[0, 0], [0, 0], [0, 5], [1, 3], [1, 3], [1, 6], [2, 4], [3, 3], [3, 4], [4, 7]]
   59,  [[0, 0], [0, 0], [0, 5], [1, 3], [1, 3], [1, 6], [2, 4], [3, 4], [4, 4], [4, 7]]
   60,  [[0, 0], [0, 0], [0, 5], [1, 3], [1, 3], [1, 6], [2, 4], [3, 4], [3, 4], [4, 4]]
   61,  [[0, 0], [0, 0], [0, 5], [1, 3], [1, 3], [1, 6], [2, 4], [3, 4], [3, 4], [7, 7]]
   62,  [[0, 0], [0, 2], [0, 5], [1, 1], [1, 3], [1, 3], [3, 4], [3, 4], [4, 4], [4, 6]]
   63,  [[0, 0], [0, 0], [0, 5], [1, 2], [1, 3], [1, 3], [3, 4], [3, 4], [4, 4], [4, 6]]
   64,  [[0, 0], [0, 0], [0, 5], [1, 1], [1, 3], [1, 3], [3, 3], [3, 4], [4, 4], [4, 6]]
   65,  [[0, 0], [0, 0], [0, 5], [1, 1], [1, 3], [1, 3], [3, 4], [3, 4], [4, 6], [4, 7]]
   66,  [[0, 0], [0, 0], [0, 5], [1, 1], [1, 3], [1, 3], [3, 4], [3, 4], [4, 4], [6, 6]]
   67,  [[0, 0], [0, 3], [0, 3], [1, 1], [1, 4], [1, 5], [2, 4], [3, 3], [3, 4], [4, 6]]
   68,  [[0, 0], [0, 0], [0, 5], [1, 3], [1, 3], [1, 4], [2, 4], [3, 3], [3, 4], [4, 6]]
   69,  [[0, 0], [0, 0], [0, 5], [1, 1], [1, 3], [1, 3], [2, 4], [3, 4], [3, 6], [4, 7]]
   70,  [[0, 0], [0, 0], [0, 5], [1, 1], [1, 3], [1, 3], [2, 4], [3, 3], [4, 4], [4, 6]]
   71,  [[0, 0], [0, 0], [0, 5], [1, 1], [1, 3], [1, 3], [2, 4], [3, 3], [3, 4], [4, 4]]
   72,  [[0, 0], [0, 3], [0, 3], [1, 1], [1, 3], [1, 5], [2, 4], [3, 4], [4, 4], [4, 6]]
   73,  [[0, 0], [0, 0], [0, 5], [1, 3], [1, 3], [1, 3], [2, 4], [3, 4], [4, 4], [4, 6]]
   74,  [[0, 0], [0, 0], [0, 5], [1, 1], [1, 3], [1, 3], [2, 4], [3, 4], [4, 6], [4, 7]]
   75,  [[0, 0], [0, 0], [0, 5], [1, 1], [1, 3], [1, 3], [2, 4], [3, 4], [4, 4], [6, 6]]
   76,  [[0, 0], [0, 3], [0, 3], [1, 1], [1, 4], [1, 5], [2, 4], [3, 4], [3, 4], [6, 6]]
   77,  [[0, 0], [0, 0], [0, 5], [1, 3], [1, 3], [1, 4], [2, 4], [3, 4], [3, 4], [6, 6]]
   78,  [[0, 0], [0, 0], [0, 5], [1, 1], [1, 3], [1, 3], [2, 4], [3, 4], [3, 4], [6, 7]]
   79,  [[0, 0], [0, 5], [0, 6], [1, 2], [1, 3], [1, 3], [3, 3], [3, 4], [4, 4], [4, 7]]
   80,  [[0, 0], [0, 5], [0, 6], [1, 2], [1, 3], [1, 3], [3, 4], [3, 4], [4, 4], [7, 7]]
   81,  [[0, 0], [0, 3], [0, 3], [1, 2], [1, 5], [1, 6], [3, 3], [3, 4], [4, 4], [4, 7]]
   82,  [[0, 0], [0, 3], [0, 3], [1, 2], [1, 5], [1, 6], [3, 4], [3, 4], [4, 4], [7, 7]]
   83,  [[0, 0], [0, 5], [0, 6], [1, 3], [1, 3], [1, 4], [3, 3], [3, 4], [4, 4], [4, 7]]
   84,  [[0, 0], [0, 3], [0, 3], [1, 4], [1, 5], [1, 6], [3, 3], [3, 4], [4, 4], [4, 7]]
   85,  [[0, 0], [0, 3], [0, 3], [1, 1], [1, 5], [1, 6], [2, 3], [3, 4], [4, 4], [4, 7]]
   86,  [[0, 0], [0, 3], [0, 3], [1, 1], [1, 5], [1, 6], [3, 3], [4, 4], [4, 4], [4, 7]]
   87,  [[0, 0], [0, 3], [0, 3], [1, 1], [1, 5], [1, 6], [3, 3], [3, 4], [4, 4], [4, 4]]
   88,  [[0, 0], [0, 5], [0, 6], [1, 3], [1, 3], [1, 4], [3, 4], [3, 4], [4, 4], [7, 7]]
   89,  [[0, 0], [0, 3], [0, 3], [1, 4], [1, 5], [1, 6], [3, 4], [3, 4], [4, 4], [7, 7]]
   90,  [[0, 0], [0, 3], [0, 3], [1, 1], [1, 5], [1, 6], [3, 4], [4, 4], [4, 4], [7, 7]]
   91,  [[0, 0], [0, 3], [0, 3], [1, 1], [1, 5], [1, 6], [2, 7], [3, 4], [3, 4], [4, 4]]
   92,  [[0, 0], [0, 5], [0, 6], [1, 3], [1, 3], [1, 4], [2, 4], [3, 3], [4, 4], [4, 7]]
   93,  [[0, 0], [0, 5], [0, 6], [1, 3], [1, 3], [1, 4], [2, 4], [3, 3], [3, 4], [4, 4]]
   94,  [[0, 0], [0, 5], [0, 6], [1, 3], [1, 3], [1, 4], [2, 4], [3, 3], [3, 4], [7, 7]]
   95,  [[0, 0], [0, 3], [0, 3], [1, 4], [1, 5], [1, 6], [2, 4], [3, 3], [4, 4], [4, 7]]
   96,  [[0, 0], [0, 3], [0, 3], [1, 4], [1, 5], [1, 6], [2, 4], [3, 3], [3, 4], [4, 4]]
   97,  [[0, 0], [0, 3], [0, 3], [1, 4], [1, 5], [1, 6], [2, 4], [3, 3], [3, 4], [7, 7]]
   98,  [[0, 0], [0, 5], [0, 6], [1, 3], [1, 3], [1, 3], [2, 4], [3, 3], [4, 4], [4, 7]]
   99,  [[0, 0], [0, 3], [0, 3], [1, 3], [1, 5], [1, 6], [2, 4], [3, 3], [4, 4], [4, 7]]
  100,  [[0, 0], [0, 3], [0, 3], [1, 1], [1, 5], [1, 6], [2, 4], [3, 3], [4, 4], [4, 4]]
  101,  [[0, 0], [0, 5], [0, 6], [1, 3], [1, 3], [1, 7], [2, 4], [3, 3], [3, 4], [4, 4]]
  102,  [[0, 0], [0, 3], [0, 3], [1, 5], [1, 6], [1, 7], [2, 4], [3, 3], [3, 4], [4, 4]]
  103,  [[0, 0], [0, 3], [0, 3], [1, 1], [1, 5], [1, 6], [2, 4], [3, 4], [3, 7], [4, 4]]
  104,  [[0, 0], [0, 5], [0, 6], [1, 3], [1, 3], [1, 3], [2, 4], [3, 4], [4, 4], [7, 7]]
  105,  [[0, 0], [0, 3], [0, 3], [1, 3], [1, 5], [1, 6], [2, 4], [3, 4], [4, 4], [7, 7]]
  106,  [[0, 0], [0, 5], [0, 6], [1, 3], [1, 3], [1, 4], [2, 4], [3, 4], [4, 4], [7, 7]]
  107,  [[0, 0], [0, 3], [0, 3], [1, 4], [1, 5], [1, 6], [2, 4], [3, 4], [4, 4], [7, 7]]
  108,  [[0, 0], [0, 3], [0, 5], [1, 1], [1, 3], [1, 6], [2, 4], [3, 4], [3, 4], [4, 7]]
  109,  [[0, 0], [0, 0], [0, 3], [1, 1], [1, 1], [1, 3], [2, 4], [3, 4], [3, 4], [4, 5]]
  110,  [[0, 0], [0, 0], [0, 3], [1, 1], [1, 3], [1, 5], [3, 4], [3, 4], [4, 4], [4, 6]]
  111,  [[0, 0], [0, 0], [0, 3], [1, 1], [1, 3], [1, 5], [2, 4], [3, 3], [3, 4], [4, 6]]
  112,  [[0, 0], [0, 0], [0, 3], [1, 1], [1, 3], [1, 5], [2, 4], [3, 4], [4, 4], [4, 6]]
  113,  [[0, 0], [0, 0], [0, 3], [1, 1], [1, 3], [1, 5], [2, 4], [3, 4], [3, 4], [4, 4]]
  114,  [[0, 0], [0, 0], [0, 3], [1, 1], [1, 3], [1, 5], [2, 4], [3, 4], [3, 4], [6, 6]]
  115,  [[0, 0], [0, 2], [0, 3], [1, 3], [1, 5], [1, 6], [3, 4], [3, 4], [4, 4], [4, 7]]
  116,  [[0, 0], [0, 0], [0, 3], [1, 3], [1, 5], [1, 6], [3, 3], [3, 4], [4, 4], [4, 7]]
  117,  [[0, 0], [0, 0], [0, 3], [1, 3], [1, 5], [1, 6], [3, 4], [3, 4], [4, 4], [7, 7]]
  118,  [[0, 0], [0, 3], [0, 4], [1, 3], [1, 5], [1, 6], [2, 4], [3, 3], [3, 4], [4, 7]]
  119,  [[0, 0], [0, 0], [0, 3], [1, 3], [1, 5], [1, 6], [2, 4], [3, 3], [4, 4], [4, 7]]
  120,  [[0, 0], [0, 0], [0, 3], [1, 3], [1, 5], [1, 6], [2, 4], [3, 3], [3, 4], [4, 4]]
  121,  [[0, 0], [0, 0], [0, 3], [1, 3], [1, 5], [1, 6], [2, 4], [3, 4], [4, 4], [7, 7]]
  122,  [[0, 0], [0, 3], [0, 5], [1, 3], [1, 6], [1, 7], [2, 4], [3, 4], [3, 4], [4, 4]]
  123,  [[0, 0], [0, 3], [0, 4], [1, 3], [1, 5], [1, 6], [2, 4], [3, 4], [3, 4], [7, 7]]
  124,  [[0, 0], [0, 0], [0, 5], [1, 1], [1, 3], [1, 6], [3, 4], [3, 4], [4, 4], [4, 7]]
  125,  [[0, 0], [0, 0], [0, 5], [1, 1], [1, 3], [1, 6], [2, 4], [3, 3], [3, 4], [4, 7]]
  126,  [[0, 0], [0, 0], [0, 5], [1, 1], [1, 3], [1, 6], [2, 4], [3, 4], [3, 4], [4, 4]]
  127,  [[0, 0], [0, 0], [0, 5], [1, 1], [1, 3], [1, 6], [2, 4], [3, 4], [3, 4], [7, 7]]
  128,  [[0, 0], [0, 0], [0, 5], [1, 1], [1, 3], [1, 4], [2, 3], [3, 4], [3, 6], [4, 4]]
  129,  [[0, 0], [0, 0], [0, 3], [1, 1], [1, 4], [1, 5], [2, 4], [3, 3], [3, 4], [4, 6]]
  130,  [[0, 0], [0, 0], [0, 3], [1, 1], [1, 1], [1, 5], [3, 3], [3, 4], [4, 4], [4, 6]]
  131,  [[0, 0], [0, 0], [0, 3], [1, 1], [1, 1], [1, 5], [2, 4], [3, 4], [3, 6], [4, 7]]
  132,  [[0, 0], [0, 0], [0, 3], [1, 1], [1, 1], [1, 5], [2, 4], [3, 3], [3, 4], [4, 4]]
  133,  [[0, 0], [0, 0], [0, 5], [1, 1], [1, 2], [1, 3], [3, 4], [3, 4], [4, 4], [4, 6]]
  134,  [[0, 0], [0, 2], [0, 3], [1, 1], [1, 5], [1, 6], [3, 3], [3, 4], [4, 4], [4, 7]]
  135,  [[0, 0], [0, 2], [0, 3], [1, 1], [1, 5], [1, 6], [3, 4], [3, 4], [3, 4], [4, 7]]
  136,  [[0, 0], [0, 2], [0, 3], [1, 1], [1, 5], [1, 6], [3, 4], [3, 4], [4, 4], [7, 7]]
  137,  [[0, 0], [0, 0], [0, 3], [1, 1], [1, 2], [1, 5], [3, 4], [3, 4], [4, 4], [4, 6]]
  138,  [[0, 0], [0, 0], [0, 3], [1, 2], [1, 5], [1, 6], [3, 3], [3, 4], [4, 4], [4, 7]]
  139,  [[0, 0], [0, 0], [0, 3], [1, 2], [1, 5], [1, 6], [3, 4], [3, 4], [3, 4], [4, 7]]
  140,  [[0, 0], [0, 0], [0, 3], [1, 2], [1, 5], [1, 6], [3, 4], [3, 4], [4, 4], [7, 7]]
  141,  [[0, 0], [0, 3], [0, 4], [1, 1], [1, 5], [1, 6], [3, 3], [3, 4], [3, 7], [4, 4]]
  142,  [[0, 0], [0, 0], [0, 3], [1, 4], [1, 5], [1, 6], [3, 3], [3, 4], [4, 4], [4, 7]]
  143,  [[0, 0], [0, 0], [0, 3], [1, 1], [1, 5], [1, 6], [2, 3], [3, 4], [4, 4], [4, 7]]
  144,  [[0, 0], [0, 0], [0, 3], [1, 1], [1, 5], [1, 6], [3, 3], [3, 4], [3, 4], [4, 7]]
  145,  [[0, 0], [0, 0], [0, 3], [1, 1], [1, 5], [1, 6], [3, 3], [3, 4], [4, 4], [4, 4]]
  146,  [[0, 0], [0, 0], [0, 3], [1, 1], [1, 1], [1, 5], [3, 4], [3, 4], [3, 4], [4, 6]]
  147,  [[0, 0], [0, 0], [0, 3], [1, 1], [1, 5], [1, 6], [3, 4], [3, 4], [3, 4], [4, 4]]
  148,  [[0, 0], [0, 0], [0, 3], [1, 1], [1, 5], [1, 6], [3, 4], [3, 4], [3, 4], [7, 7]]
  149,  [[0, 0], [0, 3], [0, 4], [1, 1], [1, 5], [1, 6], [3, 3], [3, 4], [3, 4], [7, 7]]
  150,  [[0, 0], [0, 0], [0, 3], [1, 1], [1, 5], [1, 6], [2, 7], [3, 4], [3, 4], [4, 4]]
  151,  [[0, 0], [0, 0], [0, 3], [1, 1], [1, 5], [1, 6], [3, 4], [3, 4], [3, 7], [4, 4]]
  152,  [[0, 0], [0, 3], [0, 4], [1, 1], [1, 5], [1, 6], [2, 3], [3, 7], [4, 4], [4, 4]]
  153,  [[0, 0], [0, 3], [0, 4], [1, 1], [1, 5], [1, 6], [2, 3], [3, 3], [3, 4], [4, 4]]
  154,  [[0, 0], [0, 3], [0, 4], [1, 1], [1, 5], [1, 6], [2, 3], [3, 4], [4, 4], [7, 7]]
  155,  [[0, 0], [0, 0], [0, 3], [1, 4], [1, 5], [1, 6], [2, 4], [3, 3], [3, 3], [4, 7]]
  156,  [[0, 0], [0, 0], [0, 3], [1, 4], [1, 5], [1, 6], [2, 4], [3, 3], [3, 4], [4, 4]]
  157,  [[0, 0], [0, 0], [0, 3], [1, 4], [1, 5], [1, 6], [2, 4], [3, 3], [3, 4], [7, 7]]
  158,  [[0, 0], [0, 3], [0, 5], [1, 1], [1, 6], [1, 7], [2, 4], [3, 3], [3, 4], [4, 4]]
  159,  [[0, 0], [0, 0], [0, 3], [1, 5], [1, 6], [1, 7], [2, 4], [3, 3], [3, 4], [4, 4]]
  160,  [[0, 0], [0, 0], [0, 3], [1, 1], [1, 5], [1, 6], [2, 4], [3, 4], [3, 7], [4, 4]]
  161,  [[0, 0], [0, 0], [0, 3], [1, 1], [1, 5], [1, 6], [2, 4], [3, 3], [3, 4], [3, 4]]
  162,  [[0, 0], [0, 3], [0, 5], [1, 1], [1, 6], [1, 7], [2, 4], [3, 4], [3, 4], [3, 4]]
  163,  [[0, 0], [0, 0], [0, 3], [1, 5], [1, 6], [1, 7], [2, 4], [3, 4], [3, 4], [3, 4]]
  164,  [[0, 0], [0, 0], [0, 3], [1, 1], [1, 1], [1, 5], [2, 4], [3, 4], [3, 4], [3, 4]]
  165,  [[0, 0], [0, 0], [0, 5], [1, 1], [1, 3], [1, 4], [2, 3], [3, 4], [3, 4], [6, 6]]
  166,  [[0, 0], [0, 3], [0, 4], [1, 1], [1, 5], [1, 6], [2, 3], [3, 4], [3, 4], [4, 7]]
  167,  [[0, 0], [0, 0], [0, 3], [1, 1], [1, 4], [1, 5], [2, 4], [3, 4], [3, 4], [6, 6]]
  168,  [[0, 0], [0, 0], [0, 3], [1, 4], [1, 5], [1, 6], [2, 4], [3, 4], [3, 4], [3, 7]]
  169,  [[0, 0], [0, 0], [0, 3], [1, 1], [1, 1], [1, 5], [2, 4], [3, 4], [3, 4], [3, 6]]
  170,  [[0, 0], [0, 2], [0, 5], [1, 3], [1, 3], [1, 6], [3, 4], [3, 4], [4, 4], [4, 7]]
  171,  [[0, 0], [0, 0], [0, 5], [1, 3], [1, 3], [1, 6], [3, 3], [3, 4], [4, 4], [4, 7]]
  172,  [[0, 0], [0, 0], [0, 5], [1, 3], [1, 3], [1, 6], [3, 4], [3, 4], [4, 4], [7, 7]]
  173,  [[0, 0], [0, 3], [0, 5], [1, 4], [1, 4], [1, 6], [2, 3], [3, 4], [3, 7], [4, 4]]
  174,  [[0, 0], [0, 0], [0, 5], [1, 3], [1, 3], [1, 6], [2, 4], [3, 3], [4, 4], [4, 7]]
  175,  [[0, 0], [0, 0], [0, 5], [1, 3], [1, 3], [1, 6], [2, 4], [3, 3], [3, 4], [4, 4]]
  176,  [[0, 0], [0, 3], [0, 5], [1, 3], [1, 3], [1, 6], [2, 4], [3, 4], [4, 4], [4, 7]]
  177,  [[0, 0], [0, 0], [0, 5], [1, 3], [1, 3], [1, 6], [2, 4], [3, 4], [4, 4], [7, 7]]
  178,  [[0, 0], [0, 3], [0, 5], [1, 4], [1, 4], [1, 6], [2, 3], [3, 4], [3, 4], [7, 7]]
  179,  [[0, 0], [0, 0], [0, 2], [1, 1], [1, 3], [1, 3], [3, 4], [3, 4], [4, 4], [4, 5]]
  180,  [[0, 0], [0, 2], [0, 5], [1, 1], [1, 3], [1, 3], [3, 3], [3, 4], [4, 4], [4, 6]]
  181,  [[0, 0], [0, 2], [0, 5], [1, 1], [1, 3], [1, 3], [3, 4], [3, 4], [4, 6], [4, 7]]
  182,  [[0, 0], [0, 2], [0, 5], [1, 1], [1, 3], [1, 3], [3, 4], [3, 4], [4, 4], [6, 6]]
  183,  [[0, 0], [0, 0], [0, 5], [1, 2], [1, 3], [1, 3], [3, 3], [3, 4], [4, 4], [4, 6]]
  184,  [[0, 0], [0, 0], [0, 5], [1, 2], [1, 3], [1, 3], [3, 4], [3, 4], [4, 6], [4, 7]]
  185,  [[0, 0], [0, 0], [0, 5], [1, 2], [1, 3], [1, 3], [3, 4], [3, 4], [4, 4], [6, 6]]
  186,  [[0, 0], [0, 3], [0, 3], [1, 1], [1, 4], [1, 5], [3, 3], [3, 4], [4, 4], [4, 6]]
  187,  [[0, 0], [0, 0], [0, 5], [1, 1], [1, 3], [1, 3], [2, 3], [3, 4], [4, 4], [4, 6]]
  188,  [[0, 0], [0, 0], [0, 5], [1, 1], [1, 3], [1, 3], [3, 4], [3, 6], [4, 4], [4, 7]]
  189,  [[0, 0], [0, 0], [0, 5], [1, 1], [1, 3], [1, 3], [3, 3], [4, 4], [4, 4], [4, 6]]
  190,  [[0, 0], [0, 0], [0, 5], [1, 1], [1, 3], [1, 3], [3, 3], [3, 4], [4, 6], [4, 7]]
  191,  [[0, 0], [0, 0], [0, 3], [1, 1], [1, 1], [1, 5], [3, 4], [3, 4], [4, 6], [4, 7]]
  192,  [[0, 0], [0, 0], [0, 5], [1, 1], [1, 3], [1, 3], [3, 4], [4, 4], [4, 6], [4, 7]]
  193,  [[0, 0], [0, 0], [0, 5], [1, 1], [1, 3], [1, 3], [3, 4], [3, 4], [4, 6], [7, 7]]
  194,  [[0, 0], [0, 3], [0, 3], [1, 1], [1, 4], [1, 5], [3, 4], [3, 4], [4, 4], [6, 6]]
  195,  [[0, 0], [0, 0], [0, 5], [1, 1], [1, 3], [1, 3], [2, 6], [3, 4], [3, 4], [4, 4]]
  196,  [[0, 0], [0, 0], [0, 5], [1, 1], [1, 3], [1, 3], [3, 4], [3, 4], [4, 4], [6, 7]]
  197,  [[0, 0], [0, 0], [0, 3], [1, 1], [1, 4], [1, 4], [2, 3], [3, 4], [3, 5], [4, 4]]
  198,  [[0, 0], [0, 3], [0, 3], [1, 1], [1, 4], [1, 5], [2, 4], [3, 4], [3, 6], [4, 7]]
  199,  [[0, 0], [0, 3], [0, 3], [1, 1], [1, 4], [1, 5], [2, 4], [3, 3], [4, 4], [4, 6]]
  200,  [[0, 0], [0, 3], [0, 3], [1, 1], [1, 4], [1, 5], [2, 4], [3, 3], [3, 4], [4, 4]]
  201,  [[0, 0], [0, 3], [0, 3], [1, 1], [1, 4], [1, 5], [2, 4], [3, 3], [3, 4], [6, 6]]
  202,  [[0, 0], [0, 0], [0, 5], [1, 3], [1, 3], [1, 4], [2, 4], [3, 4], [3, 6], [4, 7]]
  203,  [[0, 0], [0, 0], [0, 5], [1, 3], [1, 3], [1, 4], [2, 4], [3, 3], [4, 4], [4, 6]]
  204,  [[0, 0], [0, 0], [0, 5], [1, 1], [1, 3], [1, 3], [2, 4], [3, 6], [4, 4], [4, 7]]
  205,  [[0, 0], [0, 0], [0, 5], [1, 1], [1, 3], [1, 3], [2, 4], [3, 4], [4, 6], [7, 7]]
  206,  [[0, 0], [0, 0], [0, 5], [1, 1], [1, 3], [1, 3], [2, 4], [3, 4], [3, 6], [4, 4]]
  207,  [[0, 0], [0, 3], [0, 3], [1, 1], [1, 3], [1, 5], [2, 4], [3, 3], [4, 4], [4, 6]]
  208,  [[0, 0], [0, 0], [0, 5], [1, 3], [1, 3], [1, 3], [2, 4], [3, 3], [4, 4], [4, 6]]
  209,  [[0, 0], [0, 0], [0, 5], [1, 1], [1, 3], [1, 3], [2, 4], [3, 3], [4, 6], [4, 7]]
  210,  [[0, 0], [0, 0], [0, 5], [1, 1], [1, 3], [1, 3], [2, 4], [3, 3], [4, 4], [4, 4]]
  211,  [[0, 0], [0, 0], [0, 3], [1, 1], [1, 3], [1, 3], [2, 4], [3, 4], [4, 4], [4, 5]]
  212,  [[0, 0], [0, 3], [0, 3], [1, 1], [1, 3], [1, 5], [2, 4], [3, 4], [4, 6], [4, 7]]
  213,  [[0, 0], [0, 3], [0, 3], [1, 1], [1, 3], [1, 5], [2, 4], [3, 4], [4, 4], [6, 6]]
  214,  [[0, 0], [0, 0], [0, 5], [1, 3], [1, 3], [1, 3], [2, 4], [3, 4], [4, 6], [4, 7]]
  215,  [[0, 0], [0, 0], [0, 5], [1, 3], [1, 3], [1, 3], [2, 4], [3, 4], [4, 4], [6, 6]]
  216,  [[0, 0], [0, 3], [0, 3], [1, 1], [1, 4], [1, 5], [2, 4], [3, 4], [4, 4], [6, 6]]
  217,  [[0, 0], [0, 0], [0, 5], [1, 1], [1, 3], [1, 3], [2, 4], [3, 4], [4, 4], [6, 7]]
  218,  [[0, 0], [0, 0], [0, 3], [1, 1], [1, 4], [1, 4], [2, 3], [3, 4], [3, 4], [5, 5]]
  219,  [[0, 0], [0, 3], [0, 3], [1, 1], [1, 4], [1, 5], [2, 4], [3, 4], [3, 4], [6, 7]]
  220,  [[0, 0], [0, 0], [0, 5], [1, 3], [1, 3], [1, 4], [2, 4], [3, 4], [3, 4], [6, 7]]
  221,  [[0, 0], [0, 0], [0, 3], [1, 1], [1, 1], [1, 5], [2, 4], [3, 4], [3, 4], [6, 7]]
  222,  [[0, 2], [0, 3], [0, 3], [1, 4], [1, 5], [1, 6], [3, 3], [3, 4], [4, 4], [4, 7]]
  223,  [[0, 0], [0, 5], [0, 6], [1, 2], [1, 3], [1, 3], [3, 3], [4, 4], [4, 4], [4, 7]]
  224,  [[0, 0], [0, 5], [0, 6], [1, 2], [1, 3], [1, 3], [3, 3], [3, 4], [4, 4], [4, 4]]
  225,  [[0, 2], [0, 3], [0, 3], [1, 4], [1, 5], [1, 6], [3, 4], [3, 4], [4, 4], [7, 7]]
  226,  [[0, 0], [0, 5], [0, 6], [1, 2], [1, 3], [1, 3], [3, 4], [4, 4], [4, 4], [7, 7]]
  227,  [[0, 2], [0, 5], [0, 6], [1, 3], [1, 3], [1, 4], [3, 3], [3, 4], [4, 4], [4, 7]]
  228,  [[0, 0], [0, 3], [0, 3], [1, 2], [1, 5], [1, 6], [3, 3], [4, 4], [4, 4], [4, 7]]
  229,  [[0, 0], [0, 3], [0, 3], [1, 2], [1, 5], [1, 6], [3, 3], [3, 4], [4, 4], [4, 4]]
  230,  [[0, 2], [0, 5], [0, 6], [1, 3], [1, 3], [1, 4], [3, 4], [3, 4], [4, 4], [7, 7]]
  231,  [[0, 0], [0, 3], [0, 3], [1, 2], [1, 5], [1, 6], [3, 4], [4, 4], [4, 4], [7, 7]]
  232,  [[0, 0], [0, 5], [0, 6], [1, 3], [1, 3], [1, 4], [2, 3], [3, 4], [4, 4], [4, 7]]
  233,  [[0, 0], [0, 5], [0, 6], [1, 3], [1, 3], [1, 4], [3, 3], [3, 4], [4, 4], [7, 7]]
  234,  [[0, 0], [0, 3], [0, 3], [1, 4], [1, 5], [1, 6], [2, 3], [3, 4], [4, 4], [4, 7]]
  235,  [[0, 0], [0, 3], [0, 3], [1, 4], [1, 5], [1, 6], [3, 3], [3, 4], [4, 4], [7, 7]]
  236,  [[0, 0], [0, 3], [0, 3], [1, 1], [1, 5], [1, 6], [2, 3], [4, 4], [4, 4], [4, 7]]
  237,  [[0, 0], [0, 3], [0, 3], [1, 1], [1, 5], [1, 6], [2, 3], [3, 4], [4, 4], [4, 4]]
  238,  [[0, 0], [0, 5], [0, 6], [1, 3], [1, 3], [1, 3], [3, 3], [4, 4], [4, 4], [4, 7]]
  239,  [[0, 0], [0, 3], [0, 3], [1, 3], [1, 5], [1, 6], [3, 3], [4, 4], [4, 4], [4, 7]]
  240,  [[0, 0], [0, 5], [0, 6], [1, 3], [1, 3], [1, 7], [3, 3], [3, 4], [4, 4], [4, 4]]
  241,  [[0, 0], [0, 3], [0, 3], [1, 5], [1, 6], [1, 7], [3, 3], [3, 4], [4, 4], [4, 4]]
  242,  [[0, 0], [0, 3], [0, 3], [1, 1], [1, 5], [1, 6], [3, 4], [3, 7], [4, 4], [4, 4]]
  243,  [[0, 0], [0, 5], [0, 6], [1, 3], [1, 3], [1, 4], [2, 7], [3, 4], [3, 4], [4, 4]]
  244,  [[0, 0], [0, 3], [0, 3], [1, 4], [1, 5], [1, 6], [2, 7], [3, 4], [3, 4], [4, 4]]
  245,  [[0, 0], [0, 5], [0, 6], [1, 3], [1, 3], [1, 3], [3, 4], [4, 4], [4, 4], [7, 7]]
  246,  [[0, 0], [0, 3], [0, 3], [1, 3], [1, 5], [1, 6], [3, 4], [4, 4], [4, 4], [7, 7]]
  247,  [[0, 0], [0, 3], [0, 3], [1, 1], [1, 5], [1, 6], [2, 7], [3, 4], [4, 4], [4, 4]]
  248,  [[0, 3], [0, 3], [0, 4], [1, 3], [1, 5], [1, 6], [2, 4], [3, 3], [4, 4], [4, 7]]
  249,  [[0, 0], [0, 5], [0, 6], [1, 3], [1, 3], [1, 4], [2, 4], [3, 3], [4, 4], [7, 7]]
  250,  [[0, 3], [0, 3], [0, 4], [1, 5], [1, 6], [1, 7], [2, 4], [3, 3], [3, 4], [4, 4]]
  251,  [[0, 0], [0, 5], [0, 6], [1, 3], [1, 3], [1, 4], [2, 4], [3, 4], [3, 7], [4, 4]]
  252,  [[0, 3], [0, 3], [0, 4], [1, 4], [1, 5], [1, 6], [2, 4], [3, 3], [3, 4], [7, 7]]
  253,  [[0, 3], [0, 3], [0, 3], [1, 4], [1, 5], [1, 6], [2, 4], [3, 3], [4, 4], [4, 7]]
  254,  [[0, 0], [0, 3], [0, 3], [1, 4], [1, 5], [1, 6], [2, 4], [3, 3], [4, 4], [7, 7]]
  255,  [[0, 3], [0, 3], [0, 5], [1, 4], [1, 6], [1, 7], [2, 4], [3, 3], [3, 4], [4, 4]]
  256,  [[0, 0], [0, 3], [0, 3], [1, 4], [1, 5], [1, 6], [2, 4], [3, 4], [3, 7], [4, 4]]
  257,  [[0, 0], [0, 5], [0, 6], [1, 3], [1, 3], [1, 3], [2, 4], [3, 3], [4, 4], [4, 4]]
  258,  [[0, 0], [0, 3], [0, 3], [1, 3], [1, 5], [1, 6], [2, 4], [3, 3], [4, 4], [4, 4]]
  259,  [[0, 0], [0, 5], [0, 6], [1, 3], [1, 3], [1, 7], [2, 4], [3, 3], [4, 4], [4, 4]]
  260,  [[0, 0], [0, 3], [0, 3], [1, 5], [1, 6], [1, 7], [2, 4], [3, 3], [4, 4], [4, 4]]
  261,  [[0, 0], [0, 3], [0, 3], [1, 1], [1, 5], [1, 6], [2, 4], [3, 7], [4, 4], [4, 4]]
  262,  [[0, 3], [0, 3], [0, 3], [1, 4], [1, 5], [1, 6], [2, 4], [3, 4], [4, 4], [7, 7]]
  263,  [[0, 0], [0, 5], [0, 6], [1, 3], [1, 3], [1, 3], [2, 4], [4, 4], [4, 4], [7, 7]]
  264,  [[0, 3], [0, 3], [0, 4], [1, 3], [1, 5], [1, 6], [2, 4], [3, 4], [4, 4], [7, 7]]
  265,  [[0, 0], [0, 3], [0, 3], [1, 3], [1, 5], [1, 6], [2, 4], [4, 4], [4, 4], [7, 7]]
  266,  [[0, 0], [0, 3], [0, 5], [1, 1], [1, 3], [1, 6], [3, 4], [3, 4], [4, 4], [4, 7]]
  267,  [[0, 0], [0, 3], [0, 5], [1, 1], [1, 3], [1, 6], [2, 4], [3, 3], [3, 4], [4, 7]]
  268,  [[0, 0], [0, 3], [0, 5], [1, 1], [1, 3], [1, 6], [2, 4], [3, 4], [4, 4], [4, 7]]
  269,  [[0, 0], [0, 3], [0, 5], [1, 1], [1, 3], [1, 6], [2, 4], [3, 4], [3, 4], [4, 4]]
  270,  [[0, 0], [0, 3], [0, 5], [1, 1], [1, 3], [1, 6], [2, 4], [3, 4], [3, 4], [7, 7]]
  271,  [[0, 0], [0, 2], [0, 3], [1, 1], [1, 3], [1, 5], [3, 4], [3, 4], [4, 4], [4, 6]]
  272,  [[0, 0], [0, 0], [0, 3], [1, 2], [1, 3], [1, 5], [3, 4], [3, 4], [4, 4], [4, 6]]
  273,  [[0, 0], [0, 0], [0, 3], [1, 1], [1, 3], [1, 5], [3, 3], [3, 4], [4, 4], [4, 6]]
  274,  [[0, 0], [0, 0], [0, 3], [1, 1], [1, 3], [1, 5], [3, 4], [3, 4], [4, 6], [4, 7]]
  275,  [[0, 0], [0, 0], [0, 3], [1, 1], [1, 3], [1, 5], [3, 4], [3, 4], [4, 4], [6, 6]]
  276,  [[0, 0], [0, 3], [0, 4], [1, 1], [1, 3], [1, 5], [2, 4], [3, 3], [3, 4], [4, 6]]
  277,  [[0, 0], [0, 0], [0, 3], [1, 3], [1, 4], [1, 5], [2, 4], [3, 3], [3, 4], [4, 6]]
  278,  [[0, 0], [0, 0], [0, 3], [1, 1], [1, 3], [1, 5], [2, 4], [3, 4], [3, 6], [4, 7]]
  279,  [[0, 0], [0, 0], [0, 3], [1, 1], [1, 3], [1, 5], [2, 4], [3, 3], [4, 4], [4, 6]]
  280,  [[0, 0], [0, 0], [0, 3], [1, 1], [1, 3], [1, 5], [2, 4], [3, 3], [3, 4], [4, 4]]
  281,  [[0, 0], [0, 0], [0, 3], [1, 3], [1, 3], [1, 5], [2, 4], [3, 4], [4, 4], [4, 6]]
  282,  [[0, 0], [0, 0], [0, 3], [1, 1], [1, 3], [1, 5], [2, 4], [3, 4], [4, 6], [4, 7]]
  283,  [[0, 0], [0, 0], [0, 3], [1, 1], [1, 3], [1, 5], [2, 4], [3, 4], [4, 4], [6, 6]]
  284,  [[0, 0], [0, 3], [0, 4], [1, 1], [1, 3], [1, 5], [2, 4], [3, 4], [3, 4], [6, 6]]
  285,  [[0, 0], [0, 0], [0, 3], [1, 3], [1, 4], [1, 5], [2, 4], [3, 4], [3, 4], [6, 6]]
  286,  [[0, 0], [0, 0], [0, 3], [1, 1], [1, 3], [1, 5], [2, 4], [3, 4], [3, 4], [6, 7]]
  287,  [[0, 0], [0, 0], [0, 2], [1, 3], [1, 5], [1, 6], [3, 4], [3, 4], [4, 4], [4, 7]]
  288,  [[0, 0], [0, 2], [0, 3], [1, 3], [1, 5], [1, 6], [3, 3], [3, 4], [4, 4], [4, 7]]
  289,  [[0, 0], [0, 2], [0, 3], [1, 3], [1, 5], [1, 6], [3, 4], [3, 4], [4, 4], [7, 7]]
  290,  [[0, 0], [0, 3], [0, 4], [1, 3], [1, 5], [1, 6], [3, 3], [3, 4], [4, 4], [4, 7]]
  291,  [[0, 0], [0, 0], [0, 3], [1, 3], [1, 5], [1, 6], [2, 3], [3, 4], [4, 4], [4, 7]]
  292,  [[0, 0], [0, 0], [0, 3], [1, 3], [1, 5], [1, 6], [3, 3], [4, 4], [4, 4], [4, 7]]
  293,  [[0, 0], [0, 3], [0, 4], [1, 3], [1, 5], [1, 6], [3, 4], [3, 4], [4, 4], [7, 7]]
  294,  [[0, 0], [0, 0], [0, 3], [1, 3], [1, 5], [1, 6], [2, 7], [3, 4], [3, 4], [4, 4]]
  295,  [[0, 0], [0, 0], [0, 3], [1, 4], [1, 5], [1, 6], [2, 3], [3, 4], [3, 7], [4, 4]]
  296,  [[0, 0], [0, 3], [0, 4], [1, 3], [1, 5], [1, 6], [2, 4], [3, 3], [4, 4], [4, 7]]
  297,  [[0, 0], [0, 3], [0, 4], [1, 3], [1, 5], [1, 6], [2, 4], [3, 3], [3, 4], [4, 4]]
  298,  [[0, 0], [0, 3], [0, 4], [1, 3], [1, 5], [1, 6], [2, 4], [3, 3], [3, 4], [7, 7]]
  299,  [[0, 0], [0, 0], [0, 3], [1, 3], [1, 5], [1, 6], [2, 4], [3, 3], [4, 4], [4, 4]]
  300,  [[0, 0], [0, 3], [0, 5], [1, 3], [1, 6], [1, 7], [2, 4], [3, 3], [3, 4], [4, 4]]
  301,  [[0, 0], [0, 0], [0, 3], [1, 3], [1, 5], [1, 6], [2, 4], [3, 4], [3, 7], [4, 4]]
  302,  [[0, 0], [0, 3], [0, 4], [1, 3], [1, 5], [1, 6], [2, 4], [3, 4], [4, 4], [7, 7]]
  303,  [[0, 0], [0, 0], [0, 5], [1, 3], [1, 6], [1, 7], [2, 4], [3, 4], [3, 4], [4, 4]]
  304,  [[0, 0], [0, 0], [0, 3], [1, 4], [1, 5], [1, 6], [2, 3], [3, 4], [3, 4], [7, 7]]
  305,  [[0, 0], [0, 2], [0, 5], [1, 1], [1, 3], [1, 6], [3, 4], [3, 4], [4, 4], [4, 7]]
  306,  [[0, 0], [0, 0], [0, 5], [1, 2], [1, 3], [1, 6], [3, 4], [3, 4], [4, 4], [4, 7]]
  307,  [[0, 0], [0, 0], [0, 5], [1, 1], [1, 3], [1, 6], [3, 3], [3, 4], [4, 4], [4, 7]]
  308,  [[0, 0], [0, 0], [0, 5], [1, 1], [1, 3], [1, 6], [3, 4], [3, 4], [3, 4], [4, 7]]
  309,  [[0, 0], [0, 0], [0, 5], [1, 1], [1, 3], [1, 6], [3, 4], [3, 4], [4, 4], [7, 7]]
  310,  [[0, 0], [0, 3], [0, 5], [1, 1], [1, 4], [1, 6], [2, 3], [3, 4], [3, 7], [4, 4]]
  311,  [[0, 0], [0, 0], [0, 5], [1, 3], [1, 4], [1, 6], [2, 3], [3, 4], [3, 7], [4, 4]]
  312,  [[0, 0], [0, 0], [0, 5], [1, 1], [1, 3], [1, 6], [2, 4], [3, 3], [3, 4], [4, 4]]
  313,  [[0, 0], [0, 0], [0, 5], [1, 1], [1, 3], [1, 6], [2, 4], [3, 4], [3, 4], [3, 4]]
  314,  [[0, 0], [0, 3], [0, 5], [1, 1], [1, 4], [1, 6], [2, 3], [3, 4], [3, 4], [7, 7]]
  315,  [[0, 0], [0, 0], [0, 5], [1, 3], [1, 4], [1, 6], [2, 3], [3, 4], [3, 4], [7, 7]]
  316,  [[0, 0], [0, 0], [0, 5], [1, 1], [1, 3], [1, 6], [2, 4], [3, 4], [3, 4], [3, 7]]
  317,  [[0, 0], [0, 0], [0, 5], [1, 1], [1, 3], [1, 4], [3, 3], [3, 4], [3, 6], [4, 4]]
  318,  [[0, 0], [0, 0], [0, 5], [1, 1], [1, 3], [1, 4], [2, 3], [3, 6], [4, 4], [4, 4]]
  319,  [[0, 0], [0, 0], [0, 5], [1, 1], [1, 3], [1, 4], [2, 3], [3, 3], [3, 4], [4, 4]]
  320,  [[0, 0], [0, 0], [0, 5], [1, 1], [1, 3], [1, 4], [2, 3], [3, 4], [4, 4], [6, 6]]
  321,  [[0, 0], [0, 0], [0, 5], [1, 1], [1, 3], [1, 4], [2, 3], [3, 4], [3, 6], [4, 7]]
  322,  [[0, 0], [0, 0], [0, 3], [1, 1], [1, 1], [1, 4], [2, 3], [3, 4], [3, 5], [4, 4]]
  323,  [[0, 0], [0, 0], [0, 3], [1, 1], [1, 4], [1, 5], [3, 3], [3, 4], [4, 4], [4, 6]]
  324,  [[0, 0], [0, 0], [0, 3], [1, 1], [1, 4], [1, 5], [2, 4], [3, 4], [3, 6], [4, 7]]
  325,  [[0, 0], [0, 0], [0, 3], [1, 1], [1, 4], [1, 5], [2, 4], [3, 3], [3, 3], [4, 6]]
  326,  [[0, 0], [0, 0], [0, 3], [1, 1], [1, 4], [1, 5], [2, 4], [3, 3], [3, 4], [4, 4]]
  327,  [[0, 0], [0, 0], [0, 3], [1, 1], [1, 4], [1, 5], [2, 4], [3, 3], [3, 4], [6, 6]]
  328,  [[0, 0], [0, 0], [0, 5], [1, 1], [1, 2], [1, 3], [3, 3], [3, 4], [4, 4], [4, 6]]
  329,  [[0, 0], [0, 0], [0, 3], [1, 1], [1, 2], [1, 5], [3, 3], [3, 4], [4, 4], [4, 6]]
  330,  [[0, 0], [0, 0], [0, 3], [1, 1], [1, 1], [1, 5], [2, 3], [3, 4], [4, 4], [4, 6]]
  331,  [[0, 0], [0, 0], [0, 3], [1, 1], [1, 1], [1, 5], [3, 4], [3, 6], [4, 4], [4, 7]]
  332,  [[0, 0], [0, 0], [0, 3], [1, 1], [1, 1], [1, 5], [3, 3], [3, 4], [4, 6], [4, 7]]
  333,  [[0, 0], [0, 0], [0, 3], [1, 1], [1, 1], [1, 5], [2, 4], [3, 4], [3, 6], [4, 4]]
  334,  [[0, 0], [0, 0], [0, 5], [1, 1], [1, 2], [1, 3], [3, 4], [3, 4], [3, 4], [4, 6]]
  335,  [[0, 0], [0, 0], [0, 5], [1, 1], [1, 2], [1, 3], [3, 4], [3, 4], [4, 6], [4, 7]]
  336,  [[0, 0], [0, 0], [0, 5], [1, 1], [1, 2], [1, 3], [3, 4], [3, 4], [4, 4], [6, 6]]
  337,  [[0, 0], [0, 5], [0, 6], [1, 2], [1, 3], [1, 4], [3, 3], [3, 4], [3, 7], [4, 4]]
  338,  [[0, 0], [0, 2], [0, 3], [1, 4], [1, 5], [1, 6], [3, 3], [3, 4], [4, 4], [4, 7]]
  339,  [[0, 0], [0, 2], [0, 3], [1, 1], [1, 5], [1, 6], [3, 3], [3, 4], [3, 4], [4, 7]]
  340,  [[0, 0], [0, 2], [0, 3], [1, 1], [1, 5], [1, 6], [3, 3], [3, 4], [4, 4], [4, 4]]
  341,  [[0, 0], [0, 0], [0, 2], [1, 1], [1, 5], [1, 6], [3, 4], [3, 4], [3, 4], [3, 7]]
  342,  [[0, 0], [0, 2], [0, 3], [1, 1], [1, 5], [1, 6], [3, 4], [3, 4], [3, 4], [4, 4]]
  343,  [[0, 0], [0, 2], [0, 3], [1, 1], [1, 5], [1, 6], [3, 4], [3, 4], [3, 4], [7, 7]]
  344,  [[0, 0], [0, 5], [0, 6], [1, 2], [1, 3], [1, 4], [3, 3], [3, 4], [3, 4], [7, 7]]
  345,  [[0, 0], [0, 2], [0, 3], [1, 4], [1, 5], [1, 6], [3, 4], [3, 4], [4, 4], [7, 7]]
  346,  [[0, 0], [0, 2], [0, 3], [1, 1], [1, 5], [1, 6], [3, 4], [3, 4], [3, 7], [4, 4]]
  347,  [[0, 0], [0, 0], [0, 3], [1, 1], [1, 2], [1, 5], [3, 4], [3, 4], [3, 4], [4, 6]]
  348,  [[0, 0], [0, 0], [0, 3], [1, 1], [1, 2], [1, 5], [3, 4], [3, 4], [4, 6], [4, 7]]
  349,  [[0, 0], [0, 0], [0, 3], [1, 1], [1, 2], [1, 5], [3, 4], [3, 4], [4, 4], [6, 6]]
  350,  [[0, 0], [0, 3], [0, 4], [1, 2], [1, 5], [1, 6], [3, 3], [3, 4], [3, 7], [4, 4]]
  351,  [[0, 0], [0, 0], [0, 3], [1, 2], [1, 5], [1, 6], [3, 3], [3, 4], [3, 4], [4, 7]]
  352,  [[0, 0], [0, 0], [0, 3], [1, 2], [1, 5], [1, 6], [3, 3], [3, 4], [4, 4], [4, 4]]
  353,  [[0, 0], [0, 0], [0, 3], [1, 2], [1, 5], [1, 6], [3, 4], [3, 4], [3, 4], [4, 4]]
  354,  [[0, 0], [0, 0], [0, 3], [1, 2], [1, 5], [1, 6], [3, 4], [3, 4], [3, 4], [7, 7]]
  355,  [[0, 0], [0, 3], [0, 4], [1, 2], [1, 5], [1, 6], [3, 3], [3, 4], [3, 4], [7, 7]]
  356,  [[0, 0], [0, 0], [0, 3], [1, 2], [1, 5], [1, 6], [3, 4], [3, 4], [3, 7], [4, 4]]
  357,  [[0, 0], [0, 3], [0, 4], [1, 1], [1, 5], [1, 6], [3, 3], [3, 4], [3, 4], [4, 7]]
  358,  [[0, 0], [0, 3], [0, 4], [1, 1], [1, 5], [1, 6], [3, 3], [3, 3], [4, 4], [4, 7]]
  359,  [[0, 0], [0, 3], [0, 4], [1, 1], [1, 5], [1, 6], [3, 3], [3, 4], [4, 4], [7, 7]]
  360,  [[0, 0], [0, 3], [0, 4], [1, 1], [1, 5], [1, 6], [2, 3], [3, 4], [4, 4], [4, 7]]
  361,  [[0, 0], [0, 0], [0, 3], [1, 4], [1, 5], [1, 6], [2, 3], [3, 4], [4, 4], [4, 7]]
  362,  [[0, 0], [0, 0], [0, 3], [1, 4], [1, 5], [1, 6], [3, 3], [3, 3], [4, 4], [4, 7]]
  363,  [[0, 0], [0, 0], [0, 3], [1, 4], [1, 5], [1, 6], [3, 3], [3, 4], [3, 4], [4, 7]]
  364,  [[0, 0], [0, 0], [0, 3], [1, 4], [1, 5], [1, 6], [3, 3], [3, 4], [4, 4], [7, 7]]
  365,  [[0, 0], [0, 0], [0, 3], [1, 1], [1, 5], [1, 6], [2, 3], [3, 4], [3, 4], [4, 7]]
  366,  [[0, 0], [0, 0], [0, 3], [1, 1], [1, 5], [1, 6], [2, 3], [3, 4], [4, 4], [4, 4]]
  367,  [[0, 0], [0, 0], [0, 3], [1, 1], [1, 5], [1, 6], [3, 3], [3, 4], [3, 4], [4, 4]]
  368,  [[0, 0], [0, 3], [0, 5], [1, 1], [1, 6], [1, 7], [3, 3], [3, 4], [4, 4], [4, 4]]
  369,  [[0, 0], [0, 0], [0, 3], [1, 5], [1, 6], [1, 7], [3, 3], [3, 4], [4, 4], [4, 4]]
  370,  [[0, 0], [0, 0], [0, 3], [1, 1], [1, 5], [1, 6], [3, 4], [3, 7], [4, 4], [4, 4]]
  371,  [[0, 0], [0, 3], [0, 5], [1, 1], [1, 6], [1, 7], [3, 4], [3, 4], [3, 4], [4, 4]]
  372,  [[0, 0], [0, 0], [0, 3], [1, 5], [1, 6], [1, 7], [3, 4], [3, 4], [3, 4], [4, 4]]
  373,  [[0, 0], [0, 3], [0, 4], [1, 1], [1, 5], [1, 6], [3, 4], [3, 4], [3, 4], [7, 7]]
  374,  [[0, 0], [0, 0], [0, 3], [1, 4], [1, 5], [1, 6], [3, 4], [3, 4], [3, 4], [7, 7]]
  375,  [[0, 0], [0, 0], [0, 3], [1, 1], [1, 5], [1, 6], [2, 7], [3, 4], [3, 4], [3, 4]]
  376,  [[0, 0], [0, 3], [0, 4], [1, 1], [1, 5], [1, 6], [2, 7], [3, 3], [3, 4], [3, 4]]
  377,  [[0, 0], [0, 0], [0, 3], [1, 4], [1, 5], [1, 6], [2, 7], [3, 4], [3, 4], [4, 4]]
  378,  [[0, 0], [0, 0], [0, 3], [1, 1], [1, 1], [1, 5], [2, 6], [3, 4], [3, 4], [4, 4]]
  379,  [[0, 0], [0, 0], [0, 3], [1, 4], [1, 5], [1, 6], [3, 4], [3, 4], [3, 7], [4, 4]]
  380,  [[0, 0], [0, 0], [0, 3], [1, 1], [1, 1], [1, 5], [3, 4], [3, 4], [3, 6], [4, 4]]
  381,  [[0, 0], [0, 5], [0, 6], [1, 3], [1, 3], [1, 4], [2, 3], [3, 7], [4, 4], [4, 4]]
  382,  [[0, 0], [0, 3], [0, 4], [1, 3], [1, 5], [1, 6], [2, 3], [3, 7], [4, 4], [4, 4]]
  383,  [[0, 0], [0, 3], [0, 4], [1, 1], [1, 5], [1, 6], [2, 3], [3, 3], [4, 4], [4, 4]]
  384,  [[0, 0], [0, 5], [0, 6], [1, 3], [1, 4], [1, 7], [2, 3], [3, 3], [3, 4], [4, 4]]
  385,  [[0, 0], [0, 3], [0, 4], [1, 5], [1, 6], [1, 7], [2, 3], [3, 3], [3, 4], [4, 4]]
  386,  [[0, 0], [0, 3], [0, 4], [1, 1], [1, 5], [1, 6], [2, 3], [3, 4], [3, 4], [4, 4]]
  387,  [[0, 0], [0, 3], [0, 4], [1, 1], [1, 5], [1, 6], [2, 3], [3, 3], [3, 4], [4, 7]]
  388,  [[0, 0], [0, 5], [0, 6], [1, 3], [1, 3], [1, 4], [2, 3], [3, 4], [4, 4], [7, 7]]
  389,  [[0, 0], [0, 3], [0, 4], [1, 3], [1, 5], [1, 6], [2, 3], [3, 4], [4, 4], [7, 7]]
  390,  [[0, 0], [0, 0], [0, 3], [1, 4], [1, 5], [1, 6], [2, 4], [3, 3], [3, 3], [4, 4]]
  391,  [[0, 0], [0, 3], [0, 5], [1, 4], [1, 6], [1, 7], [2, 4], [3, 3], [3, 4], [4, 4]]
  392,  [[0, 0], [0, 0], [0, 3], [1, 4], [1, 5], [1, 6], [2, 4], [3, 4], [3, 7], [4, 4]]
  393,  [[0, 0], [0, 0], [0, 3], [1, 4], [1, 5], [1, 6], [2, 4], [3, 3], [3, 4], [3, 4]]
  394,  [[0, 0], [0, 0], [0, 3], [1, 4], [1, 5], [1, 6], [2, 4], [3, 3], [3, 4], [3, 7]]
  395,  [[0, 0], [0, 3], [0, 5], [1, 1], [1, 6], [1, 7], [2, 4], [3, 3], [3, 4], [3, 4]]
  396,  [[0, 0], [0, 0], [0, 3], [1, 5], [1, 6], [1, 7], [2, 4], [3, 3], [3, 4], [3, 4]]
  397,  [[0, 0], [0, 0], [0, 5], [1, 1], [1, 6], [1, 7], [2, 3], [3, 4], [3, 4], [3, 4]]
  398,  [[0, 0], [0, 0], [0, 5], [1, 1], [1, 3], [1, 4], [2, 3], [3, 4], [3, 4], [4, 6]]
  399,  [[0, 0], [0, 0], [0, 5], [1, 1], [1, 3], [1, 4], [2, 3], [3, 4], [3, 4], [6, 7]]
  400,  [[0, 0], [0, 0], [0, 3], [1, 1], [1, 4], [1, 5], [2, 4], [3, 4], [3, 4], [3, 6]]
  401,  [[0, 0], [0, 0], [0, 3], [1, 1], [1, 4], [1, 5], [2, 4], [3, 4], [3, 4], [6, 7]]
  402,  [[0, 0], [0, 0], [0, 2], [1, 3], [1, 3], [1, 5], [3, 4], [3, 4], [4, 4], [4, 6]]
  403,  [[0, 0], [0, 2], [0, 5], [1, 3], [1, 3], [1, 6], [3, 3], [3, 4], [4, 4], [4, 7]]
  404,  [[0, 0], [0, 2], [0, 5], [1, 3], [1, 3], [1, 6], [3, 4], [3, 4], [4, 4], [7, 7]]
  405,  [[0, 0], [0, 3], [0, 5], [1, 4], [1, 4], [1, 6], [3, 3], [3, 4], [3, 7], [4, 4]]
  406,  [[0, 0], [0, 0], [0, 5], [1, 3], [1, 3], [1, 6], [2, 3], [3, 4], [4, 4], [4, 7]]
  407,  [[0, 0], [0, 0], [0, 5], [1, 3], [1, 3], [1, 6], [3, 3], [4, 4], [4, 4], [4, 7]]
  408,  [[0, 0], [0, 3], [0, 5], [1, 4], [1, 4], [1, 6], [3, 3], [3, 4], [3, 4], [7, 7]]
  409,  [[0, 0], [0, 0], [0, 5], [1, 3], [1, 3], [1, 6], [2, 7], [3, 4], [3, 4], [4, 4]]
  410,  [[0, 0], [0, 0], [0, 3], [1, 4], [1, 4], [1, 5], [2, 3], [3, 4], [3, 6], [4, 4]]
  411,  [[0, 0], [0, 3], [0, 5], [1, 4], [1, 4], [1, 6], [2, 3], [3, 3], [3, 7], [4, 4]]
  412,  [[0, 0], [0, 3], [0, 5], [1, 4], [1, 4], [1, 6], [2, 3], [3, 3], [3, 4], [4, 4]]
  413,  [[0, 0], [0, 3], [0, 5], [1, 4], [1, 4], [1, 6], [2, 3], [3, 4], [4, 4], [7, 7]]
  414,  [[0, 0], [0, 3], [0, 5], [1, 3], [1, 3], [1, 6], [2, 4], [3, 3], [4, 4], [4, 7]]
  415,  [[0, 0], [0, 0], [0, 5], [1, 3], [1, 3], [1, 6], [2, 4], [3, 3], [4, 4], [4, 4]]
  416,  [[0, 0], [0, 0], [0, 5], [1, 3], [1, 3], [1, 6], [2, 4], [3, 4], [3, 7], [4, 4]]
  417,  [[0, 0], [0, 3], [0, 5], [1, 3], [1, 3], [1, 6], [2, 4], [3, 4], [4, 4], [7, 7]]
  418,  [[0, 0], [0, 3], [0, 5], [1, 4], [1, 4], [1, 6], [2, 3], [3, 3], [3, 4], [7, 7]]
  419,  [[0, 0], [0, 0], [0, 3], [1, 4], [1, 4], [1, 5], [2, 3], [3, 4], [3, 4], [6, 6]]
  420,  [[0, 0], [0, 0], [0, 2], [1, 1], [1, 3], [1, 3], [3, 3], [3, 4], [4, 4], [4, 5]]
  421,  [[0, 0], [0, 0], [0, 2], [1, 1], [1, 3], [1, 3], [3, 4], [3, 4], [4, 5], [4, 6]]
  422,  [[0, 0], [0, 0], [0, 2], [1, 1], [1, 3], [1, 3], [3, 4], [3, 4], [4, 4], [5, 5]]
  423,  [[0, 0], [0, 3], [0, 3], [1, 2], [1, 4], [1, 5], [3, 3], [3, 4], [4, 4], [4, 6]]
  424,  [[0, 0], [0, 2], [0, 5], [1, 3], [1, 3], [1, 4], [3, 3], [3, 4], [4, 4], [4, 6]]
  425,  [[0, 0], [0, 2], [0, 5], [1, 1], [1, 3], [1, 3], [3, 4], [3, 6], [4, 4], [4, 7]]
  426,  [[0, 0], [0, 2], [0, 5], [1, 1], [1, 3], [1, 3], [3, 3], [4, 4], [4, 4], [4, 6]]
  427,  [[0, 0], [0, 2], [0, 5], [1, 1], [1, 3], [1, 3], [3, 3], [3, 4], [4, 6], [4, 7]]
  428,  [[0, 0], [0, 2], [0, 5], [1, 1], [1, 3], [1, 3], [3, 3], [3, 4], [4, 4], [4, 4]]
  429,  [[0, 0], [0, 2], [0, 5], [1, 1], [1, 3], [1, 3], [3, 4], [4, 4], [4, 6], [4, 7]]
  430,  [[0, 0], [0, 2], [0, 5], [1, 1], [1, 3], [1, 3], [3, 4], [3, 4], [4, 6], [7, 7]]
  431,  [[0, 0], [0, 3], [0, 3], [1, 2], [1, 4], [1, 5], [3, 4], [3, 4], [4, 4], [6, 6]]
  432,  [[0, 0], [0, 2], [0, 5], [1, 3], [1, 3], [1, 4], [3, 4], [3, 4], [4, 4], [6, 6]]
  433,  [[0, 0], [0, 2], [0, 5], [1, 1], [1, 3], [1, 3], [3, 4], [4, 4], [4, 4], [6, 6]]
  434,  [[0, 0], [0, 2], [0, 5], [1, 1], [1, 3], [1, 3], [3, 4], [3, 4], [4, 4], [6, 7]]
  435,  [[0, 0], [0, 3], [0, 5], [1, 2], [1, 4], [1, 4], [3, 3], [3, 4], [3, 6], [4, 4]]
  436,  [[0, 0], [0, 0], [0, 5], [1, 2], [1, 3], [1, 3], [3, 4], [3, 6], [4, 4], [4, 7]]
  437,  [[0, 0], [0, 0], [0, 5], [1, 2], [1, 3], [1, 3], [3, 3], [4, 4], [4, 4], [4, 6]]
  438,  [[0, 0], [0, 0], [0, 5], [1, 2], [1, 3], [1, 3], [3, 3], [3, 4], [4, 6], [4, 7]]
  439,  [[0, 0], [0, 0], [0, 5], [1, 2], [1, 3], [1, 3], [3, 4], [4, 4], [4, 6], [4, 7]]
  440,  [[0, 0], [0, 0], [0, 5], [1, 2], [1, 3], [1, 3], [3, 4], [3, 4], [4, 6], [7, 7]]
  441,  [[0, 0], [0, 3], [0, 5], [1, 2], [1, 4], [1, 4], [3, 3], [3, 4], [3, 4], [6, 6]]
  442,  [[0, 0], [0, 0], [0, 5], [1, 2], [1, 3], [1, 3], [3, 4], [3, 4], [4, 4], [6, 7]]
  443,  [[0, 0], [0, 3], [0, 3], [1, 1], [1, 4], [1, 5], [2, 3], [3, 4], [4, 4], [4, 6]]
  444,  [[0, 0], [0, 3], [0, 3], [1, 1], [1, 4], [1, 5], [3, 4], [3, 6], [4, 4], [4, 7]]
  445,  [[0, 0], [0, 3], [0, 3], [1, 1], [1, 4], [1, 5], [3, 3], [3, 4], [4, 6], [4, 7]]
  446,  [[0, 0], [0, 3], [0, 3], [1, 1], [1, 4], [1, 5], [3, 3], [3, 4], [4, 4], [6, 6]]
  447,  [[0, 0], [0, 0], [0, 5], [1, 3], [1, 3], [1, 4], [2, 3], [3, 4], [4, 4], [4, 6]]
  448,  [[0, 0], [0, 0], [0, 5], [1, 1], [1, 3], [1, 3], [2, 3], [4, 4], [4, 4], [4, 6]]
  449,  [[0, 0], [0, 0], [0, 5], [1, 1], [1, 3], [1, 3], [2, 3], [3, 4], [4, 6], [4, 7]]
  450,  [[0, 0], [0, 0], [0, 5], [1, 1], [1, 3], [1, 3], [2, 3], [3, 4], [4, 4], [4, 4]]
  451,  [[0, 0], [0, 0], [0, 5], [1, 3], [1, 3], [1, 4], [3, 4], [3, 6], [4, 4], [4, 7]]
  452,  [[0, 0], [0, 0], [0, 5], [1, 1], [1, 3], [1, 3], [3, 6], [4, 4], [4, 4], [4, 7]]
  453,  [[0, 0], [0, 0], [0, 5], [1, 1], [1, 3], [1, 3], [3, 4], [4, 4], [4, 6], [7, 7]]
  454,  [[0, 0], [0, 0], [0, 5], [1, 1], [1, 3], [1, 3], [3, 4], [3, 6], [4, 4], [4, 4]]
  455,  [[0, 0], [0, 3], [0, 3], [1, 1], [1, 3], [1, 5], [3, 3], [4, 4], [4, 4], [4, 6]]
  456,  [[0, 0], [0, 0], [0, 5], [1, 1], [1, 3], [1, 3], [3, 3], [4, 4], [4, 6], [4, 7]]
  457,  [[0, 0], [0, 0], [0, 5], [1, 3], [1, 3], [1, 4], [3, 3], [3, 4], [4, 6], [4, 7]]
  458,  [[0, 0], [0, 3], [0, 3], [1, 1], [1, 3], [1, 5], [3, 4], [4, 4], [4, 6], [4, 7]]
  459,  [[0, 0], [0, 0], [0, 5], [1, 3], [1, 3], [1, 3], [3, 4], [4, 4], [4, 6], [4, 7]]
  460,  [[0, 0], [0, 3], [0, 3], [1, 1], [1, 4], [1, 5], [3, 4], [3, 4], [4, 6], [7, 7]]
  461,  [[0, 0], [0, 0], [0, 5], [1, 3], [1, 3], [1, 4], [3, 4], [3, 4], [4, 6], [7, 7]]
  462,  [[0, 0], [0, 0], [0, 5], [1, 1], [1, 3], [1, 3], [2, 6], [3, 4], [3, 4], [4, 7]]
  463,  [[0, 0], [0, 3], [0, 3], [1, 1], [1, 4], [1, 5], [2, 6], [3, 4], [3, 4], [4, 4]]
  464,  [[0, 0], [0, 3], [0, 3], [1, 1], [1, 4], [1, 5], [3, 4], [3, 4], [4, 4], [6, 7]]
  465,  [[0, 0], [0, 0], [0, 5], [1, 3], [1, 3], [1, 4], [2, 6], [3, 4], [3, 4], [4, 4]]
  466,  [[0, 0], [0, 0], [0, 5], [1, 1], [1, 3], [1, 3], [2, 6], [3, 4], [4, 4], [4, 4]]
  467,  [[0, 0], [0, 0], [0, 5], [1, 3], [1, 3], [1, 4], [3, 4], [3, 4], [4, 4], [6, 7]]
  468,  [[0, 0], [0, 0], [0, 3], [1, 1], [1, 1], [1, 5], [3, 4], [3, 4], [4, 4], [6, 7]]
  469,  [[0, 0], [0, 0], [0, 5], [1, 1], [1, 3], [1, 3], [3, 4], [4, 4], [4, 4], [6, 7]]
  470,  [[0, 0], [0, 0], [0, 3], [1, 1], [1, 4], [1, 4], [2, 3], [3, 3], [3, 5], [4, 4]]
  471,  [[0, 0], [0, 0], [0, 3], [1, 1], [1, 4], [1, 4], [2, 3], [3, 4], [3, 5], [4, 6]]
  472,  [[0, 0], [0, 3], [0, 3], [1, 1], [1, 4], [1, 5], [2, 4], [3, 3], [3, 6], [4, 7]]
  473,  [[0, 0], [0, 3], [0, 3], [1, 1], [1, 4], [1, 5], [2, 4], [3, 6], [4, 4], [4, 7]]
  474,  [[0, 0], [0, 3], [0, 3], [1, 1], [1, 4], [1, 5], [2, 4], [3, 4], [4, 6], [7, 7]]
  475,  [[0, 0], [0, 3], [0, 3], [1, 1], [1, 4], [1, 5], [2, 4], [3, 4], [3, 6], [4, 4]]
  476,  [[0, 0], [0, 3], [0, 3], [1, 1], [1, 4], [1, 5], [2, 4], [3, 4], [3, 6], [7, 7]]
  477,  [[0, 0], [0, 3], [0, 5], [1, 4], [1, 4], [1, 4], [2, 3], [3, 3], [3, 6], [4, 4]]
  478,  [[0, 0], [0, 3], [0, 3], [1, 3], [1, 4], [1, 5], [2, 4], [3, 3], [4, 4], [4, 6]]
  479,  [[0, 0], [0, 3], [0, 3], [1, 1], [1, 4], [1, 5], [2, 4], [3, 3], [4, 6], [4, 7]]
  480,  [[0, 0], [0, 3], [0, 3], [1, 1], [1, 4], [1, 5], [2, 4], [3, 3], [4, 4], [6, 6]]
  481,  [[0, 0], [0, 3], [0, 5], [1, 3], [1, 4], [1, 4], [2, 3], [3, 4], [4, 4], [6, 6]]
  482,  [[0, 0], [0, 3], [0, 3], [1, 4], [1, 4], [1, 5], [2, 4], [3, 3], [3, 4], [6, 6]]
  483,  [[0, 0], [0, 3], [0, 3], [1, 1], [1, 4], [1, 5], [2, 4], [3, 3], [3, 4], [6, 7]]
  484,  [[0, 0], [0, 0], [0, 5], [1, 3], [1, 3], [1, 4], [2, 4], [3, 3], [3, 6], [4, 7]]
  485,  [[0, 0], [0, 0], [0, 5], [1, 3], [1, 3], [1, 4], [2, 4], [3, 6], [4, 4], [4, 7]]
  486,  [[0, 0], [0, 0], [0, 5], [1, 3], [1, 3], [1, 4], [2, 4], [3, 4], [4, 6], [7, 7]]
  487,  [[0, 0], [0, 0], [0, 5], [1, 3], [1, 3], [1, 4], [2, 4], [3, 4], [3, 6], [4, 4]]
  488,  [[0, 0], [0, 0], [0, 5], [1, 3], [1, 3], [1, 4], [2, 4], [3, 4], [3, 6], [7, 7]]
  489,  [[0, 0], [0, 3], [0, 5], [1, 3], [1, 3], [1, 4], [2, 4], [3, 3], [4, 4], [4, 6]]
  490,  [[0, 0], [0, 0], [0, 5], [1, 3], [1, 3], [1, 4], [2, 4], [3, 3], [4, 6], [4, 7]]
  491,  [[0, 0], [0, 0], [0, 5], [1, 3], [1, 3], [1, 4], [2, 4], [3, 3], [4, 4], [6, 6]]
  492,  [[0, 0], [0, 3], [0, 3], [1, 1], [1, 3], [1, 5], [2, 4], [3, 6], [4, 4], [4, 7]]
  493,  [[0, 0], [0, 0], [0, 5], [1, 3], [1, 3], [1, 3], [2, 4], [3, 6], [4, 4], [4, 7]]
  494,  [[0, 0], [0, 0], [0, 5], [1, 1], [1, 3], [1, 3], [2, 4], [3, 6], [4, 4], [4, 4]]
  495,  [[0, 0], [0, 3], [0, 3], [1, 1], [1, 3], [1, 5], [2, 4], [3, 4], [4, 6], [7, 7]]
  496,  [[0, 0], [0, 0], [0, 5], [1, 3], [1, 3], [1, 3], [2, 4], [3, 4], [4, 6], [7, 7]]
  497,  [[0, 0], [0, 0], [0, 3], [1, 1], [1, 3], [1, 3], [2, 4], [3, 3], [4, 4], [4, 5]]
  498,  [[0, 0], [0, 3], [0, 3], [1, 1], [1, 3], [1, 5], [2, 4], [3, 3], [4, 6], [4, 7]]
  499,  [[0, 0], [0, 3], [0, 3], [1, 1], [1, 3], [1, 5], [2, 4], [3, 3], [4, 4], [4, 4]]
  500,  [[0, 0], [0, 0], [0, 5], [1, 3], [1, 3], [1, 3], [2, 4], [3, 3], [4, 6], [4, 7]]
  501,  [[0, 0], [0, 0], [0, 3], [1, 1], [1, 3], [1, 3], [2, 4], [3, 4], [4, 5], [4, 6]]
  502,  [[0, 0], [0, 0], [0, 3], [1, 1], [1, 3], [1, 3], [2, 4], [3, 4], [4, 4], [5, 5]]
  503,  [[0, 0], [0, 3], [0, 3], [1, 1], [1, 3], [1, 5], [2, 4], [4, 4], [4, 6], [4, 7]]
  504,  [[0, 0], [0, 3], [0, 5], [1, 3], [1, 3], [1, 4], [2, 4], [3, 4], [4, 4], [6, 6]]
  505,  [[0, 0], [0, 3], [0, 3], [1, 3], [1, 4], [1, 5], [2, 4], [3, 4], [4, 4], [6, 6]]
  506,  [[0, 0], [0, 3], [0, 3], [1, 1], [1, 3], [1, 5], [3, 4], [4, 4], [4, 4], [6, 6]]
  507,  [[0, 0], [0, 3], [0, 3], [1, 1], [1, 3], [1, 5], [2, 4], [4, 4], [4, 4], [6, 6]]
  508,  [[0, 0], [0, 3], [0, 3], [1, 1], [1, 3], [1, 5], [2, 4], [3, 4], [4, 4], [6, 7]]
  509,  [[0, 0], [0, 0], [0, 5], [1, 3], [1, 3], [1, 3], [2, 4], [4, 4], [4, 6], [4, 7]]
  510,  [[0, 0], [0, 3], [0, 5], [1, 4], [1, 4], [1, 4], [2, 3], [3, 3], [3, 4], [6, 6]]
  511,  [[0, 0], [0, 0], [0, 5], [1, 3], [1, 3], [1, 3], [2, 4], [3, 4], [4, 4], [6, 7]]
  512,  [[0, 0], [0, 3], [0, 3], [1, 1], [1, 4], [1, 5], [2, 4], [3, 4], [4, 4], [6, 7]]
  513,  [[0, 0], [0, 0], [0, 5], [1, 3], [1, 3], [1, 4], [2, 4], [3, 4], [4, 4], [6, 7]]
  514,  [[0, 0], [0, 0], [0, 3], [1, 1], [1, 4], [1, 4], [2, 3], [3, 4], [3, 4], [5, 6]]
  515,  [[0, 0], [0, 0], [0, 5], [1, 3], [1, 3], [1, 4], [2, 4], [3, 3], [3, 4], [6, 7]]
  516,  [[0, 2], [0, 3], [0, 3], [1, 4], [1, 5], [1, 6], [3, 3], [3, 4], [4, 4], [7, 7]]
  517,  [[0, 2], [0, 3], [0, 3], [1, 3], [1, 5], [1, 6], [3, 3], [4, 4], [4, 4], [4, 7]]
  518,  [[0, 2], [0, 3], [0, 3], [1, 5], [1, 6], [1, 7], [3, 3], [3, 4], [4, 4], [4, 4]]
  519,  [[0, 0], [0, 5], [0, 6], [1, 2], [1, 3], [1, 3], [3, 4], [3, 7], [4, 4], [4, 4]]
  520,  [[0, 2], [0, 3], [0, 3], [1, 3], [1, 5], [1, 6], [3, 4], [4, 4], [4, 4], [7, 7]]
  521,  [[0, 2], [0, 5], [0, 6], [1, 3], [1, 3], [1, 4], [3, 3], [3, 4], [4, 4], [7, 7]]
  522,  [[0, 2], [0, 5], [0, 6], [1, 3], [1, 3], [1, 3], [3, 3], [4, 4], [4, 4], [4, 7]]
  523,  [[0, 2], [0, 5], [0, 6], [1, 3], [1, 3], [1, 7], [3, 3], [3, 4], [4, 4], [4, 4]]
  524,  [[0, 0], [0, 3], [0, 3], [1, 2], [1, 5], [1, 6], [3, 4], [3, 7], [4, 4], [4, 4]]
  525,  [[0, 2], [0, 5], [0, 6], [1, 3], [1, 3], [1, 3], [3, 4], [4, 4], [4, 4], [7, 7]]
  526,  [[0, 0], [0, 5], [0, 6], [1, 3], [1, 3], [1, 4], [2, 3], [3, 3], [4, 4], [4, 7]]
  527,  [[0, 0], [0, 5], [0, 6], [1, 3], [1, 3], [1, 4], [3, 3], [4, 4], [4, 4], [7, 7]]
  528,  [[0, 0], [0, 5], [0, 6], [1, 3], [1, 3], [1, 4], [2, 7], [3, 3], [3, 4], [4, 4]]
  529,  [[0, 0], [0, 3], [0, 3], [1, 4], [1, 5], [1, 6], [2, 3], [3, 3], [4, 4], [4, 7]]
  530,  [[0, 0], [0, 3], [0, 3], [1, 4], [1, 5], [1, 6], [2, 3], [3, 4], [4, 4], [7, 7]]
  531,  [[0, 0], [0, 3], [0, 3], [1, 4], [1, 5], [1, 6], [3, 3], [4, 4], [4, 4], [7, 7]]
  532,  [[0, 0], [0, 3], [0, 3], [1, 4], [1, 5], [1, 6], [2, 7], [3, 3], [3, 4], [4, 4]]
  533,  [[0, 0], [0, 5], [0, 6], [1, 3], [1, 3], [1, 3], [2, 3], [4, 4], [4, 4], [4, 7]]
  534,  [[0, 0], [0, 3], [0, 3], [1, 3], [1, 5], [1, 6], [2, 3], [4, 4], [4, 4], [4, 7]]
  535,  [[0, 0], [0, 5], [0, 6], [1, 3], [1, 3], [1, 7], [2, 3], [3, 4], [4, 4], [4, 4]]
  536,  [[0, 0], [0, 3], [0, 3], [1, 5], [1, 6], [1, 7], [2, 3], [3, 4], [4, 4], [4, 4]]
  537,  [[0, 0], [0, 5], [0, 6], [1, 3], [1, 3], [1, 3], [2, 7], [3, 4], [4, 4], [4, 4]]
  538,  [[0, 0], [0, 3], [0, 3], [1, 3], [1, 5], [1, 6], [2, 7], [3, 4], [4, 4], [4, 4]]
  539,  [[0, 3], [0, 3], [0, 4], [1, 3], [1, 5], [1, 6], [2, 4], [3, 3], [4, 4], [7, 7]]
  540,  [[0, 3], [0, 3], [0, 4], [1, 4], [1, 5], [1, 6], [2, 4], [3, 3], [4, 4], [7, 7]]
  541,  [[0, 0], [0, 5], [0, 6], [1, 3], [1, 3], [1, 4], [2, 4], [3, 3], [3, 7], [4, 4]]
  542,  [[0, 3], [0, 3], [0, 3], [1, 4], [1, 5], [1, 6], [2, 4], [3, 3], [4, 4], [7, 7]]
  543,  [[0, 0], [0, 3], [0, 3], [1, 4], [1, 5], [1, 6], [2, 4], [3, 3], [3, 7], [4, 4]]
  544,  [[0, 3], [0, 3], [0, 3], [1, 5], [1, 6], [1, 7], [2, 4], [3, 3], [4, 4], [4, 4]]
  545,  [[0, 0], [0, 5], [0, 6], [1, 3], [1, 3], [1, 3], [2, 4], [3, 7], [4, 4], [4, 4]]
  546,  [[0, 3], [0, 3], [0, 5], [1, 3], [1, 6], [1, 7], [2, 4], [3, 3], [4, 4], [4, 4]]
  547,  [[0, 0], [0, 3], [0, 3], [1, 3], [1, 5], [1, 6], [2, 4], [3, 7], [4, 4], [4, 4]]
  548,  [[0, 3], [0, 3], [0, 3], [1, 3], [1, 5], [1, 6], [2, 4], [4, 4], [4, 4], [7, 7]]
  549,  [[0, 0], [0, 3], [0, 5], [1, 2], [1, 3], [1, 6], [3, 4], [3, 4], [4, 4], [4, 7]]
  550,  [[0, 0], [0, 3], [0, 5], [1, 1], [1, 3], [1, 6], [3, 3], [3, 4], [4, 4], [4, 7]]
  551,  [[0, 0], [0, 3], [0, 5], [1, 1], [1, 3], [1, 6], [3, 4], [3, 4], [4, 4], [7, 7]]
  552,  [[0, 0], [0, 3], [0, 5], [1, 3], [1, 4], [1, 6], [2, 4], [3, 3], [3, 4], [4, 7]]
  553,  [[0, 0], [0, 3], [0, 5], [1, 1], [1, 3], [1, 6], [2, 4], [3, 3], [4, 4], [4, 7]]
  554,  [[0, 0], [0, 3], [0, 5], [1, 1], [1, 3], [1, 6], [2, 4], [3, 3], [3, 4], [4, 4]]
  555,  [[0, 0], [0, 3], [0, 5], [1, 1], [1, 3], [1, 6], [2, 4], [3, 4], [4, 4], [7, 7]]
  556,  [[0, 0], [0, 3], [0, 5], [1, 3], [1, 4], [1, 6], [2, 4], [3, 4], [3, 4], [7, 7]]
  557,  [[0, 0], [0, 0], [0, 2], [1, 1], [1, 3], [1, 5], [3, 4], [3, 4], [4, 4], [4, 6]]
  558,  [[0, 0], [0, 0], [0, 3], [1, 1], [1, 2], [1, 3], [3, 4], [3, 4], [4, 4], [4, 5]]
  559,  [[0, 0], [0, 2], [0, 3], [1, 1], [1, 3], [1, 5], [3, 3], [3, 4], [4, 4], [4, 6]]
  560,  [[0, 0], [0, 2], [0, 3], [1, 1], [1, 3], [1, 5], [3, 4], [3, 4], [4, 6], [4, 7]]
  561,  [[0, 0], [0, 2], [0, 3], [1, 1], [1, 3], [1, 5], [3, 4], [3, 4], [4, 4], [6, 6]]
  562,  [[0, 0], [0, 0], [0, 3], [1, 2], [1, 3], [1, 5], [3, 3], [3, 4], [4, 4], [4, 6]]
  563,  [[0, 0], [0, 0], [0, 3], [1, 2], [1, 3], [1, 5], [3, 4], [3, 4], [4, 6], [4, 7]]
  564,  [[0, 0], [0, 0], [0, 3], [1, 2], [1, 3], [1, 5], [3, 4], [3, 4], [4, 4], [6, 6]]
  565,  [[0, 0], [0, 3], [0, 4], [1, 1], [1, 3], [1, 5], [3, 3], [3, 4], [4, 4], [4, 6]]
  566,  [[0, 0], [0, 0], [0, 3], [1, 1], [1, 3], [1, 5], [2, 3], [3, 4], [4, 4], [4, 6]]
  567,  [[0, 0], [0, 0], [0, 3], [1, 1], [1, 3], [1, 5], [3, 4], [3, 6], [4, 4], [4, 7]]
  568,  [[0, 0], [0, 0], [0, 3], [1, 1], [1, 3], [1, 5], [3, 3], [4, 4], [4, 4], [4, 6]]
  569,  [[0, 0], [0, 0], [0, 3], [1, 1], [1, 3], [1, 5], [3, 3], [3, 4], [4, 6], [4, 7]]
  570,  [[0, 0], [0, 0], [0, 3], [1, 1], [1, 1], [1, 3], [3, 4], [3, 4], [4, 5], [4, 6]]
  571,  [[0, 0], [0, 0], [0, 3], [1, 1], [1, 3], [1, 5], [3, 4], [4, 4], [4, 6], [4, 7]]
  572,  [[0, 0], [0, 0], [0, 3], [1, 1], [1, 3], [1, 5], [3, 4], [3, 4], [4, 6], [7, 7]]
  573,  [[0, 0], [0, 3], [0, 4], [1, 1], [1, 3], [1, 5], [3, 4], [3, 4], [4, 4], [6, 6]]
  574,  [[0, 0], [0, 0], [0, 3], [1, 1], [1, 3], [1, 5], [2, 6], [3, 4], [3, 4], [4, 4]]
  575,  [[0, 0], [0, 0], [0, 3], [1, 1], [1, 3], [1, 5], [3, 4], [3, 4], [4, 4], [6, 7]]
  576,  [[0, 0], [0, 0], [0, 3], [1, 1], [1, 4], [1, 5], [2, 3], [3, 4], [3, 6], [4, 4]]
  577,  [[0, 0], [0, 0], [0, 3], [1, 1], [1, 3], [1, 4], [2, 4], [3, 3], [3, 4], [4, 5]]
  578,  [[0, 0], [0, 3], [0, 4], [1, 1], [1, 3], [1, 5], [2, 4], [3, 4], [3, 6], [4, 7]]
  579,  [[0, 0], [0, 3], [0, 4], [1, 1], [1, 3], [1, 5], [2, 4], [3, 3], [4, 4], [4, 6]]
  580,  [[0, 0], [0, 3], [0, 4], [1, 1], [1, 3], [1, 5], [2, 4], [3, 3], [3, 4], [4, 4]]
  581,  [[0, 0], [0, 3], [0, 4], [1, 1], [1, 3], [1, 5], [2, 4], [3, 3], [3, 4], [6, 6]]
  582,  [[0, 0], [0, 0], [0, 3], [1, 3], [1, 4], [1, 5], [2, 4], [3, 4], [3, 6], [4, 7]]
  583,  [[0, 0], [0, 0], [0, 3], [1, 3], [1, 4], [1, 5], [2, 4], [3, 3], [4, 4], [4, 6]]
  584,  [[0, 0], [0, 0], [0, 3], [1, 1], [1, 1], [1, 3], [2, 4], [3, 4], [3, 5], [4, 6]]
  585,  [[0, 0], [0, 0], [0, 3], [1, 1], [1, 3], [1, 5], [2, 4], [3, 6], [4, 4], [4, 7]]
  586,  [[0, 0], [0, 0], [0, 3], [1, 1], [1, 3], [1, 5], [2, 4], [3, 4], [4, 6], [7, 7]]
  587,  [[0, 0], [0, 0], [0, 3], [1, 1], [1, 3], [1, 5], [2, 4], [3, 4], [3, 6], [4, 4]]
  588,  [[0, 0], [0, 0], [0, 3], [1, 3], [1, 3], [1, 5], [2, 4], [3, 3], [4, 4], [4, 6]]
  589,  [[0, 0], [0, 0], [0, 3], [1, 1], [1, 1], [1, 3], [2, 4], [3, 3], [4, 4], [4, 5]]
  590,  [[0, 0], [0, 0], [0, 3], [1, 1], [1, 3], [1, 5], [2, 4], [3, 3], [4, 6], [4, 7]]
  591,  [[0, 0], [0, 0], [0, 3], [1, 1], [1, 3], [1, 5], [2, 4], [3, 3], [4, 4], [4, 4]]
  592,  [[0, 0], [0, 0], [0, 3], [1, 3], [1, 3], [1, 5], [2, 4], [3, 4], [4, 6], [4, 7]]
  593,  [[0, 0], [0, 0], [0, 3], [1, 3], [1, 3], [1, 5], [2, 4], [3, 4], [4, 4], [6, 6]]
  594,  [[0, 0], [0, 0], [0, 3], [1, 1], [1, 1], [1, 3], [2, 4], [3, 4], [4, 5], [4, 6]]
  595,  [[0, 0], [0, 3], [0, 4], [1, 1], [1, 3], [1, 5], [2, 4], [3, 4], [4, 4], [6, 6]]
  596,  [[0, 0], [0, 0], [0, 3], [1, 1], [1, 3], [1, 5], [2, 4], [3, 4], [4, 4], [6, 7]]
  597,  [[0, 0], [0, 0], [0, 3], [1, 1], [1, 4], [1, 5], [2, 3], [3, 4], [3, 4], [6, 6]]
  598,  [[0, 0], [0, 0], [0, 3], [1, 1], [1, 3], [1, 4], [2, 4], [3, 4], [3, 4], [5, 5]]
  599,  [[0, 0], [0, 3], [0, 4], [1, 1], [1, 3], [1, 5], [2, 4], [3, 4], [3, 4], [6, 7]]
  600,  [[0, 0], [0, 0], [0, 3], [1, 3], [1, 4], [1, 5], [2, 4], [3, 4], [3, 4], [6, 7]]
  601,  [[0, 0], [0, 0], [0, 3], [1, 1], [1, 1], [1, 3], [2, 4], [3, 4], [3, 4], [5, 6]]
  602,  [[0, 0], [0, 0], [0, 2], [1, 3], [1, 5], [1, 6], [3, 3], [3, 4], [4, 4], [4, 7]]
  603,  [[0, 0], [0, 0], [0, 2], [1, 3], [1, 5], [1, 6], [3, 4], [3, 4], [3, 4], [4, 7]]
  604,  [[0, 0], [0, 0], [0, 2], [1, 3], [1, 5], [1, 6], [3, 4], [3, 4], [4, 4], [7, 7]]
  605,  [[0, 2], [0, 3], [0, 4], [1, 3], [1, 5], [1, 6], [3, 3], [3, 4], [4, 4], [4, 7]]
  606,  [[0, 0], [0, 2], [0, 3], [1, 3], [1, 5], [1, 6], [3, 3], [4, 4], [4, 4], [4, 7]]
  607,  [[0, 0], [0, 2], [0, 3], [1, 3], [1, 5], [1, 6], [3, 3], [3, 4], [4, 4], [4, 4]]
  608,  [[0, 2], [0, 3], [0, 4], [1, 3], [1, 5], [1, 6], [3, 4], [3, 4], [4, 4], [7, 7]]
  609,  [[0, 0], [0, 2], [0, 3], [1, 3], [1, 5], [1, 6], [3, 4], [4, 4], [4, 4], [7, 7]]
  610,  [[0, 0], [0, 0], [0, 3], [1, 4], [1, 5], [1, 6], [3, 3], [3, 4], [3, 7], [4, 4]]
  611,  [[0, 0], [0, 3], [0, 4], [1, 3], [1, 5], [1, 6], [2, 3], [3, 4], [4, 4], [4, 7]]
  612,  [[0, 0], [0, 3], [0, 4], [1, 3], [1, 5], [1, 6], [3, 3], [3, 4], [4, 4], [7, 7]]
  613,  [[0, 0], [0, 0], [0, 3], [1, 3], [1, 5], [1, 6], [2, 3], [4, 4], [4, 4], [4, 7]]
  614,  [[0, 0], [0, 0], [0, 3], [1, 3], [1, 5], [1, 6], [2, 3], [3, 4], [4, 4], [4, 4]]
  615,  [[0, 0], [0, 3], [0, 4], [1, 3], [1, 5], [1, 6], [2, 7], [3, 4], [3, 4], [4, 4]]
  616,  [[0, 0], [0, 0], [0, 3], [1, 3], [1, 5], [1, 6], [2, 7], [3, 4], [4, 4], [4, 4]]
  617,  [[0, 0], [0, 0], [0, 3], [1, 4], [1, 5], [1, 6], [2, 3], [3, 7], [4, 4], [4, 4]]
  618,  [[0, 0], [0, 0], [0, 3], [1, 4], [1, 5], [1, 6], [2, 3], [3, 3], [3, 4], [4, 4]]
  619,  [[0, 0], [0, 0], [0, 3], [1, 4], [1, 5], [1, 6], [2, 3], [3, 4], [4, 4], [7, 7]]
  620,  [[0, 0], [0, 3], [0, 4], [1, 3], [1, 5], [1, 6], [2, 4], [3, 3], [4, 4], [7, 7]]
  621,  [[0, 3], [0, 4], [0, 5], [1, 3], [1, 6], [1, 7], [2, 4], [3, 3], [3, 4], [4, 4]]
  622,  [[0, 0], [0, 3], [0, 4], [1, 3], [1, 5], [1, 6], [2, 4], [3, 4], [3, 7], [4, 4]]
  623,  [[0, 3], [0, 3], [0, 4], [1, 4], [1, 5], [1, 6], [2, 3], [3, 4], [4, 4], [7, 7]]
  624,  [[0, 0], [0, 3], [0, 5], [1, 3], [1, 6], [1, 7], [2, 4], [3, 3], [4, 4], [4, 4]]
  625,  [[0, 0], [0, 0], [0, 3], [1, 3], [1, 5], [1, 6], [2, 4], [3, 7], [4, 4], [4, 4]]
  626,  [[0, 0], [0, 0], [0, 5], [1, 3], [1, 6], [1, 7], [2, 4], [3, 3], [3, 4], [4, 4]]
  627,  [[0, 0], [0, 3], [0, 5], [1, 3], [1, 6], [1, 7], [3, 3], [3, 4], [4, 4], [4, 4]]
  628,  [[0, 0], [0, 0], [0, 3], [1, 3], [1, 5], [1, 6], [3, 4], [3, 7], [4, 4], [4, 4]]
  629,  [[0, 0], [0, 0], [0, 5], [1, 3], [1, 6], [1, 7], [2, 4], [3, 4], [3, 4], [3, 4]]
  630,  [[0, 0], [0, 0], [0, 3], [1, 4], [1, 5], [1, 6], [2, 3], [3, 4], [3, 4], [4, 7]]
  631,  [[0, 0], [0, 2], [0, 5], [1, 1], [1, 3], [1, 6], [3, 3], [3, 4], [4, 4], [4, 7]]
  632,  [[0, 0], [0, 2], [0, 5], [1, 1], [1, 3], [1, 6], [3, 4], [3, 4], [3, 4], [4, 7]]
  633,  [[0, 0], [0, 2], [0, 5], [1, 1], [1, 3], [1, 6], [3, 4], [3, 4], [4, 4], [7, 7]]
  634,  [[0, 0], [0, 0], [0, 5], [1, 2], [1, 3], [1, 6], [3, 3], [3, 4], [4, 4], [4, 7]]
  635,  [[0, 0], [0, 0], [0, 5], [1, 2], [1, 3], [1, 6], [3, 4], [3, 4], [3, 4], [4, 7]]
  636,  [[0, 0], [0, 0], [0, 5], [1, 2], [1, 3], [1, 6], [3, 4], [3, 4], [4, 4], [7, 7]]
  637,  [[0, 0], [0, 3], [0, 5], [1, 1], [1, 4], [1, 6], [3, 3], [3, 4], [3, 7], [4, 4]]
  638,  [[0, 0], [0, 0], [0, 5], [1, 3], [1, 4], [1, 6], [3, 3], [3, 4], [3, 7], [4, 4]]
  639,  [[0, 0], [0, 0], [0, 5], [1, 1], [1, 3], [1, 6], [2, 3], [3, 4], [4, 4], [4, 7]]
  640,  [[0, 0], [0, 0], [0, 5], [1, 1], [1, 3], [1, 6], [3, 3], [3, 4], [3, 4], [4, 7]]
  641,  [[0, 0], [0, 0], [0, 5], [1, 1], [1, 3], [1, 6], [3, 3], [3, 4], [4, 4], [4, 4]]
  642,  [[0, 0], [0, 0], [0, 5], [1, 1], [1, 1], [1, 6], [3, 4], [3, 4], [3, 4], [3, 7]]
  643,  [[0, 0], [0, 0], [0, 5], [1, 1], [1, 3], [1, 6], [3, 4], [3, 4], [3, 4], [4, 4]]
  644,  [[0, 0], [0, 0], [0, 5], [1, 1], [1, 3], [1, 6], [3, 4], [3, 4], [3, 4], [7, 7]]
  645,  [[0, 0], [0, 3], [0, 5], [1, 1], [1, 4], [1, 6], [3, 3], [3, 4], [3, 4], [7, 7]]
  646,  [[0, 0], [0, 0], [0, 5], [1, 1], [1, 3], [1, 6], [2, 7], [3, 4], [3, 4], [4, 4]]
  647,  [[0, 0], [0, 0], [0, 5], [1, 1], [1, 3], [1, 6], [3, 4], [3, 4], [3, 7], [4, 4]]
  648,  [[0, 0], [0, 3], [0, 5], [1, 1], [1, 4], [1, 6], [2, 3], [3, 7], [4, 4], [4, 4]]
  649,  [[0, 0], [0, 3], [0, 5], [1, 1], [1, 4], [1, 6], [2, 3], [3, 3], [3, 4], [4, 4]]
  650,  [[0, 0], [0, 3], [0, 5], [1, 1], [1, 4], [1, 6], [2, 3], [3, 4], [4, 4], [7, 7]]
  651,  [[0, 0], [0, 0], [0, 5], [1, 3], [1, 4], [1, 6], [2, 3], [3, 7], [4, 4], [4, 4]]
  652,  [[0, 0], [0, 0], [0, 5], [1, 3], [1, 4], [1, 6], [2, 3], [3, 3], [3, 4], [4, 4]]
  653,  [[0, 0], [0, 0], [0, 5], [1, 3], [1, 4], [1, 6], [2, 3], [3, 4], [4, 4], [7, 7]]
  654,  [[0, 0], [0, 0], [0, 5], [1, 1], [1, 3], [1, 6], [2, 4], [3, 4], [3, 7], [4, 4]]
  655,  [[0, 0], [0, 0], [0, 5], [1, 1], [1, 3], [1, 6], [2, 4], [3, 3], [3, 4], [3, 4]]
  656,  [[0, 0], [0, 0], [0, 5], [1, 1], [1, 1], [1, 6], [2, 3], [3, 4], [3, 4], [3, 4]]
  657,  [[0, 0], [0, 3], [0, 5], [1, 1], [1, 4], [1, 6], [2, 3], [3, 4], [3, 4], [4, 7]]
  658,  [[0, 0], [0, 0], [0, 5], [1, 3], [1, 4], [1, 6], [2, 3], [3, 4], [3, 4], [4, 7]]
  659,  [[0, 0], [0, 0], [0, 5], [1, 1], [1, 1], [1, 6], [2, 3], [3, 4], [3, 4], [4, 7]]
  660,  [[0, 0], [0, 2], [0, 5], [1, 1], [1, 3], [1, 4], [3, 3], [3, 4], [3, 6], [4, 4]]
  661,  [[0, 0], [0, 0], [0, 5], [1, 2], [1, 3], [1, 4], [3, 3], [3, 4], [3, 6], [4, 4]]
  662,  [[0, 0], [0, 0], [0, 5], [1, 1], [1, 3], [1, 4], [3, 3], [3, 4], [3, 4], [4, 6]]
  663,  [[0, 0], [0, 0], [0, 5], [1, 1], [1, 3], [1, 4], [3, 3], [3, 4], [4, 6], [4, 7]]
  664,  [[0, 0], [0, 0], [0, 5], [1, 1], [1, 3], [1, 4], [3, 3], [3, 3], [4, 4], [4, 6]]
  665,  [[0, 0], [0, 0], [0, 5], [1, 1], [1, 3], [1, 4], [3, 3], [3, 4], [4, 4], [6, 6]]
  666,  [[0, 0], [0, 0], [0, 5], [1, 1], [1, 3], [1, 4], [2, 3], [3, 4], [4, 4], [4, 6]]
  667,  [[0, 0], [0, 0], [0, 5], [1, 1], [1, 3], [1, 4], [3, 3], [3, 4], [3, 6], [4, 7]]
  668,  [[0, 0], [0, 3], [0, 4], [1, 1], [1, 3], [1, 5], [2, 3], [3, 6], [4, 4], [4, 4]]
  669,  [[0, 0], [0, 0], [0, 5], [1, 3], [1, 3], [1, 4], [2, 3], [3, 6], [4, 4], [4, 4]]
  670,  [[0, 0], [0, 0], [0, 5], [1, 1], [1, 3], [1, 4], [2, 3], [3, 3], [4, 4], [4, 4]]
  671,  [[0, 0], [0, 0], [0, 5], [1, 1], [1, 3], [1, 4], [2, 3], [3, 6], [4, 4], [4, 7]]
  672,  [[0, 0], [0, 0], [0, 5], [1, 1], [1, 3], [1, 4], [2, 3], [3, 4], [3, 4], [4, 4]]
  673,  [[0, 0], [0, 0], [0, 5], [1, 1], [1, 3], [1, 4], [2, 3], [3, 3], [3, 4], [4, 6]]
  674,  [[0, 0], [0, 3], [0, 4], [1, 1], [1, 3], [1, 5], [2, 3], [3, 4], [4, 4], [6, 6]]
  675,  [[0, 0], [0, 0], [0, 5], [1, 3], [1, 3], [1, 4], [2, 3], [3, 4], [4, 4], [6, 6]]
  676,  [[0, 0], [0, 0], [0, 5], [1, 1], [1, 3], [1, 4], [2, 3], [3, 4], [4, 6], [7, 7]]
  677,  [[0, 0], [0, 0], [0, 5], [1, 1], [1, 3], [1, 4], [2, 3], [3, 4], [4, 4], [6, 7]]
  678,  [[0, 0], [0, 0], [0, 3], [1, 1], [1, 1], [1, 4], [2, 3], [3, 4], [3, 5], [4, 6]]
  679,  [[0, 0], [0, 2], [0, 3], [1, 1], [1, 4], [1, 5], [3, 3], [3, 4], [4, 4], [4, 6]]
  680,  [[0, 0], [0, 0], [0, 3], [1, 2], [1, 4], [1, 5], [3, 3], [3, 4], [4, 4], [4, 6]]
  681,  [[0, 0], [0, 0], [0, 3], [1, 1], [1, 4], [1, 5], [2, 3], [3, 4], [4, 4], [4, 6]]
  682,  [[0, 0], [0, 0], [0, 3], [1, 1], [1, 4], [1, 5], [3, 4], [3, 6], [4, 4], [4, 7]]
  683,  [[0, 0], [0, 0], [0, 3], [1, 1], [1, 4], [1, 5], [3, 3], [3, 3], [4, 4], [4, 6]]
  684,  [[0, 0], [0, 0], [0, 3], [1, 1], [1, 4], [1, 5], [3, 3], [3, 4], [3, 4], [4, 6]]
  685,  [[0, 0], [0, 0], [0, 3], [1, 1], [1, 4], [1, 5], [3, 3], [3, 4], [4, 6], [4, 7]]
  686,  [[0, 0], [0, 0], [0, 3], [1, 1], [1, 4], [1, 5], [3, 3], [3, 4], [4, 4], [6, 6]]
  687,  [[0, 0], [0, 0], [0, 3], [1, 1], [1, 4], [1, 5], [2, 4], [3, 3], [3, 6], [4, 7]]
  688,  [[0, 0], [0, 0], [0, 3], [1, 1], [1, 4], [1, 5], [2, 4], [3, 4], [3, 6], [4, 4]]
  689,  [[0, 0], [0, 0], [0, 3], [1, 1], [1, 4], [1, 5], [2, 4], [3, 4], [3, 6], [7, 7]]
  690,  [[0, 0], [0, 0], [0, 3], [1, 4], [1, 4], [1, 5], [2, 4], [3, 3], [3, 3], [4, 6]]
  691,  [[0, 0], [0, 0], [0, 3], [1, 1], [1, 4], [1, 5], [2, 4], [3, 3], [3, 3], [4, 4]]
  692,  [[0, 0], [0, 0], [0, 3], [1, 1], [1, 4], [1, 5], [2, 4], [3, 3], [3, 4], [3, 4]]
  693,  [[0, 0], [0, 0], [0, 3], [1, 4], [1, 4], [1, 5], [2, 4], [3, 3], [3, 4], [6, 6]]
  694,  [[0, 0], [0, 0], [0, 3], [1, 1], [1, 4], [1, 5], [2, 4], [3, 3], [3, 4], [3, 6]]
  695,  [[0, 0], [0, 0], [0, 3], [1, 1], [1, 4], [1, 5], [2, 4], [3, 3], [3, 4], [6, 7]]
  696,  [[0, 0], [0, 0], [0, 5], [1, 1], [1, 2], [1, 3], [3, 4], [3, 6], [4, 4], [4, 7]]
  697,  [[0, 0], [0, 0], [0, 5], [1, 1], [1, 2], [1, 3], [3, 3], [3, 4], [3, 4], [4, 6]]
  698,  [[0, 0], [0, 0], [0, 5], [1, 1], [1, 2], [1, 3], [3, 3], [3, 4], [4, 6], [4, 7]]
  699,  [[0, 0], [0, 0], [0, 5], [1, 1], [1, 2], [1, 3], [3, 3], [3, 4], [4, 4], [4, 4]]
  700,  [[0, 0], [0, 0], [0, 2], [1, 1], [1, 1], [1, 3], [3, 3], [3, 4], [4, 4], [4, 5]]
  701,  [[0, 0], [0, 0], [0, 3], [1, 1], [1, 2], [1, 5], [3, 4], [3, 6], [4, 4], [4, 7]]
  702,  [[0, 0], [0, 0], [0, 3], [1, 1], [1, 2], [1, 5], [3, 3], [3, 4], [3, 4], [4, 6]]
  703,  [[0, 0], [0, 0], [0, 3], [1, 1], [1, 2], [1, 5], [3, 3], [3, 4], [4, 6], [4, 7]]
  704,  [[0, 0], [0, 0], [0, 3], [1, 1], [1, 2], [1, 5], [3, 3], [3, 4], [4, 4], [4, 4]]
  705,  [[0, 0], [0, 0], [0, 3], [1, 1], [1, 1], [1, 5], [2, 3], [3, 4], [3, 4], [4, 6]]
  706,  [[0, 0], [0, 0], [0, 3], [1, 1], [1, 1], [1, 5], [2, 3], [3, 4], [4, 6], [4, 7]]
  707,  [[0, 0], [0, 0], [0, 3], [1, 1], [1, 1], [1, 5], [3, 4], [3, 4], [3, 6], [4, 7]]
  708,  [[0, 0], [0, 0], [0, 2], [1, 1], [1, 1], [1, 5], [3, 4], [3, 4], [3, 4], [3, 6]]
  709,  [[0, 0], [0, 0], [0, 5], [1, 1], [1, 2], [1, 3], [3, 4], [3, 4], [3, 4], [4, 4]]
  710,  [[0, 0], [0, 0], [0, 5], [1, 1], [1, 2], [1, 3], [3, 4], [3, 4], [3, 4], [6, 6]]
  711,  [[0, 0], [0, 0], [0, 5], [1, 1], [1, 2], [1, 3], [3, 4], [3, 4], [4, 6], [7, 7]]
  712,  [[0, 0], [0, 2], [0, 3], [1, 1], [1, 4], [1, 5], [3, 4], [3, 4], [4, 4], [6, 6]]
  713,  [[0, 0], [0, 0], [0, 5], [1, 1], [1, 2], [1, 3], [3, 4], [3, 4], [3, 6], [4, 4]]
  714,  [[0, 0], [0, 0], [0, 5], [1, 1], [1, 2], [1, 3], [3, 4], [3, 4], [4, 4], [6, 7]]
  715,  [[0, 0], [0, 5], [0, 6], [1, 2], [1, 3], [1, 4], [3, 3], [3, 4], [3, 4], [4, 7]]
  716,  [[0, 0], [0, 5], [0, 6], [1, 2], [1, 3], [1, 4], [3, 3], [3, 3], [4, 4], [4, 7]]
  717,  [[0, 0], [0, 5], [0, 6], [1, 2], [1, 3], [1, 4], [3, 3], [3, 4], [4, 4], [7, 7]]
  718,  [[0, 0], [0, 2], [0, 3], [1, 4], [1, 5], [1, 6], [3, 3], [3, 3], [4, 4], [4, 7]]
  719,  [[0, 0], [0, 2], [0, 3], [1, 4], [1, 5], [1, 6], [3, 3], [3, 4], [3, 4], [4, 7]]
  720,  [[0, 0], [0, 2], [0, 3], [1, 4], [1, 5], [1, 6], [3, 3], [3, 4], [4, 4], [7, 7]]
  721,  [[0, 0], [0, 0], [0, 2], [1, 1], [1, 5], [1, 6], [3, 3], [3, 4], [3, 4], [4, 7]]
  722,  [[0, 0], [0, 2], [0, 3], [1, 1], [1, 5], [1, 6], [3, 3], [3, 4], [3, 4], [4, 4]]
  723,  [[0, 0], [0, 5], [0, 6], [1, 2], [1, 3], [1, 7], [3, 3], [3, 4], [4, 4], [4, 4]]
  724,  [[0, 0], [0, 2], [0, 3], [1, 5], [1, 6], [1, 7], [3, 3], [3, 4], [4, 4], [4, 4]]
  725,  [[0, 0], [0, 2], [0, 3], [1, 1], [1, 5], [1, 6], [3, 4], [3, 7], [4, 4], [4, 4]]
  726,  [[0, 0], [0, 0], [0, 2], [1, 1], [1, 5], [1, 6], [3, 3], [3, 4], [3, 4], [3, 4]]
  727,  [[0, 0], [0, 0], [0, 2], [1, 1], [1, 5], [1, 6], [3, 4], [3, 4], [3, 4], [7, 7]]
  728,  [[0, 0], [0, 5], [0, 6], [1, 2], [1, 3], [1, 7], [3, 4], [3, 4], [3, 4], [4, 4]]
  729,  [[0, 0], [0, 2], [0, 3], [1, 5], [1, 6], [1, 7], [3, 4], [3, 4], [3, 4], [4, 4]]
  730,  [[0, 0], [0, 5], [0, 6], [1, 2], [1, 3], [1, 4], [3, 4], [3, 4], [3, 4], [7, 7]]
  731,  [[0, 0], [0, 2], [0, 3], [1, 4], [1, 5], [1, 6], [3, 4], [3, 4], [3, 4], [7, 7]]
  732,  [[0, 0], [0, 2], [0, 3], [1, 4], [1, 5], [1, 6], [3, 4], [3, 4], [3, 7], [4, 4]]
  733,  [[0, 0], [0, 0], [0, 2], [1, 1], [1, 1], [1, 3], [3, 4], [3, 4], [3, 4], [4, 5]]
  734,  [[0, 0], [0, 0], [0, 3], [1, 1], [1, 2], [1, 5], [3, 4], [3, 4], [3, 4], [4, 4]]
  735,  [[0, 0], [0, 0], [0, 3], [1, 1], [1, 2], [1, 5], [3, 4], [3, 4], [3, 4], [6, 6]]
  736,  [[0, 0], [0, 0], [0, 2], [1, 1], [1, 1], [1, 3], [3, 4], [3, 4], [4, 5], [4, 6]]
  737,  [[0, 0], [0, 0], [0, 3], [1, 1], [1, 2], [1, 5], [3, 4], [3, 4], [4, 6], [7, 7]]
  738,  [[0, 0], [0, 2], [0, 5], [1, 1], [1, 3], [1, 4], [3, 3], [3, 4], [3, 4], [6, 6]]
  739,  [[0, 0], [0, 0], [0, 3], [1, 1], [1, 2], [1, 5], [3, 4], [3, 4], [3, 6], [4, 4]]
  740,  [[0, 0], [0, 0], [0, 3], [1, 1], [1, 2], [1, 5], [3, 4], [3, 4], [4, 4], [6, 7]]
  741,  [[0, 0], [0, 3], [0, 4], [1, 2], [1, 5], [1, 6], [3, 3], [3, 4], [3, 4], [4, 7]]
  742,  [[0, 0], [0, 3], [0, 4], [1, 2], [1, 5], [1, 6], [3, 3], [3, 3], [4, 4], [4, 7]]
  743,  [[0, 0], [0, 3], [0, 4], [1, 2], [1, 5], [1, 6], [3, 3], [3, 4], [4, 4], [7, 7]]
  744,  [[0, 0], [0, 0], [0, 3], [1, 2], [1, 5], [1, 6], [3, 3], [3, 4], [3, 4], [4, 4]]
  745,  [[0, 0], [0, 3], [0, 5], [1, 2], [1, 6], [1, 7], [3, 3], [3, 4], [4, 4], [4, 4]]
  746,  [[0, 0], [0, 0], [0, 3], [1, 2], [1, 5], [1, 6], [3, 4], [3, 7], [4, 4], [4, 4]]
  747,  [[0, 0], [0, 3], [0, 5], [1, 2], [1, 6], [1, 7], [3, 4], [3, 4], [3, 4], [4, 4]]
  748,  [[0, 0], [0, 3], [0, 4], [1, 2], [1, 5], [1, 6], [3, 4], [3, 4], [3, 4], [7, 7]]
  749,  [[0, 0], [0, 3], [0, 4], [1, 1], [1, 5], [1, 6], [3, 3], [3, 4], [3, 4], [4, 4]]
  750,  [[0, 0], [0, 5], [0, 6], [1, 3], [1, 3], [1, 4], [3, 3], [3, 7], [4, 4], [4, 4]]
  751,  [[0, 0], [0, 3], [0, 4], [1, 3], [1, 5], [1, 6], [3, 3], [3, 7], [4, 4], [4, 4]]
  752,  [[0, 0], [0, 3], [0, 4], [1, 1], [1, 5], [1, 6], [2, 3], [3, 3], [4, 4], [4, 7]]
  753,  [[0, 0], [0, 3], [0, 4], [1, 1], [1, 5], [1, 6], [3, 3], [3, 3], [4, 4], [4, 4]]
  754,  [[0, 0], [0, 3], [0, 4], [1, 1], [1, 5], [1, 6], [2, 7], [3, 3], [3, 4], [4, 4]]
  755,  [[0, 0], [0, 0], [0, 3], [1, 4], [1, 5], [1, 6], [2, 3], [3, 3], [4, 4], [4, 7]]
  756,  [[0, 0], [0, 0], [0, 3], [1, 4], [1, 5], [1, 6], [2, 7], [3, 3], [3, 4], [4, 4]]
  757,  [[0, 0], [0, 0], [0, 3], [1, 1], [1, 5], [1, 6], [2, 3], [3, 4], [3, 4], [4, 4]]
  758,  [[0, 0], [0, 3], [0, 5], [1, 1], [1, 6], [1, 7], [2, 3], [3, 4], [4, 4], [4, 4]]
  759,  [[0, 0], [0, 0], [0, 3], [1, 5], [1, 6], [1, 7], [2, 3], [3, 4], [4, 4], [4, 4]]
  760,  [[0, 0], [0, 3], [0, 5], [1, 1], [1, 6], [1, 7], [3, 3], [3, 4], [3, 4], [4, 4]]
  761,  [[0, 0], [0, 0], [0, 3], [1, 5], [1, 6], [1, 7], [3, 3], [3, 4], [3, 4], [4, 4]]
  762,  [[0, 0], [0, 0], [0, 5], [1, 1], [1, 6], [1, 7], [3, 3], [3, 4], [3, 4], [3, 4]]
  763,  [[0, 0], [0, 0], [0, 5], [1, 1], [1, 3], [1, 4], [3, 4], [3, 4], [3, 4], [6, 6]]
  764,  [[0, 0], [0, 3], [0, 4], [1, 1], [1, 5], [1, 6], [2, 7], [3, 4], [3, 4], [3, 4]]
  765,  [[0, 0], [0, 0], [0, 3], [1, 1], [1, 4], [1, 5], [3, 4], [3, 4], [3, 4], [6, 6]]
  766,  [[0, 0], [0, 0], [0, 3], [1, 4], [1, 5], [1, 6], [2, 7], [3, 4], [3, 4], [3, 4]]
  767,  [[0, 0], [0, 0], [0, 3], [1, 1], [1, 1], [1, 5], [2, 6], [3, 4], [3, 4], [3, 4]]
  768,  [[0, 0], [0, 0], [0, 5], [1, 1], [1, 3], [1, 4], [2, 6], [3, 3], [3, 4], [3, 4]]
  769,  [[0, 0], [0, 0], [0, 3], [1, 1], [1, 4], [1, 5], [2, 6], [3, 4], [3, 4], [4, 4]]
  770,  [[0, 0], [0, 0], [0, 3], [1, 1], [1, 1], [1, 5], [2, 6], [3, 4], [3, 4], [4, 7]]
  771,  [[0, 0], [0, 0], [0, 3], [1, 1], [1, 4], [1, 5], [3, 4], [3, 4], [3, 6], [4, 4]]
  772,  [[0, 0], [0, 5], [0, 6], [1, 3], [1, 3], [1, 4], [2, 3], [3, 3], [4, 4], [4, 4]]
  773,  [[0, 0], [0, 5], [0, 6], [1, 3], [1, 3], [1, 4], [2, 3], [4, 4], [4, 4], [7, 7]]
  774,  [[0, 0], [0, 3], [0, 4], [1, 3], [1, 5], [1, 6], [2, 3], [3, 3], [4, 4], [4, 4]]
  775,  [[0, 0], [0, 3], [0, 4], [1, 3], [1, 5], [1, 6], [2, 3], [4, 4], [4, 4], [7, 7]]
  776,  [[0, 0], [0, 5], [0, 6], [1, 3], [1, 4], [1, 7], [2, 3], [3, 3], [4, 4], [4, 4]]
  777,  [[0, 0], [0, 3], [0, 4], [1, 5], [1, 6], [1, 7], [2, 3], [3, 3], [4, 4], [4, 4]]
  778,  [[0, 0], [0, 5], [0, 6], [1, 3], [1, 4], [1, 7], [2, 3], [3, 4], [3, 4], [4, 4]]
  779,  [[0, 0], [0, 3], [0, 4], [1, 5], [1, 6], [1, 7], [2, 3], [3, 4], [3, 4], [4, 4]]
  780,  [[0, 0], [0, 3], [0, 5], [1, 4], [1, 6], [1, 7], [2, 4], [3, 3], [3, 3], [4, 4]]
  781,  [[0, 0], [0, 0], [0, 3], [1, 4], [1, 5], [1, 6], [2, 4], [3, 3], [3, 7], [4, 4]]
  782,  [[0, 0], [0, 3], [0, 5], [1, 4], [1, 6], [1, 7], [2, 4], [3, 3], [3, 4], [3, 4]]
  783,  [[0, 0], [0, 0], [0, 5], [1, 1], [1, 6], [1, 7], [2, 3], [3, 4], [3, 4], [4, 4]]
  784,  [[0, 0], [0, 0], [0, 5], [1, 1], [1, 3], [1, 4], [3, 3], [3, 4], [3, 4], [6, 7]]
  785,  [[0, 0], [0, 0], [0, 3], [1, 1], [1, 1], [1, 4], [2, 3], [3, 4], [3, 4], [4, 5]]
  786,  [[0, 0], [0, 0], [0, 3], [1, 1], [1, 1], [1, 4], [2, 3], [3, 4], [3, 4], [5, 6]]
  787,  [[0, 0], [0, 0], [0, 3], [1, 1], [1, 4], [1, 5], [3, 4], [3, 4], [4, 4], [6, 7]]
  788,  [[0, 0], [0, 0], [0, 2], [1, 3], [1, 3], [1, 5], [3, 3], [3, 4], [4, 4], [4, 6]]
  789,  [[0, 0], [0, 0], [0, 2], [1, 3], [1, 3], [1, 5], [3, 4], [3, 4], [4, 6], [4, 7]]
  790,  [[0, 0], [0, 0], [0, 2], [1, 3], [1, 3], [1, 5], [3, 4], [3, 4], [4, 4], [6, 6]]
  791,  [[0, 2], [0, 3], [0, 5], [1, 4], [1, 4], [1, 6], [3, 3], [3, 4], [3, 7], [4, 4]]
  792,  [[0, 0], [0, 2], [0, 5], [1, 3], [1, 3], [1, 6], [3, 3], [4, 4], [4, 4], [4, 7]]
  793,  [[0, 0], [0, 2], [0, 5], [1, 3], [1, 3], [1, 6], [3, 3], [3, 4], [4, 4], [4, 4]]
  794,  [[0, 2], [0, 3], [0, 5], [1, 4], [1, 4], [1, 6], [3, 3], [3, 4], [3, 4], [7, 7]]
  795,  [[0, 0], [0, 2], [0, 5], [1, 3], [1, 3], [1, 6], [3, 4], [4, 4], [4, 4], [7, 7]]
  796,  [[0, 0], [0, 3], [0, 5], [1, 4], [1, 4], [1, 6], [3, 3], [3, 4], [4, 4], [7, 7]]
  797,  [[0, 0], [0, 3], [0, 5], [1, 4], [1, 4], [1, 6], [2, 4], [3, 3], [3, 4], [3, 7]]
  798,  [[0, 0], [0, 0], [0, 5], [1, 3], [1, 3], [1, 6], [2, 3], [4, 4], [4, 4], [4, 7]]
  799,  [[0, 0], [0, 0], [0, 5], [1, 3], [1, 3], [1, 6], [2, 3], [3, 4], [4, 4], [4, 4]]
  800,  [[0, 0], [0, 3], [0, 5], [1, 3], [1, 3], [1, 6], [3, 3], [4, 4], [4, 4], [4, 7]]
  801,  [[0, 0], [0, 3], [0, 5], [1, 4], [1, 4], [1, 6], [2, 7], [3, 3], [3, 4], [3, 4]]
  802,  [[0, 0], [0, 0], [0, 5], [1, 3], [1, 3], [1, 6], [2, 7], [3, 4], [4, 4], [4, 4]]
  803,  [[0, 0], [0, 0], [0, 3], [1, 4], [1, 4], [1, 5], [2, 3], [3, 3], [3, 6], [4, 4]]
  804,  [[0, 0], [0, 0], [0, 3], [1, 4], [1, 4], [1, 5], [2, 3], [3, 4], [3, 6], [4, 7]]
  805,  [[0, 3], [0, 3], [0, 5], [1, 3], [1, 4], [1, 6], [2, 4], [3, 3], [4, 4], [4, 7]]
  806,  [[0, 0], [0, 3], [0, 5], [1, 4], [1, 4], [1, 6], [2, 3], [3, 3], [4, 4], [7, 7]]
  807,  [[0, 0], [0, 3], [0, 5], [1, 4], [1, 4], [1, 6], [2, 3], [3, 3], [3, 4], [4, 7]]
  808,  [[0, 3], [0, 3], [0, 5], [1, 4], [1, 4], [1, 6], [2, 3], [3, 4], [4, 4], [7, 7]]
  809,  [[0, 0], [0, 3], [0, 5], [1, 3], [1, 3], [1, 6], [2, 4], [3, 3], [4, 4], [4, 4]]
  810,  [[0, 0], [0, 0], [0, 5], [1, 3], [1, 3], [1, 6], [2, 4], [3, 7], [4, 4], [4, 4]]
  811,  [[0, 0], [0, 0], [0, 5], [1, 3], [1, 3], [1, 6], [3, 4], [3, 7], [4, 4], [4, 4]]
  812,  [[0, 3], [0, 3], [0, 5], [1, 3], [1, 4], [1, 6], [2, 4], [3, 4], [4, 4], [7, 7]]
  813,  [[0, 0], [0, 3], [0, 5], [1, 3], [1, 3], [1, 6], [3, 4], [4, 4], [4, 4], [7, 7]]
  814,  [[0, 0], [0, 3], [0, 5], [1, 3], [1, 3], [1, 6], [2, 4], [4, 4], [4, 4], [7, 7]]
  815,  [[0, 0], [0, 0], [0, 3], [1, 4], [1, 4], [1, 5], [2, 3], [3, 4], [3, 4], [6, 7]]
  816,  [[0, 0], [0, 2], [0, 3], [1, 1], [1, 4], [1, 4], [3, 3], [3, 4], [3, 5], [4, 4]]
  817,  [[0, 0], [0, 0], [0, 2], [1, 1], [1, 3], [1, 3], [3, 4], [3, 5], [4, 4], [4, 6]]
  818,  [[0, 0], [0, 0], [0, 2], [1, 1], [1, 3], [1, 3], [3, 3], [4, 4], [4, 4], [4, 5]]
  819,  [[0, 0], [0, 0], [0, 2], [1, 1], [1, 3], [1, 3], [3, 3], [3, 4], [4, 5], [4, 6]]
  820,  [[0, 0], [0, 0], [0, 2], [1, 1], [1, 3], [1, 3], [3, 4], [4, 4], [4, 5], [4, 6]]
  821,  [[0, 0], [0, 0], [0, 2], [1, 1], [1, 3], [1, 3], [3, 4], [3, 4], [4, 5], [6, 6]]
  822,  [[0, 0], [0, 2], [0, 3], [1, 1], [1, 4], [1, 4], [3, 3], [3, 4], [3, 4], [5, 5]]
  823,  [[0, 0], [0, 0], [0, 2], [1, 1], [1, 3], [1, 3], [3, 4], [3, 4], [4, 4], [5, 6]]
  824,  [[0, 0], [0, 3], [0, 3], [1, 2], [1, 4], [1, 5], [3, 4], [3, 6], [4, 4], [4, 7]]
  825,  [[0, 0], [0, 3], [0, 3], [1, 2], [1, 4], [1, 5], [3, 3], [3, 4], [4, 6], [4, 7]]
  826,  [[0, 0], [0, 3], [0, 3], [1, 2], [1, 4], [1, 5], [3, 3], [3, 4], [4, 4], [6, 6]]
  827,  [[0, 0], [0, 2], [0, 5], [1, 3], [1, 3], [1, 4], [3, 4], [3, 6], [4, 4], [4, 7]]
  828,  [[0, 0], [0, 2], [0, 5], [1, 3], [1, 3], [1, 4], [3, 3], [3, 4], [4, 6], [4, 7]]
  829,  [[0, 0], [0, 2], [0, 5], [1, 3], [1, 3], [1, 4], [3, 3], [3, 4], [4, 4], [6, 6]]
  830,  [[0, 0], [0, 2], [0, 5], [1, 1], [1, 3], [1, 3], [3, 6], [4, 4], [4, 4], [4, 7]]
  831,  [[0, 0], [0, 2], [0, 5], [1, 1], [1, 3], [1, 3], [3, 4], [4, 4], [4, 6], [7, 7]]
  832,  [[0, 0], [0, 2], [0, 5], [1, 1], [1, 3], [1, 3], [3, 4], [3, 6], [4, 4], [4, 4]]
  833,  [[0, 0], [0, 3], [0, 3], [1, 2], [1, 3], [1, 5], [3, 3], [4, 4], [4, 4], [4, 6]]
  834,  [[0, 0], [0, 2], [0, 5], [1, 3], [1, 3], [1, 3], [3, 3], [4, 4], [4, 4], [4, 6]]
  835,  [[0, 0], [0, 2], [0, 5], [1, 1], [1, 3], [1, 3], [3, 3], [4, 4], [4, 6], [4, 7]]
  836,  [[0, 0], [0, 3], [0, 3], [1, 2], [1, 3], [1, 5], [3, 4], [4, 4], [4, 6], [4, 7]]
  837,  [[0, 0], [0, 2], [0, 5], [1, 3], [1, 3], [1, 3], [3, 4], [4, 4], [4, 6], [4, 7]]
  838,  [[0, 0], [0, 3], [0, 3], [1, 2], [1, 4], [1, 5], [3, 4], [3, 4], [4, 6], [7, 7]]
  839,  [[0, 0], [0, 2], [0, 5], [1, 3], [1, 3], [1, 4], [3, 4], [3, 4], [4, 6], [7, 7]]
  840,  [[0, 0], [0, 3], [0, 3], [1, 2], [1, 4], [1, 5], [3, 4], [3, 4], [4, 4], [6, 7]]
  841,  [[0, 0], [0, 2], [0, 5], [1, 3], [1, 3], [1, 4], [3, 4], [3, 4], [4, 4], [6, 7]]
  842,  [[0, 0], [0, 3], [0, 3], [1, 2], [1, 3], [1, 5], [3, 4], [4, 4], [4, 4], [6, 6]]
  843,  [[0, 0], [0, 2], [0, 5], [1, 3], [1, 3], [1, 3], [3, 4], [4, 4], [4, 4], [6, 6]]
  844,  [[0, 0], [0, 2], [0, 5], [1, 1], [1, 3], [1, 3], [3, 4], [4, 4], [4, 4], [6, 7]]
  845,  [[0, 0], [0, 3], [0, 5], [1, 2], [1, 4], [1, 4], [3, 4], [3, 6], [3, 7], [4, 4]]
  846,  [[0, 0], [0, 3], [0, 5], [1, 2], [1, 4], [1, 4], [3, 3], [3, 4], [4, 4], [6, 6]]
  847,  [[0, 0], [0, 3], [0, 5], [1, 2], [1, 4], [1, 4], [3, 3], [3, 4], [3, 6], [4, 7]]
  848,  [[0, 0], [0, 0], [0, 5], [1, 2], [1, 3], [1, 3], [3, 6], [4, 4], [4, 4], [4, 7]]
  849,  [[0, 0], [0, 0], [0, 5], [1, 2], [1, 3], [1, 3], [3, 4], [4, 4], [4, 6], [7, 7]]
  850,  [[0, 0], [0, 0], [0, 5], [1, 2], [1, 3], [1, 3], [3, 4], [3, 6], [4, 4], [4, 4]]
  851,  [[0, 0], [0, 3], [0, 5], [1, 2], [1, 3], [1, 3], [3, 3], [4, 4], [4, 4], [4, 6]]
  852,  [[0, 0], [0, 0], [0, 5], [1, 2], [1, 3], [1, 3], [3, 3], [4, 4], [4, 6], [4, 7]]
  853,  [[0, 0], [0, 3], [0, 5], [1, 2], [1, 3], [1, 3], [3, 4], [4, 4], [4, 6], [4, 7]]
  854,  [[0, 0], [0, 3], [0, 5], [1, 2], [1, 4], [1, 4], [3, 4], [3, 4], [3, 6], [7, 7]]
  855,  [[0, 0], [0, 3], [0, 5], [1, 2], [1, 4], [1, 4], [3, 3], [3, 4], [3, 4], [6, 7]]
  856,  [[0, 0], [0, 0], [0, 5], [1, 2], [1, 3], [1, 3], [3, 4], [4, 4], [4, 4], [6, 7]]
  857,  [[0, 0], [0, 0], [0, 3], [1, 1], [1, 4], [1, 4], [2, 4], [3, 3], [3, 4], [3, 5]]
  858,  [[0, 0], [0, 3], [0, 3], [1, 1], [1, 4], [1, 5], [2, 3], [3, 3], [4, 4], [4, 6]]
  859,  [[0, 0], [0, 3], [0, 3], [1, 1], [1, 4], [1, 5], [2, 3], [3, 4], [4, 6], [4, 7]]
  860,  [[0, 0], [0, 3], [0, 3], [1, 1], [1, 4], [1, 5], [2, 3], [3, 4], [4, 4], [6, 6]]
  861,  [[0, 0], [0, 0], [0, 3], [1, 1], [1, 4], [1, 4], [3, 3], [3, 4], [3, 5], [4, 6]]
  862,  [[0, 0], [0, 3], [0, 3], [1, 1], [1, 4], [1, 5], [3, 3], [3, 6], [4, 4], [4, 7]]
  863,  [[0, 0], [0, 3], [0, 3], [1, 1], [1, 4], [1, 5], [3, 4], [4, 4], [4, 6], [7, 7]]
  864,  [[0, 0], [0, 3], [0, 3], [1, 1], [1, 4], [1, 5], [3, 4], [3, 6], [4, 4], [7, 7]]
  865,  [[0, 0], [0, 0], [0, 3], [1, 1], [1, 4], [1, 4], [3, 4], [3, 5], [3, 6], [4, 4]]
  866,  [[0, 0], [0, 3], [0, 3], [1, 1], [1, 4], [1, 5], [3, 3], [4, 4], [4, 6], [4, 7]]
  867,  [[0, 0], [0, 3], [0, 3], [1, 1], [1, 4], [1, 5], [3, 3], [3, 4], [4, 6], [7, 7]]
  868,  [[0, 0], [0, 3], [0, 3], [1, 1], [1, 4], [1, 5], [3, 3], [4, 4], [4, 4], [6, 6]]
  869,  [[0, 0], [0, 3], [0, 3], [1, 1], [1, 4], [1, 5], [2, 6], [3, 3], [3, 4], [4, 4]]
  870,  [[0, 0], [0, 3], [0, 3], [1, 1], [1, 4], [1, 5], [3, 3], [3, 4], [4, 4], [6, 7]]
  871,  [[0, 0], [0, 0], [0, 5], [1, 3], [1, 3], [1, 4], [2, 3], [3, 3], [4, 4], [4, 6]]
  872,  [[0, 0], [0, 0], [0, 5], [1, 3], [1, 3], [1, 4], [2, 3], [3, 4], [4, 6], [4, 7]]
  873,  [[0, 0], [0, 3], [0, 3], [1, 1], [1, 3], [1, 5], [2, 3], [4, 4], [4, 4], [4, 6]]
  874,  [[0, 0], [0, 0], [0, 5], [1, 3], [1, 3], [1, 3], [2, 3], [4, 4], [4, 4], [4, 6]]
  875,  [[0, 0], [0, 0], [0, 5], [1, 1], [1, 3], [1, 3], [2, 3], [4, 4], [4, 6], [4, 7]]
  876,  [[0, 0], [0, 0], [0, 5], [1, 3], [1, 3], [1, 4], [3, 3], [3, 6], [4, 4], [4, 7]]
  877,  [[0, 0], [0, 0], [0, 5], [1, 3], [1, 3], [1, 4], [3, 4], [3, 6], [4, 4], [7, 7]]
  878,  [[0, 0], [0, 3], [0, 3], [1, 1], [1, 3], [1, 5], [3, 6], [4, 4], [4, 4], [4, 7]]
  879,  [[0, 0], [0, 0], [0, 5], [1, 3], [1, 3], [1, 3], [3, 6], [4, 4], [4, 4], [4, 7]]
  880,  [[0, 0], [0, 3], [0, 3], [1, 1], [1, 3], [1, 5], [3, 4], [4, 4], [4, 6], [7, 7]]
  881,  [[0, 0], [0, 0], [0, 5], [1, 3], [1, 3], [1, 3], [3, 4], [4, 4], [4, 6], [7, 7]]
  882,  [[0, 0], [0, 0], [0, 5], [1, 1], [1, 3], [1, 3], [2, 6], [3, 4], [4, 4], [4, 7]]
  883,  [[0, 0], [0, 3], [0, 3], [1, 1], [1, 3], [1, 5], [3, 3], [4, 4], [4, 6], [4, 7]]
  884,  [[0, 0], [0, 0], [0, 5], [1, 3], [1, 3], [1, 3], [3, 3], [4, 4], [4, 6], [4, 7]]
  885,  [[0, 0], [0, 0], [0, 5], [1, 3], [1, 3], [1, 4], [3, 3], [4, 4], [4, 6], [4, 7]]
  886,  [[0, 0], [0, 0], [0, 3], [1, 1], [1, 3], [1, 3], [3, 4], [4, 4], [4, 5], [4, 6]]
  887,  [[0, 0], [0, 0], [0, 3], [1, 1], [1, 4], [1, 5], [3, 4], [3, 4], [4, 6], [7, 7]]
  888,  [[0, 0], [0, 0], [0, 3], [1, 1], [1, 4], [1, 4], [3, 4], [3, 4], [3, 5], [6, 6]]
  889,  [[0, 0], [0, 3], [0, 3], [1, 1], [1, 4], [1, 5], [3, 4], [3, 4], [6, 6], [7, 7]]
  890,  [[0, 0], [0, 3], [0, 3], [1, 1], [1, 4], [1, 5], [2, 6], [3, 4], [3, 4], [4, 7]]
  891,  [[0, 0], [0, 0], [0, 5], [1, 1], [1, 3], [1, 4], [3, 4], [3, 4], [3, 6], [7, 7]]
  892,  [[0, 0], [0, 0], [0, 5], [1, 3], [1, 3], [1, 4], [2, 6], [3, 4], [3, 4], [4, 7]]
  893,  [[0, 0], [0, 0], [0, 3], [1, 1], [1, 4], [1, 4], [2, 5], [3, 3], [3, 4], [3, 4]]
  894,  [[0, 0], [0, 0], [0, 3], [1, 1], [1, 4], [1, 4], [3, 3], [3, 4], [3, 4], [5, 6]]
  895,  [[0, 0], [0, 0], [0, 5], [1, 3], [1, 3], [1, 4], [2, 6], [3, 3], [3, 4], [4, 4]]
  896,  [[0, 0], [0, 3], [0, 3], [1, 1], [1, 3], [1, 5], [2, 6], [3, 4], [4, 4], [4, 4]]
  897,  [[0, 0], [0, 0], [0, 5], [1, 3], [1, 3], [1, 3], [2, 6], [3, 4], [4, 4], [4, 4]]
  898,  [[0, 0], [0, 0], [0, 5], [1, 3], [1, 3], [1, 4], [3, 3], [3, 4], [4, 4], [6, 7]]
  899,  [[0, 0], [0, 0], [0, 3], [1, 1], [1, 1], [1, 5], [3, 4], [3, 4], [3, 4], [6, 7]]
  900,  [[0, 0], [0, 3], [0, 3], [1, 1], [1, 3], [1, 5], [3, 4], [4, 4], [4, 4], [6, 7]]
  901,  [[0, 0], [0, 0], [0, 5], [1, 3], [1, 3], [1, 3], [3, 4], [4, 4], [4, 4], [6, 7]]
  902,  [[0, 0], [0, 3], [0, 3], [1, 1], [1, 3], [1, 4], [2, 4], [3, 3], [4, 4], [4, 5]]
  903,  [[0, 0], [0, 0], [0, 3], [1, 1], [1, 4], [1, 4], [2, 3], [3, 5], [3, 6], [4, 4]]
  904,  [[0, 0], [0, 0], [0, 3], [1, 1], [1, 4], [1, 4], [2, 3], [3, 3], [4, 4], [5, 5]]
  905,  [[0, 0], [0, 0], [0, 3], [1, 1], [1, 4], [1, 4], [2, 3], [3, 3], [3, 5], [4, 6]]
  906,  [[0, 0], [0, 0], [0, 3], [1, 1], [1, 4], [1, 4], [2, 3], [3, 5], [4, 4], [4, 6]]
  907,  [[0, 0], [0, 0], [0, 3], [1, 1], [1, 4], [1, 4], [2, 3], [3, 3], [3, 4], [4, 5]]
  908,  [[0, 0], [0, 0], [0, 3], [1, 1], [1, 4], [1, 4], [2, 3], [3, 4], [4, 5], [6, 6]]
  909,  [[0, 0], [0, 0], [0, 3], [1, 1], [1, 4], [1, 4], [2, 3], [3, 4], [3, 5], [6, 6]]
  910,  [[0, 0], [0, 3], [0, 5], [1, 3], [1, 4], [1, 4], [2, 3], [3, 6], [4, 4], [4, 7]]
  911,  [[0, 0], [0, 3], [0, 3], [1, 4], [1, 4], [1, 5], [2, 4], [3, 3], [3, 6], [4, 7]]
  912,  [[0, 0], [0, 3], [0, 3], [1, 1], [1, 4], [1, 5], [2, 4], [3, 3], [4, 6], [7, 7]]
  913,  [[0, 0], [0, 3], [0, 3], [1, 1], [1, 4], [1, 5], [2, 4], [3, 3], [3, 6], [4, 4]]
  914,  [[0, 0], [0, 3], [0, 5], [1, 4], [1, 4], [1, 4], [2, 3], [3, 3], [3, 6], [4, 7]]
  915,  [[0, 0], [0, 3], [0, 3], [1, 3], [1, 4], [1, 5], [2, 4], [3, 6], [4, 4], [4, 7]]
  916,  [[0, 0], [0, 3], [0, 3], [1, 1], [1, 4], [1, 5], [2, 4], [3, 6], [4, 4], [7, 7]]
  917,  [[0, 0], [0, 3], [0, 5], [1, 4], [1, 4], [1, 4], [2, 3], [3, 4], [3, 6], [7, 7]]
  918,  [[0, 0], [0, 3], [0, 3], [1, 3], [1, 4], [1, 5], [2, 4], [3, 4], [4, 6], [7, 7]]
  919,  [[0, 0], [0, 3], [0, 3], [1, 1], [1, 4], [1, 5], [2, 4], [3, 4], [6, 6], [7, 7]]
  920,  [[0, 0], [0, 3], [0, 5], [1, 3], [1, 4], [1, 4], [2, 3], [3, 4], [4, 6], [7, 7]]
  921,  [[0, 0], [0, 3], [0, 3], [1, 4], [1, 4], [1, 5], [2, 4], [3, 4], [3, 6], [7, 7]]
  922,  [[0, 0], [0, 3], [0, 5], [1, 4], [1, 4], [1, 4], [2, 3], [3, 6], [3, 7], [4, 4]]
  923,  [[0, 0], [0, 3], [0, 5], [1, 4], [1, 4], [1, 4], [2, 3], [3, 3], [4, 4], [6, 6]]
  924,  [[0, 0], [0, 3], [0, 3], [1, 3], [1, 4], [1, 5], [2, 4], [3, 3], [4, 6], [4, 7]]
  925,  [[0, 0], [0, 3], [0, 3], [1, 3], [1, 4], [1, 5], [2, 4], [3, 3], [4, 4], [6, 6]]
  926,  [[0, 0], [0, 3], [0, 5], [1, 3], [1, 4], [1, 4], [2, 3], [3, 3], [4, 4], [6, 6]]
  927,  [[0, 0], [0, 3], [0, 3], [1, 4], [1, 4], [1, 5], [2, 4], [3, 3], [4, 4], [6, 6]]
  928,  [[0, 0], [0, 3], [0, 3], [1, 1], [1, 4], [1, 5], [2, 4], [3, 3], [4, 4], [6, 7]]
  929,  [[0, 0], [0, 3], [0, 5], [1, 3], [1, 4], [1, 4], [2, 3], [3, 4], [4, 4], [6, 7]]
  930,  [[0, 0], [0, 3], [0, 3], [1, 1], [1, 4], [1, 4], [2, 3], [3, 4], [4, 4], [5, 5]]
  931,  [[0, 0], [0, 3], [0, 3], [1, 4], [1, 4], [1, 5], [2, 4], [3, 3], [3, 4], [6, 7]]
  932,  [[0, 0], [0, 0], [0, 3], [1, 1], [1, 4], [1, 4], [2, 3], [3, 4], [4, 4], [5, 6]]
  933,  [[0, 0], [0, 0], [0, 5], [1, 3], [1, 3], [1, 4], [2, 4], [3, 3], [4, 6], [7, 7]]
  934,  [[0, 0], [0, 0], [0, 5], [1, 3], [1, 3], [1, 4], [2, 4], [3, 3], [3, 6], [4, 4]]
  935,  [[0, 0], [0, 3], [0, 5], [1, 3], [1, 3], [1, 4], [2, 4], [3, 6], [4, 4], [4, 7]]
  936,  [[0, 0], [0, 0], [0, 5], [1, 3], [1, 3], [1, 4], [2, 4], [3, 6], [4, 4], [7, 7]]
  937,  [[0, 0], [0, 3], [0, 5], [1, 3], [1, 3], [1, 4], [2, 4], [3, 4], [4, 6], [7, 7]]
  938,  [[0, 0], [0, 3], [0, 5], [1, 3], [1, 3], [1, 4], [2, 4], [3, 3], [4, 6], [4, 7]]
  939,  [[0, 0], [0, 3], [0, 5], [1, 3], [1, 3], [1, 4], [2, 4], [3, 3], [4, 4], [6, 6]]
  940,  [[0, 0], [0, 0], [0, 5], [1, 3], [1, 3], [1, 4], [2, 4], [3, 3], [4, 4], [6, 7]]
  941,  [[0, 0], [0, 0], [0, 3], [1, 1], [1, 3], [1, 3], [2, 4], [3, 5], [4, 4], [4, 6]]
  942,  [[0, 0], [0, 3], [0, 3], [1, 1], [1, 3], [1, 5], [2, 4], [4, 4], [4, 6], [7, 7]]
  943,  [[0, 0], [0, 3], [0, 3], [1, 1], [1, 3], [1, 5], [2, 4], [3, 6], [4, 4], [4, 4]]
  944,  [[0, 0], [0, 0], [0, 5], [1, 3], [1, 3], [1, 3], [2, 4], [4, 4], [4, 6], [7, 7]]
  945,  [[0, 0], [0, 0], [0, 5], [1, 3], [1, 3], [1, 3], [2, 4], [3, 6], [4, 4], [4, 4]]
  946,  [[0, 0], [0, 0], [0, 3], [1, 1], [1, 3], [1, 3], [2, 4], [3, 4], [4, 5], [6, 6]]
  947,  [[0, 0], [0, 0], [0, 3], [1, 1], [1, 3], [1, 3], [2, 4], [3, 3], [4, 5], [4, 6]]
  948,  [[0, 0], [0, 0], [0, 3], [1, 1], [1, 3], [1, 3], [2, 4], [4, 4], [4, 5], [4, 6]]
  949,  [[0, 0], [0, 3], [0, 3], [1, 1], [1, 3], [1, 4], [2, 4], [3, 4], [4, 4], [5, 5]]
  950,  [[0, 0], [0, 0], [0, 3], [1, 1], [1, 3], [1, 3], [2, 4], [3, 4], [4, 4], [5, 6]]
  951,  [[0, 0], [0, 3], [0, 5], [1, 3], [1, 3], [1, 3], [2, 4], [4, 4], [4, 6], [4, 7]]
  952,  [[0, 0], [0, 3], [0, 3], [1, 3], [1, 3], [1, 5], [2, 4], [4, 4], [4, 6], [4, 7]]
  953,  [[0, 0], [0, 3], [0, 5], [1, 3], [1, 3], [1, 4], [2, 4], [3, 4], [4, 4], [6, 7]]
  954,  [[0, 0], [0, 3], [0, 3], [1, 3], [1, 4], [1, 5], [2, 4], [3, 4], [4, 4], [6, 7]]
  955,  [[0, 0], [0, 3], [0, 5], [1, 2], [1, 3], [1, 3], [3, 4], [4, 4], [4, 4], [6, 6]]
  956,  [[0, 0], [0, 3], [0, 5], [1, 3], [1, 3], [1, 3], [2, 4], [4, 4], [4, 4], [6, 6]]
  957,  [[0, 0], [0, 3], [0, 3], [1, 3], [1, 3], [1, 5], [2, 4], [4, 4], [4, 4], [6, 6]]
  958,  [[0, 0], [0, 3], [0, 3], [1, 1], [1, 3], [1, 5], [2, 4], [4, 4], [4, 4], [6, 7]]
  959,  [[0, 0], [0, 3], [0, 5], [1, 4], [1, 4], [1, 4], [2, 3], [3, 3], [3, 4], [6, 7]]
  960,  [[0, 0], [0, 0], [0, 5], [1, 3], [1, 3], [1, 3], [2, 4], [4, 4], [4, 4], [6, 7]]
  961,  [[0, 0], [0, 0], [0, 3], [1, 1], [1, 4], [1, 4], [2, 3], [3, 3], [3, 4], [5, 6]]
  962,  [[0, 2], [0, 3], [0, 3], [1, 4], [1, 5], [1, 6], [3, 3], [4, 4], [4, 4], [7, 7]]
  963,  [[0, 2], [0, 5], [0, 6], [1, 3], [1, 3], [1, 4], [3, 3], [4, 4], [4, 4], [7, 7]]
  964,  [[0, 3], [0, 3], [0, 4], [1, 4], [1, 5], [1, 6], [2, 3], [3, 3], [4, 4], [4, 7]]
  965,  [[0, 0], [0, 5], [0, 6], [1, 3], [1, 3], [1, 4], [2, 7], [3, 3], [4, 4], [4, 4]]
  966,  [[0, 3], [0, 3], [0, 4], [1, 4], [1, 5], [1, 6], [2, 7], [3, 3], [3, 4], [4, 4]]
  967,  [[0, 0], [0, 3], [0, 3], [1, 4], [1, 5], [1, 6], [2, 3], [3, 3], [4, 4], [4, 4]]
  968,  [[0, 0], [0, 3], [0, 3], [1, 4], [1, 5], [1, 6], [2, 3], [4, 4], [4, 4], [7, 7]]
  969,  [[0, 0], [0, 3], [0, 3], [1, 4], [1, 5], [1, 6], [2, 7], [3, 3], [4, 4], [4, 4]]
  970,  [[0, 0], [0, 3], [0, 3], [1, 4], [1, 5], [1, 6], [3, 3], [3, 7], [4, 4], [4, 4]]
  971,  [[0, 3], [0, 3], [0, 4], [1, 4], [1, 5], [1, 6], [2, 4], [3, 3], [3, 7], [4, 4]]
Total nodes =  972
Total edges =  2507
Goal candidates No. 108
Goal candidates No. 135
Goal candidates No. 162
Goal candidates No. 166
Goal candidates No. 181
Goal candidates No. 198
True Goal graph No. 212
Goal candidates No. 219
Goal candidates No. 560
Goal candidates No. 578
Goal candidates No. 599
Goal candidates No. 632
Goal candidates No. 657
Goal candidates No. 764
Goal candidates No. 859
Goal candidates No. 890
Total Goals =  16  and Paths = 455 

True paths: 5 / 455 

