Nomber of atoms =  8
Atoms =  ['X', 'CH3', 'CH3', 'C', 'C', 'H', 'H', 'H']
Valence electrons =  [7, 1, 1, 4, 4, 1, 1, 1]
Fixed electrons =  [[0, 0], [0, 0], [0, 0]]
Good initial graph No.0!
Good goal graph!

 Generated No. and Nodes:
    0,  [[0, 5], [1, 3], [2, 3], [3, 4], [3, 4], [4, 6], [4, 7]]
    1,  [[0, 0], [1, 3], [2, 3], [3, 4], [3, 4], [4, 5], [4, 6]]
    2,  [[0, 5], [1, 3], [3, 3], [3, 4], [3, 4], [4, 6], [4, 7]]
    3,  [[0, 5], [1, 3], [2, 3], [3, 3], [3, 4], [4, 6], [4, 7]]
    4,  [[0, 5], [1, 3], [2, 3], [3, 4], [4, 4], [4, 6], [4, 7]]
    5,  [[0, 5], [1, 3], [2, 3], [3, 4], [3, 4], [4, 4], [4, 6]]
    6,  [[0, 5], [1, 3], [2, 3], [3, 4], [3, 4], [4, 6], [7, 7]]
    7,  [[0, 0], [1, 3], [3, 3], [3, 4], [3, 4], [4, 5], [4, 6]]
    8,  [[0, 0], [1, 3], [2, 3], [3, 3], [3, 4], [4, 5], [4, 6]]
    9,  [[0, 0], [1, 3], [2, 3], [3, 4], [4, 4], [4, 5], [4, 6]]
   10,  [[0, 0], [1, 3], [2, 3], [3, 4], [3, 4], [4, 4], [4, 5]]
   11,  [[0, 0], [1, 3], [2, 3], [3, 4], [3, 4], [4, 5], [6, 6]]
   12,  [[0, 5], [1, 3], [3, 3], [3, 4], [4, 4], [4, 6], [4, 7]]
   13,  [[0, 5], [1, 3], [3, 3], [3, 4], [3, 4], [4, 4], [4, 6]]
   14,  [[0, 5], [1, 3], [3, 3], [3, 4], [3, 4], [4, 6], [7, 7]]
   15,  [[0, 5], [1, 3], [2, 3], [3, 3], [4, 4], [4, 6], [4, 7]]
   16,  [[0, 5], [1, 3], [2, 3], [3, 3], [3, 4], [4, 4], [4, 6]]
   17,  [[0, 5], [1, 3], [2, 3], [3, 4], [4, 4], [4, 6], [7, 7]]
   18,  [[0, 5], [1, 3], [2, 3], [3, 4], [3, 4], [4, 4], [6, 6]]
   19,  [[0, 1], [2, 3], [3, 3], [3, 4], [3, 4], [4, 5], [4, 6]]
   20,  [[0, 0], [1, 3], [3, 4], [3, 4], [3, 5], [4, 6], [4, 7]]
   21,  [[0, 0], [1, 3], [3, 3], [3, 4], [4, 4], [4, 5], [4, 6]]
   22,  [[0, 3], [1, 4], [2, 4], [3, 4], [3, 5], [3, 6], [4, 4]]
   23,  [[0, 0], [1, 3], [2, 3], [3, 4], [3, 5], [4, 6], [4, 7]]
   24,  [[0, 0], [1, 3], [2, 3], [3, 3], [4, 4], [4, 5], [4, 6]]
   25,  [[0, 0], [1, 3], [2, 3], [3, 3], [3, 4], [4, 4], [4, 5]]
   26,  [[0, 3], [1, 3], [2, 3], [3, 4], [4, 4], [4, 5], [4, 6]]
   27,  [[0, 0], [1, 3], [2, 3], [3, 4], [4, 5], [4, 6], [4, 7]]
   28,  [[0, 0], [1, 3], [2, 3], [3, 4], [4, 4], [4, 5], [6, 6]]
   29,  [[0, 0], [1, 3], [2, 3], [3, 4], [3, 4], [4, 4], [5, 5]]
   30,  [[0, 3], [1, 4], [2, 4], [3, 4], [3, 4], [3, 5], [6, 6]]
   31,  [[0, 0], [1, 3], [2, 3], [3, 4], [3, 4], [4, 5], [6, 7]]
   32,  [[0, 5], [3, 3], [3, 3], [3, 4], [4, 4], [4, 6], [4, 7]]
   33,  [[0, 5], [1, 3], [3, 3], [3, 3], [4, 4], [4, 6], [4, 7]]
   34,  [[0, 5], [1, 3], [2, 4], [3, 3], [3, 4], [4, 6], [4, 7]]
   35,  [[0, 5], [1, 3], [3, 3], [3, 4], [4, 4], [4, 6], [7, 7]]
   36,  [[0, 5], [1, 3], [3, 4], [3, 4], [3, 6], [4, 4], [4, 7]]
   37,  [[0, 5], [1, 3], [2, 4], [3, 3], [3, 4], [3, 4], [4, 6]]
   38,  [[0, 5], [1, 3], [3, 3], [3, 4], [3, 4], [4, 4], [6, 6]]
   39,  [[0, 5], [1, 3], [3, 4], [3, 4], [3, 4], [4, 6], [7, 7]]
   40,  [[0, 5], [1, 3], [2, 6], [3, 3], [3, 4], [3, 4], [4, 7]]
   41,  [[0, 5], [1, 3], [2, 3], [3, 3], [4, 4], [4, 4], [4, 6]]
   42,  [[0, 5], [1, 3], [2, 3], [3, 4], [3, 6], [4, 4], [4, 7]]
   43,  [[0, 5], [1, 3], [2, 3], [3, 3], [3, 4], [4, 4], [4, 4]]
   44,  [[0, 5], [1, 3], [2, 3], [3, 4], [4, 4], [4, 4], [6, 6]]
   45,  [[0, 5], [1, 3], [2, 3], [3, 4], [3, 4], [4, 4], [6, 7]]
   46,  [[0, 1], [2, 3], [3, 4], [3, 4], [3, 5], [4, 6], [4, 7]]
   47,  [[0, 1], [2, 3], [3, 3], [3, 4], [4, 4], [4, 5], [4, 6]]
   48,  [[0, 1], [2, 3], [3, 3], [3, 4], [3, 4], [4, 4], [4, 5]]
   49,  [[0, 1], [2, 3], [3, 3], [3, 4], [3, 4], [4, 5], [6, 6]]
   50,  [[0, 0], [3, 3], [3, 4], [3, 4], [3, 5], [4, 6], [4, 7]]
   51,  [[0, 0], [1, 3], [3, 3], [3, 4], [3, 5], [4, 6], [4, 7]]
   52,  [[0, 0], [1, 3], [3, 4], [3, 5], [4, 4], [4, 6], [4, 7]]
   53,  [[0, 0], [1, 3], [3, 4], [3, 4], [4, 5], [4, 6], [7, 7]]
   54,  [[0, 0], [1, 3], [3, 4], [3, 4], [3, 5], [4, 4], [4, 6]]
   55,  [[0, 0], [1, 3], [3, 4], [3, 4], [3, 5], [4, 6], [7, 7]]
   56,  [[0, 3], [1, 3], [3, 3], [3, 4], [4, 4], [4, 5], [4, 6]]
   57,  [[0, 0], [1, 3], [3, 3], [3, 3], [4, 4], [4, 5], [4, 6]]
   58,  [[0, 0], [1, 3], [2, 4], [3, 3], [3, 4], [4, 5], [4, 6]]
   59,  [[0, 0], [1, 3], [3, 3], [3, 4], [4, 5], [4, 6], [4, 7]]
   60,  [[0, 0], [1, 3], [3, 3], [3, 4], [4, 4], [4, 5], [6, 6]]
   61,  [[0, 3], [1, 4], [2, 4], [3, 3], [3, 5], [3, 6], [4, 4]]
   62,  [[0, 3], [1, 4], [2, 4], [3, 3], [3, 4], [3, 5], [4, 4]]
   63,  [[0, 3], [1, 4], [2, 4], [3, 4], [3, 5], [4, 4], [6, 6]]
   64,  [[0, 3], [1, 4], [2, 4], [3, 4], [3, 5], [3, 6], [4, 7]]
   65,  [[0, 0], [1, 3], [2, 3], [3, 5], [4, 4], [4, 6], [4, 7]]
   66,  [[0, 0], [1, 3], [2, 3], [3, 4], [4, 5], [4, 6], [7, 7]]
   67,  [[0, 0], [1, 3], [2, 3], [3, 4], [3, 5], [4, 4], [4, 6]]
   68,  [[0, 3], [1, 3], [2, 3], [3, 3], [4, 4], [4, 5], [4, 6]]
   69,  [[0, 0], [1, 3], [2, 3], [3, 3], [4, 5], [4, 6], [4, 7]]
   70,  [[0, 0], [1, 3], [2, 3], [3, 3], [4, 4], [4, 4], [4, 5]]
   71,  [[0, 3], [1, 3], [2, 3], [3, 4], [4, 5], [4, 6], [4, 7]]
   72,  [[0, 3], [1, 3], [2, 3], [3, 4], [4, 4], [4, 5], [6, 6]]
   73,  [[0, 3], [1, 4], [2, 4], [3, 3], [3, 4], [3, 5], [6, 6]]
   74,  [[0, 0], [1, 3], [2, 3], [3, 4], [4, 4], [4, 5], [6, 7]]
   75,  [[0, 3], [1, 4], [2, 4], [3, 3], [3, 4], [3, 4], [5, 5]]
   76,  [[0, 0], [1, 3], [2, 3], [3, 4], [3, 4], [4, 4], [5, 6]]
   77,  [[0, 3], [1, 4], [3, 4], [3, 4], [3, 5], [4, 4], [6, 6]]
   78,  [[0, 3], [1, 4], [2, 4], [3, 4], [3, 4], [5, 5], [6, 6]]
   79,  [[0, 3], [1, 4], [2, 4], [3, 4], [3, 4], [3, 5], [6, 7]]
   80,  [[0, 0], [1, 3], [3, 3], [3, 4], [3, 4], [4, 5], [6, 7]]
   81,  [[0, 5], [1, 3], [3, 4], [3, 6], [3, 7], [4, 4], [4, 4]]
   82,  [[0, 5], [3, 3], [3, 3], [3, 4], [4, 4], [4, 6], [7, 7]]
   83,  [[0, 5], [1, 3], [2, 4], [3, 3], [3, 3], [4, 6], [4, 7]]
   84,  [[0, 5], [1, 3], [3, 3], [3, 3], [4, 4], [4, 4], [4, 6]]
   85,  [[0, 5], [1, 3], [2, 4], [3, 3], [3, 4], [3, 6], [4, 4]]
   86,  [[0, 5], [1, 3], [2, 4], [3, 3], [3, 4], [4, 6], [7, 7]]
   87,  [[0, 5], [1, 3], [3, 4], [3, 4], [4, 4], [4, 6], [7, 7]]
   88,  [[0, 5], [1, 3], [3, 3], [3, 4], [4, 4], [4, 4], [6, 6]]
   89,  [[0, 5], [1, 3], [2, 6], [3, 3], [3, 4], [4, 4], [4, 7]]
   90,  [[0, 5], [1, 3], [3, 3], [3, 4], [3, 6], [4, 4], [4, 7]]
   91,  [[0, 5], [3, 3], [3, 4], [3, 4], [3, 6], [4, 4], [4, 7]]
   92,  [[0, 5], [1, 3], [2, 4], [3, 4], [3, 4], [3, 6], [4, 7]]
   93,  [[0, 5], [1, 3], [3, 4], [3, 4], [3, 6], [4, 4], [7, 7]]
   94,  [[0, 0], [1, 3], [2, 4], [3, 3], [3, 4], [3, 4], [4, 5]]
   95,  [[0, 5], [1, 3], [2, 4], [3, 3], [3, 4], [3, 4], [4, 4]]
   96,  [[0, 5], [1, 3], [2, 4], [3, 3], [3, 4], [3, 4], [6, 6]]
   97,  [[0, 5], [1, 3], [3, 4], [3, 4], [3, 4], [4, 4], [6, 6]]
   98,  [[0, 5], [1, 3], [2, 6], [3, 3], [3, 4], [3, 4], [4, 4]]
   99,  [[0, 5], [1, 3], [3, 3], [3, 4], [3, 4], [4, 4], [6, 7]]
  100,  [[0, 0], [1, 3], [3, 4], [3, 4], [3, 4], [4, 5], [6, 6]]
  101,  [[0, 5], [3, 3], [3, 4], [3, 4], [3, 4], [4, 6], [7, 7]]
  102,  [[0, 5], [1, 3], [3, 4], [3, 4], [3, 4], [6, 6], [7, 7]]
  103,  [[0, 5], [1, 3], [2, 6], [3, 4], [3, 4], [3, 4], [4, 7]]
  104,  [[0, 0], [1, 3], [2, 5], [3, 3], [3, 4], [3, 4], [4, 6]]
  105,  [[0, 5], [1, 3], [2, 3], [3, 6], [4, 4], [4, 4], [4, 7]]
  106,  [[0, 5], [1, 3], [2, 3], [3, 4], [3, 6], [4, 4], [4, 4]]
  107,  [[0, 5], [1, 3], [2, 3], [3, 4], [4, 4], [4, 4], [6, 7]]
  108,  [[0, 1], [3, 3], [3, 4], [3, 4], [3, 5], [4, 6], [4, 7]]
  109,  [[0, 1], [2, 3], [3, 3], [3, 4], [3, 5], [4, 6], [4, 7]]
  110,  [[0, 1], [2, 3], [3, 4], [3, 5], [4, 4], [4, 6], [4, 7]]
  111,  [[0, 1], [2, 3], [3, 4], [3, 4], [4, 5], [4, 6], [7, 7]]
  112,  [[0, 1], [2, 3], [3, 4], [3, 4], [3, 5], [4, 4], [4, 6]]
  113,  [[0, 1], [2, 3], [3, 4], [3, 4], [3, 5], [4, 6], [7, 7]]
  114,  [[0, 1], [3, 3], [3, 3], [3, 4], [4, 4], [4, 5], [4, 6]]
  115,  [[0, 1], [2, 3], [3, 3], [3, 3], [4, 4], [4, 5], [4, 6]]
  116,  [[0, 1], [2, 3], [3, 3], [3, 4], [4, 5], [4, 6], [4, 7]]
  117,  [[0, 1], [2, 3], [3, 3], [3, 4], [4, 4], [4, 5], [6, 6]]
  118,  [[0, 1], [2, 3], [3, 3], [3, 4], [3, 4], [4, 4], [5, 5]]
  119,  [[0, 1], [2, 3], [3, 4], [3, 4], [3, 4], [4, 5], [6, 6]]
  120,  [[0, 1], [2, 3], [3, 3], [3, 4], [3, 4], [4, 5], [6, 7]]
  121,  [[0, 0], [3, 3], [3, 4], [3, 5], [3, 6], [4, 4], [4, 7]]
  122,  [[0, 0], [3, 3], [3, 4], [3, 4], [4, 5], [4, 6], [7, 7]]
  123,  [[0, 3], [1, 4], [3, 4], [3, 5], [3, 6], [4, 4], [4, 7]]
  124,  [[0, 0], [1, 3], [3, 3], [3, 5], [4, 4], [4, 6], [4, 7]]
  125,  [[0, 0], [1, 3], [3, 3], [3, 4], [4, 5], [4, 6], [7, 7]]
  126,  [[0, 0], [1, 3], [3, 3], [3, 4], [3, 5], [4, 4], [4, 6]]
  127,  [[0, 3], [1, 3], [3, 4], [3, 5], [4, 4], [4, 6], [4, 7]]
  128,  [[0, 0], [1, 3], [2, 4], [3, 4], [3, 5], [3, 6], [4, 7]]
  129,  [[0, 0], [1, 3], [3, 4], [3, 5], [4, 4], [4, 6], [7, 7]]
  130,  [[0, 3], [1, 3], [3, 4], [3, 4], [4, 5], [4, 6], [7, 7]]
  131,  [[0, 0], [1, 3], [2, 5], [3, 4], [3, 4], [4, 6], [4, 7]]
  132,  [[0, 0], [1, 3], [2, 4], [3, 4], [3, 4], [3, 5], [4, 6]]
  133,  [[0, 0], [1, 3], [3, 4], [3, 4], [3, 5], [4, 4], [6, 6]]
  134,  [[0, 3], [1, 4], [3, 4], [3, 4], [3, 5], [4, 6], [7, 7]]
  135,  [[0, 0], [1, 3], [2, 5], [3, 4], [3, 4], [3, 6], [4, 7]]
  136,  [[0, 3], [1, 3], [2, 4], [3, 3], [3, 4], [4, 5], [4, 6]]
  137,  [[0, 3], [1, 3], [3, 3], [3, 4], [4, 5], [4, 6], [4, 7]]
  138,  [[0, 3], [1, 3], [3, 3], [3, 4], [4, 4], [4, 5], [6, 6]]
  139,  [[0, 3], [1, 4], [3, 3], [3, 5], [3, 6], [4, 4], [4, 4]]
  140,  [[0, 0], [1, 3], [2, 4], [3, 3], [3, 3], [4, 5], [4, 6]]
  141,  [[0, 0], [1, 3], [3, 3], [3, 3], [4, 5], [4, 6], [4, 7]]
  142,  [[0, 0], [1, 3], [3, 4], [3, 5], [3, 6], [4, 4], [4, 4]]
  143,  [[0, 0], [1, 3], [2, 4], [3, 3], [3, 4], [3, 5], [4, 4]]
  144,  [[0, 0], [1, 3], [2, 4], [3, 3], [3, 4], [4, 5], [6, 6]]
  145,  [[0, 0], [3, 3], [3, 3], [3, 4], [4, 5], [4, 6], [4, 7]]
  146,  [[0, 3], [1, 4], [3, 3], [3, 4], [3, 5], [4, 4], [6, 6]]
  147,  [[0, 0], [1, 3], [2, 5], [3, 3], [3, 4], [4, 4], [4, 6]]
  148,  [[0, 0], [1, 3], [3, 3], [3, 4], [4, 4], [4, 5], [6, 7]]
  149,  [[0, 3], [1, 4], [2, 4], [3, 5], [3, 6], [3, 7], [4, 4]]
  150,  [[0, 3], [1, 4], [2, 4], [3, 3], [3, 5], [4, 4], [6, 6]]
  151,  [[0, 3], [1, 4], [2, 4], [3, 3], [3, 5], [3, 6], [4, 7]]
  152,  [[0, 3], [1, 4], [2, 4], [3, 3], [3, 4], [4, 4], [5, 5]]
  153,  [[0, 3], [1, 4], [2, 4], [3, 3], [3, 4], [3, 5], [4, 6]]
  154,  [[0, 3], [1, 4], [2, 4], [3, 4], [3, 5], [4, 6], [7, 7]]
  155,  [[0, 3], [1, 4], [2, 4], [3, 4], [3, 5], [4, 4], [6, 7]]
  156,  [[0, 3], [1, 4], [2, 4], [3, 5], [3, 6], [4, 4], [4, 7]]
  157,  [[0, 3], [1, 4], [2, 4], [3, 4], [3, 5], [3, 6], [7, 7]]
  158,  [[0, 3], [1, 3], [2, 3], [3, 5], [4, 4], [4, 6], [4, 7]]
  159,  [[0, 0], [1, 3], [2, 3], [3, 5], [4, 4], [4, 4], [4, 6]]
  160,  [[0, 3], [1, 3], [2, 3], [3, 4], [4, 5], [4, 6], [7, 7]]
  161,  [[0, 0], [1, 3], [2, 3], [3, 4], [3, 5], [4, 4], [4, 4]]
  162,  [[0, 3], [1, 3], [2, 3], [3, 3], [4, 5], [4, 6], [4, 7]]
  163,  [[0, 3], [1, 3], [2, 3], [3, 3], [4, 4], [4, 4], [4, 5]]
  164,  [[0, 3], [1, 3], [2, 3], [4, 4], [4, 5], [4, 6], [4, 7]]
  165,  [[0, 3], [1, 3], [2, 3], [4, 4], [4, 4], [4, 5], [6, 6]]
  166,  [[0, 3], [1, 3], [2, 3], [3, 4], [4, 4], [4, 4], [5, 5]]
  167,  [[0, 3], [1, 3], [2, 3], [3, 4], [4, 4], [4, 5], [6, 7]]
  168,  [[0, 3], [1, 4], [2, 4], [3, 3], [3, 4], [5, 5], [6, 6]]
  169,  [[0, 3], [1, 4], [2, 4], [3, 3], [3, 4], [3, 5], [6, 7]]
  170,  [[0, 0], [1, 3], [2, 3], [3, 4], [4, 4], [4, 4], [5, 6]]
  171,  [[0, 3], [1, 4], [2, 4], [3, 3], [3, 4], [3, 4], [5, 6]]
  172,  [[0, 0], [1, 3], [3, 3], [3, 4], [3, 4], [4, 4], [5, 6]]
  173,  [[0, 3], [1, 4], [2, 5], [3, 4], [3, 4], [3, 6], [4, 4]]
  174,  [[0, 3], [1, 4], [3, 4], [3, 4], [3, 5], [4, 4], [6, 7]]
  175,  [[0, 3], [1, 4], [2, 4], [3, 4], [3, 4], [5, 5], [6, 7]]
  176,  [[0, 0], [1, 3], [3, 4], [3, 4], [3, 4], [4, 5], [6, 7]]
  177,  [[0, 5], [1, 3], [3, 3], [3, 4], [3, 6], [4, 4], [4, 4]]
  178,  [[0, 5], [1, 3], [3, 4], [3, 6], [4, 4], [4, 4], [7, 7]]
  179,  [[0, 5], [3, 3], [3, 4], [3, 4], [3, 6], [4, 4], [7, 7]]
  180,  [[0, 5], [1, 6], [3, 3], [3, 3], [3, 4], [4, 4], [4, 7]]
  181,  [[0, 5], [1, 3], [2, 4], [3, 3], [3, 3], [4, 4], [4, 6]]
  182,  [[0, 5], [1, 3], [3, 3], [3, 6], [4, 4], [4, 4], [4, 7]]
  183,  [[0, 5], [1, 3], [2, 4], [3, 3], [3, 4], [4, 4], [6, 6]]
  184,  [[0, 5], [1, 3], [2, 4], [3, 3], [3, 4], [3, 6], [4, 7]]
  185,  [[0, 5], [1, 3], [2, 4], [3, 4], [3, 4], [3, 6], [7, 7]]
  186,  [[0, 5], [1, 3], [3, 4], [3, 4], [4, 4], [6, 6], [7, 7]]
  187,  [[0, 5], [1, 3], [2, 6], [3, 4], [3, 4], [4, 4], [4, 7]]
  188,  [[0, 5], [1, 3], [2, 6], [3, 3], [3, 4], [4, 4], [4, 4]]
  189,  [[0, 5], [1, 3], [3, 3], [3, 4], [4, 4], [4, 4], [6, 7]]
  190,  [[0, 5], [1, 3], [2, 6], [3, 4], [3, 4], [3, 7], [4, 4]]
  191,  [[0, 5], [1, 3], [2, 4], [3, 4], [3, 4], [3, 4], [6, 6]]
  192,  [[0, 5], [1, 3], [2, 4], [3, 3], [3, 4], [3, 4], [6, 7]]
  193,  [[0, 5], [1, 3], [2, 6], [3, 4], [3, 4], [3, 4], [4, 4]]
  194,  [[0, 5], [1, 3], [3, 4], [3, 4], [3, 4], [4, 4], [6, 7]]
  195,  [[0, 0], [1, 3], [2, 5], [3, 3], [3, 4], [3, 4], [4, 4]]
  196,  [[0, 0], [1, 3], [2, 5], [3, 4], [3, 4], [3, 4], [4, 6]]
  197,  [[0, 5], [1, 6], [3, 3], [3, 4], [3, 4], [3, 4], [4, 7]]
  198,  [[0, 5], [1, 3], [2, 6], [3, 4], [3, 4], [3, 4], [7, 7]]
  199,  [[0, 1], [3, 3], [3, 4], [3, 5], [3, 6], [4, 4], [4, 7]]
  200,  [[0, 1], [3, 3], [3, 4], [3, 4], [4, 5], [4, 6], [7, 7]]
  201,  [[0, 1], [3, 3], [3, 4], [3, 4], [3, 5], [4, 4], [4, 6]]
  202,  [[0, 1], [3, 3], [3, 4], [3, 4], [3, 5], [4, 6], [7, 7]]
  203,  [[0, 1], [2, 3], [3, 3], [3, 5], [4, 4], [4, 6], [4, 7]]
  204,  [[0, 1], [2, 3], [3, 3], [3, 4], [4, 5], [4, 6], [7, 7]]
  205,  [[0, 1], [2, 3], [3, 3], [3, 4], [3, 5], [4, 4], [4, 6]]
  206,  [[0, 1], [2, 3], [3, 4], [3, 5], [4, 4], [4, 6], [7, 7]]
  207,  [[0, 1], [2, 3], [3, 4], [3, 4], [4, 4], [4, 5], [6, 6]]
  208,  [[0, 1], [2, 3], [3, 4], [3, 4], [4, 5], [6, 6], [7, 7]]
  209,  [[0, 1], [2, 3], [3, 4], [3, 4], [3, 5], [4, 4], [6, 6]]
  210,  [[0, 1], [2, 3], [3, 4], [3, 5], [3, 6], [4, 4], [4, 4]]
  211,  [[0, 1], [3, 3], [3, 3], [3, 4], [4, 5], [4, 6], [4, 7]]
  212,  [[0, 1], [3, 3], [3, 3], [3, 4], [4, 4], [4, 5], [6, 6]]
  213,  [[0, 1], [2, 3], [3, 3], [3, 3], [4, 5], [4, 6], [4, 7]]
  214,  [[0, 1], [2, 3], [3, 3], [3, 3], [4, 4], [4, 4], [4, 5]]
  215,  [[0, 1], [2, 3], [3, 3], [3, 4], [4, 4], [4, 4], [5, 5]]
  216,  [[0, 1], [2, 3], [3, 3], [3, 4], [4, 4], [4, 5], [6, 7]]
  217,  [[0, 1], [2, 3], [3, 4], [3, 4], [3, 4], [4, 4], [5, 5]]
  218,  [[0, 1], [2, 3], [3, 3], [3, 4], [3, 4], [4, 4], [5, 6]]
  219,  [[0, 1], [3, 3], [3, 4], [3, 4], [3, 4], [4, 5], [6, 6]]
  220,  [[0, 1], [2, 3], [3, 4], [3, 4], [3, 4], [5, 5], [6, 6]]
  221,  [[0, 1], [2, 3], [3, 4], [3, 4], [3, 4], [4, 5], [6, 7]]
  222,  [[0, 3], [3, 3], [3, 4], [3, 5], [4, 4], [4, 6], [4, 7]]
  223,  [[0, 0], [1, 3], [3, 4], [3, 5], [3, 6], [4, 4], [4, 7]]
  224,  [[0, 0], [3, 3], [3, 3], [3, 5], [4, 4], [4, 6], [4, 7]]
  225,  [[0, 0], [3, 3], [3, 4], [3, 5], [4, 4], [4, 6], [7, 7]]
  226,  [[0, 3], [3, 3], [3, 4], [3, 4], [4, 5], [4, 6], [7, 7]]
  227,  [[0, 0], [1, 5], [3, 3], [3, 4], [3, 4], [4, 6], [4, 7]]
  228,  [[0, 3], [1, 4], [3, 3], [3, 5], [3, 6], [4, 4], [4, 7]]
  229,  [[0, 3], [1, 4], [3, 3], [3, 4], [3, 5], [4, 4], [4, 6]]
  230,  [[0, 3], [1, 4], [3, 4], [3, 5], [4, 4], [4, 6], [7, 7]]
  231,  [[0, 3], [1, 4], [3, 4], [3, 5], [3, 6], [4, 4], [7, 7]]
  232,  [[0, 3], [1, 3], [3, 3], [3, 5], [4, 4], [4, 6], [4, 7]]
  233,  [[0, 0], [1, 3], [2, 4], [3, 3], [3, 5], [4, 6], [4, 7]]
  234,  [[0, 0], [1, 3], [3, 3], [3, 5], [4, 4], [4, 4], [4, 6]]
  235,  [[0, 3], [1, 3], [3, 3], [3, 4], [4, 5], [4, 6], [7, 7]]
  236,  [[0, 0], [1, 3], [2, 5], [3, 3], [3, 4], [4, 6], [4, 7]]
  237,  [[0, 0], [1, 3], [2, 4], [3, 3], [3, 4], [3, 5], [4, 6]]
  238,  [[0, 3], [1, 3], [3, 4], [4, 4], [4, 5], [4, 6], [7, 7]]
  239,  [[0, 3], [1, 3], [2, 4], [3, 4], [3, 5], [4, 6], [4, 7]]
  240,  [[0, 3], [1, 3], [3, 4], [3, 5], [4, 4], [4, 6], [7, 7]]
  241,  [[0, 0], [1, 3], [2, 4], [3, 4], [3, 5], [4, 6], [7, 7]]
  242,  [[0, 3], [1, 4], [3, 3], [3, 4], [3, 5], [4, 6], [7, 7]]
  243,  [[0, 0], [1, 3], [2, 5], [3, 4], [3, 6], [4, 4], [4, 7]]
  244,  [[0, 3], [1, 3], [3, 4], [3, 4], [4, 4], [4, 5], [6, 6]]
  245,  [[0, 3], [1, 3], [3, 4], [3, 4], [4, 5], [6, 6], [7, 7]]
  246,  [[0, 3], [1, 3], [2, 5], [3, 4], [3, 4], [4, 6], [4, 7]]
  247,  [[0, 0], [1, 3], [2, 5], [3, 4], [3, 4], [4, 4], [4, 6]]
  248,  [[0, 0], [1, 3], [2, 5], [3, 4], [3, 4], [4, 6], [7, 7]]
  249,  [[0, 0], [1, 3], [2, 4], [3, 4], [3, 4], [3, 5], [6, 6]]
  250,  [[0, 3], [1, 4], [3, 3], [3, 4], [3, 4], [4, 5], [6, 6]]
  251,  [[0, 0], [1, 3], [2, 5], [3, 4], [3, 4], [3, 6], [4, 4]]
  252,  [[0, 0], [1, 3], [3, 4], [3, 4], [3, 5], [4, 4], [6, 7]]
  253,  [[0, 3], [3, 4], [3, 4], [3, 5], [4, 4], [4, 6], [7, 7]]
  254,  [[0, 3], [1, 4], [3, 4], [3, 4], [4, 5], [6, 6], [7, 7]]
  255,  [[0, 3], [1, 4], [3, 4], [3, 4], [3, 5], [6, 6], [7, 7]]
  256,  [[0, 3], [1, 4], [2, 5], [3, 4], [3, 4], [3, 6], [4, 7]]
  257,  [[0, 0], [1, 5], [3, 3], [3, 4], [3, 4], [3, 6], [4, 7]]
  258,  [[0, 3], [1, 3], [2, 4], [3, 3], [4, 4], [4, 5], [4, 6]]
  259,  [[0, 3], [1, 3], [2, 4], [3, 3], [3, 4], [4, 4], [4, 5]]
  260,  [[0, 3], [1, 3], [2, 4], [3, 3], [3, 4], [4, 5], [6, 6]]
  261,  [[0, 3], [1, 3], [3, 3], [4, 4], [4, 5], [4, 6], [4, 7]]
  262,  [[0, 3], [1, 3], [3, 3], [4, 4], [4, 4], [4, 5], [6, 6]]
  263,  [[0, 3], [1, 3], [2, 5], [3, 3], [3, 4], [4, 4], [4, 6]]
  264,  [[0, 3], [1, 3], [3, 3], [3, 4], [4, 4], [4, 5], [6, 7]]
  265,  [[0, 3], [1, 3], [2, 4], [3, 5], [3, 6], [4, 4], [4, 4]]
  266,  [[0, 3], [1, 4], [3, 5], [3, 6], [3, 7], [4, 4], [4, 4]]
  267,  [[0, 3], [1, 4], [3, 3], [3, 5], [4, 4], [4, 4], [6, 6]]
  268,  [[0, 0], [1, 3], [2, 4], [3, 3], [3, 3], [4, 4], [4, 5]]
  269,  [[0, 0], [1, 3], [2, 4], [3, 3], [3, 4], [4, 4], [5, 5]]
  270,  [[0, 3], [1, 3], [2, 4], [3, 4], [3, 5], [4, 4], [6, 6]]
  271,  [[0, 0], [1, 3], [2, 4], [3, 3], [3, 4], [4, 5], [6, 7]]
  272,  [[0, 3], [1, 4], [3, 3], [3, 4], [4, 4], [5, 5], [6, 6]]
  273,  [[0, 3], [1, 4], [2, 5], [3, 3], [3, 4], [3, 6], [4, 4]]
  274,  [[0, 3], [1, 4], [3, 3], [3, 4], [3, 5], [4, 4], [6, 7]]
  275,  [[0, 0], [1, 5], [3, 3], [3, 3], [3, 4], [4, 4], [4, 6]]
  276,  [[0, 0], [1, 3], [2, 5], [3, 3], [3, 4], [4, 4], [4, 4]]
  277,  [[0, 0], [3, 3], [3, 3], [3, 4], [4, 4], [4, 5], [6, 7]]
  278,  [[0, 0], [1, 3], [3, 4], [3, 4], [4, 4], [4, 5], [6, 7]]
  279,  [[0, 0], [1, 3], [3, 3], [3, 4], [4, 4], [4, 4], [5, 6]]
  280,  [[0, 3], [1, 4], [2, 4], [3, 5], [3, 6], [4, 4], [7, 7]]
  281,  [[0, 3], [1, 4], [2, 4], [3, 3], [3, 3], [4, 4], [5, 5]]
  282,  [[0, 3], [1, 4], [2, 4], [3, 3], [3, 5], [4, 6], [7, 7]]
  283,  [[0, 3], [1, 4], [2, 4], [3, 3], [3, 5], [4, 4], [4, 6]]
  284,  [[0, 3], [1, 4], [2, 4], [3, 3], [3, 5], [4, 4], [6, 7]]
  285,  [[0, 3], [1, 4], [2, 4], [3, 3], [3, 4], [4, 5], [6, 6]]
  286,  [[0, 3], [1, 4], [2, 4], [3, 3], [3, 4], [4, 4], [5, 6]]
  287,  [[0, 3], [1, 4], [2, 4], [3, 4], [3, 5], [6, 6], [7, 7]]
  288,  [[0, 3], [1, 3], [2, 3], [4, 4], [4, 5], [4, 6], [7, 7]]
  289,  [[0, 3], [1, 3], [2, 3], [3, 5], [4, 4], [4, 4], [4, 6]]
  290,  [[0, 3], [1, 3], [2, 3], [4, 4], [4, 4], [4, 5], [6, 7]]
  291,  [[0, 3], [1, 3], [2, 3], [3, 4], [4, 4], [4, 4], [5, 6]]
  292,  [[0, 3], [1, 4], [2, 4], [3, 3], [3, 4], [5, 5], [6, 7]]
  293,  [[0, 3], [1, 4], [3, 3], [3, 4], [3, 4], [4, 4], [5, 6]]
  294,  [[0, 0], [1, 3], [3, 4], [3, 4], [3, 4], [4, 4], [5, 6]]
  295,  [[0, 0], [1, 3], [2, 4], [3, 3], [3, 4], [3, 4], [5, 6]]
  296,  [[0, 3], [1, 4], [2, 5], [3, 3], [3, 4], [3, 4], [4, 4]]
  297,  [[0, 3], [1, 4], [2, 5], [3, 4], [3, 4], [4, 4], [6, 6]]
  298,  [[0, 3], [1, 4], [3, 4], [3, 4], [4, 4], [5, 5], [6, 7]]
  299,  [[0, 0], [3, 3], [3, 4], [3, 4], [3, 4], [4, 5], [6, 7]]
  300,  [[0, 0], [1, 3], [3, 4], [3, 4], [3, 4], [5, 5], [6, 7]]
  301,  [[0, 5], [1, 3], [2, 6], [3, 4], [3, 7], [4, 4], [4, 4]]
  302,  [[0, 5], [3, 3], [3, 4], [3, 4], [4, 4], [6, 6], [7, 7]]
  303,  [[0, 5], [1, 6], [3, 3], [3, 4], [3, 4], [3, 7], [4, 4]]
  304,  [[0, 5], [1, 6], [3, 3], [3, 3], [3, 4], [4, 4], [4, 4]]
  305,  [[0, 5], [1, 3], [2, 4], [3, 3], [3, 6], [4, 4], [4, 7]]
  306,  [[0, 5], [1, 3], [2, 4], [3, 3], [3, 3], [4, 4], [4, 4]]
  307,  [[0, 5], [3, 3], [3, 3], [3, 6], [4, 4], [4, 4], [4, 7]]
  308,  [[0, 5], [1, 3], [2, 4], [3, 3], [3, 4], [4, 4], [6, 7]]
  309,  [[0, 5], [1, 3], [2, 4], [3, 4], [3, 4], [6, 6], [7, 7]]
  310,  [[0, 5], [1, 3], [2, 6], [3, 4], [3, 4], [4, 4], [7, 7]]
  311,  [[0, 5], [3, 3], [3, 3], [3, 4], [4, 4], [4, 4], [6, 7]]
  312,  [[0, 0], [1, 3], [2, 4], [3, 4], [3, 4], [3, 4], [5, 5]]
  313,  [[0, 5], [1, 3], [2, 4], [3, 4], [3, 4], [3, 4], [6, 7]]
  314,  [[0, 0], [1, 3], [2, 5], [3, 4], [3, 4], [3, 4], [4, 4]]
  315,  [[0, 5], [1, 6], [3, 3], [3, 4], [3, 4], [3, 4], [4, 4]]
  316,  [[0, 5], [3, 3], [3, 4], [3, 4], [3, 4], [4, 4], [6, 7]]
  317,  [[0, 0], [1, 5], [3, 3], [3, 4], [3, 4], [3, 4], [4, 6]]
  318,  [[0, 0], [1, 3], [2, 5], [3, 4], [3, 4], [3, 4], [6, 6]]
  319,  [[0, 5], [1, 6], [3, 3], [3, 4], [3, 4], [3, 4], [7, 7]]
  320,  [[0, 1], [2, 3], [3, 4], [3, 5], [3, 6], [4, 4], [4, 7]]
  321,  [[0, 1], [3, 3], [3, 3], [3, 5], [4, 4], [4, 6], [4, 7]]
  322,  [[0, 1], [3, 3], [3, 4], [3, 5], [4, 4], [4, 6], [7, 7]]
  323,  [[0, 1], [3, 3], [3, 3], [3, 4], [4, 5], [4, 6], [7, 7]]
  324,  [[0, 1], [3, 3], [3, 4], [3, 4], [3, 5], [4, 4], [6, 6]]
  325,  [[0, 1], [3, 3], [3, 4], [3, 4], [4, 5], [6, 6], [7, 7]]
  326,  [[0, 1], [2, 5], [3, 3], [3, 4], [3, 4], [4, 6], [4, 7]]
  327,  [[0, 1], [3, 4], [3, 4], [3, 4], [3, 5], [4, 6], [7, 7]]
  328,  [[0, 1], [2, 5], [3, 3], [3, 4], [3, 4], [3, 6], [4, 7]]
  329,  [[0, 1], [2, 3], [3, 3], [3, 5], [4, 4], [4, 4], [4, 6]]
  330,  [[0, 1], [2, 3], [3, 3], [3, 4], [3, 5], [4, 4], [4, 4]]
  331,  [[0, 1], [2, 3], [3, 4], [3, 5], [4, 4], [4, 4], [6, 6]]
  332,  [[0, 1], [2, 3], [3, 4], [3, 4], [4, 4], [5, 5], [6, 6]]
  333,  [[0, 1], [2, 3], [3, 4], [3, 4], [4, 4], [4, 5], [6, 7]]
  334,  [[0, 1], [2, 3], [3, 4], [3, 4], [3, 5], [4, 4], [6, 7]]
  335,  [[0, 1], [2, 5], [3, 3], [3, 3], [3, 4], [4, 4], [4, 6]]
  336,  [[0, 1], [3, 3], [3, 3], [3, 4], [4, 4], [4, 5], [6, 7]]
  337,  [[0, 1], [2, 3], [3, 3], [3, 4], [4, 4], [4, 4], [5, 6]]
  338,  [[0, 1], [2, 3], [3, 4], [3, 4], [3, 4], [4, 4], [5, 6]]
  339,  [[0, 1], [2, 5], [3, 3], [3, 4], [3, 4], [3, 4], [4, 6]]
  340,  [[0, 1], [3, 3], [3, 4], [3, 4], [3, 4], [4, 5], [6, 7]]
  341,  [[0, 1], [2, 3], [3, 4], [3, 4], [3, 4], [5, 5], [6, 7]]
  342,  [[0, 3], [3, 3], [3, 4], [4, 4], [4, 5], [4, 6], [7, 7]]
  343,  [[0, 3], [1, 4], [3, 3], [3, 4], [3, 5], [4, 6], [4, 7]]
  344,  [[0, 3], [3, 3], [3, 4], [3, 5], [4, 4], [4, 6], [7, 7]]
  345,  [[0, 0], [1, 3], [3, 5], [3, 6], [4, 4], [4, 4], [4, 7]]
  346,  [[0, 3], [3, 3], [3, 5], [3, 6], [4, 4], [4, 4], [4, 7]]
  347,  [[0, 0], [1, 5], [3, 3], [3, 4], [3, 6], [4, 4], [4, 7]]
  348,  [[0, 3], [1, 5], [3, 3], [3, 4], [3, 4], [4, 6], [4, 7]]
  349,  [[0, 0], [1, 5], [3, 3], [3, 3], [3, 4], [4, 6], [4, 7]]
  350,  [[0, 0], [1, 5], [3, 3], [3, 4], [3, 4], [3, 6], [4, 4]]
  351,  [[0, 0], [1, 5], [3, 3], [3, 4], [3, 4], [4, 6], [7, 7]]
  352,  [[0, 3], [1, 3], [2, 4], [3, 5], [3, 6], [4, 4], [4, 7]]
  353,  [[0, 3], [1, 4], [3, 3], [3, 5], [4, 4], [4, 6], [7, 7]]
  354,  [[0, 3], [1, 3], [2, 4], [3, 4], [3, 5], [4, 4], [4, 6]]
  355,  [[0, 3], [1, 4], [3, 3], [3, 4], [4, 4], [4, 5], [6, 6]]
  356,  [[0, 3], [1, 4], [3, 4], [3, 5], [4, 4], [6, 6], [7, 7]]
  357,  [[0, 3], [1, 4], [2, 5], [3, 4], [3, 6], [4, 4], [4, 7]]
  358,  [[0, 3], [3, 4], [3, 5], [3, 6], [4, 4], [4, 4], [7, 7]]
  359,  [[0, 3], [1, 4], [3, 5], [3, 6], [4, 4], [4, 4], [7, 7]]
  360,  [[0, 3], [1, 4], [2, 5], [3, 4], [3, 6], [3, 7], [4, 4]]
  361,  [[0, 3], [1, 3], [3, 3], [4, 4], [4, 5], [4, 6], [7, 7]]
  362,  [[0, 3], [1, 3], [2, 4], [3, 3], [3, 5], [4, 6], [4, 7]]
  363,  [[0, 3], [1, 3], [3, 3], [3, 5], [4, 4], [4, 4], [4, 6]]
  364,  [[0, 0], [1, 3], [2, 4], [3, 3], [3, 5], [4, 4], [4, 6]]
  365,  [[0, 3], [1, 3], [2, 5], [3, 3], [3, 4], [4, 6], [4, 7]]
  366,  [[0, 3], [1, 3], [2, 4], [3, 4], [4, 5], [4, 6], [7, 7]]
  367,  [[0, 3], [1, 3], [3, 4], [4, 4], [4, 5], [6, 6], [7, 7]]
  368,  [[0, 3], [1, 3], [2, 5], [3, 4], [4, 4], [4, 6], [4, 7]]
  369,  [[0, 3], [1, 3], [2, 4], [3, 5], [4, 4], [4, 6], [4, 7]]
  370,  [[0, 3], [1, 3], [2, 4], [3, 4], [3, 5], [4, 6], [7, 7]]
  371,  [[0, 3], [1, 3], [3, 5], [4, 4], [4, 4], [4, 6], [7, 7]]
  372,  [[0, 3], [1, 3], [3, 4], [3, 5], [4, 4], [4, 4], [6, 6]]
  373,  [[0, 3], [1, 3], [2, 5], [3, 4], [3, 6], [4, 4], [4, 7]]
  374,  [[0, 3], [1, 4], [3, 3], [3, 4], [4, 5], [6, 6], [7, 7]]
  375,  [[0, 3], [1, 4], [2, 5], [3, 3], [3, 4], [3, 6], [4, 7]]
  376,  [[0, 0], [1, 3], [2, 5], [3, 4], [3, 6], [4, 4], [4, 4]]
  377,  [[0, 3], [1, 3], [2, 4], [3, 4], [3, 4], [4, 5], [6, 6]]
  378,  [[0, 3], [1, 3], [3, 4], [3, 4], [4, 4], [5, 5], [6, 6]]
  379,  [[0, 3], [1, 3], [2, 5], [3, 4], [3, 4], [4, 4], [4, 6]]
  380,  [[0, 3], [1, 3], [3, 4], [3, 4], [4, 4], [4, 5], [6, 7]]
  381,  [[0, 3], [1, 3], [2, 5], [3, 4], [3, 4], [4, 6], [7, 7]]
  382,  [[0, 0], [1, 3], [2, 5], [3, 4], [3, 4], [4, 4], [6, 6]]
  383,  [[0, 3], [1, 4], [2, 5], [3, 4], [3, 4], [3, 6], [7, 7]]
  384,  [[0, 0], [1, 3], [2, 4], [3, 4], [3, 4], [3, 5], [6, 7]]
  385,  [[0, 3], [1, 4], [2, 5], [3, 3], [3, 4], [3, 4], [4, 6]]
  386,  [[0, 3], [1, 4], [3, 3], [3, 4], [3, 4], [4, 5], [6, 7]]
  387,  [[0, 0], [3, 3], [3, 4], [3, 4], [3, 5], [4, 4], [6, 7]]
  388,  [[0, 0], [1, 3], [3, 4], [3, 5], [4, 4], [4, 4], [6, 7]]
  389,  [[0, 0], [1, 3], [3, 4], [3, 4], [4, 4], [5, 5], [6, 7]]
  390,  [[0, 3], [3, 4], [3, 4], [3, 5], [4, 4], [6, 6], [7, 7]]
  391,  [[0, 3], [1, 5], [3, 4], [3, 4], [3, 6], [4, 4], [4, 7]]
  392,  [[0, 3], [1, 4], [2, 5], [3, 4], [3, 4], [4, 6], [7, 7]]
  393,  [[0, 0], [1, 5], [3, 4], [3, 4], [3, 4], [3, 6], [4, 7]]
  394,  [[0, 3], [1, 4], [3, 3], [3, 3], [4, 4], [4, 5], [4, 6]]
  395,  [[0, 3], [1, 3], [2, 4], [3, 3], [4, 5], [4, 6], [4, 7]]
  396,  [[0, 3], [1, 3], [2, 4], [3, 3], [4, 4], [4, 5], [6, 6]]
  397,  [[0, 3], [1, 3], [2, 4], [3, 3], [3, 4], [4, 4], [5, 5]]
  398,  [[0, 3], [1, 3], [2, 4], [3, 3], [3, 4], [4, 5], [6, 7]]
  399,  [[0, 3], [3, 3], [3, 3], [4, 4], [4, 5], [4, 6], [4, 7]]
  400,  [[0, 3], [1, 3], [2, 5], [3, 3], [4, 4], [4, 4], [4, 6]]
  401,  [[0, 3], [1, 3], [3, 3], [4, 4], [4, 4], [4, 5], [6, 7]]
  402,  [[0, 3], [1, 3], [2, 5], [3, 3], [3, 4], [4, 4], [4, 4]]
  403,  [[0, 3], [1, 3], [3, 3], [3, 4], [4, 4], [4, 4], [5, 6]]
  404,  [[0, 3], [1, 3], [2, 4], [3, 3], [3, 5], [4, 4], [4, 4]]
  405,  [[0, 3], [1, 3], [2, 4], [3, 5], [4, 4], [4, 4], [6, 6]]
  406,  [[0, 3], [1, 4], [2, 5], [3, 3], [3, 6], [4, 4], [4, 4]]
  407,  [[0, 3], [1, 4], [3, 3], [3, 5], [4, 4], [4, 4], [6, 7]]
  408,  [[0, 0], [1, 3], [2, 4], [3, 3], [3, 4], [4, 4], [5, 6]]
  409,  [[0, 3], [1, 3], [2, 4], [3, 4], [4, 4], [5, 5], [6, 6]]
  410,  [[0, 3], [1, 3], [2, 4], [3, 4], [3, 5], [4, 4], [6, 7]]
  411,  [[0, 3], [1, 4], [2, 5], [3, 3], [3, 4], [4, 4], [6, 6]]
  412,  [[0, 3], [1, 4], [3, 3], [3, 4], [4, 4], [5, 5], [6, 7]]
  413,  [[0, 3], [1, 5], [3, 3], [3, 4], [3, 6], [4, 4], [4, 4]]
  414,  [[0, 3], [3, 3], [3, 4], [3, 5], [4, 4], [4, 4], [6, 7]]
  415,  [[0, 3], [1, 4], [2, 4], [3, 3], [3, 3], [4, 5], [6, 6]]
  416,  [[0, 3], [1, 4], [2, 4], [3, 3], [3, 3], [4, 4], [4, 5]]
  417,  [[0, 3], [1, 4], [2, 4], [3, 3], [3, 3], [4, 4], [5, 6]]
  418,  [[0, 3], [1, 4], [2, 4], [3, 3], [3, 5], [4, 6], [4, 7]]
  419,  [[0, 3], [1, 4], [2, 4], [3, 3], [3, 4], [4, 5], [6, 7]]
  420,  [[0, 3], [1, 3], [2, 4], [3, 4], [3, 4], [4, 4], [5, 6]]
  421,  [[0, 0], [1, 3], [2, 4], [3, 4], [3, 4], [3, 4], [5, 6]]
  422,  [[0, 3], [1, 4], [2, 5], [3, 4], [3, 4], [3, 4], [6, 6]]
  423,  [[0, 3], [1, 4], [2, 5], [3, 4], [3, 4], [4, 4], [6, 7]]
  424,  [[0, 3], [1, 4], [3, 4], [3, 4], [3, 4], [5, 5], [6, 7]]
  425,  [[0, 0], [1, 3], [2, 5], [3, 4], [3, 4], [3, 4], [6, 7]]
  426,  [[0, 5], [1, 6], [3, 3], [3, 4], [3, 4], [4, 4], [7, 7]]
  427,  [[0, 5], [1, 6], [2, 7], [3, 3], [3, 4], [3, 4], [3, 4]]
  428,  [[0, 1], [2, 3], [3, 5], [3, 6], [4, 4], [4, 4], [4, 7]]
  429,  [[0, 1], [3, 3], [3, 3], [3, 5], [4, 4], [4, 4], [4, 6]]
  430,  [[0, 1], [2, 5], [3, 3], [3, 4], [3, 6], [4, 4], [4, 7]]
  431,  [[0, 1], [2, 5], [3, 3], [3, 3], [3, 4], [4, 6], [4, 7]]
  432,  [[0, 1], [3, 3], [3, 4], [3, 4], [4, 4], [5, 5], [6, 6]]
  433,  [[0, 1], [2, 5], [3, 3], [3, 4], [3, 4], [3, 6], [4, 4]]
  434,  [[0, 1], [3, 3], [3, 4], [3, 4], [3, 5], [4, 4], [6, 7]]
  435,  [[0, 1], [3, 4], [3, 4], [3, 4], [3, 5], [6, 6], [7, 7]]
  436,  [[0, 1], [2, 5], [3, 3], [3, 4], [3, 4], [4, 6], [7, 7]]
  437,  [[0, 0], [3, 4], [3, 4], [3, 4], [3, 5], [4, 6], [7, 7]]
  438,  [[0, 1], [2, 5], [3, 4], [3, 4], [3, 4], [3, 6], [4, 7]]
  439,  [[0, 1], [2, 3], [3, 4], [3, 5], [4, 4], [4, 4], [6, 7]]
  440,  [[0, 1], [2, 3], [3, 4], [3, 4], [4, 4], [5, 5], [6, 7]]
  441,  [[0, 1], [2, 5], [3, 3], [3, 3], [3, 4], [4, 4], [4, 4]]
  442,  [[0, 1], [3, 3], [3, 3], [3, 4], [4, 4], [4, 4], [5, 6]]
  443,  [[0, 1], [3, 3], [3, 4], [3, 4], [3, 4], [4, 4], [5, 6]]
  444,  [[0, 1], [2, 5], [3, 3], [3, 4], [3, 4], [3, 4], [4, 4]]
  445,  [[0, 1], [2, 5], [3, 3], [3, 4], [3, 4], [3, 4], [6, 6]]
  446,  [[0, 1], [3, 3], [3, 4], [3, 4], [3, 4], [5, 5], [6, 7]]
  447,  [[0, 3], [3, 3], [3, 3], [4, 4], [4, 5], [4, 6], [7, 7]]
  448,  [[0, 3], [1, 4], [3, 3], [3, 4], [4, 5], [4, 6], [7, 7]]
  449,  [[0, 3], [3, 3], [3, 4], [4, 4], [4, 5], [6, 6], [7, 7]]
  450,  [[0, 3], [1, 5], [3, 3], [3, 4], [4, 4], [4, 6], [4, 7]]
  451,  [[0, 3], [1, 4], [3, 3], [3, 5], [4, 4], [4, 6], [4, 7]]
  452,  [[0, 3], [3, 3], [3, 5], [4, 4], [4, 4], [4, 6], [7, 7]]
  453,  [[0, 3], [1, 5], [3, 3], [3, 4], [3, 6], [4, 4], [4, 7]]
  454,  [[0, 3], [1, 3], [3, 5], [3, 6], [4, 4], [4, 4], [4, 7]]
  455,  [[0, 3], [1, 5], [3, 3], [3, 4], [3, 4], [4, 4], [4, 6]]
  456,  [[0, 3], [1, 5], [3, 3], [3, 4], [3, 4], [4, 6], [7, 7]]
  457,  [[0, 3], [1, 5], [3, 4], [3, 6], [3, 7], [4, 4], [4, 4]]
  458,  [[0, 0], [1, 5], [3, 3], [3, 4], [3, 4], [4, 4], [6, 6]]
  459,  [[0, 3], [1, 5], [3, 4], [3, 4], [3, 6], [4, 4], [7, 7]]
  460,  [[0, 0], [1, 5], [3, 4], [3, 4], [3, 4], [3, 6], [7, 7]]
  461,  [[0, 0], [1, 5], [2, 6], [3, 3], [3, 4], [3, 4], [4, 7]]
  462,  [[0, 3], [1, 3], [2, 4], [3, 3], [3, 5], [4, 4], [4, 6]]
  463,  [[0, 3], [1, 3], [2, 4], [3, 5], [4, 4], [4, 6], [7, 7]]
  464,  [[0, 3], [1, 4], [3, 3], [3, 3], [4, 4], [4, 5], [6, 6]]
  465,  [[0, 3], [1, 4], [2, 5], [3, 3], [3, 6], [4, 4], [4, 7]]
  466,  [[0, 3], [1, 3], [2, 4], [3, 4], [4, 4], [4, 5], [6, 6]]
  467,  [[0, 3], [1, 4], [2, 5], [3, 3], [3, 4], [4, 4], [4, 6]]
  468,  [[0, 3], [1, 4], [3, 3], [3, 4], [4, 4], [4, 5], [6, 7]]
  469,  [[0, 3], [1, 4], [2, 5], [3, 4], [3, 6], [4, 4], [7, 7]]
  470,  [[0, 3], [1, 4], [2, 5], [3, 6], [3, 7], [4, 4], [4, 4]]
  471,  [[0, 3], [1, 3], [2, 4], [3, 3], [4, 5], [4, 6], [7, 7]]
  472,  [[0, 3], [1, 3], [2, 5], [3, 3], [4, 4], [4, 6], [4, 7]]
  473,  [[0, 3], [1, 3], [2, 4], [3, 4], [4, 5], [6, 6], [7, 7]]
  474,  [[0, 3], [1, 3], [2, 5], [3, 4], [4, 4], [4, 6], [7, 7]]
  475,  [[0, 3], [1, 3], [2, 5], [3, 6], [4, 4], [4, 4], [4, 7]]
  476,  [[0, 3], [1, 3], [2, 5], [3, 4], [3, 6], [4, 4], [4, 4]]
  477,  [[0, 3], [1, 3], [3, 4], [3, 5], [4, 4], [4, 4], [6, 7]]
  478,  [[0, 3], [1, 4], [2, 5], [3, 3], [3, 4], [4, 6], [7, 7]]
  479,  [[0, 3], [1, 3], [2, 4], [3, 4], [3, 4], [4, 4], [5, 5]]
  480,  [[0, 3], [1, 3], [2, 4], [3, 4], [3, 4], [5, 5], [6, 6]]
  481,  [[0, 3], [1, 3], [2, 4], [3, 4], [3, 4], [4, 5], [6, 7]]
  482,  [[0, 3], [1, 3], [2, 5], [3, 4], [3, 4], [4, 4], [6, 6]]
  483,  [[0, 3], [1, 3], [3, 4], [3, 4], [4, 4], [5, 5], [6, 7]]
  484,  [[0, 3], [3, 3], [3, 4], [3, 4], [4, 4], [4, 5], [6, 7]]
  485,  [[0, 3], [1, 4], [2, 5], [3, 3], [3, 4], [3, 4], [6, 6]]
  486,  [[0, 0], [1, 3], [2, 5], [3, 4], [3, 4], [4, 4], [6, 7]]
  487,  [[0, 3], [1, 4], [2, 5], [3, 4], [3, 4], [6, 6], [7, 7]]
  488,  [[0, 0], [1, 3], [2, 4], [3, 4], [3, 4], [5, 5], [6, 7]]
  489,  [[0, 3], [1, 4], [3, 3], [3, 4], [3, 4], [5, 5], [6, 7]]
  490,  [[0, 0], [3, 3], [3, 4], [3, 4], [4, 4], [5, 5], [6, 7]]
  491,  [[0, 3], [1, 5], [3, 4], [3, 4], [4, 4], [4, 6], [7, 7]]
  492,  [[0, 3], [1, 4], [2, 4], [3, 3], [3, 3], [4, 5], [4, 6]]
  493,  [[0, 3], [1, 4], [3, 3], [3, 3], [4, 5], [4, 6], [4, 7]]
  494,  [[0, 3], [1, 3], [2, 4], [3, 3], [4, 4], [4, 4], [5, 5]]
  495,  [[0, 3], [1, 3], [2, 4], [3, 3], [4, 4], [4, 5], [6, 7]]
  496,  [[0, 3], [1, 3], [2, 4], [3, 3], [3, 4], [4, 4], [5, 6]]
  497,  [[0, 3], [1, 5], [3, 3], [3, 3], [4, 4], [4, 4], [4, 6]]
  498,  [[0, 3], [3, 3], [3, 3], [4, 4], [4, 4], [4, 5], [6, 7]]
  499,  [[0, 3], [1, 3], [2, 4], [3, 5], [4, 4], [4, 4], [6, 7]]
  500,  [[0, 3], [1, 4], [2, 5], [3, 3], [3, 3], [4, 4], [4, 4]]
  501,  [[0, 3], [1, 4], [3, 3], [3, 3], [4, 4], [4, 4], [5, 6]]
  502,  [[0, 3], [1, 3], [2, 4], [3, 4], [4, 4], [5, 5], [6, 7]]
  503,  [[0, 3], [1, 5], [3, 3], [3, 4], [4, 4], [4, 4], [6, 6]]
  504,  [[0, 3], [1, 4], [2, 5], [3, 3], [3, 4], [4, 4], [6, 7]]
  505,  [[0, 3], [3, 3], [3, 4], [4, 4], [4, 4], [5, 5], [6, 7]]
  506,  [[0, 3], [1, 4], [2, 4], [3, 3], [3, 3], [4, 5], [6, 7]]
  507,  [[0, 3], [1, 5], [3, 4], [3, 4], [3, 4], [4, 4], [6, 6]]
  508,  [[0, 3], [1, 4], [3, 4], [3, 4], [3, 4], [5, 5], [6, 6]]
  509,  [[0, 3], [1, 4], [2, 5], [3, 4], [3, 4], [3, 4], [6, 7]]
  510,  [[0, 3], [3, 4], [3, 4], [3, 4], [4, 4], [5, 5], [6, 7]]
  511,  [[0, 0], [1, 5], [3, 3], [3, 4], [3, 4], [3, 4], [6, 7]]
  512,  [[0, 5], [1, 6], [2, 7], [3, 3], [3, 4], [3, 4], [4, 4]]
  513,  [[0, 0], [1, 5], [2, 6], [3, 3], [3, 4], [3, 4], [3, 4]]
  514,  [[0, 1], [2, 5], [3, 3], [3, 4], [3, 4], [4, 4], [6, 6]]
  515,  [[0, 1], [3, 3], [3, 4], [3, 4], [4, 4], [5, 5], [6, 7]]
  516,  [[0, 1], [2, 5], [3, 4], [3, 4], [3, 4], [3, 6], [7, 7]]
  517,  [[0, 1], [2, 5], [3, 3], [3, 4], [3, 4], [3, 4], [6, 7]]
  518,  [[0, 3], [1, 4], [3, 3], [3, 3], [4, 5], [4, 6], [7, 7]]
  519,  [[0, 3], [1, 5], [3, 3], [3, 3], [4, 4], [4, 6], [4, 7]]
  520,  [[0, 3], [1, 4], [2, 5], [3, 3], [3, 4], [4, 6], [4, 7]]
  521,  [[0, 3], [1, 5], [3, 3], [3, 4], [4, 4], [4, 6], [7, 7]]
  522,  [[0, 3], [1, 5], [3, 3], [3, 6], [4, 4], [4, 4], [4, 7]]
  523,  [[0, 3], [1, 5], [3, 3], [3, 4], [3, 4], [4, 4], [6, 6]]
  524,  [[0, 3], [1, 5], [3, 4], [3, 4], [3, 4], [4, 6], [7, 7]]
  525,  [[0, 3], [1, 5], [2, 6], [3, 3], [3, 4], [3, 4], [4, 7]]
  526,  [[0, 3], [1, 5], [3, 4], [3, 6], [4, 4], [4, 4], [7, 7]]
  527,  [[0, 0], [1, 5], [2, 6], [3, 3], [3, 4], [3, 4], [4, 4]]
  528,  [[0, 0], [1, 5], [3, 3], [3, 4], [3, 4], [4, 4], [6, 7]]
  529,  [[0, 3], [1, 5], [3, 4], [3, 4], [4, 4], [6, 6], [7, 7]]
  530,  [[0, 3], [1, 5], [2, 6], [3, 4], [3, 4], [3, 7], [4, 4]]
  531,  [[0, 0], [1, 5], [2, 6], [3, 4], [3, 4], [3, 4], [3, 7]]
  532,  [[0, 3], [1, 4], [2, 5], [3, 3], [3, 3], [4, 4], [4, 6]]
  533,  [[0, 3], [1, 4], [3, 3], [3, 3], [4, 4], [4, 5], [6, 7]]
  534,  [[0, 3], [1, 3], [2, 4], [3, 4], [4, 4], [4, 5], [6, 7]]
  535,  [[0, 3], [1, 3], [2, 5], [3, 4], [4, 4], [4, 4], [6, 6]]
  536,  [[0, 3], [1, 3], [3, 4], [4, 4], [4, 4], [5, 5], [6, 7]]
  537,  [[0, 3], [1, 3], [2, 4], [3, 4], [3, 4], [5, 5], [6, 7]]
  538,  [[0, 3], [1, 3], [2, 5], [3, 4], [3, 4], [4, 4], [6, 7]]
  539,  [[0, 3], [3, 3], [3, 4], [3, 4], [4, 4], [5, 5], [6, 7]]
  540,  [[0, 3], [1, 4], [2, 5], [3, 3], [3, 4], [3, 4], [6, 7]]
  541,  [[0, 3], [1, 5], [2, 6], [3, 4], [3, 4], [4, 4], [4, 7]]
  542,  [[0, 3], [1, 3], [2, 4], [3, 3], [4, 4], [4, 4], [5, 6]]
  543,  [[0, 3], [1, 5], [2, 6], [3, 3], [3, 4], [4, 4], [4, 4]]
  544,  [[0, 3], [1, 5], [3, 3], [3, 4], [4, 4], [4, 4], [6, 7]]
  545,  [[0, 3], [1, 5], [2, 6], [3, 4], [3, 4], [3, 4], [4, 4]]
  546,  [[0, 3], [1, 5], [3, 4], [3, 4], [3, 4], [4, 4], [6, 7]]
  547,  [[0, 1], [2, 5], [3, 3], [3, 4], [3, 4], [4, 4], [6, 7]]
  548,  [[0, 1], [2, 5], [3, 4], [3, 4], [3, 4], [6, 6], [7, 7]]
  549,  [[0, 3], [1, 4], [2, 5], [3, 3], [3, 3], [4, 6], [4, 7]]
  550,  [[0, 3], [1, 5], [2, 6], [3, 3], [3, 4], [4, 4], [4, 7]]
  551,  [[0, 3], [1, 5], [2, 6], [3, 3], [3, 4], [3, 4], [4, 4]]
  552,  [[0, 3], [1, 5], [3, 3], [3, 4], [3, 4], [4, 4], [6, 7]]
  553,  [[0, 3], [3, 4], [3, 4], [3, 4], [4, 5], [6, 6], [7, 7]]
  554,  [[0, 3], [1, 5], [3, 4], [3, 4], [3, 4], [6, 6], [7, 7]]
  555,  [[0, 3], [1, 5], [2, 6], [3, 4], [3, 4], [3, 4], [4, 7]]
  556,  [[0, 3], [1, 5], [2, 6], [3, 4], [3, 7], [4, 4], [4, 4]]
  557,  [[0, 3], [1, 5], [2, 6], [3, 4], [3, 4], [4, 4], [7, 7]]
  558,  [[0, 0], [1, 5], [2, 6], [3, 4], [3, 4], [3, 4], [7, 7]]
  559,  [[0, 3], [1, 3], [2, 5], [3, 4], [4, 4], [4, 4], [6, 7]]
  560,  [[0, 3], [1, 5], [2, 6], [3, 4], [3, 4], [3, 4], [7, 7]]
Total nodes =  561
Total edges =  1580
Goal candidates No. 46
Goal candidates No. 64
True Goal graph No. 71
Goal candidates No. 79
Goal candidates No. 92
Goal candidates No. 103
Goal candidates No. 221
Goal candidates No. 239
Goal candidates No. 246
Goal candidates No. 256
Goal candidates No. 313
Goal candidates No. 438
Goal candidates No. 481
Goal candidates No. 509
Goal candidates No. 555
Total Goals =  15  and Paths = 1672 

True paths: 4 / 1672 

