Nomber of atoms =  8
Atoms =  ['X', 'O', 'N', 'CH3', 'CH3', 'C', 'H', 'H']
Valence electrons =  [7, 6, 5, 1, 1, 4, 1, 1]
Fixed electrons =  [[0, 0], [0, 0], [0, 0], [1, 1]]
Good initial graph No.0!
Good goal graph!

 Generated No. and Nodes:
    0,  [[0, 5], [1, 1], [1, 5], [1, 5], [2, 2], [2, 3], [2, 6], [2, 7], [4, 5]]
    1,  [[0, 0], [1, 1], [1, 5], [1, 5], [2, 2], [2, 3], [2, 6], [2, 7], [4, 5]]
    2,  [[0, 5], [1, 1], [1, 1], [1, 5], [2, 2], [2, 3], [2, 6], [2, 7], [4, 5]]
    3,  [[0, 5], [1, 1], [1, 5], [1, 5], [2, 2], [2, 2], [2, 6], [2, 7], [3, 5]]
    4,  [[0, 5], [1, 1], [1, 5], [1, 5], [2, 2], [2, 2], [2, 3], [2, 6], [4, 5]]
    5,  [[0, 5], [1, 1], [1, 5], [1, 5], [2, 2], [2, 3], [2, 6], [4, 5], [7, 7]]
    6,  [[0, 5], [1, 1], [1, 5], [1, 5], [2, 2], [2, 3], [2, 6], [2, 7], [5, 5]]
    7,  [[0, 0], [1, 5], [1, 5], [1, 5], [2, 2], [2, 3], [2, 6], [2, 7], [4, 5]]
    8,  [[0, 0], [1, 1], [1, 5], [1, 5], [2, 3], [2, 5], [2, 6], [2, 7], [4, 5]]
    9,  [[0, 0], [1, 1], [1, 5], [1, 5], [2, 2], [2, 2], [2, 6], [2, 7], [3, 5]]
   10,  [[0, 0], [1, 1], [1, 5], [1, 5], [2, 2], [2, 2], [2, 3], [2, 6], [4, 5]]
   11,  [[0, 0], [1, 1], [1, 5], [1, 5], [2, 2], [2, 3], [2, 6], [4, 5], [7, 7]]
   12,  [[0, 0], [1, 1], [1, 5], [1, 5], [2, 2], [2, 3], [2, 6], [2, 7], [5, 5]]
   13,  [[0, 5], [1, 1], [1, 1], [1, 5], [2, 3], [2, 5], [2, 6], [2, 7], [4, 5]]
   14,  [[0, 5], [1, 1], [1, 1], [1, 5], [2, 2], [2, 2], [2, 6], [2, 7], [3, 5]]
   15,  [[0, 5], [1, 1], [1, 1], [1, 5], [2, 2], [2, 2], [2, 3], [2, 6], [4, 5]]
   16,  [[0, 5], [1, 1], [1, 1], [1, 5], [2, 2], [2, 3], [2, 6], [4, 5], [7, 7]]
   17,  [[0, 5], [1, 1], [1, 1], [1, 5], [2, 2], [2, 3], [2, 6], [2, 7], [5, 5]]
   18,  [[0, 5], [1, 3], [1, 5], [1, 5], [2, 2], [2, 2], [2, 6], [2, 7], [4, 5]]
   19,  [[0, 5], [1, 1], [1, 5], [1, 5], [2, 2], [2, 2], [2, 6], [3, 5], [7, 7]]
   20,  [[0, 5], [1, 1], [1, 5], [1, 5], [2, 2], [2, 2], [2, 6], [2, 7], [5, 5]]
   21,  [[0, 5], [1, 5], [1, 5], [1, 6], [2, 2], [2, 2], [2, 3], [2, 7], [4, 5]]
   22,  [[0, 5], [1, 1], [1, 5], [1, 5], [2, 2], [2, 2], [2, 3], [4, 5], [6, 6]]
   23,  [[0, 5], [1, 1], [1, 5], [1, 5], [2, 2], [2, 2], [2, 3], [2, 6], [5, 5]]
   24,  [[0, 5], [1, 2], [1, 5], [1, 5], [2, 2], [2, 3], [2, 6], [4, 5], [7, 7]]
   25,  [[0, 5], [1, 1], [1, 5], [1, 5], [2, 2], [2, 3], [2, 6], [5, 5], [7, 7]]
   26,  [[0, 5], [1, 3], [1, 5], [1, 5], [2, 2], [2, 4], [2, 6], [2, 7], [5, 5]]
   27,  [[0, 5], [1, 1], [1, 5], [1, 5], [2, 3], [2, 4], [2, 6], [2, 7], [5, 5]]
   28,  [[0, 0], [1, 5], [1, 5], [1, 5], [2, 2], [2, 2], [2, 6], [2, 7], [3, 5]]
   29,  [[0, 0], [1, 5], [1, 5], [1, 5], [2, 2], [2, 2], [2, 3], [2, 6], [4, 5]]
   30,  [[0, 0], [1, 5], [1, 5], [1, 5], [2, 2], [2, 3], [2, 6], [4, 5], [7, 7]]
   31,  [[0, 0], [1, 5], [1, 5], [1, 5], [2, 2], [2, 3], [2, 6], [2, 7], [5, 5]]
   32,  [[0, 0], [1, 1], [1, 1], [1, 5], [2, 3], [2, 5], [2, 6], [2, 7], [4, 5]]
   33,  [[0, 0], [1, 1], [1, 5], [1, 5], [2, 2], [2, 5], [2, 6], [2, 7], [3, 5]]
   34,  [[0, 0], [1, 1], [1, 5], [1, 5], [2, 2], [2, 3], [2, 5], [2, 6], [4, 5]]
   35,  [[0, 0], [1, 1], [1, 5], [1, 5], [2, 3], [2, 5], [2, 6], [2, 7], [5, 5]]
   36,  [[0, 3], [1, 1], [1, 5], [1, 5], [2, 2], [2, 2], [2, 6], [2, 7], [4, 5]]
   37,  [[0, 0], [1, 3], [1, 5], [1, 5], [2, 2], [2, 2], [2, 6], [2, 7], [4, 5]]
   38,  [[0, 0], [1, 1], [1, 5], [1, 5], [2, 2], [2, 2], [2, 6], [3, 5], [7, 7]]
   39,  [[0, 0], [1, 1], [1, 5], [1, 5], [2, 2], [2, 2], [2, 6], [2, 7], [5, 5]]
   40,  [[0, 6], [1, 1], [1, 5], [1, 5], [2, 2], [2, 2], [2, 3], [2, 7], [4, 5]]
   41,  [[0, 0], [1, 5], [1, 5], [1, 6], [2, 2], [2, 2], [2, 3], [2, 7], [4, 5]]
   42,  [[0, 0], [1, 1], [1, 5], [1, 5], [2, 2], [2, 2], [2, 3], [4, 5], [6, 6]]
   43,  [[0, 0], [1, 1], [1, 5], [1, 5], [2, 2], [2, 2], [2, 3], [2, 6], [5, 5]]
   44,  [[0, 2], [1, 1], [1, 5], [1, 5], [2, 2], [2, 3], [2, 6], [4, 5], [7, 7]]
   45,  [[0, 0], [1, 2], [1, 5], [1, 5], [2, 2], [2, 3], [2, 6], [4, 5], [7, 7]]
   46,  [[0, 0], [1, 1], [1, 5], [1, 5], [2, 2], [2, 3], [2, 6], [5, 5], [7, 7]]
   47,  [[0, 0], [1, 1], [1, 5], [1, 5], [2, 2], [2, 3], [2, 6], [4, 5], [5, 7]]
   48,  [[0, 3], [1, 1], [1, 5], [1, 5], [2, 2], [2, 4], [2, 6], [2, 7], [5, 5]]
   49,  [[0, 0], [1, 3], [1, 5], [1, 5], [2, 2], [2, 4], [2, 6], [2, 7], [5, 5]]
   50,  [[0, 0], [1, 1], [1, 5], [1, 5], [2, 3], [2, 4], [2, 6], [2, 7], [5, 5]]
   51,  [[0, 5], [1, 1], [1, 1], [1, 5], [2, 2], [2, 5], [2, 6], [2, 7], [3, 5]]
   52,  [[0, 5], [1, 1], [1, 1], [1, 5], [2, 2], [2, 3], [2, 5], [2, 6], [4, 5]]
   53,  [[0, 5], [1, 1], [1, 1], [1, 5], [2, 3], [2, 5], [2, 6], [2, 7], [5, 5]]
   54,  [[0, 5], [1, 1], [1, 3], [1, 5], [2, 2], [2, 2], [2, 6], [2, 7], [4, 5]]
   55,  [[0, 5], [1, 1], [1, 1], [1, 5], [2, 2], [2, 2], [2, 6], [3, 5], [7, 7]]
   56,  [[0, 5], [1, 1], [1, 1], [1, 5], [2, 2], [2, 2], [2, 6], [2, 7], [5, 5]]
   57,  [[0, 5], [1, 1], [1, 5], [1, 6], [2, 2], [2, 2], [2, 3], [2, 7], [4, 5]]
   58,  [[0, 5], [1, 1], [1, 1], [1, 5], [2, 2], [2, 2], [2, 3], [4, 5], [6, 6]]
   59,  [[0, 5], [1, 1], [1, 1], [1, 5], [2, 2], [2, 2], [2, 3], [2, 6], [5, 5]]
   60,  [[0, 5], [1, 1], [1, 2], [1, 5], [2, 2], [2, 3], [2, 6], [4, 5], [7, 7]]
   61,  [[0, 5], [1, 1], [1, 1], [1, 5], [2, 2], [2, 3], [2, 6], [5, 5], [7, 7]]
   62,  [[0, 5], [1, 1], [1, 1], [1, 5], [2, 2], [2, 3], [2, 6], [4, 5], [5, 7]]
   63,  [[0, 5], [1, 1], [1, 3], [1, 5], [2, 2], [2, 4], [2, 6], [2, 7], [5, 5]]
   64,  [[0, 5], [1, 1], [1, 1], [1, 5], [2, 3], [2, 4], [2, 6], [2, 7], [5, 5]]
   65,  [[0, 5], [1, 3], [1, 5], [1, 5], [2, 2], [2, 2], [2, 6], [4, 5], [7, 7]]
   66,  [[0, 5], [1, 3], [1, 5], [1, 5], [2, 2], [2, 2], [2, 6], [2, 7], [5, 5]]
   67,  [[0, 5], [1, 2], [1, 5], [1, 5], [2, 2], [2, 2], [2, 6], [3, 5], [7, 7]]
   68,  [[0, 5], [1, 1], [1, 5], [1, 5], [2, 2], [2, 2], [2, 2], [3, 5], [6, 6]]
   69,  [[0, 5], [1, 1], [1, 5], [1, 5], [2, 2], [2, 2], [2, 6], [5, 5], [7, 7]]
   70,  [[0, 5], [1, 1], [1, 5], [1, 5], [2, 2], [2, 2], [2, 6], [3, 5], [4, 7]]
   71,  [[0, 5], [1, 5], [1, 5], [1, 6], [2, 2], [2, 2], [2, 3], [4, 5], [7, 7]]
   72,  [[0, 5], [1, 5], [1, 5], [1, 6], [2, 2], [2, 2], [2, 3], [2, 7], [5, 5]]
   73,  [[0, 5], [1, 2], [1, 5], [1, 5], [2, 2], [2, 2], [2, 3], [4, 5], [6, 6]]
   74,  [[0, 5], [1, 1], [1, 5], [1, 5], [2, 2], [2, 2], [2, 3], [5, 5], [6, 6]]
   75,  [[0, 5], [1, 1], [1, 5], [1, 5], [2, 2], [2, 2], [2, 3], [4, 5], [6, 7]]
   76,  [[0, 5], [1, 3], [1, 5], [1, 5], [2, 2], [2, 2], [2, 4], [2, 6], [5, 5]]
   77,  [[0, 5], [1, 1], [1, 5], [1, 5], [2, 2], [2, 3], [2, 4], [2, 6], [5, 5]]
   78,  [[0, 5], [1, 1], [1, 5], [1, 5], [2, 2], [2, 2], [2, 3], [2, 6], [5, 7]]
   79,  [[0, 5], [1, 2], [1, 5], [1, 5], [2, 2], [2, 3], [4, 5], [6, 6], [7, 7]]
   80,  [[0, 5], [1, 2], [1, 5], [1, 5], [2, 2], [2, 3], [2, 6], [5, 5], [7, 7]]
   81,  [[0, 5], [1, 3], [1, 5], [1, 5], [2, 2], [2, 4], [2, 6], [5, 5], [7, 7]]
   82,  [[0, 5], [1, 1], [1, 5], [1, 5], [2, 2], [2, 3], [2, 5], [2, 6], [7, 7]]
   83,  [[0, 5], [1, 1], [1, 5], [1, 5], [2, 2], [2, 3], [2, 6], [4, 7], [5, 5]]
   84,  [[0, 3], [1, 5], [1, 5], [1, 5], [2, 2], [2, 2], [2, 6], [2, 7], [4, 5]]
   85,  [[0, 0], [1, 5], [1, 5], [1, 5], [2, 2], [2, 2], [2, 6], [3, 5], [7, 7]]
   86,  [[0, 6], [1, 5], [1, 5], [1, 5], [2, 2], [2, 2], [2, 3], [2, 7], [4, 5]]
   87,  [[0, 0], [1, 5], [1, 5], [1, 5], [2, 2], [2, 2], [2, 3], [4, 5], [6, 6]]
   88,  [[0, 2], [1, 5], [1, 5], [1, 5], [2, 2], [2, 3], [2, 6], [4, 5], [7, 7]]
   89,  [[0, 3], [1, 5], [1, 5], [1, 5], [2, 2], [2, 4], [2, 6], [2, 7], [5, 5]]
   90,  [[0, 0], [1, 5], [1, 5], [1, 5], [2, 3], [2, 4], [2, 6], [2, 7], [5, 5]]
   91,  [[0, 0], [1, 1], [1, 1], [1, 5], [2, 2], [2, 5], [2, 6], [2, 7], [3, 5]]
   92,  [[0, 0], [1, 1], [1, 1], [1, 5], [2, 2], [2, 3], [2, 5], [2, 6], [4, 5]]
   93,  [[0, 0], [1, 1], [1, 1], [1, 5], [2, 3], [2, 5], [2, 6], [2, 7], [5, 5]]
   94,  [[0, 3], [1, 1], [1, 5], [1, 5], [2, 2], [2, 5], [2, 6], [2, 7], [4, 5]]
   95,  [[0, 0], [1, 3], [1, 5], [1, 5], [2, 2], [2, 5], [2, 6], [2, 7], [4, 5]]
   96,  [[0, 0], [1, 1], [1, 5], [1, 5], [2, 2], [2, 6], [2, 7], [3, 5], [5, 5]]
   97,  [[0, 0], [1, 1], [1, 5], [1, 5], [2, 2], [2, 2], [2, 5], [2, 6], [3, 5]]
   98,  [[0, 0], [1, 1], [1, 5], [1, 5], [2, 2], [2, 5], [2, 6], [3, 5], [7, 7]]
   99,  [[0, 0], [1, 1], [1, 5], [1, 5], [2, 2], [2, 5], [2, 6], [2, 7], [5, 5]]
  100,  [[0, 6], [1, 1], [1, 5], [1, 5], [2, 2], [2, 3], [2, 5], [2, 7], [4, 5]]
  101,  [[0, 0], [1, 5], [1, 5], [1, 6], [2, 2], [2, 3], [2, 5], [2, 7], [4, 5]]
  102,  [[0, 0], [1, 1], [1, 5], [1, 5], [2, 2], [2, 3], [2, 6], [4, 5], [5, 5]]
  103,  [[0, 0], [1, 1], [1, 5], [1, 5], [2, 2], [2, 2], [2, 3], [2, 5], [4, 5]]
  104,  [[0, 0], [1, 1], [1, 5], [1, 5], [2, 2], [2, 3], [2, 5], [4, 5], [6, 6]]
  105,  [[0, 0], [1, 1], [1, 5], [1, 5], [2, 2], [2, 3], [2, 5], [2, 6], [5, 5]]
  106,  [[0, 3], [1, 1], [1, 5], [1, 5], [2, 4], [2, 5], [2, 6], [2, 7], [5, 5]]
  107,  [[0, 0], [1, 3], [1, 5], [1, 5], [2, 4], [2, 5], [2, 6], [2, 7], [5, 5]]
  108,  [[0, 3], [1, 1], [1, 5], [1, 5], [2, 2], [2, 2], [2, 6], [4, 5], [7, 7]]
  109,  [[0, 3], [1, 1], [1, 5], [1, 5], [2, 2], [2, 2], [2, 6], [2, 7], [5, 5]]
  110,  [[0, 0], [1, 3], [1, 5], [1, 5], [2, 2], [2, 2], [2, 6], [4, 5], [7, 7]]
  111,  [[0, 0], [1, 3], [1, 5], [1, 5], [2, 2], [2, 2], [2, 6], [2, 7], [5, 5]]
  112,  [[0, 2], [1, 1], [1, 5], [1, 5], [2, 2], [2, 2], [2, 6], [3, 5], [7, 7]]
  113,  [[0, 0], [1, 1], [1, 5], [1, 5], [2, 2], [2, 2], [2, 6], [5, 5], [7, 7]]
  114,  [[0, 0], [1, 1], [1, 5], [1, 5], [2, 2], [2, 2], [2, 6], [3, 5], [4, 7]]
  115,  [[0, 0], [1, 1], [1, 5], [1, 5], [2, 2], [2, 2], [2, 6], [3, 5], [5, 7]]
  116,  [[0, 6], [1, 1], [1, 5], [1, 5], [2, 2], [2, 2], [2, 3], [4, 5], [7, 7]]
  117,  [[0, 6], [1, 1], [1, 5], [1, 5], [2, 2], [2, 2], [2, 3], [2, 7], [5, 5]]
  118,  [[0, 0], [1, 5], [1, 5], [1, 6], [2, 2], [2, 2], [2, 3], [4, 5], [7, 7]]
  119,  [[0, 0], [1, 5], [1, 5], [1, 6], [2, 2], [2, 2], [2, 3], [2, 7], [5, 5]]
  120,  [[0, 2], [1, 1], [1, 5], [1, 5], [2, 2], [2, 2], [2, 3], [4, 5], [6, 6]]
  121,  [[0, 0], [1, 1], [1, 5], [1, 5], [2, 2], [2, 2], [2, 3], [5, 5], [6, 6]]
  122,  [[0, 0], [1, 1], [1, 5], [1, 5], [2, 2], [2, 2], [2, 3], [4, 5], [5, 6]]
  123,  [[0, 0], [1, 1], [1, 5], [1, 5], [2, 2], [2, 2], [2, 3], [4, 5], [6, 7]]
  124,  [[0, 3], [1, 1], [1, 5], [1, 5], [2, 2], [2, 2], [2, 4], [2, 6], [5, 5]]
  125,  [[0, 0], [1, 3], [1, 5], [1, 5], [2, 2], [2, 2], [2, 4], [2, 6], [5, 5]]
  126,  [[0, 0], [1, 1], [1, 5], [1, 5], [2, 2], [2, 3], [2, 4], [2, 6], [5, 5]]
  127,  [[0, 0], [1, 1], [1, 5], [1, 5], [2, 2], [2, 2], [2, 3], [2, 6], [5, 7]]
  128,  [[0, 2], [1, 1], [1, 5], [1, 5], [2, 3], [2, 5], [2, 6], [4, 5], [7, 7]]
  129,  [[0, 2], [1, 1], [1, 5], [1, 5], [2, 2], [2, 3], [4, 5], [6, 6], [7, 7]]
  130,  [[0, 2], [1, 1], [1, 5], [1, 5], [2, 2], [2, 3], [2, 6], [5, 5], [7, 7]]
  131,  [[0, 2], [1, 1], [1, 5], [1, 5], [2, 2], [2, 3], [2, 6], [4, 5], [5, 7]]
  132,  [[0, 0], [1, 2], [1, 5], [1, 5], [2, 3], [2, 5], [2, 6], [4, 5], [7, 7]]
  133,  [[0, 0], [1, 2], [1, 5], [1, 5], [2, 2], [2, 3], [2, 6], [5, 5], [7, 7]]
  134,  [[0, 0], [1, 2], [1, 5], [1, 5], [2, 2], [2, 3], [2, 6], [4, 5], [5, 7]]
  135,  [[0, 3], [1, 1], [1, 5], [1, 5], [2, 2], [2, 4], [2, 6], [5, 5], [7, 7]]
  136,  [[0, 0], [1, 3], [1, 5], [1, 5], [2, 2], [2, 4], [2, 6], [5, 5], [7, 7]]
  137,  [[0, 0], [1, 1], [1, 5], [1, 5], [2, 2], [2, 3], [2, 5], [2, 6], [7, 7]]
  138,  [[0, 0], [1, 1], [1, 5], [1, 5], [2, 2], [2, 3], [2, 6], [4, 7], [5, 5]]
  139,  [[0, 0], [1, 1], [1, 5], [1, 5], [2, 2], [2, 3], [2, 6], [5, 5], [5, 7]]
  140,  [[0, 0], [1, 1], [1, 1], [1, 5], [2, 2], [2, 3], [2, 6], [4, 5], [5, 7]]
  141,  [[0, 5], [1, 1], [1, 3], [1, 5], [2, 2], [2, 5], [2, 6], [2, 7], [4, 5]]
  142,  [[0, 5], [1, 1], [1, 1], [1, 5], [2, 2], [2, 6], [2, 7], [3, 5], [5, 5]]
  143,  [[0, 5], [1, 1], [1, 1], [1, 5], [2, 2], [2, 2], [2, 5], [2, 6], [3, 5]]
  144,  [[0, 5], [1, 1], [1, 1], [1, 5], [2, 2], [2, 5], [2, 6], [3, 5], [7, 7]]
  145,  [[0, 5], [1, 1], [1, 1], [1, 5], [2, 2], [2, 5], [2, 6], [2, 7], [5, 5]]
  146,  [[0, 5], [1, 1], [1, 5], [1, 6], [2, 2], [2, 3], [2, 5], [2, 7], [4, 5]]
  147,  [[0, 5], [1, 1], [1, 1], [1, 5], [2, 2], [2, 3], [2, 6], [4, 5], [5, 5]]
  148,  [[0, 5], [1, 1], [1, 1], [1, 5], [2, 2], [2, 2], [2, 3], [2, 5], [4, 5]]
  149,  [[0, 5], [1, 1], [1, 1], [1, 5], [2, 2], [2, 3], [2, 5], [4, 5], [6, 6]]
  150,  [[0, 5], [1, 1], [1, 1], [1, 5], [2, 2], [2, 3], [2, 5], [2, 6], [5, 5]]
  151,  [[0, 5], [1, 1], [1, 3], [1, 5], [2, 4], [2, 5], [2, 6], [2, 7], [5, 5]]
  152,  [[0, 5], [1, 1], [1, 3], [1, 5], [2, 2], [2, 2], [2, 6], [4, 5], [7, 7]]
  153,  [[0, 5], [1, 1], [1, 3], [1, 5], [2, 2], [2, 2], [2, 6], [2, 7], [5, 5]]
  154,  [[0, 5], [1, 1], [1, 2], [1, 5], [2, 2], [2, 2], [2, 6], [3, 5], [7, 7]]
  155,  [[0, 5], [1, 1], [1, 1], [1, 5], [2, 2], [2, 2], [2, 6], [5, 5], [7, 7]]
  156,  [[0, 5], [1, 1], [1, 1], [1, 5], [2, 2], [2, 2], [2, 6], [3, 5], [4, 7]]
  157,  [[0, 5], [1, 1], [1, 1], [1, 5], [2, 2], [2, 2], [2, 6], [3, 5], [5, 7]]
  158,  [[0, 5], [1, 1], [1, 5], [1, 6], [2, 2], [2, 2], [2, 3], [4, 5], [7, 7]]
  159,  [[0, 5], [1, 1], [1, 5], [1, 6], [2, 2], [2, 2], [2, 3], [2, 7], [5, 5]]
  160,  [[0, 5], [1, 1], [1, 2], [1, 5], [2, 2], [2, 2], [2, 3], [4, 5], [6, 6]]
  161,  [[0, 5], [1, 1], [1, 1], [1, 5], [2, 2], [2, 2], [2, 3], [5, 5], [6, 6]]
  162,  [[0, 5], [1, 1], [1, 1], [1, 5], [2, 2], [2, 2], [2, 3], [4, 5], [5, 6]]
  163,  [[0, 5], [1, 1], [1, 1], [1, 5], [2, 2], [2, 2], [2, 3], [4, 5], [6, 7]]
  164,  [[0, 5], [1, 1], [1, 3], [1, 5], [2, 2], [2, 2], [2, 4], [2, 6], [5, 5]]
  165,  [[0, 5], [1, 1], [1, 1], [1, 5], [2, 2], [2, 3], [2, 4], [2, 6], [5, 5]]
  166,  [[0, 5], [1, 1], [1, 1], [1, 5], [2, 2], [2, 2], [2, 3], [2, 6], [5, 7]]
  167,  [[0, 5], [1, 1], [1, 2], [1, 5], [2, 3], [2, 5], [2, 6], [4, 5], [7, 7]]
  168,  [[0, 5], [1, 1], [1, 2], [1, 5], [2, 2], [2, 3], [4, 5], [6, 6], [7, 7]]
  169,  [[0, 5], [1, 1], [1, 2], [1, 5], [2, 2], [2, 3], [2, 6], [5, 5], [7, 7]]
  170,  [[0, 5], [1, 1], [1, 2], [1, 5], [2, 2], [2, 3], [2, 6], [4, 5], [5, 7]]
  171,  [[0, 5], [1, 1], [1, 3], [1, 5], [2, 2], [2, 4], [2, 6], [5, 5], [7, 7]]
  172,  [[0, 5], [1, 1], [1, 1], [1, 5], [2, 2], [2, 3], [2, 5], [2, 6], [7, 7]]
  173,  [[0, 5], [1, 1], [1, 1], [1, 5], [2, 2], [2, 3], [2, 6], [4, 7], [5, 5]]
  174,  [[0, 5], [1, 1], [1, 1], [1, 5], [2, 2], [2, 3], [2, 6], [5, 5], [5, 7]]
  175,  [[0, 5], [1, 3], [1, 5], [1, 5], [2, 2], [2, 2], [2, 2], [4, 5], [6, 6]]
  176,  [[0, 5], [1, 3], [1, 5], [1, 5], [2, 2], [2, 2], [2, 6], [5, 5], [7, 7]]
  177,  [[0, 5], [1, 2], [1, 5], [1, 5], [2, 2], [2, 2], [3, 5], [6, 6], [7, 7]]
  178,  [[0, 5], [1, 2], [1, 5], [1, 5], [2, 2], [2, 2], [2, 6], [3, 5], [4, 7]]
  179,  [[0, 5], [1, 5], [1, 5], [1, 6], [2, 2], [2, 2], [2, 2], [3, 5], [7, 7]]
  180,  [[0, 5], [1, 1], [1, 5], [1, 5], [2, 2], [2, 2], [2, 2], [3, 5], [4, 6]]
  181,  [[0, 5], [1, 1], [1, 5], [1, 5], [2, 2], [2, 2], [2, 2], [3, 5], [6, 7]]
  182,  [[0, 5], [1, 1], [1, 5], [1, 5], [2, 2], [2, 2], [2, 5], [2, 6], [7, 7]]
  183,  [[0, 5], [1, 1], [1, 5], [1, 5], [2, 2], [2, 2], [2, 6], [3, 7], [5, 5]]
  184,  [[0, 5], [1, 5], [1, 5], [1, 6], [2, 2], [2, 2], [2, 3], [5, 5], [7, 7]]
  185,  [[0, 5], [1, 5], [1, 5], [1, 6], [2, 2], [2, 3], [2, 4], [2, 7], [5, 5]]
  186,  [[0, 5], [1, 2], [1, 5], [1, 5], [2, 2], [2, 2], [2, 3], [4, 5], [6, 7]]
  187,  [[0, 5], [1, 3], [1, 5], [1, 5], [2, 2], [2, 2], [2, 4], [5, 5], [6, 6]]
  188,  [[0, 5], [1, 1], [1, 5], [1, 5], [2, 2], [2, 3], [2, 4], [5, 5], [6, 6]]
  189,  [[0, 5], [1, 1], [1, 5], [1, 5], [2, 2], [2, 2], [2, 3], [2, 5], [6, 6]]
  190,  [[0, 5], [1, 1], [1, 5], [1, 5], [2, 2], [2, 2], [2, 3], [5, 6], [7, 7]]
  191,  [[0, 5], [1, 1], [1, 5], [1, 5], [2, 2], [2, 2], [2, 3], [4, 6], [5, 5]]
  192,  [[0, 5], [1, 1], [1, 5], [1, 5], [2, 2], [2, 2], [2, 3], [5, 5], [6, 7]]
  193,  [[0, 5], [1, 3], [1, 5], [1, 5], [2, 2], [2, 2], [2, 4], [2, 6], [5, 7]]
  194,  [[0, 5], [1, 1], [1, 5], [1, 5], [2, 2], [2, 2], [2, 3], [2, 4], [5, 5]]
  195,  [[0, 5], [1, 1], [1, 5], [1, 5], [2, 2], [2, 3], [2, 4], [2, 6], [5, 7]]
  196,  [[0, 5], [1, 1], [1, 5], [1, 5], [2, 2], [2, 2], [2, 3], [2, 6], [7, 7]]
  197,  [[0, 5], [1, 2], [1, 5], [1, 5], [2, 3], [2, 4], [2, 6], [5, 5], [7, 7]]
  198,  [[0, 5], [1, 2], [1, 5], [1, 5], [2, 2], [2, 3], [2, 6], [4, 7], [5, 5]]
  199,  [[0, 5], [1, 3], [1, 5], [1, 5], [2, 2], [2, 4], [2, 5], [2, 6], [7, 7]]
  200,  [[0, 5], [1, 1], [1, 5], [1, 5], [2, 3], [2, 4], [2, 5], [2, 6], [7, 7]]
  201,  [[0, 5], [1, 1], [1, 5], [1, 5], [2, 2], [2, 3], [2, 5], [6, 6], [7, 7]]
  202,  [[0, 5], [1, 1], [1, 5], [1, 5], [2, 2], [2, 3], [2, 5], [2, 6], [4, 7]]
  203,  [[0, 3], [1, 5], [1, 5], [1, 5], [2, 2], [2, 2], [2, 6], [4, 5], [7, 7]]
  204,  [[0, 3], [1, 5], [1, 5], [1, 5], [2, 2], [2, 2], [2, 6], [2, 7], [5, 5]]
  205,  [[0, 2], [1, 5], [1, 5], [1, 5], [2, 2], [2, 2], [2, 6], [3, 5], [7, 7]]
  206,  [[0, 0], [1, 5], [1, 5], [1, 5], [2, 2], [2, 2], [2, 6], [3, 5], [4, 7]]
  207,  [[0, 6], [1, 5], [1, 5], [1, 5], [2, 2], [2, 2], [2, 3], [4, 5], [7, 7]]
  208,  [[0, 6], [1, 5], [1, 5], [1, 5], [2, 2], [2, 2], [2, 3], [2, 7], [5, 5]]
  209,  [[0, 2], [1, 5], [1, 5], [1, 5], [2, 2], [2, 2], [2, 3], [4, 5], [6, 6]]
  210,  [[0, 0], [1, 5], [1, 5], [1, 5], [2, 2], [2, 2], [2, 3], [4, 5], [6, 7]]
  211,  [[0, 2], [1, 5], [1, 5], [1, 5], [2, 2], [2, 3], [4, 5], [6, 6], [7, 7]]
  212,  [[0, 2], [1, 5], [1, 5], [1, 5], [2, 2], [2, 3], [2, 6], [5, 5], [7, 7]]
  213,  [[0, 3], [1, 5], [1, 5], [1, 5], [2, 2], [2, 2], [2, 4], [2, 6], [5, 5]]
  214,  [[0, 3], [1, 5], [1, 5], [1, 5], [2, 2], [2, 4], [2, 6], [5, 5], [7, 7]]
  215,  [[0, 0], [1, 5], [1, 5], [1, 5], [2, 2], [2, 3], [2, 4], [2, 6], [5, 5]]
  216,  [[0, 3], [1, 1], [1, 1], [1, 5], [2, 2], [2, 5], [2, 6], [2, 7], [4, 5]]
  217,  [[0, 0], [1, 1], [1, 3], [1, 5], [2, 2], [2, 5], [2, 6], [2, 7], [4, 5]]
  218,  [[0, 0], [1, 1], [1, 1], [1, 5], [2, 5], [2, 5], [2, 6], [2, 7], [3, 5]]
  219,  [[0, 0], [1, 1], [1, 1], [1, 5], [2, 2], [2, 6], [2, 7], [3, 5], [5, 5]]
  220,  [[0, 0], [1, 1], [1, 1], [1, 5], [2, 2], [2, 5], [2, 6], [2, 7], [5, 5]]
  221,  [[0, 6], [1, 1], [1, 1], [1, 5], [2, 2], [2, 3], [2, 5], [2, 7], [4, 5]]
  222,  [[0, 0], [1, 1], [1, 5], [1, 6], [2, 2], [2, 3], [2, 5], [2, 7], [4, 5]]
  223,  [[0, 0], [1, 1], [1, 1], [1, 5], [2, 3], [2, 5], [2, 5], [2, 6], [4, 5]]
  224,  [[0, 0], [1, 1], [1, 1], [1, 5], [2, 2], [2, 3], [2, 6], [4, 5], [5, 5]]
  225,  [[0, 0], [1, 1], [1, 1], [1, 5], [2, 2], [2, 3], [2, 5], [2, 6], [5, 5]]
  226,  [[0, 3], [1, 1], [1, 1], [1, 5], [2, 4], [2, 5], [2, 6], [2, 7], [5, 5]]
  227,  [[0, 0], [1, 1], [1, 3], [1, 5], [2, 4], [2, 5], [2, 6], [2, 7], [5, 5]]
  228,  [[0, 3], [1, 1], [1, 5], [1, 5], [2, 2], [2, 6], [2, 7], [4, 5], [5, 5]]
  229,  [[0, 3], [1, 1], [1, 5], [1, 5], [2, 2], [2, 2], [2, 5], [2, 6], [4, 5]]
  230,  [[0, 3], [1, 1], [1, 5], [1, 5], [2, 2], [2, 5], [2, 6], [4, 5], [7, 7]]
  231,  [[0, 3], [1, 1], [1, 5], [1, 5], [2, 2], [2, 5], [2, 6], [2, 7], [5, 5]]
  232,  [[0, 0], [1, 3], [1, 5], [1, 5], [2, 2], [2, 6], [2, 7], [4, 5], [5, 5]]
  233,  [[0, 0], [1, 3], [1, 5], [1, 5], [2, 2], [2, 2], [2, 5], [2, 6], [4, 5]]
  234,  [[0, 0], [1, 3], [1, 5], [1, 5], [2, 2], [2, 5], [2, 6], [4, 5], [7, 7]]
  235,  [[0, 0], [1, 3], [1, 5], [1, 5], [2, 2], [2, 5], [2, 6], [2, 7], [5, 5]]
  236,  [[0, 2], [1, 1], [1, 5], [1, 5], [2, 2], [2, 6], [2, 7], [3, 5], [5, 5]]
  237,  [[0, 0], [1, 2], [1, 5], [1, 5], [2, 2], [2, 6], [2, 7], [3, 5], [5, 5]]
  238,  [[0, 0], [1, 1], [1, 5], [1, 5], [2, 2], [2, 2], [2, 6], [3, 5], [5, 5]]
  239,  [[0, 0], [1, 1], [1, 5], [1, 5], [2, 2], [2, 6], [2, 7], [3, 5], [4, 5]]
  240,  [[0, 6], [1, 1], [1, 5], [1, 5], [2, 2], [2, 2], [2, 5], [2, 7], [3, 5]]
  241,  [[0, 0], [1, 5], [1, 5], [1, 6], [2, 2], [2, 2], [2, 5], [2, 7], [3, 5]]
  242,  [[0, 0], [1, 1], [1, 5], [1, 5], [2, 2], [2, 2], [2, 5], [3, 5], [6, 6]]
  243,  [[0, 2], [1, 1], [1, 5], [1, 5], [2, 2], [2, 5], [2, 6], [3, 5], [7, 7]]
  244,  [[0, 0], [1, 2], [1, 5], [1, 5], [2, 2], [2, 5], [2, 6], [3, 5], [7, 7]]
  245,  [[0, 0], [1, 1], [1, 5], [1, 5], [2, 2], [2, 5], [2, 6], [3, 5], [4, 7]]
  246,  [[0, 6], [1, 1], [1, 5], [1, 5], [2, 2], [2, 3], [2, 7], [4, 5], [5, 5]]
  247,  [[0, 6], [1, 1], [1, 5], [1, 5], [2, 2], [2, 2], [2, 3], [2, 5], [4, 5]]
  248,  [[0, 6], [1, 1], [1, 5], [1, 5], [2, 2], [2, 3], [2, 5], [4, 5], [7, 7]]
  249,  [[0, 6], [1, 1], [1, 5], [1, 5], [2, 2], [2, 3], [2, 5], [2, 7], [5, 5]]
  250,  [[0, 0], [1, 5], [1, 5], [1, 6], [2, 2], [2, 3], [2, 7], [4, 5], [5, 5]]
  251,  [[0, 0], [1, 5], [1, 5], [1, 6], [2, 2], [2, 2], [2, 3], [2, 5], [4, 5]]
  252,  [[0, 0], [1, 5], [1, 5], [1, 6], [2, 2], [2, 3], [2, 5], [4, 5], [7, 7]]
  253,  [[0, 0], [1, 5], [1, 5], [1, 6], [2, 2], [2, 3], [2, 5], [2, 7], [5, 5]]
  254,  [[0, 2], [1, 1], [1, 5], [1, 5], [2, 2], [2, 3], [2, 6], [4, 5], [5, 5]]
  255,  [[0, 0], [1, 2], [1, 5], [1, 5], [2, 2], [2, 3], [2, 6], [4, 5], [5, 5]]
  256,  [[0, 0], [1, 1], [1, 5], [1, 5], [2, 2], [2, 2], [2, 3], [4, 5], [5, 5]]
  257,  [[0, 2], [1, 1], [1, 5], [1, 5], [2, 2], [2, 3], [2, 5], [4, 5], [6, 6]]
  258,  [[0, 0], [1, 2], [1, 5], [1, 5], [2, 2], [2, 3], [2, 5], [4, 5], [6, 6]]
  259,  [[0, 0], [1, 1], [1, 5], [1, 5], [2, 2], [2, 3], [2, 5], [4, 5], [6, 7]]
  260,  [[0, 3], [1, 1], [1, 5], [1, 5], [2, 2], [2, 4], [2, 5], [2, 6], [5, 5]]
  261,  [[0, 0], [1, 3], [1, 5], [1, 5], [2, 2], [2, 4], [2, 5], [2, 6], [5, 5]]
  262,  [[0, 0], [1, 1], [1, 5], [1, 5], [2, 3], [2, 4], [2, 5], [2, 6], [5, 5]]
  263,  [[0, 0], [1, 1], [1, 5], [1, 5], [2, 2], [2, 3], [2, 5], [2, 6], [5, 7]]
  264,  [[0, 3], [1, 2], [1, 5], [1, 5], [2, 2], [2, 2], [2, 6], [4, 5], [7, 7]]
  265,  [[0, 3], [1, 1], [1, 5], [1, 5], [2, 2], [2, 2], [2, 2], [4, 5], [6, 6]]
  266,  [[0, 3], [1, 1], [1, 5], [1, 5], [2, 2], [2, 2], [2, 6], [5, 5], [7, 7]]
  267,  [[0, 3], [1, 1], [1, 5], [1, 5], [2, 2], [2, 2], [2, 6], [4, 5], [5, 7]]
  268,  [[0, 3], [1, 4], [1, 5], [1, 5], [2, 2], [2, 2], [2, 6], [2, 7], [5, 5]]
  269,  [[0, 2], [1, 3], [1, 5], [1, 5], [2, 2], [2, 2], [2, 6], [4, 5], [7, 7]]
  270,  [[0, 0], [1, 3], [1, 5], [1, 5], [2, 2], [2, 2], [2, 6], [5, 5], [7, 7]]
  271,  [[0, 0], [1, 3], [1, 5], [1, 5], [2, 2], [2, 2], [2, 6], [4, 5], [5, 7]]
  272,  [[0, 2], [1, 1], [1, 5], [1, 5], [2, 2], [2, 2], [3, 5], [6, 6], [7, 7]]
  273,  [[0, 2], [1, 1], [1, 5], [1, 5], [2, 2], [2, 2], [2, 6], [5, 5], [7, 7]]
  274,  [[0, 2], [1, 1], [1, 5], [1, 5], [2, 2], [2, 2], [2, 6], [3, 5], [4, 7]]
  275,  [[0, 2], [1, 1], [1, 5], [1, 5], [2, 2], [2, 2], [2, 6], [3, 5], [5, 7]]
  276,  [[0, 0], [1, 1], [1, 5], [1, 5], [2, 2], [2, 2], [2, 6], [3, 7], [5, 5]]
  277,  [[0, 0], [1, 1], [1, 5], [1, 5], [2, 2], [2, 2], [2, 6], [5, 5], [5, 7]]
  278,  [[0, 0], [1, 2], [1, 5], [1, 5], [2, 2], [2, 2], [2, 6], [3, 5], [4, 7]]
  279,  [[0, 0], [1, 1], [1, 5], [1, 5], [2, 2], [2, 2], [2, 2], [3, 5], [4, 6]]
  280,  [[0, 0], [1, 2], [1, 5], [1, 5], [2, 2], [2, 2], [2, 6], [3, 5], [5, 7]]
  281,  [[0, 0], [1, 1], [1, 1], [1, 5], [2, 2], [2, 2], [2, 6], [3, 5], [5, 7]]
  282,  [[0, 0], [1, 1], [1, 5], [1, 5], [2, 2], [2, 2], [2, 2], [3, 5], [5, 6]]
  283,  [[0, 6], [1, 2], [1, 5], [1, 5], [2, 2], [2, 2], [2, 3], [4, 5], [7, 7]]
  284,  [[0, 6], [1, 1], [1, 5], [1, 5], [2, 2], [2, 2], [2, 2], [3, 5], [7, 7]]
  285,  [[0, 6], [1, 1], [1, 5], [1, 5], [2, 2], [2, 2], [2, 3], [5, 5], [7, 7]]
  286,  [[0, 6], [1, 1], [1, 5], [1, 5], [2, 2], [2, 2], [2, 3], [4, 5], [5, 7]]
  287,  [[0, 6], [1, 3], [1, 5], [1, 5], [2, 2], [2, 2], [2, 4], [2, 7], [5, 5]]
  288,  [[0, 6], [1, 1], [1, 5], [1, 5], [2, 2], [2, 3], [2, 4], [2, 7], [5, 5]]
  289,  [[0, 2], [1, 5], [1, 5], [1, 6], [2, 2], [2, 2], [2, 3], [4, 5], [7, 7]]
  290,  [[0, 0], [1, 5], [1, 5], [1, 6], [2, 2], [2, 2], [2, 3], [5, 5], [7, 7]]
  291,  [[0, 0], [1, 5], [1, 5], [1, 6], [2, 2], [2, 2], [2, 3], [4, 5], [5, 7]]
  292,  [[0, 3], [1, 5], [1, 5], [1, 6], [2, 2], [2, 2], [2, 4], [2, 7], [5, 5]]
  293,  [[0, 0], [1, 5], [1, 5], [1, 6], [2, 2], [2, 3], [2, 4], [2, 7], [5, 5]]
  294,  [[0, 2], [1, 1], [1, 5], [1, 5], [2, 2], [2, 2], [2, 3], [5, 5], [6, 6]]
  295,  [[0, 2], [1, 1], [1, 5], [1, 5], [2, 2], [2, 2], [2, 3], [4, 5], [5, 6]]
  296,  [[0, 2], [1, 1], [1, 5], [1, 5], [2, 2], [2, 2], [2, 3], [4, 5], [6, 7]]
  297,  [[0, 3], [1, 1], [1, 5], [1, 5], [2, 2], [2, 2], [2, 4], [5, 5], [6, 6]]
  298,  [[0, 0], [1, 3], [1, 5], [1, 5], [2, 2], [2, 2], [2, 4], [5, 5], [6, 6]]
  299,  [[0, 0], [1, 1], [1, 5], [1, 5], [2, 2], [2, 3], [2, 4], [5, 5], [6, 6]]
  300,  [[0, 0], [1, 1], [1, 5], [1, 5], [2, 2], [2, 2], [2, 3], [5, 6], [7, 7]]
  301,  [[0, 0], [1, 1], [1, 5], [1, 5], [2, 2], [2, 2], [2, 3], [4, 6], [5, 5]]
  302,  [[0, 0], [1, 1], [1, 5], [1, 5], [2, 2], [2, 2], [2, 3], [5, 5], [5, 6]]
  303,  [[0, 0], [1, 1], [1, 5], [1, 5], [2, 2], [2, 2], [2, 3], [5, 5], [6, 7]]
  304,  [[0, 0], [1, 2], [1, 5], [1, 5], [2, 2], [2, 2], [2, 3], [4, 5], [5, 6]]
  305,  [[0, 0], [1, 1], [1, 1], [1, 5], [2, 2], [2, 2], [2, 3], [4, 5], [5, 6]]
  306,  [[0, 0], [1, 2], [1, 5], [1, 5], [2, 2], [2, 2], [2, 3], [4, 5], [6, 7]]
  307,  [[0, 0], [1, 1], [1, 5], [1, 5], [2, 2], [2, 2], [2, 2], [3, 5], [6, 7]]
  308,  [[0, 3], [1, 1], [1, 5], [1, 5], [2, 2], [2, 2], [2, 4], [2, 6], [5, 7]]
  309,  [[0, 0], [1, 3], [1, 5], [1, 5], [2, 2], [2, 2], [2, 4], [2, 6], [5, 7]]
  310,  [[0, 0], [1, 1], [1, 5], [1, 5], [2, 2], [2, 2], [2, 3], [2, 4], [5, 5]]
  311,  [[0, 0], [1, 1], [1, 5], [1, 5], [2, 2], [2, 3], [2, 4], [2, 6], [5, 7]]
  312,  [[0, 0], [1, 5], [1, 5], [1, 5], [2, 2], [2, 2], [2, 3], [2, 6], [5, 7]]
  313,  [[0, 2], [1, 1], [1, 1], [1, 5], [2, 3], [2, 5], [2, 6], [4, 5], [7, 7]]
  314,  [[0, 2], [1, 1], [1, 5], [1, 5], [2, 3], [2, 5], [2, 6], [5, 5], [7, 7]]
  315,  [[0, 2], [1, 2], [1, 5], [1, 5], [2, 2], [2, 3], [4, 5], [6, 6], [7, 7]]
  316,  [[0, 2], [1, 1], [1, 5], [1, 5], [2, 2], [2, 3], [5, 5], [6, 6], [7, 7]]
  317,  [[0, 2], [1, 1], [1, 5], [1, 5], [2, 2], [2, 3], [4, 5], [5, 6], [7, 7]]
  318,  [[0, 2], [1, 3], [1, 5], [1, 5], [2, 2], [2, 4], [2, 6], [5, 5], [7, 7]]
  319,  [[0, 2], [1, 1], [1, 5], [1, 5], [2, 3], [2, 4], [2, 6], [5, 5], [7, 7]]
  320,  [[0, 2], [1, 1], [1, 5], [1, 5], [2, 2], [2, 3], [2, 6], [4, 7], [5, 5]]
  321,  [[0, 2], [1, 1], [1, 5], [1, 5], [2, 2], [2, 3], [2, 6], [5, 5], [5, 7]]
  322,  [[0, 2], [1, 1], [1, 1], [1, 5], [2, 2], [2, 3], [2, 6], [4, 5], [5, 7]]
  323,  [[0, 0], [1, 1], [1, 2], [1, 5], [2, 3], [2, 5], [2, 6], [4, 5], [7, 7]]
  324,  [[0, 3], [1, 2], [1, 5], [1, 5], [2, 2], [2, 4], [2, 6], [5, 5], [7, 7]]
  325,  [[0, 0], [1, 2], [1, 5], [1, 5], [2, 3], [2, 4], [2, 6], [5, 5], [7, 7]]
  326,  [[0, 0], [1, 2], [1, 5], [1, 5], [2, 2], [2, 3], [2, 6], [4, 7], [5, 5]]
  327,  [[0, 0], [1, 2], [1, 5], [1, 5], [2, 2], [2, 3], [2, 6], [5, 5], [5, 7]]
  328,  [[0, 0], [1, 1], [1, 2], [1, 5], [2, 2], [2, 3], [2, 6], [4, 5], [5, 7]]
  329,  [[0, 0], [1, 2], [1, 5], [1, 5], [2, 2], [2, 3], [4, 5], [5, 6], [7, 7]]
  330,  [[0, 3], [1, 1], [1, 5], [1, 5], [2, 2], [2, 4], [2, 5], [2, 6], [7, 7]]
  331,  [[0, 3], [1, 1], [1, 5], [1, 5], [2, 2], [2, 4], [2, 6], [5, 5], [5, 7]]
  332,  [[0, 0], [1, 3], [1, 5], [1, 5], [2, 2], [2, 4], [2, 5], [2, 6], [7, 7]]
  333,  [[0, 0], [1, 3], [1, 5], [1, 5], [2, 2], [2, 4], [2, 6], [5, 5], [5, 7]]
  334,  [[0, 0], [1, 5], [1, 5], [1, 5], [2, 2], [2, 3], [2, 5], [2, 6], [7, 7]]
  335,  [[0, 0], [1, 1], [1, 5], [1, 5], [2, 3], [2, 4], [2, 5], [2, 6], [7, 7]]
  336,  [[0, 0], [1, 1], [1, 5], [1, 5], [2, 3], [2, 5], [2, 5], [2, 6], [7, 7]]
  337,  [[0, 0], [1, 1], [1, 5], [1, 5], [2, 2], [2, 3], [2, 5], [2, 6], [4, 7]]
  338,  [[0, 0], [1, 5], [1, 5], [1, 5], [2, 2], [2, 3], [2, 6], [4, 7], [5, 5]]
  339,  [[0, 0], [1, 1], [1, 1], [1, 5], [2, 2], [2, 3], [2, 6], [5, 5], [5, 7]]
  340,  [[0, 5], [1, 1], [1, 1], [1, 3], [2, 2], [2, 5], [2, 6], [2, 7], [4, 5]]
  341,  [[0, 5], [1, 1], [1, 3], [1, 5], [2, 2], [2, 6], [2, 7], [4, 5], [5, 5]]
  342,  [[0, 5], [1, 1], [1, 3], [1, 5], [2, 2], [2, 2], [2, 5], [2, 6], [4, 5]]
  343,  [[0, 5], [1, 1], [1, 3], [1, 5], [2, 2], [2, 5], [2, 6], [4, 5], [7, 7]]
  344,  [[0, 5], [1, 1], [1, 3], [1, 5], [2, 2], [2, 5], [2, 6], [2, 7], [5, 5]]
  345,  [[0, 5], [1, 1], [1, 2], [1, 5], [2, 2], [2, 6], [2, 7], [3, 5], [5, 5]]
  346,  [[0, 5], [1, 1], [1, 1], [1, 5], [2, 2], [2, 2], [2, 6], [3, 5], [5, 5]]
  347,  [[0, 5], [1, 1], [1, 1], [1, 5], [2, 2], [2, 6], [2, 7], [3, 5], [4, 5]]
  348,  [[0, 5], [1, 1], [1, 5], [1, 6], [2, 2], [2, 2], [2, 5], [2, 7], [3, 5]]
  349,  [[0, 5], [1, 1], [1, 1], [1, 5], [2, 2], [2, 2], [2, 5], [3, 5], [6, 6]]
  350,  [[0, 5], [1, 1], [1, 2], [1, 5], [2, 2], [2, 5], [2, 6], [3, 5], [7, 7]]
  351,  [[0, 5], [1, 1], [1, 1], [1, 5], [2, 2], [2, 5], [2, 6], [3, 5], [4, 7]]
  352,  [[0, 5], [1, 1], [1, 1], [1, 6], [2, 2], [2, 3], [2, 5], [2, 7], [4, 5]]
  353,  [[0, 5], [1, 1], [1, 5], [1, 6], [2, 2], [2, 3], [2, 7], [4, 5], [5, 5]]
  354,  [[0, 5], [1, 1], [1, 5], [1, 6], [2, 2], [2, 2], [2, 3], [2, 5], [4, 5]]
  355,  [[0, 5], [1, 1], [1, 5], [1, 6], [2, 2], [2, 3], [2, 5], [4, 5], [7, 7]]
  356,  [[0, 5], [1, 1], [1, 5], [1, 6], [2, 2], [2, 3], [2, 5], [2, 7], [5, 5]]
  357,  [[0, 5], [1, 1], [1, 2], [1, 5], [2, 2], [2, 3], [2, 6], [4, 5], [5, 5]]
  358,  [[0, 5], [1, 1], [1, 1], [1, 5], [2, 2], [2, 2], [2, 3], [4, 5], [5, 5]]
  359,  [[0, 5], [1, 1], [1, 2], [1, 5], [2, 2], [2, 3], [2, 5], [4, 5], [6, 6]]
  360,  [[0, 5], [1, 1], [1, 1], [1, 5], [2, 2], [2, 3], [2, 5], [4, 5], [6, 7]]
  361,  [[0, 5], [1, 1], [1, 3], [1, 5], [2, 2], [2, 4], [2, 5], [2, 6], [5, 5]]
  362,  [[0, 5], [1, 1], [1, 1], [1, 5], [2, 3], [2, 4], [2, 5], [2, 6], [5, 5]]
  363,  [[0, 5], [1, 1], [1, 1], [1, 5], [2, 2], [2, 3], [2, 5], [2, 6], [5, 7]]
  364,  [[0, 5], [1, 1], [1, 1], [1, 3], [2, 4], [2, 5], [2, 6], [2, 7], [5, 5]]
  365,  [[0, 5], [1, 2], [1, 3], [1, 5], [2, 2], [2, 2], [2, 6], [4, 5], [7, 7]]
  366,  [[0, 5], [1, 1], [1, 3], [1, 5], [2, 2], [2, 2], [2, 2], [4, 5], [6, 6]]
  367,  [[0, 5], [1, 1], [1, 3], [1, 5], [2, 2], [2, 2], [2, 6], [5, 5], [7, 7]]
  368,  [[0, 5], [1, 1], [1, 3], [1, 5], [2, 2], [2, 2], [2, 6], [4, 5], [5, 7]]
  369,  [[0, 5], [1, 3], [1, 4], [1, 5], [2, 2], [2, 2], [2, 6], [2, 7], [5, 5]]
  370,  [[0, 5], [1, 1], [1, 2], [1, 5], [2, 2], [2, 2], [3, 5], [6, 6], [7, 7]]
  371,  [[0, 5], [1, 1], [1, 2], [1, 5], [2, 2], [2, 2], [2, 6], [5, 5], [7, 7]]
  372,  [[0, 5], [1, 1], [1, 2], [1, 5], [2, 2], [2, 2], [2, 6], [3, 5], [4, 7]]
  373,  [[0, 5], [1, 1], [1, 2], [1, 5], [2, 2], [2, 2], [2, 6], [3, 5], [5, 7]]
  374,  [[0, 5], [1, 1], [1, 1], [1, 5], [2, 2], [2, 2], [2, 6], [3, 7], [5, 5]]
  375,  [[0, 5], [1, 1], [1, 1], [1, 5], [2, 2], [2, 2], [2, 6], [5, 5], [5, 7]]
  376,  [[0, 5], [1, 1], [1, 1], [1, 5], [2, 2], [2, 2], [2, 2], [3, 5], [4, 6]]
  377,  [[0, 5], [1, 1], [1, 1], [1, 5], [2, 2], [2, 2], [2, 2], [3, 5], [5, 6]]
  378,  [[0, 5], [1, 2], [1, 5], [1, 6], [2, 2], [2, 2], [2, 3], [4, 5], [7, 7]]
  379,  [[0, 5], [1, 1], [1, 5], [1, 6], [2, 2], [2, 2], [2, 2], [3, 5], [7, 7]]
  380,  [[0, 5], [1, 1], [1, 5], [1, 6], [2, 2], [2, 2], [2, 3], [5, 5], [7, 7]]
  381,  [[0, 5], [1, 1], [1, 5], [1, 6], [2, 2], [2, 2], [2, 3], [4, 5], [5, 7]]
  382,  [[0, 5], [1, 3], [1, 5], [1, 6], [2, 2], [2, 2], [2, 4], [2, 7], [5, 5]]
  383,  [[0, 5], [1, 1], [1, 5], [1, 6], [2, 2], [2, 3], [2, 4], [2, 7], [5, 5]]
  384,  [[0, 5], [1, 1], [1, 2], [1, 5], [2, 2], [2, 2], [2, 3], [5, 5], [6, 6]]
  385,  [[0, 5], [1, 1], [1, 2], [1, 5], [2, 2], [2, 2], [2, 3], [4, 5], [5, 6]]
  386,  [[0, 5], [1, 1], [1, 2], [1, 5], [2, 2], [2, 2], [2, 3], [4, 5], [6, 7]]
  387,  [[0, 5], [1, 1], [1, 3], [1, 5], [2, 2], [2, 2], [2, 4], [5, 5], [6, 6]]
  388,  [[0, 5], [1, 1], [1, 1], [1, 5], [2, 2], [2, 3], [2, 4], [5, 5], [6, 6]]
  389,  [[0, 5], [1, 1], [1, 1], [1, 5], [2, 2], [2, 2], [2, 3], [5, 6], [7, 7]]
  390,  [[0, 5], [1, 1], [1, 1], [1, 5], [2, 2], [2, 2], [2, 3], [4, 6], [5, 5]]
  391,  [[0, 5], [1, 1], [1, 1], [1, 5], [2, 2], [2, 2], [2, 3], [5, 5], [5, 6]]
  392,  [[0, 5], [1, 1], [1, 1], [1, 5], [2, 2], [2, 2], [2, 3], [5, 5], [6, 7]]
  393,  [[0, 5], [1, 1], [1, 1], [1, 5], [2, 2], [2, 2], [2, 2], [3, 5], [6, 7]]
  394,  [[0, 5], [1, 1], [1, 3], [1, 5], [2, 2], [2, 2], [2, 4], [2, 6], [5, 7]]
  395,  [[0, 5], [1, 1], [1, 1], [1, 5], [2, 2], [2, 2], [2, 3], [2, 4], [5, 5]]
  396,  [[0, 5], [1, 1], [1, 1], [1, 5], [2, 2], [2, 3], [2, 4], [2, 6], [5, 7]]
  397,  [[0, 5], [1, 1], [1, 1], [1, 2], [2, 3], [2, 5], [2, 6], [4, 5], [7, 7]]
  398,  [[0, 5], [1, 1], [1, 2], [1, 5], [2, 3], [2, 5], [2, 6], [5, 5], [7, 7]]
  399,  [[0, 5], [1, 2], [1, 2], [1, 5], [2, 2], [2, 3], [4, 5], [6, 6], [7, 7]]
  400,  [[0, 5], [1, 1], [1, 2], [1, 5], [2, 2], [2, 3], [5, 5], [6, 6], [7, 7]]
  401,  [[0, 5], [1, 1], [1, 2], [1, 5], [2, 2], [2, 3], [4, 5], [5, 6], [7, 7]]
  402,  [[0, 5], [1, 2], [1, 3], [1, 5], [2, 2], [2, 4], [2, 6], [5, 5], [7, 7]]
  403,  [[0, 5], [1, 1], [1, 2], [1, 5], [2, 3], [2, 4], [2, 6], [5, 5], [7, 7]]
  404,  [[0, 5], [1, 1], [1, 2], [1, 5], [2, 2], [2, 3], [2, 6], [4, 7], [5, 5]]
  405,  [[0, 5], [1, 1], [1, 2], [1, 5], [2, 2], [2, 3], [2, 6], [5, 5], [5, 7]]
  406,  [[0, 5], [1, 1], [1, 1], [1, 2], [2, 2], [2, 3], [2, 6], [4, 5], [5, 7]]
  407,  [[0, 5], [1, 1], [1, 3], [1, 5], [2, 2], [2, 4], [2, 5], [2, 6], [7, 7]]
  408,  [[0, 5], [1, 1], [1, 3], [1, 5], [2, 2], [2, 4], [2, 6], [5, 5], [5, 7]]
  409,  [[0, 5], [1, 1], [1, 1], [1, 5], [2, 3], [2, 4], [2, 5], [2, 6], [7, 7]]
  410,  [[0, 5], [1, 1], [1, 1], [1, 5], [2, 3], [2, 5], [2, 5], [2, 6], [7, 7]]
  411,  [[0, 5], [1, 1], [1, 1], [1, 5], [2, 2], [2, 3], [2, 5], [2, 6], [4, 7]]
  412,  [[0, 5], [1, 3], [1, 5], [1, 5], [2, 2], [2, 2], [2, 2], [4, 5], [6, 7]]
  413,  [[0, 5], [1, 3], [1, 5], [1, 5], [2, 2], [2, 2], [2, 5], [2, 6], [7, 7]]
  414,  [[0, 5], [1, 3], [1, 5], [1, 5], [2, 2], [2, 2], [2, 6], [4, 7], [5, 5]]
  415,  [[0, 5], [1, 2], [1, 5], [1, 5], [2, 2], [2, 2], [3, 5], [4, 6], [7, 7]]
  416,  [[0, 5], [1, 2], [1, 5], [1, 5], [2, 2], [2, 2], [2, 6], [3, 7], [5, 5]]
  417,  [[0, 5], [1, 5], [1, 5], [1, 6], [2, 2], [2, 2], [2, 2], [3, 5], [4, 7]]
  418,  [[0, 5], [1, 1], [1, 5], [1, 5], [2, 2], [2, 2], [2, 2], [3, 6], [5, 5]]
  419,  [[0, 5], [1, 1], [1, 5], [1, 5], [2, 2], [2, 2], [2, 2], [5, 5], [6, 7]]
  420,  [[0, 5], [1, 1], [1, 5], [1, 5], [2, 2], [2, 2], [2, 5], [6, 6], [7, 7]]
  421,  [[0, 5], [1, 1], [1, 5], [1, 5], [2, 2], [2, 2], [2, 5], [2, 6], [3, 7]]
  422,  [[0, 5], [1, 5], [1, 5], [1, 6], [2, 2], [2, 3], [2, 4], [5, 5], [7, 7]]
  423,  [[0, 5], [1, 5], [1, 5], [1, 6], [2, 2], [2, 2], [2, 3], [2, 5], [7, 7]]
  424,  [[0, 5], [1, 5], [1, 5], [1, 6], [2, 2], [2, 2], [2, 3], [4, 7], [5, 5]]
  425,  [[0, 5], [1, 5], [1, 5], [1, 6], [2, 2], [2, 2], [2, 3], [2, 4], [5, 5]]
  426,  [[0, 5], [1, 2], [1, 5], [1, 5], [2, 2], [2, 2], [2, 3], [5, 5], [6, 7]]
  427,  [[0, 5], [1, 3], [1, 5], [1, 5], [2, 2], [2, 2], [2, 4], [2, 5], [6, 6]]
  428,  [[0, 5], [1, 3], [1, 5], [1, 5], [2, 2], [2, 2], [2, 4], [5, 6], [7, 7]]
  429,  [[0, 5], [1, 3], [1, 5], [1, 5], [2, 2], [2, 2], [2, 4], [5, 5], [6, 7]]
  430,  [[0, 5], [1, 2], [1, 5], [1, 5], [2, 2], [2, 3], [2, 4], [5, 5], [6, 6]]
  431,  [[0, 5], [1, 1], [1, 5], [1, 5], [2, 2], [2, 3], [2, 4], [2, 5], [6, 6]]
  432,  [[0, 5], [1, 1], [1, 5], [1, 5], [2, 2], [2, 3], [2, 4], [5, 6], [7, 7]]
  433,  [[0, 5], [1, 1], [1, 5], [1, 5], [2, 2], [2, 3], [2, 4], [5, 5], [6, 7]]
  434,  [[0, 5], [1, 1], [1, 5], [1, 5], [2, 2], [2, 2], [2, 3], [2, 5], [4, 6]]
  435,  [[0, 5], [1, 1], [1, 5], [1, 5], [2, 2], [2, 2], [2, 3], [2, 5], [6, 7]]
  436,  [[0, 5], [1, 2], [1, 5], [1, 5], [2, 2], [2, 2], [2, 3], [5, 6], [7, 7]]
  437,  [[0, 5], [1, 1], [1, 5], [1, 5], [2, 2], [2, 2], [2, 2], [5, 6], [7, 7]]
  438,  [[0, 5], [1, 1], [1, 5], [1, 5], [2, 2], [2, 2], [2, 3], [6, 6], [7, 7]]
  439,  [[0, 5], [1, 1], [1, 5], [1, 5], [2, 2], [2, 2], [2, 3], [4, 6], [5, 7]]
  440,  [[0, 5], [1, 2], [1, 5], [1, 5], [2, 2], [2, 2], [2, 3], [4, 6], [5, 5]]
  441,  [[0, 5], [1, 3], [1, 5], [1, 5], [2, 2], [2, 2], [2, 4], [2, 6], [7, 7]]
  442,  [[0, 5], [1, 1], [1, 5], [1, 5], [2, 2], [2, 2], [2, 3], [2, 4], [5, 6]]
  443,  [[0, 5], [1, 1], [1, 5], [1, 5], [2, 2], [2, 3], [2, 4], [2, 6], [7, 7]]
  444,  [[0, 5], [1, 5], [1, 5], [1, 5], [2, 2], [2, 2], [2, 3], [2, 6], [7, 7]]
  445,  [[0, 5], [1, 1], [1, 5], [1, 5], [2, 2], [2, 2], [2, 3], [2, 6], [4, 7]]
  446,  [[0, 5], [1, 2], [1, 5], [1, 5], [2, 2], [2, 3], [4, 6], [5, 5], [7, 7]]
  447,  [[0, 5], [1, 3], [1, 5], [1, 5], [2, 2], [2, 4], [2, 5], [6, 6], [7, 7]]
  448,  [[0, 5], [1, 2], [1, 5], [1, 5], [2, 2], [2, 3], [2, 5], [6, 6], [7, 7]]
  449,  [[0, 5], [1, 1], [1, 5], [1, 5], [2, 2], [2, 3], [2, 5], [4, 6], [7, 7]]
  450,  [[0, 3], [1, 5], [1, 5], [1, 5], [2, 2], [2, 2], [2, 2], [4, 5], [6, 6]]
  451,  [[0, 3], [1, 5], [1, 5], [1, 5], [2, 2], [2, 2], [2, 6], [5, 5], [7, 7]]
  452,  [[0, 2], [1, 5], [1, 5], [1, 5], [2, 2], [2, 2], [3, 5], [6, 6], [7, 7]]
  453,  [[0, 2], [1, 5], [1, 5], [1, 5], [2, 2], [2, 2], [2, 6], [3, 5], [4, 7]]
  454,  [[0, 0], [1, 5], [1, 5], [1, 5], [2, 2], [2, 2], [2, 2], [3, 5], [4, 6]]
  455,  [[0, 0], [1, 5], [1, 5], [1, 5], [2, 2], [2, 2], [2, 6], [3, 7], [5, 5]]
  456,  [[0, 6], [1, 5], [1, 5], [1, 5], [2, 2], [2, 2], [2, 2], [3, 5], [7, 7]]
  457,  [[0, 6], [1, 5], [1, 5], [1, 5], [2, 2], [2, 2], [2, 3], [5, 5], [7, 7]]
  458,  [[0, 6], [1, 5], [1, 5], [1, 5], [2, 2], [2, 3], [2, 4], [2, 7], [5, 5]]
  459,  [[0, 2], [1, 5], [1, 5], [1, 5], [2, 2], [2, 2], [2, 3], [4, 5], [6, 7]]
  460,  [[0, 0], [1, 5], [1, 5], [1, 5], [2, 2], [2, 2], [2, 2], [3, 5], [6, 7]]
  461,  [[0, 0], [1, 5], [1, 5], [1, 5], [2, 2], [2, 2], [2, 3], [5, 5], [6, 7]]
  462,  [[0, 2], [1, 5], [1, 5], [1, 5], [2, 3], [2, 4], [2, 6], [5, 5], [7, 7]]
  463,  [[0, 2], [1, 5], [1, 5], [1, 5], [2, 2], [2, 3], [2, 6], [4, 7], [5, 5]]
  464,  [[0, 3], [1, 5], [1, 5], [1, 5], [2, 2], [2, 2], [2, 4], [5, 5], [6, 6]]
  465,  [[0, 3], [1, 5], [1, 5], [1, 5], [2, 2], [2, 2], [2, 4], [2, 6], [5, 7]]
  466,  [[0, 3], [1, 5], [1, 5], [1, 5], [2, 2], [2, 4], [2, 5], [2, 6], [7, 7]]
  467,  [[0, 0], [1, 5], [1, 5], [1, 5], [2, 2], [2, 3], [2, 4], [2, 6], [5, 7]]
  468,  [[0, 3], [1, 1], [1, 1], [1, 5], [2, 5], [2, 5], [2, 6], [2, 7], [4, 5]]
  469,  [[0, 3], [1, 1], [1, 1], [1, 5], [2, 2], [2, 6], [2, 7], [4, 5], [5, 5]]
  470,  [[0, 3], [1, 1], [1, 1], [1, 5], [2, 2], [2, 2], [2, 5], [2, 6], [4, 5]]
  471,  [[0, 3], [1, 1], [1, 1], [1, 5], [2, 2], [2, 5], [2, 6], [4, 5], [7, 7]]
  472,  [[0, 3], [1, 1], [1, 1], [1, 5], [2, 2], [2, 5], [2, 6], [2, 7], [5, 5]]
  473,  [[0, 0], [1, 1], [1, 3], [1, 5], [2, 5], [2, 5], [2, 6], [2, 7], [4, 5]]
  474,  [[0, 0], [1, 1], [1, 3], [1, 5], [2, 2], [2, 6], [2, 7], [4, 5], [5, 5]]
  475,  [[0, 0], [1, 1], [1, 3], [1, 5], [2, 2], [2, 2], [2, 5], [2, 6], [4, 5]]
  476,  [[0, 0], [1, 1], [1, 3], [1, 5], [2, 2], [2, 5], [2, 6], [4, 5], [7, 7]]
  477,  [[0, 0], [1, 1], [1, 3], [1, 5], [2, 2], [2, 5], [2, 6], [2, 7], [5, 5]]
  478,  [[0, 0], [1, 1], [1, 1], [1, 5], [2, 2], [2, 5], [2, 5], [2, 6], [3, 5]]
  479,  [[0, 2], [1, 1], [1, 1], [1, 5], [2, 2], [2, 6], [2, 7], [3, 5], [5, 5]]
  480,  [[0, 0], [1, 1], [1, 2], [1, 5], [2, 2], [2, 6], [2, 7], [3, 5], [5, 5]]
  481,  [[0, 0], [1, 1], [1, 1], [1, 5], [2, 2], [2, 2], [2, 6], [3, 5], [5, 5]]
  482,  [[0, 0], [1, 1], [1, 1], [1, 5], [2, 2], [2, 6], [2, 7], [3, 5], [4, 5]]
  483,  [[0, 6], [1, 1], [1, 1], [1, 5], [2, 3], [2, 5], [2, 5], [2, 7], [4, 5]]
  484,  [[0, 6], [1, 1], [1, 1], [1, 5], [2, 2], [2, 2], [2, 5], [2, 7], [3, 5]]
  485,  [[0, 6], [1, 1], [1, 1], [1, 5], [2, 2], [2, 3], [2, 7], [4, 5], [5, 5]]
  486,  [[0, 6], [1, 1], [1, 1], [1, 5], [2, 2], [2, 2], [2, 3], [2, 5], [4, 5]]
  487,  [[0, 6], [1, 1], [1, 1], [1, 5], [2, 2], [2, 3], [2, 5], [4, 5], [7, 7]]
  488,  [[0, 6], [1, 1], [1, 1], [1, 5], [2, 2], [2, 3], [2, 5], [2, 7], [5, 5]]
  489,  [[0, 0], [1, 1], [1, 5], [1, 6], [2, 3], [2, 5], [2, 5], [2, 7], [4, 5]]
  490,  [[0, 0], [1, 1], [1, 5], [1, 6], [2, 2], [2, 2], [2, 5], [2, 7], [3, 5]]
  491,  [[0, 0], [1, 1], [1, 5], [1, 6], [2, 2], [2, 3], [2, 7], [4, 5], [5, 5]]
  492,  [[0, 0], [1, 1], [1, 5], [1, 6], [2, 2], [2, 2], [2, 3], [2, 5], [4, 5]]
  493,  [[0, 0], [1, 1], [1, 5], [1, 6], [2, 2], [2, 3], [2, 5], [4, 5], [7, 7]]
  494,  [[0, 0], [1, 1], [1, 5], [1, 6], [2, 2], [2, 3], [2, 5], [2, 7], [5, 5]]
  495,  [[0, 0], [1, 1], [1, 1], [1, 5], [2, 2], [2, 3], [2, 5], [2, 5], [4, 5]]
  496,  [[0, 2], [1, 1], [1, 1], [1, 5], [2, 2], [2, 3], [2, 6], [4, 5], [5, 5]]
  497,  [[0, 0], [1, 1], [1, 2], [1, 5], [2, 2], [2, 3], [2, 6], [4, 5], [5, 5]]
  498,  [[0, 0], [1, 1], [1, 1], [1, 5], [2, 2], [2, 2], [2, 3], [4, 5], [5, 5]]
  499,  [[0, 3], [1, 1], [1, 1], [1, 5], [2, 2], [2, 4], [2, 5], [2, 6], [5, 5]]
  500,  [[0, 0], [1, 1], [1, 3], [1, 5], [2, 2], [2, 4], [2, 5], [2, 6], [5, 5]]
  501,  [[0, 0], [1, 1], [1, 1], [1, 5], [2, 3], [2, 4], [2, 5], [2, 6], [5, 5]]
  502,  [[0, 0], [1, 1], [1, 1], [1, 5], [2, 2], [2, 3], [2, 5], [2, 6], [5, 7]]
  503,  [[0, 3], [1, 2], [1, 5], [1, 5], [2, 2], [2, 6], [2, 7], [4, 5], [5, 5]]
  504,  [[0, 3], [1, 1], [1, 5], [1, 5], [2, 2], [2, 2], [2, 6], [4, 5], [5, 5]]
  505,  [[0, 3], [1, 5], [1, 5], [1, 6], [2, 2], [2, 2], [2, 5], [2, 7], [4, 5]]
  506,  [[0, 3], [1, 1], [1, 5], [1, 5], [2, 2], [2, 2], [2, 5], [4, 5], [6, 6]]
  507,  [[0, 3], [1, 1], [1, 5], [1, 5], [2, 2], [2, 2], [2, 5], [2, 6], [5, 5]]
  508,  [[0, 3], [1, 2], [1, 5], [1, 5], [2, 2], [2, 5], [2, 6], [4, 5], [7, 7]]
  509,  [[0, 3], [1, 1], [1, 5], [1, 5], [2, 2], [2, 5], [2, 6], [5, 5], [7, 7]]
  510,  [[0, 3], [1, 4], [1, 5], [1, 5], [2, 2], [2, 5], [2, 6], [2, 7], [5, 5]]
  511,  [[0, 2], [1, 3], [1, 5], [1, 5], [2, 2], [2, 6], [2, 7], [4, 5], [5, 5]]
  512,  [[0, 0], [1, 3], [1, 5], [1, 5], [2, 2], [2, 2], [2, 6], [4, 5], [5, 5]]
  513,  [[0, 6], [1, 3], [1, 5], [1, 5], [2, 2], [2, 2], [2, 5], [2, 7], [4, 5]]
  514,  [[0, 0], [1, 3], [1, 5], [1, 5], [2, 2], [2, 2], [2, 5], [4, 5], [6, 6]]
  515,  [[0, 2], [1, 3], [1, 5], [1, 5], [2, 2], [2, 5], [2, 6], [4, 5], [7, 7]]
  516,  [[0, 2], [1, 1], [1, 5], [1, 5], [2, 3], [2, 6], [2, 7], [4, 5], [5, 5]]
  517,  [[0, 2], [1, 1], [1, 5], [1, 5], [2, 2], [2, 2], [2, 6], [3, 5], [5, 5]]
  518,  [[0, 2], [1, 1], [1, 5], [1, 5], [2, 2], [2, 6], [3, 5], [5, 5], [7, 7]]
  519,  [[0, 2], [1, 1], [1, 5], [1, 5], [2, 2], [2, 6], [2, 7], [3, 5], [4, 5]]
  520,  [[0, 0], [1, 2], [1, 5], [1, 5], [2, 3], [2, 6], [2, 7], [4, 5], [5, 5]]
  521,  [[0, 0], [1, 2], [1, 5], [1, 5], [2, 2], [2, 6], [2, 7], [3, 5], [4, 5]]
  522,  [[0, 6], [1, 1], [1, 5], [1, 5], [2, 2], [2, 2], [2, 7], [3, 5], [5, 5]]
  523,  [[0, 0], [1, 5], [1, 5], [1, 6], [2, 2], [2, 2], [2, 7], [3, 5], [5, 5]]
  524,  [[0, 0], [1, 1], [1, 5], [1, 5], [2, 2], [2, 2], [2, 6], [3, 5], [4, 5]]
  525,  [[0, 6], [1, 1], [1, 5], [1, 5], [2, 2], [2, 2], [2, 5], [3, 5], [7, 7]]
  526,  [[0, 6], [1, 1], [1, 5], [1, 5], [2, 2], [2, 2], [2, 5], [2, 7], [5, 5]]
  527,  [[0, 0], [1, 5], [1, 5], [1, 6], [2, 2], [2, 2], [2, 5], [3, 5], [7, 7]]
  528,  [[0, 2], [1, 1], [1, 5], [1, 5], [2, 2], [2, 2], [2, 5], [3, 5], [6, 6]]
  529,  [[0, 0], [1, 1], [1, 5], [1, 5], [2, 2], [2, 2], [2, 5], [3, 5], [4, 6]]
  530,  [[0, 0], [1, 1], [1, 5], [1, 5], [2, 2], [2, 2], [2, 5], [3, 5], [6, 7]]
  531,  [[0, 2], [1, 1], [1, 1], [1, 5], [2, 2], [2, 5], [2, 6], [3, 5], [7, 7]]
  532,  [[0, 2], [1, 1], [1, 5], [1, 5], [2, 2], [2, 5], [3, 5], [6, 6], [7, 7]]
  533,  [[0, 2], [1, 1], [1, 5], [1, 5], [2, 2], [2, 5], [2, 6], [5, 5], [7, 7]]
  534,  [[0, 2], [1, 1], [1, 5], [1, 5], [2, 2], [2, 5], [2, 6], [3, 5], [4, 7]]
  535,  [[0, 0], [1, 1], [1, 2], [1, 5], [2, 2], [2, 5], [2, 6], [3, 5], [7, 7]]
  536,  [[0, 0], [1, 2], [1, 5], [1, 5], [2, 2], [2, 5], [2, 6], [3, 5], [4, 7]]
  537,  [[0, 0], [1, 1], [1, 1], [1, 5], [2, 2], [2, 5], [2, 6], [3, 5], [4, 7]]
  538,  [[0, 0], [1, 1], [1, 5], [1, 5], [2, 2], [2, 5], [2, 6], [3, 7], [5, 5]]
  539,  [[0, 6], [1, 2], [1, 5], [1, 5], [2, 2], [2, 3], [2, 7], [4, 5], [5, 5]]
  540,  [[0, 6], [1, 1], [1, 5], [1, 5], [2, 2], [2, 2], [2, 3], [4, 5], [5, 5]]
  541,  [[0, 6], [1, 5], [1, 5], [1, 7], [2, 2], [2, 2], [2, 3], [2, 5], [4, 5]]
  542,  [[0, 6], [1, 1], [1, 5], [1, 5], [2, 2], [2, 2], [2, 3], [2, 5], [5, 5]]
  543,  [[0, 6], [1, 2], [1, 5], [1, 5], [2, 2], [2, 3], [2, 5], [4, 5], [7, 7]]
  544,  [[0, 6], [1, 1], [1, 5], [1, 5], [2, 2], [2, 3], [2, 5], [5, 5], [7, 7]]
  545,  [[0, 6], [1, 3], [1, 5], [1, 5], [2, 2], [2, 4], [2, 5], [2, 7], [5, 5]]
  546,  [[0, 6], [1, 1], [1, 5], [1, 5], [2, 3], [2, 4], [2, 5], [2, 7], [5, 5]]
  547,  [[0, 2], [1, 5], [1, 5], [1, 6], [2, 2], [2, 3], [2, 7], [4, 5], [5, 5]]
  548,  [[0, 0], [1, 5], [1, 5], [1, 6], [2, 2], [2, 2], [2, 3], [4, 5], [5, 5]]
  549,  [[0, 2], [1, 5], [1, 5], [1, 6], [2, 2], [2, 3], [2, 5], [4, 5], [7, 7]]
  550,  [[0, 3], [1, 5], [1, 5], [1, 6], [2, 2], [2, 4], [2, 5], [2, 7], [5, 5]]
  551,  [[0, 0], [1, 5], [1, 5], [1, 6], [2, 3], [2, 4], [2, 5], [2, 7], [5, 5]]
  552,  [[0, 2], [1, 1], [1, 5], [1, 5], [2, 2], [2, 2], [2, 3], [4, 5], [5, 5]]
  553,  [[0, 2], [1, 1], [1, 5], [1, 5], [2, 2], [2, 3], [4, 5], [5, 5], [6, 6]]
  554,  [[0, 2], [1, 1], [1, 1], [1, 5], [2, 2], [2, 3], [2, 5], [4, 5], [6, 6]]
  555,  [[0, 2], [1, 1], [1, 5], [1, 5], [2, 2], [2, 3], [2, 5], [5, 5], [6, 6]]
  556,  [[0, 2], [1, 1], [1, 5], [1, 5], [2, 2], [2, 3], [2, 5], [4, 5], [6, 7]]
  557,  [[0, 0], [1, 1], [1, 2], [1, 5], [2, 2], [2, 3], [2, 5], [4, 5], [6, 6]]
  558,  [[0, 0], [1, 2], [1, 5], [1, 5], [2, 2], [2, 3], [2, 5], [4, 5], [6, 7]]
  559,  [[0, 0], [1, 1], [1, 1], [1, 5], [2, 2], [2, 3], [2, 5], [4, 5], [6, 7]]
  560,  [[0, 0], [1, 1], [1, 5], [1, 5], [2, 2], [2, 3], [2, 5], [5, 5], [6, 7]]
  561,  [[0, 3], [1, 1], [1, 5], [1, 5], [2, 2], [2, 2], [2, 4], [2, 5], [5, 5]]
  562,  [[0, 3], [1, 1], [1, 5], [1, 5], [2, 2], [2, 4], [2, 5], [5, 5], [6, 6]]
  563,  [[0, 3], [1, 1], [1, 5], [1, 5], [2, 2], [2, 4], [2, 5], [2, 6], [5, 7]]
  564,  [[0, 0], [1, 3], [1, 5], [1, 5], [2, 2], [2, 4], [2, 5], [2, 6], [5, 7]]
  565,  [[0, 0], [1, 1], [1, 5], [1, 5], [2, 2], [2, 3], [2, 4], [2, 5], [5, 5]]
  566,  [[0, 0], [1, 1], [1, 5], [1, 5], [2, 3], [2, 4], [2, 5], [2, 6], [5, 7]]
  567,  [[0, 0], [1, 1], [1, 5], [1, 5], [2, 2], [2, 2], [2, 5], [2, 6], [5, 7]]
  568,  [[0, 0], [1, 1], [1, 5], [1, 5], [2, 2], [2, 2], [2, 3], [2, 5], [5, 6]]
  569,  [[0, 0], [1, 1], [1, 5], [1, 5], [2, 2], [2, 3], [2, 5], [5, 6], [7, 7]]
  570,  [[0, 3], [1, 2], [1, 5], [1, 5], [2, 2], [2, 2], [4, 5], [6, 6], [7, 7]]
  571,  [[0, 3], [1, 2], [1, 5], [1, 5], [2, 2], [2, 2], [2, 6], [5, 5], [7, 7]]
  572,  [[0, 3], [1, 2], [1, 5], [1, 5], [2, 2], [2, 2], [2, 6], [4, 5], [5, 7]]
  573,  [[0, 3], [1, 5], [1, 5], [1, 6], [2, 2], [2, 2], [2, 2], [4, 5], [7, 7]]
  574,  [[0, 3], [1, 1], [1, 5], [1, 5], [2, 2], [2, 2], [2, 2], [5, 5], [6, 6]]
  575,  [[0, 3], [1, 1], [1, 5], [1, 5], [2, 2], [2, 2], [2, 2], [4, 5], [5, 6]]
  576,  [[0, 3], [1, 1], [1, 5], [1, 5], [2, 2], [2, 2], [2, 2], [4, 5], [6, 7]]
  577,  [[0, 3], [1, 4], [1, 5], [1, 5], [2, 2], [2, 2], [2, 6], [5, 5], [7, 7]]
  578,  [[0, 3], [1, 1], [1, 5], [1, 5], [2, 2], [2, 2], [2, 5], [2, 6], [7, 7]]
  579,  [[0, 3], [1, 1], [1, 5], [1, 5], [2, 2], [2, 2], [2, 6], [4, 7], [5, 5]]
  580,  [[0, 3], [1, 1], [1, 5], [1, 5], [2, 2], [2, 2], [2, 6], [5, 5], [5, 7]]
  581,  [[0, 3], [1, 1], [1, 1], [1, 5], [2, 2], [2, 2], [2, 6], [4, 5], [5, 7]]
  582,  [[0, 2], [1, 3], [1, 5], [1, 5], [2, 2], [2, 2], [4, 5], [6, 6], [7, 7]]
  583,  [[0, 2], [1, 3], [1, 5], [1, 5], [2, 2], [2, 2], [2, 6], [5, 5], [7, 7]]
  584,  [[0, 2], [1, 3], [1, 5], [1, 5], [2, 2], [2, 2], [2, 6], [4, 5], [5, 7]]
  585,  [[0, 0], [1, 3], [1, 5], [1, 5], [2, 2], [2, 2], [2, 6], [4, 7], [5, 5]]
  586,  [[0, 0], [1, 3], [1, 5], [1, 5], [2, 2], [2, 2], [2, 6], [5, 5], [5, 7]]
  587,  [[0, 0], [1, 1], [1, 3], [1, 5], [2, 2], [2, 2], [2, 6], [4, 5], [5, 7]]
  588,  [[0, 0], [1, 3], [1, 5], [1, 5], [2, 2], [2, 2], [2, 2], [4, 5], [5, 6]]
  589,  [[0, 2], [1, 1], [1, 5], [1, 5], [2, 2], [2, 2], [5, 5], [6, 6], [7, 7]]
  590,  [[0, 2], [1, 1], [1, 5], [1, 5], [2, 2], [2, 2], [3, 5], [4, 6], [7, 7]]
  591,  [[0, 2], [1, 1], [1, 5], [1, 5], [2, 2], [2, 2], [3, 5], [5, 6], [7, 7]]
  592,  [[0, 2], [1, 1], [1, 5], [1, 5], [2, 2], [2, 2], [2, 6], [3, 7], [5, 5]]
  593,  [[0, 2], [1, 1], [1, 5], [1, 5], [2, 2], [2, 2], [2, 6], [5, 5], [5, 7]]
  594,  [[0, 2], [1, 1], [1, 1], [1, 5], [2, 2], [2, 2], [2, 6], [3, 5], [5, 7]]
  595,  [[0, 0], [1, 2], [1, 5], [1, 5], [2, 2], [2, 2], [2, 6], [3, 7], [5, 5]]
  596,  [[0, 0], [1, 1], [1, 5], [1, 5], [2, 2], [2, 2], [2, 2], [3, 6], [5, 5]]
  597,  [[0, 0], [1, 1], [1, 5], [1, 5], [2, 2], [2, 2], [2, 5], [2, 6], [3, 7]]
  598,  [[0, 0], [1, 1], [1, 1], [1, 5], [2, 2], [2, 2], [2, 6], [5, 5], [5, 7]]
  599,  [[0, 0], [1, 2], [1, 5], [1, 5], [2, 2], [2, 2], [3, 5], [4, 6], [7, 7]]
  600,  [[0, 6], [1, 1], [1, 5], [1, 5], [2, 2], [2, 2], [2, 2], [3, 5], [4, 7]]
  601,  [[0, 0], [1, 5], [1, 5], [1, 6], [2, 2], [2, 2], [2, 2], [3, 5], [4, 7]]
  602,  [[0, 0], [1, 1], [1, 2], [1, 5], [2, 2], [2, 2], [2, 6], [3, 5], [5, 7]]
  603,  [[0, 0], [1, 2], [1, 5], [1, 5], [2, 2], [2, 2], [3, 5], [5, 6], [7, 7]]
  604,  [[0, 0], [1, 1], [1, 1], [1, 5], [2, 2], [2, 5], [2, 6], [3, 5], [5, 7]]
  605,  [[0, 6], [1, 1], [1, 5], [1, 5], [2, 2], [2, 2], [2, 2], [3, 5], [5, 7]]
  606,  [[0, 0], [1, 5], [1, 5], [1, 6], [2, 2], [2, 2], [2, 2], [3, 5], [5, 7]]
  607,  [[0, 6], [1, 2], [1, 5], [1, 5], [2, 2], [2, 2], [2, 3], [5, 5], [7, 7]]
  608,  [[0, 6], [1, 2], [1, 5], [1, 5], [2, 2], [2, 2], [2, 3], [4, 5], [5, 7]]
  609,  [[0, 6], [1, 3], [1, 5], [1, 5], [2, 2], [2, 2], [2, 2], [4, 5], [7, 7]]
  610,  [[0, 6], [1, 1], [1, 5], [1, 5], [2, 2], [2, 2], [2, 2], [5, 5], [7, 7]]
  611,  [[0, 6], [1, 3], [1, 5], [1, 5], [2, 2], [2, 2], [2, 4], [5, 5], [7, 7]]
  612,  [[0, 6], [1, 1], [1, 5], [1, 5], [2, 2], [2, 3], [2, 4], [5, 5], [7, 7]]
  613,  [[0, 6], [1, 1], [1, 5], [1, 5], [2, 2], [2, 2], [2, 3], [2, 5], [7, 7]]
  614,  [[0, 6], [1, 1], [1, 5], [1, 5], [2, 2], [2, 2], [2, 3], [4, 7], [5, 5]]
  615,  [[0, 6], [1, 1], [1, 5], [1, 5], [2, 2], [2, 2], [2, 3], [5, 5], [5, 7]]
  616,  [[0, 6], [1, 1], [1, 1], [1, 5], [2, 2], [2, 2], [2, 3], [4, 5], [5, 7]]
  617,  [[0, 6], [1, 1], [1, 5], [1, 5], [2, 2], [2, 2], [2, 3], [2, 4], [5, 5]]
  618,  [[0, 2], [1, 5], [1, 5], [1, 6], [2, 2], [2, 2], [2, 3], [5, 5], [7, 7]]
  619,  [[0, 2], [1, 5], [1, 5], [1, 6], [2, 2], [2, 2], [2, 3], [4, 5], [5, 7]]
  620,  [[0, 3], [1, 5], [1, 5], [1, 6], [2, 2], [2, 2], [2, 4], [5, 5], [7, 7]]
  621,  [[0, 0], [1, 5], [1, 5], [1, 6], [2, 2], [2, 3], [2, 4], [5, 5], [7, 7]]
  622,  [[0, 0], [1, 5], [1, 5], [1, 6], [2, 2], [2, 2], [2, 3], [4, 7], [5, 5]]
  623,  [[0, 0], [1, 5], [1, 5], [1, 6], [2, 2], [2, 2], [2, 3], [5, 5], [5, 7]]
  624,  [[0, 0], [1, 1], [1, 5], [1, 6], [2, 2], [2, 2], [2, 3], [4, 5], [5, 7]]
  625,  [[0, 0], [1, 5], [1, 5], [1, 6], [2, 2], [2, 2], [2, 3], [2, 4], [5, 5]]
  626,  [[0, 2], [1, 3], [1, 5], [1, 5], [2, 2], [2, 2], [2, 4], [5, 5], [6, 6]]
  627,  [[0, 2], [1, 1], [1, 5], [1, 5], [2, 2], [2, 3], [2, 4], [5, 5], [6, 6]]
  628,  [[0, 2], [1, 1], [1, 5], [1, 5], [2, 2], [2, 2], [2, 3], [5, 6], [7, 7]]
  629,  [[0, 2], [1, 1], [1, 5], [1, 5], [2, 2], [2, 2], [2, 3], [4, 6], [5, 5]]
  630,  [[0, 2], [1, 1], [1, 5], [1, 5], [2, 2], [2, 2], [2, 3], [5, 5], [5, 6]]
  631,  [[0, 2], [1, 1], [1, 5], [1, 5], [2, 2], [2, 2], [2, 3], [5, 5], [6, 7]]
  632,  [[0, 2], [1, 1], [1, 1], [1, 5], [2, 2], [2, 2], [2, 3], [4, 5], [5, 6]]
  633,  [[0, 3], [1, 2], [1, 5], [1, 5], [2, 2], [2, 2], [2, 4], [5, 5], [6, 6]]
  634,  [[0, 3], [1, 1], [1, 5], [1, 5], [2, 2], [2, 2], [2, 4], [2, 5], [6, 6]]
  635,  [[0, 3], [1, 1], [1, 5], [1, 5], [2, 2], [2, 2], [2, 4], [5, 6], [7, 7]]
  636,  [[0, 3], [1, 1], [1, 5], [1, 5], [2, 2], [2, 2], [2, 4], [5, 5], [5, 6]]
  637,  [[0, 3], [1, 1], [1, 5], [1, 5], [2, 2], [2, 2], [2, 4], [5, 5], [6, 7]]
  638,  [[0, 0], [1, 3], [1, 5], [1, 5], [2, 2], [2, 2], [2, 4], [5, 6], [7, 7]]
  639,  [[0, 0], [1, 3], [1, 5], [1, 5], [2, 2], [2, 2], [2, 4], [5, 5], [5, 6]]
  640,  [[0, 0], [1, 3], [1, 5], [1, 5], [2, 2], [2, 2], [2, 4], [5, 5], [6, 7]]
  641,  [[0, 0], [1, 2], [1, 5], [1, 5], [2, 2], [2, 3], [2, 4], [5, 5], [6, 6]]
  642,  [[0, 0], [1, 1], [1, 5], [1, 5], [2, 2], [2, 3], [2, 4], [2, 5], [6, 6]]
  643,  [[0, 0], [1, 1], [1, 5], [1, 5], [2, 2], [2, 3], [2, 4], [5, 6], [7, 7]]
  644,  [[0, 0], [1, 1], [1, 5], [1, 5], [2, 2], [2, 3], [2, 4], [5, 5], [5, 6]]
  645,  [[0, 0], [1, 1], [1, 5], [1, 5], [2, 2], [2, 3], [2, 4], [5, 5], [6, 7]]
  646,  [[0, 0], [1, 5], [1, 5], [1, 5], [2, 2], [2, 2], [2, 3], [5, 6], [7, 7]]
  647,  [[0, 0], [1, 1], [1, 5], [1, 5], [2, 2], [2, 2], [2, 3], [4, 6], [5, 7]]
  648,  [[0, 0], [1, 1], [1, 5], [1, 5], [2, 2], [2, 2], [2, 3], [5, 6], [5, 7]]
  649,  [[0, 0], [1, 2], [1, 5], [1, 5], [2, 2], [2, 2], [2, 3], [4, 6], [5, 5]]
  650,  [[0, 0], [1, 5], [1, 5], [1, 5], [2, 2], [2, 2], [2, 3], [4, 6], [5, 5]]
  651,  [[0, 0], [1, 1], [1, 5], [1, 5], [2, 2], [2, 3], [2, 5], [4, 6], [5, 5]]
  652,  [[0, 0], [1, 1], [1, 5], [1, 5], [2, 2], [2, 2], [2, 3], [2, 5], [4, 6]]
  653,  [[0, 0], [1, 1], [1, 1], [1, 5], [2, 2], [2, 2], [2, 3], [5, 5], [5, 6]]
  654,  [[0, 0], [1, 2], [1, 5], [1, 5], [2, 2], [2, 2], [2, 3], [5, 5], [6, 7]]
  655,  [[0, 0], [1, 1], [1, 5], [1, 5], [2, 2], [2, 2], [2, 2], [5, 5], [6, 7]]
  656,  [[0, 0], [1, 1], [1, 5], [1, 5], [2, 2], [2, 2], [2, 3], [2, 5], [6, 7]]
  657,  [[0, 0], [1, 1], [1, 2], [1, 5], [2, 2], [2, 2], [2, 3], [4, 5], [5, 6]]
  658,  [[0, 0], [1, 1], [1, 1], [1, 5], [2, 2], [2, 3], [2, 5], [4, 5], [5, 6]]
  659,  [[0, 0], [1, 3], [1, 5], [1, 5], [2, 2], [2, 2], [2, 2], [4, 5], [6, 7]]
  660,  [[0, 0], [1, 1], [1, 5], [1, 5], [2, 2], [2, 2], [2, 3], [2, 4], [5, 6]]
  661,  [[0, 2], [1, 1], [1, 1], [1, 5], [2, 3], [2, 5], [2, 6], [5, 5], [7, 7]]
  662,  [[0, 2], [1, 1], [1, 1], [1, 5], [2, 3], [2, 5], [2, 6], [4, 5], [5, 7]]
  663,  [[0, 2], [1, 3], [1, 5], [1, 5], [2, 4], [2, 5], [2, 6], [5, 5], [7, 7]]
  664,  [[0, 2], [1, 1], [1, 5], [1, 5], [2, 3], [2, 5], [2, 6], [4, 7], [5, 5]]
  665,  [[0, 2], [1, 2], [1, 5], [1, 5], [2, 3], [2, 5], [4, 5], [6, 6], [7, 7]]
  666,  [[0, 2], [1, 2], [1, 5], [1, 5], [2, 2], [2, 3], [5, 5], [6, 6], [7, 7]]
  667,  [[0, 2], [1, 2], [1, 5], [1, 5], [2, 2], [2, 3], [4, 5], [5, 6], [7, 7]]
  668,  [[0, 2], [1, 3], [1, 5], [1, 5], [2, 2], [2, 4], [5, 5], [6, 6], [7, 7]]
  669,  [[0, 2], [1, 1], [1, 5], [1, 5], [2, 2], [2, 3], [2, 5], [6, 6], [7, 7]]
  670,  [[0, 2], [1, 1], [1, 5], [1, 5], [2, 2], [2, 3], [4, 6], [5, 5], [7, 7]]
  671,  [[0, 2], [1, 1], [1, 5], [1, 5], [2, 2], [2, 3], [5, 5], [5, 6], [7, 7]]
  672,  [[0, 2], [1, 1], [1, 1], [1, 5], [2, 2], [2, 3], [4, 5], [5, 6], [7, 7]]
  673,  [[0, 2], [1, 3], [1, 5], [1, 5], [2, 2], [2, 4], [2, 6], [5, 5], [5, 7]]
  674,  [[0, 2], [1, 1], [1, 5], [1, 5], [2, 3], [2, 4], [2, 6], [5, 5], [5, 7]]
  675,  [[0, 2], [1, 1], [1, 1], [1, 5], [2, 2], [2, 3], [2, 6], [5, 5], [5, 7]]
  676,  [[0, 0], [1, 1], [1, 2], [1, 5], [2, 3], [2, 5], [2, 6], [5, 5], [7, 7]]
  677,  [[0, 0], [1, 1], [1, 2], [1, 5], [2, 3], [2, 5], [2, 6], [4, 5], [5, 7]]
  678,  [[0, 3], [1, 2], [1, 5], [1, 5], [2, 4], [2, 5], [2, 6], [5, 5], [7, 7]]
  679,  [[0, 3], [1, 2], [1, 5], [1, 5], [2, 2], [2, 4], [5, 5], [6, 6], [7, 7]]
  680,  [[0, 3], [1, 2], [1, 5], [1, 5], [2, 2], [2, 4], [2, 6], [5, 5], [5, 7]]
  681,  [[0, 0], [1, 2], [1, 5], [1, 5], [2, 3], [2, 4], [2, 6], [5, 5], [5, 7]]
  682,  [[0, 0], [1, 2], [1, 5], [1, 5], [2, 3], [2, 5], [2, 6], [4, 7], [5, 5]]
  683,  [[0, 0], [1, 2], [1, 5], [1, 5], [2, 2], [2, 3], [4, 6], [5, 5], [7, 7]]
  684,  [[0, 0], [1, 1], [1, 2], [1, 5], [2, 2], [2, 3], [2, 6], [5, 5], [5, 7]]
  685,  [[0, 0], [1, 1], [1, 2], [1, 5], [2, 2], [2, 3], [4, 5], [5, 6], [7, 7]]
  686,  [[0, 3], [1, 1], [1, 5], [1, 5], [2, 4], [2, 5], [2, 5], [2, 6], [7, 7]]
  687,  [[0, 3], [1, 1], [1, 5], [1, 5], [2, 2], [2, 4], [2, 5], [6, 6], [7, 7]]
  688,  [[0, 3], [1, 1], [1, 1], [1, 5], [2, 2], [2, 4], [2, 6], [5, 5], [5, 7]]
  689,  [[0, 0], [1, 3], [1, 5], [1, 5], [2, 4], [2, 5], [2, 5], [2, 6], [7, 7]]
  690,  [[0, 0], [1, 1], [1, 3], [1, 5], [2, 2], [2, 4], [2, 6], [5, 5], [5, 7]]
  691,  [[0, 0], [1, 5], [1, 5], [1, 5], [2, 3], [2, 4], [2, 5], [2, 6], [7, 7]]
  692,  [[0, 0], [1, 5], [1, 5], [1, 5], [2, 2], [2, 3], [2, 5], [2, 6], [4, 7]]
  693,  [[0, 0], [1, 1], [1, 5], [1, 5], [2, 2], [2, 5], [2, 5], [2, 6], [7, 7]]
  694,  [[0, 0], [1, 1], [1, 5], [1, 5], [2, 2], [2, 3], [2, 5], [2, 5], [6, 6]]
  695,  [[0, 0], [1, 1], [1, 5], [1, 5], [2, 3], [2, 5], [2, 5], [2, 6], [4, 7]]
  696,  [[0, 0], [1, 1], [1, 5], [1, 5], [2, 2], [2, 3], [2, 5], [4, 6], [7, 7]]
  697,  [[0, 5], [1, 1], [1, 1], [1, 3], [2, 5], [2, 5], [2, 6], [2, 7], [4, 5]]
  698,  [[0, 5], [1, 1], [1, 1], [1, 3], [2, 2], [2, 6], [2, 7], [4, 5], [5, 5]]
  699,  [[0, 5], [1, 1], [1, 1], [1, 3], [2, 2], [2, 2], [2, 5], [2, 6], [4, 5]]
  700,  [[0, 5], [1, 1], [1, 1], [1, 3], [2, 2], [2, 5], [2, 6], [4, 5], [7, 7]]
  701,  [[0, 5], [1, 1], [1, 1], [1, 3], [2, 2], [2, 5], [2, 6], [2, 7], [5, 5]]
  702,  [[0, 5], [1, 2], [1, 3], [1, 5], [2, 2], [2, 6], [2, 7], [4, 5], [5, 5]]
  703,  [[0, 5], [1, 1], [1, 3], [1, 5], [2, 2], [2, 2], [2, 6], [4, 5], [5, 5]]
  704,  [[0, 5], [1, 3], [1, 5], [1, 6], [2, 2], [2, 2], [2, 5], [2, 7], [4, 5]]
  705,  [[0, 5], [1, 1], [1, 3], [1, 5], [2, 2], [2, 2], [2, 5], [4, 5], [6, 6]]
  706,  [[0, 5], [1, 1], [1, 3], [1, 5], [2, 2], [2, 2], [2, 5], [2, 6], [5, 5]]
  707,  [[0, 5], [1, 2], [1, 3], [1, 5], [2, 2], [2, 5], [2, 6], [4, 5], [7, 7]]
  708,  [[0, 5], [1, 1], [1, 3], [1, 5], [2, 2], [2, 5], [2, 6], [5, 5], [7, 7]]
  709,  [[0, 5], [1, 3], [1, 4], [1, 5], [2, 2], [2, 5], [2, 6], [2, 7], [5, 5]]
  710,  [[0, 5], [1, 1], [1, 1], [1, 2], [2, 2], [2, 6], [2, 7], [3, 5], [5, 5]]
  711,  [[0, 5], [1, 1], [1, 2], [1, 5], [2, 3], [2, 6], [2, 7], [4, 5], [5, 5]]
  712,  [[0, 5], [1, 1], [1, 2], [1, 5], [2, 2], [2, 2], [2, 6], [3, 5], [5, 5]]
  713,  [[0, 5], [1, 1], [1, 2], [1, 5], [2, 2], [2, 6], [3, 5], [5, 5], [7, 7]]
  714,  [[0, 5], [1, 1], [1, 2], [1, 5], [2, 2], [2, 6], [2, 7], [3, 5], [4, 5]]
  715,  [[0, 5], [1, 1], [1, 5], [1, 6], [2, 2], [2, 2], [2, 7], [3, 5], [5, 5]]
  716,  [[0, 5], [1, 1], [1, 1], [1, 5], [2, 2], [2, 2], [2, 6], [3, 5], [4, 5]]
  717,  [[0, 5], [1, 1], [1, 1], [1, 6], [2, 2], [2, 2], [2, 5], [2, 7], [3, 5]]
  718,  [[0, 5], [1, 1], [1, 5], [1, 6], [2, 2], [2, 2], [2, 5], [3, 5], [7, 7]]
  719,  [[0, 5], [1, 1], [1, 5], [1, 6], [2, 2], [2, 2], [2, 5], [2, 7], [5, 5]]
  720,  [[0, 5], [1, 1], [1, 2], [1, 5], [2, 2], [2, 2], [2, 5], [3, 5], [6, 6]]
  721,  [[0, 5], [1, 1], [1, 1], [1, 5], [2, 2], [2, 2], [2, 5], [3, 5], [4, 6]]
  722,  [[0, 5], [1, 1], [1, 1], [1, 5], [2, 2], [2, 2], [2, 5], [3, 5], [6, 7]]
  723,  [[0, 5], [1, 1], [1, 1], [1, 2], [2, 2], [2, 5], [2, 6], [3, 5], [7, 7]]
  724,  [[0, 5], [1, 1], [1, 2], [1, 5], [2, 2], [2, 5], [3, 5], [6, 6], [7, 7]]
  725,  [[0, 5], [1, 1], [1, 2], [1, 5], [2, 2], [2, 5], [2, 6], [5, 5], [7, 7]]
  726,  [[0, 5], [1, 1], [1, 2], [1, 5], [2, 2], [2, 5], [2, 6], [3, 5], [4, 7]]
  727,  [[0, 5], [1, 1], [1, 1], [1, 5], [2, 2], [2, 5], [2, 6], [3, 7], [5, 5]]
  728,  [[0, 5], [1, 1], [1, 1], [1, 6], [2, 3], [2, 5], [2, 5], [2, 7], [4, 5]]
  729,  [[0, 5], [1, 1], [1, 1], [1, 6], [2, 2], [2, 3], [2, 7], [4, 5], [5, 5]]
  730,  [[0, 5], [1, 1], [1, 1], [1, 6], [2, 2], [2, 2], [2, 3], [2, 5], [4, 5]]
  731,  [[0, 5], [1, 1], [1, 1], [1, 6], [2, 2], [2, 3], [2, 5], [4, 5], [7, 7]]
  732,  [[0, 5], [1, 1], [1, 1], [1, 6], [2, 2], [2, 3], [2, 5], [2, 7], [5, 5]]
  733,  [[0, 5], [1, 2], [1, 5], [1, 6], [2, 2], [2, 3], [2, 7], [4, 5], [5, 5]]
  734,  [[0, 5], [1, 1], [1, 5], [1, 6], [2, 2], [2, 2], [2, 3], [4, 5], [5, 5]]
  735,  [[0, 5], [1, 5], [1, 6], [1, 7], [2, 2], [2, 2], [2, 3], [2, 5], [4, 5]]
  736,  [[0, 5], [1, 1], [1, 5], [1, 6], [2, 2], [2, 2], [2, 3], [2, 5], [5, 5]]
  737,  [[0, 5], [1, 2], [1, 5], [1, 6], [2, 2], [2, 3], [2, 5], [4, 5], [7, 7]]
  738,  [[0, 5], [1, 1], [1, 5], [1, 6], [2, 2], [2, 3], [2, 5], [5, 5], [7, 7]]
  739,  [[0, 5], [1, 3], [1, 5], [1, 6], [2, 2], [2, 4], [2, 5], [2, 7], [5, 5]]
  740,  [[0, 5], [1, 1], [1, 5], [1, 6], [2, 3], [2, 4], [2, 5], [2, 7], [5, 5]]
  741,  [[0, 5], [1, 1], [1, 1], [1, 2], [2, 2], [2, 3], [2, 6], [4, 5], [5, 5]]
  742,  [[0, 5], [1, 1], [1, 2], [1, 5], [2, 2], [2, 2], [2, 3], [4, 5], [5, 5]]
  743,  [[0, 5], [1, 1], [1, 2], [1, 5], [2, 2], [2, 3], [4, 5], [5, 5], [6, 6]]
  744,  [[0, 5], [1, 1], [1, 1], [1, 2], [2, 2], [2, 3], [2, 5], [4, 5], [6, 6]]
  745,  [[0, 5], [1, 1], [1, 2], [1, 5], [2, 2], [2, 3], [2, 5], [5, 5], [6, 6]]
  746,  [[0, 5], [1, 1], [1, 2], [1, 5], [2, 2], [2, 3], [2, 5], [4, 5], [6, 7]]
  747,  [[0, 5], [1, 1], [1, 1], [1, 5], [2, 2], [2, 3], [2, 5], [5, 5], [6, 7]]
  748,  [[0, 5], [1, 1], [1, 1], [1, 3], [2, 2], [2, 4], [2, 5], [2, 6], [5, 5]]
  749,  [[0, 5], [1, 1], [1, 3], [1, 5], [2, 2], [2, 2], [2, 4], [2, 5], [5, 5]]
  750,  [[0, 5], [1, 1], [1, 3], [1, 5], [2, 2], [2, 4], [2, 5], [5, 5], [6, 6]]
  751,  [[0, 5], [1, 1], [1, 3], [1, 5], [2, 2], [2, 4], [2, 5], [2, 6], [5, 7]]
  752,  [[0, 5], [1, 1], [1, 1], [1, 5], [2, 2], [2, 3], [2, 4], [2, 5], [5, 5]]
  753,  [[0, 5], [1, 1], [1, 1], [1, 5], [2, 3], [2, 4], [2, 5], [2, 6], [5, 7]]
  754,  [[0, 5], [1, 1], [1, 1], [1, 5], [2, 2], [2, 2], [2, 5], [2, 6], [5, 7]]
  755,  [[0, 5], [1, 1], [1, 1], [1, 5], [2, 2], [2, 2], [2, 3], [2, 5], [5, 6]]
  756,  [[0, 5], [1, 1], [1, 1], [1, 5], [2, 2], [2, 3], [2, 5], [5, 6], [7, 7]]
  757,  [[0, 5], [1, 2], [1, 3], [1, 5], [2, 2], [2, 2], [4, 5], [6, 6], [7, 7]]
  758,  [[0, 5], [1, 2], [1, 3], [1, 5], [2, 2], [2, 2], [2, 6], [5, 5], [7, 7]]
  759,  [[0, 5], [1, 2], [1, 3], [1, 5], [2, 2], [2, 2], [2, 6], [4, 5], [5, 7]]
  760,  [[0, 5], [1, 3], [1, 5], [1, 6], [2, 2], [2, 2], [2, 2], [4, 5], [7, 7]]
  761,  [[0, 5], [1, 1], [1, 3], [1, 5], [2, 2], [2, 2], [2, 2], [5, 5], [6, 6]]
  762,  [[0, 5], [1, 1], [1, 3], [1, 5], [2, 2], [2, 2], [2, 2], [4, 5], [5, 6]]
  763,  [[0, 5], [1, 1], [1, 3], [1, 5], [2, 2], [2, 2], [2, 2], [4, 5], [6, 7]]
  764,  [[0, 5], [1, 3], [1, 4], [1, 5], [2, 2], [2, 2], [2, 6], [5, 5], [7, 7]]
  765,  [[0, 5], [1, 1], [1, 3], [1, 5], [2, 2], [2, 2], [2, 5], [2, 6], [7, 7]]
  766,  [[0, 5], [1, 1], [1, 3], [1, 5], [2, 2], [2, 2], [2, 6], [4, 7], [5, 5]]
  767,  [[0, 5], [1, 1], [1, 3], [1, 5], [2, 2], [2, 2], [2, 6], [5, 5], [5, 7]]
  768,  [[0, 5], [1, 1], [1, 1], [1, 3], [2, 2], [2, 2], [2, 6], [4, 5], [5, 7]]
  769,  [[0, 5], [1, 1], [1, 2], [1, 5], [2, 2], [2, 2], [5, 5], [6, 6], [7, 7]]
  770,  [[0, 5], [1, 1], [1, 2], [1, 5], [2, 2], [2, 2], [3, 5], [4, 6], [7, 7]]
  771,  [[0, 5], [1, 1], [1, 2], [1, 5], [2, 2], [2, 2], [3, 5], [5, 6], [7, 7]]
  772,  [[0, 5], [1, 1], [1, 2], [1, 5], [2, 2], [2, 2], [2, 6], [3, 7], [5, 5]]
  773,  [[0, 5], [1, 1], [1, 2], [1, 5], [2, 2], [2, 2], [2, 6], [5, 5], [5, 7]]
  774,  [[0, 5], [1, 1], [1, 1], [1, 2], [2, 2], [2, 2], [2, 6], [3, 5], [5, 7]]
  775,  [[0, 5], [1, 1], [1, 1], [1, 5], [2, 2], [2, 2], [2, 2], [3, 6], [5, 5]]
  776,  [[0, 5], [1, 1], [1, 1], [1, 5], [2, 2], [2, 2], [2, 5], [2, 6], [3, 7]]
  777,  [[0, 5], [1, 1], [1, 5], [1, 6], [2, 2], [2, 2], [2, 2], [3, 5], [4, 7]]
  778,  [[0, 5], [1, 1], [1, 5], [1, 6], [2, 2], [2, 2], [2, 2], [3, 5], [5, 7]]
  779,  [[0, 5], [1, 2], [1, 5], [1, 6], [2, 2], [2, 2], [2, 3], [5, 5], [7, 7]]
  780,  [[0, 5], [1, 2], [1, 5], [1, 6], [2, 2], [2, 2], [2, 3], [4, 5], [5, 7]]
  781,  [[0, 5], [1, 1], [1, 5], [1, 6], [2, 2], [2, 2], [2, 2], [5, 5], [7, 7]]
  782,  [[0, 5], [1, 3], [1, 5], [1, 6], [2, 2], [2, 2], [2, 4], [5, 5], [7, 7]]
  783,  [[0, 5], [1, 1], [1, 5], [1, 6], [2, 2], [2, 3], [2, 4], [5, 5], [7, 7]]
  784,  [[0, 5], [1, 1], [1, 5], [1, 6], [2, 2], [2, 2], [2, 3], [2, 5], [7, 7]]
  785,  [[0, 5], [1, 1], [1, 5], [1, 6], [2, 2], [2, 2], [2, 3], [4, 7], [5, 5]]
  786,  [[0, 5], [1, 1], [1, 5], [1, 6], [2, 2], [2, 2], [2, 3], [5, 5], [5, 7]]
  787,  [[0, 5], [1, 1], [1, 1], [1, 6], [2, 2], [2, 2], [2, 3], [4, 5], [5, 7]]
  788,  [[0, 5], [1, 1], [1, 5], [1, 6], [2, 2], [2, 2], [2, 3], [2, 4], [5, 5]]
  789,  [[0, 5], [1, 2], [1, 3], [1, 5], [2, 2], [2, 2], [2, 4], [5, 5], [6, 6]]
  790,  [[0, 5], [1, 1], [1, 2], [1, 5], [2, 2], [2, 3], [2, 4], [5, 5], [6, 6]]
  791,  [[0, 5], [1, 1], [1, 2], [1, 5], [2, 2], [2, 2], [2, 3], [5, 6], [7, 7]]
  792,  [[0, 5], [1, 1], [1, 2], [1, 5], [2, 2], [2, 2], [2, 3], [4, 6], [5, 5]]
  793,  [[0, 5], [1, 1], [1, 2], [1, 5], [2, 2], [2, 2], [2, 3], [5, 5], [5, 6]]
  794,  [[0, 5], [1, 1], [1, 2], [1, 5], [2, 2], [2, 2], [2, 3], [5, 5], [6, 7]]
  795,  [[0, 5], [1, 1], [1, 1], [1, 2], [2, 2], [2, 2], [2, 3], [4, 5], [5, 6]]
  796,  [[0, 5], [1, 1], [1, 3], [1, 5], [2, 2], [2, 2], [2, 4], [2, 5], [6, 6]]
  797,  [[0, 5], [1, 1], [1, 3], [1, 5], [2, 2], [2, 2], [2, 4], [5, 6], [7, 7]]
  798,  [[0, 5], [1, 1], [1, 3], [1, 5], [2, 2], [2, 2], [2, 4], [5, 5], [5, 6]]
  799,  [[0, 5], [1, 1], [1, 3], [1, 5], [2, 2], [2, 2], [2, 4], [5, 5], [6, 7]]
  800,  [[0, 5], [1, 1], [1, 1], [1, 5], [2, 2], [2, 3], [2, 4], [2, 5], [6, 6]]
  801,  [[0, 5], [1, 1], [1, 1], [1, 5], [2, 2], [2, 3], [2, 4], [5, 6], [7, 7]]
  802,  [[0, 5], [1, 1], [1, 1], [1, 5], [2, 2], [2, 3], [2, 4], [5, 5], [5, 6]]
  803,  [[0, 5], [1, 1], [1, 1], [1, 5], [2, 2], [2, 3], [2, 4], [5, 5], [6, 7]]
  804,  [[0, 5], [1, 1], [1, 1], [1, 5], [2, 2], [2, 2], [2, 3], [4, 6], [5, 7]]
  805,  [[0, 5], [1, 1], [1, 1], [1, 5], [2, 2], [2, 2], [2, 3], [5, 6], [5, 7]]
  806,  [[0, 5], [1, 1], [1, 1], [1, 5], [2, 2], [2, 3], [2, 5], [4, 6], [5, 5]]
  807,  [[0, 5], [1, 1], [1, 1], [1, 5], [2, 2], [2, 2], [2, 3], [2, 5], [4, 6]]
  808,  [[0, 5], [1, 1], [1, 1], [1, 5], [2, 2], [2, 2], [2, 2], [5, 5], [6, 7]]
  809,  [[0, 5], [1, 1], [1, 1], [1, 5], [2, 2], [2, 2], [2, 3], [2, 5], [6, 7]]
  810,  [[0, 5], [1, 1], [1, 1], [1, 5], [2, 2], [2, 2], [2, 3], [2, 4], [5, 6]]
  811,  [[0, 5], [1, 1], [1, 1], [1, 2], [2, 3], [2, 5], [2, 6], [5, 5], [7, 7]]
  812,  [[0, 5], [1, 1], [1, 1], [1, 2], [2, 3], [2, 5], [2, 6], [4, 5], [5, 7]]
  813,  [[0, 5], [1, 2], [1, 3], [1, 5], [2, 4], [2, 5], [2, 6], [5, 5], [7, 7]]
  814,  [[0, 5], [1, 1], [1, 2], [1, 5], [2, 3], [2, 5], [2, 6], [4, 7], [5, 5]]
  815,  [[0, 5], [1, 2], [1, 2], [1, 5], [2, 3], [2, 5], [4, 5], [6, 6], [7, 7]]
  816,  [[0, 5], [1, 2], [1, 2], [1, 5], [2, 2], [2, 3], [5, 5], [6, 6], [7, 7]]
  817,  [[0, 5], [1, 2], [1, 2], [1, 5], [2, 2], [2, 3], [4, 5], [5, 6], [7, 7]]
  818,  [[0, 5], [1, 2], [1, 3], [1, 5], [2, 2], [2, 4], [5, 5], [6, 6], [7, 7]]
  819,  [[0, 5], [1, 1], [1, 2], [1, 5], [2, 2], [2, 3], [2, 5], [6, 6], [7, 7]]
  820,  [[0, 5], [1, 1], [1, 2], [1, 5], [2, 2], [2, 3], [4, 6], [5, 5], [7, 7]]
  821,  [[0, 5], [1, 1], [1, 2], [1, 5], [2, 2], [2, 3], [5, 5], [5, 6], [7, 7]]
  822,  [[0, 5], [1, 1], [1, 1], [1, 2], [2, 2], [2, 3], [4, 5], [5, 6], [7, 7]]
  823,  [[0, 5], [1, 2], [1, 3], [1, 5], [2, 2], [2, 4], [2, 6], [5, 5], [5, 7]]
  824,  [[0, 5], [1, 1], [1, 2], [1, 5], [2, 3], [2, 4], [2, 6], [5, 5], [5, 7]]
  825,  [[0, 5], [1, 1], [1, 1], [1, 2], [2, 2], [2, 3], [2, 6], [5, 5], [5, 7]]
  826,  [[0, 5], [1, 1], [1, 3], [1, 5], [2, 4], [2, 5], [2, 5], [2, 6], [7, 7]]
  827,  [[0, 5], [1, 1], [1, 3], [1, 5], [2, 2], [2, 4], [2, 5], [6, 6], [7, 7]]
  828,  [[0, 5], [1, 1], [1, 1], [1, 3], [2, 2], [2, 4], [2, 6], [5, 5], [5, 7]]
  829,  [[0, 5], [1, 1], [1, 1], [1, 5], [2, 2], [2, 5], [2, 5], [2, 6], [7, 7]]
  830,  [[0, 5], [1, 1], [1, 1], [1, 5], [2, 2], [2, 3], [2, 5], [2, 5], [6, 6]]
  831,  [[0, 5], [1, 1], [1, 1], [1, 5], [2, 3], [2, 5], [2, 5], [2, 6], [4, 7]]
  832,  [[0, 5], [1, 1], [1, 1], [1, 5], [2, 2], [2, 3], [2, 5], [4, 6], [7, 7]]
  833,  [[0, 5], [1, 3], [1, 5], [1, 5], [2, 2], [2, 2], [2, 2], [5, 5], [6, 7]]
  834,  [[0, 5], [1, 3], [1, 5], [1, 5], [2, 2], [2, 2], [2, 5], [6, 6], [7, 7]]
  835,  [[0, 5], [1, 3], [1, 5], [1, 5], [2, 2], [2, 2], [2, 5], [2, 6], [4, 7]]
  836,  [[0, 5], [1, 3], [1, 5], [1, 5], [2, 2], [2, 2], [2, 2], [4, 6], [5, 5]]
  837,  [[0, 5], [1, 2], [1, 5], [1, 5], [2, 2], [2, 2], [3, 6], [5, 5], [7, 7]]
  838,  [[0, 5], [1, 5], [1, 5], [1, 6], [2, 2], [2, 2], [2, 2], [3, 7], [5, 5]]
  839,  [[0, 5], [1, 1], [1, 5], [1, 5], [2, 2], [2, 2], [2, 2], [3, 6], [5, 7]]
  840,  [[0, 5], [1, 1], [1, 5], [1, 5], [2, 2], [2, 2], [2, 5], [3, 6], [7, 7]]
  841,  [[0, 5], [1, 5], [1, 5], [1, 6], [2, 2], [2, 3], [2, 4], [2, 5], [7, 7]]
  842,  [[0, 5], [1, 5], [1, 5], [1, 6], [2, 2], [2, 2], [2, 3], [2, 5], [4, 7]]
  843,  [[0, 5], [1, 5], [1, 5], [1, 6], [2, 2], [2, 2], [2, 3], [2, 4], [5, 7]]
  844,  [[0, 5], [1, 2], [1, 5], [1, 5], [2, 2], [2, 3], [2, 4], [5, 5], [6, 7]]
  845,  [[0, 5], [1, 3], [1, 5], [1, 5], [2, 2], [2, 2], [2, 4], [2, 5], [6, 7]]
  846,  [[0, 5], [1, 3], [1, 5], [1, 5], [2, 2], [2, 2], [2, 2], [5, 6], [7, 7]]
  847,  [[0, 5], [1, 3], [1, 5], [1, 5], [2, 2], [2, 2], [2, 4], [6, 6], [7, 7]]
  848,  [[0, 5], [1, 2], [1, 5], [1, 5], [2, 2], [2, 3], [2, 4], [5, 6], [7, 7]]
  849,  [[0, 5], [1, 1], [1, 5], [1, 5], [2, 2], [2, 2], [2, 3], [2, 4], [6, 6]]
  850,  [[0, 5], [1, 1], [1, 5], [1, 5], [2, 2], [2, 3], [2, 4], [2, 5], [6, 7]]
  851,  [[0, 5], [1, 1], [1, 5], [1, 5], [2, 2], [2, 3], [2, 4], [6, 6], [7, 7]]
  852,  [[0, 5], [1, 2], [1, 5], [1, 5], [2, 2], [2, 2], [2, 3], [4, 6], [5, 7]]
  853,  [[0, 5], [1, 5], [1, 5], [1, 5], [2, 2], [2, 2], [2, 3], [6, 6], [7, 7]]
  854,  [[0, 5], [1, 1], [1, 5], [1, 5], [2, 2], [2, 2], [2, 3], [4, 6], [7, 7]]
  855,  [[0, 5], [1, 5], [1, 5], [1, 5], [2, 2], [2, 3], [2, 4], [2, 6], [7, 7]]
  856,  [[0, 5], [1, 5], [1, 5], [1, 5], [2, 2], [2, 2], [2, 3], [2, 6], [4, 7]]
  857,  [[0, 5], [1, 2], [1, 5], [1, 5], [2, 2], [2, 3], [2, 5], [4, 6], [7, 7]]
  858,  [[0, 5], [1, 2], [1, 5], [1, 5], [2, 3], [2, 4], [2, 5], [6, 6], [7, 7]]
Total nodes =  859
Total edges =  2090
Goal candidates No. 94
True Goal graph No. 100
Goal candidates No. 131
Goal candidates No. 141
Goal candidates No. 146
Goal candidates No. 170
Goal candidates No. 195
Goal candidates No. 202
Goal candidates No. 519
Goal candidates No. 534
Goal candidates No. 556
Goal candidates No. 563
Goal candidates No. 714
Goal candidates No. 726
Goal candidates No. 746
Goal candidates No. 751
Goal candidates No. 850
Total Goals =  17  and Paths = 585 

True paths: 5 / 585 

