Nomber of atoms =  8
Atoms =  ['Ph', 'O', 'O', 'CH2', 'C', 'H', 'H', 'H']
Valence electrons =  [3, 6, 6, 2, 4, 1, 1, 1]
Fixed electrons =  [[1, 1], [2, 2]]
Good initial graph No.0!
Good goal graph!

 Generated No. and Nodes:
    0,  [[0, 0], [0, 3], [1, 1], [1, 4], [1, 4], [2, 2], [2, 5], [2, 6], [3, 4], [4, 7]]
    1,  [[0, 0], [0, 3], [1, 1], [1, 1], [1, 4], [2, 2], [2, 5], [2, 6], [3, 4], [4, 7]]
    2,  [[0, 0], [0, 3], [1, 1], [1, 1], [1, 5], [2, 2], [2, 4], [2, 4], [3, 4], [4, 6]]
    3,  [[0, 0], [0, 3], [1, 1], [1, 4], [1, 4], [2, 2], [2, 5], [2, 6], [4, 4], [4, 7]]
    4,  [[0, 0], [0, 3], [1, 1], [1, 4], [1, 4], [2, 2], [2, 5], [2, 6], [3, 4], [4, 4]]
    5,  [[0, 0], [0, 3], [1, 1], [1, 4], [1, 4], [2, 2], [2, 5], [2, 6], [3, 4], [7, 7]]
    6,  [[0, 3], [0, 4], [1, 1], [1, 1], [1, 4], [2, 2], [2, 5], [2, 6], [3, 4], [4, 7]]
    7,  [[0, 0], [0, 3], [1, 1], [1, 1], [1, 4], [2, 4], [2, 5], [2, 6], [3, 4], [4, 7]]
    8,  [[0, 0], [0, 3], [1, 1], [1, 1], [1, 4], [2, 2], [2, 2], [2, 5], [3, 4], [4, 6]]
    9,  [[0, 0], [0, 3], [1, 1], [1, 1], [1, 4], [2, 2], [2, 5], [2, 6], [4, 4], [4, 7]]
   10,  [[0, 0], [0, 3], [1, 1], [1, 1], [1, 4], [2, 2], [2, 5], [2, 6], [3, 4], [4, 4]]
   11,  [[0, 3], [0, 5], [1, 1], [1, 1], [1, 6], [2, 2], [2, 4], [2, 4], [3, 4], [4, 7]]
   12,  [[0, 0], [0, 3], [1, 1], [1, 1], [1, 5], [2, 4], [2, 4], [2, 6], [3, 4], [4, 7]]
   13,  [[0, 0], [0, 3], [1, 1], [1, 1], [1, 5], [2, 2], [2, 4], [2, 4], [4, 4], [4, 6]]
   14,  [[0, 0], [0, 3], [1, 1], [1, 1], [1, 5], [2, 2], [2, 4], [2, 4], [3, 4], [4, 4]]
   15,  [[0, 0], [0, 3], [1, 1], [1, 1], [1, 5], [2, 2], [2, 4], [2, 4], [3, 4], [6, 6]]
   16,  [[0, 3], [0, 3], [1, 1], [1, 4], [1, 4], [2, 2], [2, 5], [2, 6], [4, 4], [4, 7]]
   17,  [[0, 0], [0, 3], [1, 1], [1, 5], [1, 6], [2, 3], [2, 4], [2, 4], [4, 4], [4, 7]]
   18,  [[0, 0], [0, 3], [1, 1], [1, 4], [1, 4], [2, 3], [2, 5], [2, 6], [4, 4], [4, 7]]
   19,  [[0, 0], [0, 3], [1, 1], [1, 4], [1, 4], [2, 2], [2, 5], [2, 6], [4, 4], [7, 7]]
   20,  [[0, 3], [0, 5], [1, 1], [1, 4], [1, 4], [2, 2], [2, 6], [2, 7], [3, 4], [4, 4]]
   21,  [[0, 0], [0, 3], [1, 1], [1, 5], [1, 6], [2, 4], [2, 4], [2, 7], [3, 4], [4, 4]]
   22,  [[0, 0], [0, 3], [1, 1], [1, 4], [1, 4], [2, 5], [2, 6], [2, 7], [3, 4], [4, 4]]
   23,  [[0, 3], [0, 4], [1, 1], [1, 4], [1, 4], [2, 2], [2, 5], [2, 6], [3, 4], [7, 7]]
   24,  [[0, 0], [0, 3], [1, 1], [1, 5], [1, 6], [2, 4], [2, 4], [2, 4], [3, 4], [7, 7]]
   25,  [[0, 0], [0, 3], [1, 1], [1, 4], [1, 4], [2, 4], [2, 5], [2, 6], [3, 4], [7, 7]]
   26,  [[0, 0], [0, 4], [1, 1], [1, 1], [1, 4], [2, 2], [2, 5], [2, 6], [3, 4], [4, 7]]
   27,  [[0, 3], [0, 4], [1, 1], [1, 1], [1, 4], [2, 2], [2, 2], [2, 5], [3, 4], [4, 6]]
   28,  [[0, 3], [0, 4], [1, 1], [1, 1], [1, 4], [2, 2], [2, 5], [2, 6], [4, 4], [4, 7]]
   29,  [[0, 3], [0, 4], [1, 1], [1, 1], [1, 4], [2, 2], [2, 5], [2, 6], [3, 4], [4, 4]]
   30,  [[0, 3], [0, 4], [1, 1], [1, 1], [1, 4], [2, 2], [2, 5], [2, 6], [3, 4], [7, 7]]
   31,  [[0, 0], [0, 3], [1, 1], [1, 1], [1, 4], [2, 2], [2, 4], [2, 5], [3, 4], [4, 6]]
   32,  [[0, 0], [0, 3], [1, 1], [1, 1], [1, 4], [2, 4], [2, 5], [2, 6], [4, 4], [4, 7]]
   33,  [[0, 0], [0, 3], [1, 1], [1, 1], [1, 4], [2, 4], [2, 5], [2, 6], [3, 4], [4, 4]]
   34,  [[0, 0], [0, 3], [1, 1], [1, 1], [1, 4], [2, 4], [2, 5], [2, 6], [3, 4], [7, 7]]
   35,  [[0, 3], [0, 5], [1, 1], [1, 1], [1, 4], [2, 2], [2, 2], [2, 6], [3, 4], [4, 7]]
   36,  [[0, 0], [0, 3], [1, 1], [1, 1], [1, 5], [2, 2], [2, 4], [2, 6], [3, 4], [4, 7]]
   37,  [[0, 0], [0, 3], [1, 1], [1, 1], [1, 4], [2, 2], [2, 2], [2, 5], [4, 4], [4, 6]]
   38,  [[0, 0], [0, 3], [1, 1], [1, 1], [1, 4], [2, 2], [2, 2], [2, 5], [3, 4], [4, 4]]
   39,  [[0, 3], [0, 3], [1, 1], [1, 1], [1, 4], [2, 2], [2, 5], [2, 6], [4, 4], [4, 7]]
   40,  [[0, 0], [0, 3], [1, 1], [1, 3], [1, 4], [2, 2], [2, 5], [2, 6], [4, 4], [4, 7]]
   41,  [[0, 0], [0, 3], [1, 1], [1, 1], [1, 4], [2, 3], [2, 5], [2, 6], [4, 4], [4, 7]]
   42,  [[0, 0], [0, 3], [1, 1], [1, 1], [1, 4], [2, 2], [2, 5], [2, 6], [4, 4], [4, 4]]
   43,  [[0, 3], [0, 5], [1, 1], [1, 1], [1, 4], [2, 2], [2, 6], [2, 7], [3, 4], [4, 4]]
   44,  [[0, 0], [0, 3], [1, 1], [1, 4], [1, 5], [2, 2], [2, 6], [2, 7], [3, 4], [4, 4]]
   45,  [[0, 0], [0, 3], [1, 1], [1, 1], [1, 4], [2, 5], [2, 6], [2, 7], [3, 4], [4, 4]]
   46,  [[0, 0], [0, 5], [1, 1], [1, 1], [1, 6], [2, 2], [2, 4], [2, 4], [3, 4], [4, 7]]
   47,  [[0, 3], [0, 5], [1, 1], [1, 1], [1, 6], [2, 2], [2, 4], [2, 4], [4, 4], [4, 7]]
   48,  [[0, 3], [0, 5], [1, 1], [1, 1], [1, 6], [2, 2], [2, 4], [2, 4], [3, 4], [4, 4]]
   49,  [[0, 3], [0, 5], [1, 1], [1, 1], [1, 6], [2, 2], [2, 4], [2, 4], [3, 4], [7, 7]]
   50,  [[0, 0], [0, 3], [1, 1], [1, 1], [1, 5], [2, 4], [2, 4], [2, 6], [4, 4], [4, 7]]
   51,  [[0, 0], [0, 3], [1, 1], [1, 1], [1, 5], [2, 4], [2, 4], [2, 6], [3, 4], [4, 4]]
   52,  [[0, 0], [0, 3], [1, 1], [1, 1], [1, 5], [2, 4], [2, 4], [2, 6], [3, 4], [7, 7]]
   53,  [[0, 3], [0, 3], [1, 1], [1, 1], [1, 5], [2, 2], [2, 4], [2, 4], [4, 4], [4, 6]]
   54,  [[0, 0], [0, 3], [1, 1], [1, 3], [1, 5], [2, 2], [2, 4], [2, 4], [4, 4], [4, 6]]
   55,  [[0, 0], [0, 3], [1, 1], [1, 1], [1, 5], [2, 3], [2, 4], [2, 4], [4, 4], [4, 6]]
   56,  [[0, 0], [0, 3], [1, 1], [1, 1], [1, 5], [2, 2], [2, 4], [2, 4], [4, 6], [4, 7]]
   57,  [[0, 0], [0, 3], [1, 1], [1, 1], [1, 5], [2, 2], [2, 4], [2, 4], [4, 4], [6, 6]]
   58,  [[0, 3], [0, 4], [1, 1], [1, 1], [1, 5], [2, 2], [2, 4], [2, 4], [3, 4], [6, 6]]
   59,  [[0, 0], [0, 3], [1, 1], [1, 4], [1, 4], [2, 2], [2, 4], [2, 5], [3, 4], [6, 6]]
   60,  [[0, 0], [0, 3], [1, 1], [1, 1], [1, 5], [2, 4], [2, 4], [2, 4], [3, 4], [6, 6]]
   61,  [[0, 0], [0, 3], [1, 1], [1, 1], [1, 5], [2, 2], [2, 4], [2, 4], [3, 4], [6, 7]]
   62,  [[0, 3], [0, 3], [1, 1], [1, 4], [1, 4], [2, 2], [2, 5], [2, 6], [4, 4], [7, 7]]
   63,  [[0, 0], [0, 3], [1, 1], [1, 5], [1, 6], [2, 3], [2, 4], [2, 4], [4, 4], [7, 7]]
   64,  [[0, 0], [0, 3], [1, 1], [1, 4], [1, 4], [2, 3], [2, 5], [2, 6], [4, 4], [7, 7]]
   65,  [[0, 3], [0, 4], [1, 1], [1, 4], [1, 4], [2, 2], [2, 5], [2, 6], [4, 4], [7, 7]]
   66,  [[0, 0], [0, 3], [1, 1], [1, 5], [1, 6], [2, 4], [2, 4], [2, 4], [4, 4], [7, 7]]
   67,  [[0, 0], [0, 3], [1, 1], [1, 4], [1, 4], [2, 4], [2, 5], [2, 6], [4, 4], [7, 7]]
   68,  [[0, 0], [0, 3], [1, 1], [1, 4], [1, 4], [2, 2], [2, 5], [2, 6], [3, 7], [4, 4]]
   69,  [[0, 0], [0, 5], [1, 1], [1, 4], [1, 4], [2, 2], [2, 6], [2, 7], [3, 4], [4, 4]]
   70,  [[0, 0], [0, 4], [1, 1], [1, 4], [1, 4], [2, 2], [2, 5], [2, 6], [3, 4], [7, 7]]
   71,  [[0, 0], [0, 4], [1, 1], [1, 3], [1, 4], [2, 2], [2, 5], [2, 6], [3, 4], [4, 7]]
   72,  [[0, 0], [0, 4], [1, 1], [1, 1], [1, 4], [2, 3], [2, 5], [2, 6], [3, 4], [4, 7]]
   73,  [[0, 0], [0, 4], [1, 1], [1, 1], [1, 4], [2, 2], [2, 2], [2, 5], [3, 4], [4, 6]]
   74,  [[0, 0], [0, 4], [1, 1], [1, 1], [1, 4], [2, 2], [2, 5], [2, 6], [3, 3], [4, 7]]
   75,  [[0, 0], [0, 4], [1, 1], [1, 1], [1, 4], [2, 2], [2, 5], [2, 6], [3, 4], [4, 4]]
   76,  [[0, 0], [0, 4], [1, 1], [1, 1], [1, 4], [2, 2], [2, 5], [2, 6], [3, 4], [7, 7]]
   77,  [[0, 3], [0, 4], [1, 1], [1, 1], [1, 5], [2, 2], [2, 4], [2, 6], [3, 4], [4, 7]]
   78,  [[0, 3], [0, 4], [1, 1], [1, 3], [1, 4], [2, 2], [2, 5], [2, 6], [4, 4], [4, 7]]
   79,  [[0, 3], [0, 4], [1, 1], [1, 1], [1, 4], [2, 3], [2, 5], [2, 6], [4, 4], [4, 7]]
   80,  [[0, 3], [0, 4], [1, 1], [1, 1], [1, 4], [2, 2], [2, 5], [2, 6], [4, 4], [7, 7]]
   81,  [[0, 3], [0, 4], [1, 1], [1, 4], [1, 5], [2, 2], [2, 6], [2, 7], [3, 4], [4, 4]]
   82,  [[0, 3], [0, 4], [1, 1], [1, 1], [1, 4], [2, 5], [2, 6], [2, 7], [3, 4], [4, 4]]
   83,  [[0, 3], [0, 4], [1, 1], [1, 1], [1, 4], [2, 4], [2, 5], [2, 6], [3, 4], [7, 7]]
   84,  [[0, 3], [0, 5], [1, 1], [1, 1], [1, 4], [2, 2], [2, 4], [2, 6], [3, 4], [4, 7]]
   85,  [[0, 0], [0, 3], [1, 1], [1, 4], [1, 5], [2, 2], [2, 4], [2, 6], [3, 4], [4, 7]]
   86,  [[0, 0], [0, 3], [1, 1], [1, 1], [1, 4], [2, 2], [2, 2], [2, 4], [3, 4], [4, 5]]
   87,  [[0, 0], [0, 3], [1, 1], [1, 1], [1, 4], [2, 2], [2, 4], [2, 5], [4, 4], [4, 6]]
   88,  [[0, 0], [0, 3], [1, 1], [1, 1], [1, 4], [2, 2], [2, 4], [2, 5], [3, 4], [4, 4]]
   89,  [[0, 0], [0, 3], [1, 1], [1, 1], [1, 4], [2, 2], [2, 4], [2, 5], [3, 4], [6, 6]]
   90,  [[0, 3], [0, 3], [1, 1], [1, 1], [1, 4], [2, 4], [2, 5], [2, 6], [4, 4], [4, 7]]
   91,  [[0, 0], [0, 3], [1, 1], [1, 3], [1, 4], [2, 4], [2, 5], [2, 6], [4, 4], [4, 7]]
   92,  [[0, 0], [0, 3], [1, 1], [1, 1], [1, 4], [2, 4], [2, 5], [2, 6], [4, 4], [7, 7]]
   93,  [[0, 3], [0, 5], [1, 1], [1, 1], [1, 4], [2, 4], [2, 6], [2, 7], [3, 4], [4, 4]]
   94,  [[0, 0], [0, 3], [1, 1], [1, 4], [1, 5], [2, 4], [2, 6], [2, 7], [3, 4], [4, 4]]
   95,  [[0, 0], [0, 5], [1, 1], [1, 1], [1, 4], [2, 2], [2, 2], [2, 6], [3, 4], [4, 7]]
   96,  [[0, 3], [0, 5], [1, 1], [1, 1], [1, 4], [2, 2], [2, 2], [2, 6], [4, 4], [4, 7]]
   97,  [[0, 3], [0, 5], [1, 1], [1, 1], [1, 4], [2, 2], [2, 2], [2, 6], [3, 4], [4, 4]]
   98,  [[0, 0], [0, 3], [1, 1], [1, 1], [1, 5], [2, 2], [2, 4], [2, 6], [4, 4], [4, 7]]
   99,  [[0, 0], [0, 3], [1, 1], [1, 1], [1, 5], [2, 2], [2, 4], [2, 6], [3, 4], [4, 4]]
  100,  [[0, 3], [0, 3], [1, 1], [1, 1], [1, 4], [2, 2], [2, 2], [2, 5], [4, 4], [4, 6]]
  101,  [[0, 0], [0, 3], [1, 1], [1, 1], [1, 5], [2, 2], [2, 3], [2, 4], [4, 4], [4, 6]]
  102,  [[0, 0], [0, 3], [1, 1], [1, 1], [1, 4], [2, 2], [2, 3], [2, 5], [4, 4], [4, 6]]
  103,  [[0, 0], [0, 3], [1, 1], [1, 1], [1, 4], [2, 2], [2, 2], [2, 5], [4, 6], [4, 7]]
  104,  [[0, 3], [0, 3], [1, 1], [1, 1], [1, 4], [2, 2], [2, 5], [2, 6], [4, 4], [4, 4]]
  105,  [[0, 0], [0, 3], [1, 1], [1, 3], [1, 4], [2, 2], [2, 5], [2, 6], [4, 4], [4, 4]]
  106,  [[0, 0], [0, 3], [1, 1], [1, 1], [1, 4], [2, 3], [2, 5], [2, 6], [4, 4], [4, 4]]
  107,  [[0, 3], [0, 5], [1, 1], [1, 1], [1, 4], [2, 2], [2, 6], [2, 7], [4, 4], [4, 4]]
  108,  [[0, 0], [0, 3], [1, 1], [1, 4], [1, 5], [2, 2], [2, 6], [2, 7], [4, 4], [4, 4]]
  109,  [[0, 0], [0, 3], [1, 1], [1, 1], [1, 4], [2, 5], [2, 6], [2, 7], [4, 4], [4, 4]]
  110,  [[0, 0], [0, 5], [1, 1], [1, 1], [1, 4], [2, 2], [2, 6], [2, 7], [3, 4], [4, 4]]
  111,  [[0, 0], [0, 5], [1, 1], [1, 3], [1, 6], [2, 2], [2, 4], [2, 4], [3, 4], [4, 7]]
  112,  [[0, 0], [0, 5], [1, 1], [1, 1], [1, 6], [2, 3], [2, 4], [2, 4], [3, 4], [4, 7]]
  113,  [[0, 0], [0, 5], [1, 1], [1, 1], [1, 6], [2, 2], [2, 4], [2, 4], [3, 3], [4, 7]]
  114,  [[0, 0], [0, 5], [1, 1], [1, 1], [1, 6], [2, 2], [2, 4], [2, 4], [3, 4], [4, 4]]
  115,  [[0, 0], [0, 5], [1, 1], [1, 1], [1, 6], [2, 2], [2, 4], [2, 4], [3, 4], [7, 7]]
  116,  [[0, 3], [0, 5], [1, 1], [1, 3], [1, 6], [2, 2], [2, 4], [2, 4], [4, 4], [4, 7]]
  117,  [[0, 3], [0, 5], [1, 1], [1, 1], [1, 6], [2, 3], [2, 4], [2, 4], [4, 4], [4, 7]]
  118,  [[0, 3], [0, 5], [1, 1], [1, 1], [1, 6], [2, 2], [2, 4], [2, 4], [4, 4], [7, 7]]
  119,  [[0, 3], [0, 5], [1, 1], [1, 1], [1, 6], [2, 4], [2, 4], [2, 7], [3, 4], [4, 4]]
  120,  [[0, 3], [0, 5], [1, 1], [1, 4], [1, 4], [2, 2], [2, 4], [2, 6], [3, 4], [7, 7]]
  121,  [[0, 3], [0, 5], [1, 1], [1, 1], [1, 6], [2, 4], [2, 4], [2, 4], [3, 4], [7, 7]]
  122,  [[0, 3], [0, 3], [1, 1], [1, 1], [1, 5], [2, 4], [2, 4], [2, 6], [4, 4], [4, 7]]
  123,  [[0, 0], [0, 3], [1, 1], [1, 3], [1, 5], [2, 4], [2, 4], [2, 6], [4, 4], [4, 7]]
  124,  [[0, 0], [0, 3], [1, 1], [1, 1], [1, 5], [2, 4], [2, 4], [2, 6], [4, 4], [7, 7]]
  125,  [[0, 3], [0, 4], [1, 1], [1, 1], [1, 5], [2, 4], [2, 4], [2, 6], [3, 4], [7, 7]]
  126,  [[0, 0], [0, 3], [1, 1], [1, 4], [1, 5], [2, 4], [2, 4], [2, 6], [3, 4], [7, 7]]
  127,  [[0, 3], [0, 3], [1, 1], [1, 1], [1, 5], [2, 2], [2, 4], [2, 4], [4, 6], [4, 7]]
  128,  [[0, 3], [0, 3], [1, 1], [1, 1], [1, 5], [2, 2], [2, 4], [2, 4], [4, 4], [6, 6]]
  129,  [[0, 0], [0, 3], [1, 1], [1, 1], [1, 3], [2, 2], [2, 4], [2, 4], [4, 4], [4, 5]]
  130,  [[0, 0], [0, 3], [1, 1], [1, 3], [1, 5], [2, 2], [2, 4], [2, 4], [4, 6], [4, 7]]
  131,  [[0, 0], [0, 3], [1, 1], [1, 3], [1, 5], [2, 2], [2, 4], [2, 4], [4, 4], [6, 6]]
  132,  [[0, 0], [0, 3], [1, 1], [1, 1], [1, 5], [2, 3], [2, 4], [2, 4], [4, 6], [4, 7]]
  133,  [[0, 0], [0, 3], [1, 1], [1, 1], [1, 5], [2, 3], [2, 4], [2, 4], [4, 4], [6, 6]]
  134,  [[0, 0], [0, 3], [1, 1], [1, 1], [1, 5], [2, 2], [2, 4], [2, 4], [4, 6], [7, 7]]
  135,  [[0, 0], [0, 3], [1, 1], [1, 4], [1, 4], [2, 2], [2, 4], [2, 5], [4, 4], [6, 6]]
  136,  [[0, 0], [0, 3], [1, 1], [1, 1], [1, 5], [2, 2], [2, 4], [2, 4], [3, 6], [4, 4]]
  137,  [[0, 0], [0, 3], [1, 1], [1, 1], [1, 5], [2, 2], [2, 4], [2, 4], [4, 4], [6, 7]]
  138,  [[0, 0], [0, 4], [1, 1], [1, 1], [1, 5], [2, 2], [2, 4], [2, 4], [3, 4], [6, 6]]
  139,  [[0, 3], [0, 4], [1, 1], [1, 1], [1, 5], [2, 2], [2, 4], [2, 4], [3, 4], [6, 7]]
  140,  [[0, 0], [0, 3], [1, 1], [1, 1], [1, 4], [2, 2], [2, 4], [2, 4], [3, 4], [5, 5]]
  141,  [[0, 0], [0, 3], [1, 1], [1, 4], [1, 4], [2, 2], [2, 4], [2, 5], [3, 4], [6, 7]]
  142,  [[0, 0], [0, 3], [1, 1], [1, 1], [1, 5], [2, 4], [2, 4], [2, 4], [3, 4], [6, 7]]
  143,  [[0, 3], [0, 3], [1, 1], [1, 5], [1, 6], [2, 4], [2, 4], [2, 4], [4, 4], [7, 7]]
  144,  [[0, 3], [0, 3], [1, 1], [1, 4], [1, 4], [2, 4], [2, 5], [2, 6], [4, 4], [7, 7]]
  145,  [[0, 3], [0, 4], [1, 1], [1, 5], [1, 6], [2, 3], [2, 4], [2, 4], [4, 4], [7, 7]]
  146,  [[0, 0], [0, 3], [1, 3], [1, 4], [1, 4], [2, 4], [2, 5], [2, 6], [4, 4], [7, 7]]
  147,  [[0, 3], [0, 4], [1, 1], [1, 4], [1, 4], [2, 3], [2, 5], [2, 6], [4, 4], [7, 7]]
  148,  [[0, 0], [0, 3], [1, 3], [1, 5], [1, 6], [2, 4], [2, 4], [2, 4], [4, 4], [7, 7]]
  149,  [[0, 3], [0, 4], [1, 1], [1, 4], [1, 4], [2, 2], [2, 5], [2, 6], [3, 7], [4, 4]]
  150,  [[0, 0], [0, 3], [1, 1], [1, 5], [1, 6], [2, 4], [2, 4], [2, 4], [3, 7], [4, 4]]
  151,  [[0, 0], [0, 3], [1, 1], [1, 4], [1, 4], [2, 4], [2, 5], [2, 6], [3, 7], [4, 4]]
  152,  [[0, 0], [0, 5], [1, 1], [1, 6], [1, 7], [2, 3], [2, 4], [2, 4], [3, 4], [4, 4]]
  153,  [[0, 0], [0, 5], [1, 1], [1, 4], [1, 4], [2, 3], [2, 6], [2, 7], [3, 4], [4, 4]]
  154,  [[0, 0], [0, 5], [1, 1], [1, 4], [1, 4], [2, 2], [2, 6], [2, 7], [3, 3], [4, 4]]
  155,  [[0, 0], [0, 5], [1, 1], [1, 4], [1, 4], [2, 2], [2, 6], [2, 7], [3, 4], [3, 4]]
  156,  [[0, 0], [0, 4], [1, 1], [1, 5], [1, 6], [2, 3], [2, 4], [2, 4], [3, 4], [7, 7]]
  157,  [[0, 0], [0, 4], [1, 1], [1, 4], [1, 4], [2, 3], [2, 5], [2, 6], [3, 4], [7, 7]]
  158,  [[0, 0], [0, 4], [1, 1], [1, 4], [1, 4], [2, 2], [2, 5], [2, 6], [3, 3], [7, 7]]
  159,  [[0, 0], [0, 4], [1, 1], [1, 4], [1, 4], [2, 2], [2, 5], [2, 6], [3, 4], [3, 7]]
  160,  [[0, 0], [0, 4], [1, 1], [1, 1], [1, 3], [2, 2], [2, 5], [2, 6], [3, 4], [4, 7]]
  161,  [[0, 0], [0, 4], [1, 1], [1, 1], [1, 5], [2, 2], [2, 3], [2, 4], [3, 4], [4, 6]]
  162,  [[0, 0], [0, 4], [1, 1], [1, 3], [1, 4], [2, 2], [2, 5], [2, 6], [4, 4], [4, 7]]
  163,  [[0, 0], [0, 4], [1, 1], [1, 3], [1, 4], [2, 2], [2, 5], [2, 6], [3, 4], [4, 4]]
  164,  [[0, 0], [0, 4], [1, 1], [1, 3], [1, 4], [2, 2], [2, 5], [2, 6], [3, 4], [7, 7]]
  165,  [[0, 0], [0, 4], [1, 1], [1, 1], [1, 4], [2, 2], [2, 3], [2, 5], [3, 4], [4, 6]]
  166,  [[0, 0], [0, 4], [1, 1], [1, 1], [1, 4], [2, 3], [2, 5], [2, 6], [4, 4], [4, 7]]
  167,  [[0, 0], [0, 4], [1, 1], [1, 1], [1, 4], [2, 3], [2, 5], [2, 6], [3, 4], [4, 4]]
  168,  [[0, 0], [0, 4], [1, 1], [1, 1], [1, 4], [2, 3], [2, 5], [2, 6], [3, 4], [7, 7]]
  169,  [[0, 4], [0, 5], [1, 1], [1, 1], [1, 4], [2, 2], [2, 2], [2, 6], [3, 4], [4, 7]]
  170,  [[0, 0], [0, 4], [1, 1], [1, 1], [1, 5], [2, 2], [2, 4], [2, 6], [3, 4], [4, 7]]
  171,  [[0, 0], [0, 4], [1, 1], [1, 1], [1, 4], [2, 2], [2, 2], [2, 5], [3, 3], [4, 6]]
  172,  [[0, 4], [0, 4], [1, 1], [1, 1], [1, 4], [2, 2], [2, 5], [2, 6], [3, 3], [4, 7]]
  173,  [[0, 0], [0, 4], [1, 1], [1, 4], [1, 4], [2, 2], [2, 5], [2, 6], [3, 3], [4, 7]]
  174,  [[0, 0], [0, 4], [1, 1], [1, 1], [1, 4], [2, 4], [2, 5], [2, 6], [3, 3], [4, 7]]
  175,  [[0, 0], [0, 4], [1, 1], [1, 1], [1, 4], [2, 2], [2, 5], [2, 6], [3, 3], [4, 4]]
  176,  [[0, 4], [0, 5], [1, 1], [1, 1], [1, 4], [2, 2], [2, 6], [2, 7], [3, 4], [4, 4]]
  177,  [[0, 0], [0, 4], [1, 1], [1, 4], [1, 5], [2, 2], [2, 6], [2, 7], [3, 4], [4, 4]]
  178,  [[0, 0], [0, 4], [1, 1], [1, 1], [1, 4], [2, 5], [2, 6], [2, 7], [3, 4], [4, 4]]
  179,  [[0, 0], [0, 4], [1, 1], [1, 1], [1, 4], [2, 2], [2, 5], [2, 6], [3, 4], [3, 4]]
  180,  [[0, 4], [0, 4], [1, 1], [1, 1], [1, 4], [2, 2], [2, 5], [2, 6], [3, 4], [7, 7]]
  181,  [[0, 0], [0, 4], [1, 1], [1, 1], [1, 4], [2, 4], [2, 5], [2, 6], [3, 4], [7, 7]]
  182,  [[0, 0], [0, 4], [1, 1], [1, 1], [1, 4], [2, 2], [2, 5], [2, 6], [3, 4], [3, 7]]
  183,  [[0, 3], [0, 4], [1, 1], [1, 1], [1, 5], [2, 2], [2, 2], [2, 6], [3, 4], [4, 7]]
  184,  [[0, 3], [0, 4], [1, 1], [1, 1], [1, 5], [2, 2], [2, 4], [2, 6], [4, 4], [4, 7]]
  185,  [[0, 3], [0, 4], [1, 1], [1, 1], [1, 5], [2, 2], [2, 4], [2, 6], [3, 4], [4, 4]]
  186,  [[0, 3], [0, 4], [1, 1], [1, 1], [1, 5], [2, 2], [2, 4], [2, 6], [3, 4], [7, 7]]
  187,  [[0, 3], [0, 4], [1, 1], [1, 1], [1, 3], [2, 2], [2, 5], [2, 6], [4, 4], [4, 7]]
  188,  [[0, 3], [0, 4], [1, 1], [1, 1], [1, 5], [2, 2], [2, 3], [2, 4], [4, 4], [4, 6]]
  189,  [[0, 3], [0, 4], [1, 1], [1, 3], [1, 4], [2, 2], [2, 5], [2, 6], [4, 4], [7, 7]]
  190,  [[0, 3], [0, 4], [1, 1], [1, 1], [1, 4], [2, 2], [2, 3], [2, 5], [4, 4], [4, 6]]
  191,  [[0, 3], [0, 4], [1, 1], [1, 1], [1, 4], [2, 3], [2, 5], [2, 6], [4, 4], [7, 7]]
  192,  [[0, 3], [0, 4], [1, 1], [1, 1], [1, 4], [2, 2], [2, 5], [2, 6], [3, 7], [4, 4]]
  193,  [[0, 3], [0, 4], [1, 1], [1, 1], [1, 5], [2, 2], [2, 6], [2, 7], [3, 4], [4, 4]]
  194,  [[0, 3], [0, 4], [1, 1], [1, 1], [1, 4], [2, 2], [2, 4], [2, 5], [3, 4], [6, 6]]
  195,  [[0, 0], [0, 5], [1, 1], [1, 1], [1, 4], [2, 2], [2, 4], [2, 6], [3, 4], [4, 7]]
  196,  [[0, 3], [0, 5], [1, 1], [1, 1], [1, 4], [2, 2], [2, 2], [2, 4], [3, 4], [4, 6]]
  197,  [[0, 3], [0, 5], [1, 1], [1, 1], [1, 4], [2, 2], [2, 4], [2, 6], [4, 4], [4, 7]]
  198,  [[0, 3], [0, 5], [1, 1], [1, 1], [1, 4], [2, 2], [2, 4], [2, 6], [3, 4], [4, 4]]
  199,  [[0, 3], [0, 5], [1, 1], [1, 1], [1, 4], [2, 2], [2, 4], [2, 6], [3, 4], [7, 7]]
  200,  [[0, 0], [0, 3], [1, 1], [1, 4], [1, 5], [2, 2], [2, 4], [2, 6], [4, 4], [4, 7]]
  201,  [[0, 0], [0, 3], [1, 1], [1, 4], [1, 5], [2, 2], [2, 4], [2, 6], [3, 4], [4, 4]]
  202,  [[0, 0], [0, 3], [1, 1], [1, 4], [1, 5], [2, 2], [2, 4], [2, 6], [3, 4], [7, 7]]
  203,  [[0, 3], [0, 3], [1, 1], [1, 1], [1, 4], [2, 2], [2, 4], [2, 5], [4, 4], [4, 6]]
  204,  [[0, 0], [0, 3], [1, 1], [1, 3], [1, 4], [2, 2], [2, 4], [2, 5], [4, 4], [4, 6]]
  205,  [[0, 0], [0, 3], [1, 1], [1, 1], [1, 4], [2, 3], [2, 4], [2, 5], [4, 4], [4, 6]]
  206,  [[0, 0], [0, 3], [1, 1], [1, 1], [1, 4], [2, 2], [2, 4], [2, 5], [4, 6], [4, 7]]
  207,  [[0, 0], [0, 3], [1, 1], [1, 1], [1, 4], [2, 2], [2, 4], [2, 5], [4, 4], [6, 6]]
  208,  [[0, 0], [0, 3], [1, 1], [1, 1], [1, 4], [2, 4], [2, 4], [2, 5], [3, 4], [6, 6]]
  209,  [[0, 0], [0, 3], [1, 1], [1, 1], [1, 4], [2, 2], [2, 4], [2, 5], [3, 4], [6, 7]]
  210,  [[0, 3], [0, 3], [1, 1], [1, 1], [1, 4], [2, 4], [2, 5], [2, 6], [4, 4], [7, 7]]
  211,  [[0, 0], [0, 3], [1, 1], [1, 1], [1, 3], [2, 4], [2, 5], [2, 6], [4, 4], [4, 7]]
  212,  [[0, 0], [0, 3], [1, 1], [1, 3], [1, 4], [2, 4], [2, 5], [2, 6], [4, 4], [7, 7]]
  213,  [[0, 0], [0, 3], [1, 1], [1, 1], [1, 4], [2, 4], [2, 5], [2, 6], [3, 7], [4, 4]]
  214,  [[0, 0], [0, 5], [1, 1], [1, 1], [1, 4], [2, 4], [2, 6], [2, 7], [3, 4], [4, 4]]
  215,  [[0, 0], [0, 3], [1, 1], [1, 1], [1, 5], [2, 4], [2, 6], [2, 7], [3, 4], [4, 4]]
  216,  [[0, 0], [0, 5], [1, 1], [1, 1], [1, 6], [2, 2], [2, 3], [2, 4], [3, 4], [4, 7]]
  217,  [[0, 0], [0, 5], [1, 1], [1, 1], [1, 4], [2, 2], [2, 3], [2, 6], [3, 4], [4, 7]]
  218,  [[0, 0], [0, 5], [1, 1], [1, 1], [1, 4], [2, 2], [2, 2], [2, 6], [3, 4], [4, 4]]
  219,  [[0, 3], [0, 5], [1, 1], [1, 1], [1, 6], [2, 2], [2, 3], [2, 4], [4, 4], [4, 7]]
  220,  [[0, 3], [0, 5], [1, 1], [1, 1], [1, 4], [2, 2], [2, 3], [2, 6], [4, 4], [4, 7]]
  221,  [[0, 3], [0, 5], [1, 1], [1, 1], [1, 6], [2, 2], [2, 4], [2, 7], [3, 4], [4, 4]]
  222,  [[0, 3], [0, 3], [1, 1], [1, 1], [1, 5], [2, 2], [2, 4], [2, 6], [4, 4], [4, 7]]
  223,  [[0, 0], [0, 3], [1, 1], [1, 3], [1, 5], [2, 2], [2, 4], [2, 6], [4, 4], [4, 7]]
  224,  [[0, 0], [0, 3], [1, 1], [1, 1], [1, 5], [2, 3], [2, 4], [2, 6], [4, 4], [4, 7]]
  225,  [[0, 0], [0, 3], [1, 1], [1, 1], [1, 5], [2, 2], [2, 4], [2, 6], [4, 4], [4, 4]]
  226,  [[0, 3], [0, 3], [1, 1], [1, 1], [1, 4], [2, 2], [2, 2], [2, 5], [4, 6], [4, 7]]
  227,  [[0, 0], [0, 3], [1, 1], [1, 1], [1, 5], [2, 2], [2, 3], [2, 4], [4, 6], [4, 7]]
  228,  [[0, 0], [0, 3], [1, 1], [1, 1], [1, 5], [2, 2], [2, 3], [2, 4], [4, 4], [4, 4]]
  229,  [[0, 0], [0, 3], [1, 1], [1, 1], [1, 3], [2, 2], [2, 2], [2, 4], [4, 4], [4, 5]]
  230,  [[0, 0], [0, 3], [1, 1], [1, 1], [1, 4], [2, 2], [2, 3], [2, 5], [4, 6], [4, 7]]
  231,  [[0, 0], [0, 3], [1, 1], [1, 1], [1, 4], [2, 2], [2, 3], [2, 5], [4, 4], [4, 4]]
  232,  [[0, 3], [0, 4], [1, 1], [1, 1], [1, 4], [2, 2], [2, 2], [2, 5], [4, 6], [4, 7]]
  233,  [[0, 3], [0, 3], [1, 1], [1, 4], [1, 5], [2, 2], [2, 6], [2, 7], [4, 4], [4, 4]]
  234,  [[0, 3], [0, 3], [1, 1], [1, 1], [1, 4], [2, 5], [2, 6], [2, 7], [4, 4], [4, 4]]
  235,  [[0, 3], [0, 5], [1, 1], [1, 3], [1, 4], [2, 2], [2, 6], [2, 7], [4, 4], [4, 4]]
  236,  [[0, 0], [0, 3], [1, 1], [1, 5], [1, 6], [2, 3], [2, 4], [2, 7], [4, 4], [4, 4]]
  237,  [[0, 0], [0, 3], [1, 1], [1, 3], [1, 4], [2, 5], [2, 6], [2, 7], [4, 4], [4, 4]]
  238,  [[0, 3], [0, 5], [1, 1], [1, 1], [1, 4], [2, 3], [2, 6], [2, 7], [4, 4], [4, 4]]
  239,  [[0, 0], [0, 3], [1, 1], [1, 4], [1, 5], [2, 3], [2, 6], [2, 7], [4, 4], [4, 4]]
  240,  [[0, 0], [0, 5], [1, 1], [1, 3], [1, 4], [2, 2], [2, 6], [2, 7], [3, 4], [4, 4]]
  241,  [[0, 0], [0, 5], [1, 1], [1, 1], [1, 4], [2, 3], [2, 6], [2, 7], [3, 4], [4, 4]]
  242,  [[0, 0], [0, 5], [1, 1], [1, 1], [1, 4], [2, 2], [2, 6], [2, 7], [3, 4], [3, 4]]
  243,  [[0, 0], [0, 5], [1, 1], [1, 1], [1, 3], [2, 2], [2, 4], [2, 4], [3, 4], [4, 6]]
  244,  [[0, 0], [0, 5], [1, 1], [1, 3], [1, 6], [2, 2], [2, 4], [2, 4], [4, 4], [4, 7]]
  245,  [[0, 0], [0, 5], [1, 1], [1, 3], [1, 6], [2, 2], [2, 4], [2, 4], [3, 4], [4, 4]]
  246,  [[0, 0], [0, 5], [1, 1], [1, 3], [1, 6], [2, 2], [2, 4], [2, 4], [3, 4], [7, 7]]
  247,  [[0, 0], [0, 5], [1, 1], [1, 1], [1, 6], [2, 3], [2, 4], [2, 4], [4, 4], [4, 7]]
  248,  [[0, 0], [0, 5], [1, 1], [1, 1], [1, 6], [2, 3], [2, 4], [2, 4], [3, 4], [4, 4]]
  249,  [[0, 0], [0, 5], [1, 1], [1, 1], [1, 6], [2, 3], [2, 4], [2, 4], [3, 4], [7, 7]]
  250,  [[0, 4], [0, 5], [1, 1], [1, 1], [1, 6], [2, 2], [2, 4], [2, 4], [3, 3], [4, 7]]
  251,  [[0, 0], [0, 5], [1, 1], [1, 4], [1, 4], [2, 2], [2, 4], [2, 6], [3, 3], [4, 7]]
  252,  [[0, 0], [0, 5], [1, 1], [1, 1], [1, 6], [2, 4], [2, 4], [2, 4], [3, 3], [4, 7]]
  253,  [[0, 0], [0, 5], [1, 1], [1, 1], [1, 6], [2, 2], [2, 4], [2, 4], [3, 3], [4, 4]]
  254,  [[0, 5], [0, 6], [1, 1], [1, 1], [1, 7], [2, 2], [2, 4], [2, 4], [3, 4], [4, 4]]
  255,  [[0, 0], [0, 5], [1, 1], [1, 1], [1, 6], [2, 4], [2, 4], [2, 7], [3, 4], [4, 4]]
  256,  [[0, 0], [0, 5], [1, 1], [1, 1], [1, 6], [2, 2], [2, 4], [2, 4], [3, 4], [3, 4]]
  257,  [[0, 4], [0, 5], [1, 1], [1, 1], [1, 6], [2, 2], [2, 4], [2, 4], [3, 4], [7, 7]]
  258,  [[0, 0], [0, 5], [1, 1], [1, 4], [1, 4], [2, 2], [2, 4], [2, 6], [3, 4], [7, 7]]
  259,  [[0, 0], [0, 5], [1, 1], [1, 1], [1, 6], [2, 4], [2, 4], [2, 4], [3, 4], [7, 7]]
  260,  [[0, 0], [0, 5], [1, 1], [1, 1], [1, 6], [2, 2], [2, 4], [2, 4], [3, 4], [3, 7]]
  261,  [[0, 3], [0, 5], [1, 1], [1, 1], [1, 3], [2, 2], [2, 4], [2, 4], [4, 4], [4, 6]]
  262,  [[0, 3], [0, 5], [1, 1], [1, 3], [1, 6], [2, 2], [2, 4], [2, 4], [4, 4], [7, 7]]
  263,  [[0, 3], [0, 5], [1, 1], [1, 1], [1, 6], [2, 3], [2, 4], [2, 4], [4, 4], [7, 7]]
  264,  [[0, 3], [0, 5], [1, 1], [1, 4], [1, 4], [2, 2], [2, 4], [2, 6], [4, 4], [7, 7]]
  265,  [[0, 3], [0, 5], [1, 1], [1, 1], [1, 6], [2, 2], [2, 4], [2, 4], [3, 7], [4, 4]]
  266,  [[0, 3], [0, 5], [1, 1], [1, 1], [1, 4], [2, 2], [2, 4], [2, 4], [3, 4], [6, 6]]
  267,  [[0, 3], [0, 3], [1, 1], [1, 1], [1, 5], [2, 4], [2, 4], [2, 6], [4, 4], [7, 7]]
  268,  [[0, 0], [0, 3], [1, 1], [1, 1], [1, 3], [2, 4], [2, 4], [2, 5], [4, 4], [4, 6]]
  269,  [[0, 0], [0, 3], [1, 1], [1, 3], [1, 5], [2, 4], [2, 4], [2, 6], [4, 4], [7, 7]]
  270,  [[0, 0], [0, 3], [1, 1], [1, 4], [1, 5], [2, 4], [2, 4], [2, 6], [4, 4], [7, 7]]
  271,  [[0, 0], [0, 3], [1, 1], [1, 1], [1, 5], [2, 4], [2, 4], [2, 6], [3, 7], [4, 4]]
  272,  [[0, 0], [0, 4], [1, 1], [1, 1], [1, 5], [2, 4], [2, 4], [2, 6], [3, 4], [7, 7]]
  273,  [[0, 3], [0, 3], [1, 1], [1, 1], [1, 5], [2, 2], [2, 4], [2, 4], [4, 6], [7, 7]]
  274,  [[0, 3], [0, 3], [1, 1], [1, 4], [1, 4], [2, 2], [2, 4], [2, 5], [4, 4], [6, 6]]
  275,  [[0, 3], [0, 3], [1, 1], [1, 1], [1, 5], [2, 2], [2, 4], [2, 4], [4, 4], [6, 7]]
  276,  [[0, 0], [0, 3], [1, 1], [1, 1], [1, 3], [2, 2], [2, 4], [2, 4], [4, 5], [4, 6]]
  277,  [[0, 0], [0, 3], [1, 1], [1, 1], [1, 3], [2, 2], [2, 4], [2, 4], [4, 4], [5, 5]]
  278,  [[0, 0], [0, 3], [1, 1], [1, 3], [1, 5], [2, 2], [2, 4], [2, 4], [4, 6], [7, 7]]
  279,  [[0, 3], [0, 4], [1, 1], [1, 3], [1, 5], [2, 2], [2, 4], [2, 4], [4, 4], [6, 6]]
  280,  [[0, 0], [0, 3], [1, 1], [1, 4], [1, 4], [2, 3], [2, 4], [2, 5], [4, 4], [6, 6]]
  281,  [[0, 0], [0, 3], [1, 1], [1, 3], [1, 5], [2, 4], [2, 4], [2, 4], [4, 4], [6, 6]]
  282,  [[0, 0], [0, 3], [1, 1], [1, 3], [1, 5], [2, 2], [2, 4], [2, 4], [4, 4], [6, 7]]
  283,  [[0, 0], [0, 3], [1, 1], [1, 1], [1, 5], [2, 3], [2, 4], [2, 4], [4, 6], [7, 7]]
  284,  [[0, 0], [0, 3], [1, 1], [1, 4], [1, 5], [2, 3], [2, 4], [2, 4], [4, 4], [6, 6]]
  285,  [[0, 0], [0, 3], [1, 1], [1, 1], [1, 5], [2, 3], [2, 4], [2, 4], [4, 4], [6, 7]]
  286,  [[0, 3], [0, 4], [1, 1], [1, 1], [1, 5], [2, 2], [2, 4], [2, 4], [4, 6], [7, 7]]
  287,  [[0, 0], [0, 3], [1, 1], [1, 4], [1, 4], [2, 2], [2, 4], [2, 5], [4, 6], [7, 7]]
  288,  [[0, 0], [0, 3], [1, 1], [1, 1], [1, 5], [2, 4], [2, 4], [2, 4], [4, 6], [7, 7]]
  289,  [[0, 0], [0, 3], [1, 1], [1, 1], [1, 5], [2, 2], [2, 4], [2, 4], [3, 6], [4, 7]]
  290,  [[0, 0], [0, 3], [1, 1], [1, 4], [1, 4], [2, 2], [2, 4], [2, 5], [3, 6], [4, 4]]
  291,  [[0, 0], [0, 3], [1, 1], [1, 4], [1, 4], [2, 2], [2, 4], [2, 5], [4, 4], [6, 7]]
  292,  [[0, 3], [0, 4], [1, 1], [1, 1], [1, 5], [2, 2], [2, 4], [2, 4], [3, 6], [4, 4]]
  293,  [[0, 0], [0, 3], [1, 1], [1, 1], [1, 5], [2, 4], [2, 4], [2, 4], [3, 6], [4, 4]]
  294,  [[0, 3], [0, 4], [1, 1], [1, 1], [1, 5], [2, 2], [2, 4], [2, 4], [4, 4], [6, 7]]
  295,  [[0, 0], [0, 3], [1, 1], [1, 1], [1, 5], [2, 4], [2, 4], [2, 4], [4, 4], [6, 7]]
  296,  [[0, 0], [0, 4], [1, 1], [1, 3], [1, 5], [2, 2], [2, 4], [2, 4], [3, 4], [6, 6]]
  297,  [[0, 0], [0, 4], [1, 1], [1, 1], [1, 5], [2, 3], [2, 4], [2, 4], [3, 4], [6, 6]]
  298,  [[0, 0], [0, 4], [1, 1], [1, 1], [1, 5], [2, 2], [2, 4], [2, 4], [3, 3], [6, 6]]
  299,  [[0, 0], [0, 4], [1, 1], [1, 1], [1, 5], [2, 2], [2, 4], [2, 4], [3, 4], [3, 6]]
  300,  [[0, 0], [0, 4], [1, 1], [1, 1], [1, 5], [2, 2], [2, 4], [2, 4], [3, 4], [6, 7]]
  301,  [[0, 3], [0, 4], [1, 1], [1, 1], [1, 4], [2, 2], [2, 2], [2, 5], [3, 4], [6, 7]]
  302,  [[0, 0], [0, 3], [1, 1], [1, 1], [1, 4], [2, 2], [2, 4], [2, 4], [3, 4], [5, 6]]
  303,  [[0, 0], [0, 4], [1, 1], [1, 5], [1, 6], [2, 3], [2, 4], [2, 4], [4, 4], [7, 7]]
  304,  [[0, 0], [0, 4], [1, 1], [1, 4], [1, 4], [2, 3], [2, 5], [2, 6], [4, 4], [7, 7]]
  305,  [[0, 0], [0, 4], [1, 1], [1, 4], [1, 4], [2, 2], [2, 5], [2, 6], [3, 7], [4, 4]]
  306,  [[0, 4], [0, 5], [1, 1], [1, 4], [1, 4], [2, 2], [2, 6], [2, 7], [3, 3], [4, 4]]
  307,  [[0, 0], [0, 5], [1, 1], [1, 6], [1, 7], [2, 4], [2, 4], [2, 4], [3, 3], [4, 4]]
  308,  [[0, 0], [0, 5], [1, 1], [1, 4], [1, 4], [2, 4], [2, 6], [2, 7], [3, 3], [4, 4]]
  309,  [[0, 4], [0, 4], [1, 1], [1, 4], [1, 4], [2, 2], [2, 5], [2, 6], [3, 3], [7, 7]]
  310,  [[0, 0], [0, 4], [1, 1], [1, 5], [1, 6], [2, 4], [2, 4], [2, 4], [3, 3], [7, 7]]
  311,  [[0, 0], [0, 4], [1, 1], [1, 4], [1, 4], [2, 4], [2, 5], [2, 6], [3, 3], [7, 7]]
  312,  [[0, 4], [0, 4], [1, 1], [1, 1], [1, 3], [2, 2], [2, 5], [2, 6], [3, 4], [4, 7]]
  313,  [[0, 0], [0, 4], [1, 1], [1, 1], [1, 3], [2, 4], [2, 5], [2, 6], [3, 4], [4, 7]]
  314,  [[0, 0], [0, 4], [1, 1], [1, 1], [1, 3], [2, 2], [2, 2], [2, 5], [3, 4], [4, 6]]
  315,  [[0, 0], [0, 4], [1, 1], [1, 1], [1, 3], [2, 2], [2, 5], [2, 6], [4, 4], [4, 7]]
  316,  [[0, 0], [0, 4], [1, 1], [1, 1], [1, 3], [2, 2], [2, 5], [2, 6], [3, 4], [4, 4]]
  317,  [[0, 4], [0, 5], [1, 1], [1, 1], [1, 6], [2, 2], [2, 3], [2, 4], [3, 4], [4, 7]]
  318,  [[0, 0], [0, 4], [1, 1], [1, 1], [1, 5], [2, 3], [2, 4], [2, 6], [3, 4], [4, 7]]
  319,  [[0, 0], [0, 4], [1, 1], [1, 1], [1, 5], [2, 2], [2, 3], [2, 4], [4, 4], [4, 6]]
  320,  [[0, 0], [0, 4], [1, 1], [1, 1], [1, 5], [2, 2], [2, 3], [2, 4], [3, 4], [4, 4]]
  321,  [[0, 0], [0, 4], [1, 1], [1, 1], [1, 5], [2, 2], [2, 3], [2, 4], [3, 4], [6, 6]]
  322,  [[0, 0], [0, 4], [1, 1], [1, 5], [1, 6], [2, 3], [2, 3], [2, 4], [4, 4], [4, 7]]
  323,  [[0, 0], [0, 4], [1, 1], [1, 3], [1, 4], [2, 3], [2, 5], [2, 6], [4, 4], [4, 7]]
  324,  [[0, 0], [0, 4], [1, 1], [1, 3], [1, 4], [2, 2], [2, 5], [2, 6], [4, 4], [7, 7]]
  325,  [[0, 4], [0, 5], [1, 1], [1, 3], [1, 4], [2, 2], [2, 6], [2, 7], [3, 4], [4, 4]]
  326,  [[0, 0], [0, 4], [1, 1], [1, 5], [1, 6], [2, 3], [2, 4], [2, 7], [3, 4], [4, 4]]
  327,  [[0, 0], [0, 4], [1, 1], [1, 3], [1, 4], [2, 5], [2, 6], [2, 7], [3, 4], [4, 4]]
  328,  [[0, 4], [0, 4], [1, 1], [1, 3], [1, 4], [2, 2], [2, 5], [2, 6], [3, 4], [7, 7]]
  329,  [[0, 0], [0, 4], [1, 1], [1, 3], [1, 4], [2, 4], [2, 5], [2, 6], [3, 4], [7, 7]]
  330,  [[0, 4], [0, 5], [1, 1], [1, 1], [1, 4], [2, 2], [2, 3], [2, 6], [3, 4], [4, 7]]
  331,  [[0, 0], [0, 4], [1, 1], [1, 3], [1, 5], [2, 2], [2, 4], [2, 6], [3, 4], [4, 7]]
  332,  [[0, 0], [0, 4], [1, 1], [1, 1], [1, 3], [2, 2], [2, 2], [2, 4], [3, 4], [4, 5]]
  333,  [[0, 0], [0, 4], [1, 1], [1, 1], [1, 4], [2, 2], [2, 3], [2, 5], [4, 4], [4, 6]]
  334,  [[0, 0], [0, 4], [1, 1], [1, 1], [1, 4], [2, 2], [2, 3], [2, 5], [3, 4], [4, 4]]
  335,  [[0, 0], [0, 4], [1, 1], [1, 1], [1, 4], [2, 2], [2, 3], [2, 5], [3, 4], [6, 6]]
  336,  [[0, 0], [0, 4], [1, 1], [1, 1], [1, 4], [2, 3], [2, 5], [2, 6], [4, 4], [7, 7]]
  337,  [[0, 4], [0, 5], [1, 1], [1, 1], [1, 4], [2, 3], [2, 6], [2, 7], [3, 4], [4, 4]]
  338,  [[0, 0], [0, 4], [1, 1], [1, 4], [1, 5], [2, 3], [2, 6], [2, 7], [3, 4], [4, 4]]
  339,  [[0, 4], [0, 4], [1, 1], [1, 1], [1, 4], [2, 3], [2, 5], [2, 6], [3, 4], [7, 7]]
  340,  [[0, 4], [0, 5], [1, 1], [1, 1], [1, 4], [2, 2], [2, 2], [2, 6], [3, 3], [4, 7]]
  341,  [[0, 0], [0, 4], [1, 1], [1, 1], [1, 5], [2, 2], [2, 2], [2, 6], [3, 4], [4, 7]]
  342,  [[0, 0], [0, 4], [1, 1], [1, 1], [1, 5], [2, 2], [2, 4], [2, 6], [3, 3], [4, 7]]
  343,  [[0, 0], [0, 4], [1, 1], [1, 1], [1, 5], [2, 2], [2, 4], [2, 6], [3, 4], [4, 4]]
  344,  [[0, 0], [0, 4], [1, 1], [1, 1], [1, 5], [2, 2], [2, 4], [2, 6], [3, 4], [7, 7]]
  345,  [[0, 4], [0, 4], [1, 1], [1, 1], [1, 4], [2, 2], [2, 2], [2, 5], [3, 3], [4, 6]]
  346,  [[0, 0], [0, 4], [1, 1], [1, 1], [1, 5], [2, 2], [2, 4], [2, 4], [3, 3], [4, 6]]
  347,  [[0, 0], [0, 4], [1, 1], [1, 1], [1, 4], [2, 2], [2, 4], [2, 5], [3, 3], [4, 6]]
  348,  [[0, 0], [0, 4], [1, 1], [1, 1], [1, 4], [2, 2], [2, 2], [2, 5], [3, 6], [4, 7]]
  349,  [[0, 0], [0, 4], [1, 1], [1, 1], [1, 4], [2, 2], [2, 2], [2, 5], [3, 3], [4, 4]]
  350,  [[0, 4], [0, 4], [1, 1], [1, 1], [1, 4], [2, 2], [2, 5], [2, 6], [3, 3], [4, 4]]
  351,  [[0, 4], [0, 4], [1, 1], [1, 1], [1, 4], [2, 2], [2, 5], [2, 6], [3, 3], [7, 7]]
  352,  [[0, 0], [0, 4], [1, 1], [1, 4], [1, 4], [2, 2], [2, 5], [2, 6], [3, 3], [4, 4]]
  353,  [[0, 0], [0, 4], [1, 1], [1, 1], [1, 4], [2, 4], [2, 5], [2, 6], [3, 3], [4, 4]]
  354,  [[0, 0], [0, 4], [1, 1], [1, 1], [1, 4], [2, 4], [2, 5], [2, 6], [3, 3], [7, 7]]
  355,  [[0, 4], [0, 5], [1, 1], [1, 1], [1, 4], [2, 2], [2, 6], [2, 7], [3, 3], [4, 4]]
  356,  [[0, 0], [0, 4], [1, 1], [1, 4], [1, 5], [2, 2], [2, 6], [2, 7], [3, 3], [4, 4]]
  357,  [[0, 0], [0, 4], [1, 1], [1, 1], [1, 4], [2, 5], [2, 6], [2, 7], [3, 3], [4, 4]]
  358,  [[0, 0], [0, 4], [1, 1], [1, 1], [1, 4], [2, 2], [2, 5], [2, 6], [3, 7], [4, 4]]
  359,  [[0, 4], [0, 5], [1, 1], [1, 1], [1, 4], [2, 2], [2, 6], [2, 7], [3, 4], [3, 4]]
  360,  [[0, 0], [0, 4], [1, 1], [1, 1], [1, 5], [2, 2], [2, 6], [2, 7], [3, 4], [4, 4]]
  361,  [[0, 0], [0, 4], [1, 1], [1, 4], [1, 5], [2, 2], [2, 6], [2, 7], [3, 4], [3, 4]]
  362,  [[0, 0], [0, 4], [1, 1], [1, 1], [1, 4], [2, 5], [2, 6], [2, 7], [3, 4], [3, 4]]
  363,  [[0, 0], [0, 4], [1, 1], [1, 1], [1, 4], [2, 2], [2, 2], [2, 5], [3, 4], [3, 4]]
  364,  [[0, 4], [0, 4], [1, 1], [1, 1], [1, 4], [2, 2], [2, 5], [2, 6], [3, 4], [3, 7]]
  365,  [[0, 0], [0, 4], [1, 1], [1, 1], [1, 4], [2, 2], [2, 4], [2, 5], [3, 4], [6, 6]]
  366,  [[0, 0], [0, 4], [1, 1], [1, 1], [1, 4], [2, 4], [2, 5], [2, 6], [3, 4], [3, 7]]
  367,  [[0, 0], [0, 4], [1, 1], [1, 1], [1, 4], [2, 2], [2, 2], [2, 5], [3, 4], [3, 6]]
  368,  [[0, 3], [0, 4], [1, 1], [1, 1], [1, 5], [2, 2], [2, 2], [2, 6], [4, 4], [4, 7]]
  369,  [[0, 3], [0, 4], [1, 1], [1, 1], [1, 5], [2, 2], [2, 2], [2, 6], [3, 4], [4, 4]]
  370,  [[0, 3], [0, 4], [1, 1], [1, 3], [1, 5], [2, 2], [2, 4], [2, 6], [4, 4], [4, 7]]
  371,  [[0, 3], [0, 4], [1, 1], [1, 1], [1, 5], [2, 3], [2, 4], [2, 6], [4, 4], [4, 7]]
  372,  [[0, 3], [0, 4], [1, 1], [1, 1], [1, 5], [2, 2], [2, 4], [2, 6], [4, 4], [7, 7]]
  373,  [[0, 3], [0, 4], [1, 1], [1, 1], [1, 5], [2, 4], [2, 6], [2, 7], [3, 4], [4, 4]]
  374,  [[0, 3], [0, 4], [1, 1], [1, 4], [1, 5], [2, 2], [2, 4], [2, 6], [3, 4], [7, 7]]
  375,  [[0, 3], [0, 4], [1, 1], [1, 1], [1, 3], [2, 4], [2, 5], [2, 6], [4, 4], [4, 7]]
  376,  [[0, 3], [0, 4], [1, 1], [1, 1], [1, 3], [2, 2], [2, 2], [2, 5], [4, 4], [4, 6]]
  377,  [[0, 3], [0, 4], [1, 1], [1, 1], [1, 3], [2, 2], [2, 5], [2, 6], [4, 4], [4, 4]]
  378,  [[0, 3], [0, 4], [1, 1], [1, 1], [1, 5], [2, 2], [2, 3], [2, 4], [4, 6], [4, 7]]
  379,  [[0, 3], [0, 4], [1, 1], [1, 1], [1, 5], [2, 2], [2, 3], [2, 4], [4, 4], [6, 6]]
  380,  [[0, 3], [0, 4], [1, 1], [1, 3], [1, 4], [2, 4], [2, 5], [2, 6], [4, 4], [7, 7]]
  381,  [[0, 3], [0, 4], [1, 1], [1, 1], [1, 4], [2, 2], [2, 3], [2, 5], [4, 6], [4, 7]]
  382,  [[0, 3], [0, 4], [1, 1], [1, 1], [1, 4], [2, 2], [2, 3], [2, 5], [4, 4], [6, 6]]
  383,  [[0, 3], [0, 4], [1, 1], [1, 1], [1, 4], [2, 4], [2, 5], [2, 6], [3, 7], [4, 4]]
  384,  [[0, 3], [0, 4], [1, 1], [1, 1], [1, 4], [2, 2], [2, 2], [2, 5], [3, 6], [4, 4]]
  385,  [[0, 3], [0, 4], [1, 1], [1, 1], [1, 5], [2, 2], [2, 6], [2, 7], [4, 4], [4, 4]]
  386,  [[0, 3], [0, 4], [1, 1], [1, 1], [1, 4], [2, 2], [2, 4], [2, 5], [3, 4], [6, 7]]
  387,  [[0, 0], [0, 5], [1, 1], [1, 3], [1, 4], [2, 2], [2, 4], [2, 6], [3, 4], [4, 7]]
  388,  [[0, 0], [0, 5], [1, 1], [1, 1], [1, 4], [2, 3], [2, 4], [2, 6], [3, 4], [4, 7]]
  389,  [[0, 0], [0, 5], [1, 1], [1, 1], [1, 4], [2, 2], [2, 2], [2, 4], [3, 4], [4, 6]]
  390,  [[0, 0], [0, 5], [1, 1], [1, 1], [1, 4], [2, 2], [2, 4], [2, 6], [3, 3], [4, 7]]
  391,  [[0, 0], [0, 5], [1, 1], [1, 1], [1, 4], [2, 2], [2, 4], [2, 6], [3, 4], [4, 4]]
  392,  [[0, 0], [0, 5], [1, 1], [1, 1], [1, 4], [2, 2], [2, 4], [2, 6], [3, 4], [7, 7]]
  393,  [[0, 3], [0, 5], [1, 1], [1, 3], [1, 4], [2, 2], [2, 4], [2, 6], [4, 4], [4, 7]]
  394,  [[0, 3], [0, 5], [1, 1], [1, 1], [1, 4], [2, 3], [2, 4], [2, 6], [4, 4], [4, 7]]
  395,  [[0, 3], [0, 5], [1, 1], [1, 1], [1, 4], [2, 2], [2, 4], [2, 6], [4, 4], [7, 7]]
  396,  [[0, 3], [0, 5], [1, 1], [1, 4], [1, 6], [2, 2], [2, 4], [2, 7], [3, 4], [4, 4]]
  397,  [[0, 3], [0, 5], [1, 1], [1, 1], [1, 4], [2, 4], [2, 4], [2, 6], [3, 4], [7, 7]]
  398,  [[0, 3], [0, 3], [1, 1], [1, 4], [1, 5], [2, 2], [2, 4], [2, 6], [4, 4], [4, 7]]
  399,  [[0, 0], [0, 3], [1, 1], [1, 4], [1, 5], [2, 3], [2, 4], [2, 6], [4, 4], [4, 7]]
  400,  [[0, 0], [0, 3], [1, 1], [1, 4], [1, 5], [2, 2], [2, 4], [2, 6], [4, 4], [7, 7]]
  401,  [[0, 3], [0, 3], [1, 1], [1, 1], [1, 4], [2, 2], [2, 4], [2, 5], [4, 6], [4, 7]]
  402,  [[0, 3], [0, 3], [1, 1], [1, 1], [1, 4], [2, 2], [2, 4], [2, 5], [4, 4], [6, 6]]
  403,  [[0, 0], [0, 3], [1, 1], [1, 1], [1, 3], [2, 2], [2, 4], [2, 5], [4, 4], [4, 6]]
  404,  [[0, 0], [0, 3], [1, 1], [1, 1], [1, 4], [2, 2], [2, 3], [2, 4], [4, 4], [4, 5]]
  405,  [[0, 0], [0, 3], [1, 1], [1, 3], [1, 4], [2, 2], [2, 4], [2, 5], [4, 6], [4, 7]]
  406,  [[0, 0], [0, 3], [1, 1], [1, 3], [1, 4], [2, 2], [2, 4], [2, 5], [4, 4], [6, 6]]
  407,  [[0, 0], [0, 3], [1, 1], [1, 1], [1, 4], [2, 3], [2, 4], [2, 5], [4, 6], [4, 7]]
  408,  [[0, 0], [0, 3], [1, 1], [1, 1], [1, 4], [2, 3], [2, 4], [2, 5], [4, 4], [6, 6]]
  409,  [[0, 0], [0, 3], [1, 1], [1, 1], [1, 4], [2, 2], [2, 2], [2, 4], [4, 5], [4, 6]]
  410,  [[0, 0], [0, 3], [1, 1], [1, 1], [1, 4], [2, 2], [2, 4], [2, 5], [4, 6], [7, 7]]
  411,  [[0, 0], [0, 3], [1, 1], [1, 1], [1, 4], [2, 2], [2, 4], [2, 5], [3, 6], [4, 4]]
  412,  [[0, 0], [0, 3], [1, 1], [1, 1], [1, 4], [2, 2], [2, 4], [2, 5], [4, 4], [6, 7]]
  413,  [[0, 0], [0, 3], [1, 1], [1, 1], [1, 4], [2, 4], [2, 4], [2, 5], [3, 4], [6, 7]]
  414,  [[0, 0], [0, 3], [1, 1], [1, 1], [1, 4], [2, 2], [2, 2], [2, 4], [3, 4], [5, 6]]
  415,  [[0, 0], [0, 3], [1, 1], [1, 1], [1, 3], [2, 4], [2, 5], [2, 6], [4, 4], [4, 4]]
  416,  [[0, 0], [0, 5], [1, 1], [1, 3], [1, 4], [2, 4], [2, 6], [2, 7], [3, 4], [4, 4]]
  417,  [[0, 0], [0, 5], [1, 1], [1, 1], [1, 4], [2, 4], [2, 6], [2, 7], [3, 3], [4, 4]]
  418,  [[0, 0], [0, 5], [1, 1], [1, 1], [1, 4], [2, 4], [2, 6], [2, 7], [3, 4], [3, 4]]
  419,  [[0, 0], [0, 3], [1, 1], [1, 1], [1, 5], [2, 4], [2, 6], [2, 7], [4, 4], [4, 4]]
  420,  [[0, 0], [0, 5], [1, 1], [1, 1], [1, 6], [2, 2], [2, 3], [2, 4], [4, 4], [4, 7]]
  421,  [[0, 0], [0, 5], [1, 1], [1, 1], [1, 6], [2, 2], [2, 3], [2, 4], [3, 4], [4, 4]]
  422,  [[0, 0], [0, 5], [1, 1], [1, 1], [1, 3], [2, 2], [2, 2], [2, 4], [3, 4], [4, 6]]
  423,  [[0, 0], [0, 5], [1, 1], [1, 1], [1, 4], [2, 2], [2, 3], [2, 6], [4, 4], [4, 7]]
  424,  [[0, 0], [0, 5], [1, 1], [1, 1], [1, 4], [2, 2], [2, 3], [2, 6], [3, 4], [4, 4]]
  425,  [[0, 5], [0, 6], [1, 1], [1, 1], [1, 4], [2, 2], [2, 2], [2, 7], [3, 4], [4, 4]]
  426,  [[0, 0], [0, 5], [1, 1], [1, 1], [1, 6], [2, 2], [2, 4], [2, 7], [3, 4], [4, 4]]
  427,  [[0, 0], [0, 5], [1, 1], [1, 1], [1, 4], [2, 2], [2, 2], [2, 6], [3, 4], [3, 4]]
  428,  [[0, 3], [0, 5], [1, 1], [1, 1], [1, 6], [2, 2], [2, 3], [2, 4], [4, 4], [4, 4]]
  429,  [[0, 3], [0, 5], [1, 1], [1, 1], [1, 3], [2, 2], [2, 2], [2, 4], [4, 4], [4, 6]]
  430,  [[0, 3], [0, 5], [1, 1], [1, 1], [1, 4], [2, 2], [2, 3], [2, 6], [4, 4], [4, 4]]
  431,  [[0, 3], [0, 5], [1, 1], [1, 1], [1, 6], [2, 2], [2, 4], [2, 7], [4, 4], [4, 4]]
  432,  [[0, 3], [0, 3], [1, 1], [1, 1], [1, 5], [2, 2], [2, 4], [2, 6], [4, 4], [4, 4]]
  433,  [[0, 0], [0, 3], [1, 1], [1, 3], [1, 5], [2, 2], [2, 4], [2, 6], [4, 4], [4, 4]]
  434,  [[0, 0], [0, 3], [1, 1], [1, 1], [1, 5], [2, 3], [2, 4], [2, 6], [4, 4], [4, 4]]
  435,  [[0, 0], [0, 3], [1, 1], [1, 1], [1, 3], [2, 2], [2, 2], [2, 4], [4, 5], [4, 6]]
  436,  [[0, 0], [0, 5], [1, 1], [1, 3], [1, 4], [2, 2], [2, 6], [2, 7], [4, 4], [4, 4]]
  437,  [[0, 0], [0, 5], [1, 1], [1, 1], [1, 4], [2, 3], [2, 6], [2, 7], [4, 4], [4, 4]]
  438,  [[0, 5], [0, 6], [1, 1], [1, 1], [1, 3], [2, 2], [2, 4], [2, 4], [3, 4], [4, 7]]
  439,  [[0, 0], [0, 5], [1, 1], [1, 1], [1, 3], [2, 4], [2, 4], [2, 6], [3, 4], [4, 7]]
  440,  [[0, 0], [0, 5], [1, 1], [1, 1], [1, 3], [2, 2], [2, 4], [2, 4], [4, 4], [4, 6]]
  441,  [[0, 0], [0, 5], [1, 1], [1, 1], [1, 3], [2, 2], [2, 4], [2, 4], [3, 4], [4, 4]]
  442,  [[0, 0], [0, 5], [1, 1], [1, 1], [1, 3], [2, 2], [2, 4], [2, 4], [3, 4], [6, 6]]
  443,  [[0, 0], [0, 5], [1, 1], [1, 4], [1, 4], [2, 3], [2, 3], [2, 6], [4, 4], [4, 7]]
  444,  [[0, 0], [0, 5], [1, 1], [1, 3], [1, 6], [2, 3], [2, 4], [2, 4], [4, 4], [4, 7]]
  445,  [[0, 0], [0, 5], [1, 1], [1, 3], [1, 6], [2, 2], [2, 4], [2, 4], [4, 4], [7, 7]]
  446,  [[0, 5], [0, 6], [1, 1], [1, 3], [1, 7], [2, 2], [2, 4], [2, 4], [3, 4], [4, 4]]
  447,  [[0, 0], [0, 5], [1, 1], [1, 3], [1, 6], [2, 4], [2, 4], [2, 7], [3, 4], [4, 4]]
  448,  [[0, 4], [0, 5], [1, 1], [1, 3], [1, 6], [2, 2], [2, 4], [2, 4], [3, 4], [7, 7]]
  449,  [[0, 0], [0, 5], [1, 1], [1, 4], [1, 4], [2, 3], [2, 4], [2, 6], [3, 4], [7, 7]]
  450,  [[0, 0], [0, 5], [1, 1], [1, 3], [1, 6], [2, 4], [2, 4], [2, 4], [3, 4], [7, 7]]
  451,  [[0, 0], [0, 5], [1, 1], [1, 1], [1, 6], [2, 3], [2, 4], [2, 4], [4, 4], [7, 7]]
  452,  [[0, 5], [0, 6], [1, 1], [1, 1], [1, 7], [2, 3], [2, 4], [2, 4], [3, 4], [4, 4]]
  453,  [[0, 4], [0, 5], [1, 1], [1, 1], [1, 6], [2, 3], [2, 4], [2, 4], [3, 4], [7, 7]]
  454,  [[0, 0], [0, 5], [1, 1], [1, 4], [1, 6], [2, 3], [2, 4], [2, 4], [3, 4], [7, 7]]
  455,  [[0, 4], [0, 5], [1, 1], [1, 1], [1, 6], [2, 2], [2, 4], [2, 4], [3, 3], [4, 4]]
  456,  [[0, 4], [0, 5], [1, 1], [1, 1], [1, 6], [2, 2], [2, 4], [2, 4], [3, 3], [7, 7]]
  457,  [[0, 0], [0, 5], [1, 1], [1, 1], [1, 4], [2, 2], [2, 4], [2, 4], [3, 3], [4, 6]]
  458,  [[0, 0], [0, 5], [1, 1], [1, 4], [1, 4], [2, 2], [2, 4], [2, 6], [3, 3], [4, 4]]
  459,  [[0, 0], [0, 5], [1, 1], [1, 4], [1, 4], [2, 2], [2, 4], [2, 6], [3, 3], [7, 7]]
  460,  [[0, 0], [0, 5], [1, 1], [1, 1], [1, 6], [2, 4], [2, 4], [2, 4], [3, 3], [4, 4]]
  461,  [[0, 0], [0, 5], [1, 1], [1, 1], [1, 6], [2, 4], [2, 4], [2, 4], [3, 3], [7, 7]]
  462,  [[0, 5], [0, 6], [1, 1], [1, 1], [1, 7], [2, 2], [2, 4], [2, 4], [3, 3], [4, 4]]
  463,  [[0, 0], [0, 5], [1, 1], [1, 1], [1, 6], [2, 4], [2, 4], [2, 7], [3, 3], [4, 4]]
  464,  [[0, 0], [0, 5], [1, 1], [1, 1], [1, 6], [2, 2], [2, 4], [2, 4], [3, 7], [4, 4]]
  465,  [[0, 5], [0, 6], [1, 1], [1, 1], [1, 7], [2, 2], [2, 4], [2, 4], [3, 4], [3, 4]]
  466,  [[0, 0], [0, 5], [1, 1], [1, 1], [1, 6], [2, 4], [2, 4], [2, 7], [3, 4], [3, 4]]
  467,  [[0, 4], [0, 5], [1, 1], [1, 1], [1, 6], [2, 2], [2, 4], [2, 4], [3, 4], [3, 7]]
  468,  [[0, 0], [0, 5], [1, 1], [1, 1], [1, 4], [2, 2], [2, 4], [2, 4], [3, 4], [6, 6]]
  469,  [[0, 0], [0, 5], [1, 1], [1, 4], [1, 4], [2, 2], [2, 4], [2, 6], [3, 4], [3, 7]]
  470,  [[0, 0], [0, 5], [1, 1], [1, 1], [1, 6], [2, 4], [2, 4], [2, 4], [3, 4], [3, 7]]
  471,  [[0, 3], [0, 5], [1, 1], [1, 1], [1, 3], [2, 4], [2, 4], [2, 6], [4, 4], [4, 7]]
  472,  [[0, 3], [0, 5], [1, 1], [1, 1], [1, 3], [2, 2], [2, 4], [2, 4], [4, 6], [4, 7]]
  473,  [[0, 3], [0, 5], [1, 1], [1, 1], [1, 3], [2, 2], [2, 4], [2, 4], [4, 4], [6, 6]]
  474,  [[0, 3], [0, 5], [1, 1], [1, 4], [1, 4], [2, 3], [2, 4], [2, 6], [4, 4], [7, 7]]
  475,  [[0, 3], [0, 5], [1, 1], [1, 3], [1, 6], [2, 4], [2, 4], [2, 4], [4, 4], [7, 7]]
  476,  [[0, 3], [0, 5], [1, 1], [1, 4], [1, 6], [2, 3], [2, 4], [2, 4], [4, 4], [7, 7]]
  477,  [[0, 3], [0, 5], [1, 1], [1, 4], [1, 4], [2, 2], [2, 4], [2, 6], [3, 7], [4, 4]]
  478,  [[0, 3], [0, 5], [1, 1], [1, 1], [1, 6], [2, 4], [2, 4], [2, 4], [3, 7], [4, 4]]
  479,  [[0, 3], [0, 5], [1, 1], [1, 1], [1, 4], [2, 2], [2, 4], [2, 4], [3, 4], [6, 7]]
  480,  [[0, 3], [0, 3], [1, 1], [1, 4], [1, 5], [2, 4], [2, 4], [2, 6], [4, 4], [7, 7]]
  481,  [[0, 0], [0, 3], [1, 1], [1, 1], [1, 3], [2, 4], [2, 4], [2, 5], [4, 6], [4, 7]]
  482,  [[0, 0], [0, 3], [1, 1], [1, 1], [1, 3], [2, 4], [2, 4], [2, 5], [4, 4], [6, 6]]
  483,  [[0, 3], [0, 4], [1, 1], [1, 3], [1, 5], [2, 4], [2, 4], [2, 6], [4, 4], [7, 7]]
  484,  [[0, 0], [0, 3], [1, 3], [1, 4], [1, 5], [2, 4], [2, 4], [2, 6], [4, 4], [7, 7]]
  485,  [[0, 0], [0, 3], [1, 1], [1, 4], [1, 5], [2, 4], [2, 4], [2, 6], [3, 7], [4, 4]]
  486,  [[0, 3], [0, 4], [1, 1], [1, 1], [1, 5], [2, 4], [2, 4], [2, 6], [3, 7], [4, 4]]
  487,  [[0, 0], [0, 4], [1, 1], [1, 3], [1, 5], [2, 4], [2, 4], [2, 6], [3, 4], [7, 7]]
  488,  [[0, 0], [0, 4], [1, 1], [1, 1], [1, 5], [2, 4], [2, 4], [2, 6], [3, 3], [7, 7]]
  489,  [[0, 0], [0, 4], [1, 1], [1, 1], [1, 5], [2, 4], [2, 4], [2, 6], [3, 4], [3, 7]]
  490,  [[0, 3], [0, 3], [1, 1], [1, 4], [1, 4], [2, 2], [2, 4], [2, 5], [4, 6], [7, 7]]
  491,  [[0, 3], [0, 3], [1, 1], [1, 1], [1, 5], [2, 4], [2, 4], [2, 4], [4, 6], [7, 7]]
  492,  [[0, 3], [0, 3], [1, 1], [1, 4], [1, 4], [2, 2], [2, 4], [2, 5], [4, 4], [6, 7]]
  493,  [[0, 3], [0, 3], [1, 1], [1, 1], [1, 5], [2, 4], [2, 4], [2, 4], [4, 4], [6, 7]]
  494,  [[0, 0], [0, 3], [1, 1], [1, 1], [1, 3], [2, 2], [2, 4], [2, 4], [4, 5], [6, 6]]
  495,  [[0, 0], [0, 3], [1, 1], [1, 3], [1, 4], [2, 2], [2, 4], [2, 4], [4, 4], [5, 5]]
  496,  [[0, 0], [0, 3], [1, 1], [1, 1], [1, 3], [2, 2], [2, 4], [2, 4], [4, 4], [5, 6]]
  497,  [[0, 3], [0, 4], [1, 1], [1, 3], [1, 5], [2, 2], [2, 4], [2, 4], [4, 6], [7, 7]]
  498,  [[0, 0], [0, 3], [1, 1], [1, 4], [1, 4], [2, 3], [2, 4], [2, 5], [4, 6], [7, 7]]
  499,  [[0, 0], [0, 3], [1, 1], [1, 3], [1, 5], [2, 4], [2, 4], [2, 4], [4, 6], [7, 7]]
  500,  [[0, 0], [0, 4], [1, 1], [1, 3], [1, 5], [2, 2], [2, 4], [2, 4], [4, 4], [6, 6]]
  501,  [[0, 3], [0, 4], [1, 1], [1, 3], [1, 5], [2, 2], [2, 4], [2, 4], [4, 4], [6, 7]]
  502,  [[0, 0], [0, 3], [1, 1], [1, 4], [1, 4], [2, 3], [2, 4], [2, 5], [4, 4], [6, 7]]
  503,  [[0, 0], [0, 3], [1, 1], [1, 3], [1, 5], [2, 4], [2, 4], [2, 4], [4, 4], [6, 7]]
  504,  [[0, 3], [0, 4], [1, 1], [1, 1], [1, 5], [2, 3], [2, 4], [2, 4], [4, 6], [7, 7]]
  505,  [[0, 0], [0, 3], [1, 1], [1, 4], [1, 5], [2, 3], [2, 4], [2, 4], [4, 6], [7, 7]]
  506,  [[0, 0], [0, 3], [1, 1], [1, 4], [1, 5], [2, 3], [2, 4], [2, 4], [4, 4], [6, 7]]
  507,  [[0, 3], [0, 4], [1, 1], [1, 1], [1, 5], [2, 3], [2, 4], [2, 4], [4, 4], [6, 7]]
  508,  [[0, 3], [0, 4], [1, 1], [1, 1], [1, 5], [2, 2], [2, 4], [2, 4], [3, 6], [4, 7]]
  509,  [[0, 0], [0, 3], [1, 1], [1, 1], [1, 4], [2, 2], [2, 4], [2, 4], [4, 5], [6, 6]]
  510,  [[0, 0], [0, 3], [1, 1], [1, 4], [1, 4], [2, 2], [2, 4], [2, 5], [6, 6], [7, 7]]
  511,  [[0, 0], [0, 3], [1, 1], [1, 4], [1, 4], [2, 2], [2, 4], [2, 5], [3, 6], [4, 7]]
  512,  [[0, 0], [0, 3], [1, 1], [1, 1], [1, 5], [2, 4], [2, 4], [2, 4], [3, 6], [4, 7]]
  513,  [[0, 0], [0, 3], [1, 1], [1, 1], [1, 4], [2, 2], [2, 4], [2, 4], [3, 5], [4, 4]]
  514,  [[0, 0], [0, 3], [1, 1], [1, 1], [1, 4], [2, 2], [2, 4], [2, 4], [4, 4], [5, 6]]
  515,  [[0, 0], [0, 4], [1, 1], [1, 1], [1, 5], [2, 2], [2, 4], [2, 4], [3, 6], [4, 4]]
  516,  [[0, 3], [0, 4], [1, 1], [1, 1], [1, 4], [2, 2], [2, 2], [2, 5], [4, 4], [6, 7]]
  517,  [[0, 0], [0, 4], [1, 1], [1, 1], [1, 3], [2, 2], [2, 4], [2, 4], [3, 4], [5, 5]]
  518,  [[0, 0], [0, 4], [1, 1], [1, 3], [1, 5], [2, 2], [2, 4], [2, 4], [3, 4], [6, 7]]
  519,  [[0, 0], [0, 4], [1, 1], [1, 1], [1, 5], [2, 3], [2, 4], [2, 4], [3, 4], [6, 7]]
  520,  [[0, 4], [0, 4], [1, 1], [1, 1], [1, 5], [2, 2], [2, 4], [2, 4], [3, 3], [6, 6]]
  521,  [[0, 0], [0, 4], [1, 1], [1, 4], [1, 4], [2, 2], [2, 4], [2, 5], [3, 3], [6, 6]]
  522,  [[0, 0], [0, 4], [1, 1], [1, 1], [1, 5], [2, 4], [2, 4], [2, 4], [3, 3], [6, 6]]
  523,  [[0, 0], [0, 4], [1, 1], [1, 1], [1, 5], [2, 2], [2, 4], [2, 4], [3, 6], [7, 7]]
  524,  [[0, 0], [0, 4], [1, 1], [1, 1], [1, 5], [2, 2], [2, 4], [2, 4], [3, 3], [6, 7]]
  525,  [[0, 0], [0, 4], [1, 1], [1, 1], [1, 4], [2, 2], [2, 2], [2, 5], [3, 4], [6, 7]]
  526,  [[0, 0], [0, 4], [1, 3], [1, 4], [1, 4], [2, 3], [2, 5], [2, 6], [4, 4], [7, 7]]
  527,  [[0, 0], [0, 4], [1, 1], [1, 5], [1, 6], [2, 3], [2, 4], [2, 4], [3, 7], [4, 4]]
  528,  [[0, 0], [0, 4], [1, 1], [1, 4], [1, 4], [2, 3], [2, 5], [2, 6], [3, 7], [4, 4]]
  529,  [[0, 4], [0, 4], [1, 1], [1, 1], [1, 3], [2, 2], [2, 2], [2, 5], [3, 4], [4, 6]]
  530,  [[0, 4], [0, 4], [1, 1], [1, 1], [1, 3], [2, 2], [2, 5], [2, 6], [4, 4], [4, 7]]
  531,  [[0, 4], [0, 4], [1, 1], [1, 1], [1, 3], [2, 2], [2, 5], [2, 6], [3, 4], [4, 4]]
  532,  [[0, 4], [0, 4], [1, 1], [1, 1], [1, 3], [2, 2], [2, 5], [2, 6], [3, 4], [7, 7]]
  533,  [[0, 0], [0, 4], [1, 1], [1, 1], [1, 3], [2, 2], [2, 4], [2, 5], [3, 4], [4, 6]]
  534,  [[0, 0], [0, 4], [1, 1], [1, 1], [1, 3], [2, 4], [2, 5], [2, 6], [4, 4], [4, 7]]
  535,  [[0, 0], [0, 4], [1, 1], [1, 1], [1, 3], [2, 4], [2, 5], [2, 6], [3, 4], [4, 4]]
  536,  [[0, 0], [0, 4], [1, 1], [1, 1], [1, 3], [2, 4], [2, 5], [2, 6], [3, 4], [7, 7]]
  537,  [[0, 4], [0, 5], [1, 1], [1, 1], [1, 3], [2, 2], [2, 2], [2, 6], [3, 4], [4, 7]]
  538,  [[0, 0], [0, 4], [1, 1], [1, 1], [1, 5], [2, 2], [2, 3], [2, 6], [3, 4], [4, 7]]
  539,  [[0, 0], [0, 4], [1, 1], [1, 1], [1, 3], [2, 2], [2, 2], [2, 5], [4, 4], [4, 6]]
  540,  [[0, 0], [0, 4], [1, 1], [1, 1], [1, 3], [2, 2], [2, 2], [2, 5], [3, 4], [4, 4]]
  541,  [[0, 0], [0, 4], [1, 1], [1, 3], [1, 3], [2, 2], [2, 5], [2, 6], [4, 4], [4, 7]]
  542,  [[0, 0], [0, 4], [1, 1], [1, 1], [1, 3], [2, 3], [2, 5], [2, 6], [4, 4], [4, 7]]
  543,  [[0, 0], [0, 4], [1, 1], [1, 1], [1, 3], [2, 2], [2, 5], [2, 6], [4, 4], [4, 4]]
  544,  [[0, 4], [0, 5], [1, 1], [1, 1], [1, 3], [2, 2], [2, 6], [2, 7], [3, 4], [4, 4]]
  545,  [[0, 0], [0, 4], [1, 1], [1, 3], [1, 5], [2, 2], [2, 6], [2, 7], [3, 4], [4, 4]]
  546,  [[0, 0], [0, 4], [1, 1], [1, 1], [1, 3], [2, 5], [2, 6], [2, 7], [3, 4], [4, 4]]
  547,  [[0, 4], [0, 5], [1, 1], [1, 1], [1, 6], [2, 2], [2, 3], [2, 4], [4, 4], [4, 7]]
  548,  [[0, 4], [0, 5], [1, 1], [1, 1], [1, 6], [2, 2], [2, 3], [2, 4], [3, 4], [4, 4]]
  549,  [[0, 4], [0, 5], [1, 1], [1, 1], [1, 6], [2, 2], [2, 3], [2, 4], [3, 4], [7, 7]]
  550,  [[0, 0], [0, 4], [1, 1], [1, 1], [1, 5], [2, 3], [2, 4], [2, 6], [4, 4], [4, 7]]
  551,  [[0, 0], [0, 4], [1, 1], [1, 1], [1, 5], [2, 3], [2, 4], [2, 6], [3, 4], [4, 4]]
  552,  [[0, 0], [0, 4], [1, 1], [1, 1], [1, 5], [2, 3], [2, 4], [2, 6], [3, 4], [7, 7]]
  553,  [[0, 0], [0, 4], [1, 1], [1, 3], [1, 4], [2, 2], [2, 3], [2, 5], [4, 4], [4, 6]]
  554,  [[0, 0], [0, 4], [1, 1], [1, 1], [1, 5], [2, 3], [2, 3], [2, 4], [4, 4], [4, 6]]
  555,  [[0, 0], [0, 4], [1, 1], [1, 1], [1, 5], [2, 2], [2, 3], [2, 4], [4, 6], [4, 7]]
  556,  [[0, 0], [0, 4], [1, 1], [1, 1], [1, 5], [2, 2], [2, 3], [2, 4], [4, 4], [6, 6]]
  557,  [[0, 4], [0, 4], [1, 1], [1, 1], [1, 5], [2, 2], [2, 3], [2, 4], [3, 4], [6, 6]]
  558,  [[0, 0], [0, 4], [1, 1], [1, 3], [1, 4], [2, 2], [2, 4], [2, 5], [3, 4], [6, 6]]
  559,  [[0, 0], [0, 4], [1, 1], [1, 1], [1, 5], [2, 2], [2, 3], [2, 4], [3, 4], [6, 7]]
  560,  [[0, 0], [0, 4], [1, 1], [1, 5], [1, 6], [2, 3], [2, 3], [2, 4], [4, 4], [7, 7]]
  561,  [[0, 0], [0, 4], [1, 1], [1, 3], [1, 4], [2, 3], [2, 5], [2, 6], [4, 4], [7, 7]]
  562,  [[0, 4], [0, 4], [1, 1], [1, 3], [1, 4], [2, 2], [2, 5], [2, 6], [4, 4], [7, 7]]
  563,  [[0, 0], [0, 4], [1, 1], [1, 3], [1, 4], [2, 4], [2, 5], [2, 6], [4, 4], [7, 7]]
  564,  [[0, 0], [0, 4], [1, 1], [1, 3], [1, 4], [2, 2], [2, 5], [2, 6], [3, 7], [4, 4]]
  565,  [[0, 4], [0, 5], [1, 1], [1, 1], [1, 3], [2, 2], [2, 2], [2, 4], [3, 4], [4, 6]]
  566,  [[0, 4], [0, 5], [1, 1], [1, 1], [1, 4], [2, 2], [2, 3], [2, 6], [4, 4], [4, 7]]
  567,  [[0, 4], [0, 5], [1, 1], [1, 1], [1, 4], [2, 2], [2, 3], [2, 6], [3, 4], [4, 4]]
  568,  [[0, 4], [0, 5], [1, 1], [1, 1], [1, 4], [2, 2], [2, 3], [2, 6], [3, 4], [7, 7]]
  569,  [[0, 0], [0, 4], [1, 1], [1, 3], [1, 5], [2, 2], [2, 4], [2, 6], [4, 4], [4, 7]]
  570,  [[0, 0], [0, 4], [1, 1], [1, 3], [1, 5], [2, 2], [2, 4], [2, 6], [3, 4], [4, 4]]
  571,  [[0, 0], [0, 4], [1, 1], [1, 3], [1, 5], [2, 2], [2, 4], [2, 6], [3, 4], [7, 7]]
  572,  [[0, 0], [0, 4], [1, 1], [1, 1], [1, 4], [2, 3], [2, 3], [2, 5], [4, 4], [4, 6]]
  573,  [[0, 0], [0, 4], [1, 1], [1, 1], [1, 4], [2, 2], [2, 3], [2, 5], [4, 6], [4, 7]]
  574,  [[0, 0], [0, 4], [1, 1], [1, 1], [1, 4], [2, 2], [2, 3], [2, 5], [4, 4], [6, 6]]
  575,  [[0, 4], [0, 4], [1, 1], [1, 1], [1, 4], [2, 2], [2, 3], [2, 5], [3, 4], [6, 6]]
  576,  [[0, 0], [0, 4], [1, 1], [1, 1], [1, 4], [2, 3], [2, 4], [2, 5], [3, 4], [6, 6]]
  577,  [[0, 0], [0, 4], [1, 1], [1, 1], [1, 4], [2, 2], [2, 3], [2, 5], [3, 4], [6, 7]]
  578,  [[0, 0], [0, 4], [1, 1], [1, 1], [1, 4], [2, 3], [2, 5], [2, 6], [3, 7], [4, 4]]
  579,  [[0, 0], [0, 4], [1, 1], [1, 1], [1, 5], [2, 3], [2, 6], [2, 7], [3, 4], [4, 4]]
  580,  [[0, 4], [0, 5], [1, 1], [1, 1], [1, 4], [2, 2], [2, 4], [2, 6], [3, 3], [4, 7]]
  581,  [[0, 4], [0, 5], [1, 1], [1, 1], [1, 4], [2, 2], [2, 2], [2, 6], [3, 3], [4, 4]]
  582,  [[0, 4], [0, 4], [1, 1], [1, 1], [1, 5], [2, 2], [2, 2], [2, 6], [3, 4], [4, 7]]
  583,  [[0, 0], [0, 4], [1, 1], [1, 1], [1, 5], [2, 2], [2, 2], [2, 6], [3, 4], [4, 4]]
  584,  [[0, 4], [0, 4], [1, 1], [1, 1], [1, 5], [2, 2], [2, 4], [2, 6], [3, 3], [4, 7]]
  585,  [[0, 0], [0, 4], [1, 1], [1, 4], [1, 5], [2, 2], [2, 4], [2, 6], [3, 3], [4, 7]]
  586,  [[0, 0], [0, 4], [1, 1], [1, 1], [1, 5], [2, 4], [2, 4], [2, 6], [3, 3], [4, 7]]
  587,  [[0, 0], [0, 4], [1, 1], [1, 1], [1, 5], [2, 2], [2, 4], [2, 6], [3, 3], [4, 4]]
  588,  [[0, 4], [0, 5], [1, 1], [1, 1], [1, 6], [2, 2], [2, 4], [2, 7], [3, 4], [4, 4]]
  589,  [[0, 0], [0, 4], [1, 1], [1, 1], [1, 5], [2, 4], [2, 6], [2, 7], [3, 4], [4, 4]]
  590,  [[0, 0], [0, 4], [1, 1], [1, 1], [1, 5], [2, 2], [2, 4], [2, 6], [3, 4], [3, 4]]
  591,  [[0, 4], [0, 4], [1, 1], [1, 1], [1, 5], [2, 2], [2, 4], [2, 6], [3, 4], [7, 7]]
  592,  [[0, 0], [0, 4], [1, 1], [1, 4], [1, 5], [2, 2], [2, 4], [2, 6], [3, 4], [7, 7]]
  593,  [[0, 0], [0, 4], [1, 1], [1, 1], [1, 5], [2, 2], [2, 4], [2, 6], [3, 4], [3, 7]]
  594,  [[0, 4], [0, 4], [1, 1], [1, 1], [1, 4], [2, 2], [2, 2], [2, 5], [3, 6], [4, 7]]
  595,  [[0, 0], [0, 4], [1, 1], [1, 1], [1, 5], [2, 2], [2, 4], [2, 4], [3, 6], [4, 7]]
  596,  [[0, 0], [0, 4], [1, 1], [1, 1], [1, 5], [2, 2], [2, 4], [2, 4], [3, 3], [4, 4]]
  597,  [[0, 0], [0, 4], [1, 1], [1, 1], [1, 4], [2, 2], [2, 2], [2, 4], [3, 3], [4, 5]]
  598,  [[0, 0], [0, 4], [1, 1], [1, 1], [1, 4], [2, 2], [2, 4], [2, 5], [3, 6], [4, 7]]
  599,  [[0, 0], [0, 4], [1, 1], [1, 1], [1, 4], [2, 2], [2, 4], [2, 5], [3, 3], [4, 4]]
  600,  [[0, 0], [0, 4], [1, 1], [1, 1], [1, 4], [2, 2], [2, 4], [2, 5], [3, 3], [6, 6]]
  601,  [[0, 3], [0, 4], [1, 1], [1, 1], [1, 4], [2, 2], [2, 2], [2, 5], [3, 6], [4, 7]]
  602,  [[0, 0], [0, 4], [1, 1], [1, 1], [1, 5], [2, 2], [2, 3], [2, 4], [3, 6], [4, 7]]
  603,  [[0, 0], [0, 4], [1, 1], [1, 1], [1, 4], [2, 2], [2, 3], [2, 5], [3, 6], [4, 7]]
  604,  [[0, 0], [0, 4], [1, 1], [1, 1], [1, 4], [2, 2], [2, 2], [2, 5], [3, 6], [4, 4]]
  605,  [[0, 4], [0, 4], [1, 1], [1, 4], [1, 5], [2, 2], [2, 6], [2, 7], [3, 3], [4, 4]]
  606,  [[0, 4], [0, 4], [1, 1], [1, 1], [1, 4], [2, 5], [2, 6], [2, 7], [3, 3], [4, 4]]
  607,  [[0, 4], [0, 4], [1, 1], [1, 1], [1, 4], [2, 2], [2, 5], [2, 6], [3, 7], [4, 4]]
  608,  [[0, 4], [0, 4], [1, 1], [1, 1], [1, 4], [2, 4], [2, 5], [2, 6], [3, 3], [7, 7]]
  609,  [[0, 0], [0, 4], [1, 1], [1, 5], [1, 6], [2, 4], [2, 4], [2, 7], [3, 3], [4, 4]]
  610,  [[0, 0], [0, 4], [1, 1], [1, 4], [1, 4], [2, 5], [2, 6], [2, 7], [3, 3], [4, 4]]
  611,  [[0, 4], [0, 5], [1, 1], [1, 1], [1, 4], [2, 4], [2, 6], [2, 7], [3, 3], [4, 4]]
  612,  [[0, 0], [0, 4], [1, 1], [1, 4], [1, 5], [2, 4], [2, 6], [2, 7], [3, 3], [4, 4]]
  613,  [[0, 0], [0, 4], [1, 1], [1, 1], [1, 4], [2, 4], [2, 5], [2, 6], [3, 7], [4, 4]]
  614,  [[0, 4], [0, 5], [1, 1], [1, 1], [1, 4], [2, 2], [2, 2], [2, 6], [3, 4], [3, 4]]
  615,  [[0, 4], [0, 4], [1, 1], [1, 1], [1, 5], [2, 2], [2, 6], [2, 7], [3, 4], [4, 4]]
  616,  [[0, 0], [0, 4], [1, 1], [1, 1], [1, 5], [2, 2], [2, 6], [2, 7], [3, 4], [3, 4]]
  617,  [[0, 4], [0, 4], [1, 1], [1, 1], [1, 4], [2, 2], [2, 2], [2, 5], [3, 4], [3, 6]]
  618,  [[0, 4], [0, 5], [1, 1], [1, 1], [1, 4], [2, 2], [2, 4], [2, 6], [3, 4], [7, 7]]
  619,  [[0, 0], [0, 4], [1, 1], [1, 1], [1, 4], [2, 2], [2, 4], [2, 5], [3, 4], [3, 6]]
  620,  [[0, 0], [0, 4], [1, 1], [1, 1], [1, 4], [2, 2], [2, 4], [2, 5], [3, 4], [6, 7]]
  621,  [[0, 4], [0, 5], [1, 1], [1, 1], [1, 4], [2, 2], [2, 2], [2, 6], [3, 4], [3, 7]]
  622,  [[0, 3], [0, 4], [1, 1], [1, 1], [1, 5], [2, 2], [2, 3], [2, 6], [4, 4], [4, 7]]
  623,  [[0, 3], [0, 4], [1, 1], [1, 1], [1, 3], [2, 2], [2, 4], [2, 5], [4, 4], [4, 6]]
  624,  [[0, 3], [0, 4], [1, 1], [1, 3], [1, 5], [2, 2], [2, 4], [2, 6], [4, 4], [7, 7]]
  625,  [[0, 3], [0, 4], [1, 1], [1, 1], [1, 5], [2, 3], [2, 4], [2, 6], [4, 4], [7, 7]]
  626,  [[0, 3], [0, 4], [1, 1], [1, 4], [1, 5], [2, 2], [2, 4], [2, 6], [4, 4], [7, 7]]
  627,  [[0, 3], [0, 4], [1, 1], [1, 1], [1, 5], [2, 2], [2, 4], [2, 6], [3, 7], [4, 4]]
  628,  [[0, 3], [0, 4], [1, 1], [1, 1], [1, 3], [2, 4], [2, 5], [2, 6], [4, 4], [7, 7]]
  629,  [[0, 3], [0, 4], [1, 1], [1, 1], [1, 3], [2, 2], [2, 2], [2, 5], [4, 6], [4, 7]]
  630,  [[0, 3], [0, 4], [1, 1], [1, 3], [1, 5], [2, 2], [2, 6], [2, 7], [4, 4], [4, 4]]
  631,  [[0, 3], [0, 4], [1, 1], [1, 1], [1, 3], [2, 5], [2, 6], [2, 7], [4, 4], [4, 4]]
  632,  [[0, 3], [0, 4], [1, 1], [1, 1], [1, 5], [2, 2], [2, 3], [2, 4], [4, 6], [7, 7]]
  633,  [[0, 3], [0, 4], [1, 1], [1, 3], [1, 4], [2, 2], [2, 4], [2, 5], [4, 4], [6, 6]]
  634,  [[0, 3], [0, 4], [1, 1], [1, 1], [1, 5], [2, 2], [2, 3], [2, 4], [4, 4], [6, 7]]
  635,  [[0, 3], [0, 4], [1, 1], [1, 1], [1, 3], [2, 2], [2, 2], [2, 4], [4, 5], [4, 6]]
  636,  [[0, 3], [0, 4], [1, 1], [1, 1], [1, 4], [2, 2], [2, 3], [2, 5], [4, 6], [7, 7]]
  637,  [[0, 3], [0, 4], [1, 1], [1, 1], [1, 4], [2, 2], [2, 3], [2, 5], [4, 4], [6, 7]]
  638,  [[0, 3], [0, 4], [1, 1], [1, 1], [1, 4], [2, 2], [2, 4], [2, 5], [3, 6], [4, 4]]
  639,  [[0, 3], [0, 4], [1, 1], [1, 1], [1, 5], [2, 3], [2, 6], [2, 7], [4, 4], [4, 4]]
  640,  [[0, 3], [0, 4], [1, 1], [1, 1], [1, 4], [2, 2], [2, 2], [2, 4], [3, 4], [5, 6]]
  641,  [[0, 3], [0, 4], [1, 1], [1, 1], [1, 4], [2, 2], [2, 4], [2, 5], [4, 4], [6, 7]]
  642,  [[0, 0], [0, 5], [1, 1], [1, 1], [1, 3], [2, 2], [2, 4], [2, 6], [3, 4], [4, 7]]
  643,  [[0, 0], [0, 5], [1, 1], [1, 1], [1, 4], [2, 2], [2, 3], [2, 4], [3, 4], [4, 6]]
  644,  [[0, 0], [0, 5], [1, 1], [1, 3], [1, 4], [2, 2], [2, 4], [2, 6], [4, 4], [4, 7]]
  645,  [[0, 0], [0, 5], [1, 1], [1, 3], [1, 4], [2, 2], [2, 4], [2, 6], [3, 4], [4, 4]]
  646,  [[0, 0], [0, 5], [1, 1], [1, 3], [1, 4], [2, 2], [2, 4], [2, 6], [3, 4], [7, 7]]
  647,  [[0, 0], [0, 5], [1, 1], [1, 1], [1, 4], [2, 3], [2, 4], [2, 6], [4, 4], [4, 7]]
  648,  [[0, 0], [0, 5], [1, 1], [1, 1], [1, 4], [2, 3], [2, 4], [2, 6], [3, 4], [4, 4]]
  649,  [[0, 0], [0, 5], [1, 1], [1, 1], [1, 4], [2, 3], [2, 4], [2, 6], [3, 4], [7, 7]]
  650,  [[0, 5], [0, 6], [1, 1], [1, 1], [1, 4], [2, 2], [2, 2], [2, 4], [3, 4], [4, 7]]
  651,  [[0, 0], [0, 5], [1, 1], [1, 1], [1, 4], [2, 2], [2, 2], [2, 4], [3, 3], [4, 6]]
  652,  [[0, 0], [0, 5], [1, 1], [1, 1], [1, 4], [2, 4], [2, 4], [2, 6], [3, 3], [4, 7]]
  653,  [[0, 0], [0, 5], [1, 1], [1, 1], [1, 4], [2, 2], [2, 4], [2, 6], [3, 3], [4, 4]]
  654,  [[0, 5], [0, 6], [1, 1], [1, 1], [1, 4], [2, 2], [2, 4], [2, 7], [3, 4], [4, 4]]
  655,  [[0, 0], [0, 5], [1, 1], [1, 4], [1, 6], [2, 2], [2, 4], [2, 7], [3, 4], [4, 4]]
  656,  [[0, 0], [0, 5], [1, 1], [1, 1], [1, 4], [2, 2], [2, 4], [2, 6], [3, 4], [3, 4]]
  657,  [[0, 0], [0, 5], [1, 1], [1, 1], [1, 4], [2, 4], [2, 4], [2, 6], [3, 4], [7, 7]]
  658,  [[0, 0], [0, 5], [1, 1], [1, 1], [1, 4], [2, 2], [2, 4], [2, 6], [3, 4], [3, 7]]
  659,  [[0, 3], [0, 5], [1, 1], [1, 1], [1, 3], [2, 2], [2, 4], [2, 6], [4, 4], [4, 7]]
  660,  [[0, 3], [0, 5], [1, 1], [1, 1], [1, 4], [2, 2], [2, 3], [2, 4], [4, 4], [4, 6]]
  661,  [[0, 3], [0, 5], [1, 1], [1, 3], [1, 4], [2, 2], [2, 4], [2, 6], [4, 4], [7, 7]]
  662,  [[0, 3], [0, 5], [1, 1], [1, 1], [1, 4], [2, 3], [2, 4], [2, 6], [4, 4], [7, 7]]
  663,  [[0, 3], [0, 5], [1, 1], [1, 1], [1, 4], [2, 2], [2, 4], [2, 6], [3, 7], [4, 4]]
  664,  [[0, 3], [0, 3], [1, 1], [1, 4], [1, 5], [2, 2], [2, 4], [2, 6], [4, 4], [7, 7]]
  665,  [[0, 0], [0, 3], [1, 1], [1, 4], [1, 5], [2, 3], [2, 4], [2, 6], [4, 4], [7, 7]]
  666,  [[0, 0], [0, 3], [1, 1], [1, 4], [1, 5], [2, 2], [2, 4], [2, 6], [3, 7], [4, 4]]
  667,  [[0, 3], [0, 3], [1, 1], [1, 1], [1, 4], [2, 2], [2, 2], [2, 4], [4, 5], [4, 6]]
  668,  [[0, 3], [0, 3], [1, 1], [1, 1], [1, 4], [2, 2], [2, 4], [2, 5], [4, 6], [7, 7]]
  669,  [[0, 3], [0, 3], [1, 1], [1, 1], [1, 4], [2, 2], [2, 4], [2, 5], [4, 4], [6, 7]]
  670,  [[0, 0], [0, 3], [1, 1], [1, 1], [1, 3], [2, 2], [2, 4], [2, 5], [4, 6], [4, 7]]
  671,  [[0, 0], [0, 3], [1, 1], [1, 1], [1, 3], [2, 2], [2, 4], [2, 5], [4, 4], [4, 4]]
  672,  [[0, 0], [0, 3], [1, 1], [1, 1], [1, 4], [2, 2], [2, 3], [2, 4], [4, 5], [4, 6]]
  673,  [[0, 0], [0, 3], [1, 1], [1, 1], [1, 4], [2, 2], [2, 3], [2, 4], [4, 4], [5, 5]]
  674,  [[0, 0], [0, 3], [1, 1], [1, 3], [1, 4], [2, 2], [2, 4], [2, 5], [4, 6], [7, 7]]
  675,  [[0, 0], [0, 3], [1, 1], [1, 3], [1, 4], [2, 4], [2, 4], [2, 5], [4, 4], [6, 6]]
  676,  [[0, 0], [0, 3], [1, 1], [1, 3], [1, 4], [2, 2], [2, 4], [2, 5], [4, 4], [6, 7]]
  677,  [[0, 0], [0, 3], [1, 1], [1, 1], [1, 4], [2, 3], [2, 4], [2, 5], [4, 6], [7, 7]]
  678,  [[0, 0], [0, 3], [1, 1], [1, 1], [1, 4], [2, 3], [2, 4], [2, 5], [4, 4], [6, 7]]
  679,  [[0, 3], [0, 5], [1, 1], [1, 1], [1, 4], [2, 2], [2, 2], [2, 4], [4, 6], [4, 7]]
  680,  [[0, 3], [0, 4], [1, 1], [1, 1], [1, 4], [2, 2], [2, 4], [2, 5], [4, 6], [7, 7]]
  681,  [[0, 0], [0, 3], [1, 1], [1, 1], [1, 4], [2, 4], [2, 4], [2, 5], [4, 6], [7, 7]]
  682,  [[0, 0], [0, 3], [1, 1], [1, 1], [1, 4], [2, 2], [2, 4], [2, 5], [3, 6], [4, 7]]
  683,  [[0, 0], [0, 3], [1, 1], [1, 1], [1, 4], [2, 4], [2, 4], [2, 5], [3, 6], [4, 4]]
  684,  [[0, 0], [0, 3], [1, 1], [1, 1], [1, 4], [2, 2], [2, 2], [2, 4], [3, 5], [4, 4]]
  685,  [[0, 0], [0, 3], [1, 1], [1, 1], [1, 4], [2, 4], [2, 4], [2, 5], [4, 4], [6, 7]]
  686,  [[0, 0], [0, 3], [1, 1], [1, 1], [1, 4], [2, 2], [2, 2], [2, 4], [4, 4], [5, 6]]
  687,  [[0, 3], [0, 5], [1, 1], [1, 1], [1, 4], [2, 2], [2, 2], [2, 4], [3, 4], [6, 7]]
  688,  [[0, 3], [0, 5], [1, 1], [1, 1], [1, 3], [2, 4], [2, 6], [2, 7], [4, 4], [4, 4]]
  689,  [[0, 0], [0, 3], [1, 1], [1, 3], [1, 5], [2, 4], [2, 6], [2, 7], [4, 4], [4, 4]]
  690,  [[0, 0], [0, 5], [1, 1], [1, 1], [1, 3], [2, 4], [2, 6], [2, 7], [3, 4], [4, 4]]
  691,  [[0, 3], [0, 3], [1, 1], [1, 1], [1, 5], [2, 4], [2, 6], [2, 7], [4, 4], [4, 4]]
  692,  [[0, 0], [0, 5], [1, 1], [1, 3], [1, 4], [2, 2], [2, 3], [2, 6], [4, 4], [4, 7]]
  693,  [[0, 0], [0, 5], [1, 1], [1, 1], [1, 6], [2, 3], [2, 3], [2, 4], [4, 4], [4, 7]]
  694,  [[0, 0], [0, 5], [1, 1], [1, 1], [1, 6], [2, 2], [2, 3], [2, 4], [4, 4], [4, 4]]
  695,  [[0, 5], [0, 6], [1, 1], [1, 1], [1, 7], [2, 2], [2, 3], [2, 4], [3, 4], [4, 4]]
  696,  [[0, 0], [0, 5], [1, 1], [1, 1], [1, 6], [2, 3], [2, 4], [2, 7], [3, 4], [4, 4]]
  697,  [[0, 5], [0, 6], [1, 1], [1, 1], [1, 3], [2, 2], [2, 2], [2, 4], [3, 4], [4, 7]]
  698,  [[0, 0], [0, 5], [1, 1], [1, 1], [1, 3], [2, 2], [2, 2], [2, 4], [4, 4], [4, 6]]
  699,  [[0, 0], [0, 5], [1, 1], [1, 1], [1, 3], [2, 2], [2, 2], [2, 4], [3, 4], [4, 4]]
  700,  [[0, 0], [0, 5], [1, 1], [1, 1], [1, 4], [2, 3], [2, 3], [2, 6], [4, 4], [4, 7]]
  701,  [[0, 0], [0, 5], [1, 1], [1, 1], [1, 4], [2, 2], [2, 3], [2, 6], [4, 4], [4, 4]]
  702,  [[0, 5], [0, 6], [1, 1], [1, 1], [1, 4], [2, 2], [2, 3], [2, 7], [3, 4], [4, 4]]
  703,  [[0, 0], [0, 5], [1, 1], [1, 3], [1, 6], [2, 2], [2, 4], [2, 7], [3, 4], [4, 4]]
  704,  [[0, 5], [0, 6], [1, 1], [1, 1], [1, 4], [2, 2], [2, 2], [2, 7], [3, 4], [3, 4]]
  705,  [[0, 0], [0, 5], [1, 1], [1, 1], [1, 6], [2, 2], [2, 4], [2, 7], [3, 4], [3, 4]]
  706,  [[0, 3], [0, 5], [1, 1], [1, 1], [1, 6], [2, 3], [2, 4], [2, 7], [4, 4], [4, 4]]
  707,  [[0, 3], [0, 5], [1, 1], [1, 1], [1, 3], [2, 2], [2, 2], [2, 4], [4, 6], [4, 7]]
  708,  [[0, 3], [0, 5], [1, 1], [1, 3], [1, 6], [2, 2], [2, 4], [2, 7], [4, 4], [4, 4]]
  709,  [[0, 0], [0, 5], [1, 1], [1, 6], [1, 7], [2, 3], [2, 3], [2, 4], [4, 4], [4, 4]]
  710,  [[0, 0], [0, 5], [1, 1], [1, 3], [1, 4], [2, 3], [2, 6], [2, 7], [4, 4], [4, 4]]
  711,  [[0, 5], [0, 6], [1, 1], [1, 1], [1, 3], [2, 2], [2, 4], [2, 4], [4, 4], [4, 7]]
  712,  [[0, 5], [0, 6], [1, 1], [1, 1], [1, 3], [2, 2], [2, 4], [2, 4], [3, 4], [4, 4]]
  713,  [[0, 5], [0, 6], [1, 1], [1, 1], [1, 3], [2, 2], [2, 4], [2, 4], [3, 4], [7, 7]]
  714,  [[0, 0], [0, 5], [1, 1], [1, 1], [1, 3], [2, 4], [2, 4], [2, 6], [4, 4], [4, 7]]
  715,  [[0, 0], [0, 5], [1, 1], [1, 1], [1, 3], [2, 4], [2, 4], [2, 6], [3, 4], [4, 4]]
  716,  [[0, 0], [0, 5], [1, 1], [1, 1], [1, 3], [2, 4], [2, 4], [2, 6], [3, 4], [7, 7]]
  717,  [[0, 0], [0, 5], [1, 1], [1, 3], [1, 3], [2, 2], [2, 4], [2, 4], [4, 4], [4, 6]]
  718,  [[0, 0], [0, 5], [1, 1], [1, 1], [1, 3], [2, 3], [2, 4], [2, 4], [4, 4], [4, 6]]
  719,  [[0, 0], [0, 5], [1, 1], [1, 1], [1, 3], [2, 2], [2, 4], [2, 4], [4, 6], [4, 7]]
  720,  [[0, 0], [0, 5], [1, 1], [1, 1], [1, 3], [2, 2], [2, 4], [2, 4], [4, 4], [6, 6]]
  721,  [[0, 4], [0, 5], [1, 1], [1, 1], [1, 3], [2, 2], [2, 4], [2, 4], [3, 4], [6, 6]]
  722,  [[0, 0], [0, 5], [1, 1], [1, 3], [1, 4], [2, 2], [2, 4], [2, 4], [3, 4], [6, 6]]
  723,  [[0, 0], [0, 5], [1, 1], [1, 1], [1, 3], [2, 4], [2, 4], [2, 4], [3, 4], [6, 6]]
  724,  [[0, 0], [0, 5], [1, 1], [1, 1], [1, 3], [2, 2], [2, 4], [2, 4], [3, 4], [6, 7]]
  725,  [[0, 0], [0, 5], [1, 1], [1, 4], [1, 4], [2, 3], [2, 3], [2, 6], [4, 4], [7, 7]]
  726,  [[0, 0], [0, 5], [1, 1], [1, 3], [1, 6], [2, 3], [2, 4], [2, 4], [4, 4], [7, 7]]
  727,  [[0, 4], [0, 5], [1, 1], [1, 3], [1, 6], [2, 2], [2, 4], [2, 4], [4, 4], [7, 7]]
  728,  [[0, 0], [0, 5], [1, 1], [1, 4], [1, 4], [2, 3], [2, 4], [2, 6], [4, 4], [7, 7]]
  729,  [[0, 0], [0, 5], [1, 1], [1, 3], [1, 6], [2, 4], [2, 4], [2, 4], [4, 4], [7, 7]]
  730,  [[0, 0], [0, 5], [1, 1], [1, 3], [1, 6], [2, 2], [2, 4], [2, 4], [3, 7], [4, 4]]
  731,  [[0, 0], [0, 5], [1, 1], [1, 4], [1, 6], [2, 3], [2, 4], [2, 4], [4, 4], [7, 7]]
  732,  [[0, 0], [0, 5], [1, 1], [1, 1], [1, 6], [2, 3], [2, 4], [2, 4], [3, 7], [4, 4]]
  733,  [[0, 0], [0, 5], [1, 1], [1, 1], [1, 4], [2, 3], [2, 4], [2, 4], [3, 4], [6, 6]]
  734,  [[0, 4], [0, 5], [1, 1], [1, 1], [1, 6], [2, 4], [2, 4], [2, 7], [3, 3], [4, 4]]
  735,  [[0, 4], [0, 5], [1, 1], [1, 1], [1, 6], [2, 2], [2, 4], [2, 4], [3, 7], [4, 4]]
  736,  [[0, 4], [0, 5], [1, 1], [1, 4], [1, 4], [2, 2], [2, 4], [2, 6], [3, 3], [7, 7]]
  737,  [[0, 4], [0, 5], [1, 1], [1, 1], [1, 6], [2, 4], [2, 4], [2, 4], [3, 3], [7, 7]]
  738,  [[0, 5], [0, 6], [1, 1], [1, 1], [1, 4], [2, 2], [2, 4], [2, 4], [3, 3], [4, 7]]
  739,  [[0, 0], [0, 5], [1, 1], [1, 1], [1, 4], [2, 2], [2, 4], [2, 4], [3, 6], [4, 7]]
  740,  [[0, 0], [0, 5], [1, 1], [1, 1], [1, 4], [2, 2], [2, 4], [2, 4], [3, 3], [4, 4]]
  741,  [[0, 0], [0, 5], [1, 1], [1, 1], [1, 4], [2, 2], [2, 4], [2, 4], [3, 3], [6, 6]]
  742,  [[0, 5], [0, 6], [1, 1], [1, 4], [1, 4], [2, 2], [2, 4], [2, 7], [3, 3], [4, 4]]
  743,  [[0, 0], [0, 5], [1, 1], [1, 4], [1, 6], [2, 4], [2, 4], [2, 7], [3, 3], [4, 4]]
  744,  [[0, 0], [0, 5], [1, 1], [1, 4], [1, 4], [2, 2], [2, 4], [2, 6], [3, 7], [4, 4]]
  745,  [[0, 0], [0, 5], [1, 1], [1, 4], [1, 6], [2, 4], [2, 4], [2, 4], [3, 3], [7, 7]]
  746,  [[0, 0], [0, 5], [1, 1], [1, 4], [1, 4], [2, 4], [2, 4], [2, 6], [3, 3], [7, 7]]
  747,  [[0, 5], [0, 6], [1, 1], [1, 1], [1, 7], [2, 4], [2, 4], [2, 4], [3, 3], [4, 4]]
  748,  [[0, 0], [0, 5], [1, 1], [1, 1], [1, 6], [2, 4], [2, 4], [2, 4], [3, 7], [4, 4]]
  749,  [[0, 5], [0, 6], [1, 1], [1, 1], [1, 4], [2, 2], [2, 4], [2, 4], [3, 4], [7, 7]]
  750,  [[0, 0], [0, 5], [1, 1], [1, 1], [1, 4], [2, 2], [2, 4], [2, 4], [3, 4], [3, 6]]
  751,  [[0, 0], [0, 5], [1, 1], [1, 1], [1, 4], [2, 2], [2, 4], [2, 4], [3, 4], [6, 7]]
  752,  [[0, 3], [0, 5], [1, 1], [1, 1], [1, 3], [2, 4], [2, 4], [2, 6], [4, 4], [7, 7]]
  753,  [[0, 3], [0, 5], [1, 1], [1, 1], [1, 3], [2, 2], [2, 4], [2, 4], [4, 6], [7, 7]]
  754,  [[0, 3], [0, 5], [1, 1], [1, 3], [1, 4], [2, 2], [2, 4], [2, 4], [4, 4], [6, 6]]
  755,  [[0, 3], [0, 5], [1, 1], [1, 1], [1, 3], [2, 2], [2, 4], [2, 4], [4, 4], [6, 7]]
  756,  [[0, 3], [0, 5], [1, 1], [1, 1], [1, 4], [2, 2], [2, 4], [2, 4], [3, 6], [4, 4]]
  757,  [[0, 3], [0, 5], [1, 1], [1, 1], [1, 4], [2, 2], [2, 4], [2, 4], [4, 4], [6, 7]]
  758,  [[0, 0], [0, 3], [1, 1], [1, 1], [1, 3], [2, 4], [2, 4], [2, 5], [4, 6], [7, 7]]
  759,  [[0, 0], [0, 3], [1, 1], [1, 1], [1, 3], [2, 4], [2, 4], [2, 5], [4, 4], [6, 7]]
  760,  [[0, 0], [0, 4], [1, 1], [1, 3], [1, 5], [2, 4], [2, 4], [2, 6], [4, 4], [7, 7]]
  761,  [[0, 0], [0, 4], [1, 1], [1, 1], [1, 5], [2, 4], [2, 4], [2, 6], [3, 7], [4, 4]]
  762,  [[0, 0], [0, 4], [1, 1], [1, 1], [1, 3], [2, 4], [2, 4], [2, 5], [3, 4], [6, 6]]
  763,  [[0, 4], [0, 4], [1, 1], [1, 1], [1, 5], [2, 4], [2, 4], [2, 6], [3, 3], [7, 7]]
  764,  [[0, 0], [0, 4], [1, 1], [1, 4], [1, 5], [2, 4], [2, 4], [2, 6], [3, 3], [7, 7]]
  765,  [[0, 3], [0, 3], [1, 1], [1, 1], [1, 4], [2, 2], [2, 4], [2, 4], [4, 5], [6, 6]]
  766,  [[0, 3], [0, 3], [1, 1], [1, 4], [1, 4], [2, 2], [2, 4], [2, 5], [6, 6], [7, 7]]
  767,  [[0, 3], [0, 3], [1, 1], [1, 1], [1, 4], [2, 2], [2, 4], [2, 4], [4, 4], [5, 6]]
  768,  [[0, 3], [0, 4], [1, 1], [1, 1], [1, 3], [2, 2], [2, 4], [2, 4], [4, 5], [6, 6]]
  769,  [[0, 0], [0, 3], [1, 1], [1, 3], [1, 4], [2, 2], [2, 4], [2, 4], [4, 5], [6, 6]]
  770,  [[0, 0], [0, 3], [1, 1], [1, 1], [1, 3], [2, 4], [2, 4], [2, 4], [4, 5], [6, 6]]
  771,  [[0, 0], [0, 3], [1, 1], [1, 1], [1, 3], [2, 2], [2, 4], [2, 4], [4, 5], [6, 7]]
  772,  [[0, 0], [0, 3], [1, 1], [1, 3], [1, 4], [2, 2], [2, 4], [2, 4], [4, 4], [5, 6]]
  773,  [[0, 3], [0, 4], [1, 1], [1, 1], [1, 3], [2, 2], [2, 4], [2, 4], [4, 4], [5, 6]]
  774,  [[0, 0], [0, 3], [1, 1], [1, 1], [1, 3], [2, 4], [2, 4], [2, 4], [4, 4], [5, 6]]
  775,  [[0, 0], [0, 4], [1, 1], [1, 3], [1, 5], [2, 2], [2, 4], [2, 4], [4, 6], [7, 7]]
  776,  [[0, 3], [0, 4], [1, 1], [1, 3], [1, 5], [2, 2], [2, 4], [2, 4], [6, 6], [7, 7]]
  777,  [[0, 0], [0, 3], [1, 1], [1, 4], [1, 4], [2, 3], [2, 4], [2, 5], [6, 6], [7, 7]]
  778,  [[0, 0], [0, 3], [1, 1], [1, 3], [1, 5], [2, 4], [2, 4], [2, 4], [6, 6], [7, 7]]
  779,  [[0, 0], [0, 4], [1, 1], [1, 4], [1, 4], [2, 3], [2, 3], [2, 5], [4, 4], [6, 6]]
  780,  [[0, 0], [0, 4], [1, 1], [1, 3], [1, 5], [2, 3], [2, 4], [2, 4], [4, 4], [6, 6]]
  781,  [[0, 0], [0, 4], [1, 1], [1, 3], [1, 5], [2, 2], [2, 4], [2, 4], [3, 6], [4, 4]]
  782,  [[0, 0], [0, 4], [1, 1], [1, 3], [1, 5], [2, 2], [2, 4], [2, 4], [4, 4], [6, 7]]
  783,  [[0, 0], [0, 4], [1, 1], [1, 1], [1, 5], [2, 3], [2, 4], [2, 4], [4, 6], [7, 7]]
  784,  [[0, 0], [0, 3], [1, 1], [1, 1], [1, 4], [2, 3], [2, 4], [2, 4], [4, 5], [6, 6]]
  785,  [[0, 0], [0, 3], [1, 1], [1, 4], [1, 5], [2, 3], [2, 4], [2, 4], [6, 6], [7, 7]]
  786,  [[0, 0], [0, 3], [1, 1], [1, 1], [1, 4], [2, 3], [2, 4], [2, 4], [4, 4], [5, 6]]
  787,  [[0, 0], [0, 4], [1, 1], [1, 1], [1, 5], [2, 3], [2, 4], [2, 4], [4, 4], [6, 7]]
  788,  [[0, 3], [0, 4], [1, 1], [1, 1], [1, 5], [2, 2], [2, 4], [2, 4], [3, 6], [7, 7]]
  789,  [[0, 3], [0, 5], [1, 1], [1, 1], [1, 4], [2, 2], [2, 4], [2, 4], [4, 6], [7, 7]]
  790,  [[0, 0], [0, 3], [1, 1], [1, 1], [1, 4], [2, 2], [2, 4], [2, 4], [3, 5], [4, 6]]
  791,  [[0, 0], [0, 3], [1, 1], [1, 1], [1, 4], [2, 2], [2, 4], [2, 4], [4, 5], [6, 7]]
  792,  [[0, 3], [0, 4], [1, 1], [1, 4], [1, 4], [2, 2], [2, 4], [2, 5], [6, 6], [7, 7]]
  793,  [[0, 0], [0, 3], [1, 1], [1, 4], [1, 5], [2, 4], [2, 4], [2, 4], [6, 6], [7, 7]]
  794,  [[0, 0], [0, 3], [1, 1], [1, 4], [1, 4], [2, 4], [2, 4], [2, 5], [6, 6], [7, 7]]
  795,  [[0, 0], [0, 3], [1, 1], [1, 4], [1, 4], [2, 2], [2, 4], [2, 5], [3, 6], [7, 7]]
  796,  [[0, 0], [0, 3], [1, 1], [1, 1], [1, 5], [2, 4], [2, 4], [2, 4], [3, 6], [7, 7]]
  797,  [[0, 0], [0, 4], [1, 1], [1, 1], [1, 5], [2, 3], [2, 4], [2, 4], [3, 6], [4, 4]]
  798,  [[0, 0], [0, 4], [1, 1], [1, 1], [1, 3], [2, 2], [2, 4], [2, 4], [3, 4], [5, 6]]
  799,  [[0, 4], [0, 4], [1, 1], [1, 1], [1, 5], [2, 2], [2, 4], [2, 4], [3, 6], [7, 7]]
  800,  [[0, 4], [0, 4], [1, 1], [1, 1], [1, 5], [2, 2], [2, 4], [2, 4], [3, 3], [6, 7]]
  801,  [[0, 0], [0, 4], [1, 1], [1, 1], [1, 4], [2, 2], [2, 4], [2, 4], [3, 3], [5, 5]]
  802,  [[0, 0], [0, 4], [1, 1], [1, 4], [1, 4], [2, 2], [2, 4], [2, 5], [3, 6], [7, 7]]
  803,  [[0, 0], [0, 4], [1, 1], [1, 4], [1, 4], [2, 2], [2, 4], [2, 5], [3, 3], [6, 7]]
  804,  [[0, 0], [0, 4], [1, 1], [1, 1], [1, 5], [2, 4], [2, 4], [2, 4], [3, 6], [7, 7]]
  805,  [[0, 0], [0, 4], [1, 1], [1, 1], [1, 5], [2, 4], [2, 4], [2, 4], [3, 3], [6, 7]]
  806,  [[0, 0], [0, 4], [1, 1], [1, 3], [1, 5], [2, 2], [2, 4], [2, 4], [3, 6], [7, 7]]
  807,  [[0, 0], [0, 4], [1, 1], [1, 1], [1, 5], [2, 3], [2, 4], [2, 4], [3, 6], [7, 7]]
  808,  [[0, 0], [0, 4], [1, 1], [1, 1], [1, 5], [2, 2], [2, 4], [2, 4], [3, 6], [3, 7]]
  809,  [[0, 4], [0, 4], [1, 1], [1, 1], [1, 4], [2, 2], [2, 2], [2, 5], [3, 4], [6, 7]]
Total nodes =  810
Total edges =  1885
Goal candidates No. 71
True Goal graph No. 85
Goal candidates No. 111
Goal candidates No. 130
Goal candidates No. 141
Goal candidates No. 155
Goal candidates No. 159
Goal candidates No. 331
Goal candidates No. 361
Goal candidates No. 387
Goal candidates No. 405
Goal candidates No. 469
Goal candidates No. 511
Goal candidates No. 518
Total Goals =  14  and Paths = 228 

True paths: 6 / 228 

