Nomber of atoms =  7
Atoms =  ['Ph', 'O', 'N', 'C', 'C', 'H', 'H']
Valence electrons =  [3, 6, 5, 4, 4, 1, 1]
Fixed electrons =  [[1, 1]]
Good initial graph No.0!
Good goal graph!

 Generated No. and Nodes:
    0,  [[0, 0], [0, 3], [1, 1], [1, 3], [1, 3], [2, 2], [2, 4], [2, 4], [2, 4], [3, 5], [4, 6]]
    1,  [[0, 0], [0, 3], [1, 1], [1, 1], [1, 3], [2, 2], [2, 4], [2, 4], [2, 4], [3, 5], [4, 6]]
    2,  [[0, 0], [0, 3], [1, 1], [1, 3], [1, 3], [2, 2], [2, 2], [2, 4], [2, 4], [3, 5], [4, 6]]
    3,  [[0, 0], [0, 3], [1, 1], [1, 3], [1, 3], [2, 2], [2, 4], [2, 4], [3, 5], [4, 4], [4, 6]]
    4,  [[0, 0], [0, 3], [1, 1], [1, 3], [1, 3], [2, 2], [2, 4], [2, 4], [2, 4], [3, 3], [4, 5]]
    5,  [[0, 0], [0, 3], [1, 1], [1, 3], [1, 3], [2, 2], [2, 4], [2, 4], [2, 4], [4, 5], [6, 6]]
    6,  [[0, 0], [0, 3], [1, 1], [1, 3], [1, 3], [2, 2], [2, 4], [2, 4], [2, 4], [3, 5], [4, 4]]
    7,  [[0, 0], [0, 3], [1, 1], [1, 3], [1, 3], [2, 2], [2, 4], [2, 4], [2, 4], [3, 5], [6, 6]]
    8,  [[0, 3], [0, 3], [1, 1], [1, 1], [1, 3], [2, 2], [2, 4], [2, 4], [2, 4], [3, 5], [4, 6]]
    9,  [[0, 0], [0, 3], [1, 1], [1, 1], [1, 3], [2, 3], [2, 4], [2, 4], [2, 4], [3, 5], [4, 6]]
   10,  [[0, 0], [0, 3], [1, 1], [1, 1], [1, 3], [2, 2], [2, 2], [2, 4], [2, 4], [3, 5], [4, 6]]
   11,  [[0, 0], [0, 3], [1, 1], [1, 1], [1, 3], [2, 2], [2, 4], [2, 4], [3, 5], [4, 4], [4, 6]]
   12,  [[0, 0], [0, 3], [1, 1], [1, 1], [1, 3], [2, 2], [2, 4], [2, 4], [2, 4], [3, 3], [4, 5]]
   13,  [[0, 0], [0, 3], [1, 1], [1, 1], [1, 3], [2, 2], [2, 4], [2, 4], [2, 4], [3, 5], [4, 4]]
   14,  [[0, 0], [0, 3], [1, 1], [1, 1], [1, 3], [2, 2], [2, 4], [2, 4], [2, 4], [3, 5], [6, 6]]
   15,  [[0, 3], [0, 4], [1, 1], [1, 3], [1, 3], [2, 2], [2, 2], [2, 4], [2, 4], [3, 5], [4, 6]]
   16,  [[0, 0], [0, 3], [1, 3], [1, 3], [1, 4], [2, 2], [2, 2], [2, 4], [2, 4], [3, 5], [4, 6]]
   17,  [[0, 0], [0, 3], [1, 1], [1, 3], [1, 3], [2, 2], [2, 2], [2, 4], [3, 5], [4, 4], [4, 6]]
   18,  [[0, 0], [0, 3], [1, 1], [1, 3], [1, 3], [2, 2], [2, 2], [2, 4], [2, 4], [3, 3], [4, 5]]
   19,  [[0, 0], [0, 3], [1, 1], [1, 3], [1, 3], [2, 2], [2, 2], [2, 4], [2, 4], [4, 5], [6, 6]]
   20,  [[0, 0], [0, 3], [1, 1], [1, 3], [1, 3], [2, 2], [2, 2], [2, 4], [2, 4], [3, 5], [4, 4]]
   21,  [[0, 2], [0, 3], [1, 1], [1, 3], [1, 3], [2, 2], [2, 4], [2, 4], [3, 5], [4, 4], [4, 6]]
   22,  [[0, 0], [0, 3], [1, 2], [1, 3], [1, 3], [2, 2], [2, 4], [2, 4], [3, 5], [4, 4], [4, 6]]
   23,  [[0, 0], [0, 3], [1, 1], [1, 3], [1, 3], [2, 2], [2, 4], [2, 4], [3, 3], [4, 4], [4, 5]]
   24,  [[0, 0], [0, 3], [1, 1], [1, 3], [1, 3], [2, 2], [2, 4], [2, 4], [4, 4], [4, 5], [6, 6]]
   25,  [[0, 0], [0, 3], [1, 1], [1, 3], [1, 3], [2, 2], [2, 4], [2, 4], [3, 5], [4, 4], [6, 6]]
   26,  [[0, 3], [0, 5], [1, 1], [1, 3], [1, 3], [2, 2], [2, 4], [2, 4], [2, 4], [3, 3], [4, 6]]
   27,  [[0, 0], [0, 3], [1, 3], [1, 3], [1, 5], [2, 2], [2, 4], [2, 4], [2, 4], [3, 3], [4, 6]]
   28,  [[0, 0], [0, 3], [1, 1], [1, 3], [1, 3], [2, 4], [2, 4], [2, 4], [2, 5], [3, 3], [4, 6]]
   29,  [[0, 0], [0, 3], [1, 1], [1, 3], [1, 3], [2, 2], [2, 4], [2, 4], [2, 4], [3, 3], [4, 4]]
   30,  [[0, 0], [0, 3], [1, 1], [1, 3], [1, 3], [2, 2], [2, 4], [2, 4], [2, 4], [3, 3], [5, 5]]
   31,  [[0, 3], [0, 3], [1, 1], [1, 3], [1, 3], [2, 2], [2, 4], [2, 4], [2, 4], [4, 5], [6, 6]]
   32,  [[0, 0], [0, 3], [1, 3], [1, 3], [1, 3], [2, 2], [2, 4], [2, 4], [2, 4], [4, 5], [6, 6]]
   33,  [[0, 0], [0, 3], [1, 1], [1, 3], [1, 3], [2, 3], [2, 4], [2, 4], [2, 4], [4, 5], [6, 6]]
   34,  [[0, 0], [0, 3], [1, 1], [1, 3], [1, 3], [2, 2], [2, 4], [2, 4], [2, 4], [4, 4], [5, 5]]
   35,  [[0, 0], [0, 3], [1, 1], [1, 3], [1, 3], [2, 2], [2, 4], [2, 4], [2, 4], [5, 5], [6, 6]]
   36,  [[0, 3], [0, 5], [1, 1], [1, 3], [1, 3], [2, 2], [2, 4], [2, 4], [2, 4], [3, 6], [4, 4]]
   37,  [[0, 0], [0, 3], [1, 3], [1, 3], [1, 5], [2, 2], [2, 4], [2, 4], [2, 4], [3, 6], [4, 4]]
   38,  [[0, 0], [0, 3], [1, 1], [1, 3], [1, 3], [2, 4], [2, 4], [2, 4], [2, 5], [3, 6], [4, 4]]
   39,  [[0, 3], [0, 4], [1, 1], [1, 3], [1, 3], [2, 2], [2, 4], [2, 4], [2, 4], [3, 5], [6, 6]]
   40,  [[0, 0], [0, 3], [1, 3], [1, 3], [1, 4], [2, 2], [2, 4], [2, 4], [2, 4], [3, 5], [6, 6]]
   41,  [[0, 3], [0, 3], [1, 1], [1, 1], [1, 3], [2, 2], [2, 2], [2, 4], [2, 4], [3, 5], [4, 6]]
   42,  [[0, 3], [0, 3], [1, 1], [1, 1], [1, 3], [2, 2], [2, 4], [2, 4], [3, 5], [4, 4], [4, 6]]
   43,  [[0, 3], [0, 3], [1, 1], [1, 1], [1, 3], [2, 2], [2, 4], [2, 4], [2, 4], [3, 3], [4, 5]]
   44,  [[0, 3], [0, 3], [1, 1], [1, 1], [1, 3], [2, 2], [2, 4], [2, 4], [2, 4], [4, 5], [6, 6]]
   45,  [[0, 3], [0, 3], [1, 1], [1, 1], [1, 3], [2, 2], [2, 4], [2, 4], [2, 4], [3, 5], [4, 4]]
   46,  [[0, 3], [0, 3], [1, 1], [1, 1], [1, 3], [2, 2], [2, 4], [2, 4], [2, 4], [3, 5], [6, 6]]
   47,  [[0, 0], [0, 3], [1, 1], [1, 1], [1, 3], [2, 2], [2, 3], [2, 4], [2, 4], [3, 5], [4, 6]]
   48,  [[0, 0], [0, 3], [1, 1], [1, 1], [1, 3], [2, 3], [2, 4], [2, 4], [2, 4], [3, 3], [4, 5]]
   49,  [[0, 0], [0, 3], [1, 1], [1, 1], [1, 3], [2, 3], [2, 4], [2, 4], [2, 4], [4, 5], [6, 6]]
   50,  [[0, 0], [0, 3], [1, 1], [1, 1], [1, 3], [2, 3], [2, 4], [2, 4], [2, 4], [3, 5], [4, 4]]
   51,  [[0, 0], [0, 3], [1, 1], [1, 1], [1, 3], [2, 3], [2, 4], [2, 4], [2, 4], [3, 5], [6, 6]]
   52,  [[0, 3], [0, 4], [1, 1], [1, 1], [1, 3], [2, 2], [2, 2], [2, 4], [2, 4], [3, 5], [4, 6]]
   53,  [[0, 0], [0, 3], [1, 1], [1, 3], [1, 4], [2, 2], [2, 2], [2, 4], [2, 4], [3, 5], [4, 6]]
   54,  [[0, 0], [0, 3], [1, 1], [1, 1], [1, 3], [2, 2], [2, 2], [2, 4], [3, 5], [4, 4], [4, 6]]
   55,  [[0, 0], [0, 3], [1, 1], [1, 1], [1, 3], [2, 2], [2, 2], [2, 4], [2, 4], [3, 3], [4, 5]]
   56,  [[0, 0], [0, 3], [1, 1], [1, 1], [1, 3], [2, 2], [2, 2], [2, 4], [2, 4], [3, 5], [4, 4]]
   57,  [[0, 2], [0, 3], [1, 1], [1, 1], [1, 3], [2, 2], [2, 4], [2, 4], [3, 5], [4, 4], [4, 6]]
   58,  [[0, 0], [0, 3], [1, 1], [1, 2], [1, 3], [2, 2], [2, 4], [2, 4], [3, 5], [4, 4], [4, 6]]
   59,  [[0, 0], [0, 3], [1, 1], [1, 1], [1, 3], [2, 2], [2, 4], [2, 4], [3, 3], [4, 4], [4, 5]]
   60,  [[0, 0], [0, 3], [1, 1], [1, 1], [1, 3], [2, 2], [2, 4], [2, 4], [3, 4], [3, 5], [4, 6]]
   61,  [[0, 0], [0, 3], [1, 1], [1, 1], [1, 3], [2, 2], [2, 4], [2, 4], [3, 5], [4, 4], [6, 6]]
   62,  [[0, 3], [0, 5], [1, 1], [1, 1], [1, 3], [2, 2], [2, 4], [2, 4], [2, 4], [3, 3], [4, 6]]
   63,  [[0, 0], [0, 3], [1, 1], [1, 3], [1, 5], [2, 2], [2, 4], [2, 4], [2, 4], [3, 3], [4, 6]]
   64,  [[0, 0], [0, 3], [1, 1], [1, 1], [1, 3], [2, 4], [2, 4], [2, 4], [2, 5], [3, 3], [4, 6]]
   65,  [[0, 0], [0, 3], [1, 1], [1, 1], [1, 3], [2, 2], [2, 4], [2, 4], [2, 4], [3, 3], [4, 4]]
   66,  [[0, 0], [0, 3], [1, 1], [1, 1], [1, 3], [2, 2], [2, 4], [2, 4], [2, 4], [3, 3], [5, 5]]
   67,  [[0, 3], [0, 5], [1, 1], [1, 1], [1, 3], [2, 2], [2, 4], [2, 4], [2, 4], [3, 6], [4, 4]]
   68,  [[0, 0], [0, 3], [1, 1], [1, 3], [1, 5], [2, 2], [2, 4], [2, 4], [2, 4], [3, 6], [4, 4]]
   69,  [[0, 0], [0, 3], [1, 1], [1, 1], [1, 3], [2, 4], [2, 4], [2, 4], [2, 5], [3, 6], [4, 4]]
   70,  [[0, 0], [0, 3], [1, 1], [1, 1], [1, 3], [2, 2], [2, 4], [2, 4], [2, 4], [3, 4], [3, 5]]
   71,  [[0, 3], [0, 4], [1, 1], [1, 1], [1, 3], [2, 2], [2, 4], [2, 4], [2, 4], [3, 5], [6, 6]]
   72,  [[0, 0], [0, 3], [1, 1], [1, 3], [1, 4], [2, 2], [2, 4], [2, 4], [2, 4], [3, 5], [6, 6]]
   73,  [[0, 0], [0, 3], [1, 1], [1, 1], [1, 3], [2, 2], [2, 4], [2, 4], [2, 4], [3, 5], [3, 6]]
   74,  [[0, 0], [0, 3], [1, 1], [1, 4], [1, 4], [2, 2], [2, 2], [2, 3], [2, 3], [3, 5], [4, 6]]
   75,  [[0, 3], [0, 4], [1, 1], [1, 3], [1, 3], [2, 2], [2, 2], [2, 4], [3, 5], [4, 4], [4, 6]]
   76,  [[0, 3], [0, 4], [1, 1], [1, 3], [1, 3], [2, 2], [2, 2], [2, 4], [2, 4], [3, 3], [4, 5]]
   77,  [[0, 3], [0, 4], [1, 1], [1, 3], [1, 3], [2, 2], [2, 2], [2, 4], [2, 4], [4, 5], [6, 6]]
   78,  [[0, 3], [0, 4], [1, 1], [1, 3], [1, 3], [2, 2], [2, 2], [2, 4], [2, 4], [3, 5], [4, 4]]
   79,  [[0, 3], [0, 4], [1, 1], [1, 3], [1, 3], [2, 2], [2, 2], [2, 4], [2, 4], [3, 5], [6, 6]]
   80,  [[0, 0], [0, 3], [1, 3], [1, 3], [1, 4], [2, 2], [2, 2], [2, 4], [3, 5], [4, 4], [4, 6]]
   81,  [[0, 0], [0, 3], [1, 3], [1, 3], [1, 4], [2, 2], [2, 2], [2, 4], [2, 4], [3, 3], [4, 5]]
   82,  [[0, 0], [0, 3], [1, 3], [1, 3], [1, 4], [2, 2], [2, 2], [2, 4], [2, 4], [4, 5], [6, 6]]
   83,  [[0, 0], [0, 3], [1, 3], [1, 3], [1, 4], [2, 2], [2, 2], [2, 4], [2, 4], [3, 5], [4, 4]]
   84,  [[0, 0], [0, 3], [1, 3], [1, 3], [1, 4], [2, 2], [2, 2], [2, 4], [2, 4], [3, 5], [6, 6]]
   85,  [[0, 2], [0, 3], [1, 1], [1, 3], [1, 3], [2, 2], [2, 2], [2, 4], [3, 5], [4, 4], [4, 6]]
   86,  [[0, 0], [0, 3], [1, 2], [1, 3], [1, 3], [2, 2], [2, 2], [2, 4], [3, 5], [4, 4], [4, 6]]
   87,  [[0, 0], [0, 3], [1, 1], [1, 3], [1, 3], [2, 2], [2, 2], [2, 4], [3, 3], [4, 4], [4, 5]]
   88,  [[0, 0], [0, 3], [1, 1], [1, 3], [1, 3], [2, 2], [2, 2], [2, 4], [4, 4], [4, 5], [6, 6]]
   89,  [[0, 0], [0, 3], [1, 1], [1, 3], [1, 3], [2, 2], [2, 2], [2, 4], [3, 5], [4, 4], [4, 4]]
   90,  [[0, 3], [0, 5], [1, 1], [1, 3], [1, 3], [2, 2], [2, 2], [2, 4], [2, 4], [3, 3], [4, 6]]
   91,  [[0, 0], [0, 3], [1, 3], [1, 3], [1, 5], [2, 2], [2, 2], [2, 4], [2, 4], [3, 3], [4, 6]]
   92,  [[0, 0], [0, 3], [1, 1], [1, 3], [1, 3], [2, 2], [2, 4], [2, 4], [2, 5], [3, 3], [4, 6]]
   93,  [[0, 0], [0, 3], [1, 1], [1, 3], [1, 3], [2, 2], [2, 2], [2, 4], [2, 4], [3, 4], [4, 5]]
   94,  [[0, 0], [0, 3], [1, 1], [1, 3], [1, 3], [2, 2], [2, 2], [2, 4], [2, 4], [3, 3], [4, 4]]
   95,  [[0, 3], [0, 3], [1, 1], [1, 3], [1, 3], [2, 2], [2, 2], [2, 4], [2, 4], [4, 5], [6, 6]]
   96,  [[0, 0], [0, 3], [1, 3], [1, 3], [1, 3], [2, 2], [2, 2], [2, 4], [2, 4], [4, 5], [6, 6]]
   97,  [[0, 0], [0, 3], [1, 1], [1, 3], [1, 3], [2, 2], [2, 3], [2, 4], [2, 4], [4, 5], [6, 6]]
   98,  [[0, 0], [0, 3], [1, 1], [1, 3], [1, 3], [2, 2], [2, 2], [2, 4], [2, 4], [4, 4], [5, 5]]
   99,  [[0, 0], [0, 3], [1, 1], [1, 3], [1, 3], [2, 2], [2, 2], [2, 4], [2, 4], [4, 5], [4, 6]]
  100,  [[0, 3], [0, 5], [1, 1], [1, 3], [1, 3], [2, 2], [2, 2], [2, 4], [2, 4], [3, 6], [4, 4]]
  101,  [[0, 0], [0, 3], [1, 3], [1, 3], [1, 5], [2, 2], [2, 2], [2, 4], [2, 4], [3, 6], [4, 4]]
  102,  [[0, 0], [0, 3], [1, 1], [1, 3], [1, 3], [2, 2], [2, 4], [2, 4], [2, 5], [3, 6], [4, 4]]
  103,  [[0, 0], [0, 2], [1, 1], [1, 3], [1, 3], [2, 2], [2, 4], [2, 4], [3, 5], [4, 4], [4, 6]]
  104,  [[0, 2], [0, 3], [1, 1], [1, 3], [1, 3], [2, 2], [2, 4], [2, 4], [3, 3], [4, 4], [4, 5]]
  105,  [[0, 2], [0, 3], [1, 1], [1, 3], [1, 3], [2, 2], [2, 4], [2, 4], [4, 4], [4, 5], [6, 6]]
  106,  [[0, 2], [0, 3], [1, 1], [1, 3], [1, 3], [2, 2], [2, 4], [2, 4], [3, 5], [4, 4], [6, 6]]
  107,  [[0, 0], [0, 3], [1, 2], [1, 3], [1, 3], [2, 2], [2, 4], [2, 4], [3, 3], [4, 4], [4, 5]]
  108,  [[0, 0], [0, 3], [1, 2], [1, 3], [1, 3], [2, 2], [2, 4], [2, 4], [4, 4], [4, 5], [6, 6]]
  109,  [[0, 0], [0, 3], [1, 2], [1, 3], [1, 3], [2, 2], [2, 4], [2, 4], [3, 5], [4, 4], [6, 6]]
  110,  [[0, 3], [0, 5], [1, 1], [1, 3], [1, 3], [2, 2], [2, 4], [2, 4], [3, 3], [4, 4], [4, 6]]
  111,  [[0, 0], [0, 3], [1, 3], [1, 3], [1, 5], [2, 2], [2, 4], [2, 4], [3, 3], [4, 4], [4, 6]]
  112,  [[0, 0], [0, 3], [1, 1], [1, 3], [1, 3], [2, 2], [2, 3], [2, 4], [2, 4], [4, 4], [4, 5]]
  113,  [[0, 0], [0, 3], [1, 1], [1, 3], [1, 3], [2, 2], [2, 4], [2, 4], [3, 3], [4, 5], [4, 6]]
  114,  [[0, 0], [0, 3], [1, 1], [1, 3], [1, 3], [2, 2], [2, 4], [2, 4], [3, 3], [4, 4], [5, 5]]
  115,  [[0, 3], [0, 3], [1, 1], [1, 3], [1, 3], [2, 2], [2, 4], [2, 4], [4, 4], [4, 5], [6, 6]]
  116,  [[0, 0], [0, 3], [1, 3], [1, 3], [1, 3], [2, 2], [2, 4], [2, 4], [4, 4], [4, 5], [6, 6]]
  117,  [[0, 0], [0, 3], [1, 1], [1, 3], [1, 3], [2, 2], [2, 4], [2, 4], [3, 4], [4, 5], [6, 6]]
  118,  [[0, 0], [0, 3], [1, 1], [1, 3], [1, 3], [2, 2], [2, 4], [2, 4], [4, 4], [5, 5], [6, 6]]
  119,  [[0, 0], [0, 3], [1, 1], [1, 3], [1, 3], [2, 2], [2, 4], [2, 4], [2, 5], [4, 4], [4, 6]]
  120,  [[0, 3], [0, 4], [1, 1], [1, 3], [1, 3], [2, 2], [2, 4], [2, 4], [3, 5], [4, 4], [6, 6]]
  121,  [[0, 0], [0, 3], [1, 3], [1, 3], [1, 4], [2, 2], [2, 4], [2, 4], [3, 5], [4, 4], [6, 6]]
  122,  [[0, 0], [0, 5], [1, 1], [1, 3], [1, 3], [2, 2], [2, 4], [2, 4], [2, 4], [3, 3], [4, 6]]
  123,  [[0, 3], [0, 5], [1, 1], [1, 3], [1, 3], [2, 2], [2, 4], [2, 4], [2, 4], [3, 3], [4, 4]]
  124,  [[0, 3], [0, 5], [1, 1], [1, 3], [1, 3], [2, 2], [2, 4], [2, 4], [2, 4], [3, 3], [6, 6]]
  125,  [[0, 0], [0, 3], [1, 3], [1, 3], [1, 5], [2, 2], [2, 4], [2, 4], [2, 4], [3, 3], [4, 4]]
  126,  [[0, 0], [0, 3], [1, 3], [1, 3], [1, 5], [2, 2], [2, 4], [2, 4], [2, 4], [3, 3], [6, 6]]
  127,  [[0, 0], [0, 3], [1, 1], [1, 3], [1, 3], [2, 4], [2, 4], [2, 4], [2, 5], [3, 3], [4, 4]]
  128,  [[0, 0], [0, 3], [1, 1], [1, 3], [1, 3], [2, 4], [2, 4], [2, 4], [2, 5], [3, 3], [6, 6]]
  129,  [[0, 3], [0, 4], [1, 1], [1, 3], [1, 3], [2, 2], [2, 4], [2, 4], [2, 4], [3, 3], [5, 5]]
  130,  [[0, 0], [0, 3], [1, 3], [1, 3], [1, 4], [2, 2], [2, 4], [2, 4], [2, 4], [3, 3], [5, 5]]
  131,  [[0, 0], [0, 3], [1, 1], [1, 3], [1, 3], [2, 2], [2, 4], [2, 4], [2, 4], [3, 4], [5, 5]]
  132,  [[0, 0], [0, 3], [1, 1], [1, 3], [1, 3], [2, 2], [2, 4], [2, 4], [2, 4], [3, 3], [5, 6]]
  133,  [[0, 3], [0, 3], [1, 1], [1, 3], [1, 3], [2, 2], [2, 4], [2, 4], [2, 4], [4, 4], [5, 5]]
  134,  [[0, 3], [0, 3], [1, 1], [1, 3], [1, 3], [2, 2], [2, 4], [2, 4], [2, 4], [5, 5], [6, 6]]
  135,  [[0, 0], [0, 3], [1, 3], [1, 3], [1, 3], [2, 2], [2, 4], [2, 4], [2, 4], [4, 4], [5, 5]]
  136,  [[0, 0], [0, 3], [1, 3], [1, 3], [1, 3], [2, 2], [2, 4], [2, 4], [2, 4], [5, 5], [6, 6]]
  137,  [[0, 0], [0, 3], [1, 1], [1, 3], [1, 3], [2, 3], [2, 4], [2, 4], [2, 4], [4, 4], [5, 5]]
  138,  [[0, 0], [0, 3], [1, 1], [1, 3], [1, 3], [2, 3], [2, 4], [2, 4], [2, 4], [5, 5], [6, 6]]
  139,  [[0, 3], [0, 5], [1, 1], [1, 3], [1, 3], [2, 2], [2, 4], [2, 4], [2, 4], [4, 4], [6, 6]]
  140,  [[0, 0], [0, 3], [1, 3], [1, 3], [1, 5], [2, 2], [2, 4], [2, 4], [2, 4], [4, 4], [6, 6]]
  141,  [[0, 0], [0, 3], [1, 1], [1, 3], [1, 3], [2, 4], [2, 4], [2, 4], [2, 5], [4, 4], [6, 6]]
  142,  [[0, 0], [0, 3], [1, 1], [1, 3], [1, 3], [2, 2], [2, 4], [2, 4], [2, 4], [4, 4], [5, 6]]
  143,  [[0, 3], [0, 4], [1, 1], [1, 3], [1, 3], [2, 2], [2, 4], [2, 4], [2, 4], [5, 5], [6, 6]]
  144,  [[0, 0], [0, 3], [1, 3], [1, 3], [1, 4], [2, 2], [2, 4], [2, 4], [2, 4], [5, 5], [6, 6]]
  145,  [[0, 0], [0, 5], [1, 1], [1, 3], [1, 3], [2, 2], [2, 4], [2, 4], [2, 4], [3, 6], [4, 4]]
  146,  [[0, 0], [0, 3], [1, 1], [1, 4], [1, 4], [2, 2], [2, 3], [2, 3], [2, 3], [4, 5], [6, 6]]
  147,  [[0, 3], [0, 3], [1, 1], [1, 3], [1, 4], [2, 2], [2, 2], [2, 4], [2, 4], [3, 5], [4, 6]]
  148,  [[0, 3], [0, 3], [1, 1], [1, 1], [1, 3], [2, 2], [2, 2], [2, 4], [3, 5], [4, 4], [4, 6]]
  149,  [[0, 3], [0, 3], [1, 1], [1, 1], [1, 3], [2, 2], [2, 2], [2, 4], [2, 4], [3, 5], [4, 4]]
  150,  [[0, 3], [0, 3], [1, 1], [1, 2], [1, 3], [2, 2], [2, 4], [2, 4], [3, 5], [4, 4], [4, 6]]
  151,  [[0, 3], [0, 3], [1, 1], [1, 1], [1, 3], [2, 2], [2, 4], [2, 4], [3, 5], [4, 4], [6, 6]]
  152,  [[0, 3], [0, 3], [1, 1], [1, 3], [1, 5], [2, 2], [2, 4], [2, 4], [2, 4], [3, 3], [4, 6]]
  153,  [[0, 3], [0, 3], [1, 1], [1, 1], [1, 3], [2, 4], [2, 4], [2, 4], [2, 5], [3, 3], [4, 6]]
  154,  [[0, 3], [0, 3], [1, 1], [1, 1], [1, 3], [2, 3], [2, 4], [2, 4], [2, 4], [4, 5], [6, 6]]
  155,  [[0, 3], [0, 3], [1, 1], [1, 3], [1, 5], [2, 2], [2, 4], [2, 4], [2, 4], [3, 6], [4, 4]]
  156,  [[0, 3], [0, 3], [1, 1], [1, 1], [1, 3], [2, 4], [2, 4], [2, 4], [2, 5], [3, 6], [4, 4]]
  157,  [[0, 3], [0, 3], [1, 1], [1, 3], [1, 4], [2, 2], [2, 4], [2, 4], [2, 4], [3, 5], [6, 6]]
  158,  [[0, 3], [0, 4], [1, 1], [1, 1], [1, 3], [2, 2], [2, 3], [2, 4], [2, 4], [3, 5], [4, 6]]
  159,  [[0, 0], [0, 3], [1, 1], [1, 3], [1, 4], [2, 2], [2, 3], [2, 4], [2, 4], [3, 5], [4, 6]]
  160,  [[0, 0], [0, 3], [1, 1], [1, 1], [1, 3], [2, 2], [2, 4], [2, 4], [3, 3], [3, 5], [4, 6]]
  161,  [[0, 0], [0, 3], [1, 1], [1, 1], [1, 3], [2, 2], [2, 3], [2, 4], [3, 5], [4, 4], [4, 6]]
  162,  [[0, 0], [0, 3], [1, 1], [1, 1], [1, 3], [2, 2], [2, 3], [2, 4], [2, 4], [3, 3], [4, 5]]
  163,  [[0, 0], [0, 3], [1, 1], [1, 1], [1, 3], [2, 2], [2, 3], [2, 4], [2, 4], [4, 5], [6, 6]]
  164,  [[0, 0], [0, 3], [1, 1], [1, 1], [1, 3], [2, 2], [2, 3], [2, 4], [2, 4], [3, 5], [4, 4]]
  165,  [[0, 3], [0, 5], [1, 1], [1, 1], [1, 3], [2, 3], [2, 4], [2, 4], [2, 4], [3, 3], [4, 6]]
  166,  [[0, 0], [0, 3], [1, 1], [1, 3], [1, 5], [2, 3], [2, 4], [2, 4], [2, 4], [3, 3], [4, 6]]
  167,  [[0, 3], [0, 5], [1, 1], [1, 1], [1, 3], [2, 3], [2, 4], [2, 4], [2, 4], [3, 6], [4, 4]]
  168,  [[0, 0], [0, 3], [1, 1], [1, 3], [1, 5], [2, 3], [2, 4], [2, 4], [2, 4], [3, 6], [4, 4]]
  169,  [[0, 3], [0, 4], [1, 1], [1, 1], [1, 3], [2, 3], [2, 4], [2, 4], [2, 4], [3, 5], [6, 6]]
  170,  [[0, 0], [0, 3], [1, 1], [1, 3], [1, 4], [2, 3], [2, 4], [2, 4], [2, 4], [3, 5], [6, 6]]
  171,  [[0, 3], [0, 4], [1, 1], [1, 1], [1, 3], [2, 2], [2, 2], [2, 4], [3, 5], [4, 4], [4, 6]]
  172,  [[0, 3], [0, 4], [1, 1], [1, 1], [1, 3], [2, 2], [2, 2], [2, 4], [2, 4], [3, 3], [4, 5]]
  173,  [[0, 0], [0, 3], [1, 1], [1, 3], [1, 4], [2, 2], [2, 2], [2, 4], [3, 5], [4, 4], [4, 6]]
  174,  [[0, 0], [0, 3], [1, 1], [1, 3], [1, 4], [2, 2], [2, 2], [2, 4], [2, 4], [3, 3], [4, 5]]
  175,  [[0, 0], [0, 3], [1, 1], [1, 3], [1, 4], [2, 2], [2, 2], [2, 4], [2, 4], [3, 5], [4, 4]]
  176,  [[0, 0], [0, 3], [1, 1], [1, 3], [1, 4], [2, 2], [2, 2], [2, 4], [2, 4], [3, 5], [6, 6]]
  177,  [[0, 2], [0, 3], [1, 1], [1, 1], [1, 3], [2, 2], [2, 2], [2, 4], [3, 5], [4, 4], [4, 6]]
  178,  [[0, 0], [0, 3], [1, 1], [1, 2], [1, 3], [2, 2], [2, 2], [2, 4], [3, 5], [4, 4], [4, 6]]
  179,  [[0, 0], [0, 3], [1, 1], [1, 1], [1, 3], [2, 2], [2, 2], [2, 4], [3, 3], [4, 4], [4, 5]]
  180,  [[0, 0], [0, 3], [1, 1], [1, 1], [1, 3], [2, 2], [2, 2], [2, 4], [3, 4], [3, 5], [4, 6]]
  181,  [[0, 0], [0, 3], [1, 1], [1, 1], [1, 3], [2, 2], [2, 2], [2, 4], [3, 5], [4, 4], [4, 4]]
  182,  [[0, 3], [0, 5], [1, 1], [1, 1], [1, 3], [2, 2], [2, 2], [2, 4], [2, 4], [3, 3], [4, 6]]
  183,  [[0, 0], [0, 3], [1, 1], [1, 3], [1, 5], [2, 2], [2, 2], [2, 4], [2, 4], [3, 3], [4, 6]]
  184,  [[0, 0], [0, 3], [1, 1], [1, 1], [1, 3], [2, 2], [2, 4], [2, 4], [2, 5], [3, 3], [4, 6]]
  185,  [[0, 0], [0, 3], [1, 1], [1, 1], [1, 3], [2, 2], [2, 2], [2, 4], [2, 4], [3, 4], [4, 5]]
  186,  [[0, 0], [0, 3], [1, 1], [1, 1], [1, 3], [2, 2], [2, 2], [2, 4], [2, 4], [3, 3], [4, 4]]
  187,  [[0, 3], [0, 5], [1, 1], [1, 1], [1, 3], [2, 2], [2, 2], [2, 4], [2, 4], [3, 6], [4, 4]]
  188,  [[0, 0], [0, 3], [1, 1], [1, 3], [1, 5], [2, 2], [2, 2], [2, 4], [2, 4], [3, 6], [4, 4]]
  189,  [[0, 0], [0, 3], [1, 1], [1, 1], [1, 3], [2, 2], [2, 4], [2, 4], [2, 5], [3, 6], [4, 4]]
  190,  [[0, 0], [0, 3], [1, 1], [1, 1], [1, 3], [2, 2], [2, 2], [2, 4], [2, 4], [3, 4], [3, 5]]
  191,  [[0, 2], [0, 3], [1, 1], [1, 1], [1, 3], [2, 3], [2, 4], [2, 4], [3, 5], [4, 4], [4, 6]]
  192,  [[0, 2], [0, 3], [1, 1], [1, 1], [1, 3], [2, 2], [2, 4], [2, 4], [3, 3], [4, 4], [4, 5]]
  193,  [[0, 2], [0, 3], [1, 1], [1, 1], [1, 3], [2, 2], [2, 4], [2, 4], [3, 4], [3, 5], [4, 6]]
  194,  [[0, 2], [0, 3], [1, 1], [1, 1], [1, 3], [2, 2], [2, 4], [2, 4], [3, 5], [4, 4], [6, 6]]
  195,  [[0, 0], [0, 3], [1, 1], [1, 2], [1, 3], [2, 3], [2, 4], [2, 4], [3, 5], [4, 4], [4, 6]]
  196,  [[0, 0], [0, 3], [1, 1], [1, 2], [1, 3], [2, 2], [2, 4], [2, 4], [3, 3], [4, 4], [4, 5]]
  197,  [[0, 0], [0, 3], [1, 1], [1, 2], [1, 3], [2, 2], [2, 4], [2, 4], [3, 4], [3, 5], [4, 6]]
  198,  [[0, 0], [0, 3], [1, 1], [1, 2], [1, 3], [2, 2], [2, 4], [2, 4], [3, 5], [4, 4], [6, 6]]
  199,  [[0, 3], [0, 5], [1, 1], [1, 1], [1, 3], [2, 2], [2, 4], [2, 4], [3, 3], [4, 4], [4, 6]]
  200,  [[0, 0], [0, 3], [1, 1], [1, 3], [1, 5], [2, 2], [2, 4], [2, 4], [3, 3], [4, 4], [4, 6]]
  201,  [[0, 0], [0, 3], [1, 1], [1, 1], [1, 3], [2, 2], [2, 3], [2, 4], [2, 4], [4, 4], [4, 5]]
  202,  [[0, 0], [0, 3], [1, 1], [1, 1], [1, 3], [2, 2], [2, 4], [2, 4], [3, 3], [3, 4], [4, 5]]
  203,  [[0, 0], [0, 3], [1, 1], [1, 1], [1, 3], [2, 2], [2, 4], [2, 4], [3, 3], [4, 5], [4, 6]]
  204,  [[0, 0], [0, 3], [1, 1], [1, 1], [1, 3], [2, 2], [2, 4], [2, 4], [3, 3], [4, 4], [5, 5]]
  205,  [[0, 0], [0, 3], [1, 1], [1, 1], [1, 3], [2, 2], [2, 4], [2, 4], [3, 4], [4, 5], [6, 6]]
  206,  [[0, 0], [0, 3], [1, 1], [1, 1], [1, 3], [2, 2], [2, 4], [2, 4], [3, 4], [3, 5], [4, 4]]
  207,  [[0, 0], [0, 3], [1, 1], [1, 1], [1, 3], [2, 2], [2, 4], [2, 4], [3, 4], [3, 5], [6, 6]]
  208,  [[0, 0], [0, 3], [1, 1], [1, 3], [1, 4], [2, 2], [2, 4], [2, 4], [3, 5], [4, 4], [6, 6]]
  209,  [[0, 0], [0, 3], [1, 1], [1, 1], [1, 3], [2, 2], [2, 4], [2, 4], [3, 5], [3, 6], [4, 4]]
  210,  [[0, 3], [0, 5], [1, 1], [1, 1], [1, 3], [2, 2], [2, 4], [2, 4], [2, 4], [3, 3], [4, 4]]
  211,  [[0, 3], [0, 5], [1, 1], [1, 1], [1, 3], [2, 2], [2, 4], [2, 4], [2, 4], [3, 3], [6, 6]]
  212,  [[0, 0], [0, 3], [1, 1], [1, 3], [1, 5], [2, 2], [2, 4], [2, 4], [2, 4], [3, 3], [4, 4]]
  213,  [[0, 0], [0, 3], [1, 1], [1, 3], [1, 5], [2, 2], [2, 4], [2, 4], [2, 4], [3, 3], [6, 6]]
  214,  [[0, 0], [0, 3], [1, 1], [1, 1], [1, 3], [2, 4], [2, 4], [2, 4], [2, 5], [3, 3], [4, 4]]
  215,  [[0, 0], [0, 3], [1, 1], [1, 1], [1, 3], [2, 4], [2, 4], [2, 4], [2, 5], [3, 3], [6, 6]]
  216,  [[0, 0], [0, 3], [1, 1], [1, 1], [1, 3], [2, 2], [2, 4], [2, 4], [2, 4], [3, 3], [3, 4]]
  217,  [[0, 3], [0, 4], [1, 1], [1, 1], [1, 3], [2, 2], [2, 4], [2, 4], [2, 4], [3, 3], [5, 5]]
  218,  [[0, 0], [0, 3], [1, 1], [1, 3], [1, 4], [2, 2], [2, 4], [2, 4], [2, 4], [3, 3], [5, 5]]
  219,  [[0, 0], [0, 3], [1, 1], [1, 1], [1, 3], [2, 2], [2, 4], [2, 4], [2, 4], [3, 4], [5, 5]]
  220,  [[0, 0], [0, 3], [1, 1], [1, 1], [1, 3], [2, 2], [2, 4], [2, 4], [2, 4], [3, 3], [3, 5]]
  221,  [[0, 0], [0, 3], [1, 1], [1, 1], [1, 3], [2, 2], [2, 4], [2, 4], [2, 4], [3, 3], [5, 6]]
  222,  [[0, 3], [0, 5], [1, 1], [1, 1], [1, 3], [2, 2], [2, 4], [2, 4], [2, 4], [3, 4], [3, 6]]
  223,  [[0, 0], [0, 3], [1, 1], [1, 3], [1, 5], [2, 2], [2, 4], [2, 4], [2, 4], [3, 4], [3, 6]]
  224,  [[0, 0], [0, 3], [1, 1], [1, 1], [1, 3], [2, 4], [2, 4], [2, 4], [2, 5], [3, 4], [3, 6]]
  225,  [[0, 3], [0, 4], [1, 1], [1, 1], [1, 3], [2, 2], [2, 4], [2, 4], [2, 4], [3, 5], [3, 6]]
  226,  [[0, 0], [0, 3], [1, 1], [1, 3], [1, 4], [2, 2], [2, 4], [2, 4], [2, 4], [3, 5], [3, 6]]
  227,  [[0, 0], [0, 3], [1, 4], [1, 4], [1, 4], [2, 2], [2, 2], [2, 3], [2, 3], [3, 5], [4, 6]]
  228,  [[0, 0], [0, 3], [1, 1], [1, 4], [1, 4], [2, 2], [2, 3], [2, 3], [2, 4], [3, 5], [4, 6]]
  229,  [[0, 0], [0, 3], [1, 1], [1, 4], [1, 4], [2, 2], [2, 2], [2, 3], [3, 3], [3, 5], [4, 6]]
  230,  [[0, 0], [0, 3], [1, 1], [1, 4], [1, 4], [2, 2], [2, 2], [2, 3], [2, 3], [3, 3], [4, 5]]
  231,  [[0, 0], [0, 3], [1, 1], [1, 4], [1, 4], [2, 2], [2, 2], [2, 3], [2, 3], [4, 5], [6, 6]]
  232,  [[0, 0], [0, 3], [1, 1], [1, 4], [1, 4], [2, 2], [2, 2], [2, 3], [2, 3], [3, 5], [4, 4]]
  233,  [[0, 3], [0, 4], [1, 2], [1, 3], [1, 3], [2, 2], [2, 2], [2, 4], [3, 5], [4, 4], [4, 6]]
  234,  [[0, 3], [0, 4], [1, 1], [1, 3], [1, 3], [2, 2], [2, 2], [2, 2], [3, 5], [4, 4], [4, 6]]
  235,  [[0, 3], [0, 4], [1, 1], [1, 3], [1, 3], [2, 2], [2, 2], [2, 4], [3, 3], [4, 4], [4, 5]]
  236,  [[0, 3], [0, 4], [1, 1], [1, 3], [1, 3], [2, 2], [2, 2], [2, 4], [4, 4], [4, 5], [6, 6]]
  237,  [[0, 3], [0, 4], [1, 1], [1, 3], [1, 3], [2, 2], [2, 2], [2, 4], [3, 5], [4, 4], [6, 6]]
  238,  [[0, 3], [0, 4], [1, 3], [1, 3], [1, 5], [2, 2], [2, 2], [2, 4], [2, 4], [3, 3], [4, 6]]
  239,  [[0, 3], [0, 4], [1, 1], [1, 3], [1, 3], [2, 2], [2, 4], [2, 4], [2, 5], [3, 3], [4, 6]]
  240,  [[0, 3], [0, 4], [1, 3], [1, 3], [1, 3], [2, 2], [2, 2], [2, 4], [2, 4], [4, 5], [6, 6]]
  241,  [[0, 3], [0, 4], [1, 1], [1, 3], [1, 3], [2, 2], [2, 3], [2, 4], [2, 4], [4, 5], [6, 6]]
  242,  [[0, 3], [0, 4], [1, 3], [1, 3], [1, 5], [2, 2], [2, 2], [2, 4], [2, 4], [3, 6], [4, 4]]
  243,  [[0, 3], [0, 4], [1, 1], [1, 3], [1, 3], [2, 2], [2, 4], [2, 4], [2, 5], [3, 6], [4, 4]]
  244,  [[0, 3], [0, 4], [1, 3], [1, 3], [1, 4], [2, 2], [2, 2], [2, 4], [2, 4], [3, 5], [6, 6]]
  245,  [[0, 2], [0, 3], [1, 3], [1, 3], [1, 4], [2, 2], [2, 2], [2, 4], [3, 5], [4, 4], [4, 6]]
  246,  [[0, 0], [0, 3], [1, 3], [1, 3], [1, 4], [2, 2], [2, 2], [2, 2], [3, 5], [4, 4], [4, 6]]
  247,  [[0, 0], [0, 3], [1, 3], [1, 3], [1, 4], [2, 2], [2, 2], [2, 4], [3, 3], [4, 4], [4, 5]]
  248,  [[0, 0], [0, 3], [1, 3], [1, 3], [1, 4], [2, 2], [2, 2], [2, 4], [4, 4], [4, 5], [6, 6]]
  249,  [[0, 0], [0, 3], [1, 3], [1, 3], [1, 4], [2, 2], [2, 2], [2, 4], [3, 5], [4, 4], [6, 6]]
  250,  [[0, 3], [0, 5], [1, 3], [1, 3], [1, 4], [2, 2], [2, 2], [2, 4], [2, 4], [3, 3], [4, 6]]
  251,  [[0, 0], [0, 3], [1, 3], [1, 3], [1, 4], [2, 2], [2, 4], [2, 4], [2, 5], [3, 3], [4, 6]]
  252,  [[0, 3], [0, 3], [1, 3], [1, 3], [1, 4], [2, 2], [2, 2], [2, 4], [2, 4], [4, 5], [6, 6]]
  253,  [[0, 0], [0, 3], [1, 3], [1, 3], [1, 4], [2, 2], [2, 3], [2, 4], [2, 4], [4, 5], [6, 6]]
  254,  [[0, 3], [0, 5], [1, 3], [1, 3], [1, 4], [2, 2], [2, 2], [2, 4], [2, 4], [3, 6], [4, 4]]
  255,  [[0, 0], [0, 3], [1, 3], [1, 3], [1, 4], [2, 2], [2, 4], [2, 4], [2, 5], [3, 6], [4, 4]]
  256,  [[0, 0], [0, 2], [1, 1], [1, 3], [1, 3], [2, 2], [2, 2], [2, 4], [3, 5], [4, 4], [4, 6]]
  257,  [[0, 2], [0, 3], [1, 1], [1, 3], [1, 3], [2, 2], [2, 2], [3, 5], [4, 4], [4, 4], [4, 6]]
  258,  [[0, 2], [0, 3], [1, 1], [1, 3], [1, 3], [2, 2], [2, 2], [2, 4], [3, 3], [4, 4], [4, 5]]
  259,  [[0, 2], [0, 3], [1, 1], [1, 3], [1, 3], [2, 2], [2, 2], [2, 4], [4, 4], [4, 5], [6, 6]]
  260,  [[0, 2], [0, 3], [1, 1], [1, 3], [1, 3], [2, 2], [2, 2], [2, 4], [3, 5], [4, 4], [4, 4]]
  261,  [[0, 0], [0, 3], [1, 2], [1, 3], [1, 3], [2, 2], [2, 2], [3, 5], [4, 4], [4, 4], [4, 6]]
  262,  [[0, 0], [0, 3], [1, 2], [1, 3], [1, 3], [2, 2], [2, 2], [2, 4], [3, 3], [4, 4], [4, 5]]
  263,  [[0, 0], [0, 3], [1, 2], [1, 3], [1, 3], [2, 2], [2, 2], [2, 4], [4, 4], [4, 5], [6, 6]]
  264,  [[0, 0], [0, 3], [1, 2], [1, 3], [1, 3], [2, 2], [2, 2], [2, 4], [3, 5], [4, 4], [4, 4]]
  265,  [[0, 3], [0, 5], [1, 1], [1, 3], [1, 3], [2, 2], [2, 2], [2, 4], [3, 3], [4, 4], [4, 6]]
  266,  [[0, 0], [0, 3], [1, 3], [1, 3], [1, 5], [2, 2], [2, 2], [2, 4], [3, 3], [4, 4], [4, 6]]
  267,  [[0, 0], [0, 3], [1, 1], [1, 3], [1, 3], [2, 2], [2, 4], [2, 5], [3, 3], [4, 4], [4, 6]]
  268,  [[0, 0], [0, 3], [1, 1], [1, 3], [1, 3], [2, 2], [2, 2], [2, 3], [2, 4], [4, 4], [4, 5]]
  269,  [[0, 0], [0, 3], [1, 1], [1, 3], [1, 3], [2, 2], [2, 2], [2, 4], [3, 4], [4, 4], [4, 5]]
  270,  [[0, 0], [0, 3], [1, 1], [1, 3], [1, 3], [2, 2], [2, 2], [2, 4], [3, 3], [4, 5], [4, 6]]
  271,  [[0, 0], [0, 3], [1, 1], [1, 3], [1, 3], [2, 2], [2, 2], [2, 4], [3, 3], [4, 4], [4, 4]]
  272,  [[0, 3], [0, 3], [1, 1], [1, 3], [1, 3], [2, 2], [2, 2], [2, 4], [4, 4], [4, 5], [6, 6]]
  273,  [[0, 0], [0, 3], [1, 3], [1, 3], [1, 3], [2, 2], [2, 2], [2, 4], [4, 4], [4, 5], [6, 6]]
  274,  [[0, 0], [0, 3], [1, 1], [1, 3], [1, 3], [2, 2], [2, 3], [2, 4], [4, 4], [4, 5], [6, 6]]
  275,  [[0, 0], [0, 3], [1, 1], [1, 3], [1, 3], [2, 2], [2, 2], [2, 4], [3, 4], [4, 5], [6, 6]]
  276,  [[0, 0], [0, 3], [1, 1], [1, 3], [1, 3], [2, 2], [2, 2], [2, 4], [4, 4], [4, 4], [5, 5]]
  277,  [[0, 0], [0, 3], [1, 1], [1, 3], [1, 3], [2, 2], [2, 2], [2, 4], [2, 5], [4, 4], [4, 6]]
  278,  [[0, 0], [0, 3], [1, 1], [1, 3], [1, 3], [2, 2], [2, 2], [2, 4], [4, 4], [4, 5], [4, 6]]
  279,  [[0, 3], [0, 5], [1, 1], [1, 3], [1, 3], [2, 2], [2, 2], [2, 4], [3, 6], [4, 4], [4, 4]]
  280,  [[0, 0], [0, 3], [1, 3], [1, 3], [1, 5], [2, 2], [2, 2], [2, 4], [3, 6], [4, 4], [4, 4]]
  281,  [[0, 0], [0, 3], [1, 1], [1, 3], [1, 3], [2, 2], [2, 4], [2, 5], [3, 6], [4, 4], [4, 4]]
  282,  [[0, 0], [0, 5], [1, 1], [1, 3], [1, 3], [2, 2], [2, 2], [2, 4], [2, 4], [3, 3], [4, 6]]
  283,  [[0, 3], [0, 5], [1, 1], [1, 3], [1, 3], [2, 2], [2, 2], [2, 4], [2, 4], [3, 4], [4, 6]]
  284,  [[0, 3], [0, 5], [1, 1], [1, 3], [1, 3], [2, 2], [2, 2], [2, 4], [2, 4], [3, 3], [4, 4]]
  285,  [[0, 0], [0, 3], [1, 3], [1, 3], [1, 5], [2, 2], [2, 2], [2, 4], [2, 4], [3, 4], [4, 6]]
  286,  [[0, 0], [0, 3], [1, 3], [1, 3], [1, 5], [2, 2], [2, 2], [2, 4], [2, 4], [3, 3], [4, 4]]
  287,  [[0, 0], [0, 3], [1, 1], [1, 3], [1, 3], [2, 2], [2, 4], [2, 4], [3, 3], [4, 5], [6, 6]]
  288,  [[0, 0], [0, 3], [1, 1], [1, 3], [1, 3], [2, 2], [2, 4], [2, 4], [2, 5], [3, 4], [4, 6]]
  289,  [[0, 0], [0, 3], [1, 1], [1, 3], [1, 3], [2, 2], [2, 4], [2, 4], [2, 5], [3, 3], [4, 4]]
  290,  [[0, 0], [0, 3], [1, 1], [1, 3], [1, 3], [2, 2], [2, 2], [2, 4], [2, 4], [4, 4], [4, 5]]
  291,  [[0, 0], [0, 3], [1, 1], [1, 3], [1, 3], [2, 2], [2, 2], [2, 4], [2, 4], [3, 4], [4, 4]]
  292,  [[0, 0], [0, 3], [1, 1], [1, 3], [1, 3], [2, 2], [2, 2], [2, 4], [2, 4], [3, 4], [5, 5]]
  293,  [[0, 3], [0, 3], [1, 1], [1, 3], [1, 3], [2, 2], [2, 2], [2, 4], [2, 4], [4, 4], [5, 5]]
  294,  [[0, 3], [0, 3], [1, 1], [1, 3], [1, 3], [2, 2], [2, 2], [2, 4], [2, 4], [4, 5], [4, 6]]
  295,  [[0, 0], [0, 3], [1, 3], [1, 3], [1, 3], [2, 2], [2, 2], [2, 4], [2, 4], [4, 4], [5, 5]]
  296,  [[0, 0], [0, 3], [1, 3], [1, 3], [1, 3], [2, 2], [2, 2], [2, 4], [2, 4], [4, 5], [4, 6]]
  297,  [[0, 0], [0, 3], [1, 1], [1, 3], [1, 3], [2, 2], [2, 3], [2, 4], [2, 4], [4, 4], [5, 5]]
  298,  [[0, 0], [0, 3], [1, 1], [1, 3], [1, 3], [2, 2], [2, 3], [2, 4], [2, 4], [4, 5], [4, 6]]
  299,  [[0, 3], [0, 5], [1, 1], [1, 3], [1, 3], [2, 2], [2, 2], [2, 4], [2, 4], [4, 4], [6, 6]]
  300,  [[0, 0], [0, 3], [1, 3], [1, 3], [1, 5], [2, 2], [2, 2], [2, 4], [2, 4], [4, 4], [6, 6]]
  301,  [[0, 0], [0, 3], [1, 1], [1, 3], [1, 3], [2, 2], [2, 4], [2, 4], [2, 5], [4, 4], [6, 6]]
  302,  [[0, 0], [0, 3], [1, 1], [1, 3], [1, 3], [2, 2], [2, 2], [2, 4], [2, 4], [4, 4], [5, 6]]
  303,  [[0, 0], [0, 5], [1, 1], [1, 3], [1, 3], [2, 2], [2, 2], [2, 4], [2, 4], [3, 6], [4, 4]]
  304,  [[0, 0], [0, 2], [1, 3], [1, 3], [1, 3], [2, 2], [2, 4], [2, 4], [3, 5], [4, 4], [4, 6]]
  305,  [[0, 0], [0, 2], [1, 1], [1, 3], [1, 3], [2, 3], [2, 4], [2, 4], [3, 5], [4, 4], [4, 6]]
  306,  [[0, 0], [0, 2], [1, 1], [1, 3], [1, 3], [2, 2], [2, 4], [2, 4], [3, 3], [4, 4], [4, 5]]
  307,  [[0, 0], [0, 2], [1, 1], [1, 3], [1, 3], [2, 2], [2, 4], [2, 4], [3, 4], [3, 5], [4, 6]]
  308,  [[0, 0], [0, 2], [1, 1], [1, 3], [1, 3], [2, 2], [2, 4], [2, 4], [3, 5], [4, 4], [6, 6]]
  309,  [[0, 2], [0, 3], [1, 3], [1, 3], [1, 5], [2, 2], [2, 4], [2, 4], [3, 3], [4, 4], [4, 6]]
  310,  [[0, 2], [0, 3], [1, 1], [1, 3], [1, 3], [2, 4], [2, 4], [2, 5], [3, 3], [4, 4], [4, 6]]
  311,  [[0, 2], [0, 3], [1, 1], [1, 3], [1, 3], [2, 2], [2, 4], [2, 4], [3, 3], [4, 5], [4, 6]]
  312,  [[0, 2], [0, 3], [1, 1], [1, 3], [1, 3], [2, 2], [2, 4], [2, 4], [3, 3], [4, 4], [5, 5]]
  313,  [[0, 2], [0, 3], [1, 3], [1, 3], [1, 3], [2, 2], [2, 4], [2, 4], [4, 4], [4, 5], [6, 6]]
  314,  [[0, 2], [0, 3], [1, 1], [1, 3], [1, 3], [2, 3], [2, 4], [2, 4], [4, 4], [4, 5], [6, 6]]
  315,  [[0, 2], [0, 3], [1, 1], [1, 3], [1, 3], [2, 2], [2, 4], [2, 4], [3, 4], [4, 5], [6, 6]]
  316,  [[0, 2], [0, 3], [1, 1], [1, 3], [1, 3], [2, 2], [2, 4], [2, 4], [4, 4], [5, 5], [6, 6]]
  317,  [[0, 2], [0, 3], [1, 3], [1, 3], [1, 4], [2, 2], [2, 4], [2, 4], [3, 5], [4, 4], [6, 6]]
  318,  [[0, 2], [0, 3], [1, 1], [1, 3], [1, 3], [2, 4], [2, 4], [2, 4], [3, 5], [4, 4], [6, 6]]
  319,  [[0, 2], [0, 3], [1, 1], [1, 3], [1, 3], [2, 2], [2, 4], [3, 5], [4, 4], [4, 4], [6, 6]]
  320,  [[0, 3], [0, 5], [1, 2], [1, 3], [1, 3], [2, 2], [2, 4], [2, 4], [3, 3], [4, 4], [4, 6]]
  321,  [[0, 0], [0, 3], [1, 2], [1, 3], [1, 3], [2, 4], [2, 4], [2, 5], [3, 3], [4, 4], [4, 6]]
  322,  [[0, 0], [0, 3], [1, 2], [1, 3], [1, 3], [2, 2], [2, 4], [2, 4], [3, 3], [4, 5], [4, 6]]
  323,  [[0, 0], [0, 3], [1, 2], [1, 3], [1, 3], [2, 2], [2, 4], [2, 4], [3, 3], [4, 4], [5, 5]]
  324,  [[0, 3], [0, 3], [1, 2], [1, 3], [1, 3], [2, 2], [2, 4], [2, 4], [4, 4], [4, 5], [6, 6]]
  325,  [[0, 0], [0, 3], [1, 2], [1, 3], [1, 3], [2, 3], [2, 4], [2, 4], [4, 4], [4, 5], [6, 6]]
  326,  [[0, 0], [0, 3], [1, 2], [1, 3], [1, 3], [2, 2], [2, 4], [2, 4], [3, 4], [4, 5], [6, 6]]
  327,  [[0, 0], [0, 3], [1, 2], [1, 3], [1, 3], [2, 2], [2, 4], [2, 4], [4, 4], [5, 5], [6, 6]]
  328,  [[0, 3], [0, 4], [1, 2], [1, 3], [1, 3], [2, 2], [2, 4], [2, 4], [3, 5], [4, 4], [6, 6]]
  329,  [[0, 0], [0, 3], [1, 2], [1, 3], [1, 3], [2, 4], [2, 4], [2, 4], [3, 5], [4, 4], [6, 6]]
  330,  [[0, 0], [0, 3], [1, 2], [1, 3], [1, 3], [2, 2], [2, 4], [3, 5], [4, 4], [4, 4], [6, 6]]
  331,  [[0, 0], [0, 5], [1, 1], [1, 3], [1, 3], [2, 2], [2, 4], [2, 4], [3, 3], [4, 4], [4, 6]]
  332,  [[0, 3], [0, 5], [1, 1], [1, 3], [1, 3], [2, 2], [2, 3], [2, 4], [2, 4], [4, 4], [4, 6]]
  333,  [[0, 3], [0, 5], [1, 1], [1, 3], [1, 3], [2, 2], [2, 4], [2, 4], [3, 3], [4, 4], [6, 6]]
  334,  [[0, 0], [0, 3], [1, 3], [1, 3], [1, 5], [2, 2], [2, 3], [2, 4], [2, 4], [4, 4], [4, 6]]
  335,  [[0, 0], [0, 3], [1, 3], [1, 3], [1, 5], [2, 2], [2, 4], [2, 4], [3, 3], [4, 4], [6, 6]]
  336,  [[0, 0], [0, 3], [1, 1], [1, 3], [1, 3], [2, 3], [2, 4], [2, 4], [2, 5], [4, 4], [4, 6]]
  337,  [[0, 0], [0, 3], [1, 1], [1, 3], [1, 3], [2, 2], [2, 4], [2, 4], [3, 4], [4, 4], [5, 5]]
  338,  [[0, 0], [0, 3], [1, 1], [1, 3], [1, 3], [2, 2], [2, 4], [2, 4], [3, 3], [4, 4], [5, 6]]
  339,  [[0, 3], [0, 3], [1, 1], [1, 3], [1, 3], [2, 2], [2, 4], [2, 4], [4, 4], [5, 5], [6, 6]]
  340,  [[0, 3], [0, 3], [1, 1], [1, 3], [1, 3], [2, 2], [2, 4], [2, 4], [2, 5], [4, 4], [4, 6]]
  341,  [[0, 0], [0, 3], [1, 3], [1, 3], [1, 3], [2, 2], [2, 4], [2, 4], [4, 4], [5, 5], [6, 6]]
  342,  [[0, 0], [0, 3], [1, 3], [1, 3], [1, 3], [2, 2], [2, 4], [2, 4], [2, 5], [4, 4], [4, 6]]
  343,  [[0, 0], [0, 3], [1, 1], [1, 3], [1, 3], [2, 2], [2, 4], [2, 4], [3, 4], [5, 5], [6, 6]]
  344,  [[0, 0], [0, 3], [1, 1], [1, 4], [1, 4], [2, 2], [2, 3], [2, 3], [3, 3], [4, 5], [6, 6]]
  345,  [[0, 0], [0, 5], [1, 3], [1, 3], [1, 3], [2, 2], [2, 4], [2, 4], [2, 4], [3, 3], [4, 6]]
  346,  [[0, 0], [0, 5], [1, 1], [1, 3], [1, 3], [2, 3], [2, 4], [2, 4], [2, 4], [3, 3], [4, 6]]
  347,  [[0, 0], [0, 5], [1, 1], [1, 3], [1, 3], [2, 2], [2, 4], [2, 4], [2, 4], [3, 3], [4, 4]]
  348,  [[0, 0], [0, 5], [1, 1], [1, 3], [1, 3], [2, 2], [2, 4], [2, 4], [2, 4], [3, 3], [6, 6]]
  349,  [[0, 3], [0, 5], [1, 3], [1, 3], [1, 6], [2, 2], [2, 4], [2, 4], [2, 4], [3, 3], [4, 4]]
  350,  [[0, 3], [0, 5], [1, 1], [1, 3], [1, 3], [2, 4], [2, 4], [2, 4], [2, 6], [3, 3], [4, 4]]
  351,  [[0, 3], [0, 5], [1, 3], [1, 3], [1, 4], [2, 2], [2, 4], [2, 4], [2, 4], [3, 3], [6, 6]]
  352,  [[0, 3], [0, 5], [1, 1], [1, 3], [1, 3], [2, 2], [2, 4], [2, 4], [2, 4], [3, 4], [6, 6]]
  353,  [[0, 0], [0, 3], [1, 3], [1, 3], [1, 5], [2, 4], [2, 4], [2, 4], [2, 6], [3, 3], [4, 4]]
  354,  [[0, 3], [0, 4], [1, 3], [1, 3], [1, 5], [2, 2], [2, 4], [2, 4], [2, 4], [3, 3], [6, 6]]
  355,  [[0, 0], [0, 3], [1, 3], [1, 3], [1, 5], [2, 2], [2, 4], [2, 4], [2, 4], [3, 4], [6, 6]]
  356,  [[0, 3], [0, 4], [1, 1], [1, 3], [1, 3], [2, 4], [2, 4], [2, 4], [2, 5], [3, 3], [6, 6]]
  357,  [[0, 0], [0, 3], [1, 3], [1, 3], [1, 4], [2, 4], [2, 4], [2, 4], [2, 5], [3, 3], [6, 6]]
  358,  [[0, 0], [0, 3], [1, 1], [1, 3], [1, 3], [2, 4], [2, 4], [2, 4], [2, 5], [3, 4], [6, 6]]
  359,  [[0, 0], [0, 3], [1, 1], [1, 4], [1, 4], [2, 2], [2, 3], [2, 3], [2, 3], [4, 4], [5, 5]]
  360,  [[0, 3], [0, 4], [1, 1], [1, 3], [1, 3], [2, 2], [2, 4], [2, 4], [2, 4], [3, 3], [5, 6]]
  361,  [[0, 0], [0, 3], [1, 3], [1, 3], [1, 4], [2, 2], [2, 4], [2, 4], [2, 4], [3, 3], [5, 6]]
  362,  [[0, 0], [0, 3], [1, 1], [1, 3], [1, 3], [2, 2], [2, 4], [2, 4], [2, 4], [3, 4], [5, 6]]
  363,  [[0, 3], [0, 3], [1, 3], [1, 3], [1, 5], [2, 2], [2, 4], [2, 4], [2, 4], [4, 4], [6, 6]]
  364,  [[0, 3], [0, 3], [1, 1], [1, 3], [1, 3], [2, 4], [2, 4], [2, 4], [2, 5], [4, 4], [6, 6]]
  365,  [[0, 3], [0, 3], [1, 1], [1, 3], [1, 3], [2, 2], [2, 4], [2, 4], [2, 4], [4, 4], [5, 6]]
  366,  [[0, 3], [0, 3], [1, 3], [1, 3], [1, 4], [2, 2], [2, 4], [2, 4], [2, 4], [5, 5], [6, 6]]
  367,  [[0, 3], [0, 5], [1, 3], [1, 3], [1, 3], [2, 2], [2, 4], [2, 4], [2, 4], [4, 4], [6, 6]]
  368,  [[0, 0], [0, 3], [1, 3], [1, 3], [1, 3], [2, 4], [2, 4], [2, 4], [2, 5], [4, 4], [6, 6]]
  369,  [[0, 0], [0, 3], [1, 3], [1, 3], [1, 3], [2, 2], [2, 4], [2, 4], [2, 4], [4, 4], [5, 6]]
  370,  [[0, 3], [0, 4], [1, 3], [1, 3], [1, 3], [2, 2], [2, 4], [2, 4], [2, 4], [5, 5], [6, 6]]
  371,  [[0, 3], [0, 5], [1, 1], [1, 3], [1, 3], [2, 3], [2, 4], [2, 4], [2, 4], [4, 4], [6, 6]]
  372,  [[0, 0], [0, 3], [1, 3], [1, 3], [1, 5], [2, 3], [2, 4], [2, 4], [2, 4], [4, 4], [6, 6]]
  373,  [[0, 0], [0, 3], [1, 1], [1, 3], [1, 3], [2, 3], [2, 4], [2, 4], [2, 4], [4, 4], [5, 6]]
  374,  [[0, 3], [0, 4], [1, 1], [1, 3], [1, 3], [2, 3], [2, 4], [2, 4], [2, 4], [5, 5], [6, 6]]
  375,  [[0, 0], [0, 3], [1, 3], [1, 3], [1, 4], [2, 3], [2, 4], [2, 4], [2, 4], [5, 5], [6, 6]]
  376,  [[0, 0], [0, 5], [1, 3], [1, 3], [1, 3], [2, 2], [2, 4], [2, 4], [2, 4], [3, 6], [4, 4]]
  377,  [[0, 0], [0, 5], [1, 1], [1, 3], [1, 3], [2, 3], [2, 4], [2, 4], [2, 4], [3, 6], [4, 4]]
  378,  [[0, 0], [0, 5], [1, 1], [1, 3], [1, 3], [2, 2], [2, 4], [2, 4], [2, 4], [3, 4], [3, 6]]
  379,  [[0, 0], [0, 3], [1, 4], [1, 4], [1, 4], [2, 2], [2, 3], [2, 3], [2, 3], [4, 5], [6, 6]]
  380,  [[0, 0], [0, 3], [1, 1], [1, 4], [1, 4], [2, 3], [2, 3], [2, 3], [2, 4], [4, 5], [6, 6]]
  381,  [[0, 0], [0, 3], [1, 1], [1, 4], [1, 4], [2, 2], [2, 3], [2, 3], [2, 3], [4, 5], [4, 6]]
  382,  [[0, 3], [0, 3], [1, 1], [1, 1], [1, 4], [2, 2], [2, 2], [2, 4], [2, 4], [3, 5], [4, 6]]
  383,  [[0, 3], [0, 3], [1, 1], [1, 3], [1, 4], [2, 2], [2, 2], [2, 4], [3, 5], [4, 4], [4, 6]]
  384,  [[0, 3], [0, 3], [1, 1], [1, 3], [1, 4], [2, 2], [2, 2], [2, 4], [2, 4], [3, 3], [4, 5]]
  385,  [[0, 3], [0, 3], [1, 1], [1, 3], [1, 4], [2, 2], [2, 2], [2, 4], [2, 4], [4, 5], [6, 6]]
  386,  [[0, 3], [0, 3], [1, 1], [1, 3], [1, 4], [2, 2], [2, 2], [2, 4], [2, 4], [3, 5], [4, 4]]
  387,  [[0, 3], [0, 3], [1, 1], [1, 3], [1, 4], [2, 2], [2, 2], [2, 4], [2, 4], [3, 5], [6, 6]]
  388,  [[0, 3], [0, 3], [1, 1], [1, 2], [1, 3], [2, 2], [2, 2], [2, 4], [3, 5], [4, 4], [4, 6]]
  389,  [[0, 3], [0, 3], [1, 1], [1, 1], [1, 3], [2, 2], [2, 2], [2, 4], [3, 3], [4, 4], [4, 5]]
  390,  [[0, 3], [0, 3], [1, 1], [1, 1], [1, 3], [2, 2], [2, 2], [2, 4], [4, 4], [4, 5], [6, 6]]
  391,  [[0, 3], [0, 3], [1, 1], [1, 1], [1, 3], [2, 2], [2, 2], [2, 4], [3, 5], [4, 4], [4, 4]]
  392,  [[0, 3], [0, 3], [1, 1], [1, 3], [1, 5], [2, 2], [2, 2], [2, 4], [2, 4], [3, 6], [4, 4]]
  393,  [[0, 3], [0, 3], [1, 1], [1, 1], [1, 3], [2, 2], [2, 4], [2, 4], [2, 5], [3, 6], [4, 4]]
  394,  [[0, 3], [0, 3], [1, 1], [1, 1], [1, 2], [2, 2], [2, 4], [2, 4], [3, 5], [4, 4], [4, 6]]
  395,  [[0, 3], [0, 3], [1, 1], [1, 2], [1, 3], [2, 2], [2, 4], [2, 4], [3, 3], [4, 4], [4, 5]]
  396,  [[0, 3], [0, 3], [1, 1], [1, 2], [1, 3], [2, 2], [2, 4], [2, 4], [4, 4], [4, 5], [6, 6]]
  397,  [[0, 3], [0, 3], [1, 1], [1, 2], [1, 3], [2, 2], [2, 4], [2, 4], [3, 5], [4, 4], [6, 6]]
  398,  [[0, 3], [0, 3], [1, 1], [1, 3], [1, 4], [2, 2], [2, 4], [2, 4], [3, 5], [4, 4], [6, 6]]
  399,  [[0, 3], [0, 3], [1, 1], [1, 1], [1, 5], [2, 2], [2, 4], [2, 4], [2, 4], [3, 3], [4, 6]]
  400,  [[0, 3], [0, 3], [1, 1], [1, 3], [1, 5], [2, 2], [2, 2], [2, 4], [2, 4], [3, 3], [4, 6]]
  401,  [[0, 3], [0, 3], [1, 1], [1, 3], [1, 5], [2, 2], [2, 4], [2, 4], [3, 3], [4, 4], [4, 6]]
  402,  [[0, 3], [0, 3], [1, 1], [1, 3], [1, 5], [2, 2], [2, 4], [2, 4], [2, 4], [3, 3], [4, 4]]
  403,  [[0, 3], [0, 3], [1, 1], [1, 3], [1, 5], [2, 2], [2, 4], [2, 4], [2, 4], [3, 3], [6, 6]]
  404,  [[0, 3], [0, 3], [1, 1], [1, 1], [1, 3], [2, 2], [2, 4], [2, 4], [2, 5], [3, 3], [4, 6]]
  405,  [[0, 3], [0, 3], [1, 1], [1, 1], [1, 3], [2, 2], [2, 3], [2, 4], [2, 4], [4, 5], [6, 6]]
  406,  [[0, 3], [0, 3], [1, 1], [1, 1], [1, 5], [2, 2], [2, 4], [2, 4], [2, 4], [3, 6], [4, 4]]
  407,  [[0, 3], [0, 3], [1, 1], [1, 3], [1, 5], [2, 2], [2, 4], [2, 4], [2, 4], [4, 4], [6, 6]]
  408,  [[0, 3], [0, 3], [1, 1], [1, 1], [1, 4], [2, 2], [2, 4], [2, 4], [2, 4], [3, 5], [6, 6]]
  409,  [[0, 3], [0, 3], [1, 1], [1, 3], [1, 4], [2, 2], [2, 4], [2, 4], [2, 4], [3, 3], [5, 5]]
  410,  [[0, 3], [0, 3], [1, 1], [1, 3], [1, 4], [2, 2], [2, 4], [2, 4], [2, 4], [5, 5], [6, 6]]
  411,  [[0, 0], [0, 3], [1, 1], [1, 1], [1, 4], [2, 2], [2, 3], [2, 3], [2, 4], [3, 5], [4, 6]]
  412,  [[0, 3], [0, 4], [1, 1], [1, 1], [1, 3], [2, 2], [2, 4], [2, 4], [3, 3], [3, 5], [4, 6]]
  413,  [[0, 3], [0, 4], [1, 1], [1, 1], [1, 3], [2, 2], [2, 2], [2, 3], [2, 4], [3, 5], [4, 6]]
  414,  [[0, 3], [0, 4], [1, 1], [1, 1], [1, 3], [2, 2], [2, 3], [2, 4], [3, 5], [4, 4], [4, 6]]
  415,  [[0, 3], [0, 4], [1, 1], [1, 1], [1, 3], [2, 2], [2, 3], [2, 4], [2, 4], [3, 3], [4, 5]]
  416,  [[0, 3], [0, 4], [1, 1], [1, 1], [1, 3], [2, 2], [2, 3], [2, 4], [2, 4], [4, 5], [6, 6]]
  417,  [[0, 3], [0, 4], [1, 1], [1, 1], [1, 3], [2, 2], [2, 3], [2, 4], [2, 4], [3, 5], [4, 4]]
  418,  [[0, 3], [0, 4], [1, 1], [1, 1], [1, 3], [2, 2], [2, 3], [2, 4], [2, 4], [3, 5], [6, 6]]
  419,  [[0, 0], [0, 3], [1, 1], [1, 1], [1, 4], [2, 2], [2, 3], [2, 4], [2, 4], [3, 5], [4, 6]]
  420,  [[0, 0], [0, 3], [1, 1], [1, 3], [1, 4], [2, 2], [2, 4], [2, 4], [3, 3], [3, 5], [4, 6]]
  421,  [[0, 0], [0, 3], [1, 1], [1, 3], [1, 4], [2, 2], [2, 2], [2, 3], [2, 4], [3, 5], [4, 6]]
  422,  [[0, 0], [0, 3], [1, 1], [1, 3], [1, 4], [2, 2], [2, 3], [2, 4], [3, 5], [4, 4], [4, 6]]
  423,  [[0, 0], [0, 3], [1, 1], [1, 3], [1, 4], [2, 2], [2, 3], [2, 4], [2, 4], [3, 3], [4, 5]]
  424,  [[0, 0], [0, 3], [1, 1], [1, 3], [1, 4], [2, 2], [2, 3], [2, 4], [2, 4], [4, 5], [6, 6]]
  425,  [[0, 0], [0, 3], [1, 1], [1, 3], [1, 4], [2, 2], [2, 3], [2, 4], [2, 4], [3, 5], [4, 4]]
  426,  [[0, 0], [0, 3], [1, 1], [1, 3], [1, 4], [2, 2], [2, 3], [2, 4], [2, 4], [3, 5], [6, 6]]
  427,  [[0, 2], [0, 3], [1, 1], [1, 1], [1, 3], [2, 2], [2, 4], [2, 4], [3, 3], [3, 5], [4, 6]]
  428,  [[0, 0], [0, 3], [1, 1], [1, 2], [1, 3], [2, 2], [2, 4], [2, 4], [3, 3], [3, 5], [4, 6]]
  429,  [[0, 0], [0, 3], [1, 1], [1, 1], [1, 3], [2, 2], [2, 4], [2, 4], [3, 3], [4, 5], [6, 6]]
  430,  [[0, 0], [0, 3], [1, 1], [1, 1], [1, 3], [2, 2], [2, 4], [2, 4], [3, 3], [3, 5], [4, 4]]
  431,  [[0, 2], [0, 3], [1, 1], [1, 1], [1, 3], [2, 2], [2, 3], [2, 4], [3, 5], [4, 4], [4, 6]]
  432,  [[0, 0], [0, 3], [1, 1], [1, 2], [1, 3], [2, 2], [2, 3], [2, 4], [3, 5], [4, 4], [4, 6]]
  433,  [[0, 0], [0, 3], [1, 1], [1, 1], [1, 3], [2, 2], [2, 3], [2, 4], [3, 3], [4, 4], [4, 5]]
  434,  [[0, 0], [0, 3], [1, 1], [1, 1], [1, 3], [2, 2], [2, 3], [2, 4], [4, 4], [4, 5], [6, 6]]
  435,  [[0, 0], [0, 3], [1, 1], [1, 1], [1, 3], [2, 2], [2, 3], [2, 4], [3, 5], [4, 4], [4, 4]]
  436,  [[0, 3], [0, 5], [1, 1], [1, 1], [1, 3], [2, 2], [2, 3], [2, 4], [2, 4], [3, 3], [4, 6]]
  437,  [[0, 0], [0, 3], [1, 1], [1, 3], [1, 5], [2, 2], [2, 3], [2, 4], [2, 4], [3, 3], [4, 6]]
  438,  [[0, 0], [0, 3], [1, 1], [1, 1], [1, 3], [2, 3], [2, 4], [2, 4], [2, 5], [3, 3], [4, 6]]
  439,  [[0, 0], [0, 3], [1, 1], [1, 1], [1, 3], [2, 2], [2, 3], [2, 4], [2, 4], [3, 4], [4, 5]]
  440,  [[0, 0], [0, 3], [1, 1], [1, 1], [1, 3], [2, 2], [2, 3], [2, 4], [2, 4], [3, 3], [4, 4]]
  441,  [[0, 0], [0, 3], [1, 1], [1, 1], [1, 3], [2, 3], [2, 3], [2, 4], [2, 4], [4, 5], [6, 6]]
  442,  [[0, 0], [0, 3], [1, 1], [1, 1], [1, 3], [2, 2], [2, 3], [2, 4], [2, 4], [4, 4], [5, 5]]
  443,  [[0, 0], [0, 3], [1, 1], [1, 1], [1, 3], [2, 2], [2, 3], [2, 4], [2, 4], [4, 5], [4, 6]]
  444,  [[0, 3], [0, 5], [1, 1], [1, 1], [1, 3], [2, 2], [2, 3], [2, 4], [2, 4], [3, 6], [4, 4]]
  445,  [[0, 0], [0, 3], [1, 1], [1, 3], [1, 5], [2, 2], [2, 3], [2, 4], [2, 4], [3, 6], [4, 4]]
  446,  [[0, 0], [0, 3], [1, 1], [1, 1], [1, 3], [2, 3], [2, 4], [2, 4], [2, 5], [3, 6], [4, 4]]
  447,  [[0, 0], [0, 5], [1, 1], [1, 1], [1, 3], [2, 3], [2, 4], [2, 4], [2, 4], [3, 3], [4, 6]]
  448,  [[0, 0], [0, 3], [1, 1], [1, 1], [1, 5], [2, 3], [2, 4], [2, 4], [2, 4], [3, 3], [4, 6]]
  449,  [[0, 0], [0, 3], [1, 1], [1, 3], [1, 5], [2, 3], [2, 4], [2, 4], [2, 4], [3, 3], [4, 4]]
  450,  [[0, 0], [0, 3], [1, 1], [1, 3], [1, 5], [2, 3], [2, 4], [2, 4], [2, 4], [3, 3], [6, 6]]
  451,  [[0, 0], [0, 5], [1, 1], [1, 1], [1, 3], [2, 3], [2, 4], [2, 4], [2, 4], [3, 6], [4, 4]]
  452,  [[0, 0], [0, 3], [1, 1], [1, 1], [1, 5], [2, 3], [2, 4], [2, 4], [2, 4], [3, 6], [4, 4]]
  453,  [[0, 0], [0, 3], [1, 1], [1, 3], [1, 5], [2, 3], [2, 4], [2, 4], [2, 4], [4, 4], [6, 6]]
  454,  [[0, 0], [0, 3], [1, 1], [1, 1], [1, 4], [2, 3], [2, 3], [2, 3], [2, 4], [4, 5], [6, 6]]
  455,  [[0, 0], [0, 3], [1, 1], [1, 1], [1, 4], [2, 3], [2, 4], [2, 4], [2, 4], [3, 5], [6, 6]]
  456,  [[0, 0], [0, 3], [1, 1], [1, 3], [1, 4], [2, 3], [2, 4], [2, 4], [2, 4], [3, 3], [5, 5]]
  457,  [[0, 0], [0, 3], [1, 1], [1, 3], [1, 4], [2, 3], [2, 4], [2, 4], [2, 4], [5, 5], [6, 6]]
  458,  [[0, 3], [0, 4], [1, 1], [1, 2], [1, 3], [2, 2], [2, 2], [2, 4], [3, 5], [4, 4], [4, 6]]
  459,  [[0, 3], [0, 4], [1, 1], [1, 1], [1, 3], [2, 2], [2, 2], [2, 2], [3, 5], [4, 4], [4, 6]]
  460,  [[0, 3], [0, 4], [1, 1], [1, 1], [1, 3], [2, 2], [2, 2], [2, 4], [3, 3], [4, 4], [4, 5]]
  461,  [[0, 3], [0, 4], [1, 1], [1, 1], [1, 3], [2, 2], [2, 2], [2, 4], [3, 4], [3, 5], [4, 6]]
  462,  [[0, 3], [0, 4], [1, 1], [1, 1], [1, 3], [2, 2], [2, 2], [2, 4], [3, 5], [4, 4], [6, 6]]
  463,  [[0, 3], [0, 4], [1, 1], [1, 3], [1, 5], [2, 2], [2, 2], [2, 4], [2, 4], [3, 3], [4, 6]]
  464,  [[0, 3], [0, 4], [1, 1], [1, 1], [1, 3], [2, 2], [2, 4], [2, 4], [2, 5], [3, 3], [4, 6]]
  465,  [[0, 2], [0, 3], [1, 1], [1, 3], [1, 4], [2, 2], [2, 2], [2, 4], [3, 5], [4, 4], [4, 6]]
  466,  [[0, 0], [0, 3], [1, 2], [1, 3], [1, 4], [2, 2], [2, 2], [2, 4], [3, 5], [4, 4], [4, 6]]
  467,  [[0, 0], [0, 3], [1, 1], [1, 3], [1, 4], [2, 2], [2, 2], [2, 2], [3, 5], [4, 4], [4, 6]]
  468,  [[0, 0], [0, 3], [1, 1], [1, 3], [1, 4], [2, 2], [2, 2], [2, 4], [3, 3], [4, 4], [4, 5]]
  469,  [[0, 0], [0, 3], [1, 1], [1, 3], [1, 4], [2, 2], [2, 2], [2, 4], [3, 4], [3, 5], [4, 6]]
  470,  [[0, 0], [0, 3], [1, 1], [1, 3], [1, 4], [2, 2], [2, 2], [2, 4], [3, 5], [4, 4], [6, 6]]
  471,  [[0, 3], [0, 5], [1, 1], [1, 3], [1, 4], [2, 2], [2, 2], [2, 4], [2, 4], [3, 3], [4, 6]]
  472,  [[0, 0], [0, 3], [1, 3], [1, 4], [1, 5], [2, 2], [2, 2], [2, 4], [2, 4], [3, 3], [4, 6]]
  473,  [[0, 0], [0, 3], [1, 1], [1, 3], [1, 4], [2, 2], [2, 4], [2, 4], [2, 5], [3, 3], [4, 6]]
  474,  [[0, 0], [0, 3], [1, 1], [1, 3], [1, 4], [2, 2], [2, 2], [2, 4], [2, 4], [3, 3], [4, 4]]
  475,  [[0, 0], [0, 3], [1, 1], [1, 3], [1, 4], [2, 2], [2, 2], [2, 4], [2, 4], [3, 3], [5, 5]]
  476,  [[0, 3], [0, 5], [1, 1], [1, 3], [1, 4], [2, 2], [2, 2], [2, 4], [2, 4], [3, 6], [4, 4]]
  477,  [[0, 0], [0, 3], [1, 3], [1, 4], [1, 5], [2, 2], [2, 2], [2, 4], [2, 4], [3, 6], [4, 4]]
  478,  [[0, 0], [0, 3], [1, 1], [1, 3], [1, 4], [2, 2], [2, 4], [2, 4], [2, 5], [3, 6], [4, 4]]
  479,  [[0, 0], [0, 3], [1, 1], [1, 3], [1, 4], [2, 2], [2, 2], [2, 4], [2, 4], [3, 4], [3, 5]]
  480,  [[0, 3], [0, 4], [1, 1], [1, 3], [1, 4], [2, 2], [2, 2], [2, 3], [2, 3], [4, 5], [6, 6]]
  481,  [[0, 0], [0, 3], [1, 3], [1, 4], [1, 4], [2, 2], [2, 2], [2, 4], [2, 4], [3, 5], [6, 6]]
  482,  [[0, 0], [0, 3], [1, 1], [1, 3], [1, 4], [2, 2], [2, 2], [2, 4], [2, 4], [3, 5], [3, 6]]
  483,  [[0, 2], [0, 3], [1, 1], [1, 1], [1, 3], [2, 2], [2, 2], [3, 5], [4, 4], [4, 4], [4, 6]]
  484,  [[0, 2], [0, 3], [1, 1], [1, 1], [1, 3], [2, 2], [2, 2], [2, 4], [3, 3], [4, 4], [4, 5]]
  485,  [[0, 2], [0, 3], [1, 1], [1, 1], [1, 3], [2, 2], [2, 2], [2, 4], [3, 4], [3, 5], [4, 6]]
  486,  [[0, 0], [0, 3], [1, 1], [1, 2], [1, 3], [2, 2], [2, 2], [3, 5], [4, 4], [4, 4], [4, 6]]
  487,  [[0, 0], [0, 3], [1, 1], [1, 2], [1, 3], [2, 2], [2, 2], [2, 4], [3, 3], [4, 4], [4, 5]]
  488,  [[0, 0], [0, 3], [1, 1], [1, 2], [1, 3], [2, 2], [2, 2], [2, 4], [3, 4], [3, 5], [4, 6]]
  489,  [[0, 0], [0, 3], [1, 1], [1, 2], [1, 3], [2, 2], [2, 2], [2, 4], [3, 5], [4, 4], [4, 4]]
  490,  [[0, 3], [0, 5], [1, 1], [1, 1], [1, 3], [2, 2], [2, 2], [2, 4], [3, 3], [4, 4], [4, 6]]
  491,  [[0, 0], [0, 3], [1, 1], [1, 3], [1, 5], [2, 2], [2, 2], [2, 4], [3, 3], [4, 4], [4, 6]]
  492,  [[0, 0], [0, 3], [1, 1], [1, 1], [1, 3], [2, 2], [2, 4], [2, 5], [3, 3], [4, 4], [4, 6]]
  493,  [[0, 0], [0, 3], [1, 1], [1, 1], [1, 3], [2, 2], [2, 2], [2, 3], [2, 4], [4, 4], [4, 5]]
  494,  [[0, 0], [0, 3], [1, 1], [1, 1], [1, 3], [2, 2], [2, 2], [2, 4], [3, 4], [4, 4], [4, 5]]
  495,  [[0, 0], [0, 3], [1, 1], [1, 1], [1, 3], [2, 2], [2, 2], [2, 4], [3, 3], [3, 4], [4, 5]]
  496,  [[0, 0], [0, 3], [1, 1], [1, 1], [1, 3], [2, 2], [2, 2], [2, 4], [3, 3], [4, 5], [4, 6]]
  497,  [[0, 0], [0, 3], [1, 1], [1, 1], [1, 3], [2, 2], [2, 2], [2, 4], [3, 3], [4, 4], [4, 4]]
  498,  [[0, 0], [0, 3], [1, 1], [1, 1], [1, 3], [2, 2], [2, 2], [2, 4], [3, 4], [4, 5], [6, 6]]
  499,  [[0, 0], [0, 3], [1, 1], [1, 1], [1, 3], [2, 2], [2, 2], [2, 4], [3, 4], [3, 5], [4, 4]]
  500,  [[0, 3], [0, 5], [1, 1], [1, 1], [1, 3], [2, 2], [2, 2], [2, 4], [3, 6], [4, 4], [4, 4]]
  501,  [[0, 0], [0, 3], [1, 1], [1, 3], [1, 5], [2, 2], [2, 2], [2, 4], [3, 6], [4, 4], [4, 4]]
  502,  [[0, 0], [0, 3], [1, 1], [1, 1], [1, 3], [2, 2], [2, 4], [2, 5], [3, 6], [4, 4], [4, 4]]
  503,  [[0, 3], [0, 5], [1, 1], [1, 1], [1, 3], [2, 2], [2, 2], [2, 4], [2, 4], [3, 4], [4, 6]]
  504,  [[0, 3], [0, 5], [1, 1], [1, 1], [1, 3], [2, 2], [2, 2], [2, 4], [2, 4], [3, 3], [4, 4]]
  505,  [[0, 0], [0, 3], [1, 1], [1, 3], [1, 5], [2, 2], [2, 2], [2, 4], [2, 4], [3, 4], [4, 6]]
  506,  [[0, 0], [0, 3], [1, 1], [1, 3], [1, 5], [2, 2], [2, 2], [2, 4], [2, 4], [3, 3], [4, 4]]
  507,  [[0, 0], [0, 3], [1, 1], [1, 1], [1, 3], [2, 2], [2, 4], [2, 4], [2, 5], [3, 4], [4, 6]]
  508,  [[0, 0], [0, 3], [1, 1], [1, 1], [1, 3], [2, 2], [2, 4], [2, 4], [2, 5], [3, 3], [4, 4]]
  509,  [[0, 3], [0, 3], [1, 1], [1, 1], [1, 3], [2, 2], [2, 2], [2, 4], [2, 4], [3, 4], [4, 5]]
  510,  [[0, 3], [0, 5], [1, 1], [1, 1], [1, 3], [2, 2], [2, 2], [2, 4], [2, 4], [3, 4], [3, 6]]
  511,  [[0, 3], [0, 4], [1, 1], [1, 3], [1, 5], [2, 2], [2, 2], [2, 4], [2, 4], [3, 6], [4, 4]]
  512,  [[0, 0], [0, 3], [1, 1], [1, 3], [1, 5], [2, 2], [2, 2], [2, 4], [2, 4], [3, 4], [3, 6]]
  513,  [[0, 3], [0, 4], [1, 1], [1, 1], [1, 3], [2, 2], [2, 4], [2, 4], [2, 5], [3, 6], [4, 4]]
  514,  [[0, 0], [0, 3], [1, 1], [1, 1], [1, 3], [2, 2], [2, 4], [2, 4], [2, 5], [3, 4], [3, 6]]
  515,  [[0, 3], [0, 4], [1, 1], [1, 1], [1, 3], [2, 2], [2, 2], [2, 4], [2, 4], [3, 4], [3, 5]]
  516,  [[0, 0], [0, 2], [1, 1], [1, 1], [1, 3], [2, 3], [2, 4], [2, 4], [3, 5], [4, 4], [4, 6]]
  517,  [[0, 2], [0, 3], [1, 1], [1, 1], [1, 3], [2, 3], [2, 4], [2, 4], [3, 5], [4, 4], [6, 6]]
  518,  [[0, 2], [0, 3], [1, 1], [1, 3], [1, 5], [2, 2], [2, 4], [2, 4], [3, 3], [4, 4], [4, 6]]
  519,  [[0, 2], [0, 3], [1, 1], [1, 1], [1, 3], [2, 4], [2, 4], [2, 5], [3, 3], [4, 4], [4, 6]]
  520,  [[0, 2], [0, 3], [1, 1], [1, 1], [1, 3], [2, 2], [2, 4], [2, 4], [3, 3], [3, 4], [4, 5]]
  521,  [[0, 2], [0, 3], [1, 1], [1, 1], [1, 3], [2, 2], [2, 4], [2, 4], [3, 3], [4, 5], [4, 6]]
  522,  [[0, 2], [0, 3], [1, 1], [1, 1], [1, 3], [2, 2], [2, 4], [2, 4], [3, 3], [4, 4], [5, 5]]
  523,  [[0, 0], [0, 2], [1, 1], [1, 1], [1, 3], [2, 2], [2, 4], [2, 4], [3, 4], [3, 5], [4, 6]]
  524,  [[0, 2], [0, 3], [1, 1], [1, 1], [1, 3], [2, 2], [2, 4], [3, 4], [3, 5], [4, 4], [4, 6]]
  525,  [[0, 2], [0, 3], [1, 1], [1, 1], [1, 3], [2, 2], [2, 4], [2, 4], [3, 4], [4, 5], [6, 6]]
  526,  [[0, 2], [0, 3], [1, 1], [1, 1], [1, 3], [2, 2], [2, 4], [2, 4], [3, 4], [3, 5], [4, 4]]
  527,  [[0, 2], [0, 3], [1, 1], [1, 1], [1, 3], [2, 2], [2, 4], [2, 4], [3, 4], [3, 5], [6, 6]]
  528,  [[0, 2], [0, 3], [1, 1], [1, 3], [1, 4], [2, 2], [2, 4], [2, 4], [3, 5], [4, 4], [6, 6]]
  529,  [[0, 2], [0, 3], [1, 1], [1, 1], [1, 3], [2, 2], [2, 4], [2, 4], [3, 5], [3, 6], [4, 4]]
  530,  [[0, 0], [0, 3], [1, 1], [1, 1], [1, 2], [2, 3], [2, 4], [2, 4], [3, 5], [4, 4], [4, 6]]
  531,  [[0, 0], [0, 3], [1, 1], [1, 2], [1, 3], [2, 3], [2, 4], [2, 4], [3, 3], [4, 4], [4, 5]]
  532,  [[0, 0], [0, 3], [1, 1], [1, 2], [1, 3], [2, 3], [2, 4], [2, 4], [4, 4], [4, 5], [6, 6]]
  533,  [[0, 0], [0, 3], [1, 1], [1, 2], [1, 3], [2, 3], [2, 4], [2, 4], [3, 5], [4, 4], [6, 6]]
  534,  [[0, 3], [0, 5], [1, 1], [1, 2], [1, 3], [2, 2], [2, 4], [2, 4], [3, 3], [4, 4], [4, 6]]
  535,  [[0, 0], [0, 3], [1, 2], [1, 3], [1, 5], [2, 2], [2, 4], [2, 4], [3, 3], [4, 4], [4, 6]]
  536,  [[0, 0], [0, 3], [1, 1], [1, 2], [1, 3], [2, 4], [2, 4], [2, 5], [3, 3], [4, 4], [4, 6]]
  537,  [[0, 0], [0, 3], [1, 1], [1, 2], [1, 3], [2, 2], [2, 4], [2, 4], [3, 3], [3, 4], [4, 5]]
  538,  [[0, 0], [0, 3], [1, 1], [1, 2], [1, 3], [2, 2], [2, 4], [2, 4], [3, 3], [4, 5], [4, 6]]
  539,  [[0, 0], [0, 3], [1, 1], [1, 2], [1, 3], [2, 2], [2, 4], [2, 4], [3, 3], [4, 4], [5, 5]]
  540,  [[0, 0], [0, 3], [1, 1], [1, 1], [1, 2], [2, 2], [2, 4], [2, 4], [3, 4], [3, 5], [4, 6]]
  541,  [[0, 0], [0, 3], [1, 1], [1, 2], [1, 3], [2, 2], [2, 4], [3, 4], [3, 5], [4, 4], [4, 6]]
  542,  [[0, 0], [0, 3], [1, 1], [1, 2], [1, 3], [2, 2], [2, 4], [2, 4], [3, 4], [4, 5], [6, 6]]
  543,  [[0, 0], [0, 3], [1, 1], [1, 2], [1, 3], [2, 2], [2, 4], [2, 4], [3, 4], [3, 5], [4, 4]]
  544,  [[0, 0], [0, 3], [1, 1], [1, 2], [1, 3], [2, 2], [2, 4], [2, 4], [3, 4], [3, 5], [6, 6]]
  545,  [[0, 3], [0, 4], [1, 1], [1, 2], [1, 3], [2, 2], [2, 4], [2, 4], [3, 5], [4, 4], [6, 6]]
  546,  [[0, 0], [0, 3], [1, 2], [1, 3], [1, 4], [2, 2], [2, 4], [2, 4], [3, 5], [4, 4], [6, 6]]
  547,  [[0, 0], [0, 3], [1, 1], [1, 2], [1, 3], [2, 4], [2, 4], [2, 4], [3, 5], [4, 4], [6, 6]]
  548,  [[0, 0], [0, 3], [1, 1], [1, 2], [1, 3], [2, 2], [2, 4], [3, 5], [4, 4], [4, 4], [6, 6]]
  549,  [[0, 0], [0, 3], [1, 1], [1, 2], [1, 3], [2, 2], [2, 4], [2, 4], [3, 5], [3, 6], [4, 4]]
  550,  [[0, 3], [0, 5], [1, 1], [1, 1], [1, 3], [2, 2], [2, 3], [2, 4], [2, 4], [4, 4], [4, 6]]
  551,  [[0, 3], [0, 5], [1, 1], [1, 1], [1, 3], [2, 2], [2, 4], [2, 4], [3, 3], [3, 4], [4, 6]]
  552,  [[0, 3], [0, 5], [1, 1], [1, 1], [1, 3], [2, 2], [2, 4], [2, 4], [3, 3], [4, 4], [6, 6]]
  553,  [[0, 0], [0, 3], [1, 1], [1, 3], [1, 5], [2, 2], [2, 3], [2, 4], [2, 4], [4, 4], [4, 6]]
  554,  [[0, 0], [0, 3], [1, 1], [1, 3], [1, 5], [2, 2], [2, 4], [2, 4], [3, 3], [3, 4], [4, 6]]
  555,  [[0, 0], [0, 3], [1, 1], [1, 3], [1, 5], [2, 2], [2, 4], [2, 4], [3, 3], [4, 4], [6, 6]]
  556,  [[0, 3], [0, 3], [1, 1], [1, 1], [1, 3], [2, 2], [2, 3], [2, 4], [2, 4], [4, 4], [4, 5]]
  557,  [[0, 0], [0, 3], [1, 1], [1, 1], [1, 3], [2, 3], [2, 3], [2, 4], [2, 4], [4, 4], [4, 5]]
  558,  [[0, 0], [0, 3], [1, 1], [1, 1], [1, 3], [2, 3], [2, 4], [2, 4], [2, 5], [4, 4], [4, 6]]
  559,  [[0, 3], [0, 3], [1, 1], [1, 1], [1, 3], [2, 2], [2, 4], [2, 4], [3, 3], [4, 5], [4, 6]]
  560,  [[0, 0], [0, 3], [1, 1], [1, 3], [1, 4], [2, 2], [2, 4], [2, 4], [3, 3], [4, 4], [5, 5]]
  561,  [[0, 0], [0, 3], [1, 1], [1, 1], [1, 3], [2, 2], [2, 4], [2, 4], [3, 3], [4, 4], [5, 6]]
  562,  [[0, 3], [0, 3], [1, 1], [1, 1], [1, 3], [2, 2], [2, 4], [2, 4], [3, 4], [4, 5], [6, 6]]
  563,  [[0, 3], [0, 5], [1, 1], [1, 1], [1, 3], [2, 2], [2, 4], [2, 4], [3, 4], [3, 6], [4, 4]]
  564,  [[0, 0], [0, 3], [1, 1], [1, 3], [1, 5], [2, 2], [2, 4], [2, 4], [3, 4], [3, 6], [4, 4]]
  565,  [[0, 3], [0, 4], [1, 1], [1, 1], [1, 3], [2, 2], [2, 4], [2, 4], [3, 4], [3, 5], [6, 6]]
  566,  [[0, 0], [0, 3], [1, 1], [1, 3], [1, 4], [2, 2], [2, 4], [2, 4], [3, 4], [3, 5], [6, 6]]
  567,  [[0, 0], [0, 3], [1, 1], [1, 3], [1, 4], [2, 2], [2, 4], [2, 4], [3, 5], [3, 6], [4, 4]]
  568,  [[0, 3], [0, 4], [1, 1], [1, 1], [1, 3], [2, 2], [2, 4], [2, 4], [3, 5], [3, 6], [4, 4]]
  569,  [[0, 3], [0, 5], [1, 1], [1, 3], [1, 6], [2, 2], [2, 4], [2, 4], [2, 4], [3, 3], [4, 4]]
  570,  [[0, 3], [0, 5], [1, 1], [1, 1], [1, 3], [2, 4], [2, 4], [2, 4], [2, 6], [3, 3], [4, 4]]
  571,  [[0, 3], [0, 5], [1, 1], [1, 1], [1, 3], [2, 2], [2, 4], [2, 4], [2, 4], [3, 3], [3, 4]]
  572,  [[0, 3], [0, 5], [1, 1], [1, 3], [1, 4], [2, 2], [2, 4], [2, 4], [2, 4], [3, 3], [6, 6]]
  573,  [[0, 3], [0, 5], [1, 1], [1, 1], [1, 3], [2, 2], [2, 4], [2, 4], [2, 4], [3, 4], [6, 6]]
  574,  [[0, 3], [0, 5], [1, 1], [1, 1], [1, 3], [2, 2], [2, 4], [2, 4], [2, 4], [3, 3], [3, 6]]
  575,  [[0, 0], [0, 3], [1, 3], [1, 5], [1, 6], [2, 2], [2, 4], [2, 4], [2, 4], [3, 3], [4, 4]]
  576,  [[0, 0], [0, 3], [1, 1], [1, 3], [1, 5], [2, 4], [2, 4], [2, 4], [2, 6], [3, 3], [4, 4]]
  577,  [[0, 0], [0, 3], [1, 1], [1, 3], [1, 5], [2, 2], [2, 4], [2, 4], [2, 4], [3, 3], [3, 4]]
  578,  [[0, 3], [0, 4], [1, 1], [1, 3], [1, 5], [2, 2], [2, 4], [2, 4], [2, 4], [3, 3], [6, 6]]
  579,  [[0, 0], [0, 3], [1, 3], [1, 4], [1, 5], [2, 2], [2, 4], [2, 4], [2, 4], [3, 3], [6, 6]]
  580,  [[0, 0], [0, 3], [1, 1], [1, 3], [1, 5], [2, 2], [2, 4], [2, 4], [2, 4], [3, 4], [6, 6]]
  581,  [[0, 0], [0, 3], [1, 1], [1, 3], [1, 5], [2, 2], [2, 4], [2, 4], [2, 4], [3, 3], [3, 6]]
  582,  [[0, 0], [0, 3], [1, 1], [1, 1], [1, 3], [2, 4], [2, 4], [2, 4], [2, 5], [3, 3], [3, 4]]
  583,  [[0, 3], [0, 4], [1, 1], [1, 1], [1, 3], [2, 4], [2, 4], [2, 4], [2, 5], [3, 3], [6, 6]]
  584,  [[0, 0], [0, 3], [1, 1], [1, 3], [1, 4], [2, 4], [2, 4], [2, 4], [2, 5], [3, 3], [6, 6]]
  585,  [[0, 0], [0, 3], [1, 1], [1, 1], [1, 3], [2, 4], [2, 4], [2, 4], [2, 5], [3, 4], [6, 6]]
  586,  [[0, 0], [0, 3], [1, 1], [1, 1], [1, 3], [2, 4], [2, 4], [2, 4], [2, 5], [3, 3], [3, 6]]
  587,  [[0, 3], [0, 4], [1, 1], [1, 1], [1, 3], [2, 2], [2, 4], [2, 4], [2, 4], [3, 3], [3, 5]]
  588,  [[0, 3], [0, 4], [1, 1], [1, 1], [1, 3], [2, 2], [2, 4], [2, 4], [2, 4], [3, 3], [5, 6]]
  589,  [[0, 0], [0, 3], [1, 1], [1, 3], [1, 4], [2, 2], [2, 4], [2, 4], [2, 4], [3, 3], [3, 5]]
  590,  [[0, 0], [0, 3], [1, 1], [1, 3], [1, 4], [2, 2], [2, 4], [2, 4], [2, 4], [3, 3], [5, 6]]
  591,  [[0, 3], [0, 3], [1, 1], [1, 1], [1, 3], [2, 2], [2, 4], [2, 4], [2, 4], [3, 4], [5, 5]]
  592,  [[0, 0], [0, 3], [1, 1], [1, 1], [1, 3], [2, 3], [2, 4], [2, 4], [2, 4], [3, 4], [5, 5]]
  593,  [[0, 0], [0, 3], [1, 1], [1, 1], [1, 3], [2, 2], [2, 4], [2, 4], [2, 4], [3, 4], [5, 6]]
  594,  [[0, 3], [0, 3], [1, 1], [1, 1], [1, 3], [2, 2], [2, 4], [2, 4], [2, 4], [3, 3], [5, 6]]
  595,  [[0, 0], [0, 3], [1, 1], [1, 1], [1, 3], [2, 3], [2, 4], [2, 4], [2, 4], [3, 3], [5, 6]]
  596,  [[0, 0], [0, 5], [1, 1], [1, 1], [1, 3], [2, 2], [2, 4], [2, 4], [2, 4], [3, 4], [3, 6]]
  597,  [[0, 0], [0, 3], [1, 1], [1, 1], [1, 5], [2, 2], [2, 4], [2, 4], [2, 4], [3, 4], [3, 6]]
  598,  [[0, 0], [0, 3], [1, 1], [1, 1], [1, 4], [2, 2], [2, 3], [2, 3], [2, 3], [4, 5], [4, 6]]
  599,  [[0, 3], [0, 4], [1, 1], [1, 1], [1, 3], [2, 2], [2, 2], [2, 4], [2, 4], [3, 5], [3, 6]]
  600,  [[0, 0], [0, 3], [1, 1], [1, 1], [1, 4], [2, 2], [2, 4], [2, 4], [2, 4], [3, 5], [3, 6]]
  601,  [[0, 0], [0, 3], [1, 4], [1, 4], [1, 4], [2, 2], [2, 2], [2, 3], [3, 3], [3, 5], [4, 6]]
  602,  [[0, 0], [0, 3], [1, 4], [1, 4], [1, 4], [2, 2], [2, 2], [2, 3], [2, 3], [3, 3], [4, 5]]
  603,  [[0, 0], [0, 3], [1, 4], [1, 4], [1, 4], [2, 2], [2, 2], [2, 3], [2, 3], [4, 5], [6, 6]]
  604,  [[0, 0], [0, 3], [1, 4], [1, 4], [1, 4], [2, 2], [2, 2], [2, 3], [2, 3], [3, 5], [4, 4]]
  605,  [[0, 0], [0, 3], [1, 4], [1, 4], [1, 4], [2, 2], [2, 2], [2, 3], [2, 3], [3, 5], [6, 6]]
  606,  [[0, 0], [0, 3], [1, 1], [1, 4], [1, 4], [2, 2], [2, 2], [2, 3], [2, 4], [3, 5], [4, 6]]
  607,  [[0, 0], [0, 3], [1, 1], [1, 4], [1, 4], [2, 2], [2, 3], [2, 4], [3, 3], [3, 5], [4, 6]]
  608,  [[0, 0], [0, 3], [1, 1], [1, 4], [1, 4], [2, 2], [2, 3], [2, 3], [3, 5], [4, 4], [4, 6]]
  609,  [[0, 0], [0, 3], [1, 1], [1, 4], [1, 4], [2, 2], [2, 3], [2, 3], [2, 4], [3, 3], [4, 5]]
  610,  [[0, 0], [0, 3], [1, 1], [1, 4], [1, 4], [2, 2], [2, 3], [2, 3], [2, 4], [4, 5], [6, 6]]
  611,  [[0, 0], [0, 3], [1, 1], [1, 4], [1, 4], [2, 2], [2, 3], [2, 3], [2, 4], [3, 5], [4, 4]]
  612,  [[0, 0], [0, 3], [1, 1], [1, 4], [1, 4], [2, 2], [2, 3], [2, 3], [2, 4], [3, 5], [6, 6]]
  613,  [[0, 2], [0, 3], [1, 1], [1, 4], [1, 4], [2, 2], [2, 2], [2, 3], [3, 3], [3, 5], [4, 6]]
  614,  [[0, 0], [0, 3], [1, 2], [1, 4], [1, 4], [2, 2], [2, 2], [2, 3], [3, 3], [3, 5], [4, 6]]
  615,  [[0, 0], [0, 3], [1, 1], [1, 4], [1, 4], [2, 2], [2, 2], [2, 2], [3, 3], [3, 5], [4, 6]]
  616,  [[0, 0], [0, 3], [1, 1], [1, 4], [1, 4], [2, 2], [2, 2], [2, 3], [3, 4], [3, 5], [4, 6]]
  617,  [[0, 0], [0, 3], [1, 1], [1, 4], [1, 4], [2, 2], [2, 2], [2, 3], [3, 3], [4, 5], [6, 6]]
  618,  [[0, 0], [0, 3], [1, 1], [1, 4], [1, 4], [2, 2], [2, 2], [2, 3], [3, 3], [3, 5], [4, 4]]
  619,  [[0, 3], [0, 5], [1, 1], [1, 4], [1, 4], [2, 2], [2, 2], [2, 3], [2, 3], [3, 3], [4, 6]]
  620,  [[0, 0], [0, 3], [1, 4], [1, 4], [1, 5], [2, 2], [2, 2], [2, 3], [2, 3], [3, 3], [4, 6]]
  621,  [[0, 0], [0, 3], [1, 1], [1, 4], [1, 4], [2, 2], [2, 3], [2, 3], [2, 5], [3, 3], [4, 6]]
  622,  [[0, 0], [0, 3], [1, 1], [1, 4], [1, 4], [2, 2], [2, 2], [2, 3], [2, 3], [3, 4], [4, 5]]
  623,  [[0, 0], [0, 3], [1, 1], [1, 4], [1, 4], [2, 2], [2, 2], [2, 3], [2, 3], [3, 3], [4, 4]]
  624,  [[0, 3], [0, 3], [1, 1], [1, 4], [1, 4], [2, 2], [2, 2], [2, 3], [2, 3], [4, 5], [6, 6]]
  625,  [[0, 0], [0, 3], [1, 3], [1, 4], [1, 4], [2, 2], [2, 2], [2, 3], [2, 3], [4, 5], [6, 6]]
  626,  [[0, 0], [0, 3], [1, 1], [1, 4], [1, 4], [2, 2], [2, 2], [2, 3], [2, 3], [4, 4], [5, 5]]
  627,  [[0, 0], [0, 3], [1, 1], [1, 4], [1, 4], [2, 2], [2, 2], [2, 3], [2, 3], [4, 5], [4, 6]]
  628,  [[0, 3], [0, 5], [1, 1], [1, 4], [1, 4], [2, 2], [2, 2], [2, 3], [2, 3], [3, 6], [4, 4]]
  629,  [[0, 0], [0, 3], [1, 4], [1, 4], [1, 5], [2, 2], [2, 2], [2, 3], [2, 3], [3, 6], [4, 4]]
  630,  [[0, 0], [0, 3], [1, 1], [1, 4], [1, 4], [2, 2], [2, 3], [2, 3], [2, 5], [3, 6], [4, 4]]
  631,  [[0, 3], [0, 4], [1, 2], [1, 3], [1, 3], [2, 2], [2, 2], [2, 4], [3, 5], [4, 4], [6, 6]]
  632,  [[0, 3], [0, 4], [1, 3], [1, 3], [1, 4], [2, 2], [2, 2], [2, 2], [3, 5], [4, 4], [4, 6]]
  633,  [[0, 3], [0, 4], [1, 1], [1, 3], [1, 3], [2, 2], [2, 2], [2, 2], [3, 3], [4, 4], [4, 5]]
  634,  [[0, 3], [0, 4], [1, 1], [1, 3], [1, 3], [2, 2], [2, 2], [2, 2], [4, 4], [4, 5], [6, 6]]
  635,  [[0, 3], [0, 4], [1, 1], [1, 3], [1, 3], [2, 2], [2, 2], [2, 2], [3, 5], [4, 4], [4, 4]]
  636,  [[0, 3], [0, 4], [1, 3], [1, 3], [1, 5], [2, 2], [2, 2], [2, 4], [3, 3], [4, 4], [4, 6]]
  637,  [[0, 3], [0, 4], [1, 1], [1, 3], [1, 3], [2, 2], [2, 4], [2, 5], [3, 3], [4, 4], [4, 6]]
  638,  [[0, 3], [0, 4], [1, 1], [1, 3], [1, 3], [2, 2], [2, 2], [2, 3], [2, 4], [4, 4], [4, 5]]
  639,  [[0, 3], [0, 4], [1, 1], [1, 3], [1, 3], [2, 2], [2, 2], [2, 4], [3, 3], [4, 5], [4, 6]]
  640,  [[0, 3], [0, 4], [1, 1], [1, 3], [1, 3], [2, 2], [2, 2], [2, 4], [3, 3], [4, 4], [5, 5]]
  641,  [[0, 3], [0, 4], [1, 3], [1, 3], [1, 3], [2, 2], [2, 2], [2, 4], [4, 4], [4, 5], [6, 6]]
  642,  [[0, 3], [0, 4], [1, 1], [1, 3], [1, 3], [2, 2], [2, 3], [2, 4], [4, 4], [4, 5], [6, 6]]
  643,  [[0, 3], [0, 4], [1, 1], [1, 3], [1, 3], [2, 2], [2, 2], [2, 4], [3, 4], [4, 5], [6, 6]]
  644,  [[0, 3], [0, 4], [1, 1], [1, 3], [1, 3], [2, 2], [2, 2], [2, 4], [4, 4], [5, 5], [6, 6]]
  645,  [[0, 3], [0, 4], [1, 1], [1, 3], [1, 3], [2, 2], [2, 2], [2, 4], [2, 5], [4, 4], [4, 6]]
  646,  [[0, 3], [0, 4], [1, 3], [1, 3], [1, 4], [2, 2], [2, 2], [2, 4], [3, 5], [4, 4], [6, 6]]
  647,  [[0, 3], [0, 4], [1, 1], [1, 3], [1, 3], [2, 2], [2, 2], [2, 4], [2, 5], [3, 6], [4, 4]]
  648,  [[0, 3], [0, 4], [1, 1], [1, 3], [1, 3], [2, 2], [2, 2], [2, 4], [2, 5], [3, 3], [4, 6]]
  649,  [[0, 3], [0, 4], [1, 1], [1, 3], [1, 3], [2, 2], [2, 4], [2, 4], [3, 3], [4, 5], [6, 6]]
  650,  [[0, 3], [0, 4], [1, 1], [1, 3], [1, 3], [2, 2], [2, 4], [2, 4], [2, 5], [3, 3], [4, 4]]
  651,  [[0, 3], [0, 4], [1, 1], [1, 3], [1, 3], [2, 2], [2, 4], [2, 4], [2, 5], [3, 3], [6, 6]]
  652,  [[0, 3], [0, 4], [1, 1], [1, 3], [1, 3], [2, 2], [2, 2], [2, 3], [2, 4], [4, 5], [6, 6]]
  653,  [[0, 3], [0, 4], [1, 1], [1, 3], [1, 3], [2, 2], [2, 3], [2, 4], [2, 4], [4, 4], [5, 5]]
  654,  [[0, 3], [0, 4], [1, 1], [1, 3], [1, 3], [2, 2], [2, 3], [2, 4], [2, 4], [5, 5], [6, 6]]
  655,  [[0, 3], [0, 4], [1, 1], [1, 3], [1, 3], [2, 2], [2, 4], [2, 4], [2, 5], [4, 4], [6, 6]]
  656,  [[0, 0], [0, 2], [1, 3], [1, 3], [1, 4], [2, 2], [2, 2], [2, 4], [3, 5], [4, 4], [4, 6]]
  657,  [[0, 2], [0, 3], [1, 3], [1, 3], [1, 4], [2, 2], [2, 2], [2, 4], [3, 5], [4, 4], [6, 6]]
  658,  [[0, 0], [0, 3], [1, 3], [1, 3], [1, 4], [2, 2], [2, 2], [2, 2], [3, 3], [4, 4], [4, 5]]
  659,  [[0, 0], [0, 3], [1, 3], [1, 3], [1, 4], [2, 2], [2, 2], [2, 2], [4, 4], [4, 5], [6, 6]]
  660,  [[0, 0], [0, 3], [1, 3], [1, 3], [1, 4], [2, 2], [2, 2], [2, 2], [3, 5], [4, 4], [4, 4]]
  661,  [[0, 3], [0, 5], [1, 3], [1, 3], [1, 4], [2, 2], [2, 2], [2, 4], [3, 3], [4, 4], [4, 6]]
  662,  [[0, 0], [0, 3], [1, 3], [1, 3], [1, 4], [2, 2], [2, 4], [2, 5], [3, 3], [4, 4], [4, 6]]
  663,  [[0, 0], [0, 3], [1, 3], [1, 3], [1, 4], [2, 2], [2, 2], [2, 3], [2, 4], [4, 4], [4, 5]]
  664,  [[0, 0], [0, 3], [1, 3], [1, 3], [1, 4], [2, 2], [2, 2], [2, 4], [3, 3], [4, 5], [4, 6]]
  665,  [[0, 0], [0, 3], [1, 3], [1, 3], [1, 4], [2, 2], [2, 2], [2, 4], [3, 3], [4, 4], [5, 5]]
  666,  [[0, 3], [0, 3], [1, 3], [1, 3], [1, 4], [2, 2], [2, 2], [2, 4], [4, 4], [4, 5], [6, 6]]
  667,  [[0, 0], [0, 3], [1, 3], [1, 3], [1, 4], [2, 2], [2, 3], [2, 4], [4, 4], [4, 5], [6, 6]]
  668,  [[0, 0], [0, 3], [1, 3], [1, 3], [1, 4], [2, 2], [2, 2], [2, 4], [3, 4], [4, 5], [6, 6]]
  669,  [[0, 0], [0, 3], [1, 3], [1, 3], [1, 4], [2, 2], [2, 2], [2, 4], [4, 4], [5, 5], [6, 6]]
  670,  [[0, 0], [0, 3], [1, 3], [1, 3], [1, 4], [2, 2], [2, 2], [2, 4], [2, 5], [4, 4], [4, 6]]
  671,  [[0, 0], [0, 3], [1, 3], [1, 3], [1, 4], [2, 2], [2, 2], [2, 4], [2, 5], [3, 6], [4, 4]]
  672,  [[0, 0], [0, 5], [1, 3], [1, 3], [1, 4], [2, 2], [2, 2], [2, 4], [2, 4], [3, 3], [4, 6]]
  673,  [[0, 0], [0, 3], [1, 3], [1, 3], [1, 4], [2, 2], [2, 2], [2, 4], [2, 5], [3, 3], [4, 6]]
  674,  [[0, 0], [0, 3], [1, 3], [1, 3], [1, 4], [2, 2], [2, 4], [2, 4], [3, 3], [4, 5], [6, 6]]
  675,  [[0, 0], [0, 3], [1, 3], [1, 3], [1, 4], [2, 2], [2, 4], [2, 4], [2, 5], [3, 3], [4, 4]]
  676,  [[0, 0], [0, 3], [1, 3], [1, 3], [1, 4], [2, 2], [2, 4], [2, 4], [2, 5], [3, 3], [6, 6]]
  677,  [[0, 0], [0, 3], [1, 3], [1, 3], [1, 4], [2, 2], [2, 2], [2, 3], [2, 4], [4, 5], [6, 6]]
  678,  [[0, 0], [0, 3], [1, 3], [1, 3], [1, 4], [2, 2], [2, 3], [2, 4], [2, 4], [4, 4], [5, 5]]
  679,  [[0, 0], [0, 3], [1, 3], [1, 3], [1, 4], [2, 2], [2, 3], [2, 4], [2, 4], [5, 5], [6, 6]]
  680,  [[0, 0], [0, 5], [1, 3], [1, 3], [1, 4], [2, 2], [2, 2], [2, 4], [2, 4], [3, 6], [4, 4]]
  681,  [[0, 0], [0, 3], [1, 3], [1, 3], [1, 4], [2, 2], [2, 4], [2, 4], [2, 5], [4, 4], [6, 6]]
  682,  [[0, 0], [0, 2], [1, 3], [1, 3], [1, 3], [2, 2], [2, 2], [2, 4], [3, 5], [4, 4], [4, 6]]
  683,  [[0, 0], [0, 2], [1, 1], [1, 3], [1, 3], [2, 2], [2, 3], [2, 4], [3, 5], [4, 4], [4, 6]]
  684,  [[0, 0], [0, 2], [1, 1], [1, 3], [1, 3], [2, 2], [2, 2], [3, 5], [4, 4], [4, 4], [4, 6]]
  685,  [[0, 0], [0, 2], [1, 1], [1, 3], [1, 3], [2, 2], [2, 2], [2, 4], [3, 3], [4, 4], [4, 5]]
  686,  [[0, 0], [0, 2], [1, 1], [1, 3], [1, 3], [2, 2], [2, 2], [2, 4], [3, 4], [3, 5], [4, 6]]
  687,  [[0, 0], [0, 2], [1, 1], [1, 3], [1, 3], [2, 2], [2, 2], [2, 4], [3, 5], [4, 4], [4, 4]]
  688,  [[0, 2], [0, 3], [1, 2], [1, 3], [1, 3], [2, 2], [2, 2], [3, 5], [4, 4], [4, 4], [4, 6]]
  689,  [[0, 2], [0, 3], [1, 1], [1, 3], [1, 3], [2, 2], [2, 2], [3, 3], [4, 4], [4, 4], [4, 5]]
  690,  [[0, 2], [0, 3], [1, 1], [1, 3], [1, 3], [2, 2], [2, 2], [4, 4], [4, 4], [4, 5], [6, 6]]
  691,  [[0, 2], [0, 3], [1, 3], [1, 3], [1, 5], [2, 2], [2, 2], [2, 4], [3, 3], [4, 4], [4, 6]]
  692,  [[0, 2], [0, 3], [1, 1], [1, 3], [1, 3], [2, 2], [2, 4], [2, 5], [3, 3], [4, 4], [4, 6]]
  693,  [[0, 2], [0, 3], [1, 1], [1, 3], [1, 3], [2, 2], [2, 2], [2, 4], [3, 4], [4, 4], [4, 5]]
  694,  [[0, 2], [0, 3], [1, 1], [1, 3], [1, 3], [2, 2], [2, 2], [2, 4], [3, 3], [4, 5], [4, 6]]
  695,  [[0, 2], [0, 3], [1, 3], [1, 3], [1, 3], [2, 2], [2, 2], [2, 4], [4, 4], [4, 5], [6, 6]]
  696,  [[0, 2], [0, 3], [1, 1], [1, 3], [1, 3], [2, 2], [2, 3], [2, 4], [4, 4], [4, 5], [6, 6]]
  697,  [[0, 2], [0, 3], [1, 1], [1, 3], [1, 3], [2, 2], [2, 2], [2, 4], [3, 4], [4, 5], [6, 6]]
  698,  [[0, 2], [0, 3], [1, 1], [1, 3], [1, 3], [2, 2], [2, 2], [2, 4], [4, 4], [4, 5], [4, 6]]
  699,  [[0, 2], [0, 3], [1, 3], [1, 3], [1, 5], [2, 2], [2, 2], [2, 4], [3, 6], [4, 4], [4, 4]]
  700,  [[0, 2], [0, 3], [1, 1], [1, 3], [1, 3], [2, 2], [2, 4], [2, 5], [3, 6], [4, 4], [4, 4]]
  701,  [[0, 0], [0, 3], [1, 2], [1, 3], [1, 3], [2, 2], [2, 2], [3, 3], [4, 4], [4, 4], [4, 5]]
  702,  [[0, 0], [0, 3], [1, 2], [1, 3], [1, 3], [2, 2], [2, 2], [4, 4], [4, 4], [4, 5], [6, 6]]
  703,  [[0, 3], [0, 5], [1, 2], [1, 3], [1, 3], [2, 2], [2, 2], [2, 4], [3, 3], [4, 4], [4, 6]]
  704,  [[0, 0], [0, 3], [1, 2], [1, 3], [1, 3], [2, 2], [2, 4], [2, 5], [3, 3], [4, 4], [4, 6]]
  705,  [[0, 0], [0, 3], [1, 2], [1, 3], [1, 3], [2, 2], [2, 2], [2, 4], [3, 4], [4, 4], [4, 5]]
  706,  [[0, 0], [0, 3], [1, 2], [1, 3], [1, 3], [2, 2], [2, 2], [2, 4], [3, 3], [4, 5], [4, 6]]
  707,  [[0, 3], [0, 3], [1, 2], [1, 3], [1, 3], [2, 2], [2, 2], [2, 4], [4, 4], [4, 5], [6, 6]]
  708,  [[0, 0], [0, 3], [1, 2], [1, 3], [1, 3], [2, 2], [2, 3], [2, 4], [4, 4], [4, 5], [6, 6]]
  709,  [[0, 0], [0, 3], [1, 2], [1, 3], [1, 3], [2, 2], [2, 2], [2, 4], [3, 4], [4, 5], [6, 6]]
  710,  [[0, 0], [0, 3], [1, 2], [1, 3], [1, 3], [2, 2], [2, 2], [2, 4], [4, 4], [4, 5], [4, 6]]
  711,  [[0, 3], [0, 5], [1, 2], [1, 3], [1, 3], [2, 2], [2, 2], [2, 4], [3, 6], [4, 4], [4, 4]]
  712,  [[0, 0], [0, 3], [1, 2], [1, 3], [1, 3], [2, 2], [2, 4], [2, 5], [3, 6], [4, 4], [4, 4]]
  713,  [[0, 0], [0, 5], [1, 1], [1, 3], [1, 3], [2, 2], [2, 2], [2, 4], [3, 3], [4, 4], [4, 6]]
  714,  [[0, 3], [0, 5], [1, 1], [1, 3], [1, 3], [2, 2], [2, 2], [2, 3], [2, 4], [4, 4], [4, 6]]
  715,  [[0, 3], [0, 5], [1, 1], [1, 3], [1, 3], [2, 2], [2, 2], [2, 4], [3, 4], [4, 4], [4, 6]]
  716,  [[0, 3], [0, 5], [1, 1], [1, 3], [1, 3], [2, 2], [2, 2], [2, 4], [3, 3], [4, 4], [4, 4]]
  717,  [[0, 0], [0, 3], [1, 3], [1, 3], [1, 5], [2, 2], [2, 2], [2, 3], [2, 4], [4, 4], [4, 6]]
  718,  [[0, 0], [0, 3], [1, 3], [1, 3], [1, 5], [2, 2], [2, 2], [2, 4], [3, 4], [4, 4], [4, 6]]
  719,  [[0, 0], [0, 3], [1, 3], [1, 3], [1, 5], [2, 2], [2, 2], [2, 4], [3, 3], [4, 4], [4, 4]]
  720,  [[0, 0], [0, 3], [1, 1], [1, 3], [1, 3], [2, 2], [2, 3], [2, 4], [2, 5], [4, 4], [4, 6]]
  721,  [[0, 0], [0, 3], [1, 1], [1, 3], [1, 3], [2, 2], [2, 4], [2, 5], [3, 4], [4, 4], [4, 6]]
  722,  [[0, 0], [0, 3], [1, 1], [1, 3], [1, 3], [2, 2], [2, 4], [2, 5], [3, 3], [4, 4], [4, 4]]
  723,  [[0, 0], [0, 3], [1, 1], [1, 3], [1, 3], [2, 2], [2, 2], [2, 3], [4, 4], [4, 4], [4, 5]]
  724,  [[0, 0], [0, 3], [1, 1], [1, 3], [1, 3], [2, 2], [2, 2], [2, 3], [2, 4], [4, 5], [4, 6]]
  725,  [[0, 0], [0, 3], [1, 1], [1, 3], [1, 3], [2, 2], [2, 2], [2, 3], [2, 4], [4, 4], [4, 4]]
  726,  [[0, 0], [0, 3], [1, 1], [1, 3], [1, 3], [2, 2], [2, 2], [2, 2], [3, 4], [4, 4], [4, 5]]
  727,  [[0, 0], [0, 3], [1, 1], [1, 3], [1, 3], [2, 2], [2, 2], [2, 4], [3, 4], [4, 5], [4, 6]]
  728,  [[0, 0], [0, 3], [1, 1], [1, 3], [1, 3], [2, 2], [2, 2], [2, 4], [3, 4], [4, 4], [5, 5]]
  729,  [[0, 3], [0, 3], [1, 1], [1, 3], [1, 3], [2, 2], [2, 2], [2, 4], [4, 4], [4, 4], [5, 5]]
  730,  [[0, 3], [0, 3], [1, 1], [1, 3], [1, 3], [2, 2], [2, 2], [2, 4], [2, 5], [4, 4], [4, 6]]
  731,  [[0, 3], [0, 3], [1, 1], [1, 3], [1, 3], [2, 2], [2, 2], [2, 4], [4, 4], [4, 5], [4, 6]]
  732,  [[0, 0], [0, 3], [1, 3], [1, 3], [1, 3], [2, 2], [2, 2], [2, 4], [4, 4], [4, 4], [5, 5]]
  733,  [[0, 0], [0, 3], [1, 3], [1, 3], [1, 3], [2, 2], [2, 2], [2, 4], [2, 5], [4, 4], [4, 6]]
  734,  [[0, 0], [0, 3], [1, 3], [1, 3], [1, 3], [2, 2], [2, 2], [2, 4], [4, 4], [4, 5], [4, 6]]
  735,  [[0, 0], [0, 3], [1, 1], [1, 3], [1, 3], [2, 2], [2, 3], [2, 4], [4, 4], [4, 4], [5, 5]]
  736,  [[0, 0], [0, 3], [1, 1], [1, 3], [1, 3], [2, 2], [2, 3], [2, 4], [4, 4], [4, 5], [4, 6]]
  737,  [[0, 0], [0, 3], [1, 1], [1, 3], [1, 3], [2, 2], [2, 2], [2, 4], [2, 5], [3, 4], [4, 6]]
  738,  [[0, 3], [0, 5], [1, 1], [1, 3], [1, 3], [2, 2], [2, 2], [2, 4], [4, 4], [4, 4], [6, 6]]
  739,  [[0, 0], [0, 3], [1, 3], [1, 3], [1, 5], [2, 2], [2, 2], [2, 4], [4, 4], [4, 4], [6, 6]]
  740,  [[0, 0], [0, 3], [1, 1], [1, 3], [1, 3], [2, 2], [2, 4], [2, 5], [4, 4], [4, 4], [6, 6]]
  741,  [[0, 0], [0, 3], [1, 1], [1, 3], [1, 3], [2, 2], [2, 2], [2, 4], [2, 5], [4, 4], [4, 4]]
  742,  [[0, 0], [0, 3], [1, 1], [1, 3], [1, 3], [2, 2], [2, 2], [2, 4], [4, 4], [4, 4], [5, 6]]
  743,  [[0, 0], [0, 3], [1, 1], [1, 3], [1, 3], [2, 2], [2, 2], [2, 5], [4, 4], [4, 4], [4, 6]]
  744,  [[0, 0], [0, 3], [1, 1], [1, 3], [1, 3], [2, 2], [2, 2], [2, 2], [4, 4], [4, 5], [4, 6]]
  745,  [[0, 0], [0, 5], [1, 1], [1, 3], [1, 3], [2, 2], [2, 2], [2, 4], [3, 6], [4, 4], [4, 4]]
  746,  [[0, 0], [0, 5], [1, 3], [1, 3], [1, 3], [2, 2], [2, 2], [2, 4], [2, 4], [3, 3], [4, 6]]
  747,  [[0, 0], [0, 5], [1, 1], [1, 3], [1, 3], [2, 2], [2, 3], [2, 4], [2, 4], [3, 3], [4, 6]]
  748,  [[0, 0], [0, 5], [1, 1], [1, 3], [1, 3], [2, 2], [2, 2], [2, 4], [2, 4], [3, 4], [4, 6]]
  749,  [[0, 0], [0, 5], [1, 1], [1, 3], [1, 3], [2, 2], [2, 2], [2, 4], [2, 4], [3, 3], [4, 4]]
  750,  [[0, 3], [0, 5], [1, 1], [1, 3], [1, 3], [2, 2], [2, 2], [2, 4], [2, 4], [4, 4], [4, 6]]
  751,  [[0, 3], [0, 5], [1, 1], [1, 3], [1, 3], [2, 2], [2, 2], [2, 4], [2, 4], [3, 4], [4, 4]]
  752,  [[0, 3], [0, 5], [1, 1], [1, 3], [1, 3], [2, 2], [2, 2], [2, 4], [2, 4], [3, 4], [6, 6]]
  753,  [[0, 3], [0, 5], [1, 3], [1, 3], [1, 6], [2, 2], [2, 2], [2, 4], [2, 4], [3, 3], [4, 4]]
  754,  [[0, 3], [0, 5], [1, 1], [1, 3], [1, 3], [2, 2], [2, 4], [2, 4], [2, 6], [3, 3], [4, 4]]
  755,  [[0, 0], [0, 3], [1, 3], [1, 3], [1, 5], [2, 2], [2, 2], [2, 4], [2, 4], [4, 4], [4, 6]]
  756,  [[0, 0], [0, 3], [1, 3], [1, 3], [1, 5], [2, 2], [2, 2], [2, 4], [2, 4], [3, 4], [4, 4]]
  757,  [[0, 0], [0, 3], [1, 3], [1, 3], [1, 5], [2, 2], [2, 2], [2, 4], [2, 4], [3, 4], [6, 6]]
  758,  [[0, 0], [0, 3], [1, 3], [1, 3], [1, 5], [2, 2], [2, 4], [2, 4], [2, 6], [3, 3], [4, 4]]
  759,  [[0, 2], [0, 3], [1, 1], [1, 3], [1, 3], [2, 2], [2, 4], [2, 4], [3, 3], [4, 5], [6, 6]]
  760,  [[0, 0], [0, 3], [1, 2], [1, 3], [1, 3], [2, 2], [2, 4], [2, 4], [3, 3], [4, 5], [6, 6]]
  761,  [[0, 0], [0, 3], [1, 1], [1, 3], [1, 3], [2, 2], [2, 4], [2, 4], [2, 5], [3, 4], [4, 4]]
  762,  [[0, 0], [0, 3], [1, 1], [1, 3], [1, 3], [2, 2], [2, 4], [2, 4], [2, 5], [3, 4], [6, 6]]
  763,  [[0, 0], [0, 3], [1, 1], [1, 3], [1, 3], [2, 4], [2, 4], [2, 5], [2, 6], [3, 3], [4, 4]]
  764,  [[0, 3], [0, 3], [1, 1], [1, 3], [1, 3], [2, 2], [2, 2], [2, 4], [2, 4], [4, 4], [4, 5]]
  765,  [[0, 0], [0, 3], [1, 3], [1, 3], [1, 3], [2, 2], [2, 2], [2, 4], [2, 4], [4, 4], [4, 5]]
  766,  [[0, 3], [0, 4], [1, 1], [1, 3], [1, 3], [2, 2], [2, 2], [2, 4], [2, 4], [3, 4], [5, 5]]
  767,  [[0, 0], [0, 3], [1, 3], [1, 3], [1, 4], [2, 2], [2, 2], [2, 4], [2, 4], [3, 4], [5, 5]]
  768,  [[0, 0], [0, 3], [1, 1], [1, 3], [1, 3], [2, 2], [2, 2], [2, 4], [2, 4], [3, 4], [5, 6]]
  769,  [[0, 3], [0, 3], [1, 3], [1, 3], [1, 5], [2, 2], [2, 2], [2, 4], [2, 4], [4, 4], [6, 6]]
  770,  [[0, 3], [0, 3], [1, 1], [1, 3], [1, 3], [2, 2], [2, 4], [2, 4], [2, 5], [4, 4], [6, 6]]
  771,  [[0, 3], [0, 3], [1, 1], [1, 3], [1, 3], [2, 2], [2, 2], [2, 4], [2, 4], [4, 4], [5, 6]]
  772,  [[0, 3], [0, 3], [1, 1], [1, 1], [1, 3], [2, 2], [2, 2], [2, 4], [2, 4], [4, 5], [4, 6]]
  773,  [[0, 3], [0, 5], [1, 3], [1, 3], [1, 3], [2, 2], [2, 2], [2, 4], [2, 4], [4, 4], [6, 6]]
  774,  [[0, 0], [0, 3], [1, 3], [1, 3], [1, 3], [2, 2], [2, 4], [2, 4], [2, 5], [4, 4], [6, 6]]
  775,  [[0, 0], [0, 3], [1, 3], [1, 3], [1, 3], [2, 2], [2, 2], [2, 4], [2, 4], [4, 4], [5, 6]]
  776,  [[0, 3], [0, 5], [1, 1], [1, 3], [1, 3], [2, 2], [2, 3], [2, 4], [2, 4], [4, 4], [6, 6]]
  777,  [[0, 0], [0, 3], [1, 3], [1, 3], [1, 5], [2, 2], [2, 3], [2, 4], [2, 4], [4, 4], [6, 6]]
  778,  [[0, 0], [0, 3], [1, 1], [1, 3], [1, 3], [2, 3], [2, 4], [2, 4], [2, 5], [4, 4], [6, 6]]
  779,  [[0, 0], [0, 3], [1, 1], [1, 3], [1, 3], [2, 2], [2, 3], [2, 4], [2, 4], [4, 4], [5, 6]]
  780,  [[0, 3], [0, 4], [1, 1], [1, 3], [1, 3], [2, 2], [2, 2], [2, 4], [2, 4], [4, 4], [5, 6]]
  781,  [[0, 0], [0, 3], [1, 3], [1, 3], [1, 4], [2, 2], [2, 2], [2, 4], [2, 4], [4, 4], [5, 6]]
  782,  [[0, 0], [0, 5], [1, 3], [1, 3], [1, 3], [2, 2], [2, 2], [2, 4], [2, 4], [3, 6], [4, 4]]
  783,  [[0, 0], [0, 5], [1, 1], [1, 3], [1, 3], [2, 2], [2, 3], [2, 4], [2, 4], [3, 6], [4, 4]]
  784,  [[0, 0], [0, 5], [1, 1], [1, 3], [1, 3], [2, 2], [2, 2], [2, 4], [2, 4], [3, 4], [3, 6]]
  785,  [[0, 0], [0, 2], [1, 3], [1, 3], [1, 3], [2, 2], [2, 4], [2, 4], [3, 3], [4, 4], [4, 5]]
  786,  [[0, 0], [0, 2], [1, 3], [1, 3], [1, 3], [2, 2], [2, 4], [2, 4], [4, 4], [4, 5], [6, 6]]
  787,  [[0, 0], [0, 2], [1, 3], [1, 3], [1, 3], [2, 2], [2, 4], [2, 4], [3, 5], [4, 4], [6, 6]]
  788,  [[0, 0], [0, 2], [1, 1], [1, 3], [1, 3], [2, 3], [2, 4], [2, 4], [3, 3], [4, 4], [4, 5]]
  789,  [[0, 0], [0, 2], [1, 1], [1, 3], [1, 3], [2, 3], [2, 4], [2, 4], [4, 4], [4, 5], [6, 6]]
  790,  [[0, 0], [0, 2], [1, 1], [1, 3], [1, 3], [2, 3], [2, 4], [2, 4], [3, 5], [4, 4], [6, 6]]
  791,  [[0, 2], [0, 5], [1, 1], [1, 3], [1, 3], [2, 2], [2, 4], [2, 4], [3, 3], [4, 4], [4, 6]]
  792,  [[0, 0], [0, 2], [1, 3], [1, 3], [1, 5], [2, 2], [2, 4], [2, 4], [3, 3], [4, 4], [4, 6]]
  793,  [[0, 0], [0, 2], [1, 1], [1, 3], [1, 3], [2, 4], [2, 4], [2, 5], [3, 3], [4, 4], [4, 6]]
  794,  [[0, 0], [0, 2], [1, 1], [1, 3], [1, 3], [2, 2], [2, 4], [2, 4], [3, 3], [3, 4], [4, 5]]
  795,  [[0, 0], [0, 2], [1, 1], [1, 3], [1, 3], [2, 2], [2, 4], [2, 4], [3, 3], [4, 5], [4, 6]]
  796,  [[0, 0], [0, 2], [1, 1], [1, 3], [1, 3], [2, 2], [2, 4], [2, 4], [3, 3], [4, 4], [5, 5]]
  797,  [[0, 0], [0, 2], [1, 1], [1, 3], [1, 3], [2, 2], [2, 4], [3, 4], [3, 5], [4, 4], [4, 6]]
  798,  [[0, 0], [0, 2], [1, 1], [1, 3], [1, 3], [2, 2], [2, 4], [2, 4], [3, 3], [3, 5], [4, 6]]
  799,  [[0, 0], [0, 2], [1, 1], [1, 3], [1, 3], [2, 2], [2, 4], [2, 4], [3, 4], [4, 5], [6, 6]]
  800,  [[0, 0], [0, 2], [1, 1], [1, 3], [1, 3], [2, 2], [2, 4], [2, 4], [3, 4], [3, 5], [4, 4]]
  801,  [[0, 0], [0, 2], [1, 1], [1, 3], [1, 3], [2, 2], [2, 4], [2, 4], [3, 4], [3, 5], [6, 6]]
  802,  [[0, 2], [0, 3], [1, 1], [1, 4], [1, 4], [2, 2], [2, 3], [2, 3], [3, 3], [4, 5], [6, 6]]
  803,  [[0, 0], [0, 2], [1, 3], [1, 3], [1, 4], [2, 2], [2, 4], [2, 4], [3, 5], [4, 4], [6, 6]]
  804,  [[0, 0], [0, 2], [1, 1], [1, 3], [1, 3], [2, 4], [2, 4], [2, 4], [3, 5], [4, 4], [6, 6]]
  805,  [[0, 0], [0, 2], [1, 1], [1, 3], [1, 3], [2, 2], [2, 4], [3, 5], [4, 4], [4, 4], [6, 6]]
  806,  [[0, 0], [0, 2], [1, 1], [1, 3], [1, 3], [2, 2], [2, 4], [2, 4], [3, 5], [3, 6], [4, 4]]
  807,  [[0, 2], [0, 3], [1, 3], [1, 3], [1, 5], [2, 2], [2, 4], [2, 4], [3, 3], [4, 4], [6, 6]]
  808,  [[0, 2], [0, 3], [1, 1], [1, 3], [1, 3], [2, 4], [2, 4], [2, 5], [3, 3], [4, 4], [6, 6]]
  809,  [[0, 2], [0, 3], [1, 1], [1, 3], [1, 3], [2, 2], [2, 4], [3, 3], [4, 4], [4, 5], [4, 6]]
  810,  [[0, 2], [0, 3], [1, 1], [1, 3], [1, 3], [2, 2], [2, 4], [2, 4], [3, 4], [4, 4], [5, 5]]
  811,  [[0, 2], [0, 3], [1, 1], [1, 3], [1, 3], [2, 2], [2, 4], [2, 4], [3, 3], [4, 4], [5, 6]]
  812,  [[0, 2], [0, 3], [1, 3], [1, 3], [1, 3], [2, 2], [2, 4], [2, 4], [4, 4], [5, 5], [6, 6]]
  813,  [[0, 2], [0, 3], [1, 1], [1, 3], [1, 3], [2, 3], [2, 4], [2, 4], [4, 4], [5, 5], [6, 6]]
  814,  [[0, 2], [0, 3], [1, 1], [1, 3], [1, 3], [2, 2], [2, 4], [3, 4], [4, 4], [4, 5], [6, 6]]
  815,  [[0, 2], [0, 3], [1, 1], [1, 3], [1, 3], [2, 2], [2, 4], [2, 4], [3, 4], [5, 5], [6, 6]]
  816,  [[0, 2], [0, 3], [1, 2], [1, 3], [1, 3], [2, 2], [2, 4], [3, 5], [4, 4], [4, 4], [6, 6]]
  817,  [[0, 0], [0, 5], [1, 2], [1, 3], [1, 3], [2, 2], [2, 4], [2, 4], [3, 3], [4, 4], [4, 6]]
  818,  [[0, 3], [0, 5], [1, 2], [1, 3], [1, 3], [2, 2], [2, 4], [2, 4], [3, 3], [4, 4], [6, 6]]
  819,  [[0, 0], [0, 3], [1, 2], [1, 3], [1, 3], [2, 4], [2, 4], [2, 5], [3, 3], [4, 4], [6, 6]]
  820,  [[0, 0], [0, 3], [1, 2], [1, 3], [1, 3], [2, 2], [2, 4], [3, 3], [4, 4], [4, 5], [4, 6]]
  821,  [[0, 0], [0, 3], [1, 2], [1, 3], [1, 3], [2, 2], [2, 4], [2, 4], [3, 4], [4, 4], [5, 5]]
  822,  [[0, 0], [0, 3], [1, 2], [1, 3], [1, 3], [2, 2], [2, 4], [2, 4], [3, 3], [4, 4], [5, 6]]
  823,  [[0, 3], [0, 3], [1, 2], [1, 3], [1, 3], [2, 2], [2, 4], [2, 4], [4, 4], [5, 5], [6, 6]]
  824,  [[0, 0], [0, 3], [1, 2], [1, 3], [1, 3], [2, 3], [2, 4], [2, 4], [4, 4], [5, 5], [6, 6]]
  825,  [[0, 0], [0, 3], [1, 2], [1, 3], [1, 3], [2, 2], [2, 4], [3, 4], [4, 4], [4, 5], [6, 6]]
  826,  [[0, 0], [0, 3], [1, 2], [1, 3], [1, 3], [2, 2], [2, 4], [2, 4], [3, 4], [5, 5], [6, 6]]
  827,  [[0, 0], [0, 3], [1, 2], [1, 4], [1, 4], [2, 2], [2, 3], [2, 3], [3, 3], [4, 5], [6, 6]]
  828,  [[0, 0], [0, 5], [1, 3], [1, 3], [1, 3], [2, 2], [2, 4], [2, 4], [3, 3], [4, 4], [4, 6]]
  829,  [[0, 0], [0, 5], [1, 1], [1, 3], [1, 3], [2, 2], [2, 3], [2, 4], [2, 4], [4, 4], [4, 6]]
  830,  [[0, 0], [0, 5], [1, 1], [1, 3], [1, 3], [2, 2], [2, 4], [2, 4], [3, 3], [3, 4], [4, 6]]
  831,  [[0, 0], [0, 5], [1, 1], [1, 3], [1, 3], [2, 2], [2, 4], [2, 4], [3, 3], [4, 4], [6, 6]]
  832,  [[0, 3], [0, 5], [1, 1], [1, 3], [1, 3], [2, 2], [2, 4], [2, 4], [3, 4], [4, 4], [6, 6]]
  833,  [[0, 0], [0, 3], [1, 3], [1, 3], [1, 5], [2, 2], [2, 4], [2, 4], [3, 4], [4, 4], [6, 6]]
  834,  [[0, 0], [0, 3], [1, 1], [1, 3], [1, 3], [2, 2], [2, 4], [2, 4], [3, 4], [4, 4], [5, 6]]
  835,  [[0, 3], [0, 4], [1, 1], [1, 3], [1, 3], [2, 2], [2, 4], [2, 4], [3, 3], [4, 4], [5, 6]]
  836,  [[0, 0], [0, 3], [1, 3], [1, 3], [1, 4], [2, 2], [2, 4], [2, 4], [3, 3], [4, 4], [5, 6]]
  837,  [[0, 3], [0, 3], [1, 1], [1, 1], [1, 3], [2, 2], [2, 4], [2, 4], [2, 5], [4, 4], [4, 6]]
  838,  [[0, 3], [0, 4], [1, 1], [1, 3], [1, 3], [2, 2], [2, 4], [2, 4], [3, 4], [5, 5], [6, 6]]
  839,  [[0, 0], [0, 3], [1, 3], [1, 3], [1, 4], [2, 2], [2, 4], [2, 4], [3, 4], [5, 5], [6, 6]]
  840,  [[0, 0], [0, 3], [1, 4], [1, 4], [1, 4], [2, 2], [2, 3], [2, 3], [3, 3], [4, 5], [6, 6]]
  841,  [[0, 0], [0, 3], [1, 1], [1, 4], [1, 4], [2, 2], [2, 3], [2, 3], [3, 4], [4, 5], [6, 6]]
  842,  [[0, 0], [0, 3], [1, 1], [1, 4], [1, 4], [2, 2], [2, 3], [2, 3], [3, 3], [4, 4], [5, 5]]
  843,  [[0, 0], [0, 3], [1, 1], [1, 4], [1, 4], [2, 2], [2, 3], [2, 3], [3, 3], [4, 5], [4, 6]]
  844,  [[0, 0], [0, 5], [1, 3], [1, 3], [1, 3], [2, 2], [2, 4], [2, 4], [2, 4], [3, 3], [4, 4]]
  845,  [[0, 0], [0, 5], [1, 3], [1, 3], [1, 3], [2, 2], [2, 4], [2, 4], [2, 4], [3, 3], [6, 6]]
  846,  [[0, 0], [0, 5], [1, 1], [1, 3], [1, 3], [2, 3], [2, 4], [2, 4], [2, 4], [3, 3], [4, 4]]
  847,  [[0, 0], [0, 5], [1, 1], [1, 3], [1, 3], [2, 3], [2, 4], [2, 4], [2, 4], [3, 3], [6, 6]]
  848,  [[0, 5], [0, 6], [1, 1], [1, 3], [1, 3], [2, 2], [2, 4], [2, 4], [2, 4], [3, 3], [4, 4]]
  849,  [[0, 0], [0, 5], [1, 3], [1, 3], [1, 6], [2, 2], [2, 4], [2, 4], [2, 4], [3, 3], [4, 4]]
  850,  [[0, 0], [0, 5], [1, 1], [1, 3], [1, 3], [2, 4], [2, 4], [2, 4], [2, 6], [3, 3], [4, 4]]
  851,  [[0, 0], [0, 5], [1, 1], [1, 3], [1, 3], [2, 2], [2, 4], [2, 4], [2, 4], [3, 3], [3, 4]]
  852,  [[0, 3], [0, 5], [1, 1], [1, 4], [1, 4], [2, 2], [2, 3], [2, 3], [2, 3], [4, 4], [6, 6]]
  853,  [[0, 0], [0, 5], [1, 3], [1, 3], [1, 4], [2, 2], [2, 4], [2, 4], [2, 4], [3, 3], [6, 6]]
  854,  [[0, 0], [0, 5], [1, 1], [1, 3], [1, 3], [2, 2], [2, 4], [2, 4], [2, 4], [3, 4], [6, 6]]
  855,  [[0, 0], [0, 5], [1, 1], [1, 3], [1, 3], [2, 2], [2, 4], [2, 4], [2, 4], [3, 3], [3, 6]]
  856,  [[0, 0], [0, 3], [1, 4], [1, 4], [1, 5], [2, 2], [2, 3], [2, 3], [2, 3], [4, 4], [6, 6]]
  857,  [[0, 0], [0, 3], [1, 1], [1, 4], [1, 4], [2, 3], [2, 3], [2, 3], [2, 5], [4, 4], [6, 6]]
  858,  [[0, 0], [0, 3], [1, 4], [1, 4], [1, 4], [2, 2], [2, 3], [2, 3], [2, 3], [4, 4], [5, 5]]
  859,  [[0, 0], [0, 3], [1, 1], [1, 4], [1, 4], [2, 3], [2, 3], [2, 3], [2, 4], [4, 4], [5, 5]]
  860,  [[0, 0], [0, 3], [1, 1], [1, 4], [1, 4], [2, 2], [2, 3], [2, 3], [2, 3], [4, 4], [4, 5]]
  861,  [[0, 0], [0, 3], [1, 1], [1, 4], [1, 4], [2, 2], [2, 3], [2, 3], [2, 3], [4, 4], [5, 6]]
  862,  [[0, 3], [0, 4], [1, 1], [1, 3], [1, 3], [2, 2], [2, 2], [2, 4], [2, 4], [3, 3], [5, 6]]
  863,  [[0, 0], [0, 3], [1, 3], [1, 3], [1, 4], [2, 2], [2, 2], [2, 4], [2, 4], [3, 3], [5, 6]]
  864,  [[0, 3], [0, 3], [1, 1], [1, 1], [1, 3], [2, 2], [2, 4], [2, 4], [2, 4], [4, 4], [5, 6]]
  865,  [[0, 0], [0, 5], [1, 3], [1, 3], [1, 3], [2, 2], [2, 4], [2, 4], [2, 4], [4, 4], [6, 6]]
  866,  [[0, 0], [0, 3], [1, 4], [1, 4], [1, 4], [2, 2], [2, 3], [2, 3], [2, 3], [5, 5], [6, 6]]
  867,  [[0, 0], [0, 5], [1, 1], [1, 3], [1, 3], [2, 3], [2, 4], [2, 4], [2, 4], [4, 4], [6, 6]]
  868,  [[0, 0], [0, 3], [1, 1], [1, 1], [1, 3], [2, 3], [2, 4], [2, 4], [2, 4], [4, 4], [5, 6]]
  869,  [[0, 0], [0, 3], [1, 1], [1, 4], [1, 4], [2, 3], [2, 3], [2, 3], [2, 4], [5, 5], [6, 6]]
  870,  [[0, 0], [0, 5], [1, 1], [1, 3], [1, 3], [2, 2], [2, 4], [2, 4], [3, 4], [3, 6], [4, 4]]
Total nodes =  871
Total edges =  2016
Goal candidates No. 159
Goal candidates No. 197
True Goal graph No. 223
Goal candidates No. 226
Goal candidates No. 228
Goal candidates No. 288
Goal candidates No. 298
Goal candidates No. 307
Goal candidates No. 362
Goal candidates No. 378
Goal candidates No. 381
Total Goals =  11  and Paths = 51 

True paths: 5 / 51 

