Nomber of atoms =  9
Atoms =  ['X', 'M', 'N', 'CH3', 'C', 'H', 'H', 'H', 'H']
Valence electrons =  [7, 1, 5, 1, 4, 1, 1, 1, 1]
Fixed electrons =  [[0, 0], [0, 0], [0, 0]]
Good initial graph No.0!
Good goal graph!

 Generated No. and Nodes:
    0,  [[0, 4], [2, 2], [2, 2], [2, 5], [2, 6], [3, 4], [4, 7], [4, 8]]
    1,  [[0, 0], [2, 2], [2, 2], [2, 5], [2, 6], [3, 4], [4, 7], [4, 8]]
    2,  [[0, 4], [1, 2], [2, 2], [2, 5], [2, 6], [3, 4], [4, 7], [4, 8]]
    3,  [[0, 4], [2, 2], [2, 2], [2, 5], [3, 4], [4, 6], [4, 7], [8, 8]]
    4,  [[0, 4], [2, 2], [2, 2], [2, 5], [2, 6], [4, 4], [4, 7], [4, 8]]
    5,  [[0, 4], [2, 2], [2, 2], [2, 5], [2, 6], [3, 4], [4, 4], [4, 7]]
    6,  [[0, 4], [2, 2], [2, 2], [2, 5], [2, 6], [3, 4], [4, 7], [8, 8]]
    7,  [[0, 1], [2, 2], [2, 2], [2, 5], [2, 6], [3, 4], [4, 7], [4, 8]]
    8,  [[0, 0], [1, 2], [2, 2], [2, 5], [2, 6], [3, 4], [4, 7], [4, 8]]
    9,  [[0, 0], [2, 2], [2, 4], [2, 5], [2, 6], [3, 4], [4, 7], [4, 8]]
   10,  [[0, 0], [2, 2], [2, 2], [2, 5], [3, 4], [4, 6], [4, 7], [8, 8]]
   11,  [[0, 0], [2, 2], [2, 2], [2, 5], [2, 6], [4, 4], [4, 7], [4, 8]]
   12,  [[0, 0], [2, 2], [2, 2], [2, 5], [2, 6], [3, 4], [4, 4], [4, 7]]
   13,  [[0, 4], [1, 2], [2, 2], [2, 2], [2, 5], [3, 4], [4, 6], [4, 7]]
   14,  [[0, 4], [1, 2], [2, 2], [2, 5], [3, 4], [4, 6], [4, 7], [8, 8]]
   15,  [[0, 4], [1, 2], [2, 2], [2, 5], [2, 6], [4, 4], [4, 7], [4, 8]]
   16,  [[0, 4], [1, 2], [2, 2], [2, 5], [2, 6], [3, 4], [4, 4], [4, 7]]
   17,  [[0, 4], [1, 2], [2, 2], [2, 5], [2, 6], [3, 4], [4, 7], [8, 8]]
   18,  [[0, 4], [2, 2], [2, 2], [2, 2], [3, 4], [4, 5], [4, 6], [7, 7]]
   19,  [[0, 4], [2, 2], [2, 2], [2, 5], [4, 4], [4, 6], [4, 7], [8, 8]]
   20,  [[0, 4], [2, 2], [2, 2], [2, 5], [3, 4], [4, 4], [4, 6], [7, 7]]
   21,  [[0, 4], [2, 2], [2, 2], [2, 5], [3, 4], [4, 6], [7, 7], [8, 8]]
   22,  [[0, 4], [1, 5], [2, 2], [2, 2], [2, 6], [3, 4], [4, 7], [4, 8]]
   23,  [[0, 4], [2, 2], [2, 3], [2, 5], [2, 6], [4, 4], [4, 7], [4, 8]]
   24,  [[0, 4], [1, 4], [2, 2], [2, 2], [2, 5], [2, 6], [4, 7], [4, 8]]
   25,  [[0, 4], [2, 2], [2, 2], [2, 5], [2, 6], [4, 4], [4, 7], [8, 8]]
   26,  [[0, 4], [2, 2], [2, 5], [2, 6], [2, 7], [3, 4], [4, 4], [4, 8]]
   27,  [[0, 4], [1, 4], [2, 2], [2, 2], [2, 5], [2, 6], [3, 4], [4, 7]]
   28,  [[0, 4], [2, 2], [2, 2], [2, 5], [2, 6], [3, 4], [4, 4], [7, 7]]
   29,  [[0, 4], [2, 2], [2, 4], [2, 5], [2, 6], [3, 4], [4, 7], [8, 8]]
   30,  [[0, 4], [1, 5], [2, 2], [2, 2], [2, 6], [2, 7], [3, 4], [4, 8]]
   31,  [[0, 1], [2, 2], [2, 4], [2, 5], [2, 6], [3, 4], [4, 7], [4, 8]]
   32,  [[0, 1], [2, 2], [2, 2], [2, 5], [3, 4], [4, 6], [4, 7], [8, 8]]
   33,  [[0, 1], [2, 2], [2, 2], [2, 5], [2, 6], [4, 4], [4, 7], [4, 8]]
   34,  [[0, 1], [2, 2], [2, 2], [2, 5], [2, 6], [3, 4], [4, 4], [4, 7]]
   35,  [[0, 0], [1, 2], [2, 4], [2, 5], [2, 6], [3, 4], [4, 7], [4, 8]]
   36,  [[0, 0], [1, 2], [2, 2], [2, 2], [2, 5], [3, 4], [4, 6], [4, 7]]
   37,  [[0, 0], [1, 2], [2, 2], [2, 5], [3, 4], [4, 6], [4, 7], [8, 8]]
   38,  [[0, 0], [1, 2], [2, 2], [2, 5], [2, 6], [4, 4], [4, 7], [4, 8]]
   39,  [[0, 0], [1, 2], [2, 2], [2, 5], [2, 6], [3, 4], [4, 4], [4, 7]]
   40,  [[0, 0], [2, 2], [2, 5], [2, 6], [3, 4], [4, 4], [4, 7], [4, 8]]
   41,  [[0, 0], [2, 2], [2, 2], [2, 4], [2, 5], [3, 4], [4, 6], [4, 7]]
   42,  [[0, 0], [2, 2], [2, 4], [2, 5], [3, 4], [4, 6], [4, 7], [8, 8]]
   43,  [[0, 0], [2, 2], [2, 4], [2, 5], [2, 6], [4, 4], [4, 7], [4, 8]]
   44,  [[0, 0], [2, 2], [2, 4], [2, 5], [2, 6], [3, 4], [4, 4], [4, 7]]
   45,  [[0, 0], [2, 2], [2, 4], [2, 5], [2, 6], [3, 4], [4, 7], [8, 8]]
   46,  [[0, 2], [2, 2], [2, 2], [2, 5], [3, 4], [4, 6], [4, 7], [8, 8]]
   47,  [[0, 0], [2, 2], [2, 2], [2, 5], [4, 4], [4, 6], [4, 7], [8, 8]]
   48,  [[0, 0], [2, 2], [2, 2], [2, 5], [3, 4], [4, 4], [4, 6], [7, 7]]
   49,  [[0, 0], [1, 5], [2, 2], [2, 2], [2, 6], [3, 4], [4, 7], [4, 8]]
   50,  [[0, 0], [2, 2], [2, 2], [2, 5], [3, 4], [4, 6], [4, 7], [4, 8]]
   51,  [[0, 3], [2, 2], [2, 2], [2, 5], [2, 6], [4, 4], [4, 7], [4, 8]]
   52,  [[0, 0], [2, 2], [2, 3], [2, 5], [2, 6], [4, 4], [4, 7], [4, 8]]
   53,  [[0, 0], [1, 4], [2, 2], [2, 2], [2, 5], [2, 6], [4, 7], [4, 8]]
   54,  [[0, 5], [2, 2], [2, 2], [2, 6], [2, 7], [3, 4], [4, 4], [4, 8]]
   55,  [[0, 0], [2, 2], [2, 5], [2, 6], [2, 7], [3, 4], [4, 4], [4, 8]]
   56,  [[0, 0], [1, 4], [2, 2], [2, 2], [2, 5], [2, 6], [3, 4], [4, 7]]
   57,  [[0, 4], [1, 2], [2, 2], [2, 2], [3, 4], [4, 5], [4, 6], [7, 7]]
   58,  [[0, 4], [1, 2], [2, 2], [2, 2], [2, 5], [4, 4], [4, 6], [4, 7]]
   59,  [[0, 4], [1, 2], [2, 2], [2, 2], [2, 5], [3, 4], [4, 4], [4, 6]]
   60,  [[0, 4], [1, 2], [2, 2], [2, 2], [2, 5], [3, 4], [4, 6], [7, 7]]
   61,  [[0, 4], [1, 2], [2, 2], [2, 5], [4, 4], [4, 6], [4, 7], [8, 8]]
   62,  [[0, 4], [1, 2], [2, 2], [2, 5], [3, 4], [4, 4], [4, 6], [7, 7]]
   63,  [[0, 4], [1, 2], [2, 2], [2, 5], [3, 4], [4, 6], [7, 7], [8, 8]]
   64,  [[0, 4], [1, 2], [2, 3], [2, 5], [2, 6], [4, 4], [4, 7], [4, 8]]
   65,  [[0, 4], [1, 2], [2, 2], [2, 5], [2, 6], [4, 4], [4, 7], [8, 8]]
   66,  [[0, 4], [1, 2], [2, 5], [2, 6], [2, 7], [3, 4], [4, 4], [4, 8]]
   67,  [[0, 4], [1, 2], [2, 2], [2, 5], [2, 6], [3, 4], [4, 4], [7, 7]]
   68,  [[0, 4], [1, 2], [2, 4], [2, 5], [2, 6], [3, 4], [4, 7], [8, 8]]
   69,  [[0, 4], [1, 5], [2, 2], [2, 2], [2, 2], [3, 4], [4, 6], [4, 7]]
   70,  [[0, 4], [2, 2], [2, 2], [2, 2], [3, 4], [4, 5], [4, 6], [7, 8]]
   71,  [[0, 4], [2, 2], [2, 3], [2, 5], [4, 4], [4, 6], [4, 7], [8, 8]]
   72,  [[0, 4], [1, 4], [2, 2], [2, 2], [2, 5], [4, 6], [4, 7], [8, 8]]
   73,  [[0, 4], [2, 2], [2, 2], [2, 4], [2, 5], [4, 6], [4, 7], [8, 8]]
   74,  [[0, 4], [2, 2], [2, 2], [2, 5], [4, 4], [4, 6], [7, 7], [8, 8]]
   75,  [[0, 4], [1, 5], [2, 2], [2, 2], [2, 6], [4, 4], [4, 7], [4, 8]]
   76,  [[0, 4], [2, 2], [2, 2], [2, 5], [3, 6], [4, 4], [4, 7], [4, 8]]
   77,  [[0, 4], [2, 2], [2, 5], [2, 6], [3, 4], [4, 4], [4, 7], [8, 8]]
   78,  [[0, 4], [1, 4], [2, 2], [2, 2], [2, 5], [3, 4], [4, 6], [7, 7]]
   79,  [[0, 4], [2, 2], [2, 2], [2, 4], [2, 5], [3, 4], [4, 6], [7, 7]]
   80,  [[0, 4], [2, 2], [2, 2], [2, 5], [3, 4], [4, 4], [6, 6], [7, 7]]
   81,  [[0, 4], [1, 5], [2, 2], [2, 2], [2, 6], [3, 4], [4, 4], [4, 7]]
   82,  [[0, 4], [2, 2], [2, 2], [2, 5], [3, 4], [4, 4], [4, 6], [7, 8]]
   83,  [[0, 4], [2, 2], [2, 4], [2, 5], [3, 4], [4, 6], [7, 7], [8, 8]]
   84,  [[0, 4], [1, 5], [2, 2], [2, 2], [2, 6], [3, 4], [4, 7], [8, 8]]
   85,  [[0, 4], [2, 2], [2, 2], [2, 3], [2, 5], [4, 4], [4, 6], [4, 7]]
   86,  [[0, 4], [1, 4], [2, 2], [2, 3], [2, 5], [2, 6], [4, 7], [4, 8]]
   87,  [[0, 4], [2, 2], [2, 3], [2, 5], [2, 6], [4, 4], [4, 7], [8, 8]]
   88,  [[0, 4], [1, 4], [2, 2], [2, 2], [2, 5], [2, 6], [4, 4], [4, 7]]
   89,  [[0, 4], [1, 4], [2, 2], [2, 2], [2, 5], [2, 6], [4, 7], [8, 8]]
   90,  [[0, 4], [2, 2], [2, 4], [2, 5], [2, 6], [4, 4], [4, 7], [8, 8]]
   91,  [[0, 4], [1, 5], [2, 2], [2, 2], [2, 6], [2, 7], [4, 4], [4, 8]]
   92,  [[0, 4], [2, 2], [2, 2], [2, 5], [2, 6], [3, 7], [4, 4], [4, 8]]
   93,  [[0, 4], [1, 4], [2, 2], [2, 5], [2, 6], [2, 7], [3, 4], [4, 8]]
   94,  [[0, 4], [2, 2], [2, 5], [2, 6], [2, 7], [3, 4], [4, 4], [8, 8]]
   95,  [[0, 4], [1, 4], [2, 2], [2, 2], [2, 5], [2, 6], [3, 4], [4, 4]]
   96,  [[0, 4], [1, 4], [2, 2], [2, 2], [2, 5], [2, 6], [3, 4], [7, 7]]
   97,  [[0, 4], [2, 2], [2, 4], [2, 5], [2, 6], [3, 4], [4, 4], [7, 7]]
   98,  [[0, 4], [1, 5], [2, 2], [2, 2], [2, 6], [2, 7], [3, 4], [4, 4]]
   99,  [[0, 4], [2, 2], [2, 2], [2, 5], [2, 6], [3, 4], [4, 4], [7, 8]]
  100,  [[0, 4], [2, 2], [2, 4], [2, 5], [2, 6], [3, 4], [7, 7], [8, 8]]
  101,  [[0, 4], [1, 5], [2, 2], [2, 4], [2, 6], [2, 7], [3, 4], [4, 8]]
  102,  [[0, 1], [2, 2], [2, 5], [2, 6], [3, 4], [4, 4], [4, 7], [4, 8]]
  103,  [[0, 1], [2, 2], [2, 2], [2, 4], [2, 5], [3, 4], [4, 6], [4, 7]]
  104,  [[0, 1], [2, 2], [2, 4], [2, 5], [3, 4], [4, 6], [4, 7], [8, 8]]
  105,  [[0, 1], [2, 2], [2, 4], [2, 5], [2, 6], [4, 4], [4, 7], [4, 8]]
  106,  [[0, 1], [2, 2], [2, 4], [2, 5], [2, 6], [3, 4], [4, 4], [4, 7]]
  107,  [[0, 1], [2, 2], [2, 4], [2, 5], [2, 6], [3, 4], [4, 7], [8, 8]]
  108,  [[0, 1], [2, 2], [2, 2], [2, 2], [3, 4], [4, 5], [4, 6], [7, 7]]
  109,  [[0, 1], [2, 2], [2, 2], [2, 5], [4, 4], [4, 6], [4, 7], [8, 8]]
  110,  [[0, 1], [2, 2], [2, 2], [2, 5], [3, 4], [4, 4], [4, 6], [7, 7]]
  111,  [[0, 1], [2, 2], [2, 2], [2, 5], [3, 4], [4, 6], [4, 7], [4, 8]]
  112,  [[0, 1], [2, 2], [2, 3], [2, 5], [2, 6], [4, 4], [4, 7], [4, 8]]
  113,  [[0, 1], [2, 2], [2, 2], [2, 5], [2, 6], [4, 4], [4, 4], [4, 7]]
  114,  [[0, 1], [2, 2], [2, 5], [2, 6], [2, 7], [3, 4], [4, 4], [4, 8]]
  115,  [[0, 1], [2, 2], [2, 2], [2, 5], [2, 6], [3, 4], [4, 4], [4, 4]]
  116,  [[0, 0], [1, 2], [2, 2], [2, 4], [2, 5], [3, 4], [4, 6], [4, 7]]
  117,  [[0, 0], [1, 2], [2, 4], [2, 5], [2, 6], [4, 4], [4, 7], [4, 8]]
  118,  [[0, 0], [1, 2], [2, 4], [2, 5], [2, 6], [3, 4], [4, 4], [4, 7]]
  119,  [[0, 0], [1, 2], [2, 4], [2, 5], [2, 6], [3, 4], [4, 7], [8, 8]]
  120,  [[0, 5], [1, 2], [2, 2], [2, 2], [2, 6], [3, 4], [4, 7], [4, 8]]
  121,  [[0, 0], [1, 2], [2, 2], [2, 2], [3, 4], [4, 5], [4, 6], [7, 7]]
  122,  [[0, 0], [1, 2], [2, 2], [2, 2], [2, 5], [4, 4], [4, 6], [4, 7]]
  123,  [[0, 0], [1, 2], [2, 2], [2, 2], [2, 5], [3, 4], [4, 4], [4, 6]]
  124,  [[0, 2], [1, 2], [2, 2], [2, 5], [3, 4], [4, 6], [4, 7], [8, 8]]
  125,  [[0, 0], [1, 2], [2, 2], [2, 5], [4, 4], [4, 6], [4, 7], [8, 8]]
  126,  [[0, 0], [1, 2], [2, 2], [2, 5], [3, 4], [4, 4], [4, 6], [7, 7]]
  127,  [[0, 0], [1, 2], [2, 2], [2, 5], [3, 4], [4, 6], [4, 7], [4, 8]]
  128,  [[0, 3], [1, 2], [2, 2], [2, 5], [2, 6], [4, 4], [4, 7], [4, 8]]
  129,  [[0, 0], [1, 2], [2, 3], [2, 5], [2, 6], [4, 4], [4, 7], [4, 8]]
  130,  [[0, 0], [1, 2], [2, 2], [2, 5], [2, 6], [4, 4], [4, 4], [4, 7]]
  131,  [[0, 5], [1, 2], [2, 2], [2, 6], [2, 7], [3, 4], [4, 4], [4, 8]]
  132,  [[0, 0], [1, 2], [2, 5], [2, 6], [2, 7], [3, 4], [4, 4], [4, 8]]
  133,  [[0, 0], [1, 2], [2, 2], [2, 5], [2, 6], [3, 4], [4, 4], [4, 4]]
  134,  [[0, 2], [2, 2], [2, 5], [2, 6], [3, 4], [4, 4], [4, 7], [4, 8]]
  135,  [[0, 0], [2, 2], [2, 2], [2, 5], [3, 4], [4, 4], [4, 6], [4, 7]]
  136,  [[0, 0], [1, 4], [2, 2], [2, 5], [2, 6], [3, 4], [4, 7], [4, 8]]
  137,  [[0, 0], [2, 2], [2, 5], [2, 6], [3, 4], [4, 4], [4, 7], [8, 8]]
  138,  [[0, 5], [2, 2], [2, 2], [2, 4], [2, 6], [3, 4], [4, 7], [4, 8]]
  139,  [[0, 0], [2, 2], [2, 2], [2, 4], [3, 4], [4, 5], [4, 6], [7, 7]]
  140,  [[0, 2], [2, 2], [2, 4], [2, 5], [3, 4], [4, 6], [4, 7], [8, 8]]
  141,  [[0, 0], [1, 5], [2, 2], [2, 4], [2, 6], [3, 4], [4, 7], [4, 8]]
  142,  [[0, 3], [2, 2], [2, 4], [2, 5], [2, 6], [4, 4], [4, 7], [4, 8]]
  143,  [[0, 0], [2, 3], [2, 4], [2, 5], [2, 6], [4, 4], [4, 7], [4, 8]]
  144,  [[0, 0], [1, 4], [2, 2], [2, 4], [2, 5], [2, 6], [4, 7], [4, 8]]
  145,  [[0, 0], [2, 2], [2, 4], [2, 5], [2, 6], [4, 4], [4, 7], [8, 8]]
  146,  [[0, 5], [2, 2], [2, 4], [2, 6], [2, 7], [3, 4], [4, 4], [4, 8]]
  147,  [[0, 0], [2, 4], [2, 5], [2, 6], [2, 7], [3, 4], [4, 4], [4, 8]]
  148,  [[0, 0], [1, 4], [2, 2], [2, 4], [2, 5], [2, 6], [3, 4], [4, 7]]
  149,  [[0, 0], [2, 2], [2, 4], [2, 5], [2, 6], [3, 4], [4, 4], [7, 7]]
  150,  [[0, 0], [2, 4], [2, 4], [2, 5], [2, 6], [3, 4], [4, 7], [8, 8]]
  151,  [[0, 0], [1, 5], [2, 2], [2, 4], [2, 6], [2, 7], [3, 4], [4, 8]]
  152,  [[0, 2], [2, 2], [2, 2], [3, 4], [4, 5], [4, 6], [7, 7], [8, 8]]
  153,  [[0, 2], [2, 2], [2, 2], [2, 5], [4, 4], [4, 6], [4, 7], [8, 8]]
  154,  [[0, 2], [2, 2], [2, 2], [2, 5], [3, 4], [4, 4], [4, 6], [7, 7]]
  155,  [[0, 2], [1, 5], [2, 2], [2, 2], [2, 6], [3, 4], [4, 7], [4, 8]]
  156,  [[0, 2], [2, 2], [2, 2], [2, 5], [3, 4], [4, 6], [4, 7], [4, 8]]
  157,  [[0, 3], [2, 2], [2, 2], [2, 5], [4, 4], [4, 6], [4, 7], [8, 8]]
  158,  [[0, 0], [2, 2], [2, 3], [2, 5], [4, 4], [4, 6], [4, 7], [8, 8]]
  159,  [[0, 0], [1, 4], [2, 2], [2, 2], [2, 5], [4, 6], [4, 7], [8, 8]]
  160,  [[0, 0], [1, 5], [2, 2], [2, 2], [2, 6], [4, 4], [4, 7], [4, 8]]
  161,  [[0, 0], [2, 2], [2, 2], [2, 5], [3, 6], [4, 4], [4, 7], [4, 8]]
  162,  [[0, 0], [2, 2], [2, 2], [2, 5], [4, 4], [4, 6], [4, 7], [4, 8]]
  163,  [[0, 5], [2, 2], [2, 2], [2, 6], [3, 4], [4, 4], [4, 7], [8, 8]]
  164,  [[0, 0], [1, 4], [2, 2], [2, 2], [2, 5], [3, 4], [4, 6], [7, 7]]
  165,  [[0, 0], [1, 5], [2, 2], [2, 2], [2, 6], [3, 4], [4, 4], [4, 7]]
  166,  [[0, 0], [2, 2], [2, 2], [2, 5], [3, 4], [4, 4], [4, 6], [7, 8]]
  167,  [[0, 0], [1, 5], [2, 2], [2, 2], [2, 2], [3, 4], [4, 6], [4, 7]]
  168,  [[0, 0], [2, 2], [2, 2], [2, 2], [3, 4], [4, 5], [4, 6], [4, 7]]
  169,  [[0, 3], [1, 4], [2, 2], [2, 2], [2, 5], [2, 6], [4, 7], [4, 8]]
  170,  [[0, 3], [2, 2], [2, 2], [2, 5], [2, 6], [4, 4], [4, 4], [4, 7]]
  171,  [[0, 0], [2, 2], [2, 2], [2, 3], [2, 5], [4, 4], [4, 6], [4, 7]]
  172,  [[0, 0], [1, 4], [2, 2], [2, 3], [2, 5], [2, 6], [4, 7], [4, 8]]
  173,  [[0, 0], [2, 2], [2, 3], [2, 5], [2, 6], [4, 4], [4, 4], [4, 7]]
  174,  [[0, 0], [1, 4], [2, 2], [2, 2], [2, 5], [2, 6], [4, 4], [4, 7]]
  175,  [[0, 5], [2, 2], [2, 2], [2, 6], [2, 7], [4, 4], [4, 4], [4, 8]]
  176,  [[0, 5], [1, 4], [2, 2], [2, 2], [2, 6], [2, 7], [3, 4], [4, 8]]
  177,  [[0, 5], [2, 2], [2, 2], [2, 6], [2, 7], [3, 4], [4, 4], [4, 4]]
  178,  [[0, 0], [2, 2], [2, 5], [2, 6], [2, 7], [4, 4], [4, 4], [4, 8]]
  179,  [[0, 0], [1, 4], [2, 2], [2, 5], [2, 6], [2, 7], [3, 4], [4, 8]]
  180,  [[0, 0], [2, 2], [2, 5], [2, 6], [2, 7], [3, 4], [4, 4], [4, 4]]
  181,  [[0, 0], [1, 4], [2, 2], [2, 2], [2, 5], [2, 6], [3, 4], [4, 4]]
  182,  [[0, 4], [1, 2], [2, 2], [2, 2], [4, 4], [4, 5], [4, 6], [7, 7]]
  183,  [[0, 4], [1, 2], [2, 2], [2, 2], [3, 4], [4, 4], [4, 5], [6, 6]]
  184,  [[0, 4], [1, 2], [2, 2], [2, 2], [3, 4], [4, 5], [6, 6], [7, 7]]
  185,  [[0, 4], [1, 2], [2, 2], [2, 2], [3, 4], [4, 5], [4, 6], [7, 8]]
  186,  [[0, 4], [1, 2], [2, 2], [2, 3], [2, 5], [4, 4], [4, 6], [4, 7]]
  187,  [[0, 4], [1, 2], [2, 2], [2, 2], [2, 5], [4, 6], [4, 7], [4, 8]]
  188,  [[0, 4], [1, 2], [2, 2], [2, 2], [2, 5], [4, 4], [4, 6], [7, 7]]
  189,  [[0, 4], [1, 2], [2, 2], [2, 2], [2, 5], [3, 4], [4, 4], [6, 6]]
  190,  [[0, 4], [1, 2], [2, 2], [2, 4], [2, 5], [3, 4], [4, 6], [7, 7]]
  191,  [[0, 4], [1, 2], [2, 2], [2, 2], [2, 5], [3, 4], [4, 6], [7, 8]]
  192,  [[0, 4], [1, 2], [2, 2], [2, 4], [2, 5], [4, 6], [4, 7], [8, 8]]
  193,  [[0, 4], [1, 2], [2, 2], [2, 5], [4, 4], [4, 6], [7, 7], [8, 8]]
  194,  [[0, 4], [1, 2], [2, 2], [2, 5], [3, 6], [4, 4], [4, 7], [4, 8]]
  195,  [[0, 4], [1, 2], [2, 2], [2, 5], [3, 4], [4, 4], [6, 6], [7, 7]]
  196,  [[0, 4], [1, 2], [2, 2], [2, 5], [3, 4], [4, 4], [4, 6], [7, 8]]
  197,  [[0, 4], [1, 2], [2, 3], [2, 5], [2, 6], [4, 4], [4, 7], [8, 8]]
  198,  [[0, 4], [1, 2], [2, 4], [2, 5], [2, 6], [4, 4], [4, 7], [8, 8]]
  199,  [[0, 4], [1, 2], [2, 2], [2, 5], [2, 6], [4, 4], [4, 4], [7, 7]]
  200,  [[0, 4], [1, 2], [2, 2], [2, 5], [2, 6], [3, 7], [4, 4], [4, 8]]
  201,  [[0, 4], [1, 2], [2, 5], [2, 6], [2, 7], [3, 4], [4, 4], [8, 8]]
  202,  [[0, 4], [1, 2], [2, 4], [2, 5], [2, 6], [3, 4], [4, 4], [7, 7]]
  203,  [[0, 4], [1, 2], [2, 2], [2, 5], [2, 6], [3, 4], [4, 4], [7, 8]]
  204,  [[0, 4], [1, 2], [2, 4], [2, 5], [2, 6], [3, 4], [7, 7], [8, 8]]
  205,  [[0, 4], [1, 5], [2, 2], [2, 2], [2, 2], [4, 4], [4, 6], [4, 7]]
  206,  [[0, 4], [1, 5], [2, 2], [2, 2], [2, 2], [3, 4], [4, 4], [4, 6]]
  207,  [[0, 4], [1, 5], [2, 2], [2, 2], [2, 2], [3, 4], [4, 6], [7, 7]]
  208,  [[0, 0], [2, 2], [2, 2], [2, 2], [3, 4], [4, 5], [4, 6], [7, 8]]
  209,  [[0, 4], [2, 2], [2, 2], [2, 2], [4, 4], [4, 5], [4, 6], [7, 8]]
  210,  [[0, 4], [2, 2], [2, 2], [2, 2], [3, 4], [4, 4], [4, 5], [6, 7]]
  211,  [[0, 4], [2, 2], [2, 2], [2, 2], [3, 4], [4, 5], [6, 6], [7, 8]]
  212,  [[0, 4], [2, 2], [2, 2], [2, 3], [4, 4], [4, 5], [4, 6], [7, 7]]
  213,  [[0, 4], [1, 4], [2, 2], [2, 3], [2, 5], [4, 6], [4, 7], [8, 8]]
  214,  [[0, 4], [2, 2], [2, 3], [2, 4], [2, 5], [4, 6], [4, 7], [8, 8]]
  215,  [[0, 4], [2, 2], [2, 3], [2, 5], [4, 4], [4, 6], [7, 7], [8, 8]]
  216,  [[0, 4], [1, 5], [2, 2], [2, 3], [2, 6], [4, 4], [4, 7], [4, 8]]
  217,  [[0, 4], [1, 4], [2, 2], [2, 2], [2, 2], [4, 5], [4, 6], [7, 7]]
  218,  [[0, 4], [1, 4], [2, 2], [2, 2], [2, 5], [4, 4], [4, 6], [7, 7]]
  219,  [[0, 4], [1, 4], [2, 2], [2, 2], [2, 5], [4, 6], [7, 7], [8, 8]]
  220,  [[0, 4], [1, 4], [2, 2], [2, 2], [2, 5], [3, 6], [4, 7], [4, 8]]
  221,  [[0, 4], [2, 2], [2, 2], [2, 4], [4, 5], [4, 6], [7, 7], [8, 8]]
  222,  [[0, 4], [1, 5], [2, 2], [2, 2], [2, 4], [2, 6], [4, 7], [4, 8]]
  223,  [[0, 4], [2, 2], [2, 2], [2, 4], [2, 5], [3, 6], [4, 7], [4, 8]]
  224,  [[0, 4], [1, 5], [2, 2], [2, 2], [2, 6], [4, 4], [4, 7], [8, 8]]
  225,  [[0, 4], [2, 2], [2, 2], [2, 5], [3, 6], [4, 4], [4, 7], [8, 8]]
  226,  [[0, 4], [2, 2], [2, 2], [2, 2], [3, 5], [4, 4], [4, 6], [4, 7]]
  227,  [[0, 4], [1, 4], [2, 2], [2, 5], [2, 6], [3, 4], [4, 7], [8, 8]]
  228,  [[0, 4], [2, 2], [2, 5], [2, 6], [3, 4], [4, 4], [7, 7], [8, 8]]
  229,  [[0, 4], [1, 5], [2, 2], [2, 6], [2, 7], [3, 4], [4, 4], [4, 8]]
  230,  [[0, 4], [1, 4], [2, 2], [2, 2], [2, 2], [3, 4], [4, 5], [6, 6]]
  231,  [[0, 4], [1, 4], [2, 2], [2, 2], [2, 5], [3, 4], [4, 4], [6, 6]]
  232,  [[0, 4], [1, 4], [2, 2], [2, 2], [2, 5], [3, 4], [6, 6], [7, 7]]
  233,  [[0, 4], [1, 4], [2, 2], [2, 2], [2, 5], [3, 4], [4, 6], [7, 8]]
  234,  [[0, 4], [2, 2], [2, 2], [2, 4], [3, 4], [4, 5], [6, 6], [7, 7]]
  235,  [[0, 4], [1, 5], [2, 2], [2, 2], [2, 4], [2, 6], [3, 4], [4, 7]]
  236,  [[0, 4], [2, 2], [2, 2], [2, 4], [2, 5], [3, 4], [4, 6], [7, 8]]
  237,  [[0, 4], [1, 5], [2, 2], [2, 2], [2, 6], [3, 4], [4, 4], [7, 7]]
  238,  [[0, 4], [2, 2], [2, 2], [2, 5], [3, 4], [4, 4], [6, 6], [7, 8]]
  239,  [[0, 4], [1, 5], [2, 2], [2, 4], [2, 6], [3, 4], [4, 7], [8, 8]]
  240,  [[0, 4], [1, 4], [2, 2], [2, 2], [2, 3], [2, 5], [4, 6], [4, 7]]
  241,  [[0, 4], [2, 2], [2, 2], [2, 3], [2, 5], [4, 6], [4, 7], [4, 8]]
  242,  [[0, 4], [2, 2], [2, 2], [2, 3], [2, 5], [4, 4], [4, 6], [7, 7]]
  243,  [[0, 4], [1, 4], [2, 2], [2, 3], [2, 5], [2, 6], [4, 4], [4, 7]]
  244,  [[0, 4], [1, 4], [2, 2], [2, 3], [2, 5], [2, 6], [4, 7], [8, 8]]
  245,  [[0, 4], [2, 3], [2, 4], [2, 5], [2, 6], [4, 4], [4, 7], [8, 8]]
  246,  [[0, 4], [2, 2], [2, 3], [2, 5], [2, 6], [4, 4], [4, 4], [7, 7]]
  247,  [[0, 4], [1, 5], [2, 2], [2, 3], [2, 6], [2, 7], [4, 4], [4, 8]]
  248,  [[0, 4], [1, 4], [2, 2], [2, 5], [2, 6], [2, 7], [4, 4], [4, 8]]
  249,  [[0, 4], [1, 4], [2, 2], [2, 2], [2, 5], [2, 6], [4, 4], [7, 7]]
  250,  [[0, 4], [1, 4], [2, 2], [2, 4], [2, 5], [2, 6], [4, 7], [8, 8]]
  251,  [[0, 4], [1, 4], [2, 2], [2, 2], [2, 5], [2, 6], [3, 7], [4, 8]]
  252,  [[0, 4], [2, 2], [2, 4], [2, 5], [2, 6], [4, 4], [7, 7], [8, 8]]
  253,  [[0, 4], [1, 5], [2, 2], [2, 4], [2, 6], [2, 7], [4, 4], [4, 8]]
  254,  [[0, 4], [2, 2], [2, 4], [2, 5], [2, 6], [3, 7], [4, 4], [4, 8]]
  255,  [[0, 4], [1, 5], [2, 2], [2, 2], [2, 6], [2, 7], [4, 4], [4, 4]]
  256,  [[0, 4], [2, 2], [2, 2], [2, 5], [2, 6], [3, 7], [4, 4], [4, 4]]
  257,  [[0, 4], [1, 4], [2, 2], [2, 5], [2, 6], [2, 7], [3, 4], [4, 4]]
  258,  [[0, 4], [1, 4], [2, 2], [2, 5], [2, 6], [2, 7], [3, 4], [8, 8]]
  259,  [[0, 4], [2, 4], [2, 5], [2, 6], [2, 7], [3, 4], [4, 4], [8, 8]]
  260,  [[0, 4], [2, 2], [2, 5], [2, 6], [2, 7], [4, 4], [4, 4], [8, 8]]
  261,  [[0, 4], [1, 5], [2, 2], [2, 6], [2, 7], [2, 8], [3, 4], [4, 4]]
  262,  [[0, 4], [1, 4], [2, 2], [2, 4], [2, 5], [2, 6], [3, 4], [7, 7]]
  263,  [[0, 4], [1, 4], [2, 2], [2, 2], [2, 5], [2, 6], [3, 4], [7, 8]]
  264,  [[0, 4], [1, 5], [2, 2], [2, 4], [2, 6], [2, 7], [3, 4], [4, 4]]
  265,  [[0, 4], [2, 2], [2, 4], [2, 5], [2, 6], [3, 4], [4, 4], [7, 8]]
  266,  [[0, 4], [2, 2], [2, 2], [2, 5], [2, 6], [4, 4], [4, 4], [7, 8]]
  267,  [[0, 4], [2, 4], [2, 4], [2, 5], [2, 6], [3, 4], [7, 7], [8, 8]]
  268,  [[0, 4], [1, 5], [2, 2], [2, 4], [2, 6], [2, 7], [3, 4], [8, 8]]
  269,  [[0, 1], [2, 2], [2, 2], [2, 5], [3, 4], [4, 4], [4, 6], [4, 7]]
  270,  [[0, 1], [2, 2], [2, 5], [2, 6], [3, 4], [4, 4], [4, 7], [8, 8]]
  271,  [[0, 1], [2, 2], [2, 2], [2, 4], [3, 4], [4, 5], [4, 6], [7, 7]]
  272,  [[0, 1], [2, 2], [2, 2], [2, 4], [2, 5], [4, 4], [4, 6], [4, 7]]
  273,  [[0, 1], [2, 2], [2, 2], [2, 4], [2, 5], [3, 4], [4, 4], [4, 6]]
  274,  [[0, 1], [2, 2], [2, 2], [2, 4], [2, 5], [3, 4], [4, 6], [7, 7]]
  275,  [[0, 1], [2, 2], [2, 4], [2, 5], [4, 4], [4, 6], [4, 7], [8, 8]]
  276,  [[0, 1], [2, 2], [2, 4], [2, 5], [3, 4], [4, 4], [4, 6], [7, 7]]
  277,  [[0, 1], [2, 2], [2, 4], [2, 5], [3, 4], [4, 6], [7, 7], [8, 8]]
  278,  [[0, 1], [2, 3], [2, 4], [2, 5], [2, 6], [4, 4], [4, 7], [4, 8]]
  279,  [[0, 1], [2, 2], [2, 4], [2, 5], [2, 6], [4, 4], [4, 7], [8, 8]]
  280,  [[0, 1], [2, 4], [2, 5], [2, 6], [2, 7], [3, 4], [4, 4], [4, 8]]
  281,  [[0, 1], [2, 2], [2, 4], [2, 5], [2, 6], [3, 4], [4, 4], [7, 7]]
  282,  [[0, 1], [2, 4], [2, 4], [2, 5], [2, 6], [3, 4], [4, 7], [8, 8]]
  283,  [[0, 1], [2, 2], [2, 2], [2, 2], [4, 4], [4, 5], [4, 6], [7, 7]]
  284,  [[0, 1], [2, 2], [2, 2], [2, 2], [3, 4], [4, 4], [4, 5], [6, 6]]
  285,  [[0, 1], [2, 2], [2, 2], [2, 2], [3, 4], [4, 5], [4, 6], [4, 7]]
  286,  [[0, 1], [2, 2], [2, 2], [2, 2], [3, 4], [4, 5], [4, 6], [7, 8]]
  287,  [[0, 1], [2, 2], [2, 3], [2, 5], [4, 4], [4, 6], [4, 7], [8, 8]]
  288,  [[0, 1], [2, 2], [2, 2], [2, 4], [2, 5], [4, 6], [4, 7], [8, 8]]
  289,  [[0, 1], [2, 2], [2, 2], [2, 5], [4, 4], [4, 4], [4, 6], [7, 7]]
  290,  [[0, 1], [2, 2], [2, 2], [2, 5], [3, 6], [4, 4], [4, 7], [4, 8]]
  291,  [[0, 1], [2, 2], [2, 2], [2, 5], [4, 4], [4, 6], [4, 7], [4, 8]]
  292,  [[0, 1], [2, 2], [2, 2], [2, 5], [3, 4], [4, 4], [4, 4], [6, 6]]
  293,  [[0, 1], [2, 2], [2, 2], [2, 5], [3, 4], [4, 4], [4, 6], [7, 8]]
  294,  [[0, 1], [2, 2], [2, 2], [2, 3], [2, 5], [4, 4], [4, 6], [4, 7]]
  295,  [[0, 1], [2, 2], [2, 3], [2, 5], [2, 6], [4, 4], [4, 4], [4, 7]]
  296,  [[0, 1], [2, 2], [2, 5], [2, 6], [2, 7], [4, 4], [4, 4], [4, 8]]
  297,  [[0, 1], [2, 2], [2, 5], [2, 6], [2, 7], [3, 4], [4, 4], [4, 4]]
  298,  [[0, 5], [1, 2], [2, 2], [2, 4], [2, 6], [3, 4], [4, 7], [4, 8]]
  299,  [[0, 0], [1, 2], [2, 2], [2, 5], [3, 4], [4, 4], [4, 6], [4, 7]]
  300,  [[0, 0], [1, 2], [2, 2], [2, 2], [2, 4], [3, 4], [4, 5], [4, 6]]
  301,  [[0, 0], [1, 2], [2, 2], [2, 4], [3, 4], [4, 5], [4, 6], [7, 7]]
  302,  [[0, 0], [1, 2], [2, 2], [2, 4], [2, 5], [4, 4], [4, 6], [4, 7]]
  303,  [[0, 0], [1, 2], [2, 2], [2, 4], [2, 5], [3, 4], [4, 4], [4, 6]]
  304,  [[0, 0], [1, 2], [2, 2], [2, 4], [2, 5], [3, 4], [4, 6], [7, 7]]
  305,  [[0, 3], [1, 2], [2, 4], [2, 5], [2, 6], [4, 4], [4, 7], [4, 8]]
  306,  [[0, 0], [1, 2], [2, 4], [2, 5], [2, 6], [4, 4], [4, 7], [8, 8]]
  307,  [[0, 5], [1, 2], [2, 4], [2, 6], [2, 7], [3, 4], [4, 4], [4, 8]]
  308,  [[0, 0], [1, 2], [2, 4], [2, 5], [2, 6], [3, 4], [4, 4], [7, 7]]
  309,  [[0, 5], [1, 2], [2, 2], [2, 2], [3, 4], [4, 6], [4, 7], [8, 8]]
  310,  [[0, 5], [1, 2], [2, 2], [2, 2], [2, 6], [4, 4], [4, 7], [4, 8]]
  311,  [[0, 5], [1, 2], [2, 2], [2, 2], [2, 6], [3, 4], [4, 4], [4, 7]]
  312,  [[0, 2], [1, 2], [2, 2], [2, 2], [3, 4], [4, 5], [4, 6], [7, 7]]
  313,  [[0, 0], [1, 2], [2, 2], [2, 2], [4, 4], [4, 5], [4, 6], [7, 7]]
  314,  [[0, 0], [1, 2], [2, 2], [2, 2], [3, 4], [4, 4], [4, 5], [6, 6]]
  315,  [[0, 0], [1, 2], [2, 2], [2, 2], [3, 4], [4, 5], [4, 6], [4, 7]]
  316,  [[0, 0], [1, 2], [2, 2], [2, 2], [3, 4], [4, 5], [4, 6], [7, 8]]
  317,  [[0, 3], [1, 2], [2, 2], [2, 2], [2, 5], [4, 4], [4, 6], [4, 7]]
  318,  [[0, 0], [1, 2], [2, 2], [2, 3], [2, 5], [4, 4], [4, 6], [4, 7]]
  319,  [[0, 0], [1, 2], [2, 2], [2, 2], [2, 5], [4, 6], [4, 7], [4, 8]]
  320,  [[0, 2], [1, 2], [2, 4], [2, 5], [3, 4], [4, 6], [4, 7], [8, 8]]
  321,  [[0, 2], [1, 2], [2, 2], [3, 4], [4, 5], [4, 6], [7, 7], [8, 8]]
  322,  [[0, 2], [1, 2], [2, 2], [2, 5], [4, 4], [4, 6], [4, 7], [8, 8]]
  323,  [[0, 2], [1, 2], [2, 2], [2, 5], [3, 4], [4, 4], [4, 6], [7, 7]]
  324,  [[0, 2], [1, 2], [2, 2], [2, 5], [3, 4], [4, 6], [4, 7], [4, 8]]
  325,  [[0, 3], [1, 2], [2, 2], [2, 5], [4, 4], [4, 6], [4, 7], [8, 8]]
  326,  [[0, 0], [1, 2], [2, 2], [2, 4], [2, 5], [4, 6], [4, 7], [8, 8]]
  327,  [[0, 0], [1, 2], [2, 2], [2, 5], [3, 6], [4, 4], [4, 7], [4, 8]]
  328,  [[0, 0], [1, 2], [2, 2], [2, 5], [4, 4], [4, 6], [4, 7], [4, 8]]
  329,  [[0, 5], [1, 2], [2, 2], [2, 6], [3, 4], [4, 4], [4, 7], [8, 8]]
  330,  [[0, 0], [1, 2], [2, 2], [2, 5], [3, 4], [4, 4], [4, 6], [7, 8]]
  331,  [[0, 3], [1, 2], [2, 2], [2, 5], [2, 6], [4, 4], [4, 4], [4, 7]]
  332,  [[0, 0], [1, 2], [2, 3], [2, 5], [2, 6], [4, 4], [4, 4], [4, 7]]
  333,  [[0, 5], [1, 2], [2, 2], [2, 6], [2, 7], [4, 4], [4, 4], [4, 8]]
  334,  [[0, 0], [1, 2], [2, 5], [2, 6], [2, 7], [4, 4], [4, 4], [4, 8]]
  335,  [[0, 5], [1, 2], [2, 2], [2, 6], [2, 7], [3, 4], [4, 4], [4, 4]]
  336,  [[0, 0], [1, 2], [2, 5], [2, 6], [2, 7], [3, 4], [4, 4], [4, 4]]
  337,  [[0, 2], [1, 2], [2, 5], [2, 6], [3, 4], [4, 4], [4, 7], [4, 8]]
  338,  [[0, 2], [2, 2], [2, 2], [2, 5], [3, 4], [4, 4], [4, 6], [4, 7]]
  339,  [[0, 2], [2, 2], [2, 5], [3, 4], [4, 4], [4, 6], [4, 7], [8, 8]]
  340,  [[0, 2], [1, 4], [2, 2], [2, 5], [2, 6], [3, 4], [4, 7], [4, 8]]
  341,  [[0, 2], [2, 2], [2, 5], [2, 6], [3, 4], [4, 4], [4, 7], [8, 8]]
  342,  [[0, 5], [2, 2], [2, 2], [2, 6], [3, 4], [4, 4], [4, 7], [4, 8]]
  343,  [[0, 0], [1, 4], [2, 2], [2, 2], [2, 5], [3, 4], [4, 6], [4, 7]]
  344,  [[0, 0], [1, 4], [2, 2], [2, 5], [2, 6], [4, 4], [4, 7], [4, 8]]
  345,  [[0, 0], [1, 4], [2, 2], [2, 5], [2, 6], [3, 4], [4, 4], [4, 7]]
  346,  [[0, 0], [1, 4], [2, 2], [2, 5], [2, 6], [3, 4], [4, 7], [8, 8]]
  347,  [[0, 0], [1, 5], [2, 2], [2, 6], [2, 7], [3, 4], [4, 4], [4, 8]]
  348,  [[0, 5], [2, 2], [2, 2], [2, 4], [3, 4], [4, 6], [4, 7], [8, 8]]
  349,  [[0, 5], [2, 2], [2, 2], [2, 4], [2, 6], [4, 4], [4, 7], [4, 8]]
  350,  [[0, 5], [2, 2], [2, 2], [2, 4], [2, 6], [3, 4], [4, 4], [4, 7]]
  351,  [[0, 5], [2, 2], [2, 2], [2, 4], [2, 6], [3, 4], [4, 7], [8, 8]]
  352,  [[0, 2], [2, 2], [2, 2], [2, 4], [3, 4], [4, 5], [4, 6], [7, 7]]
  353,  [[0, 0], [1, 5], [2, 2], [2, 2], [2, 4], [3, 4], [4, 6], [4, 7]]
  354,  [[0, 0], [2, 2], [2, 2], [2, 4], [3, 4], [4, 5], [4, 6], [7, 8]]
  355,  [[0, 2], [2, 2], [2, 4], [3, 4], [4, 5], [4, 6], [7, 7], [8, 8]]
  356,  [[0, 2], [2, 2], [2, 4], [2, 5], [4, 4], [4, 6], [4, 7], [8, 8]]
  357,  [[0, 2], [2, 2], [2, 4], [2, 5], [3, 4], [4, 4], [4, 6], [7, 7]]
  358,  [[0, 2], [2, 2], [2, 4], [2, 5], [3, 4], [4, 6], [7, 7], [8, 8]]
  359,  [[0, 2], [1, 5], [2, 2], [2, 4], [2, 6], [3, 4], [4, 7], [4, 8]]
  360,  [[0, 0], [1, 5], [2, 2], [2, 4], [2, 6], [4, 4], [4, 7], [4, 8]]
  361,  [[0, 0], [1, 5], [2, 2], [2, 4], [2, 6], [3, 4], [4, 4], [4, 7]]
  362,  [[0, 0], [1, 5], [2, 2], [2, 4], [2, 6], [3, 4], [4, 7], [8, 8]]
  363,  [[0, 3], [2, 2], [2, 2], [2, 4], [2, 5], [4, 4], [4, 6], [4, 7]]
  364,  [[0, 3], [2, 2], [2, 4], [2, 5], [4, 4], [4, 6], [4, 7], [8, 8]]
  365,  [[0, 3], [1, 4], [2, 2], [2, 4], [2, 5], [2, 6], [4, 7], [4, 8]]
  366,  [[0, 3], [2, 2], [2, 4], [2, 5], [2, 6], [4, 4], [4, 7], [8, 8]]
  367,  [[0, 0], [2, 2], [2, 3], [2, 4], [2, 5], [4, 4], [4, 6], [4, 7]]
  368,  [[0, 0], [1, 4], [2, 3], [2, 4], [2, 5], [2, 6], [4, 7], [4, 8]]
  369,  [[0, 0], [2, 3], [2, 4], [2, 5], [2, 6], [4, 4], [4, 7], [8, 8]]
  370,  [[0, 0], [1, 4], [2, 2], [2, 2], [2, 4], [2, 5], [4, 6], [4, 7]]
  371,  [[0, 0], [1, 4], [2, 2], [2, 4], [2, 5], [4, 6], [4, 7], [8, 8]]
  372,  [[0, 0], [1, 4], [2, 2], [2, 4], [2, 5], [2, 6], [4, 4], [4, 7]]
  373,  [[0, 0], [1, 4], [2, 2], [2, 4], [2, 5], [2, 6], [4, 7], [8, 8]]
  374,  [[0, 0], [1, 5], [2, 2], [2, 4], [2, 6], [2, 7], [4, 4], [4, 8]]
  375,  [[0, 0], [2, 2], [2, 4], [2, 5], [2, 6], [3, 7], [4, 4], [4, 8]]
  376,  [[0, 5], [2, 2], [2, 4], [2, 6], [3, 4], [4, 4], [4, 7], [8, 8]]
  377,  [[0, 5], [1, 4], [2, 2], [2, 4], [2, 6], [2, 7], [3, 4], [4, 8]]
  378,  [[0, 5], [2, 2], [2, 4], [2, 6], [2, 7], [3, 4], [4, 4], [8, 8]]
  379,  [[0, 0], [1, 4], [2, 4], [2, 5], [2, 6], [2, 7], [3, 4], [4, 8]]
  380,  [[0, 0], [2, 4], [2, 5], [2, 6], [2, 7], [3, 4], [4, 4], [8, 8]]
  381,  [[0, 0], [1, 4], [2, 2], [2, 2], [2, 4], [2, 5], [3, 4], [4, 6]]
  382,  [[0, 0], [1, 4], [2, 2], [2, 4], [2, 5], [3, 4], [4, 6], [7, 7]]
  383,  [[0, 0], [1, 4], [2, 2], [2, 4], [2, 5], [2, 6], [3, 4], [4, 4]]
  384,  [[0, 0], [1, 4], [2, 2], [2, 4], [2, 5], [2, 6], [3, 4], [7, 7]]
  385,  [[0, 0], [1, 5], [2, 2], [2, 4], [2, 6], [2, 7], [3, 4], [4, 4]]
  386,  [[0, 0], [2, 2], [2, 4], [2, 5], [2, 6], [3, 4], [4, 4], [7, 8]]
  387,  [[0, 0], [2, 2], [2, 4], [2, 4], [2, 5], [3, 4], [4, 6], [7, 7]]
  388,  [[0, 0], [1, 5], [2, 4], [2, 4], [2, 6], [2, 7], [3, 4], [4, 8]]
  389,  [[0, 0], [1, 5], [2, 2], [2, 2], [2, 4], [2, 6], [3, 4], [4, 7]]
  390,  [[0, 2], [2, 2], [2, 2], [4, 4], [4, 5], [4, 6], [7, 7], [8, 8]]
  391,  [[0, 2], [2, 2], [2, 2], [3, 4], [4, 4], [4, 5], [6, 6], [7, 7]]
  392,  [[0, 2], [1, 5], [2, 2], [2, 2], [3, 4], [4, 6], [4, 7], [8, 8]]
  393,  [[0, 2], [2, 2], [2, 2], [3, 4], [4, 5], [4, 6], [4, 7], [8, 8]]
  394,  [[0, 2], [2, 2], [2, 3], [2, 5], [4, 4], [4, 6], [4, 7], [8, 8]]
  395,  [[0, 2], [1, 4], [2, 2], [2, 2], [2, 5], [4, 6], [4, 7], [8, 8]]
  396,  [[0, 2], [1, 5], [2, 2], [2, 2], [2, 6], [4, 4], [4, 7], [4, 8]]
  397,  [[0, 2], [2, 2], [2, 2], [2, 5], [3, 6], [4, 4], [4, 7], [4, 8]]
  398,  [[0, 2], [2, 2], [2, 2], [2, 5], [4, 4], [4, 6], [4, 7], [4, 8]]
  399,  [[0, 2], [1, 4], [2, 2], [2, 2], [2, 5], [3, 4], [4, 6], [7, 7]]
  400,  [[0, 2], [1, 5], [2, 2], [2, 2], [2, 6], [3, 4], [4, 4], [4, 7]]
  401,  [[0, 2], [2, 2], [2, 2], [2, 5], [3, 4], [4, 4], [4, 6], [7, 8]]
  402,  [[0, 3], [2, 2], [2, 2], [2, 2], [4, 4], [4, 5], [4, 6], [7, 7]]
  403,  [[0, 3], [1, 4], [2, 2], [2, 2], [2, 5], [4, 6], [4, 7], [8, 8]]
  404,  [[0, 3], [2, 2], [2, 2], [2, 4], [2, 5], [4, 6], [4, 7], [8, 8]]
  405,  [[0, 3], [2, 2], [2, 2], [2, 5], [4, 4], [4, 4], [4, 6], [7, 7]]
  406,  [[0, 3], [1, 5], [2, 2], [2, 2], [2, 6], [4, 4], [4, 7], [4, 8]]
  407,  [[0, 3], [2, 2], [2, 2], [2, 5], [4, 4], [4, 6], [4, 7], [4, 8]]
  408,  [[0, 0], [2, 2], [2, 2], [2, 3], [4, 4], [4, 5], [4, 6], [7, 7]]
  409,  [[0, 0], [1, 4], [2, 2], [2, 3], [2, 5], [4, 6], [4, 7], [8, 8]]
  410,  [[0, 0], [2, 2], [2, 3], [2, 4], [2, 5], [4, 6], [4, 7], [8, 8]]
  411,  [[0, 0], [1, 5], [2, 2], [2, 3], [2, 6], [4, 4], [4, 7], [4, 8]]
  412,  [[0, 0], [2, 2], [2, 3], [2, 5], [4, 4], [4, 6], [4, 7], [4, 8]]
  413,  [[0, 0], [1, 4], [2, 2], [2, 2], [2, 5], [4, 4], [4, 6], [7, 7]]
  414,  [[0, 0], [1, 4], [2, 2], [2, 2], [2, 5], [3, 6], [4, 7], [4, 8]]
  415,  [[0, 0], [1, 4], [2, 2], [2, 2], [2, 5], [4, 6], [4, 7], [4, 8]]
  416,  [[0, 0], [1, 5], [2, 2], [2, 2], [2, 2], [4, 4], [4, 6], [4, 7]]
  417,  [[0, 0], [1, 5], [2, 2], [2, 2], [2, 4], [2, 6], [4, 7], [4, 8]]
  418,  [[0, 0], [1, 5], [2, 2], [2, 2], [2, 6], [4, 4], [4, 4], [4, 7]]
  419,  [[0, 0], [2, 2], [2, 4], [2, 5], [3, 6], [4, 4], [4, 7], [4, 8]]
  420,  [[0, 0], [2, 2], [2, 2], [2, 2], [3, 5], [4, 4], [4, 6], [4, 7]]
  421,  [[0, 0], [2, 2], [2, 2], [2, 4], [2, 5], [3, 6], [4, 7], [4, 8]]
  422,  [[0, 0], [2, 2], [2, 2], [2, 5], [3, 6], [4, 4], [4, 4], [4, 7]]
  423,  [[0, 0], [2, 2], [2, 2], [2, 4], [2, 5], [4, 6], [4, 7], [4, 8]]
  424,  [[0, 5], [2, 2], [2, 2], [2, 2], [3, 4], [4, 4], [4, 6], [7, 7]]
  425,  [[0, 5], [2, 2], [2, 2], [2, 6], [4, 4], [4, 4], [4, 7], [8, 8]]
  426,  [[0, 5], [1, 4], [2, 2], [2, 2], [2, 6], [3, 4], [4, 7], [8, 8]]
  427,  [[0, 5], [2, 2], [2, 2], [2, 6], [3, 4], [4, 4], [4, 4], [7, 7]]
  428,  [[0, 5], [1, 6], [2, 2], [2, 2], [2, 7], [3, 4], [4, 4], [4, 8]]
  429,  [[0, 0], [1, 4], [2, 2], [2, 2], [2, 5], [3, 4], [4, 4], [6, 6]]
  430,  [[0, 0], [1, 4], [2, 2], [2, 2], [2, 5], [3, 4], [4, 6], [7, 8]]
  431,  [[0, 0], [1, 5], [2, 2], [2, 2], [2, 2], [3, 4], [4, 4], [4, 6]]
  432,  [[0, 0], [1, 5], [2, 2], [2, 2], [2, 6], [3, 4], [4, 4], [4, 4]]
  433,  [[0, 0], [2, 2], [2, 4], [2, 5], [3, 4], [4, 4], [4, 6], [7, 8]]
  434,  [[0, 0], [2, 2], [2, 2], [2, 2], [3, 4], [4, 4], [4, 5], [6, 7]]
  435,  [[0, 0], [2, 2], [2, 2], [2, 5], [4, 4], [4, 4], [4, 6], [7, 8]]
  436,  [[0, 0], [2, 2], [2, 2], [2, 4], [2, 5], [3, 4], [4, 6], [7, 8]]
  437,  [[0, 0], [2, 2], [2, 2], [2, 5], [3, 4], [4, 4], [4, 4], [6, 7]]
  438,  [[0, 5], [1, 6], [2, 2], [2, 2], [2, 2], [3, 4], [4, 7], [4, 8]]
  439,  [[0, 5], [2, 2], [2, 2], [2, 2], [3, 4], [4, 6], [4, 7], [4, 8]]
  440,  [[0, 3], [1, 4], [2, 2], [2, 2], [2, 5], [2, 6], [4, 4], [4, 7]]
  441,  [[0, 3], [2, 2], [2, 5], [2, 6], [2, 7], [4, 4], [4, 4], [4, 8]]
  442,  [[0, 5], [2, 2], [2, 2], [2, 3], [2, 6], [4, 4], [4, 7], [4, 8]]
  443,  [[0, 0], [1, 4], [2, 2], [2, 2], [2, 3], [2, 5], [4, 6], [4, 7]]
  444,  [[0, 0], [2, 2], [2, 2], [2, 3], [2, 5], [4, 6], [4, 7], [4, 8]]
  445,  [[0, 0], [1, 4], [2, 2], [2, 3], [2, 5], [2, 6], [4, 4], [4, 7]]
  446,  [[0, 5], [2, 2], [2, 3], [2, 6], [2, 7], [4, 4], [4, 4], [4, 8]]
  447,  [[0, 0], [2, 3], [2, 5], [2, 6], [2, 7], [4, 4], [4, 4], [4, 8]]
  448,  [[0, 5], [1, 4], [2, 2], [2, 2], [2, 6], [2, 7], [4, 4], [4, 8]]
  449,  [[0, 0], [1, 4], [2, 2], [2, 5], [2, 6], [2, 7], [4, 4], [4, 8]]
  450,  [[0, 5], [1, 4], [2, 2], [2, 2], [2, 6], [2, 7], [3, 4], [4, 4]]
  451,  [[0, 5], [2, 2], [2, 6], [2, 7], [2, 8], [3, 4], [4, 4], [4, 4]]
  452,  [[0, 0], [1, 4], [2, 2], [2, 5], [2, 6], [2, 7], [3, 4], [4, 4]]
  453,  [[0, 0], [2, 5], [2, 6], [2, 7], [2, 8], [3, 4], [4, 4], [4, 4]]
  454,  [[0, 4], [1, 2], [2, 2], [2, 3], [4, 4], [4, 5], [4, 6], [7, 7]]
  455,  [[0, 4], [1, 2], [2, 2], [2, 2], [2, 4], [4, 5], [4, 6], [7, 7]]
  456,  [[0, 4], [1, 2], [2, 2], [2, 2], [4, 5], [4, 6], [4, 7], [8, 8]]
  457,  [[0, 4], [1, 2], [2, 2], [2, 2], [4, 4], [4, 5], [6, 6], [7, 7]]
  458,  [[0, 4], [1, 2], [2, 2], [2, 2], [3, 5], [4, 4], [4, 6], [4, 7]]
  459,  [[0, 4], [1, 2], [2, 2], [2, 2], [4, 4], [4, 5], [4, 6], [7, 8]]
  460,  [[0, 4], [1, 2], [2, 2], [2, 2], [2, 4], [3, 4], [4, 5], [6, 6]]
  461,  [[0, 4], [1, 2], [2, 2], [2, 2], [3, 4], [4, 4], [5, 5], [6, 6]]
  462,  [[0, 4], [1, 2], [2, 2], [2, 2], [3, 4], [4, 4], [4, 5], [6, 7]]
  463,  [[0, 4], [1, 2], [2, 2], [2, 4], [3, 4], [4, 5], [6, 6], [7, 7]]
  464,  [[0, 4], [1, 2], [2, 2], [2, 2], [3, 4], [4, 5], [6, 6], [7, 8]]
  465,  [[0, 4], [1, 2], [2, 2], [2, 2], [2, 3], [4, 4], [4, 5], [4, 6]]
  466,  [[0, 4], [1, 2], [2, 2], [2, 3], [2, 5], [4, 6], [4, 7], [4, 8]]
  467,  [[0, 4], [1, 2], [2, 2], [2, 3], [2, 5], [4, 4], [4, 6], [7, 7]]
  468,  [[0, 4], [1, 2], [2, 2], [2, 2], [2, 5], [4, 6], [4, 7], [8, 8]]
  469,  [[0, 4], [1, 2], [2, 2], [2, 4], [2, 5], [4, 4], [4, 6], [7, 7]]
  470,  [[0, 4], [1, 2], [2, 2], [2, 2], [2, 5], [3, 6], [4, 4], [4, 7]]
  471,  [[0, 4], [1, 2], [2, 2], [2, 2], [2, 5], [4, 4], [4, 6], [7, 8]]
  472,  [[0, 4], [1, 2], [2, 2], [2, 4], [2, 5], [3, 4], [4, 4], [6, 6]]
  473,  [[0, 4], [1, 2], [2, 2], [2, 2], [2, 5], [3, 4], [4, 4], [6, 7]]
  474,  [[0, 4], [1, 2], [2, 2], [2, 4], [2, 5], [3, 4], [6, 6], [7, 7]]
  475,  [[0, 4], [1, 2], [2, 2], [2, 4], [2, 5], [3, 4], [4, 6], [7, 8]]
  476,  [[0, 4], [1, 2], [2, 3], [2, 4], [2, 5], [4, 6], [4, 7], [8, 8]]
  477,  [[0, 4], [1, 2], [2, 2], [2, 4], [4, 5], [4, 6], [7, 7], [8, 8]]
  478,  [[0, 4], [1, 2], [2, 2], [2, 4], [2, 5], [4, 6], [7, 7], [8, 8]]
  479,  [[0, 4], [1, 2], [2, 2], [2, 4], [2, 5], [3, 6], [4, 7], [4, 8]]
  480,  [[0, 4], [1, 2], [2, 2], [2, 5], [3, 6], [4, 4], [4, 7], [8, 8]]
  481,  [[0, 4], [1, 2], [2, 2], [2, 5], [3, 4], [4, 4], [6, 6], [7, 8]]
  482,  [[0, 4], [1, 2], [2, 3], [2, 5], [2, 6], [4, 4], [4, 4], [7, 7]]
  483,  [[0, 4], [1, 2], [2, 4], [2, 5], [2, 6], [4, 4], [7, 7], [8, 8]]
  484,  [[0, 4], [1, 2], [2, 4], [2, 5], [2, 6], [3, 7], [4, 4], [4, 8]]
  485,  [[0, 4], [1, 2], [2, 5], [2, 6], [2, 7], [4, 4], [4, 4], [8, 8]]
  486,  [[0, 4], [1, 2], [2, 2], [2, 5], [2, 6], [3, 7], [4, 4], [4, 4]]
  487,  [[0, 4], [1, 2], [2, 2], [2, 5], [2, 6], [4, 4], [4, 4], [7, 8]]
  488,  [[0, 4], [1, 2], [2, 4], [2, 5], [2, 6], [3, 4], [4, 4], [7, 8]]
  489,  [[0, 4], [1, 5], [2, 2], [2, 2], [2, 3], [4, 4], [4, 6], [4, 7]]
  490,  [[0, 4], [1, 5], [2, 2], [2, 2], [2, 2], [4, 6], [4, 7], [4, 8]]
  491,  [[0, 4], [1, 5], [2, 2], [2, 2], [2, 2], [4, 4], [4, 6], [7, 7]]
  492,  [[0, 4], [1, 5], [2, 2], [2, 2], [2, 2], [3, 4], [4, 4], [6, 6]]
  493,  [[0, 4], [1, 5], [2, 2], [2, 2], [2, 4], [3, 4], [4, 6], [7, 7]]
  494,  [[0, 4], [1, 5], [2, 2], [2, 2], [2, 2], [3, 4], [4, 6], [7, 8]]
  495,  [[0, 0], [2, 2], [2, 2], [2, 2], [4, 4], [4, 5], [4, 6], [7, 8]]
  496,  [[0, 4], [2, 2], [2, 2], [2, 3], [4, 4], [4, 5], [4, 6], [7, 8]]
  497,  [[0, 4], [1, 4], [2, 2], [2, 2], [2, 2], [4, 5], [4, 6], [7, 8]]
  498,  [[0, 4], [2, 2], [2, 2], [2, 2], [4, 4], [4, 5], [6, 6], [7, 8]]
  499,  [[0, 4], [1, 4], [2, 2], [2, 2], [2, 2], [3, 4], [4, 5], [6, 7]]
  500,  [[0, 4], [2, 2], [2, 2], [2, 2], [3, 4], [4, 4], [5, 5], [6, 7]]
  501,  [[0, 4], [2, 2], [2, 2], [2, 4], [3, 4], [4, 5], [6, 6], [7, 8]]
  502,  [[0, 4], [1, 4], [2, 2], [2, 2], [2, 3], [4, 5], [4, 6], [7, 7]]
  503,  [[0, 4], [2, 2], [2, 2], [2, 3], [2, 4], [4, 5], [4, 6], [7, 7]]
  504,  [[0, 4], [2, 2], [2, 2], [2, 3], [4, 5], [4, 6], [4, 7], [8, 8]]
  505,  [[0, 4], [2, 2], [2, 2], [2, 3], [4, 4], [4, 5], [6, 6], [7, 7]]
  506,  [[0, 4], [1, 4], [2, 2], [2, 3], [2, 5], [4, 4], [4, 6], [7, 7]]
  507,  [[0, 4], [1, 4], [2, 2], [2, 3], [2, 5], [4, 6], [7, 7], [8, 8]]
  508,  [[0, 4], [2, 2], [2, 2], [2, 3], [2, 5], [4, 6], [4, 7], [8, 8]]
  509,  [[0, 4], [2, 2], [2, 3], [2, 4], [4, 5], [4, 6], [7, 7], [8, 8]]
  510,  [[0, 4], [2, 2], [2, 3], [2, 4], [2, 5], [4, 4], [4, 6], [7, 7]]
  511,  [[0, 4], [2, 2], [2, 3], [2, 4], [2, 5], [4, 6], [7, 7], [8, 8]]
  512,  [[0, 4], [1, 5], [2, 2], [2, 3], [2, 4], [2, 6], [4, 7], [4, 8]]
  513,  [[0, 4], [1, 5], [2, 2], [2, 3], [2, 6], [4, 4], [4, 7], [8, 8]]
  514,  [[0, 4], [1, 4], [2, 2], [2, 2], [2, 2], [3, 5], [4, 6], [4, 7]]
  515,  [[0, 4], [1, 4], [2, 2], [2, 5], [2, 6], [4, 4], [4, 7], [8, 8]]
  516,  [[0, 4], [1, 4], [2, 2], [2, 2], [2, 4], [2, 5], [4, 6], [7, 7]]
  517,  [[0, 4], [1, 4], [2, 2], [2, 2], [2, 5], [4, 4], [6, 6], [7, 7]]
  518,  [[0, 4], [1, 4], [2, 2], [2, 2], [2, 5], [3, 6], [4, 4], [4, 7]]
  519,  [[0, 4], [1, 4], [2, 2], [2, 2], [2, 5], [4, 4], [4, 6], [7, 8]]
  520,  [[0, 4], [1, 4], [2, 2], [2, 4], [2, 5], [4, 6], [7, 7], [8, 8]]
  521,  [[0, 4], [1, 4], [2, 2], [2, 2], [2, 5], [3, 6], [4, 7], [8, 8]]
  522,  [[0, 4], [1, 5], [2, 2], [2, 2], [2, 4], [4, 6], [4, 7], [8, 8]]
  523,  [[0, 4], [2, 2], [2, 2], [2, 4], [3, 5], [4, 6], [4, 7], [8, 8]]
  524,  [[0, 4], [1, 5], [2, 2], [2, 2], [2, 4], [2, 6], [4, 4], [4, 7]]
  525,  [[0, 4], [1, 5], [2, 2], [2, 2], [2, 4], [2, 6], [4, 7], [8, 8]]
  526,  [[0, 4], [2, 2], [2, 2], [2, 4], [2, 5], [3, 6], [4, 4], [4, 7]]
  527,  [[0, 4], [2, 2], [2, 2], [2, 4], [2, 5], [3, 6], [4, 7], [8, 8]]
  528,  [[0, 4], [1, 5], [2, 2], [2, 4], [2, 6], [4, 4], [4, 7], [8, 8]]
  529,  [[0, 4], [1, 5], [2, 2], [2, 2], [2, 6], [4, 4], [4, 4], [7, 7]]
  530,  [[0, 4], [1, 5], [2, 2], [2, 2], [2, 6], [3, 7], [4, 4], [4, 8]]
  531,  [[0, 4], [2, 2], [2, 4], [2, 5], [3, 6], [4, 4], [4, 7], [8, 8]]
  532,  [[0, 4], [2, 2], [2, 2], [2, 2], [3, 5], [4, 4], [4, 6], [7, 7]]
  533,  [[0, 4], [2, 2], [2, 2], [2, 5], [3, 6], [4, 4], [4, 4], [7, 7]]
  534,  [[0, 4], [2, 2], [2, 2], [2, 2], [3, 5], [4, 6], [4, 7], [4, 8]]
  535,  [[0, 4], [1, 4], [2, 2], [2, 5], [2, 6], [3, 4], [4, 4], [7, 7]]
  536,  [[0, 4], [1, 4], [2, 2], [2, 5], [2, 6], [3, 4], [7, 7], [8, 8]]
  537,  [[0, 4], [1, 5], [2, 2], [2, 6], [2, 7], [3, 4], [4, 4], [8, 8]]
  538,  [[0, 4], [1, 4], [2, 2], [2, 2], [2, 4], [2, 5], [3, 4], [6, 6]]
  539,  [[0, 4], [1, 4], [2, 2], [2, 2], [2, 5], [3, 4], [4, 4], [6, 7]]
  540,  [[0, 4], [1, 4], [2, 2], [2, 4], [2, 5], [3, 4], [6, 6], [7, 7]]
  541,  [[0, 4], [1, 4], [2, 2], [2, 2], [2, 5], [3, 4], [6, 6], [7, 8]]
  542,  [[0, 4], [1, 5], [2, 2], [2, 2], [2, 4], [2, 6], [3, 4], [4, 4]]
  543,  [[0, 4], [1, 5], [2, 2], [2, 2], [2, 4], [2, 6], [3, 4], [7, 7]]
  544,  [[0, 4], [2, 2], [2, 2], [2, 4], [2, 5], [4, 4], [4, 6], [7, 8]]
  545,  [[0, 4], [2, 2], [2, 2], [2, 4], [2, 5], [3, 4], [4, 4], [6, 7]]
  546,  [[0, 4], [2, 2], [2, 2], [2, 4], [2, 5], [3, 4], [6, 6], [7, 8]]
  547,  [[0, 4], [1, 5], [2, 2], [2, 4], [2, 6], [3, 4], [4, 4], [7, 7]]
  548,  [[0, 4], [1, 5], [2, 2], [2, 2], [2, 6], [3, 4], [4, 4], [7, 8]]
  549,  [[0, 4], [2, 2], [2, 4], [2, 5], [3, 4], [4, 4], [6, 6], [7, 8]]
  550,  [[0, 4], [2, 2], [2, 2], [2, 5], [4, 4], [4, 4], [6, 6], [7, 8]]
  551,  [[0, 4], [1, 5], [2, 2], [2, 4], [2, 6], [3, 4], [7, 7], [8, 8]]
  552,  [[0, 4], [1, 4], [2, 2], [2, 2], [2, 3], [2, 5], [4, 4], [4, 6]]
  553,  [[0, 4], [1, 4], [2, 2], [2, 2], [2, 3], [2, 5], [4, 6], [7, 7]]
  554,  [[0, 4], [1, 5], [2, 2], [2, 2], [2, 3], [2, 6], [4, 4], [4, 7]]
  555,  [[0, 4], [2, 2], [2, 2], [2, 3], [2, 5], [4, 4], [4, 6], [7, 8]]
  556,  [[0, 4], [1, 4], [2, 3], [2, 5], [2, 6], [2, 7], [4, 4], [4, 8]]
  557,  [[0, 4], [1, 4], [2, 2], [2, 3], [2, 5], [2, 6], [4, 4], [7, 7]]
  558,  [[0, 4], [1, 4], [2, 3], [2, 4], [2, 5], [2, 6], [4, 7], [8, 8]]
  559,  [[0, 4], [2, 3], [2, 4], [2, 5], [2, 6], [4, 4], [7, 7], [8, 8]]
  560,  [[0, 4], [1, 5], [2, 3], [2, 4], [2, 6], [2, 7], [4, 4], [4, 8]]
  561,  [[0, 4], [2, 3], [2, 5], [2, 6], [2, 7], [4, 4], [4, 4], [8, 8]]
  562,  [[0, 4], [1, 5], [2, 2], [2, 3], [2, 6], [2, 7], [4, 4], [4, 4]]
  563,  [[0, 4], [2, 2], [2, 3], [2, 5], [2, 6], [4, 4], [4, 4], [7, 8]]
  564,  [[0, 4], [1, 4], [2, 2], [2, 5], [2, 6], [2, 7], [4, 4], [8, 8]]
  565,  [[0, 4], [1, 4], [2, 2], [2, 4], [2, 5], [2, 6], [4, 4], [7, 7]]
  566,  [[0, 4], [1, 4], [2, 2], [2, 2], [2, 5], [2, 6], [3, 7], [4, 4]]
  567,  [[0, 4], [1, 4], [2, 2], [2, 2], [2, 5], [2, 6], [4, 4], [7, 8]]
  568,  [[0, 4], [1, 4], [2, 2], [2, 4], [2, 5], [2, 6], [7, 7], [8, 8]]
  569,  [[0, 4], [1, 4], [2, 2], [2, 4], [2, 5], [2, 6], [3, 7], [4, 8]]
  570,  [[0, 4], [1, 5], [2, 2], [2, 4], [2, 6], [2, 7], [4, 4], [8, 8]]
  571,  [[0, 4], [2, 2], [2, 4], [2, 5], [2, 6], [3, 7], [4, 4], [8, 8]]
  572,  [[0, 4], [1, 5], [2, 2], [2, 6], [2, 7], [2, 8], [4, 4], [4, 4]]
  573,  [[0, 4], [2, 2], [2, 5], [2, 6], [2, 7], [3, 8], [4, 4], [4, 4]]
  574,  [[0, 4], [1, 4], [2, 5], [2, 6], [2, 7], [2, 8], [3, 4], [4, 4]]
  575,  [[0, 4], [1, 4], [2, 4], [2, 5], [2, 6], [2, 7], [3, 4], [8, 8]]
  576,  [[0, 4], [1, 5], [2, 4], [2, 6], [2, 7], [2, 8], [3, 4], [4, 4]]
  577,  [[0, 4], [1, 4], [2, 2], [2, 4], [2, 5], [2, 6], [3, 4], [7, 8]]
  578,  [[0, 4], [2, 2], [2, 4], [2, 4], [2, 5], [3, 4], [6, 6], [7, 7]]
  579,  [[0, 4], [1, 5], [2, 4], [2, 4], [2, 6], [2, 7], [3, 4], [8, 8]]
  580,  [[0, 1], [2, 2], [2, 2], [2, 2], [3, 4], [4, 4], [4, 5], [4, 6]]
  581,  [[0, 1], [2, 2], [2, 5], [2, 6], [4, 4], [4, 4], [4, 7], [8, 8]]
  582,  [[0, 1], [2, 2], [2, 5], [2, 6], [3, 4], [4, 4], [4, 4], [7, 7]]
  583,  [[0, 1], [2, 2], [2, 2], [2, 4], [4, 4], [4, 5], [4, 6], [7, 7]]
  584,  [[0, 1], [2, 2], [2, 2], [2, 4], [3, 4], [4, 4], [4, 5], [6, 6]]
  585,  [[0, 1], [2, 2], [2, 2], [2, 4], [3, 4], [4, 5], [6, 6], [7, 7]]
  586,  [[0, 1], [2, 2], [2, 2], [2, 4], [3, 4], [4, 5], [4, 6], [7, 8]]
  587,  [[0, 1], [2, 2], [2, 3], [2, 4], [2, 5], [4, 4], [4, 6], [4, 7]]
  588,  [[0, 1], [2, 2], [2, 2], [2, 4], [2, 5], [4, 6], [4, 7], [4, 8]]
  589,  [[0, 1], [2, 2], [2, 2], [2, 4], [2, 5], [4, 4], [4, 6], [7, 7]]
  590,  [[0, 1], [2, 2], [2, 2], [2, 4], [2, 5], [3, 4], [4, 4], [6, 6]]
  591,  [[0, 1], [2, 2], [2, 4], [2, 4], [2, 5], [3, 4], [4, 6], [7, 7]]
  592,  [[0, 1], [2, 2], [2, 2], [2, 4], [2, 5], [3, 4], [4, 6], [7, 8]]
  593,  [[0, 1], [2, 2], [2, 4], [2, 4], [2, 5], [4, 6], [4, 7], [8, 8]]
  594,  [[0, 1], [2, 2], [2, 4], [2, 5], [4, 4], [4, 6], [7, 7], [8, 8]]
  595,  [[0, 1], [2, 2], [2, 4], [2, 5], [3, 6], [4, 4], [4, 7], [4, 8]]
  596,  [[0, 1], [2, 2], [2, 4], [2, 5], [3, 4], [4, 4], [6, 6], [7, 7]]
  597,  [[0, 1], [2, 2], [2, 4], [2, 5], [3, 4], [4, 4], [4, 6], [7, 8]]
  598,  [[0, 1], [2, 3], [2, 4], [2, 5], [2, 6], [4, 4], [4, 7], [8, 8]]
  599,  [[0, 1], [2, 4], [2, 4], [2, 5], [2, 6], [4, 4], [4, 7], [8, 8]]
  600,  [[0, 1], [2, 2], [2, 4], [2, 5], [2, 6], [4, 4], [4, 4], [7, 7]]
  601,  [[0, 1], [2, 2], [2, 4], [2, 5], [2, 6], [3, 7], [4, 4], [4, 8]]
  602,  [[0, 1], [2, 4], [2, 5], [2, 6], [2, 7], [3, 4], [4, 4], [8, 8]]
  603,  [[0, 1], [2, 4], [2, 4], [2, 5], [2, 6], [3, 4], [4, 4], [7, 7]]
  604,  [[0, 1], [2, 2], [2, 4], [2, 5], [2, 6], [3, 4], [4, 4], [7, 8]]
  605,  [[0, 1], [2, 4], [2, 4], [2, 5], [2, 6], [3, 4], [7, 7], [8, 8]]
  606,  [[0, 1], [2, 2], [2, 2], [2, 3], [4, 4], [4, 5], [4, 6], [7, 7]]
  607,  [[0, 1], [2, 2], [2, 2], [2, 2], [4, 5], [4, 6], [4, 7], [8, 8]]
  608,  [[0, 1], [2, 2], [2, 2], [2, 2], [3, 5], [4, 4], [4, 6], [4, 7]]
  609,  [[0, 1], [2, 2], [2, 2], [2, 2], [4, 4], [4, 5], [4, 6], [4, 7]]
  610,  [[0, 1], [2, 2], [2, 2], [2, 2], [4, 4], [4, 5], [4, 6], [7, 8]]
  611,  [[0, 1], [2, 2], [2, 2], [2, 2], [3, 4], [4, 4], [4, 5], [6, 7]]
  612,  [[0, 1], [2, 2], [2, 3], [2, 4], [2, 5], [4, 6], [4, 7], [8, 8]]
  613,  [[0, 1], [2, 2], [2, 3], [2, 5], [4, 4], [4, 4], [4, 6], [7, 7]]
  614,  [[0, 1], [2, 2], [2, 3], [2, 5], [4, 4], [4, 6], [4, 7], [4, 8]]
  615,  [[0, 1], [2, 2], [2, 2], [2, 4], [4, 5], [4, 6], [7, 7], [8, 8]]
  616,  [[0, 1], [2, 2], [2, 2], [2, 4], [2, 5], [3, 6], [4, 7], [4, 8]]
  617,  [[0, 1], [2, 2], [2, 2], [2, 5], [3, 6], [4, 4], [4, 4], [4, 7]]
  618,  [[0, 1], [2, 2], [2, 2], [2, 5], [4, 4], [4, 4], [4, 6], [7, 8]]
  619,  [[0, 1], [2, 2], [2, 2], [2, 5], [3, 4], [4, 4], [4, 4], [6, 7]]
  620,  [[0, 1], [2, 2], [2, 2], [2, 3], [2, 5], [4, 6], [4, 7], [4, 8]]
  621,  [[0, 1], [2, 2], [2, 2], [2, 3], [2, 5], [4, 4], [4, 4], [4, 6]]
  622,  [[0, 1], [2, 3], [2, 5], [2, 6], [2, 7], [4, 4], [4, 4], [4, 8]]
  623,  [[0, 1], [2, 5], [2, 6], [2, 7], [2, 8], [3, 4], [4, 4], [4, 4]]
  624,  [[0, 5], [1, 2], [2, 2], [2, 6], [3, 4], [4, 4], [4, 7], [4, 8]]
  625,  [[0, 5], [1, 2], [2, 2], [2, 2], [2, 4], [3, 4], [4, 6], [4, 7]]
  626,  [[0, 5], [1, 2], [2, 2], [2, 4], [3, 4], [4, 6], [4, 7], [8, 8]]
  627,  [[0, 5], [1, 2], [2, 2], [2, 4], [2, 6], [4, 4], [4, 7], [4, 8]]
  628,  [[0, 5], [1, 2], [2, 2], [2, 4], [2, 6], [3, 4], [4, 4], [4, 7]]
  629,  [[0, 5], [1, 2], [2, 2], [2, 4], [2, 6], [3, 4], [4, 7], [8, 8]]
  630,  [[0, 2], [1, 2], [2, 2], [2, 5], [3, 4], [4, 4], [4, 6], [4, 7]]
  631,  [[0, 0], [1, 2], [2, 2], [2, 2], [3, 4], [4, 4], [4, 5], [4, 6]]
  632,  [[0, 2], [1, 2], [2, 2], [2, 4], [3, 4], [4, 5], [4, 6], [7, 7]]
  633,  [[0, 0], [1, 2], [2, 2], [2, 4], [3, 4], [4, 5], [4, 6], [7, 8]]
  634,  [[0, 3], [1, 2], [2, 2], [2, 4], [2, 5], [4, 4], [4, 6], [4, 7]]
  635,  [[0, 0], [1, 2], [2, 3], [2, 4], [2, 5], [4, 4], [4, 6], [4, 7]]
  636,  [[0, 0], [1, 2], [2, 2], [2, 4], [2, 5], [4, 6], [4, 7], [4, 8]]
  637,  [[0, 0], [1, 2], [2, 2], [2, 4], [2, 5], [4, 4], [4, 6], [7, 7]]
  638,  [[0, 0], [1, 2], [2, 2], [2, 4], [2, 5], [3, 4], [4, 4], [6, 6]]
  639,  [[0, 0], [1, 2], [2, 4], [2, 4], [2, 5], [3, 4], [4, 6], [7, 7]]
  640,  [[0, 0], [1, 2], [2, 2], [2, 4], [2, 5], [3, 4], [4, 6], [7, 8]]
  641,  [[0, 3], [1, 2], [2, 4], [2, 5], [2, 6], [4, 4], [4, 7], [8, 8]]
  642,  [[0, 0], [1, 2], [2, 4], [2, 5], [2, 6], [3, 7], [4, 4], [4, 8]]
  643,  [[0, 5], [1, 2], [2, 4], [2, 6], [2, 7], [3, 4], [4, 4], [8, 8]]
  644,  [[0, 0], [1, 2], [2, 4], [2, 5], [2, 6], [3, 4], [4, 4], [7, 8]]
  645,  [[0, 5], [2, 2], [2, 2], [2, 2], [3, 4], [4, 6], [4, 7], [8, 8]]
  646,  [[0, 5], [1, 2], [2, 2], [2, 2], [4, 4], [4, 6], [4, 7], [8, 8]]
  647,  [[0, 5], [1, 2], [2, 2], [2, 2], [3, 4], [4, 4], [4, 6], [7, 7]]
  648,  [[0, 5], [1, 2], [2, 2], [2, 2], [3, 4], [4, 6], [4, 7], [4, 8]]
  649,  [[0, 5], [1, 2], [2, 2], [2, 3], [2, 6], [4, 4], [4, 7], [4, 8]]
  650,  [[0, 5], [1, 2], [2, 2], [2, 2], [2, 6], [4, 4], [4, 4], [4, 7]]
  651,  [[0, 5], [1, 2], [2, 2], [2, 2], [2, 6], [3, 4], [4, 4], [4, 4]]
  652,  [[0, 2], [1, 2], [2, 2], [2, 2], [4, 4], [4, 5], [4, 6], [7, 7]]
  653,  [[0, 2], [1, 2], [2, 2], [2, 2], [3, 4], [4, 4], [4, 5], [6, 6]]
  654,  [[0, 2], [1, 2], [2, 2], [2, 2], [3, 4], [4, 5], [4, 6], [4, 7]]
  655,  [[0, 2], [1, 2], [2, 2], [2, 2], [3, 4], [4, 5], [4, 6], [7, 8]]
  656,  [[0, 3], [1, 2], [2, 2], [2, 2], [4, 4], [4, 5], [4, 6], [7, 7]]
  657,  [[0, 0], [1, 2], [2, 2], [2, 3], [4, 4], [4, 5], [4, 6], [7, 7]]
  658,  [[0, 0], [1, 2], [2, 2], [2, 2], [4, 5], [4, 6], [4, 7], [8, 8]]
  659,  [[0, 0], [1, 2], [2, 2], [2, 2], [3, 5], [4, 4], [4, 6], [4, 7]]
  660,  [[0, 0], [1, 2], [2, 2], [2, 2], [4, 4], [4, 5], [4, 6], [4, 7]]
  661,  [[0, 0], [1, 2], [2, 2], [2, 2], [4, 4], [4, 5], [4, 6], [7, 8]]
  662,  [[0, 0], [1, 2], [2, 2], [2, 2], [3, 4], [4, 4], [4, 5], [6, 7]]
  663,  [[0, 3], [1, 2], [2, 2], [2, 2], [2, 5], [4, 6], [4, 7], [4, 8]]
  664,  [[0, 3], [1, 2], [2, 2], [2, 2], [2, 5], [4, 4], [4, 4], [4, 6]]
  665,  [[0, 0], [1, 2], [2, 2], [2, 2], [2, 3], [4, 4], [4, 5], [4, 6]]
  666,  [[0, 0], [1, 2], [2, 2], [2, 3], [2, 5], [4, 6], [4, 7], [4, 8]]
  667,  [[0, 0], [1, 2], [2, 2], [2, 3], [2, 5], [4, 4], [4, 4], [4, 6]]
  668,  [[0, 2], [1, 2], [2, 4], [2, 5], [4, 4], [4, 6], [4, 7], [8, 8]]
  669,  [[0, 2], [1, 2], [2, 4], [2, 5], [3, 4], [4, 4], [4, 6], [7, 7]]
  670,  [[0, 2], [1, 2], [2, 4], [2, 5], [3, 4], [4, 6], [7, 7], [8, 8]]
  671,  [[0, 2], [1, 2], [2, 2], [4, 4], [4, 5], [4, 6], [7, 7], [8, 8]]
  672,  [[0, 2], [1, 2], [2, 2], [3, 4], [4, 4], [4, 5], [6, 6], [7, 7]]
  673,  [[0, 2], [1, 2], [2, 2], [3, 4], [4, 5], [4, 6], [4, 7], [8, 8]]
  674,  [[0, 2], [1, 2], [2, 3], [2, 5], [4, 4], [4, 6], [4, 7], [8, 8]]
  675,  [[0, 2], [1, 2], [2, 2], [2, 5], [4, 4], [4, 4], [4, 6], [7, 7]]
  676,  [[0, 2], [1, 2], [2, 2], [2, 5], [3, 6], [4, 4], [4, 7], [4, 8]]
  677,  [[0, 2], [1, 2], [2, 2], [2, 5], [4, 4], [4, 6], [4, 7], [4, 8]]
  678,  [[0, 2], [1, 2], [2, 5], [2, 6], [3, 4], [4, 4], [4, 7], [8, 8]]
  679,  [[0, 2], [1, 2], [2, 2], [2, 5], [3, 4], [4, 4], [4, 4], [6, 6]]
  680,  [[0, 2], [1, 2], [2, 2], [2, 5], [3, 4], [4, 4], [4, 6], [7, 8]]
  681,  [[0, 3], [1, 2], [2, 2], [2, 4], [2, 5], [4, 6], [4, 7], [8, 8]]
  682,  [[0, 3], [1, 2], [2, 2], [2, 5], [4, 4], [4, 4], [4, 6], [7, 7]]
  683,  [[0, 3], [1, 2], [2, 2], [2, 5], [4, 4], [4, 6], [4, 7], [4, 8]]
  684,  [[0, 0], [1, 2], [2, 3], [2, 4], [2, 5], [4, 6], [4, 7], [8, 8]]
  685,  [[0, 0], [1, 2], [2, 4], [2, 4], [2, 5], [4, 6], [4, 7], [8, 8]]
  686,  [[0, 0], [1, 2], [2, 2], [2, 4], [2, 5], [3, 6], [4, 7], [4, 8]]
  687,  [[0, 0], [1, 2], [2, 2], [2, 5], [3, 6], [4, 4], [4, 4], [4, 7]]
  688,  [[0, 5], [1, 2], [2, 2], [2, 6], [4, 4], [4, 4], [4, 7], [8, 8]]
  689,  [[0, 5], [1, 2], [2, 2], [2, 6], [3, 4], [4, 4], [4, 4], [7, 7]]
  690,  [[0, 0], [1, 2], [2, 2], [2, 5], [4, 4], [4, 4], [4, 6], [7, 8]]
  691,  [[0, 0], [1, 2], [2, 2], [2, 5], [3, 4], [4, 4], [4, 4], [6, 7]]
  692,  [[0, 3], [1, 2], [2, 5], [2, 6], [2, 7], [4, 4], [4, 4], [4, 8]]
  693,  [[0, 5], [1, 2], [2, 3], [2, 6], [2, 7], [4, 4], [4, 4], [4, 8]]
  694,  [[0, 5], [1, 2], [2, 6], [2, 7], [2, 8], [3, 4], [4, 4], [4, 4]]
  695,  [[0, 2], [2, 2], [2, 2], [3, 4], [4, 4], [4, 5], [4, 6], [7, 7]]
  696,  [[0, 2], [1, 4], [2, 2], [2, 2], [2, 5], [3, 4], [4, 6], [4, 7]]
  697,  [[0, 2], [1, 4], [2, 2], [2, 5], [3, 4], [4, 6], [4, 7], [8, 8]]
  698,  [[0, 2], [2, 2], [2, 5], [3, 4], [4, 4], [4, 6], [7, 7], [8, 8]]
  699,  [[0, 2], [1, 5], [2, 2], [2, 6], [3, 4], [4, 4], [4, 7], [4, 8]]
  700,  [[0, 2], [1, 4], [2, 2], [2, 5], [2, 6], [4, 4], [4, 7], [4, 8]]
  701,  [[0, 2], [1, 4], [2, 2], [2, 5], [2, 6], [3, 4], [4, 4], [4, 7]]
  702,  [[0, 2], [1, 4], [2, 2], [2, 5], [2, 6], [3, 4], [4, 7], [8, 8]]
  703,  [[0, 2], [2, 4], [2, 5], [2, 6], [3, 4], [4, 4], [4, 7], [8, 8]]
  704,  [[0, 2], [2, 2], [2, 5], [2, 6], [4, 4], [4, 4], [4, 7], [8, 8]]
  705,  [[0, 2], [2, 2], [2, 5], [2, 6], [3, 4], [4, 4], [4, 4], [7, 7]]
  706,  [[0, 2], [1, 5], [2, 2], [2, 6], [2, 7], [3, 4], [4, 4], [4, 8]]
  707,  [[0, 5], [2, 2], [2, 2], [2, 2], [3, 4], [4, 4], [4, 6], [4, 7]]
  708,  [[0, 5], [1, 4], [2, 2], [2, 2], [2, 6], [3, 4], [4, 7], [4, 8]]
  709,  [[0, 0], [1, 4], [2, 2], [2, 2], [2, 2], [3, 4], [4, 5], [4, 6]]
  710,  [[0, 0], [1, 4], [2, 2], [2, 2], [2, 5], [4, 4], [4, 6], [4, 7]]
  711,  [[0, 0], [1, 4], [2, 2], [2, 2], [2, 5], [3, 4], [4, 4], [4, 6]]
  712,  [[0, 3], [1, 4], [2, 2], [2, 5], [2, 6], [4, 4], [4, 7], [4, 8]]
  713,  [[0, 0], [1, 4], [2, 2], [2, 5], [2, 6], [4, 4], [4, 7], [8, 8]]
  714,  [[0, 5], [1, 4], [2, 2], [2, 6], [2, 7], [3, 4], [4, 4], [4, 8]]
  715,  [[0, 0], [1, 4], [2, 2], [2, 5], [2, 6], [3, 4], [4, 4], [7, 7]]
  716,  [[0, 0], [1, 5], [2, 2], [2, 6], [2, 7], [4, 4], [4, 4], [4, 8]]
  717,  [[0, 0], [1, 5], [2, 2], [2, 6], [2, 7], [3, 4], [4, 4], [4, 4]]
  718,  [[0, 5], [2, 2], [2, 2], [2, 4], [4, 4], [4, 6], [4, 7], [8, 8]]
  719,  [[0, 5], [2, 2], [2, 2], [2, 4], [3, 4], [4, 4], [4, 6], [7, 7]]
  720,  [[0, 5], [2, 2], [2, 2], [2, 4], [3, 4], [4, 6], [7, 7], [8, 8]]
  721,  [[0, 5], [1, 6], [2, 2], [2, 2], [2, 4], [3, 4], [4, 7], [4, 8]]
  722,  [[0, 5], [2, 2], [2, 3], [2, 4], [2, 6], [4, 4], [4, 7], [4, 8]]
  723,  [[0, 5], [1, 4], [2, 2], [2, 2], [2, 4], [2, 6], [4, 7], [4, 8]]
  724,  [[0, 5], [2, 2], [2, 2], [2, 4], [2, 6], [4, 4], [4, 7], [8, 8]]
  725,  [[0, 5], [1, 4], [2, 2], [2, 2], [2, 4], [2, 6], [3, 4], [4, 7]]
  726,  [[0, 5], [2, 2], [2, 2], [2, 4], [2, 6], [3, 4], [4, 4], [7, 7]]
  727,  [[0, 5], [2, 2], [2, 4], [2, 4], [2, 6], [3, 4], [4, 7], [8, 8]]
  728,  [[0, 5], [1, 6], [2, 2], [2, 2], [2, 4], [2, 7], [3, 4], [4, 8]]
  729,  [[0, 2], [1, 5], [2, 2], [2, 2], [2, 4], [3, 4], [4, 6], [4, 7]]
  730,  [[0, 2], [2, 2], [2, 2], [2, 4], [3, 4], [4, 5], [4, 6], [7, 8]]
  731,  [[0, 0], [1, 5], [2, 2], [2, 2], [2, 4], [4, 4], [4, 6], [4, 7]]
  732,  [[0, 0], [1, 5], [2, 2], [2, 2], [2, 4], [3, 4], [4, 4], [4, 6]]
  733,  [[0, 0], [1, 5], [2, 2], [2, 2], [2, 4], [3, 4], [4, 6], [7, 7]]
  734,  [[0, 0], [2, 2], [2, 2], [2, 4], [4, 4], [4, 5], [4, 6], [7, 8]]
  735,  [[0, 0], [2, 2], [2, 2], [2, 4], [3, 4], [4, 4], [4, 5], [6, 7]]
  736,  [[0, 0], [2, 2], [2, 2], [2, 4], [3, 4], [4, 5], [6, 6], [7, 8]]
  737,  [[0, 2], [1, 5], [2, 2], [2, 4], [3, 4], [4, 6], [4, 7], [8, 8]]
  738,  [[0, 2], [2, 3], [2, 4], [2, 5], [4, 4], [4, 6], [4, 7], [8, 8]]
  739,  [[0, 2], [1, 4], [2, 2], [2, 4], [2, 5], [4, 6], [4, 7], [8, 8]]
  740,  [[0, 2], [2, 2], [2, 4], [2, 5], [4, 4], [4, 6], [7, 7], [8, 8]]
  741,  [[0, 2], [1, 5], [2, 2], [2, 4], [2, 6], [4, 4], [4, 7], [4, 8]]
  742,  [[0, 2], [2, 2], [2, 4], [2, 5], [3, 6], [4, 4], [4, 7], [4, 8]]
  743,  [[0, 2], [1, 4], [2, 2], [2, 4], [2, 5], [3, 4], [4, 6], [7, 7]]
  744,  [[0, 2], [2, 2], [2, 4], [2, 5], [3, 4], [4, 4], [6, 6], [7, 7]]
  745,  [[0, 2], [1, 5], [2, 2], [2, 4], [2, 6], [3, 4], [4, 4], [4, 7]]
  746,  [[0, 2], [2, 2], [2, 4], [2, 5], [3, 4], [4, 4], [4, 6], [7, 8]]
  747,  [[0, 2], [2, 4], [2, 4], [2, 5], [3, 4], [4, 6], [7, 7], [8, 8]]
  748,  [[0, 2], [1, 5], [2, 2], [2, 4], [2, 6], [3, 4], [4, 7], [8, 8]]
  749,  [[0, 3], [1, 5], [2, 2], [2, 4], [2, 6], [4, 4], [4, 7], [4, 8]]
  750,  [[0, 0], [1, 5], [2, 2], [2, 4], [2, 4], [2, 6], [4, 7], [4, 8]]
  751,  [[0, 0], [1, 5], [2, 2], [2, 4], [2, 6], [4, 4], [4, 7], [8, 8]]
  752,  [[0, 5], [1, 6], [2, 2], [2, 4], [2, 7], [3, 4], [4, 4], [4, 8]]
  753,  [[0, 0], [1, 5], [2, 2], [2, 4], [2, 4], [2, 6], [3, 4], [4, 7]]
  754,  [[0, 0], [1, 5], [2, 2], [2, 4], [2, 6], [3, 4], [4, 4], [7, 7]]
  755,  [[0, 3], [2, 2], [2, 2], [2, 4], [4, 4], [4, 5], [4, 6], [7, 7]]
  756,  [[0, 3], [1, 4], [2, 2], [2, 2], [2, 4], [2, 5], [4, 6], [4, 7]]
  757,  [[0, 3], [2, 2], [2, 2], [2, 4], [2, 5], [4, 6], [4, 7], [4, 8]]
  758,  [[0, 3], [2, 2], [2, 2], [2, 4], [2, 5], [4, 4], [4, 6], [7, 7]]
  759,  [[0, 3], [1, 4], [2, 2], [2, 4], [2, 5], [4, 6], [4, 7], [8, 8]]
  760,  [[0, 3], [2, 2], [2, 4], [2, 4], [2, 5], [4, 6], [4, 7], [8, 8]]
  761,  [[0, 3], [2, 2], [2, 4], [2, 5], [4, 4], [4, 6], [7, 7], [8, 8]]
  762,  [[0, 3], [1, 4], [2, 2], [2, 4], [2, 5], [2, 6], [4, 4], [4, 7]]
  763,  [[0, 3], [1, 4], [2, 2], [2, 4], [2, 5], [2, 6], [4, 7], [8, 8]]
  764,  [[0, 3], [2, 4], [2, 4], [2, 5], [2, 6], [4, 4], [4, 7], [8, 8]]
  765,  [[0, 3], [2, 2], [2, 5], [2, 6], [4, 4], [4, 4], [4, 7], [8, 8]]
  766,  [[0, 3], [2, 2], [2, 4], [2, 5], [2, 6], [4, 4], [4, 4], [7, 7]]
  767,  [[0, 3], [1, 5], [2, 2], [2, 4], [2, 6], [2, 7], [4, 4], [4, 8]]
  768,  [[0, 0], [1, 4], [2, 2], [2, 3], [2, 4], [2, 5], [4, 6], [4, 7]]
  769,  [[0, 0], [2, 2], [2, 3], [2, 4], [2, 5], [4, 6], [4, 7], [4, 8]]
  770,  [[0, 0], [2, 2], [2, 3], [2, 4], [2, 5], [4, 4], [4, 6], [7, 7]]
  771,  [[0, 0], [1, 4], [2, 3], [2, 4], [2, 5], [2, 6], [4, 4], [4, 7]]
  772,  [[0, 0], [1, 4], [2, 3], [2, 4], [2, 5], [2, 6], [4, 7], [8, 8]]
  773,  [[0, 0], [1, 5], [2, 3], [2, 4], [2, 6], [2, 7], [4, 4], [4, 8]]
  774,  [[0, 0], [1, 4], [2, 2], [2, 2], [2, 4], [4, 5], [4, 6], [7, 7]]
  775,  [[0, 0], [1, 4], [2, 2], [2, 4], [2, 5], [3, 6], [4, 7], [4, 8]]
  776,  [[0, 5], [1, 4], [2, 2], [2, 4], [2, 6], [2, 7], [4, 4], [4, 8]]
  777,  [[0, 0], [1, 4], [2, 4], [2, 5], [2, 6], [2, 7], [4, 4], [4, 8]]
  778,  [[0, 0], [1, 4], [2, 2], [2, 4], [2, 5], [2, 6], [4, 4], [7, 7]]
  779,  [[0, 0], [1, 4], [2, 4], [2, 4], [2, 5], [2, 6], [4, 7], [8, 8]]
  780,  [[0, 0], [1, 4], [2, 2], [2, 4], [2, 5], [2, 6], [3, 7], [4, 8]]
  781,  [[0, 0], [1, 5], [2, 4], [2, 4], [2, 6], [2, 7], [4, 4], [4, 8]]
  782,  [[0, 0], [1, 5], [2, 2], [2, 2], [2, 4], [2, 6], [4, 4], [4, 7]]
  783,  [[0, 0], [1, 5], [2, 2], [2, 4], [2, 6], [2, 7], [4, 4], [4, 4]]
  784,  [[0, 0], [2, 4], [2, 4], [2, 5], [2, 6], [3, 7], [4, 4], [4, 8]]
  785,  [[0, 0], [2, 2], [2, 5], [2, 6], [3, 7], [4, 4], [4, 4], [4, 8]]
  786,  [[0, 0], [2, 2], [2, 2], [2, 4], [2, 5], [3, 6], [4, 4], [4, 7]]
  787,  [[0, 0], [2, 2], [2, 4], [2, 5], [3, 6], [4, 4], [4, 7], [8, 8]]
  788,  [[0, 0], [2, 2], [2, 4], [2, 5], [2, 6], [3, 7], [4, 4], [4, 4]]
  789,  [[0, 5], [1, 4], [2, 2], [2, 4], [2, 6], [3, 4], [4, 7], [8, 8]]
  790,  [[0, 5], [2, 2], [2, 4], [2, 6], [3, 4], [4, 4], [7, 7], [8, 8]]
  791,  [[0, 5], [1, 4], [2, 2], [2, 4], [2, 6], [2, 7], [3, 4], [4, 4]]
  792,  [[0, 5], [1, 4], [2, 2], [2, 4], [2, 6], [2, 7], [3, 4], [8, 8]]
  793,  [[0, 5], [2, 4], [2, 4], [2, 6], [2, 7], [3, 4], [4, 4], [8, 8]]
  794,  [[0, 5], [2, 2], [2, 6], [2, 7], [3, 4], [4, 4], [4, 4], [8, 8]]
  795,  [[0, 5], [2, 2], [2, 4], [2, 6], [2, 7], [4, 4], [4, 4], [8, 8]]
  796,  [[0, 5], [1, 6], [2, 2], [2, 4], [2, 7], [2, 8], [3, 4], [4, 4]]
  797,  [[0, 0], [1, 4], [2, 4], [2, 5], [2, 6], [2, 7], [3, 4], [4, 4]]
  798,  [[0, 0], [1, 4], [2, 4], [2, 5], [2, 6], [2, 7], [3, 4], [8, 8]]
  799,  [[0, 0], [1, 5], [2, 4], [2, 6], [2, 7], [2, 8], [3, 4], [4, 4]]
  800,  [[0, 0], [1, 4], [2, 2], [2, 2], [2, 4], [3, 4], [4, 5], [6, 6]]
  801,  [[0, 0], [1, 4], [2, 2], [2, 4], [2, 5], [3, 4], [4, 6], [7, 8]]
  802,  [[0, 0], [1, 4], [2, 4], [2, 4], [2, 5], [2, 6], [3, 4], [7, 7]]
  803,  [[0, 0], [1, 4], [2, 2], [2, 4], [2, 5], [2, 6], [3, 4], [7, 8]]
  804,  [[0, 0], [1, 5], [2, 4], [2, 4], [2, 6], [2, 7], [3, 4], [4, 4]]
  805,  [[0, 0], [1, 5], [2, 2], [2, 2], [2, 4], [2, 6], [3, 4], [4, 4]]
  806,  [[0, 0], [2, 4], [2, 4], [2, 5], [2, 6], [3, 4], [4, 4], [7, 8]]
  807,  [[0, 0], [2, 2], [2, 5], [2, 6], [3, 4], [4, 4], [4, 4], [7, 8]]
  808,  [[0, 0], [2, 2], [2, 2], [2, 4], [2, 5], [3, 4], [4, 4], [6, 7]]
  809,  [[0, 0], [2, 2], [2, 4], [2, 5], [3, 4], [4, 4], [6, 6], [7, 8]]
  810,  [[0, 0], [2, 2], [2, 4], [2, 5], [2, 6], [4, 4], [4, 4], [7, 8]]
  811,  [[0, 0], [2, 2], [2, 4], [2, 4], [2, 5], [3, 4], [4, 6], [7, 8]]
  812,  [[0, 0], [1, 5], [2, 4], [2, 4], [2, 6], [2, 7], [3, 4], [8, 8]]
  813,  [[0, 2], [2, 2], [2, 3], [4, 4], [4, 5], [4, 6], [7, 7], [8, 8]]
  814,  [[0, 2], [1, 4], [2, 2], [2, 2], [4, 5], [4, 6], [7, 7], [8, 8]]
  815,  [[0, 2], [1, 5], [2, 2], [2, 2], [4, 4], [4, 6], [4, 7], [8, 8]]
  816,  [[0, 2], [2, 2], [2, 2], [3, 5], [4, 4], [4, 6], [4, 7], [8, 8]]
  817,  [[0, 2], [2, 2], [2, 2], [4, 4], [4, 5], [4, 6], [4, 7], [8, 8]]
  818,  [[0, 2], [1, 4], [2, 2], [2, 2], [3, 4], [4, 5], [6, 6], [7, 7]]
  819,  [[0, 2], [1, 5], [2, 2], [2, 2], [3, 4], [4, 4], [4, 6], [7, 7]]
  820,  [[0, 2], [2, 2], [2, 2], [3, 4], [4, 4], [4, 5], [6, 6], [7, 8]]
  821,  [[0, 2], [1, 5], [2, 2], [2, 2], [3, 4], [4, 6], [4, 7], [4, 8]]
  822,  [[0, 2], [2, 2], [2, 2], [2, 3], [4, 4], [4, 5], [4, 6], [7, 7]]
  823,  [[0, 2], [1, 4], [2, 2], [2, 3], [2, 5], [4, 6], [4, 7], [8, 8]]
  824,  [[0, 2], [2, 2], [2, 3], [2, 5], [4, 4], [4, 4], [4, 6], [7, 7]]
  825,  [[0, 2], [1, 5], [2, 2], [2, 3], [2, 6], [4, 4], [4, 7], [4, 8]]
  826,  [[0, 2], [2, 2], [2, 3], [2, 5], [4, 4], [4, 6], [4, 7], [4, 8]]
  827,  [[0, 2], [1, 4], [2, 2], [2, 2], [2, 5], [4, 4], [4, 6], [7, 7]]
  828,  [[0, 2], [1, 4], [2, 2], [2, 2], [2, 5], [3, 6], [4, 7], [4, 8]]
  829,  [[0, 2], [1, 4], [2, 2], [2, 2], [2, 5], [4, 6], [4, 7], [4, 8]]
  830,  [[0, 2], [1, 5], [2, 2], [2, 2], [2, 6], [4, 4], [4, 4], [4, 7]]
  831,  [[0, 2], [2, 2], [2, 2], [2, 5], [3, 6], [4, 4], [4, 4], [4, 7]]
  832,  [[0, 2], [1, 4], [2, 2], [2, 2], [2, 5], [3, 4], [4, 4], [6, 6]]
  833,  [[0, 2], [1, 4], [2, 2], [2, 2], [2, 5], [3, 4], [4, 6], [7, 8]]
  834,  [[0, 2], [1, 5], [2, 2], [2, 2], [2, 6], [3, 4], [4, 4], [4, 4]]
  835,  [[0, 2], [2, 2], [2, 2], [2, 5], [4, 4], [4, 4], [4, 6], [7, 8]]
  836,  [[0, 2], [2, 2], [2, 2], [2, 5], [3, 4], [4, 4], [4, 4], [6, 7]]
  837,  [[0, 3], [1, 4], [2, 2], [2, 2], [2, 2], [4, 5], [4, 6], [7, 7]]
  838,  [[0, 3], [2, 2], [2, 2], [2, 2], [4, 5], [4, 6], [4, 7], [8, 8]]
  839,  [[0, 3], [1, 5], [2, 2], [2, 2], [2, 2], [4, 4], [4, 6], [4, 7]]
  840,  [[0, 3], [2, 2], [2, 2], [2, 2], [4, 4], [4, 5], [4, 6], [4, 7]]
  841,  [[0, 3], [2, 2], [2, 2], [2, 2], [4, 4], [4, 5], [4, 6], [7, 8]]
  842,  [[0, 3], [1, 4], [2, 2], [2, 2], [2, 5], [4, 4], [4, 6], [7, 7]]
  843,  [[0, 3], [1, 4], [2, 2], [2, 2], [2, 5], [4, 6], [4, 7], [4, 8]]
  844,  [[0, 3], [2, 2], [2, 2], [2, 4], [4, 5], [4, 6], [7, 7], [8, 8]]
  845,  [[0, 3], [1, 5], [2, 2], [2, 2], [2, 4], [2, 6], [4, 7], [4, 8]]
  846,  [[0, 3], [1, 5], [2, 2], [2, 2], [2, 6], [4, 4], [4, 4], [4, 7]]
  847,  [[0, 3], [2, 2], [2, 2], [2, 5], [4, 4], [4, 4], [4, 6], [7, 8]]
  848,  [[0, 5], [2, 2], [2, 2], [2, 3], [4, 4], [4, 6], [4, 7], [8, 8]]
  849,  [[0, 0], [1, 4], [2, 2], [2, 2], [2, 3], [4, 5], [4, 6], [7, 7]]
  850,  [[0, 0], [2, 2], [2, 2], [2, 3], [4, 5], [4, 6], [4, 7], [8, 8]]
  851,  [[0, 0], [1, 5], [2, 2], [2, 2], [2, 3], [4, 4], [4, 6], [4, 7]]
  852,  [[0, 0], [2, 2], [2, 2], [2, 3], [4, 4], [4, 5], [4, 6], [4, 7]]
  853,  [[0, 0], [2, 2], [2, 2], [2, 3], [4, 4], [4, 5], [4, 6], [7, 8]]
  854,  [[0, 0], [1, 4], [2, 2], [2, 3], [2, 5], [4, 4], [4, 6], [7, 7]]
  855,  [[0, 0], [1, 4], [2, 2], [2, 3], [2, 5], [4, 6], [4, 7], [4, 8]]
  856,  [[0, 0], [2, 3], [2, 4], [2, 4], [2, 5], [4, 6], [4, 7], [8, 8]]
  857,  [[0, 0], [1, 5], [2, 2], [2, 3], [2, 4], [2, 6], [4, 7], [4, 8]]
  858,  [[0, 0], [1, 5], [2, 2], [2, 3], [2, 6], [4, 4], [4, 4], [4, 7]]
  859,  [[0, 5], [1, 4], [2, 2], [2, 2], [2, 6], [4, 4], [4, 7], [8, 8]]
  860,  [[0, 0], [1, 4], [2, 2], [2, 2], [2, 5], [3, 6], [4, 4], [4, 7]]
  861,  [[0, 0], [1, 4], [2, 2], [2, 2], [2, 5], [4, 4], [4, 6], [7, 8]]
  862,  [[0, 0], [1, 4], [2, 2], [2, 2], [2, 2], [3, 5], [4, 6], [4, 7]]
  863,  [[0, 0], [1, 4], [2, 2], [2, 2], [2, 2], [4, 5], [4, 6], [4, 7]]
  864,  [[0, 5], [1, 6], [2, 2], [2, 2], [2, 2], [4, 4], [4, 7], [4, 8]]
  865,  [[0, 0], [1, 5], [2, 2], [2, 2], [2, 2], [4, 6], [4, 7], [4, 8]]
  866,  [[0, 0], [1, 5], [2, 2], [2, 2], [2, 4], [4, 6], [4, 7], [8, 8]]
  867,  [[0, 5], [1, 6], [2, 2], [2, 2], [2, 7], [4, 4], [4, 4], [4, 8]]
  868,  [[0, 0], [2, 2], [2, 2], [2, 4], [3, 5], [4, 4], [4, 6], [4, 7]]
  869,  [[0, 0], [2, 2], [2, 4], [2, 4], [2, 5], [3, 6], [4, 7], [4, 8]]
  870,  [[0, 5], [2, 2], [2, 2], [2, 2], [3, 6], [4, 4], [4, 7], [4, 8]]
  871,  [[0, 0], [2, 2], [2, 2], [2, 2], [3, 5], [4, 6], [4, 7], [4, 8]]
  872,  [[0, 0], [2, 2], [2, 2], [2, 4], [3, 5], [4, 6], [4, 7], [8, 8]]
  873,  [[0, 5], [2, 2], [2, 2], [2, 6], [3, 7], [4, 4], [4, 4], [4, 8]]
  874,  [[0, 0], [2, 2], [2, 2], [2, 4], [4, 5], [4, 6], [4, 7], [8, 8]]
  875,  [[0, 5], [1, 4], [2, 2], [2, 2], [2, 2], [3, 4], [4, 6], [7, 7]]
  876,  [[0, 5], [1, 6], [2, 2], [2, 2], [2, 2], [3, 4], [4, 4], [4, 7]]
  877,  [[0, 5], [2, 2], [2, 2], [2, 2], [3, 4], [4, 4], [4, 6], [7, 8]]
  878,  [[0, 5], [2, 2], [2, 3], [2, 6], [4, 4], [4, 4], [4, 7], [8, 8]]
  879,  [[0, 5], [1, 4], [2, 2], [2, 2], [2, 6], [3, 4], [4, 4], [7, 7]]
  880,  [[0, 5], [1, 6], [2, 2], [2, 2], [2, 7], [3, 4], [4, 4], [4, 4]]
  881,  [[0, 5], [2, 2], [2, 2], [2, 6], [3, 4], [4, 4], [4, 4], [7, 8]]
  882,  [[0, 0], [1, 4], [2, 2], [2, 2], [2, 5], [3, 4], [4, 4], [6, 7]]
  883,  [[0, 0], [1, 4], [2, 2], [2, 2], [2, 2], [3, 4], [4, 5], [6, 7]]
  884,  [[0, 0], [2, 2], [2, 3], [2, 5], [4, 4], [4, 4], [4, 6], [7, 8]]
  885,  [[0, 0], [2, 2], [2, 2], [2, 4], [2, 5], [4, 4], [4, 6], [7, 8]]
  886,  [[0, 5], [2, 2], [2, 2], [2, 2], [4, 4], [4, 6], [4, 7], [4, 8]]
  887,  [[0, 3], [1, 4], [2, 2], [2, 5], [2, 6], [2, 7], [4, 4], [4, 8]]
  888,  [[0, 3], [1, 4], [2, 2], [2, 2], [2, 5], [2, 6], [4, 4], [4, 4]]
  889,  [[0, 5], [1, 4], [2, 2], [2, 2], [2, 3], [2, 6], [4, 7], [4, 8]]
  890,  [[0, 5], [2, 2], [2, 2], [2, 3], [2, 6], [4, 4], [4, 4], [4, 7]]
  891,  [[0, 0], [1, 4], [2, 2], [2, 2], [2, 3], [2, 5], [4, 4], [4, 6]]
  892,  [[0, 5], [1, 4], [2, 2], [2, 3], [2, 6], [2, 7], [4, 4], [4, 8]]
  893,  [[0, 0], [1, 4], [2, 3], [2, 5], [2, 6], [2, 7], [4, 4], [4, 8]]
  894,  [[0, 0], [1, 4], [2, 2], [2, 3], [2, 5], [2, 6], [4, 4], [4, 4]]
  895,  [[0, 5], [1, 4], [2, 2], [2, 2], [2, 6], [2, 7], [4, 4], [4, 4]]
  896,  [[0, 0], [1, 4], [2, 2], [2, 5], [2, 6], [2, 7], [4, 4], [4, 4]]
  897,  [[0, 5], [1, 4], [2, 2], [2, 6], [2, 7], [2, 8], [3, 4], [4, 4]]
  898,  [[0, 0], [1, 4], [2, 5], [2, 6], [2, 7], [2, 8], [3, 4], [4, 4]]
  899,  [[0, 4], [1, 2], [2, 2], [2, 3], [2, 4], [4, 5], [4, 6], [7, 7]]
  900,  [[0, 4], [1, 2], [2, 2], [2, 3], [4, 5], [4, 6], [4, 7], [8, 8]]
  901,  [[0, 4], [1, 2], [2, 2], [2, 3], [4, 4], [4, 5], [6, 6], [7, 7]]
  902,  [[0, 4], [1, 2], [2, 2], [2, 3], [4, 4], [4, 5], [4, 6], [7, 8]]
  903,  [[0, 4], [1, 2], [2, 2], [2, 2], [2, 4], [3, 5], [4, 6], [4, 7]]
  904,  [[0, 4], [1, 2], [2, 2], [2, 2], [2, 4], [4, 5], [4, 6], [7, 8]]
  905,  [[0, 4], [2, 2], [2, 2], [2, 2], [4, 5], [4, 6], [4, 7], [8, 8]]
  906,  [[0, 4], [1, 2], [2, 2], [2, 2], [4, 5], [4, 6], [7, 7], [8, 8]]
  907,  [[0, 4], [1, 2], [2, 2], [2, 2], [3, 5], [4, 6], [4, 7], [4, 8]]
  908,  [[0, 4], [1, 2], [2, 2], [2, 2], [3, 5], [4, 4], [4, 6], [7, 7]]
  909,  [[0, 4], [1, 2], [2, 2], [2, 2], [4, 4], [4, 5], [6, 6], [7, 8]]
  910,  [[0, 4], [1, 2], [2, 2], [2, 2], [2, 4], [3, 4], [4, 5], [6, 7]]
  911,  [[0, 4], [1, 2], [2, 2], [2, 2], [3, 4], [4, 4], [5, 5], [6, 7]]
  912,  [[0, 4], [1, 2], [2, 2], [2, 4], [3, 4], [4, 5], [6, 6], [7, 8]]
  913,  [[0, 4], [1, 2], [2, 2], [2, 2], [2, 3], [4, 5], [4, 6], [4, 7]]
  914,  [[0, 4], [1, 2], [2, 2], [2, 2], [2, 3], [4, 4], [4, 5], [6, 6]]
  915,  [[0, 4], [1, 2], [2, 2], [2, 3], [2, 5], [4, 6], [4, 7], [8, 8]]
  916,  [[0, 4], [1, 2], [2, 3], [2, 4], [2, 5], [4, 4], [4, 6], [7, 7]]
  917,  [[0, 4], [1, 2], [2, 2], [2, 3], [2, 5], [4, 4], [4, 4], [6, 6]]
  918,  [[0, 4], [1, 2], [2, 2], [2, 3], [2, 5], [4, 4], [4, 6], [7, 8]]
  919,  [[0, 4], [1, 2], [2, 2], [2, 2], [2, 5], [3, 6], [4, 7], [4, 8]]
  920,  [[0, 4], [1, 2], [2, 2], [2, 4], [2, 5], [4, 4], [6, 6], [7, 7]]
  921,  [[0, 4], [1, 2], [2, 2], [2, 4], [2, 5], [3, 6], [4, 4], [4, 7]]
  922,  [[0, 4], [1, 2], [2, 2], [2, 4], [2, 5], [4, 4], [4, 6], [7, 8]]
  923,  [[0, 4], [1, 2], [2, 2], [2, 2], [2, 5], [3, 6], [4, 4], [4, 4]]
  924,  [[0, 4], [1, 2], [2, 2], [2, 2], [2, 5], [4, 4], [4, 4], [6, 7]]
  925,  [[0, 4], [1, 2], [2, 2], [2, 4], [2, 5], [3, 4], [4, 4], [6, 7]]
  926,  [[0, 4], [1, 2], [2, 4], [2, 4], [2, 5], [3, 4], [6, 6], [7, 7]]
  927,  [[0, 4], [1, 2], [2, 2], [2, 4], [2, 5], [3, 4], [6, 6], [7, 8]]
  928,  [[0, 4], [1, 2], [2, 3], [2, 4], [2, 5], [4, 6], [7, 7], [8, 8]]
  929,  [[0, 4], [1, 2], [2, 2], [2, 4], [3, 5], [4, 6], [4, 7], [8, 8]]
  930,  [[0, 4], [1, 2], [2, 4], [2, 4], [2, 5], [4, 6], [7, 7], [8, 8]]
  931,  [[0, 4], [1, 2], [2, 2], [2, 4], [2, 5], [3, 6], [4, 7], [8, 8]]
  932,  [[0, 4], [1, 2], [2, 2], [2, 5], [3, 6], [4, 4], [4, 4], [7, 7]]
  933,  [[0, 4], [1, 2], [2, 2], [2, 5], [4, 4], [4, 4], [6, 6], [7, 8]]
  934,  [[0, 4], [1, 2], [2, 3], [2, 5], [2, 6], [4, 4], [4, 4], [7, 8]]
  935,  [[0, 4], [1, 2], [2, 4], [2, 5], [2, 6], [3, 7], [4, 4], [8, 8]]
  936,  [[0, 4], [1, 2], [2, 5], [2, 6], [2, 7], [3, 8], [4, 4], [4, 4]]
  937,  [[0, 4], [1, 5], [2, 2], [2, 2], [2, 3], [2, 4], [4, 6], [4, 7]]
  938,  [[0, 4], [1, 5], [2, 2], [2, 2], [2, 3], [4, 6], [4, 7], [4, 8]]
  939,  [[0, 4], [1, 5], [2, 2], [2, 2], [2, 3], [4, 4], [4, 6], [7, 7]]
  940,  [[0, 4], [1, 5], [2, 2], [2, 2], [2, 2], [4, 6], [4, 7], [8, 8]]
  941,  [[0, 4], [1, 5], [2, 2], [2, 2], [2, 4], [4, 4], [4, 6], [7, 7]]
  942,  [[0, 4], [1, 5], [2, 2], [2, 2], [2, 2], [3, 6], [4, 4], [4, 7]]
  943,  [[0, 4], [1, 5], [2, 2], [2, 2], [2, 2], [4, 4], [4, 6], [7, 8]]
  944,  [[0, 4], [1, 5], [2, 2], [2, 2], [2, 4], [3, 4], [4, 4], [6, 6]]
  945,  [[0, 4], [1, 5], [2, 2], [2, 2], [2, 2], [3, 4], [4, 4], [6, 7]]
  946,  [[0, 4], [1, 5], [2, 2], [2, 2], [2, 4], [3, 4], [6, 6], [7, 7]]
  947,  [[0, 4], [1, 5], [2, 2], [2, 2], [2, 4], [3, 4], [4, 6], [7, 8]]
  948,  [[0, 0], [1, 4], [2, 2], [2, 2], [2, 2], [4, 5], [4, 6], [7, 8]]
  949,  [[0, 4], [1, 4], [2, 2], [2, 2], [2, 3], [4, 5], [4, 6], [7, 8]]
  950,  [[0, 4], [2, 2], [2, 2], [2, 3], [2, 4], [4, 5], [4, 6], [7, 8]]
  951,  [[0, 4], [2, 2], [2, 2], [2, 3], [4, 4], [4, 5], [6, 6], [7, 8]]
  952,  [[0, 4], [1, 4], [2, 2], [2, 2], [2, 2], [4, 4], [4, 5], [6, 7]]
  953,  [[0, 4], [1, 4], [2, 2], [2, 2], [2, 2], [4, 5], [6, 6], [7, 8]]
  954,  [[0, 4], [2, 2], [2, 2], [2, 4], [4, 4], [4, 5], [6, 6], [7, 8]]
  955,  [[0, 4], [2, 2], [2, 2], [2, 2], [3, 5], [4, 4], [4, 6], [7, 8]]
  956,  [[0, 4], [1, 4], [2, 2], [2, 2], [2, 2], [3, 4], [4, 4], [5, 6]]
  957,  [[0, 4], [1, 4], [2, 2], [2, 2], [2, 2], [3, 4], [5, 5], [6, 7]]
  958,  [[0, 4], [2, 2], [2, 2], [2, 4], [3, 4], [4, 4], [5, 5], [6, 7]]
  959,  [[0, 4], [2, 2], [2, 2], [2, 2], [3, 4], [4, 4], [5, 6], [7, 8]]
  960,  [[0, 4], [2, 2], [2, 2], [2, 4], [3, 4], [5, 5], [6, 6], [7, 8]]
  961,  [[0, 4], [1, 4], [2, 2], [2, 2], [2, 3], [4, 4], [4, 5], [6, 6]]
  962,  [[0, 4], [1, 4], [2, 2], [2, 2], [2, 3], [4, 5], [6, 6], [7, 7]]
  963,  [[0, 4], [2, 2], [2, 2], [2, 3], [4, 5], [4, 6], [7, 7], [8, 8]]
  964,  [[0, 4], [1, 4], [2, 2], [2, 3], [2, 4], [2, 5], [4, 6], [7, 7]]
  965,  [[0, 4], [1, 4], [2, 2], [2, 3], [2, 5], [4, 4], [6, 6], [7, 7]]
  966,  [[0, 4], [1, 4], [2, 2], [2, 3], [2, 5], [4, 4], [4, 6], [7, 8]]
  967,  [[0, 4], [1, 5], [2, 2], [2, 2], [2, 3], [2, 6], [4, 7], [4, 8]]
  968,  [[0, 4], [1, 5], [2, 2], [2, 3], [2, 4], [4, 6], [4, 7], [8, 8]]
  969,  [[0, 4], [2, 2], [2, 3], [2, 4], [2, 5], [4, 4], [6, 6], [7, 7]]
  970,  [[0, 4], [1, 5], [2, 2], [2, 3], [2, 4], [2, 6], [4, 4], [4, 7]]
  971,  [[0, 4], [2, 2], [2, 3], [2, 4], [2, 5], [4, 4], [4, 6], [7, 8]]
  972,  [[0, 4], [2, 3], [2, 4], [2, 4], [2, 5], [4, 6], [7, 7], [8, 8]]
  973,  [[0, 4], [1, 5], [2, 2], [2, 3], [2, 4], [2, 6], [4, 7], [8, 8]]
  974,  [[0, 4], [1, 5], [2, 2], [2, 3], [2, 6], [4, 4], [4, 4], [7, 7]]
  975,  [[0, 4], [1, 4], [2, 2], [2, 2], [2, 2], [3, 5], [4, 4], [4, 6]]
  976,  [[0, 4], [1, 4], [2, 2], [2, 2], [2, 2], [3, 5], [4, 6], [7, 7]]
  977,  [[0, 4], [1, 4], [2, 2], [2, 5], [2, 6], [4, 4], [7, 7], [8, 8]]
  978,  [[0, 4], [1, 4], [2, 2], [2, 5], [2, 6], [3, 7], [4, 4], [4, 8]]
  979,  [[0, 4], [1, 4], [2, 2], [2, 2], [2, 4], [4, 5], [6, 6], [7, 7]]
  980,  [[0, 4], [1, 4], [2, 2], [2, 2], [2, 4], [2, 5], [3, 6], [4, 7]]
  981,  [[0, 4], [1, 4], [2, 2], [2, 2], [2, 4], [2, 5], [4, 6], [7, 8]]
  982,  [[0, 4], [1, 4], [2, 2], [2, 2], [2, 5], [3, 6], [4, 4], [7, 7]]
  983,  [[0, 4], [1, 4], [2, 2], [2, 2], [2, 5], [4, 4], [6, 6], [7, 8]]
  984,  [[0, 4], [1, 4], [2, 2], [2, 4], [2, 5], [3, 6], [4, 7], [8, 8]]
  985,  [[0, 4], [1, 5], [2, 2], [2, 2], [2, 4], [4, 6], [7, 7], [8, 8]]
  986,  [[0, 4], [1, 5], [2, 2], [2, 2], [2, 4], [3, 6], [4, 7], [4, 8]]
  987,  [[0, 4], [2, 2], [2, 2], [2, 2], [3, 5], [4, 6], [4, 7], [8, 8]]
  988,  [[0, 4], [2, 2], [2, 2], [2, 4], [3, 5], [4, 4], [4, 6], [7, 7]]
  989,  [[0, 4], [2, 2], [2, 2], [2, 4], [3, 5], [4, 6], [7, 7], [8, 8]]
  990,  [[0, 4], [1, 5], [2, 2], [2, 2], [2, 4], [2, 6], [4, 4], [7, 7]]
  991,  [[0, 4], [1, 5], [2, 2], [2, 4], [2, 4], [2, 6], [4, 7], [8, 8]]
  992,  [[0, 4], [1, 5], [2, 2], [2, 2], [2, 4], [2, 6], [3, 7], [4, 8]]
  993,  [[0, 4], [2, 2], [2, 2], [2, 4], [2, 5], [3, 6], [4, 4], [7, 7]]
  994,  [[0, 4], [2, 2], [2, 4], [2, 4], [2, 5], [3, 6], [4, 7], [8, 8]]
  995,  [[0, 4], [1, 5], [2, 2], [2, 4], [2, 6], [4, 4], [7, 7], [8, 8]]
  996,  [[0, 4], [1, 5], [2, 2], [2, 4], [2, 6], [3, 7], [4, 4], [4, 8]]
  997,  [[0, 4], [1, 5], [2, 2], [2, 6], [2, 7], [4, 4], [4, 4], [8, 8]]
  998,  [[0, 4], [1, 5], [2, 2], [2, 2], [2, 6], [3, 7], [4, 4], [4, 4]]
  999,  [[0, 4], [1, 5], [2, 2], [2, 2], [2, 6], [4, 4], [4, 4], [7, 8]]
 1000,  [[0, 4], [2, 2], [2, 4], [2, 5], [3, 6], [4, 4], [7, 7], [8, 8]]
 1001,  [[0, 4], [2, 2], [2, 5], [2, 6], [3, 7], [4, 4], [4, 4], [8, 8]]
 1002,  [[0, 4], [2, 2], [2, 2], [2, 5], [3, 6], [4, 4], [4, 4], [7, 8]]
 1003,  [[0, 4], [1, 4], [2, 2], [2, 5], [2, 6], [3, 4], [4, 4], [7, 8]]
 1004,  [[0, 4], [1, 4], [2, 2], [2, 2], [2, 4], [3, 4], [5, 5], [6, 6]]
 1005,  [[0, 4], [1, 4], [2, 2], [2, 2], [2, 4], [2, 5], [3, 4], [6, 7]]
 1006,  [[0, 4], [1, 4], [2, 2], [2, 4], [2, 5], [3, 4], [6, 6], [7, 8]]
 1007,  [[0, 4], [1, 5], [2, 2], [2, 4], [2, 4], [2, 6], [3, 4], [7, 7]]
 1008,  [[0, 4], [1, 5], [2, 2], [2, 2], [2, 4], [2, 6], [3, 4], [7, 8]]
 1009,  [[0, 4], [2, 2], [2, 2], [2, 4], [2, 5], [4, 4], [6, 6], [7, 8]]
 1010,  [[0, 4], [2, 2], [2, 4], [2, 4], [2, 5], [3, 4], [6, 6], [7, 8]]
 1011,  [[0, 4], [1, 5], [2, 2], [2, 4], [2, 6], [3, 4], [4, 4], [7, 8]]
 1012,  [[0, 4], [2, 2], [2, 3], [2, 5], [4, 4], [4, 4], [6, 6], [7, 8]]
 1013,  [[0, 4], [1, 4], [2, 2], [2, 2], [2, 3], [2, 5], [4, 4], [6, 6]]
 1014,  [[0, 4], [1, 4], [2, 2], [2, 2], [2, 3], [2, 5], [4, 6], [7, 8]]
 1015,  [[0, 4], [1, 5], [2, 2], [2, 2], [2, 3], [2, 6], [4, 4], [4, 4]]
 1016,  [[0, 4], [2, 2], [2, 2], [2, 3], [2, 5], [4, 4], [4, 4], [6, 7]]
 1017,  [[0, 4], [1, 4], [2, 3], [2, 5], [2, 6], [2, 7], [4, 4], [8, 8]]
 1018,  [[0, 4], [1, 4], [2, 3], [2, 4], [2, 5], [2, 6], [4, 4], [7, 7]]
 1019,  [[0, 4], [1, 4], [2, 2], [2, 3], [2, 5], [2, 6], [4, 4], [7, 8]]
 1020,  [[0, 4], [1, 4], [2, 3], [2, 4], [2, 5], [2, 6], [7, 7], [8, 8]]
 1021,  [[0, 4], [1, 5], [2, 3], [2, 4], [2, 6], [2, 7], [4, 4], [8, 8]]
 1022,  [[0, 4], [1, 5], [2, 3], [2, 6], [2, 7], [2, 8], [4, 4], [4, 4]]
 1023,  [[0, 4], [1, 4], [2, 4], [2, 5], [2, 6], [2, 7], [4, 4], [8, 8]]
 1024,  [[0, 4], [1, 4], [2, 2], [2, 5], [2, 6], [2, 7], [3, 8], [4, 4]]
 1025,  [[0, 4], [1, 4], [2, 2], [2, 4], [2, 5], [2, 6], [3, 7], [4, 4]]
 1026,  [[0, 4], [1, 4], [2, 2], [2, 4], [2, 5], [2, 6], [4, 4], [7, 8]]
 1027,  [[0, 4], [1, 4], [2, 4], [2, 4], [2, 5], [2, 6], [7, 7], [8, 8]]
 1028,  [[0, 4], [1, 4], [2, 2], [2, 4], [2, 5], [2, 6], [3, 7], [8, 8]]
 1029,  [[0, 4], [1, 5], [2, 4], [2, 4], [2, 6], [2, 7], [4, 4], [8, 8]]
 1030,  [[0, 4], [1, 5], [2, 2], [2, 4], [2, 6], [2, 7], [3, 8], [4, 4]]
 1031,  [[0, 4], [2, 4], [2, 4], [2, 5], [2, 6], [3, 7], [4, 4], [8, 8]]
Total nodes =  1032
Total edges =  2673
Goal candidates No. 2
True Goal graph No. 31
Goal candidates No. 86
Goal candidates No. 93
Goal candidates No. 101
Goal candidates No. 298
Goal candidates No. 324
Goal candidates No. 340
Goal candidates No. 359
Goal candidates No. 365
Goal candidates No. 377
Goal candidates No. 466
Goal candidates No. 475
Goal candidates No. 479
Goal candidates No. 512
Goal candidates No. 569
Goal candidates No. 577
Total Goals =  17  and Paths = 200 

True paths: 2 / 200 

