Nomber of atoms =  8
Atoms =  ['X', 'M', 'O', 'O', 'CH3', 'CH2', 'C', 'H']
Valence electrons =  [7, 1, 6, 6, 1, 2, 4, 1]
Fixed electrons =  [[0, 0], [0, 0], [0, 0], [2, 2], [3, 3]]
Good initial graph No.0!
Good goal graph!

 Generated No. and Nodes:
    0,  [[0, 4], [1, 2], [2, 2], [2, 6], [3, 3], [3, 6], [3, 6], [5, 6], [5, 7]]
    1,  [[0, 0], [1, 2], [2, 2], [2, 6], [3, 3], [3, 6], [3, 6], [5, 6], [5, 7]]
    2,  [[0, 4], [2, 2], [2, 2], [2, 6], [3, 3], [3, 6], [3, 6], [5, 6], [5, 7]]
    3,  [[0, 4], [1, 2], [2, 2], [2, 2], [3, 3], [3, 6], [3, 6], [5, 6], [5, 7]]
    4,  [[0, 4], [1, 2], [2, 2], [2, 6], [3, 3], [3, 3], [3, 6], [5, 6], [5, 7]]
    5,  [[0, 4], [1, 2], [2, 2], [2, 6], [3, 3], [3, 6], [3, 6], [5, 7], [6, 6]]
    6,  [[0, 4], [1, 2], [2, 2], [2, 6], [3, 3], [3, 6], [3, 6], [5, 6], [7, 7]]
    7,  [[0, 0], [2, 2], [2, 2], [2, 6], [3, 3], [3, 6], [3, 6], [5, 6], [5, 7]]
    8,  [[0, 0], [1, 2], [2, 4], [2, 6], [3, 3], [3, 6], [3, 6], [5, 6], [5, 7]]
    9,  [[0, 0], [1, 2], [2, 2], [2, 2], [3, 3], [3, 6], [3, 6], [5, 6], [5, 7]]
   10,  [[0, 0], [1, 2], [2, 2], [2, 6], [3, 4], [3, 6], [3, 6], [5, 6], [5, 7]]
   11,  [[0, 0], [1, 2], [2, 2], [2, 6], [3, 3], [3, 3], [3, 6], [5, 6], [5, 7]]
   12,  [[0, 0], [1, 2], [2, 2], [2, 6], [3, 3], [3, 6], [3, 6], [5, 7], [6, 6]]
   13,  [[0, 0], [1, 2], [2, 2], [2, 6], [3, 3], [3, 6], [3, 6], [5, 6], [7, 7]]
   14,  [[0, 4], [1, 2], [2, 6], [2, 6], [3, 3], [3, 3], [3, 6], [5, 6], [5, 7]]
   15,  [[0, 4], [2, 2], [2, 2], [2, 6], [3, 3], [3, 3], [3, 6], [5, 6], [5, 7]]
   16,  [[0, 4], [2, 2], [2, 2], [2, 6], [3, 3], [3, 6], [3, 6], [5, 7], [6, 6]]
   17,  [[0, 4], [2, 2], [2, 2], [2, 6], [3, 3], [3, 6], [3, 6], [5, 6], [7, 7]]
   18,  [[0, 4], [1, 2], [2, 2], [2, 2], [3, 6], [3, 6], [3, 6], [5, 6], [5, 7]]
   19,  [[0, 4], [1, 2], [2, 2], [2, 2], [3, 3], [3, 6], [3, 6], [5, 7], [6, 6]]
   20,  [[0, 4], [1, 2], [2, 2], [2, 2], [3, 3], [3, 6], [3, 6], [5, 6], [7, 7]]
   21,  [[0, 4], [1, 2], [2, 2], [2, 6], [3, 3], [3, 3], [3, 6], [5, 7], [6, 6]]
   22,  [[0, 4], [1, 2], [2, 2], [2, 6], [3, 3], [3, 3], [3, 6], [5, 6], [7, 7]]
   23,  [[0, 4], [1, 2], [2, 5], [2, 6], [3, 3], [3, 6], [3, 6], [5, 7], [6, 6]]
   24,  [[0, 4], [1, 2], [2, 2], [2, 6], [3, 5], [3, 6], [3, 6], [5, 7], [6, 6]]
   25,  [[0, 4], [1, 2], [2, 2], [2, 6], [3, 3], [3, 6], [3, 6], [5, 5], [6, 6]]
   26,  [[0, 4], [1, 2], [2, 5], [2, 6], [3, 3], [3, 6], [3, 6], [5, 6], [7, 7]]
   27,  [[0, 4], [1, 2], [2, 2], [2, 6], [3, 5], [3, 6], [3, 6], [5, 6], [7, 7]]
   28,  [[0, 4], [1, 2], [2, 2], [2, 6], [3, 3], [3, 6], [3, 6], [5, 5], [7, 7]]
   29,  [[0, 1], [2, 2], [2, 2], [2, 6], [3, 3], [3, 6], [3, 6], [5, 6], [5, 7]]
   30,  [[0, 0], [2, 2], [2, 4], [2, 6], [3, 3], [3, 6], [3, 6], [5, 6], [5, 7]]
   31,  [[0, 0], [1, 2], [2, 6], [2, 6], [3, 3], [3, 3], [3, 6], [5, 6], [5, 7]]
   32,  [[0, 0], [2, 2], [2, 2], [2, 6], [3, 4], [3, 6], [3, 6], [5, 6], [5, 7]]
   33,  [[0, 0], [1, 2], [2, 2], [2, 4], [3, 3], [3, 6], [3, 6], [5, 6], [5, 7]]
   34,  [[0, 0], [1, 2], [2, 4], [2, 6], [3, 3], [3, 3], [3, 6], [5, 6], [5, 7]]
   35,  [[0, 0], [1, 2], [2, 4], [2, 6], [3, 3], [3, 6], [3, 6], [5, 7], [6, 6]]
   36,  [[0, 0], [1, 2], [2, 4], [2, 6], [3, 3], [3, 6], [3, 6], [5, 6], [7, 7]]
   37,  [[0, 6], [1, 2], [2, 2], [2, 2], [3, 3], [3, 6], [3, 6], [5, 6], [5, 7]]
   38,  [[0, 0], [1, 2], [2, 2], [2, 2], [3, 4], [3, 6], [3, 6], [5, 6], [5, 7]]
   39,  [[0, 0], [1, 2], [2, 2], [2, 2], [3, 6], [3, 6], [3, 6], [5, 6], [5, 7]]
   40,  [[0, 0], [1, 2], [2, 2], [2, 2], [3, 3], [3, 6], [3, 6], [5, 7], [6, 6]]
   41,  [[0, 0], [1, 2], [2, 2], [2, 6], [3, 3], [3, 4], [3, 6], [5, 6], [5, 7]]
   42,  [[0, 0], [1, 2], [2, 2], [2, 6], [3, 4], [3, 6], [3, 6], [5, 7], [6, 6]]
   43,  [[0, 0], [1, 2], [2, 2], [2, 6], [3, 4], [3, 6], [3, 6], [5, 6], [7, 7]]
   44,  [[0, 6], [1, 2], [2, 2], [2, 6], [3, 3], [3, 3], [3, 6], [5, 6], [5, 7]]
   45,  [[0, 0], [1, 2], [2, 2], [2, 6], [3, 3], [3, 3], [3, 6], [5, 7], [6, 6]]
   46,  [[0, 5], [1, 2], [2, 2], [2, 6], [3, 3], [3, 6], [3, 6], [5, 7], [6, 6]]
   47,  [[0, 0], [1, 2], [2, 5], [2, 6], [3, 3], [3, 6], [3, 6], [5, 7], [6, 6]]
   48,  [[0, 0], [1, 2], [2, 2], [2, 6], [3, 5], [3, 6], [3, 6], [5, 7], [6, 6]]
   49,  [[0, 0], [1, 2], [2, 2], [2, 6], [3, 3], [3, 6], [3, 6], [5, 5], [6, 6]]
   50,  [[0, 0], [1, 2], [2, 2], [2, 6], [3, 3], [3, 6], [3, 6], [4, 6], [5, 7]]
   51,  [[0, 5], [1, 2], [2, 2], [2, 6], [3, 3], [3, 6], [3, 6], [5, 6], [7, 7]]
   52,  [[0, 0], [1, 2], [2, 5], [2, 6], [3, 3], [3, 6], [3, 6], [5, 6], [7, 7]]
   53,  [[0, 0], [1, 2], [2, 2], [2, 6], [3, 5], [3, 6], [3, 6], [5, 6], [7, 7]]
   54,  [[0, 0], [1, 2], [2, 2], [2, 6], [3, 3], [3, 6], [3, 6], [5, 5], [7, 7]]
   55,  [[0, 0], [1, 2], [2, 2], [2, 6], [3, 3], [3, 6], [3, 6], [4, 7], [5, 6]]
   56,  [[0, 4], [1, 2], [2, 6], [2, 6], [3, 3], [3, 3], [3, 6], [5, 7], [6, 6]]
   57,  [[0, 4], [1, 2], [2, 6], [2, 6], [3, 3], [3, 3], [3, 6], [5, 6], [7, 7]]
   58,  [[0, 4], [2, 2], [2, 2], [2, 6], [3, 3], [3, 3], [3, 6], [5, 7], [6, 6]]
   59,  [[0, 4], [2, 2], [2, 5], [2, 6], [3, 3], [3, 6], [3, 6], [5, 7], [6, 6]]
   60,  [[0, 4], [2, 2], [2, 2], [2, 6], [3, 5], [3, 6], [3, 6], [5, 7], [6, 6]]
   61,  [[0, 4], [2, 2], [2, 2], [2, 6], [3, 3], [3, 6], [3, 6], [5, 5], [6, 6]]
   62,  [[0, 4], [1, 6], [2, 2], [2, 2], [2, 6], [3, 3], [3, 6], [3, 6], [5, 7]]
   63,  [[0, 4], [2, 2], [2, 5], [2, 6], [3, 3], [3, 6], [3, 6], [5, 6], [7, 7]]
   64,  [[0, 4], [2, 2], [2, 2], [2, 6], [3, 5], [3, 6], [3, 6], [5, 6], [7, 7]]
   65,  [[0, 4], [2, 2], [2, 2], [2, 6], [3, 3], [3, 6], [3, 6], [5, 5], [7, 7]]
   66,  [[0, 4], [1, 7], [2, 2], [2, 2], [2, 6], [3, 3], [3, 6], [3, 6], [5, 6]]
   67,  [[0, 4], [1, 2], [2, 2], [2, 2], [3, 6], [3, 6], [3, 6], [5, 7], [6, 6]]
   68,  [[0, 4], [1, 2], [2, 2], [2, 2], [3, 6], [3, 6], [3, 6], [5, 6], [7, 7]]
   69,  [[0, 4], [1, 2], [2, 2], [2, 5], [3, 3], [3, 6], [3, 6], [5, 7], [6, 6]]
   70,  [[0, 4], [1, 2], [2, 2], [2, 2], [3, 5], [3, 6], [3, 6], [5, 7], [6, 6]]
   71,  [[0, 4], [1, 2], [2, 2], [2, 2], [3, 3], [3, 6], [3, 6], [5, 5], [6, 6]]
   72,  [[0, 4], [1, 2], [2, 2], [2, 5], [3, 3], [3, 6], [3, 6], [5, 6], [7, 7]]
   73,  [[0, 4], [1, 2], [2, 2], [2, 2], [3, 5], [3, 6], [3, 6], [5, 6], [7, 7]]
   74,  [[0, 4], [1, 2], [2, 2], [2, 2], [3, 3], [3, 6], [3, 6], [5, 6], [6, 7]]
   75,  [[0, 4], [1, 2], [2, 5], [2, 6], [3, 3], [3, 3], [3, 6], [5, 7], [6, 6]]
   76,  [[0, 4], [1, 2], [2, 2], [2, 6], [3, 3], [3, 5], [3, 6], [5, 7], [6, 6]]
   77,  [[0, 4], [1, 2], [2, 2], [2, 6], [3, 3], [3, 3], [3, 6], [5, 5], [6, 6]]
   78,  [[0, 4], [1, 2], [2, 5], [2, 6], [3, 3], [3, 3], [3, 6], [5, 6], [7, 7]]
   79,  [[0, 4], [1, 2], [2, 2], [2, 6], [3, 3], [3, 5], [3, 6], [5, 6], [7, 7]]
   80,  [[0, 4], [1, 2], [2, 2], [2, 6], [3, 3], [3, 3], [3, 6], [5, 6], [6, 7]]
   81,  [[0, 4], [1, 2], [2, 5], [2, 6], [3, 3], [3, 6], [3, 6], [6, 6], [7, 7]]
   82,  [[0, 4], [1, 2], [2, 2], [2, 6], [3, 5], [3, 6], [3, 6], [6, 6], [7, 7]]
   83,  [[0, 4], [1, 2], [2, 6], [2, 7], [3, 3], [3, 6], [3, 6], [5, 5], [6, 6]]
   84,  [[0, 4], [1, 2], [2, 2], [2, 6], [3, 6], [3, 6], [3, 7], [5, 5], [6, 6]]
   85,  [[0, 4], [1, 2], [2, 2], [2, 6], [3, 3], [3, 6], [3, 6], [5, 5], [6, 7]]
   86,  [[0, 4], [1, 2], [2, 6], [2, 6], [3, 3], [3, 6], [3, 6], [5, 5], [7, 7]]
   87,  [[0, 4], [1, 2], [2, 2], [2, 6], [3, 6], [3, 6], [3, 6], [5, 5], [7, 7]]
   88,  [[0, 1], [2, 2], [2, 4], [2, 6], [3, 3], [3, 6], [3, 6], [5, 6], [5, 7]]
   89,  [[0, 1], [2, 2], [2, 2], [2, 6], [3, 4], [3, 6], [3, 6], [5, 6], [5, 7]]
   90,  [[0, 1], [2, 2], [2, 2], [2, 6], [3, 3], [3, 3], [3, 6], [5, 6], [5, 7]]
   91,  [[0, 1], [2, 2], [2, 2], [2, 6], [3, 3], [3, 6], [3, 6], [5, 7], [6, 6]]
   92,  [[0, 1], [2, 2], [2, 2], [2, 6], [3, 3], [3, 6], [3, 6], [5, 6], [7, 7]]
   93,  [[0, 0], [2, 2], [2, 2], [2, 4], [3, 3], [3, 6], [3, 6], [5, 6], [5, 7]]
   94,  [[0, 0], [1, 2], [2, 6], [2, 6], [3, 3], [3, 4], [3, 6], [5, 6], [5, 7]]
   95,  [[0, 0], [2, 2], [2, 2], [2, 6], [3, 3], [3, 4], [3, 6], [5, 6], [5, 7]]
   96,  [[0, 0], [2, 2], [2, 4], [2, 6], [3, 3], [3, 6], [3, 6], [5, 7], [6, 6]]
   97,  [[0, 0], [2, 2], [2, 4], [2, 6], [3, 3], [3, 6], [3, 6], [5, 6], [7, 7]]
   98,  [[0, 6], [1, 2], [2, 2], [2, 4], [3, 3], [3, 6], [3, 6], [5, 6], [5, 7]]
   99,  [[0, 0], [1, 2], [2, 2], [2, 4], [3, 6], [3, 6], [3, 6], [5, 6], [5, 7]]
  100,  [[0, 0], [1, 2], [2, 2], [2, 4], [3, 3], [3, 6], [3, 6], [5, 7], [6, 6]]
  101,  [[0, 0], [1, 2], [2, 2], [2, 4], [3, 3], [3, 6], [3, 6], [5, 6], [7, 7]]
  102,  [[0, 6], [1, 2], [2, 4], [2, 6], [3, 3], [3, 3], [3, 6], [5, 6], [5, 7]]
  103,  [[0, 0], [1, 2], [2, 4], [2, 6], [3, 3], [3, 3], [3, 6], [5, 7], [6, 6]]
  104,  [[0, 5], [1, 2], [2, 4], [2, 6], [3, 3], [3, 6], [3, 6], [5, 7], [6, 6]]
  105,  [[0, 0], [1, 2], [2, 4], [2, 6], [3, 5], [3, 6], [3, 6], [5, 7], [6, 6]]
  106,  [[0, 0], [1, 2], [2, 4], [2, 6], [3, 3], [3, 6], [3, 6], [5, 5], [6, 6]]
  107,  [[0, 5], [1, 2], [2, 4], [2, 6], [3, 3], [3, 6], [3, 6], [5, 6], [7, 7]]
  108,  [[0, 0], [1, 2], [2, 4], [2, 6], [3, 5], [3, 6], [3, 6], [5, 6], [7, 7]]
  109,  [[0, 0], [1, 2], [2, 4], [2, 6], [3, 3], [3, 6], [3, 6], [5, 5], [7, 7]]
  110,  [[0, 6], [1, 2], [2, 2], [2, 2], [3, 4], [3, 6], [3, 6], [5, 6], [5, 7]]
  111,  [[0, 6], [1, 2], [2, 2], [2, 2], [3, 3], [3, 3], [3, 6], [5, 6], [5, 7]]
  112,  [[0, 6], [1, 2], [2, 2], [2, 2], [3, 3], [3, 6], [3, 6], [5, 7], [6, 6]]
  113,  [[0, 6], [1, 2], [2, 2], [2, 2], [3, 3], [3, 6], [3, 6], [5, 6], [7, 7]]
  114,  [[0, 0], [1, 2], [2, 2], [2, 2], [3, 4], [3, 6], [3, 6], [5, 7], [6, 6]]
  115,  [[0, 5], [1, 2], [2, 2], [2, 2], [3, 3], [3, 6], [3, 6], [5, 7], [6, 6]]
  116,  [[0, 0], [1, 2], [2, 2], [2, 5], [3, 3], [3, 6], [3, 6], [5, 7], [6, 6]]
  117,  [[0, 0], [1, 2], [2, 2], [2, 2], [3, 5], [3, 6], [3, 6], [5, 7], [6, 6]]
  118,  [[0, 0], [1, 2], [2, 2], [2, 2], [3, 3], [3, 6], [3, 6], [5, 5], [6, 6]]
  119,  [[0, 0], [1, 2], [2, 2], [2, 2], [3, 3], [3, 6], [3, 6], [4, 6], [5, 7]]
  120,  [[0, 6], [1, 2], [2, 2], [2, 6], [3, 3], [3, 4], [3, 6], [5, 6], [5, 7]]
  121,  [[0, 0], [1, 2], [2, 2], [2, 6], [3, 3], [3, 4], [3, 6], [5, 7], [6, 6]]
  122,  [[0, 0], [1, 2], [2, 2], [2, 6], [3, 3], [3, 4], [3, 6], [5, 6], [7, 7]]
  123,  [[0, 5], [1, 2], [2, 2], [2, 6], [3, 4], [3, 6], [3, 6], [5, 7], [6, 6]]
  124,  [[0, 0], [1, 2], [2, 5], [2, 6], [3, 4], [3, 6], [3, 6], [5, 7], [6, 6]]
  125,  [[0, 0], [1, 2], [2, 2], [2, 6], [3, 4], [3, 6], [3, 6], [5, 5], [6, 6]]
  126,  [[0, 5], [1, 2], [2, 2], [2, 6], [3, 4], [3, 6], [3, 6], [5, 6], [7, 7]]
  127,  [[0, 0], [1, 2], [2, 5], [2, 6], [3, 4], [3, 6], [3, 6], [5, 6], [7, 7]]
  128,  [[0, 0], [1, 2], [2, 2], [2, 6], [3, 4], [3, 6], [3, 6], [5, 5], [7, 7]]
  129,  [[0, 6], [2, 2], [2, 2], [2, 6], [3, 3], [3, 3], [3, 6], [5, 6], [5, 7]]
  130,  [[0, 6], [1, 2], [2, 2], [2, 6], [3, 3], [3, 3], [3, 6], [5, 7], [6, 6]]
  131,  [[0, 6], [1, 2], [2, 2], [2, 6], [3, 3], [3, 3], [3, 6], [5, 6], [7, 7]]
  132,  [[0, 5], [1, 2], [2, 2], [2, 6], [3, 3], [3, 3], [3, 6], [5, 7], [6, 6]]
  133,  [[0, 0], [1, 2], [2, 5], [2, 6], [3, 3], [3, 3], [3, 6], [5, 7], [6, 6]]
  134,  [[0, 0], [1, 2], [2, 2], [2, 6], [3, 3], [3, 5], [3, 6], [5, 7], [6, 6]]
  135,  [[0, 0], [1, 2], [2, 2], [2, 6], [3, 3], [3, 3], [3, 6], [5, 5], [6, 6]]
  136,  [[0, 0], [1, 2], [2, 2], [2, 6], [3, 3], [3, 3], [3, 6], [4, 6], [5, 7]]
  137,  [[0, 5], [2, 2], [2, 2], [2, 6], [3, 3], [3, 6], [3, 6], [5, 7], [6, 6]]
  138,  [[0, 5], [1, 2], [2, 2], [2, 6], [3, 3], [3, 6], [3, 6], [6, 6], [7, 7]]
  139,  [[0, 5], [1, 2], [2, 2], [2, 6], [3, 3], [3, 6], [3, 6], [4, 6], [5, 7]]
  140,  [[0, 0], [2, 2], [2, 5], [2, 6], [3, 3], [3, 6], [3, 6], [5, 7], [6, 6]]
  141,  [[0, 0], [1, 2], [2, 5], [2, 6], [3, 3], [3, 6], [3, 6], [4, 6], [5, 7]]
  142,  [[0, 0], [1, 2], [2, 2], [2, 6], [3, 5], [3, 6], [3, 6], [4, 6], [5, 7]]
  143,  [[0, 7], [1, 2], [2, 2], [2, 6], [3, 3], [3, 6], [3, 6], [5, 5], [6, 6]]
  144,  [[0, 0], [1, 2], [2, 6], [2, 7], [3, 3], [3, 6], [3, 6], [5, 5], [6, 6]]
  145,  [[0, 0], [1, 2], [2, 2], [2, 6], [3, 6], [3, 6], [3, 7], [5, 5], [6, 6]]
  146,  [[0, 0], [1, 2], [2, 2], [2, 6], [3, 3], [3, 6], [3, 6], [4, 5], [6, 6]]
  147,  [[0, 0], [1, 2], [2, 2], [2, 6], [3, 3], [3, 6], [3, 6], [4, 6], [5, 5]]
  148,  [[0, 0], [1, 2], [2, 2], [2, 6], [3, 3], [3, 6], [3, 6], [5, 5], [6, 7]]
  149,  [[0, 0], [2, 2], [2, 2], [2, 6], [3, 3], [3, 6], [3, 6], [4, 6], [5, 7]]
  150,  [[0, 5], [2, 2], [2, 2], [2, 6], [3, 3], [3, 6], [3, 6], [5, 6], [7, 7]]
  151,  [[0, 5], [1, 2], [2, 2], [2, 2], [3, 3], [3, 6], [3, 6], [5, 6], [7, 7]]
  152,  [[0, 5], [1, 2], [2, 2], [2, 6], [3, 3], [3, 3], [3, 6], [5, 6], [7, 7]]
  153,  [[0, 5], [1, 2], [2, 2], [2, 6], [3, 3], [3, 6], [3, 6], [4, 7], [5, 6]]
  154,  [[0, 0], [2, 2], [2, 5], [2, 6], [3, 3], [3, 6], [3, 6], [5, 6], [7, 7]]
  155,  [[0, 0], [1, 2], [2, 2], [2, 5], [3, 3], [3, 6], [3, 6], [5, 6], [7, 7]]
  156,  [[0, 0], [1, 2], [2, 5], [2, 6], [3, 3], [3, 6], [3, 6], [4, 7], [5, 6]]
  157,  [[0, 0], [1, 2], [2, 2], [2, 6], [3, 3], [3, 5], [3, 6], [5, 6], [7, 7]]
  158,  [[0, 0], [1, 2], [2, 2], [2, 6], [3, 5], [3, 6], [3, 6], [4, 7], [5, 6]]
  159,  [[0, 6], [1, 2], [2, 2], [2, 6], [3, 3], [3, 6], [3, 6], [5, 5], [7, 7]]
  160,  [[0, 0], [1, 2], [2, 6], [2, 6], [3, 3], [3, 6], [3, 6], [5, 5], [7, 7]]
  161,  [[0, 0], [1, 2], [2, 2], [2, 6], [3, 6], [3, 6], [3, 6], [5, 5], [7, 7]]
  162,  [[0, 0], [1, 2], [2, 2], [2, 6], [3, 3], [3, 6], [3, 6], [4, 5], [7, 7]]
  163,  [[0, 0], [1, 2], [2, 2], [2, 6], [3, 3], [3, 6], [3, 6], [4, 7], [5, 5]]
  164,  [[0, 0], [2, 2], [2, 2], [2, 6], [3, 3], [3, 6], [3, 6], [4, 7], [5, 6]]
  165,  [[0, 0], [1, 2], [2, 2], [2, 2], [3, 3], [3, 6], [3, 6], [4, 7], [5, 6]]
  166,  [[0, 0], [1, 2], [2, 2], [2, 6], [3, 3], [3, 3], [3, 6], [4, 7], [5, 6]]
  167,  [[0, 4], [1, 2], [2, 6], [2, 6], [3, 3], [3, 5], [3, 6], [5, 7], [6, 6]]
  168,  [[0, 4], [1, 2], [2, 6], [2, 6], [3, 3], [3, 3], [3, 6], [5, 5], [6, 6]]
  169,  [[0, 4], [1, 2], [2, 6], [2, 6], [3, 3], [3, 5], [3, 6], [5, 6], [7, 7]]
  170,  [[0, 4], [1, 2], [2, 6], [2, 6], [3, 3], [3, 3], [3, 6], [5, 5], [7, 7]]
  171,  [[0, 4], [2, 2], [2, 2], [2, 6], [3, 3], [3, 5], [3, 6], [5, 7], [6, 6]]
  172,  [[0, 4], [2, 2], [2, 2], [2, 6], [3, 3], [3, 3], [3, 6], [5, 5], [6, 6]]
  173,  [[0, 4], [1, 6], [2, 2], [2, 2], [2, 6], [3, 3], [3, 3], [3, 6], [5, 7]]
  174,  [[0, 4], [2, 2], [2, 2], [2, 5], [3, 3], [3, 6], [3, 6], [5, 7], [6, 6]]
  175,  [[0, 4], [2, 2], [2, 5], [2, 6], [3, 3], [3, 6], [3, 6], [6, 6], [7, 7]]
  176,  [[0, 4], [1, 6], [2, 2], [2, 5], [2, 6], [3, 3], [3, 6], [3, 6], [5, 7]]
  177,  [[0, 4], [1, 6], [2, 2], [2, 2], [2, 6], [3, 5], [3, 6], [3, 6], [5, 7]]
  178,  [[0, 4], [2, 2], [2, 6], [2, 6], [3, 3], [3, 6], [3, 7], [5, 5], [6, 6]]
  179,  [[0, 4], [2, 2], [2, 2], [2, 6], [3, 6], [3, 6], [3, 7], [5, 5], [6, 6]]
  180,  [[0, 4], [1, 5], [2, 2], [2, 2], [2, 6], [3, 3], [3, 6], [3, 6], [6, 6]]
  181,  [[0, 4], [1, 6], [2, 2], [2, 2], [2, 6], [3, 3], [3, 6], [3, 6], [5, 5]]
  182,  [[0, 4], [2, 2], [2, 2], [2, 6], [3, 3], [3, 6], [3, 6], [5, 5], [6, 7]]
  183,  [[0, 0], [1, 6], [2, 2], [2, 2], [2, 6], [3, 3], [3, 6], [3, 6], [5, 7]]
  184,  [[0, 4], [2, 2], [2, 2], [2, 5], [3, 3], [3, 6], [3, 6], [5, 6], [7, 7]]
  185,  [[0, 4], [2, 2], [2, 2], [2, 6], [3, 3], [3, 5], [3, 6], [5, 6], [7, 7]]
  186,  [[0, 4], [1, 7], [2, 2], [2, 5], [2, 6], [3, 3], [3, 6], [3, 6], [5, 6]]
  187,  [[0, 4], [1, 7], [2, 2], [2, 2], [2, 6], [3, 5], [3, 6], [3, 6], [5, 6]]
  188,  [[0, 4], [2, 2], [2, 6], [2, 6], [3, 3], [3, 6], [3, 6], [5, 5], [7, 7]]
  189,  [[0, 4], [2, 2], [2, 2], [2, 6], [3, 6], [3, 6], [3, 6], [5, 5], [7, 7]]
  190,  [[0, 4], [1, 5], [2, 2], [2, 2], [2, 6], [3, 3], [3, 6], [3, 6], [7, 7]]
  191,  [[0, 4], [1, 7], [2, 2], [2, 2], [2, 6], [3, 3], [3, 6], [3, 6], [5, 5]]
  192,  [[0, 0], [1, 7], [2, 2], [2, 2], [2, 6], [3, 3], [3, 6], [3, 6], [5, 6]]
  193,  [[0, 4], [1, 7], [2, 2], [2, 2], [2, 6], [3, 3], [3, 3], [3, 6], [5, 6]]
  194,  [[0, 4], [1, 2], [2, 2], [2, 5], [3, 6], [3, 6], [3, 6], [5, 7], [6, 6]]
  195,  [[0, 4], [1, 2], [2, 2], [2, 2], [3, 6], [3, 6], [3, 6], [5, 5], [6, 6]]
  196,  [[0, 4], [1, 2], [2, 2], [2, 5], [3, 6], [3, 6], [3, 6], [5, 6], [7, 7]]
  197,  [[0, 4], [1, 2], [2, 2], [2, 2], [3, 6], [3, 6], [3, 6], [5, 5], [7, 7]]
  198,  [[0, 4], [1, 2], [2, 2], [2, 5], [3, 3], [3, 6], [3, 6], [6, 6], [7, 7]]
  199,  [[0, 4], [1, 2], [2, 2], [2, 2], [3, 5], [3, 6], [3, 6], [6, 6], [7, 7]]
  200,  [[0, 4], [1, 2], [2, 2], [2, 7], [3, 3], [3, 6], [3, 6], [5, 5], [6, 6]]
  201,  [[0, 4], [1, 2], [2, 2], [2, 2], [3, 6], [3, 6], [3, 7], [5, 5], [6, 6]]
  202,  [[0, 4], [1, 2], [2, 2], [2, 2], [3, 3], [3, 6], [3, 6], [5, 6], [6, 6]]
  203,  [[0, 4], [1, 2], [2, 2], [2, 2], [3, 3], [3, 6], [3, 6], [5, 5], [6, 7]]
  204,  [[0, 4], [1, 2], [2, 2], [2, 5], [3, 3], [3, 6], [3, 6], [5, 6], [6, 7]]
  205,  [[0, 4], [1, 2], [2, 2], [2, 2], [3, 5], [3, 6], [3, 6], [5, 6], [6, 7]]
  206,  [[0, 0], [1, 2], [2, 2], [2, 2], [3, 3], [3, 6], [3, 6], [5, 6], [6, 7]]
  207,  [[0, 4], [1, 2], [2, 2], [2, 2], [3, 3], [3, 3], [3, 6], [5, 6], [6, 7]]
  208,  [[0, 4], [1, 2], [2, 5], [2, 6], [3, 3], [3, 3], [3, 6], [6, 6], [7, 7]]
  209,  [[0, 4], [1, 2], [2, 2], [2, 6], [3, 3], [3, 5], [3, 6], [6, 6], [7, 7]]
  210,  [[0, 4], [1, 2], [2, 6], [2, 7], [3, 3], [3, 3], [3, 6], [5, 5], [6, 6]]
  211,  [[0, 4], [1, 2], [2, 2], [2, 6], [3, 3], [3, 6], [3, 7], [5, 5], [6, 6]]
  212,  [[0, 4], [1, 2], [2, 2], [2, 6], [3, 3], [3, 3], [3, 6], [5, 6], [6, 6]]
  213,  [[0, 4], [1, 2], [2, 2], [2, 6], [3, 3], [3, 3], [3, 6], [5, 5], [6, 7]]
  214,  [[0, 4], [1, 2], [2, 5], [2, 6], [3, 3], [3, 3], [3, 6], [5, 6], [6, 7]]
  215,  [[0, 4], [1, 2], [2, 2], [2, 6], [3, 3], [3, 5], [3, 6], [5, 6], [6, 7]]
  216,  [[0, 0], [1, 2], [2, 2], [2, 6], [3, 3], [3, 3], [3, 6], [5, 6], [6, 7]]
  217,  [[0, 4], [2, 2], [2, 2], [2, 6], [3, 3], [3, 3], [3, 6], [5, 6], [6, 7]]
  218,  [[0, 4], [1, 2], [2, 5], [2, 6], [3, 5], [3, 6], [3, 6], [6, 6], [7, 7]]
  219,  [[0, 1], [2, 2], [2, 2], [2, 4], [3, 3], [3, 6], [3, 6], [5, 6], [5, 7]]
  220,  [[0, 1], [2, 2], [2, 2], [2, 6], [3, 3], [3, 4], [3, 6], [5, 6], [5, 7]]
  221,  [[0, 1], [2, 2], [2, 4], [2, 6], [3, 3], [3, 6], [3, 6], [5, 7], [6, 6]]
  222,  [[0, 1], [2, 2], [2, 4], [2, 6], [3, 3], [3, 6], [3, 6], [5, 6], [7, 7]]
  223,  [[0, 1], [2, 2], [2, 2], [2, 6], [3, 4], [3, 6], [3, 6], [5, 7], [6, 6]]
  224,  [[0, 1], [2, 2], [2, 2], [2, 6], [3, 4], [3, 6], [3, 6], [5, 6], [7, 7]]
  225,  [[0, 1], [2, 2], [2, 2], [2, 6], [3, 3], [3, 3], [3, 6], [5, 7], [6, 6]]
  226,  [[0, 1], [2, 2], [2, 5], [2, 6], [3, 3], [3, 6], [3, 6], [5, 7], [6, 6]]
  227,  [[0, 1], [2, 2], [2, 2], [2, 6], [3, 5], [3, 6], [3, 6], [5, 7], [6, 6]]
  228,  [[0, 1], [2, 2], [2, 2], [2, 6], [3, 3], [3, 6], [3, 6], [5, 5], [6, 6]]
  229,  [[0, 1], [2, 2], [2, 2], [2, 6], [3, 3], [3, 6], [3, 6], [4, 6], [5, 7]]
  230,  [[0, 1], [2, 2], [2, 5], [2, 6], [3, 3], [3, 6], [3, 6], [5, 6], [7, 7]]
  231,  [[0, 1], [2, 2], [2, 2], [2, 6], [3, 5], [3, 6], [3, 6], [5, 6], [7, 7]]
  232,  [[0, 1], [2, 2], [2, 2], [2, 6], [3, 3], [3, 6], [3, 6], [5, 5], [7, 7]]
  233,  [[0, 1], [2, 2], [2, 2], [2, 6], [3, 3], [3, 6], [3, 6], [4, 7], [5, 6]]
  234,  [[0, 6], [2, 2], [2, 2], [2, 4], [3, 3], [3, 6], [3, 6], [5, 6], [5, 7]]
  235,  [[0, 0], [1, 2], [2, 6], [2, 6], [3, 3], [3, 3], [3, 4], [5, 6], [5, 7]]
  236,  [[0, 0], [2, 2], [2, 2], [2, 4], [3, 6], [3, 6], [3, 6], [5, 6], [5, 7]]
  237,  [[0, 0], [2, 2], [2, 2], [2, 4], [3, 3], [3, 6], [3, 6], [5, 7], [6, 6]]
  238,  [[0, 0], [1, 2], [2, 6], [2, 6], [3, 3], [3, 4], [3, 6], [5, 7], [6, 6]]
  239,  [[0, 0], [1, 2], [2, 6], [2, 6], [3, 3], [3, 4], [3, 6], [5, 6], [7, 7]]
  240,  [[0, 6], [2, 2], [2, 2], [2, 6], [3, 3], [3, 4], [3, 6], [5, 6], [5, 7]]
  241,  [[0, 0], [2, 2], [2, 2], [2, 6], [3, 3], [3, 4], [3, 6], [5, 7], [6, 6]]
  242,  [[0, 5], [2, 2], [2, 4], [2, 6], [3, 3], [3, 6], [3, 6], [5, 7], [6, 6]]
  243,  [[0, 0], [2, 2], [2, 6], [2, 6], [3, 4], [3, 5], [3, 6], [5, 7], [6, 6]]
  244,  [[0, 0], [2, 2], [2, 4], [2, 6], [3, 5], [3, 6], [3, 6], [5, 7], [6, 6]]
  245,  [[0, 0], [2, 2], [2, 4], [2, 6], [3, 3], [3, 6], [3, 6], [5, 5], [6, 6]]
  246,  [[0, 0], [1, 6], [2, 2], [2, 4], [2, 6], [3, 3], [3, 6], [3, 6], [5, 7]]
  247,  [[0, 5], [2, 2], [2, 4], [2, 6], [3, 3], [3, 6], [3, 6], [5, 6], [7, 7]]
  248,  [[0, 0], [2, 2], [2, 6], [2, 6], [3, 4], [3, 5], [3, 6], [5, 6], [7, 7]]
  249,  [[0, 0], [2, 2], [2, 4], [2, 6], [3, 5], [3, 6], [3, 6], [5, 6], [7, 7]]
  250,  [[0, 0], [2, 2], [2, 4], [2, 6], [3, 3], [3, 6], [3, 6], [5, 5], [7, 7]]
  251,  [[0, 0], [1, 7], [2, 2], [2, 4], [2, 6], [3, 3], [3, 6], [3, 6], [5, 6]]
  252,  [[0, 6], [1, 2], [2, 2], [2, 4], [3, 3], [3, 3], [3, 6], [5, 6], [5, 7]]
  253,  [[0, 6], [1, 2], [2, 2], [2, 4], [3, 3], [3, 6], [3, 6], [5, 7], [6, 6]]
  254,  [[0, 6], [1, 2], [2, 2], [2, 4], [3, 3], [3, 6], [3, 6], [5, 6], [7, 7]]
  255,  [[0, 0], [1, 2], [2, 2], [2, 4], [3, 6], [3, 6], [3, 6], [5, 7], [6, 6]]
  256,  [[0, 0], [1, 2], [2, 2], [2, 4], [3, 6], [3, 6], [3, 6], [5, 6], [7, 7]]
  257,  [[0, 5], [1, 2], [2, 2], [2, 4], [3, 3], [3, 6], [3, 6], [5, 7], [6, 6]]
  258,  [[0, 0], [1, 2], [2, 4], [2, 5], [3, 3], [3, 6], [3, 6], [5, 7], [6, 6]]
  259,  [[0, 0], [1, 2], [2, 2], [2, 4], [3, 5], [3, 6], [3, 6], [5, 7], [6, 6]]
  260,  [[0, 0], [1, 2], [2, 2], [2, 4], [3, 3], [3, 6], [3, 6], [5, 5], [6, 6]]
  261,  [[0, 5], [1, 2], [2, 2], [2, 4], [3, 3], [3, 6], [3, 6], [5, 6], [7, 7]]
  262,  [[0, 0], [1, 2], [2, 4], [2, 5], [3, 3], [3, 6], [3, 6], [5, 6], [7, 7]]
  263,  [[0, 0], [1, 2], [2, 2], [2, 4], [3, 5], [3, 6], [3, 6], [5, 6], [7, 7]]
  264,  [[0, 0], [1, 2], [2, 2], [2, 4], [3, 3], [3, 6], [3, 6], [5, 6], [6, 7]]
  265,  [[0, 6], [1, 2], [2, 4], [2, 6], [3, 3], [3, 3], [3, 6], [5, 7], [6, 6]]
  266,  [[0, 6], [1, 2], [2, 4], [2, 6], [3, 3], [3, 3], [3, 6], [5, 6], [7, 7]]
  267,  [[0, 5], [1, 2], [2, 4], [2, 6], [3, 3], [3, 3], [3, 6], [5, 7], [6, 6]]
  268,  [[0, 0], [1, 2], [2, 4], [2, 6], [3, 3], [3, 5], [3, 6], [5, 7], [6, 6]]
  269,  [[0, 0], [1, 2], [2, 4], [2, 6], [3, 3], [3, 3], [3, 6], [5, 5], [6, 6]]
  270,  [[0, 5], [1, 2], [2, 4], [2, 6], [3, 3], [3, 6], [3, 6], [6, 6], [7, 7]]
  271,  [[0, 7], [1, 2], [2, 4], [2, 6], [3, 3], [3, 6], [3, 6], [5, 5], [6, 6]]
  272,  [[0, 0], [1, 2], [2, 4], [2, 6], [3, 6], [3, 6], [3, 7], [5, 5], [6, 6]]
  273,  [[0, 0], [1, 2], [2, 4], [2, 6], [3, 3], [3, 6], [3, 6], [5, 5], [6, 7]]
  274,  [[0, 5], [1, 2], [2, 4], [2, 6], [3, 3], [3, 3], [3, 6], [5, 6], [7, 7]]
  275,  [[0, 0], [1, 2], [2, 4], [2, 6], [3, 3], [3, 5], [3, 6], [5, 6], [7, 7]]
  276,  [[0, 6], [1, 2], [2, 4], [2, 6], [3, 3], [3, 6], [3, 6], [5, 5], [7, 7]]
  277,  [[0, 0], [1, 2], [2, 4], [2, 6], [3, 6], [3, 6], [3, 6], [5, 5], [7, 7]]
  278,  [[0, 6], [1, 2], [2, 2], [2, 2], [3, 3], [3, 4], [3, 6], [5, 6], [5, 7]]
  279,  [[0, 6], [1, 2], [2, 2], [2, 2], [3, 4], [3, 6], [3, 6], [5, 7], [6, 6]]
  280,  [[0, 6], [1, 2], [2, 2], [2, 2], [3, 4], [3, 6], [3, 6], [5, 6], [7, 7]]
  281,  [[0, 6], [1, 2], [2, 2], [2, 2], [3, 3], [3, 3], [3, 6], [5, 7], [6, 6]]
  282,  [[0, 6], [1, 2], [2, 2], [2, 5], [3, 3], [3, 6], [3, 6], [5, 7], [6, 6]]
  283,  [[0, 6], [1, 2], [2, 2], [2, 2], [3, 5], [3, 6], [3, 6], [5, 7], [6, 6]]
  284,  [[0, 6], [1, 2], [2, 2], [2, 2], [3, 3], [3, 6], [3, 6], [5, 5], [6, 6]]
  285,  [[0, 6], [1, 2], [2, 2], [2, 2], [3, 3], [3, 6], [3, 6], [4, 6], [5, 7]]
  286,  [[0, 6], [1, 2], [2, 2], [2, 5], [3, 3], [3, 6], [3, 6], [5, 6], [7, 7]]
  287,  [[0, 6], [1, 2], [2, 2], [2, 2], [3, 5], [3, 6], [3, 6], [5, 6], [7, 7]]
  288,  [[0, 6], [1, 2], [2, 2], [2, 2], [3, 3], [3, 6], [3, 6], [5, 5], [7, 7]]
  289,  [[0, 6], [1, 2], [2, 2], [2, 2], [3, 3], [3, 6], [3, 6], [4, 7], [5, 6]]
  290,  [[0, 5], [1, 2], [2, 2], [2, 2], [3, 4], [3, 6], [3, 6], [5, 7], [6, 6]]
  291,  [[0, 0], [1, 2], [2, 2], [2, 5], [3, 4], [3, 6], [3, 6], [5, 7], [6, 6]]
  292,  [[0, 0], [1, 2], [2, 2], [2, 2], [3, 4], [3, 6], [3, 6], [5, 5], [6, 6]]
  293,  [[0, 5], [1, 2], [2, 2], [2, 2], [3, 6], [3, 6], [3, 6], [5, 7], [6, 6]]
  294,  [[0, 5], [1, 2], [2, 2], [2, 2], [3, 3], [3, 6], [3, 6], [6, 6], [7, 7]]
  295,  [[0, 5], [1, 2], [2, 2], [2, 2], [3, 3], [3, 6], [3, 6], [4, 6], [5, 7]]
  296,  [[0, 0], [2, 2], [2, 2], [2, 5], [3, 3], [3, 6], [3, 6], [5, 7], [6, 6]]
  297,  [[0, 0], [1, 2], [2, 2], [2, 5], [3, 6], [3, 6], [3, 6], [5, 7], [6, 6]]
  298,  [[0, 0], [1, 2], [2, 2], [2, 5], [3, 3], [3, 6], [3, 6], [6, 6], [7, 7]]
  299,  [[0, 0], [1, 2], [2, 2], [2, 5], [3, 3], [3, 6], [3, 6], [4, 6], [5, 7]]
  300,  [[0, 0], [1, 2], [2, 2], [2, 2], [3, 5], [3, 6], [3, 6], [4, 6], [5, 7]]
  301,  [[0, 7], [1, 2], [2, 2], [2, 2], [3, 3], [3, 6], [3, 6], [5, 5], [6, 6]]
  302,  [[0, 0], [1, 2], [2, 2], [2, 7], [3, 3], [3, 6], [3, 6], [5, 5], [6, 6]]
  303,  [[0, 0], [1, 2], [2, 2], [2, 2], [3, 6], [3, 6], [3, 7], [5, 5], [6, 6]]
  304,  [[0, 0], [1, 2], [2, 2], [2, 2], [3, 3], [3, 6], [3, 6], [4, 5], [6, 6]]
  305,  [[0, 0], [1, 2], [2, 2], [2, 2], [3, 3], [3, 6], [3, 6], [4, 6], [5, 5]]
  306,  [[0, 0], [1, 2], [2, 2], [2, 2], [3, 3], [3, 6], [3, 6], [5, 5], [6, 7]]
  307,  [[0, 0], [1, 2], [2, 2], [2, 2], [3, 6], [3, 6], [3, 6], [4, 6], [5, 7]]
  308,  [[0, 6], [1, 2], [2, 2], [2, 6], [3, 3], [3, 3], [3, 4], [5, 6], [5, 7]]
  309,  [[0, 6], [1, 2], [2, 2], [2, 6], [3, 3], [3, 4], [3, 6], [5, 7], [6, 6]]
  310,  [[0, 6], [1, 2], [2, 2], [2, 6], [3, 3], [3, 4], [3, 6], [5, 6], [7, 7]]
  311,  [[0, 5], [1, 2], [2, 2], [2, 6], [3, 3], [3, 4], [3, 6], [5, 7], [6, 6]]
  312,  [[0, 0], [1, 2], [2, 5], [2, 6], [3, 3], [3, 4], [3, 6], [5, 7], [6, 6]]
  313,  [[0, 0], [1, 2], [2, 2], [2, 6], [3, 4], [3, 5], [3, 6], [5, 7], [6, 6]]
  314,  [[0, 0], [1, 2], [2, 2], [2, 6], [3, 3], [3, 4], [3, 6], [5, 5], [6, 6]]
  315,  [[0, 5], [1, 2], [2, 2], [2, 6], [3, 3], [3, 4], [3, 6], [5, 6], [7, 7]]
  316,  [[0, 0], [1, 2], [2, 5], [2, 6], [3, 3], [3, 4], [3, 6], [5, 6], [7, 7]]
  317,  [[0, 0], [1, 2], [2, 2], [2, 6], [3, 4], [3, 5], [3, 6], [5, 6], [7, 7]]
  318,  [[0, 0], [1, 2], [2, 2], [2, 6], [3, 3], [3, 4], [3, 6], [5, 6], [6, 7]]
  319,  [[0, 5], [2, 2], [2, 2], [2, 6], [3, 4], [3, 6], [3, 6], [5, 7], [6, 6]]
  320,  [[0, 5], [1, 2], [2, 2], [2, 6], [3, 4], [3, 6], [3, 6], [6, 6], [7, 7]]
  321,  [[0, 0], [2, 2], [2, 5], [2, 6], [3, 4], [3, 6], [3, 6], [5, 7], [6, 6]]
  322,  [[0, 7], [1, 2], [2, 2], [2, 6], [3, 4], [3, 6], [3, 6], [5, 5], [6, 6]]
  323,  [[0, 0], [1, 2], [2, 6], [2, 7], [3, 4], [3, 6], [3, 6], [5, 5], [6, 6]]
  324,  [[0, 0], [1, 2], [2, 2], [2, 6], [3, 4], [3, 6], [3, 6], [5, 5], [6, 7]]
  325,  [[0, 5], [2, 2], [2, 2], [2, 6], [3, 4], [3, 6], [3, 6], [5, 6], [7, 7]]
  326,  [[0, 5], [1, 2], [2, 2], [2, 2], [3, 4], [3, 6], [3, 6], [5, 6], [7, 7]]
  327,  [[0, 0], [2, 2], [2, 5], [2, 6], [3, 4], [3, 6], [3, 6], [5, 6], [7, 7]]
  328,  [[0, 0], [1, 2], [2, 2], [2, 5], [3, 4], [3, 6], [3, 6], [5, 6], [7, 7]]
  329,  [[0, 6], [1, 2], [2, 2], [2, 6], [3, 4], [3, 6], [3, 6], [5, 5], [7, 7]]
  330,  [[0, 0], [1, 2], [2, 6], [2, 6], [3, 4], [3, 6], [3, 6], [5, 5], [7, 7]]
  331,  [[0, 6], [1, 2], [2, 5], [2, 6], [3, 3], [3, 3], [3, 6], [5, 7], [6, 6]]
  332,  [[0, 6], [1, 2], [2, 2], [2, 6], [3, 3], [3, 5], [3, 6], [5, 7], [6, 6]]
  333,  [[0, 6], [1, 2], [2, 2], [2, 6], [3, 3], [3, 3], [3, 6], [5, 5], [6, 6]]
  334,  [[0, 6], [1, 2], [2, 2], [2, 6], [3, 3], [3, 3], [3, 6], [4, 6], [5, 7]]
  335,  [[0, 6], [1, 2], [2, 5], [2, 6], [3, 3], [3, 3], [3, 6], [5, 6], [7, 7]]
  336,  [[0, 6], [1, 2], [2, 2], [2, 6], [3, 3], [3, 5], [3, 6], [5, 6], [7, 7]]
  337,  [[0, 6], [1, 2], [2, 2], [2, 6], [3, 3], [3, 3], [3, 6], [5, 5], [7, 7]]
  338,  [[0, 6], [1, 2], [2, 2], [2, 6], [3, 3], [3, 3], [3, 6], [4, 7], [5, 6]]
  339,  [[0, 5], [2, 2], [2, 2], [2, 6], [3, 3], [3, 3], [3, 6], [5, 7], [6, 6]]
  340,  [[0, 5], [1, 2], [2, 6], [2, 6], [3, 3], [3, 3], [3, 6], [5, 7], [6, 6]]
  341,  [[0, 5], [1, 2], [2, 2], [2, 6], [3, 3], [3, 3], [3, 6], [6, 6], [7, 7]]
  342,  [[0, 5], [1, 2], [2, 2], [2, 6], [3, 3], [3, 3], [3, 6], [4, 6], [5, 7]]
  343,  [[0, 0], [2, 2], [2, 2], [2, 6], [3, 3], [3, 5], [3, 6], [5, 7], [6, 6]]
  344,  [[0, 0], [1, 2], [2, 5], [2, 6], [3, 3], [3, 3], [3, 6], [4, 6], [5, 7]]
  345,  [[0, 0], [1, 2], [2, 6], [2, 6], [3, 3], [3, 5], [3, 6], [5, 7], [6, 6]]
  346,  [[0, 0], [1, 2], [2, 2], [2, 6], [3, 3], [3, 5], [3, 6], [6, 6], [7, 7]]
  347,  [[0, 0], [1, 2], [2, 2], [2, 6], [3, 3], [3, 5], [3, 6], [4, 6], [5, 7]]
  348,  [[0, 7], [1, 2], [2, 2], [2, 6], [3, 3], [3, 3], [3, 6], [5, 5], [6, 6]]
  349,  [[0, 0], [1, 2], [2, 6], [2, 7], [3, 3], [3, 3], [3, 6], [5, 5], [6, 6]]
  350,  [[0, 0], [1, 2], [2, 2], [2, 6], [3, 3], [3, 6], [3, 7], [5, 5], [6, 6]]
  351,  [[0, 0], [1, 2], [2, 2], [2, 6], [3, 3], [3, 3], [3, 6], [4, 5], [6, 6]]
  352,  [[0, 0], [1, 2], [2, 2], [2, 6], [3, 3], [3, 3], [3, 6], [4, 6], [5, 5]]
  353,  [[0, 0], [1, 2], [2, 2], [2, 6], [3, 3], [3, 3], [3, 6], [5, 5], [6, 7]]
  354,  [[0, 0], [1, 2], [2, 6], [2, 6], [3, 3], [3, 3], [3, 6], [4, 6], [5, 7]]
  355,  [[0, 5], [1, 6], [2, 2], [2, 2], [2, 6], [3, 3], [3, 6], [3, 6], [5, 7]]
  356,  [[0, 5], [2, 2], [2, 2], [2, 6], [3, 3], [3, 6], [3, 6], [4, 6], [5, 7]]
  357,  [[0, 5], [1, 2], [2, 5], [2, 6], [3, 3], [3, 6], [3, 6], [6, 6], [7, 7]]
  358,  [[0, 5], [1, 2], [2, 2], [2, 6], [3, 5], [3, 6], [3, 6], [6, 6], [7, 7]]
  359,  [[0, 5], [1, 2], [2, 2], [2, 6], [3, 3], [3, 6], [3, 6], [4, 6], [7, 7]]
  360,  [[0, 5], [1, 2], [2, 2], [2, 6], [3, 3], [3, 6], [3, 6], [4, 7], [6, 6]]
  361,  [[0, 0], [1, 6], [2, 2], [2, 5], [2, 6], [3, 3], [3, 6], [3, 6], [5, 7]]
  362,  [[0, 0], [2, 2], [2, 5], [2, 6], [3, 3], [3, 6], [3, 6], [4, 6], [5, 7]]
  363,  [[0, 0], [1, 2], [2, 5], [2, 6], [3, 3], [3, 6], [3, 6], [4, 6], [7, 7]]
  364,  [[0, 0], [2, 2], [2, 2], [2, 6], [3, 5], [3, 6], [3, 6], [4, 6], [5, 7]]
  365,  [[0, 0], [1, 2], [2, 2], [2, 6], [3, 5], [3, 6], [3, 6], [4, 6], [7, 7]]
  366,  [[0, 7], [2, 2], [2, 2], [2, 6], [3, 3], [3, 6], [3, 6], [5, 5], [6, 6]]
  367,  [[0, 7], [1, 2], [2, 2], [2, 6], [3, 3], [3, 6], [3, 6], [4, 5], [6, 6]]
  368,  [[0, 7], [1, 2], [2, 2], [2, 6], [3, 3], [3, 6], [3, 6], [4, 6], [5, 5]]
  369,  [[0, 0], [2, 2], [2, 6], [2, 6], [3, 3], [3, 6], [3, 7], [5, 5], [6, 6]]
  370,  [[0, 0], [1, 2], [2, 6], [2, 7], [3, 3], [3, 6], [3, 6], [4, 5], [6, 6]]
  371,  [[0, 0], [1, 2], [2, 6], [2, 7], [3, 3], [3, 6], [3, 6], [4, 6], [5, 5]]
  372,  [[0, 0], [1, 2], [2, 2], [2, 6], [3, 6], [3, 6], [3, 7], [4, 5], [6, 6]]
  373,  [[0, 0], [1, 2], [2, 2], [2, 6], [3, 6], [3, 6], [3, 7], [4, 6], [5, 5]]
  374,  [[0, 5], [1, 2], [2, 2], [2, 6], [3, 3], [3, 6], [3, 6], [4, 5], [6, 6]]
  375,  [[0, 0], [1, 2], [2, 5], [2, 6], [3, 3], [3, 6], [3, 6], [4, 5], [6, 6]]
  376,  [[0, 0], [1, 2], [2, 2], [2, 6], [3, 5], [3, 6], [3, 6], [4, 5], [6, 6]]
  377,  [[0, 0], [1, 2], [2, 2], [2, 6], [3, 3], [3, 6], [3, 6], [4, 5], [5, 6]]
  378,  [[0, 0], [1, 2], [2, 2], [2, 6], [3, 3], [3, 6], [3, 6], [4, 5], [6, 7]]
  379,  [[0, 0], [2, 2], [2, 2], [2, 6], [3, 3], [3, 6], [3, 6], [4, 6], [5, 5]]
  380,  [[0, 0], [2, 2], [2, 2], [2, 6], [3, 3], [3, 6], [3, 6], [5, 5], [6, 7]]
  381,  [[0, 5], [1, 2], [2, 6], [2, 6], [3, 3], [3, 3], [3, 6], [5, 6], [7, 7]]
  382,  [[0, 5], [1, 7], [2, 2], [2, 2], [2, 6], [3, 3], [3, 6], [3, 6], [5, 6]]
  383,  [[0, 5], [2, 2], [2, 2], [2, 6], [3, 3], [3, 6], [3, 6], [4, 7], [5, 6]]
  384,  [[0, 5], [1, 2], [2, 2], [2, 2], [3, 6], [3, 6], [3, 6], [5, 6], [7, 7]]
  385,  [[0, 5], [1, 2], [2, 2], [2, 2], [3, 3], [3, 6], [3, 6], [4, 7], [5, 6]]
  386,  [[0, 5], [1, 2], [2, 2], [2, 2], [3, 3], [3, 6], [3, 6], [5, 6], [6, 7]]
  387,  [[0, 5], [1, 2], [2, 2], [2, 6], [3, 3], [3, 3], [3, 6], [4, 7], [5, 6]]
  388,  [[0, 5], [1, 2], [2, 2], [2, 6], [3, 3], [3, 3], [3, 6], [5, 6], [6, 7]]
  389,  [[0, 0], [1, 2], [2, 6], [2, 6], [3, 3], [3, 5], [3, 6], [5, 6], [7, 7]]
  390,  [[0, 0], [1, 7], [2, 2], [2, 5], [2, 6], [3, 3], [3, 6], [3, 6], [5, 6]]
  391,  [[0, 0], [2, 2], [2, 5], [2, 6], [3, 3], [3, 6], [3, 6], [4, 7], [5, 6]]
  392,  [[0, 0], [1, 2], [2, 2], [2, 5], [3, 6], [3, 6], [3, 6], [5, 6], [7, 7]]
  393,  [[0, 0], [1, 2], [2, 2], [2, 5], [3, 3], [3, 6], [3, 6], [4, 7], [5, 6]]
  394,  [[0, 0], [1, 2], [2, 2], [2, 5], [3, 3], [3, 6], [3, 6], [5, 6], [6, 7]]
  395,  [[0, 0], [1, 2], [2, 5], [2, 6], [3, 3], [3, 3], [3, 6], [4, 7], [5, 6]]
  396,  [[0, 0], [1, 2], [2, 5], [2, 6], [3, 3], [3, 6], [3, 6], [4, 7], [6, 6]]
  397,  [[0, 0], [1, 2], [2, 2], [2, 6], [3, 3], [3, 5], [3, 6], [4, 7], [5, 6]]
  398,  [[0, 0], [1, 2], [2, 2], [2, 6], [3, 3], [3, 5], [3, 6], [5, 6], [6, 7]]
  399,  [[0, 0], [2, 2], [2, 2], [2, 6], [3, 5], [3, 6], [3, 6], [4, 7], [5, 6]]
  400,  [[0, 0], [1, 2], [2, 2], [2, 2], [3, 5], [3, 6], [3, 6], [4, 7], [5, 6]]
  401,  [[0, 0], [1, 2], [2, 2], [2, 6], [3, 5], [3, 6], [3, 6], [4, 7], [6, 6]]
  402,  [[0, 6], [2, 2], [2, 2], [2, 6], [3, 3], [3, 6], [3, 6], [5, 5], [7, 7]]
  403,  [[0, 6], [1, 2], [2, 2], [2, 6], [3, 3], [3, 6], [3, 6], [4, 5], [7, 7]]
  404,  [[0, 6], [1, 2], [2, 2], [2, 6], [3, 3], [3, 6], [3, 6], [4, 7], [5, 5]]
  405,  [[0, 0], [2, 2], [2, 6], [2, 6], [3, 3], [3, 6], [3, 6], [5, 5], [7, 7]]
  406,  [[0, 0], [1, 2], [2, 6], [2, 6], [3, 3], [3, 6], [3, 6], [4, 5], [7, 7]]
  407,  [[0, 0], [1, 2], [2, 6], [2, 6], [3, 3], [3, 6], [3, 6], [4, 7], [5, 5]]
  408,  [[0, 0], [1, 2], [2, 2], [2, 6], [3, 6], [3, 6], [3, 6], [4, 5], [7, 7]]
  409,  [[0, 0], [1, 2], [2, 2], [2, 6], [3, 6], [3, 6], [3, 6], [4, 7], [5, 5]]
  410,  [[0, 5], [1, 2], [2, 2], [2, 6], [3, 3], [3, 6], [3, 6], [4, 5], [7, 7]]
  411,  [[0, 0], [1, 2], [2, 5], [2, 6], [3, 3], [3, 6], [3, 6], [4, 5], [7, 7]]
  412,  [[0, 0], [1, 2], [2, 2], [2, 6], [3, 5], [3, 6], [3, 6], [4, 5], [7, 7]]
  413,  [[0, 0], [1, 2], [2, 2], [2, 6], [3, 3], [3, 6], [3, 6], [4, 5], [5, 7]]
  414,  [[0, 0], [2, 2], [2, 2], [2, 6], [3, 3], [3, 6], [3, 6], [4, 7], [5, 5]]
  415,  [[0, 0], [1, 2], [2, 6], [2, 6], [3, 3], [3, 3], [3, 6], [4, 7], [5, 6]]
  416,  [[0, 0], [1, 2], [2, 2], [2, 2], [3, 6], [3, 6], [3, 6], [4, 7], [5, 6]]
  417,  [[0, 4], [1, 2], [2, 6], [2, 6], [3, 3], [3, 3], [3, 5], [5, 7], [6, 6]]
  418,  [[0, 4], [1, 2], [2, 6], [2, 6], [3, 3], [3, 5], [3, 6], [6, 6], [7, 7]]
  419,  [[0, 4], [1, 2], [2, 6], [2, 6], [3, 3], [3, 6], [3, 7], [5, 5], [6, 6]]
  420,  [[0, 4], [1, 2], [2, 6], [2, 6], [3, 3], [3, 3], [3, 6], [5, 5], [6, 7]]
  421,  [[0, 4], [1, 2], [2, 6], [2, 6], [3, 3], [3, 3], [3, 5], [5, 6], [7, 7]]
  422,  [[0, 4], [2, 2], [2, 2], [2, 6], [3, 3], [3, 5], [3, 6], [6, 6], [7, 7]]
  423,  [[0, 4], [1, 6], [2, 2], [2, 2], [2, 6], [3, 3], [3, 5], [3, 6], [5, 7]]
  424,  [[0, 4], [2, 2], [2, 2], [2, 6], [3, 3], [3, 6], [3, 7], [5, 5], [6, 6]]
  425,  [[0, 4], [1, 5], [2, 2], [2, 2], [2, 6], [3, 3], [3, 3], [3, 6], [6, 6]]
  426,  [[0, 4], [1, 6], [2, 2], [2, 2], [2, 6], [3, 3], [3, 3], [3, 6], [5, 5]]
  427,  [[0, 4], [2, 2], [2, 2], [2, 6], [3, 3], [3, 3], [3, 6], [5, 5], [6, 7]]
  428,  [[0, 4], [2, 2], [2, 2], [2, 5], [3, 6], [3, 6], [3, 6], [5, 7], [6, 6]]
  429,  [[0, 4], [2, 2], [2, 2], [2, 5], [3, 3], [3, 6], [3, 6], [6, 6], [7, 7]]
  430,  [[0, 4], [1, 6], [2, 2], [2, 2], [2, 5], [3, 3], [3, 6], [3, 6], [5, 7]]
  431,  [[0, 4], [2, 2], [2, 6], [2, 6], [3, 5], [3, 5], [3, 6], [6, 6], [7, 7]]
  432,  [[0, 4], [2, 2], [2, 5], [2, 6], [3, 5], [3, 6], [3, 6], [6, 6], [7, 7]]
  433,  [[0, 4], [1, 6], [2, 2], [2, 5], [2, 6], [3, 3], [3, 6], [3, 6], [7, 7]]
  434,  [[0, 4], [1, 7], [2, 2], [2, 5], [2, 6], [3, 3], [3, 6], [3, 6], [6, 6]]
  435,  [[0, 0], [1, 6], [2, 2], [2, 2], [2, 6], [3, 5], [3, 6], [3, 6], [5, 7]]
  436,  [[0, 4], [1, 6], [2, 2], [2, 2], [2, 6], [3, 5], [3, 6], [3, 6], [7, 7]]
  437,  [[0, 4], [2, 2], [2, 2], [2, 7], [3, 3], [3, 6], [3, 6], [5, 5], [6, 6]]
  438,  [[0, 4], [1, 5], [2, 2], [2, 6], [2, 6], [3, 3], [3, 6], [3, 7], [6, 6]]
  439,  [[0, 4], [1, 6], [2, 2], [2, 6], [2, 6], [3, 3], [3, 6], [3, 7], [5, 5]]
  440,  [[0, 4], [1, 5], [2, 2], [2, 2], [2, 6], [3, 6], [3, 6], [3, 7], [6, 6]]
  441,  [[0, 4], [1, 6], [2, 2], [2, 2], [2, 6], [3, 6], [3, 6], [3, 7], [5, 5]]
  442,  [[0, 4], [1, 5], [2, 2], [2, 5], [2, 6], [3, 3], [3, 6], [3, 6], [6, 6]]
  443,  [[0, 4], [1, 5], [2, 2], [2, 2], [2, 6], [3, 5], [3, 6], [3, 6], [6, 6]]
  444,  [[0, 4], [1, 5], [2, 2], [2, 2], [2, 6], [3, 3], [3, 6], [3, 6], [5, 6]]
  445,  [[0, 4], [1, 5], [2, 2], [2, 2], [2, 6], [3, 3], [3, 6], [3, 6], [6, 7]]
  446,  [[0, 0], [1, 6], [2, 2], [2, 2], [2, 6], [3, 3], [3, 6], [3, 6], [5, 5]]
  447,  [[0, 0], [1, 6], [2, 2], [2, 2], [2, 6], [3, 4], [3, 6], [3, 6], [5, 7]]
  448,  [[0, 4], [2, 2], [2, 2], [2, 5], [3, 6], [3, 6], [3, 6], [5, 6], [7, 7]]
  449,  [[0, 4], [1, 7], [2, 2], [2, 2], [2, 5], [3, 3], [3, 6], [3, 6], [5, 6]]
  450,  [[0, 4], [2, 2], [2, 2], [2, 5], [3, 3], [3, 6], [3, 6], [5, 6], [6, 7]]
  451,  [[0, 4], [1, 7], [2, 2], [2, 2], [2, 6], [3, 3], [3, 5], [3, 6], [5, 6]]
  452,  [[0, 4], [2, 2], [2, 2], [2, 6], [3, 3], [3, 5], [3, 6], [5, 6], [6, 7]]
  453,  [[0, 0], [1, 7], [2, 2], [2, 2], [2, 6], [3, 5], [3, 6], [3, 6], [5, 6]]
  454,  [[0, 4], [1, 7], [2, 2], [2, 2], [2, 6], [3, 5], [3, 6], [3, 6], [6, 6]]
  455,  [[0, 4], [1, 5], [2, 2], [2, 6], [2, 6], [3, 3], [3, 6], [3, 6], [7, 7]]
  456,  [[0, 4], [1, 7], [2, 2], [2, 6], [2, 6], [3, 3], [3, 6], [3, 6], [5, 5]]
  457,  [[0, 4], [1, 5], [2, 2], [2, 2], [2, 6], [3, 6], [3, 6], [3, 6], [7, 7]]
  458,  [[0, 4], [1, 7], [2, 2], [2, 2], [2, 6], [3, 6], [3, 6], [3, 6], [5, 5]]
  459,  [[0, 4], [1, 5], [2, 2], [2, 5], [2, 6], [3, 3], [3, 6], [3, 6], [7, 7]]
  460,  [[0, 4], [1, 5], [2, 2], [2, 2], [2, 6], [3, 5], [3, 6], [3, 6], [7, 7]]
  461,  [[0, 4], [1, 5], [2, 2], [2, 2], [2, 6], [3, 3], [3, 6], [3, 6], [5, 7]]
  462,  [[0, 0], [1, 7], [2, 2], [2, 2], [2, 6], [3, 3], [3, 6], [3, 6], [5, 5]]
  463,  [[0, 0], [1, 7], [2, 2], [2, 2], [2, 6], [3, 4], [3, 6], [3, 6], [5, 6]]
  464,  [[0, 4], [1, 2], [2, 2], [2, 5], [3, 6], [3, 6], [3, 6], [6, 6], [7, 7]]
  465,  [[0, 4], [1, 2], [2, 2], [2, 7], [3, 6], [3, 6], [3, 6], [5, 5], [6, 6]]
  466,  [[0, 4], [1, 2], [2, 2], [2, 2], [3, 6], [3, 6], [3, 6], [5, 5], [6, 7]]
  467,  [[0, 4], [1, 2], [2, 5], [2, 5], [3, 3], [3, 6], [3, 6], [6, 6], [7, 7]]
  468,  [[0, 4], [1, 2], [2, 2], [2, 5], [3, 5], [3, 6], [3, 6], [6, 6], [7, 7]]
  469,  [[0, 4], [1, 2], [2, 2], [2, 5], [3, 3], [3, 6], [3, 6], [6, 6], [6, 7]]
  470,  [[0, 4], [1, 2], [2, 2], [2, 2], [3, 5], [3, 6], [3, 6], [6, 6], [6, 7]]
  471,  [[0, 4], [1, 2], [2, 2], [2, 7], [3, 3], [3, 6], [3, 6], [5, 6], [6, 6]]
  472,  [[0, 4], [1, 2], [2, 2], [2, 2], [3, 6], [3, 6], [3, 7], [5, 6], [6, 6]]
  473,  [[0, 4], [1, 2], [2, 2], [2, 5], [3, 3], [3, 6], [3, 6], [5, 6], [6, 6]]
  474,  [[0, 4], [1, 2], [2, 2], [2, 2], [3, 5], [3, 6], [3, 6], [5, 6], [6, 6]]
  475,  [[0, 4], [1, 2], [2, 2], [2, 2], [3, 3], [3, 3], [3, 6], [5, 6], [6, 6]]
  476,  [[0, 4], [1, 2], [2, 2], [2, 2], [3, 3], [3, 6], [3, 6], [5, 6], [5, 6]]
  477,  [[0, 4], [1, 2], [2, 2], [2, 5], [3, 3], [3, 3], [3, 6], [5, 6], [6, 7]]
  478,  [[0, 0], [1, 2], [2, 2], [2, 2], [3, 5], [3, 6], [3, 6], [5, 6], [6, 7]]
  479,  [[0, 4], [1, 2], [2, 2], [2, 2], [3, 3], [3, 5], [3, 6], [5, 6], [6, 7]]
  480,  [[0, 0], [1, 2], [2, 2], [2, 2], [3, 4], [3, 6], [3, 6], [5, 6], [6, 7]]
  481,  [[0, 4], [1, 2], [2, 5], [2, 6], [3, 3], [3, 5], [3, 6], [6, 6], [7, 7]]
  482,  [[0, 4], [1, 2], [2, 5], [2, 6], [3, 3], [3, 3], [3, 6], [6, 6], [6, 7]]
  483,  [[0, 4], [1, 2], [2, 2], [2, 6], [3, 5], [3, 5], [3, 6], [6, 6], [7, 7]]
  484,  [[0, 4], [1, 2], [2, 2], [2, 6], [3, 3], [3, 5], [3, 6], [6, 6], [6, 7]]
  485,  [[0, 4], [1, 2], [2, 6], [2, 7], [3, 3], [3, 3], [3, 6], [5, 6], [6, 6]]
  486,  [[0, 4], [1, 2], [2, 2], [2, 6], [3, 3], [3, 6], [3, 7], [5, 6], [6, 6]]
  487,  [[0, 4], [1, 2], [2, 5], [2, 6], [3, 3], [3, 3], [3, 6], [5, 6], [6, 6]]
  488,  [[0, 4], [1, 2], [2, 2], [2, 6], [3, 3], [3, 5], [3, 6], [5, 6], [6, 6]]
  489,  [[0, 4], [1, 2], [2, 2], [2, 6], [3, 3], [3, 3], [3, 6], [5, 6], [5, 6]]
  490,  [[0, 0], [1, 2], [2, 5], [2, 6], [3, 3], [3, 3], [3, 6], [5, 6], [6, 7]]
  491,  [[0, 4], [1, 2], [2, 2], [2, 6], [3, 3], [3, 3], [3, 5], [5, 6], [6, 7]]
  492,  [[0, 0], [1, 2], [2, 4], [2, 6], [3, 3], [3, 3], [3, 6], [5, 6], [6, 7]]
  493,  [[0, 1], [2, 2], [2, 2], [2, 4], [3, 6], [3, 6], [3, 6], [5, 6], [5, 7]]
  494,  [[0, 1], [2, 2], [2, 2], [2, 4], [3, 3], [3, 6], [3, 6], [5, 7], [6, 6]]
  495,  [[0, 1], [2, 2], [2, 2], [2, 4], [3, 3], [3, 6], [3, 6], [5, 6], [7, 7]]
  496,  [[0, 1], [2, 2], [2, 2], [2, 6], [3, 3], [3, 4], [3, 6], [5, 7], [6, 6]]
  497,  [[0, 1], [2, 2], [2, 2], [2, 6], [3, 3], [3, 4], [3, 6], [5, 6], [7, 7]]
  498,  [[0, 1], [2, 2], [2, 6], [2, 6], [3, 4], [3, 5], [3, 6], [5, 7], [6, 6]]
  499,  [[0, 1], [2, 2], [2, 4], [2, 6], [3, 5], [3, 6], [3, 6], [5, 7], [6, 6]]
  500,  [[0, 1], [2, 2], [2, 4], [2, 6], [3, 3], [3, 6], [3, 6], [5, 5], [6, 6]]
  501,  [[0, 1], [2, 2], [2, 6], [2, 6], [3, 4], [3, 5], [3, 6], [5, 6], [7, 7]]
  502,  [[0, 1], [2, 2], [2, 4], [2, 6], [3, 5], [3, 6], [3, 6], [5, 6], [7, 7]]
  503,  [[0, 1], [2, 2], [2, 4], [2, 6], [3, 3], [3, 6], [3, 6], [5, 5], [7, 7]]
  504,  [[0, 1], [2, 2], [2, 5], [2, 6], [3, 4], [3, 6], [3, 6], [5, 7], [6, 6]]
  505,  [[0, 1], [2, 2], [2, 2], [2, 6], [3, 4], [3, 6], [3, 6], [5, 5], [6, 6]]
  506,  [[0, 1], [2, 2], [2, 5], [2, 6], [3, 4], [3, 6], [3, 6], [5, 6], [7, 7]]
  507,  [[0, 1], [2, 2], [2, 2], [2, 6], [3, 4], [3, 6], [3, 6], [5, 5], [7, 7]]
  508,  [[0, 1], [2, 2], [2, 2], [2, 6], [3, 3], [3, 5], [3, 6], [5, 7], [6, 6]]
  509,  [[0, 1], [2, 2], [2, 2], [2, 6], [3, 3], [3, 3], [3, 6], [5, 5], [6, 6]]
  510,  [[0, 1], [2, 2], [2, 2], [2, 6], [3, 3], [3, 3], [3, 6], [4, 6], [5, 7]]
  511,  [[0, 1], [2, 2], [2, 2], [2, 5], [3, 3], [3, 6], [3, 6], [5, 7], [6, 6]]
  512,  [[0, 1], [2, 2], [2, 5], [2, 6], [3, 3], [3, 6], [3, 6], [6, 6], [7, 7]]
  513,  [[0, 1], [2, 2], [2, 5], [2, 6], [3, 3], [3, 6], [3, 6], [4, 6], [5, 7]]
  514,  [[0, 1], [2, 2], [2, 2], [2, 6], [3, 5], [3, 6], [3, 6], [4, 6], [5, 7]]
  515,  [[0, 1], [2, 2], [2, 6], [2, 6], [3, 3], [3, 6], [3, 7], [5, 5], [6, 6]]
  516,  [[0, 1], [2, 2], [2, 2], [2, 6], [3, 6], [3, 6], [3, 7], [5, 5], [6, 6]]
  517,  [[0, 1], [2, 2], [2, 2], [2, 6], [3, 3], [3, 6], [3, 6], [4, 5], [6, 6]]
  518,  [[0, 1], [2, 2], [2, 2], [2, 6], [3, 3], [3, 6], [3, 6], [4, 6], [5, 5]]
  519,  [[0, 1], [2, 2], [2, 2], [2, 6], [3, 3], [3, 6], [3, 6], [5, 5], [6, 7]]
  520,  [[0, 1], [2, 2], [2, 2], [2, 5], [3, 3], [3, 6], [3, 6], [5, 6], [7, 7]]
  521,  [[0, 1], [2, 2], [2, 2], [2, 6], [3, 3], [3, 5], [3, 6], [5, 6], [7, 7]]
  522,  [[0, 1], [2, 2], [2, 5], [2, 6], [3, 3], [3, 6], [3, 6], [4, 7], [5, 6]]
  523,  [[0, 1], [2, 2], [2, 2], [2, 6], [3, 5], [3, 6], [3, 6], [4, 7], [5, 6]]
  524,  [[0, 1], [2, 2], [2, 6], [2, 6], [3, 3], [3, 6], [3, 6], [5, 5], [7, 7]]
  525,  [[0, 1], [2, 2], [2, 2], [2, 6], [3, 6], [3, 6], [3, 6], [5, 5], [7, 7]]
  526,  [[0, 1], [2, 2], [2, 2], [2, 6], [3, 3], [3, 6], [3, 6], [4, 5], [7, 7]]
  527,  [[0, 1], [2, 2], [2, 2], [2, 6], [3, 3], [3, 6], [3, 6], [4, 7], [5, 5]]
  528,  [[0, 1], [2, 2], [2, 2], [2, 6], [3, 3], [3, 3], [3, 6], [4, 7], [5, 6]]
  529,  [[0, 6], [1, 2], [2, 6], [2, 6], [3, 3], [3, 3], [3, 4], [5, 6], [5, 7]]
  530,  [[0, 6], [2, 2], [2, 2], [2, 4], [3, 3], [3, 3], [3, 6], [5, 6], [5, 7]]
  531,  [[0, 6], [2, 2], [2, 2], [2, 4], [3, 3], [3, 6], [3, 6], [5, 7], [6, 6]]
  532,  [[0, 6], [2, 2], [2, 2], [2, 4], [3, 3], [3, 6], [3, 6], [5, 6], [7, 7]]
  533,  [[0, 0], [1, 2], [2, 6], [2, 6], [3, 3], [3, 3], [3, 4], [5, 7], [6, 6]]
  534,  [[0, 5], [2, 2], [2, 2], [2, 4], [3, 3], [3, 6], [3, 6], [5, 7], [6, 6]]
  535,  [[0, 0], [2, 2], [2, 4], [2, 5], [3, 3], [3, 6], [3, 6], [5, 7], [6, 6]]
  536,  [[0, 0], [2, 2], [2, 2], [2, 4], [3, 5], [3, 6], [3, 6], [5, 7], [6, 6]]
  537,  [[0, 0], [2, 2], [2, 2], [2, 4], [3, 3], [3, 6], [3, 6], [5, 5], [6, 6]]
  538,  [[0, 0], [1, 6], [2, 2], [2, 2], [2, 4], [3, 3], [3, 6], [3, 6], [5, 7]]
  539,  [[0, 5], [1, 2], [2, 6], [2, 6], [3, 3], [3, 4], [3, 6], [5, 7], [6, 6]]
  540,  [[0, 0], [1, 2], [2, 6], [2, 6], [3, 4], [3, 5], [3, 6], [5, 7], [6, 6]]
  541,  [[0, 0], [1, 2], [2, 6], [2, 6], [3, 3], [3, 4], [3, 6], [5, 5], [6, 6]]
  542,  [[0, 5], [1, 2], [2, 6], [2, 6], [3, 3], [3, 4], [3, 6], [5, 6], [7, 7]]
  543,  [[0, 0], [1, 2], [2, 6], [2, 6], [3, 4], [3, 5], [3, 6], [5, 6], [7, 7]]
  544,  [[0, 0], [1, 2], [2, 6], [2, 6], [3, 3], [3, 4], [3, 6], [5, 5], [7, 7]]
  545,  [[0, 6], [2, 2], [2, 2], [2, 6], [3, 3], [3, 4], [3, 6], [5, 7], [6, 6]]
  546,  [[0, 6], [2, 2], [2, 2], [2, 6], [3, 3], [3, 4], [3, 6], [5, 6], [7, 7]]
  547,  [[0, 5], [2, 2], [2, 2], [2, 6], [3, 3], [3, 4], [3, 6], [5, 7], [6, 6]]
  548,  [[0, 0], [2, 2], [2, 4], [2, 6], [3, 3], [3, 5], [3, 6], [5, 7], [6, 6]]
  549,  [[0, 0], [2, 2], [2, 2], [2, 6], [3, 4], [3, 5], [3, 6], [5, 7], [6, 6]]
  550,  [[0, 0], [2, 2], [2, 2], [2, 6], [3, 3], [3, 4], [3, 6], [5, 5], [6, 6]]
  551,  [[0, 0], [1, 6], [2, 2], [2, 2], [2, 6], [3, 3], [3, 4], [3, 6], [5, 7]]
  552,  [[0, 5], [2, 2], [2, 4], [2, 6], [3, 3], [3, 6], [3, 6], [6, 6], [7, 7]]
  553,  [[0, 5], [1, 6], [2, 2], [2, 4], [2, 6], [3, 3], [3, 6], [3, 6], [5, 7]]
  554,  [[0, 0], [1, 6], [2, 2], [2, 6], [2, 6], [3, 4], [3, 5], [3, 6], [5, 7]]
  555,  [[0, 0], [1, 6], [2, 2], [2, 4], [2, 6], [3, 5], [3, 6], [3, 6], [5, 7]]
  556,  [[0, 7], [2, 2], [2, 4], [2, 6], [3, 3], [3, 6], [3, 6], [5, 5], [6, 6]]
  557,  [[0, 0], [2, 2], [2, 6], [2, 6], [3, 4], [3, 6], [3, 7], [5, 5], [6, 6]]
  558,  [[0, 0], [2, 2], [2, 4], [2, 6], [3, 6], [3, 6], [3, 7], [5, 5], [6, 6]]
  559,  [[0, 0], [1, 5], [2, 2], [2, 4], [2, 6], [3, 3], [3, 6], [3, 6], [6, 6]]
  560,  [[0, 0], [1, 6], [2, 2], [2, 4], [2, 6], [3, 3], [3, 6], [3, 6], [5, 5]]
  561,  [[0, 0], [2, 2], [2, 4], [2, 6], [3, 3], [3, 6], [3, 6], [5, 5], [6, 7]]
  562,  [[0, 5], [2, 2], [2, 2], [2, 4], [3, 3], [3, 6], [3, 6], [5, 6], [7, 7]]
  563,  [[0, 5], [2, 2], [2, 2], [2, 6], [3, 3], [3, 4], [3, 6], [5, 6], [7, 7]]
  564,  [[0, 5], [1, 7], [2, 2], [2, 4], [2, 6], [3, 3], [3, 6], [3, 6], [5, 6]]
  565,  [[0, 0], [2, 2], [2, 4], [2, 5], [3, 3], [3, 6], [3, 6], [5, 6], [7, 7]]
  566,  [[0, 0], [1, 7], [2, 2], [2, 6], [2, 6], [3, 4], [3, 5], [3, 6], [5, 6]]
  567,  [[0, 0], [2, 2], [2, 4], [2, 6], [3, 3], [3, 5], [3, 6], [5, 6], [7, 7]]
  568,  [[0, 0], [1, 7], [2, 2], [2, 4], [2, 6], [3, 5], [3, 6], [3, 6], [5, 6]]
  569,  [[0, 6], [2, 2], [2, 4], [2, 6], [3, 3], [3, 6], [3, 6], [5, 5], [7, 7]]
  570,  [[0, 0], [2, 2], [2, 6], [2, 6], [3, 4], [3, 6], [3, 6], [5, 5], [7, 7]]
  571,  [[0, 0], [2, 2], [2, 4], [2, 6], [3, 6], [3, 6], [3, 6], [5, 5], [7, 7]]
  572,  [[0, 0], [1, 5], [2, 2], [2, 4], [2, 6], [3, 3], [3, 6], [3, 6], [7, 7]]
  573,  [[0, 0], [1, 7], [2, 2], [2, 4], [2, 6], [3, 3], [3, 6], [3, 6], [5, 5]]
  574,  [[0, 0], [1, 7], [2, 2], [2, 2], [2, 4], [3, 3], [3, 6], [3, 6], [5, 6]]
  575,  [[0, 0], [1, 7], [2, 2], [2, 2], [2, 6], [3, 3], [3, 4], [3, 6], [5, 6]]
  576,  [[0, 6], [1, 2], [2, 2], [2, 4], [3, 3], [3, 3], [3, 6], [5, 7], [6, 6]]
  577,  [[0, 6], [1, 2], [2, 2], [2, 4], [3, 3], [3, 3], [3, 6], [5, 6], [7, 7]]
  578,  [[0, 6], [1, 2], [2, 4], [2, 5], [3, 3], [3, 6], [3, 6], [5, 7], [6, 6]]
  579,  [[0, 6], [1, 2], [2, 2], [2, 4], [3, 5], [3, 6], [3, 6], [5, 7], [6, 6]]
  580,  [[0, 6], [1, 2], [2, 2], [2, 4], [3, 3], [3, 6], [3, 6], [5, 5], [6, 6]]
  581,  [[0, 6], [1, 2], [2, 4], [2, 5], [3, 3], [3, 6], [3, 6], [5, 6], [7, 7]]
  582,  [[0, 6], [1, 2], [2, 2], [2, 4], [3, 5], [3, 6], [3, 6], [5, 6], [7, 7]]
  583,  [[0, 6], [1, 2], [2, 2], [2, 4], [3, 3], [3, 6], [3, 6], [5, 5], [7, 7]]
  584,  [[0, 5], [1, 2], [2, 2], [2, 4], [3, 6], [3, 6], [3, 6], [5, 7], [6, 6]]
  585,  [[0, 0], [1, 2], [2, 4], [2, 5], [3, 6], [3, 6], [3, 6], [5, 7], [6, 6]]
  586,  [[0, 0], [1, 2], [2, 2], [2, 4], [3, 6], [3, 6], [3, 6], [5, 5], [6, 6]]
  587,  [[0, 5], [1, 2], [2, 2], [2, 4], [3, 6], [3, 6], [3, 6], [5, 6], [7, 7]]
  588,  [[0, 0], [1, 2], [2, 4], [2, 5], [3, 6], [3, 6], [3, 6], [5, 6], [7, 7]]
  589,  [[0, 0], [1, 2], [2, 2], [2, 4], [3, 6], [3, 6], [3, 6], [5, 5], [7, 7]]
  590,  [[0, 5], [1, 2], [2, 2], [2, 4], [3, 3], [3, 6], [3, 6], [6, 6], [7, 7]]
  591,  [[0, 0], [1, 2], [2, 4], [2, 5], [3, 3], [3, 6], [3, 6], [6, 6], [7, 7]]
  592,  [[0, 0], [1, 2], [2, 2], [2, 4], [3, 5], [3, 6], [3, 6], [6, 6], [7, 7]]
  593,  [[0, 7], [1, 2], [2, 2], [2, 4], [3, 3], [3, 6], [3, 6], [5, 5], [6, 6]]
  594,  [[0, 0], [1, 2], [2, 4], [2, 7], [3, 3], [3, 6], [3, 6], [5, 5], [6, 6]]
  595,  [[0, 0], [1, 2], [2, 2], [2, 4], [3, 6], [3, 6], [3, 7], [5, 5], [6, 6]]
  596,  [[0, 0], [1, 2], [2, 2], [2, 4], [3, 3], [3, 6], [3, 6], [5, 6], [6, 6]]
  597,  [[0, 0], [1, 2], [2, 2], [2, 4], [3, 3], [3, 6], [3, 6], [5, 5], [6, 7]]
  598,  [[0, 5], [1, 2], [2, 2], [2, 4], [3, 3], [3, 6], [3, 6], [5, 6], [6, 7]]
  599,  [[0, 0], [1, 2], [2, 4], [2, 5], [3, 3], [3, 6], [3, 6], [5, 6], [6, 7]]
  600,  [[0, 0], [1, 2], [2, 2], [2, 4], [3, 5], [3, 6], [3, 6], [5, 6], [6, 7]]
  601,  [[0, 0], [2, 2], [2, 2], [2, 4], [3, 3], [3, 6], [3, 6], [5, 6], [6, 7]]
  602,  [[0, 0], [1, 2], [2, 2], [2, 4], [3, 3], [3, 3], [3, 6], [5, 6], [6, 7]]
  603,  [[0, 6], [1, 2], [2, 4], [2, 6], [3, 3], [3, 5], [3, 6], [5, 7], [6, 6]]
  604,  [[0, 6], [1, 2], [2, 4], [2, 6], [3, 3], [3, 3], [3, 6], [5, 5], [6, 6]]
  605,  [[0, 6], [1, 2], [2, 4], [2, 6], [3, 3], [3, 5], [3, 6], [5, 6], [7, 7]]
  606,  [[0, 6], [1, 2], [2, 4], [2, 6], [3, 3], [3, 3], [3, 6], [5, 5], [7, 7]]
  607,  [[0, 5], [1, 2], [2, 4], [2, 6], [3, 3], [3, 3], [3, 6], [6, 6], [7, 7]]
  608,  [[0, 0], [1, 2], [2, 4], [2, 6], [3, 3], [3, 5], [3, 6], [6, 6], [7, 7]]
  609,  [[0, 7], [1, 2], [2, 4], [2, 6], [3, 3], [3, 3], [3, 6], [5, 5], [6, 6]]
  610,  [[0, 0], [1, 2], [2, 4], [2, 6], [3, 3], [3, 6], [3, 7], [5, 5], [6, 6]]
  611,  [[0, 0], [1, 2], [2, 4], [2, 6], [3, 3], [3, 3], [3, 6], [5, 5], [6, 7]]
  612,  [[0, 5], [1, 2], [2, 4], [2, 6], [3, 5], [3, 6], [3, 6], [6, 6], [7, 7]]
  613,  [[0, 5], [1, 2], [2, 4], [2, 6], [3, 3], [3, 3], [3, 6], [5, 6], [6, 7]]
  614,  [[0, 0], [1, 2], [2, 4], [2, 6], [3, 3], [3, 5], [3, 6], [5, 6], [6, 7]]
  615,  [[0, 6], [1, 2], [2, 2], [2, 2], [3, 3], [3, 4], [3, 6], [5, 7], [6, 6]]
  616,  [[0, 6], [1, 2], [2, 2], [2, 2], [3, 3], [3, 4], [3, 6], [5, 6], [7, 7]]
  617,  [[0, 6], [1, 2], [2, 2], [2, 5], [3, 4], [3, 6], [3, 6], [5, 7], [6, 6]]
  618,  [[0, 6], [1, 2], [2, 2], [2, 2], [3, 4], [3, 6], [3, 6], [5, 5], [6, 6]]
  619,  [[0, 6], [1, 2], [2, 2], [2, 5], [3, 4], [3, 6], [3, 6], [5, 6], [7, 7]]
  620,  [[0, 6], [1, 2], [2, 2], [2, 2], [3, 4], [3, 6], [3, 6], [5, 5], [7, 7]]
  621,  [[0, 6], [1, 2], [2, 2], [2, 5], [3, 3], [3, 3], [3, 6], [5, 7], [6, 6]]
  622,  [[0, 6], [1, 2], [2, 2], [2, 2], [3, 3], [3, 5], [3, 6], [5, 7], [6, 6]]
  623,  [[0, 6], [1, 2], [2, 2], [2, 2], [3, 3], [3, 3], [3, 6], [5, 5], [6, 6]]
  624,  [[0, 6], [1, 2], [2, 2], [2, 2], [3, 3], [3, 3], [3, 6], [4, 6], [5, 7]]
  625,  [[0, 6], [2, 2], [2, 2], [2, 5], [3, 3], [3, 6], [3, 6], [5, 7], [6, 6]]
  626,  [[0, 6], [1, 2], [2, 2], [2, 5], [3, 3], [3, 6], [3, 6], [6, 6], [7, 7]]
  627,  [[0, 6], [1, 2], [2, 2], [2, 5], [3, 3], [3, 6], [3, 6], [4, 6], [5, 7]]
  628,  [[0, 6], [1, 2], [2, 2], [2, 2], [3, 5], [3, 6], [3, 6], [4, 6], [5, 7]]
  629,  [[0, 6], [1, 2], [2, 2], [2, 7], [3, 3], [3, 6], [3, 6], [5, 5], [6, 6]]
  630,  [[0, 6], [1, 2], [2, 2], [2, 2], [3, 6], [3, 6], [3, 7], [5, 5], [6, 6]]
  631,  [[0, 6], [1, 2], [2, 2], [2, 2], [3, 3], [3, 6], [3, 6], [4, 5], [6, 6]]
  632,  [[0, 6], [1, 2], [2, 2], [2, 2], [3, 3], [3, 6], [3, 6], [4, 6], [5, 5]]
  633,  [[0, 6], [1, 2], [2, 2], [2, 2], [3, 3], [3, 6], [3, 6], [5, 5], [6, 7]]
  634,  [[0, 6], [2, 2], [2, 2], [2, 5], [3, 3], [3, 6], [3, 6], [5, 6], [7, 7]]
  635,  [[0, 6], [1, 2], [2, 2], [2, 5], [3, 3], [3, 3], [3, 6], [5, 6], [7, 7]]
  636,  [[0, 6], [1, 2], [2, 2], [2, 5], [3, 3], [3, 6], [3, 6], [4, 7], [5, 6]]
  637,  [[0, 6], [1, 2], [2, 2], [2, 2], [3, 3], [3, 5], [3, 6], [5, 6], [7, 7]]
  638,  [[0, 6], [1, 2], [2, 2], [2, 2], [3, 5], [3, 6], [3, 6], [4, 7], [5, 6]]
  639,  [[0, 6], [1, 2], [2, 2], [2, 2], [3, 6], [3, 6], [3, 6], [5, 5], [7, 7]]
  640,  [[0, 6], [1, 2], [2, 2], [2, 2], [3, 3], [3, 6], [3, 6], [4, 5], [7, 7]]
  641,  [[0, 6], [1, 2], [2, 2], [2, 2], [3, 3], [3, 6], [3, 6], [4, 7], [5, 5]]
  642,  [[0, 6], [1, 2], [2, 2], [2, 2], [3, 3], [3, 3], [3, 6], [4, 7], [5, 6]]
  643,  [[0, 5], [1, 2], [2, 2], [2, 2], [3, 4], [3, 6], [3, 6], [6, 6], [7, 7]]
  644,  [[0, 0], [2, 2], [2, 2], [2, 5], [3, 4], [3, 6], [3, 6], [5, 7], [6, 6]]
  645,  [[0, 0], [1, 2], [2, 2], [2, 5], [3, 4], [3, 6], [3, 6], [6, 6], [7, 7]]
  646,  [[0, 7], [1, 2], [2, 2], [2, 2], [3, 4], [3, 6], [3, 6], [5, 5], [6, 6]]
  647,  [[0, 0], [1, 2], [2, 2], [2, 7], [3, 4], [3, 6], [3, 6], [5, 5], [6, 6]]
  648,  [[0, 0], [1, 2], [2, 2], [2, 2], [3, 4], [3, 6], [3, 6], [5, 5], [6, 7]]
  649,  [[0, 5], [1, 2], [2, 2], [2, 2], [3, 6], [3, 6], [3, 6], [4, 6], [5, 7]]
  650,  [[0, 5], [1, 2], [2, 2], [2, 5], [3, 3], [3, 6], [3, 6], [6, 6], [7, 7]]
  651,  [[0, 5], [1, 2], [2, 2], [2, 2], [3, 5], [3, 6], [3, 6], [6, 6], [7, 7]]
  652,  [[0, 5], [1, 2], [2, 2], [2, 2], [3, 3], [3, 6], [3, 6], [4, 6], [7, 7]]
  653,  [[0, 5], [1, 2], [2, 2], [2, 2], [3, 3], [3, 6], [3, 6], [4, 7], [6, 6]]
  654,  [[0, 5], [1, 2], [2, 2], [2, 2], [3, 3], [3, 6], [3, 6], [6, 6], [6, 7]]
  655,  [[0, 0], [1, 2], [2, 6], [2, 6], [3, 3], [3, 3], [3, 5], [5, 7], [6, 6]]
  656,  [[0, 0], [1, 6], [2, 2], [2, 2], [2, 5], [3, 3], [3, 6], [3, 6], [5, 7]]
  657,  [[0, 0], [2, 2], [2, 2], [2, 5], [3, 3], [3, 6], [3, 6], [4, 6], [5, 7]]
  658,  [[0, 0], [1, 2], [2, 2], [2, 5], [3, 6], [3, 6], [3, 6], [4, 6], [5, 7]]
  659,  [[0, 0], [1, 2], [2, 5], [2, 5], [3, 3], [3, 6], [3, 6], [6, 6], [7, 7]]
  660,  [[0, 0], [1, 2], [2, 2], [2, 5], [3, 5], [3, 6], [3, 6], [6, 6], [7, 7]]
  661,  [[0, 0], [1, 2], [2, 2], [2, 5], [3, 3], [3, 6], [3, 6], [4, 6], [7, 7]]
  662,  [[0, 0], [1, 2], [2, 2], [2, 5], [3, 3], [3, 6], [3, 6], [4, 7], [6, 6]]
  663,  [[0, 0], [1, 2], [2, 2], [2, 5], [3, 3], [3, 6], [3, 6], [6, 6], [6, 7]]
  664,  [[0, 7], [1, 2], [2, 2], [2, 2], [3, 6], [3, 6], [3, 6], [5, 5], [6, 6]]
  665,  [[0, 7], [1, 2], [2, 2], [2, 2], [3, 3], [3, 6], [3, 6], [4, 5], [6, 6]]
  666,  [[0, 7], [1, 2], [2, 2], [2, 2], [3, 3], [3, 6], [3, 6], [5, 6], [6, 6]]
  667,  [[0, 7], [1, 2], [2, 2], [2, 2], [3, 3], [3, 6], [3, 6], [4, 6], [5, 5]]
  668,  [[0, 0], [2, 2], [2, 2], [2, 7], [3, 3], [3, 6], [3, 6], [5, 5], [6, 6]]
  669,  [[0, 0], [1, 2], [2, 2], [2, 7], [3, 6], [3, 6], [3, 6], [5, 5], [6, 6]]
  670,  [[0, 0], [1, 2], [2, 2], [2, 7], [3, 3], [3, 6], [3, 6], [4, 5], [6, 6]]
  671,  [[0, 0], [1, 2], [2, 2], [2, 7], [3, 3], [3, 6], [3, 6], [5, 6], [6, 6]]
  672,  [[0, 0], [1, 2], [2, 2], [2, 7], [3, 3], [3, 6], [3, 6], [4, 6], [5, 5]]
  673,  [[0, 0], [1, 2], [2, 2], [2, 2], [3, 6], [3, 6], [3, 7], [4, 5], [6, 6]]
  674,  [[0, 0], [1, 2], [2, 2], [2, 2], [3, 6], [3, 6], [3, 7], [4, 6], [5, 5]]
  675,  [[0, 5], [1, 2], [2, 2], [2, 2], [3, 3], [3, 6], [3, 6], [4, 5], [6, 6]]
  676,  [[0, 0], [1, 2], [2, 2], [2, 5], [3, 3], [3, 6], [3, 6], [4, 5], [6, 6]]
  677,  [[0, 0], [1, 2], [2, 2], [2, 2], [3, 5], [3, 6], [3, 6], [4, 5], [6, 6]]
  678,  [[0, 0], [1, 2], [2, 2], [2, 2], [3, 3], [3, 6], [3, 6], [4, 5], [5, 6]]
  679,  [[0, 0], [1, 2], [2, 2], [2, 2], [3, 3], [3, 6], [3, 6], [4, 5], [6, 7]]
  680,  [[0, 0], [1, 2], [2, 2], [2, 2], [3, 6], [3, 6], [3, 6], [4, 6], [5, 5]]
  681,  [[0, 0], [1, 2], [2, 2], [2, 2], [3, 3], [3, 6], [3, 6], [4, 6], [5, 6]]
  682,  [[0, 0], [1, 2], [2, 2], [2, 2], [3, 6], [3, 6], [3, 6], [5, 5], [6, 7]]
  683,  [[0, 6], [1, 2], [2, 2], [2, 6], [3, 3], [3, 3], [3, 4], [5, 7], [6, 6]]
  684,  [[0, 6], [1, 2], [2, 2], [2, 6], [3, 3], [3, 3], [3, 4], [5, 6], [7, 7]]
  685,  [[0, 6], [1, 2], [2, 5], [2, 6], [3, 3], [3, 4], [3, 6], [5, 7], [6, 6]]
  686,  [[0, 6], [1, 2], [2, 2], [2, 6], [3, 4], [3, 5], [3, 6], [5, 7], [6, 6]]
  687,  [[0, 6], [1, 2], [2, 2], [2, 6], [3, 3], [3, 4], [3, 6], [5, 5], [6, 6]]
  688,  [[0, 6], [1, 2], [2, 5], [2, 6], [3, 3], [3, 4], [3, 6], [5, 6], [7, 7]]
  689,  [[0, 6], [1, 2], [2, 2], [2, 6], [3, 4], [3, 5], [3, 6], [5, 6], [7, 7]]
  690,  [[0, 6], [1, 2], [2, 2], [2, 6], [3, 3], [3, 4], [3, 6], [5, 5], [7, 7]]
  691,  [[0, 5], [1, 2], [2, 2], [2, 6], [3, 3], [3, 4], [3, 6], [6, 6], [7, 7]]
  692,  [[0, 0], [1, 2], [2, 5], [2, 6], [3, 3], [3, 4], [3, 6], [6, 6], [7, 7]]
  693,  [[0, 0], [1, 2], [2, 2], [2, 6], [3, 4], [3, 5], [3, 6], [6, 6], [7, 7]]
  694,  [[0, 7], [1, 2], [2, 2], [2, 6], [3, 3], [3, 4], [3, 6], [5, 5], [6, 6]]
  695,  [[0, 0], [1, 2], [2, 6], [2, 7], [3, 3], [3, 4], [3, 6], [5, 5], [6, 6]]
  696,  [[0, 0], [1, 2], [2, 2], [2, 6], [3, 4], [3, 6], [3, 7], [5, 5], [6, 6]]
  697,  [[0, 0], [1, 2], [2, 2], [2, 6], [3, 3], [3, 4], [3, 6], [5, 6], [6, 6]]
  698,  [[0, 0], [1, 2], [2, 2], [2, 6], [3, 3], [3, 4], [3, 6], [5, 5], [6, 7]]
  699,  [[0, 5], [1, 2], [2, 2], [2, 6], [3, 3], [3, 4], [3, 6], [5, 6], [6, 7]]
  700,  [[0, 0], [1, 2], [2, 5], [2, 6], [3, 3], [3, 4], [3, 6], [5, 6], [6, 7]]
  701,  [[0, 0], [1, 2], [2, 2], [2, 6], [3, 4], [3, 5], [3, 6], [5, 6], [6, 7]]
  702,  [[0, 0], [2, 2], [2, 2], [2, 6], [3, 3], [3, 4], [3, 6], [5, 6], [6, 7]]
  703,  [[0, 0], [1, 2], [2, 2], [2, 2], [3, 3], [3, 4], [3, 6], [5, 6], [6, 7]]
  704,  [[0, 0], [1, 2], [2, 2], [2, 6], [3, 3], [3, 3], [3, 4], [5, 6], [6, 7]]
  705,  [[0, 5], [1, 6], [2, 2], [2, 2], [2, 6], [3, 4], [3, 6], [3, 6], [5, 7]]
  706,  [[0, 5], [1, 2], [2, 5], [2, 6], [3, 4], [3, 6], [3, 6], [6, 6], [7, 7]]
  707,  [[0, 0], [1, 6], [2, 2], [2, 5], [2, 6], [3, 4], [3, 6], [3, 6], [5, 7]]
  708,  [[0, 7], [2, 2], [2, 2], [2, 6], [3, 4], [3, 6], [3, 6], [5, 5], [6, 6]]
  709,  [[0, 0], [2, 2], [2, 6], [2, 7], [3, 4], [3, 6], [3, 6], [5, 5], [6, 6]]
  710,  [[0, 0], [2, 2], [2, 2], [2, 6], [3, 4], [3, 6], [3, 6], [5, 5], [6, 7]]
  711,  [[0, 5], [1, 7], [2, 2], [2, 2], [2, 6], [3, 4], [3, 6], [3, 6], [5, 6]]
  712,  [[0, 5], [1, 2], [2, 2], [2, 2], [3, 4], [3, 6], [3, 6], [5, 6], [6, 7]]
  713,  [[0, 0], [1, 7], [2, 2], [2, 5], [2, 6], [3, 4], [3, 6], [3, 6], [5, 6]]
  714,  [[0, 0], [1, 2], [2, 2], [2, 5], [3, 4], [3, 6], [3, 6], [5, 6], [6, 7]]
  715,  [[0, 6], [2, 2], [2, 2], [2, 6], [3, 4], [3, 6], [3, 6], [5, 5], [7, 7]]
  716,  [[0, 6], [2, 2], [2, 2], [2, 6], [3, 3], [3, 5], [3, 6], [5, 7], [6, 6]]
  717,  [[0, 6], [1, 2], [2, 5], [2, 6], [3, 3], [3, 3], [3, 6], [4, 6], [5, 7]]
  718,  [[0, 6], [1, 2], [2, 2], [2, 6], [3, 3], [3, 3], [3, 5], [5, 7], [6, 6]]
  719,  [[0, 6], [1, 2], [2, 2], [2, 6], [3, 3], [3, 5], [3, 6], [6, 6], [7, 7]]
  720,  [[0, 6], [1, 2], [2, 2], [2, 6], [3, 3], [3, 5], [3, 6], [4, 6], [5, 7]]
  721,  [[0, 6], [1, 2], [2, 6], [2, 7], [3, 3], [3, 3], [3, 6], [5, 5], [6, 6]]
  722,  [[0, 6], [1, 2], [2, 2], [2, 6], [3, 3], [3, 6], [3, 7], [5, 5], [6, 6]]
  723,  [[0, 6], [1, 2], [2, 2], [2, 6], [3, 3], [3, 3], [3, 6], [4, 5], [6, 6]]
  724,  [[0, 6], [1, 2], [2, 2], [2, 6], [3, 3], [3, 3], [3, 6], [4, 6], [5, 5]]
  725,  [[0, 6], [1, 2], [2, 2], [2, 6], [3, 3], [3, 3], [3, 6], [5, 5], [6, 7]]
  726,  [[0, 6], [2, 2], [2, 2], [2, 6], [3, 3], [3, 3], [3, 6], [4, 6], [5, 7]]
  727,  [[0, 6], [2, 2], [2, 2], [2, 6], [3, 3], [3, 5], [3, 6], [5, 6], [7, 7]]
  728,  [[0, 6], [1, 2], [2, 5], [2, 6], [3, 3], [3, 3], [3, 6], [4, 7], [5, 6]]
  729,  [[0, 6], [1, 2], [2, 2], [2, 6], [3, 3], [3, 3], [3, 5], [5, 6], [7, 7]]
  730,  [[0, 6], [1, 2], [2, 2], [2, 6], [3, 3], [3, 5], [3, 6], [4, 7], [5, 6]]
  731,  [[0, 6], [1, 2], [2, 6], [2, 6], [3, 3], [3, 3], [3, 6], [5, 5], [7, 7]]
  732,  [[0, 6], [1, 2], [2, 2], [2, 6], [3, 3], [3, 3], [3, 6], [4, 5], [7, 7]]
  733,  [[0, 6], [1, 2], [2, 2], [2, 6], [3, 3], [3, 3], [3, 6], [4, 7], [5, 5]]
  734,  [[0, 6], [2, 2], [2, 2], [2, 6], [3, 3], [3, 3], [3, 6], [4, 7], [5, 6]]
  735,  [[0, 5], [1, 6], [2, 2], [2, 2], [2, 6], [3, 3], [3, 3], [3, 6], [5, 7]]
  736,  [[0, 5], [2, 2], [2, 2], [2, 6], [3, 3], [3, 3], [3, 6], [4, 6], [5, 7]]
  737,  [[0, 5], [1, 2], [2, 6], [2, 6], [3, 3], [3, 3], [3, 6], [4, 6], [5, 7]]
  738,  [[0, 5], [1, 2], [2, 5], [2, 6], [3, 3], [3, 3], [3, 6], [6, 6], [7, 7]]
  739,  [[0, 5], [1, 2], [2, 2], [2, 6], [3, 3], [3, 5], [3, 6], [6, 6], [7, 7]]
  740,  [[0, 5], [1, 2], [2, 2], [2, 6], [3, 3], [3, 3], [3, 6], [4, 6], [7, 7]]
  741,  [[0, 5], [1, 2], [2, 2], [2, 6], [3, 3], [3, 3], [3, 6], [4, 7], [6, 6]]
  742,  [[0, 5], [1, 2], [2, 2], [2, 6], [3, 3], [3, 3], [3, 6], [6, 6], [6, 7]]
  743,  [[0, 0], [1, 6], [2, 2], [2, 2], [2, 6], [3, 3], [3, 5], [3, 6], [5, 7]]
  744,  [[0, 0], [2, 2], [2, 2], [2, 6], [3, 3], [3, 5], [3, 6], [4, 6], [5, 7]]
  745,  [[0, 0], [1, 2], [2, 6], [2, 6], [3, 3], [3, 5], [3, 6], [4, 6], [5, 7]]
  746,  [[0, 0], [1, 2], [2, 5], [2, 6], [3, 3], [3, 5], [3, 6], [6, 6], [7, 7]]
  747,  [[0, 0], [1, 2], [2, 2], [2, 6], [3, 5], [3, 5], [3, 6], [6, 6], [7, 7]]
  748,  [[0, 0], [1, 2], [2, 2], [2, 6], [3, 3], [3, 5], [3, 6], [4, 6], [7, 7]]
  749,  [[0, 0], [1, 2], [2, 2], [2, 6], [3, 3], [3, 5], [3, 6], [4, 7], [6, 6]]
  750,  [[0, 0], [1, 2], [2, 2], [2, 6], [3, 3], [3, 5], [3, 6], [6, 6], [6, 7]]
  751,  [[0, 7], [2, 2], [2, 2], [2, 6], [3, 3], [3, 3], [3, 6], [5, 5], [6, 6]]
  752,  [[0, 7], [1, 2], [2, 6], [2, 6], [3, 3], [3, 3], [3, 6], [5, 5], [6, 6]]
  753,  [[0, 7], [1, 2], [2, 2], [2, 6], [3, 3], [3, 3], [3, 6], [4, 5], [6, 6]]
  754,  [[0, 7], [1, 2], [2, 2], [2, 6], [3, 3], [3, 3], [3, 6], [5, 6], [6, 6]]
  755,  [[0, 7], [1, 2], [2, 2], [2, 6], [3, 3], [3, 3], [3, 6], [4, 6], [5, 5]]
  756,  [[0, 0], [2, 2], [2, 2], [2, 6], [3, 3], [3, 6], [3, 7], [5, 5], [6, 6]]
  757,  [[0, 0], [1, 2], [2, 6], [2, 7], [3, 3], [3, 3], [3, 6], [4, 5], [6, 6]]
  758,  [[0, 0], [1, 2], [2, 6], [2, 7], [3, 3], [3, 3], [3, 6], [4, 6], [5, 5]]
  759,  [[0, 0], [1, 2], [2, 6], [2, 6], [3, 3], [3, 6], [3, 7], [5, 5], [6, 6]]
  760,  [[0, 0], [1, 2], [2, 2], [2, 6], [3, 3], [3, 6], [3, 7], [4, 5], [6, 6]]
  761,  [[0, 0], [1, 2], [2, 2], [2, 6], [3, 3], [3, 6], [3, 7], [5, 6], [6, 6]]
  762,  [[0, 0], [1, 2], [2, 2], [2, 6], [3, 3], [3, 6], [3, 7], [4, 6], [5, 5]]
  763,  [[0, 5], [1, 2], [2, 2], [2, 6], [3, 3], [3, 3], [3, 6], [4, 5], [6, 6]]
  764,  [[0, 0], [1, 2], [2, 5], [2, 6], [3, 3], [3, 3], [3, 6], [4, 5], [6, 6]]
  765,  [[0, 0], [1, 2], [2, 2], [2, 6], [3, 3], [3, 5], [3, 6], [4, 5], [6, 6]]
  766,  [[0, 0], [1, 2], [2, 2], [2, 6], [3, 3], [3, 3], [3, 6], [4, 5], [5, 6]]
  767,  [[0, 0], [1, 2], [2, 2], [2, 6], [3, 3], [3, 3], [3, 6], [4, 5], [6, 7]]
  768,  [[0, 0], [1, 2], [2, 6], [2, 6], [3, 3], [3, 3], [3, 6], [4, 6], [5, 5]]
  769,  [[0, 0], [1, 2], [2, 2], [2, 6], [3, 3], [3, 3], [3, 6], [4, 6], [5, 6]]
  770,  [[0, 0], [1, 2], [2, 6], [2, 6], [3, 3], [3, 3], [3, 6], [5, 5], [6, 7]]
  771,  [[0, 5], [1, 6], [2, 2], [2, 2], [2, 6], [3, 3], [3, 6], [3, 6], [7, 7]]
  772,  [[0, 5], [2, 2], [2, 2], [2, 6], [3, 3], [3, 6], [3, 6], [4, 6], [7, 7]]
  773,  [[0, 5], [2, 2], [2, 5], [2, 6], [3, 3], [3, 6], [3, 6], [6, 6], [7, 7]]
  774,  [[0, 5], [1, 2], [2, 5], [2, 6], [3, 3], [3, 6], [3, 6], [4, 6], [7, 7]]
  775,  [[0, 5], [1, 2], [2, 5], [2, 6], [3, 3], [3, 6], [3, 6], [4, 7], [6, 6]]
  776,  [[0, 5], [1, 2], [2, 2], [2, 6], [3, 5], [3, 6], [3, 6], [4, 6], [7, 7]]
  777,  [[0, 5], [1, 2], [2, 2], [2, 6], [3, 5], [3, 6], [3, 6], [4, 7], [6, 6]]
  778,  [[0, 5], [2, 2], [2, 2], [2, 6], [3, 3], [3, 6], [3, 6], [4, 7], [6, 6]]
  779,  [[0, 0], [1, 6], [2, 2], [2, 5], [2, 6], [3, 3], [3, 6], [3, 6], [7, 7]]
  780,  [[0, 0], [2, 2], [2, 5], [2, 6], [3, 3], [3, 6], [3, 6], [4, 6], [7, 7]]
  781,  [[0, 0], [1, 2], [2, 5], [2, 6], [3, 5], [3, 6], [3, 6], [4, 6], [7, 7]]
  782,  [[0, 7], [1, 5], [2, 2], [2, 2], [2, 6], [3, 3], [3, 6], [3, 6], [6, 6]]
  783,  [[0, 7], [2, 2], [2, 2], [2, 6], [3, 3], [3, 6], [3, 6], [4, 5], [6, 6]]
  784,  [[0, 7], [1, 6], [2, 2], [2, 2], [2, 6], [3, 3], [3, 6], [3, 6], [5, 5]]
  785,  [[0, 7], [2, 2], [2, 2], [2, 6], [3, 3], [3, 6], [3, 6], [4, 6], [5, 5]]
  786,  [[0, 7], [1, 2], [2, 5], [2, 6], [3, 3], [3, 6], [3, 6], [4, 5], [6, 6]]
  787,  [[0, 7], [1, 2], [2, 2], [2, 6], [3, 5], [3, 6], [3, 6], [4, 5], [6, 6]]
  788,  [[0, 7], [1, 2], [2, 2], [2, 6], [3, 3], [3, 6], [3, 6], [4, 5], [5, 6]]
  789,  [[0, 0], [1, 5], [2, 2], [2, 6], [2, 6], [3, 3], [3, 6], [3, 7], [6, 6]]
  790,  [[0, 0], [2, 2], [2, 6], [2, 6], [3, 3], [3, 6], [3, 7], [4, 5], [6, 6]]
  791,  [[0, 0], [1, 6], [2, 2], [2, 6], [2, 6], [3, 3], [3, 6], [3, 7], [5, 5]]
  792,  [[0, 0], [2, 2], [2, 6], [2, 6], [3, 3], [3, 6], [3, 7], [4, 6], [5, 5]]
  793,  [[0, 5], [1, 2], [2, 6], [2, 7], [3, 3], [3, 6], [3, 6], [4, 5], [6, 6]]
  794,  [[0, 0], [1, 2], [2, 6], [2, 7], [3, 5], [3, 6], [3, 6], [4, 5], [6, 6]]
  795,  [[0, 0], [1, 2], [2, 6], [2, 7], [3, 3], [3, 6], [3, 6], [4, 5], [5, 6]]
  796,  [[0, 5], [1, 2], [2, 2], [2, 6], [3, 6], [3, 6], [3, 7], [4, 5], [6, 6]]
  797,  [[0, 0], [1, 2], [2, 5], [2, 6], [3, 6], [3, 6], [3, 7], [4, 5], [6, 6]]
  798,  [[0, 0], [1, 2], [2, 2], [2, 6], [3, 6], [3, 6], [3, 7], [4, 5], [5, 6]]
  799,  [[0, 0], [2, 2], [2, 2], [2, 6], [3, 6], [3, 6], [3, 7], [4, 6], [5, 5]]
  800,  [[0, 5], [2, 2], [2, 2], [2, 6], [3, 3], [3, 6], [3, 6], [4, 5], [6, 6]]
  801,  [[0, 5], [1, 2], [2, 2], [2, 6], [3, 3], [3, 6], [3, 6], [4, 5], [6, 7]]
  802,  [[0, 0], [2, 2], [2, 5], [2, 6], [3, 3], [3, 6], [3, 6], [4, 5], [6, 6]]
  803,  [[0, 0], [1, 2], [2, 5], [2, 6], [3, 3], [3, 6], [3, 6], [4, 5], [6, 7]]
  804,  [[0, 0], [1, 2], [2, 2], [2, 6], [3, 5], [3, 6], [3, 6], [4, 5], [6, 7]]
  805,  [[0, 0], [2, 2], [2, 2], [2, 6], [3, 3], [3, 6], [3, 6], [4, 5], [5, 6]]
  806,  [[0, 0], [2, 2], [2, 2], [2, 6], [3, 3], [3, 6], [3, 6], [4, 5], [6, 7]]
  807,  [[0, 0], [1, 5], [2, 2], [2, 2], [2, 6], [3, 3], [3, 6], [3, 6], [4, 6]]
  808,  [[0, 0], [1, 5], [2, 2], [2, 2], [2, 6], [3, 3], [3, 6], [3, 6], [6, 7]]
  809,  [[0, 5], [1, 2], [2, 6], [2, 6], [3, 3], [3, 3], [3, 6], [4, 7], [5, 6]]
  810,  [[0, 5], [1, 7], [2, 2], [2, 2], [2, 6], [3, 3], [3, 3], [3, 6], [5, 6]]
  811,  [[0, 5], [1, 7], [2, 2], [2, 2], [2, 6], [3, 3], [3, 6], [3, 6], [6, 6]]
  812,  [[0, 5], [2, 2], [2, 2], [2, 6], [3, 3], [3, 3], [3, 6], [4, 7], [5, 6]]
  813,  [[0, 5], [1, 2], [2, 2], [2, 2], [3, 6], [3, 6], [3, 6], [4, 7], [5, 6]]
  814,  [[0, 5], [1, 2], [2, 2], [2, 2], [3, 3], [3, 3], [3, 6], [5, 6], [6, 7]]
  815,  [[0, 5], [1, 2], [2, 2], [2, 2], [3, 3], [3, 6], [3, 6], [5, 6], [6, 6]]
  816,  [[0, 5], [2, 2], [2, 2], [2, 6], [3, 3], [3, 3], [3, 6], [5, 6], [6, 7]]
  817,  [[0, 5], [1, 2], [2, 2], [2, 6], [3, 3], [3, 3], [3, 6], [5, 6], [6, 6]]
  818,  [[0, 0], [1, 2], [2, 6], [2, 6], [3, 3], [3, 5], [3, 6], [4, 7], [5, 6]]
  819,  [[0, 0], [1, 7], [2, 2], [2, 2], [2, 5], [3, 3], [3, 6], [3, 6], [5, 6]]
  820,  [[0, 0], [1, 7], [2, 2], [2, 2], [2, 6], [3, 3], [3, 5], [3, 6], [5, 6]]
  821,  [[0, 0], [1, 7], [2, 2], [2, 5], [2, 6], [3, 3], [3, 6], [3, 6], [6, 6]]
  822,  [[0, 0], [2, 2], [2, 2], [2, 5], [3, 3], [3, 6], [3, 6], [4, 7], [5, 6]]
  823,  [[0, 0], [2, 2], [2, 2], [2, 6], [3, 3], [3, 5], [3, 6], [4, 7], [5, 6]]
  824,  [[0, 0], [2, 2], [2, 5], [2, 6], [3, 3], [3, 6], [3, 6], [4, 7], [6, 6]]
  825,  [[0, 0], [1, 2], [2, 2], [2, 5], [3, 6], [3, 6], [3, 6], [4, 7], [5, 6]]
  826,  [[0, 0], [2, 2], [2, 2], [2, 5], [3, 3], [3, 6], [3, 6], [5, 6], [6, 7]]
  827,  [[0, 0], [1, 2], [2, 2], [2, 5], [3, 3], [3, 3], [3, 6], [5, 6], [6, 7]]
  828,  [[0, 0], [1, 2], [2, 2], [2, 5], [3, 3], [3, 6], [3, 6], [5, 6], [6, 6]]
  829,  [[0, 0], [1, 2], [2, 5], [2, 6], [3, 3], [3, 3], [3, 6], [4, 7], [6, 6]]
  830,  [[0, 0], [1, 2], [2, 5], [2, 6], [3, 5], [3, 6], [3, 6], [4, 7], [6, 6]]
  831,  [[0, 0], [2, 2], [2, 2], [2, 6], [3, 3], [3, 5], [3, 6], [5, 6], [6, 7]]
  832,  [[0, 0], [1, 2], [2, 2], [2, 2], [3, 3], [3, 5], [3, 6], [5, 6], [6, 7]]
  833,  [[0, 0], [1, 2], [2, 2], [2, 6], [3, 3], [3, 3], [3, 5], [5, 6], [6, 7]]
  834,  [[0, 0], [1, 2], [2, 2], [2, 6], [3, 3], [3, 5], [3, 6], [5, 6], [6, 6]]
  835,  [[0, 0], [1, 2], [2, 2], [2, 2], [3, 5], [3, 6], [3, 6], [4, 7], [6, 6]]
  836,  [[0, 6], [1, 5], [2, 2], [2, 2], [2, 6], [3, 3], [3, 6], [3, 6], [7, 7]]
  837,  [[0, 6], [2, 2], [2, 2], [2, 6], [3, 3], [3, 6], [3, 6], [4, 5], [7, 7]]
  838,  [[0, 6], [1, 7], [2, 2], [2, 2], [2, 6], [3, 3], [3, 6], [3, 6], [5, 5]]
  839,  [[0, 6], [2, 2], [2, 2], [2, 6], [3, 3], [3, 6], [3, 6], [4, 7], [5, 5]]
  840,  [[0, 6], [1, 2], [2, 5], [2, 6], [3, 3], [3, 6], [3, 6], [4, 5], [7, 7]]
  841,  [[0, 6], [1, 2], [2, 2], [2, 6], [3, 5], [3, 6], [3, 6], [4, 5], [7, 7]]
  842,  [[0, 6], [1, 2], [2, 2], [2, 6], [3, 3], [3, 6], [3, 6], [4, 5], [5, 7]]
  843,  [[0, 0], [1, 5], [2, 2], [2, 6], [2, 6], [3, 3], [3, 6], [3, 6], [7, 7]]
  844,  [[0, 0], [2, 2], [2, 6], [2, 6], [3, 3], [3, 6], [3, 6], [4, 5], [7, 7]]
  845,  [[0, 0], [1, 7], [2, 2], [2, 6], [2, 6], [3, 3], [3, 6], [3, 6], [5, 5]]
  846,  [[0, 0], [2, 2], [2, 6], [2, 6], [3, 3], [3, 6], [3, 6], [4, 7], [5, 5]]
  847,  [[0, 5], [1, 2], [2, 6], [2, 6], [3, 3], [3, 6], [3, 6], [4, 5], [7, 7]]
  848,  [[0, 0], [1, 2], [2, 6], [2, 6], [3, 5], [3, 6], [3, 6], [4, 5], [7, 7]]
  849,  [[0, 0], [1, 2], [2, 6], [2, 6], [3, 3], [3, 6], [3, 6], [4, 5], [5, 7]]
  850,  [[0, 0], [1, 2], [2, 6], [2, 6], [3, 3], [3, 3], [3, 6], [4, 7], [5, 5]]
  851,  [[0, 5], [1, 2], [2, 2], [2, 6], [3, 6], [3, 6], [3, 6], [4, 5], [7, 7]]
  852,  [[0, 0], [1, 2], [2, 5], [2, 6], [3, 6], [3, 6], [3, 6], [4, 5], [7, 7]]
  853,  [[0, 0], [1, 2], [2, 2], [2, 6], [3, 6], [3, 6], [3, 6], [4, 5], [5, 7]]
  854,  [[0, 0], [2, 2], [2, 2], [2, 6], [3, 6], [3, 6], [3, 6], [4, 7], [5, 5]]
  855,  [[0, 0], [1, 2], [2, 2], [2, 2], [3, 6], [3, 6], [3, 6], [4, 7], [5, 5]]
  856,  [[0, 5], [2, 2], [2, 2], [2, 6], [3, 3], [3, 6], [3, 6], [4, 5], [7, 7]]
  857,  [[0, 0], [2, 2], [2, 5], [2, 6], [3, 3], [3, 6], [3, 6], [4, 5], [7, 7]]
  858,  [[0, 0], [2, 2], [2, 2], [2, 6], [3, 3], [3, 6], [3, 6], [4, 5], [5, 7]]
  859,  [[0, 0], [1, 5], [2, 2], [2, 2], [2, 6], [3, 3], [3, 6], [3, 6], [4, 7]]
  860,  [[0, 4], [1, 2], [2, 6], [2, 6], [3, 3], [3, 3], [3, 5], [6, 6], [7, 7]]
  861,  [[0, 4], [1, 2], [2, 6], [2, 6], [3, 5], [3, 5], [3, 6], [6, 6], [7, 7]]
  862,  [[0, 4], [1, 2], [2, 6], [2, 6], [3, 3], [3, 3], [3, 7], [5, 5], [6, 6]]
  863,  [[0, 4], [1, 2], [2, 6], [2, 6], [3, 3], [3, 3], [3, 5], [5, 6], [6, 7]]
  864,  [[0, 4], [2, 2], [2, 5], [2, 6], [3, 3], [3, 5], [3, 6], [6, 6], [7, 7]]
  865,  [[0, 4], [2, 2], [2, 2], [2, 6], [3, 5], [3, 5], [3, 6], [6, 6], [7, 7]]
  866,  [[0, 4], [1, 6], [2, 2], [2, 2], [2, 6], [3, 3], [3, 5], [3, 6], [7, 7]]
  867,  [[0, 4], [1, 7], [2, 2], [2, 2], [2, 6], [3, 3], [3, 5], [3, 6], [6, 6]]
  868,  [[0, 4], [2, 2], [2, 2], [2, 6], [3, 3], [3, 5], [3, 6], [6, 6], [6, 7]]
  869,  [[0, 4], [1, 5], [2, 2], [2, 2], [2, 6], [3, 3], [3, 6], [3, 7], [6, 6]]
  870,  [[0, 4], [2, 2], [2, 2], [2, 6], [3, 3], [3, 6], [3, 7], [5, 6], [6, 6]]
  871,  [[0, 4], [1, 6], [2, 2], [2, 2], [2, 6], [3, 3], [3, 6], [3, 7], [5, 5]]
  872,  [[0, 4], [1, 5], [2, 2], [2, 2], [2, 6], [3, 3], [3, 5], [3, 6], [6, 6]]
  873,  [[0, 4], [1, 5], [2, 2], [2, 2], [2, 6], [3, 3], [3, 3], [3, 6], [5, 6]]
  874,  [[0, 4], [1, 5], [2, 2], [2, 2], [2, 6], [3, 3], [3, 3], [3, 6], [6, 7]]
  875,  [[0, 4], [1, 6], [2, 2], [2, 2], [2, 6], [3, 3], [3, 3], [3, 6], [5, 6]]
  876,  [[0, 4], [1, 6], [2, 2], [2, 2], [2, 5], [3, 6], [3, 6], [3, 6], [5, 7]]
  877,  [[0, 4], [2, 2], [2, 5], [2, 5], [3, 3], [3, 6], [3, 6], [6, 6], [7, 7]]
  878,  [[0, 4], [2, 2], [2, 2], [2, 5], [3, 5], [3, 6], [3, 6], [6, 6], [7, 7]]
  879,  [[0, 4], [1, 6], [2, 2], [2, 2], [2, 5], [3, 3], [3, 6], [3, 6], [7, 7]]
  880,  [[0, 4], [1, 7], [2, 2], [2, 2], [2, 5], [3, 3], [3, 6], [3, 6], [6, 6]]
  881,  [[0, 4], [2, 2], [2, 2], [2, 5], [3, 3], [3, 6], [3, 6], [6, 6], [6, 7]]
  882,  [[0, 4], [1, 6], [2, 2], [2, 6], [2, 6], [3, 5], [3, 5], [3, 6], [7, 7]]
  883,  [[0, 4], [1, 7], [2, 2], [2, 6], [2, 6], [3, 5], [3, 5], [3, 6], [6, 6]]
  884,  [[0, 4], [1, 6], [2, 2], [2, 5], [2, 6], [3, 5], [3, 6], [3, 6], [7, 7]]
  885,  [[0, 4], [1, 7], [2, 2], [2, 5], [2, 6], [3, 5], [3, 6], [3, 6], [6, 6]]
  886,  [[0, 4], [2, 2], [2, 2], [2, 7], [3, 6], [3, 6], [3, 6], [5, 5], [6, 6]]
  887,  [[0, 4], [1, 5], [2, 2], [2, 2], [2, 7], [3, 3], [3, 6], [3, 6], [6, 6]]
  888,  [[0, 4], [2, 2], [2, 2], [2, 7], [3, 3], [3, 6], [3, 6], [5, 6], [6, 6]]
  889,  [[0, 4], [1, 6], [2, 2], [2, 2], [2, 7], [3, 3], [3, 6], [3, 6], [5, 5]]
  890,  [[0, 4], [1, 5], [2, 2], [2, 6], [2, 7], [3, 5], [3, 6], [3, 6], [6, 6]]
  891,  [[0, 4], [1, 5], [2, 2], [2, 6], [2, 6], [3, 5], [3, 6], [3, 7], [6, 6]]
  892,  [[0, 4], [1, 5], [2, 2], [2, 6], [2, 6], [3, 3], [3, 6], [3, 7], [5, 6]]
  893,  [[0, 4], [1, 5], [2, 2], [2, 5], [2, 6], [3, 6], [3, 6], [3, 7], [6, 6]]
  894,  [[0, 4], [1, 5], [2, 2], [2, 2], [2, 6], [3, 6], [3, 6], [3, 7], [5, 6]]
  895,  [[0, 0], [1, 6], [2, 2], [2, 2], [2, 6], [3, 6], [3, 6], [3, 7], [5, 5]]
  896,  [[0, 0], [1, 5], [2, 2], [2, 5], [2, 6], [3, 3], [3, 6], [3, 6], [6, 6]]
  897,  [[0, 4], [1, 5], [2, 2], [2, 2], [2, 5], [3, 3], [3, 6], [3, 6], [6, 6]]
  898,  [[0, 4], [1, 5], [2, 2], [2, 5], [2, 6], [3, 3], [3, 6], [3, 6], [6, 7]]
  899,  [[0, 4], [1, 5], [2, 2], [2, 2], [2, 6], [3, 5], [3, 6], [3, 6], [6, 7]]
  900,  [[0, 0], [1, 5], [2, 2], [2, 2], [2, 6], [3, 3], [3, 6], [3, 6], [5, 6]]
  901,  [[0, 0], [1, 6], [2, 2], [2, 2], [2, 6], [3, 4], [3, 6], [3, 6], [5, 5]]
  902,  [[0, 0], [1, 6], [2, 2], [2, 2], [2, 6], [3, 3], [3, 6], [3, 6], [4, 5]]
  903,  [[0, 4], [1, 7], [2, 2], [2, 2], [2, 5], [3, 6], [3, 6], [3, 6], [5, 6]]
  904,  [[0, 4], [2, 2], [2, 2], [2, 5], [3, 3], [3, 3], [3, 6], [5, 6], [6, 7]]
  905,  [[0, 4], [2, 2], [2, 2], [2, 5], [3, 3], [3, 6], [3, 6], [5, 6], [6, 6]]
  906,  [[0, 4], [2, 2], [2, 2], [2, 6], [3, 3], [3, 5], [3, 6], [5, 6], [6, 6]]
  907,  [[0, 4], [1, 5], [2, 2], [2, 6], [2, 6], [3, 5], [3, 6], [3, 6], [7, 7]]
  908,  [[0, 4], [1, 5], [2, 2], [2, 6], [2, 6], [3, 3], [3, 6], [3, 6], [5, 7]]
  909,  [[0, 4], [1, 5], [2, 2], [2, 5], [2, 6], [3, 6], [3, 6], [3, 6], [7, 7]]
  910,  [[0, 4], [1, 5], [2, 2], [2, 2], [2, 6], [3, 6], [3, 6], [3, 6], [5, 7]]
  911,  [[0, 0], [1, 7], [2, 2], [2, 2], [2, 6], [3, 6], [3, 6], [3, 6], [5, 5]]
  912,  [[0, 0], [1, 5], [2, 2], [2, 5], [2, 6], [3, 3], [3, 6], [3, 6], [7, 7]]
  913,  [[0, 0], [1, 5], [2, 2], [2, 2], [2, 6], [3, 3], [3, 6], [3, 6], [5, 7]]
  914,  [[0, 0], [1, 7], [2, 2], [2, 2], [2, 6], [3, 4], [3, 6], [3, 6], [5, 5]]
  915,  [[0, 0], [1, 7], [2, 2], [2, 2], [2, 6], [3, 3], [3, 6], [3, 6], [4, 5]]
  916,  [[0, 4], [1, 2], [2, 5], [2, 5], [3, 6], [3, 6], [3, 6], [6, 6], [7, 7]]
  917,  [[0, 4], [1, 2], [2, 5], [2, 5], [3, 3], [3, 6], [3, 6], [6, 6], [6, 7]]
  918,  [[0, 4], [1, 2], [2, 2], [2, 5], [3, 5], [3, 6], [3, 6], [6, 6], [6, 7]]
  919,  [[0, 4], [1, 2], [2, 2], [2, 5], [3, 3], [3, 3], [3, 6], [6, 6], [6, 7]]
  920,  [[0, 4], [1, 2], [2, 2], [2, 2], [3, 3], [3, 5], [3, 6], [6, 6], [6, 7]]
  921,  [[0, 4], [1, 2], [2, 5], [2, 7], [3, 3], [3, 6], [3, 6], [5, 6], [6, 6]]
  922,  [[0, 4], [1, 2], [2, 2], [2, 7], [3, 5], [3, 6], [3, 6], [5, 6], [6, 6]]
  923,  [[0, 4], [1, 2], [2, 2], [2, 7], [3, 3], [3, 3], [3, 6], [5, 6], [6, 6]]
  924,  [[0, 4], [1, 2], [2, 2], [2, 7], [3, 3], [3, 6], [3, 6], [5, 6], [5, 6]]
  925,  [[0, 4], [1, 2], [2, 2], [2, 5], [3, 6], [3, 6], [3, 7], [5, 6], [6, 6]]
  926,  [[0, 4], [1, 2], [2, 2], [2, 2], [3, 3], [3, 6], [3, 7], [5, 6], [6, 6]]
  927,  [[0, 4], [1, 2], [2, 2], [2, 2], [3, 6], [3, 6], [3, 7], [5, 6], [5, 6]]
  928,  [[0, 4], [1, 2], [2, 2], [2, 5], [3, 3], [3, 3], [3, 6], [5, 6], [6, 6]]
  929,  [[0, 4], [1, 2], [2, 2], [2, 2], [3, 3], [3, 5], [3, 6], [5, 6], [6, 6]]
  930,  [[0, 4], [1, 2], [2, 2], [2, 2], [3, 3], [3, 3], [3, 6], [5, 6], [5, 6]]
  931,  [[0, 0], [1, 2], [2, 2], [2, 2], [3, 3], [3, 6], [3, 6], [5, 6], [5, 6]]
  932,  [[0, 4], [1, 2], [2, 5], [2, 6], [3, 3], [3, 5], [3, 6], [6, 6], [6, 7]]
  933,  [[0, 4], [1, 2], [2, 2], [2, 6], [3, 5], [3, 5], [3, 6], [6, 6], [6, 7]]
  934,  [[0, 4], [1, 2], [2, 2], [2, 6], [3, 3], [3, 3], [3, 5], [6, 6], [6, 7]]
  935,  [[0, 4], [1, 2], [2, 6], [2, 7], [3, 3], [3, 5], [3, 6], [5, 6], [6, 6]]
  936,  [[0, 4], [1, 2], [2, 6], [2, 7], [3, 3], [3, 3], [3, 6], [5, 6], [5, 6]]
  937,  [[0, 4], [1, 2], [2, 5], [2, 6], [3, 3], [3, 6], [3, 7], [5, 6], [6, 6]]
  938,  [[0, 4], [1, 2], [2, 2], [2, 6], [3, 5], [3, 6], [3, 7], [5, 6], [6, 6]]
  939,  [[0, 4], [1, 2], [2, 2], [2, 6], [3, 3], [3, 3], [3, 7], [5, 6], [6, 6]]
  940,  [[0, 4], [1, 2], [2, 2], [2, 6], [3, 3], [3, 6], [3, 7], [5, 6], [5, 6]]
  941,  [[0, 4], [1, 2], [2, 2], [2, 6], [3, 3], [3, 3], [3, 5], [5, 6], [6, 6]]
  942,  [[0, 0], [1, 2], [2, 2], [2, 6], [3, 3], [3, 3], [3, 6], [5, 6], [5, 6]]
  943,  [[0, 4], [2, 2], [2, 2], [2, 6], [3, 3], [3, 3], [3, 6], [5, 6], [5, 6]]
Total nodes =  944
Total edges =  2166
True Goal graph No. 88
Goal candidates No. 98
Goal candidates No. 120
Goal candidates No. 139
Goal candidates No. 153
Goal candidates No. 176
Goal candidates No. 186
Goal candidates No. 204
Goal candidates No. 215
Goal candidates No. 513
Goal candidates No. 522
Goal candidates No. 553
Goal candidates No. 564
Goal candidates No. 598
Goal candidates No. 627
Goal candidates No. 636
Goal candidates No. 699
Goal candidates No. 720
Goal candidates No. 730
Goal candidates No. 788
Goal candidates No. 801
Goal candidates No. 842
Goal candidates No. 892
Goal candidates No. 898
Goal candidates No. 908
Goal candidates No. 924
Goal candidates No. 940
Total Goals =  27  and Paths = 471 

True paths: 5 / 471 

