Nomber of atoms =  11
Atoms =  ['X', 'M', 'O', 'CH3', 'CH3', 'C', 'C', 'H', 'H', 'H', 'H']
Valence electrons =  [7, 1, 6, 1, 1, 4, 4, 1, 1, 1, 1]
Fixed electrons =  [[0, 0], [0, 0], [0, 0], [2, 2]]
Good initial graph No.0!
Good goal graph!

 Generated No. and Nodes:
    0,  [[0, 5], [2, 2], [2, 2], [2, 7], [3, 5], [4, 5], [5, 6], [6, 8], [6, 9], [6, 10]]
    1,  [[0, 0], [2, 2], [2, 2], [2, 7], [3, 5], [4, 5], [5, 6], [6, 8], [6, 9], [6, 10]]
    2,  [[0, 5], [1, 2], [2, 2], [2, 7], [3, 5], [4, 5], [5, 6], [6, 8], [6, 9], [6, 10]]
    3,  [[0, 5], [2, 2], [2, 2], [2, 7], [3, 5], [5, 5], [5, 6], [6, 8], [6, 9], [6, 10]]
    4,  [[0, 5], [2, 2], [2, 2], [2, 7], [3, 5], [4, 5], [5, 5], [6, 8], [6, 9], [6, 10]]
    5,  [[0, 5], [2, 2], [2, 2], [2, 7], [3, 5], [4, 5], [6, 6], [6, 8], [6, 9], [6, 10]]
    6,  [[0, 5], [2, 2], [2, 2], [2, 7], [3, 5], [4, 5], [5, 6], [6, 6], [6, 8], [6, 9]]
    7,  [[0, 5], [2, 2], [2, 2], [2, 7], [3, 5], [4, 5], [5, 6], [6, 8], [6, 9], [10, 10]]
    8,  [[0, 1], [2, 2], [2, 2], [2, 7], [3, 5], [4, 5], [5, 6], [6, 8], [6, 9], [6, 10]]
    9,  [[0, 0], [1, 2], [2, 2], [2, 7], [3, 5], [4, 5], [5, 6], [6, 8], [6, 9], [6, 10]]
   10,  [[0, 0], [2, 2], [2, 5], [2, 7], [3, 5], [4, 5], [5, 6], [6, 8], [6, 9], [6, 10]]
   11,  [[0, 0], [2, 2], [2, 2], [2, 7], [3, 5], [5, 5], [5, 6], [6, 8], [6, 9], [6, 10]]
   12,  [[0, 0], [2, 2], [2, 2], [2, 7], [3, 5], [4, 5], [5, 5], [6, 8], [6, 9], [6, 10]]
   13,  [[0, 5], [1, 2], [2, 2], [2, 2], [3, 5], [4, 5], [5, 6], [6, 7], [6, 8], [6, 9]]
   14,  [[0, 5], [1, 2], [2, 2], [2, 7], [3, 5], [5, 5], [5, 6], [6, 8], [6, 9], [6, 10]]
   15,  [[0, 5], [1, 2], [2, 2], [2, 7], [3, 5], [4, 5], [5, 5], [6, 8], [6, 9], [6, 10]]
   16,  [[0, 5], [1, 2], [2, 2], [2, 7], [3, 5], [4, 5], [6, 6], [6, 8], [6, 9], [6, 10]]
   17,  [[0, 5], [1, 2], [2, 2], [2, 7], [3, 5], [4, 5], [5, 6], [6, 6], [6, 8], [6, 9]]
   18,  [[0, 5], [1, 2], [2, 2], [2, 7], [3, 5], [4, 5], [5, 6], [6, 8], [6, 9], [10, 10]]
   19,  [[0, 5], [2, 2], [2, 3], [2, 7], [4, 5], [5, 5], [5, 6], [6, 8], [6, 9], [6, 10]]
   20,  [[0, 5], [1, 5], [2, 2], [2, 2], [2, 7], [3, 5], [5, 6], [6, 8], [6, 9], [6, 10]]
   21,  [[0, 5], [2, 2], [2, 2], [2, 7], [3, 5], [5, 5], [6, 6], [6, 8], [6, 9], [6, 10]]
   22,  [[0, 5], [2, 2], [2, 6], [2, 7], [3, 5], [4, 5], [5, 5], [6, 8], [6, 9], [6, 10]]
   23,  [[0, 5], [1, 5], [2, 2], [2, 2], [2, 7], [3, 5], [4, 5], [6, 8], [6, 9], [6, 10]]
   24,  [[0, 5], [2, 2], [2, 2], [2, 7], [3, 5], [4, 5], [5, 5], [6, 6], [6, 8], [6, 9]]
   25,  [[0, 5], [2, 2], [2, 5], [2, 7], [3, 5], [4, 5], [6, 6], [6, 8], [6, 9], [6, 10]]
   26,  [[0, 5], [1, 6], [2, 2], [2, 2], [2, 7], [3, 5], [4, 5], [6, 8], [6, 9], [6, 10]]
   27,  [[0, 5], [2, 2], [2, 2], [2, 7], [3, 5], [4, 5], [6, 6], [6, 8], [6, 9], [10, 10]]
   28,  [[0, 5], [2, 2], [2, 7], [2, 8], [3, 5], [4, 5], [5, 6], [6, 6], [6, 9], [6, 10]]
   29,  [[0, 5], [1, 6], [2, 2], [2, 2], [2, 7], [3, 5], [4, 5], [5, 6], [6, 8], [6, 9]]
   30,  [[0, 5], [2, 2], [2, 2], [2, 7], [3, 5], [4, 5], [5, 6], [6, 6], [6, 8], [9, 9]]
   31,  [[0, 5], [2, 2], [2, 6], [2, 7], [3, 5], [4, 5], [5, 6], [6, 8], [6, 9], [10, 10]]
   32,  [[0, 5], [1, 7], [2, 2], [2, 2], [2, 8], [3, 5], [4, 5], [5, 6], [6, 9], [6, 10]]
   33,  [[0, 1], [2, 2], [2, 5], [2, 7], [3, 5], [4, 5], [5, 6], [6, 8], [6, 9], [6, 10]]
   34,  [[0, 1], [2, 2], [2, 2], [2, 7], [3, 5], [5, 5], [5, 6], [6, 8], [6, 9], [6, 10]]
   35,  [[0, 1], [2, 2], [2, 2], [2, 7], [3, 5], [4, 5], [5, 5], [6, 8], [6, 9], [6, 10]]
   36,  [[0, 1], [2, 2], [2, 2], [2, 7], [3, 5], [4, 5], [5, 6], [6, 6], [6, 8], [6, 9]]
   37,  [[0, 1], [2, 2], [2, 2], [2, 7], [3, 5], [4, 5], [5, 6], [6, 8], [6, 9], [10, 10]]
   38,  [[0, 0], [1, 2], [2, 5], [2, 7], [3, 5], [4, 5], [5, 6], [6, 8], [6, 9], [6, 10]]
   39,  [[0, 0], [1, 2], [2, 2], [2, 2], [3, 5], [4, 5], [5, 6], [6, 7], [6, 8], [6, 9]]
   40,  [[0, 0], [1, 2], [2, 2], [2, 7], [3, 5], [5, 5], [5, 6], [6, 8], [6, 9], [6, 10]]
   41,  [[0, 0], [1, 2], [2, 2], [2, 7], [3, 5], [4, 5], [5, 5], [6, 8], [6, 9], [6, 10]]
   42,  [[0, 0], [1, 2], [2, 2], [2, 7], [3, 5], [4, 5], [5, 6], [6, 6], [6, 8], [6, 9]]
   43,  [[0, 0], [1, 2], [2, 2], [2, 7], [3, 5], [4, 5], [5, 6], [6, 8], [6, 9], [10, 10]]
   44,  [[0, 0], [2, 2], [2, 2], [2, 5], [3, 5], [4, 5], [5, 6], [6, 7], [6, 8], [6, 9]]
   45,  [[0, 0], [2, 2], [2, 5], [2, 7], [3, 5], [5, 5], [5, 6], [6, 8], [6, 9], [6, 10]]
   46,  [[0, 0], [2, 2], [2, 5], [2, 7], [3, 5], [4, 5], [5, 5], [6, 8], [6, 9], [6, 10]]
   47,  [[0, 0], [2, 2], [2, 5], [2, 7], [3, 5], [4, 5], [6, 6], [6, 8], [6, 9], [6, 10]]
   48,  [[0, 0], [2, 2], [2, 5], [2, 7], [3, 5], [4, 5], [5, 6], [6, 6], [6, 8], [6, 9]]
   49,  [[0, 0], [2, 2], [2, 5], [2, 7], [3, 5], [4, 5], [5, 6], [6, 8], [6, 9], [10, 10]]
   50,  [[0, 3], [2, 2], [2, 2], [2, 7], [4, 5], [5, 5], [5, 6], [6, 8], [6, 9], [6, 10]]
   51,  [[0, 0], [2, 2], [2, 3], [2, 7], [4, 5], [5, 5], [5, 6], [6, 8], [6, 9], [6, 10]]
   52,  [[0, 0], [1, 5], [2, 2], [2, 2], [2, 7], [3, 5], [5, 6], [6, 8], [6, 9], [6, 10]]
   53,  [[0, 5], [2, 2], [2, 2], [2, 7], [3, 6], [4, 6], [5, 8], [5, 9], [5, 10], [6, 6]]
   54,  [[0, 0], [2, 2], [2, 5], [2, 7], [3, 6], [4, 6], [5, 8], [5, 9], [5, 10], [6, 6]]
   55,  [[0, 0], [1, 5], [2, 2], [2, 2], [2, 7], [3, 5], [4, 5], [6, 8], [6, 9], [6, 10]]
   56,  [[0, 0], [2, 2], [2, 2], [2, 7], [3, 5], [4, 5], [5, 5], [6, 6], [6, 8], [6, 9]]
   57,  [[0, 5], [1, 2], [2, 2], [2, 2], [3, 5], [5, 5], [5, 6], [6, 7], [6, 8], [6, 9]]
   58,  [[0, 5], [1, 2], [2, 2], [2, 2], [3, 5], [4, 5], [5, 5], [6, 7], [6, 8], [6, 9]]
   59,  [[0, 5], [1, 2], [2, 2], [2, 2], [3, 5], [4, 5], [6, 6], [6, 7], [6, 8], [6, 9]]
   60,  [[0, 5], [1, 2], [2, 2], [2, 2], [3, 5], [4, 5], [5, 6], [6, 6], [6, 7], [6, 8]]
   61,  [[0, 5], [1, 2], [2, 2], [2, 2], [3, 5], [4, 5], [5, 6], [6, 7], [6, 8], [9, 9]]
   62,  [[0, 5], [1, 2], [2, 3], [2, 7], [4, 5], [5, 5], [5, 6], [6, 8], [6, 9], [6, 10]]
   63,  [[0, 5], [1, 2], [2, 2], [2, 7], [3, 5], [5, 5], [6, 6], [6, 8], [6, 9], [6, 10]]
   64,  [[0, 5], [1, 2], [2, 2], [2, 7], [3, 5], [5, 5], [5, 6], [6, 6], [6, 8], [6, 9]]
   65,  [[0, 5], [1, 2], [2, 2], [2, 7], [3, 5], [5, 5], [5, 6], [6, 8], [6, 9], [10, 10]]
   66,  [[0, 5], [1, 2], [2, 6], [2, 7], [3, 5], [4, 5], [5, 5], [6, 8], [6, 9], [6, 10]]
   67,  [[0, 5], [1, 2], [2, 2], [2, 7], [3, 5], [4, 5], [5, 5], [6, 6], [6, 8], [6, 9]]
   68,  [[0, 5], [1, 2], [2, 5], [2, 7], [3, 5], [4, 5], [6, 6], [6, 8], [6, 9], [6, 10]]
   69,  [[0, 5], [1, 2], [2, 2], [2, 7], [3, 5], [4, 5], [6, 6], [6, 8], [6, 9], [10, 10]]
   70,  [[0, 5], [1, 2], [2, 7], [2, 8], [3, 5], [4, 5], [5, 6], [6, 6], [6, 9], [6, 10]]
   71,  [[0, 5], [1, 2], [2, 2], [2, 7], [3, 5], [4, 5], [5, 6], [6, 6], [6, 8], [9, 9]]
   72,  [[0, 5], [1, 2], [2, 6], [2, 7], [3, 5], [4, 5], [5, 6], [6, 8], [6, 9], [10, 10]]
   73,  [[0, 5], [2, 2], [2, 2], [2, 3], [4, 5], [5, 5], [5, 6], [6, 7], [6, 8], [6, 9]]
   74,  [[0, 5], [1, 5], [2, 2], [2, 3], [2, 7], [4, 5], [5, 6], [6, 8], [6, 9], [6, 10]]
   75,  [[0, 5], [2, 2], [2, 3], [2, 7], [4, 5], [5, 5], [6, 6], [6, 8], [6, 9], [6, 10]]
   76,  [[0, 5], [2, 2], [2, 3], [2, 7], [4, 5], [5, 5], [5, 6], [6, 6], [6, 8], [6, 9]]
   77,  [[0, 5], [2, 2], [2, 3], [2, 7], [4, 5], [5, 5], [5, 6], [6, 8], [6, 9], [10, 10]]
   78,  [[0, 5], [1, 5], [2, 2], [2, 2], [2, 7], [5, 5], [5, 6], [6, 8], [6, 9], [6, 10]]
   79,  [[0, 5], [1, 5], [2, 2], [2, 2], [2, 7], [3, 5], [5, 5], [6, 8], [6, 9], [6, 10]]
   80,  [[0, 5], [1, 5], [2, 2], [2, 2], [2, 7], [3, 5], [6, 6], [6, 8], [6, 9], [6, 10]]
   81,  [[0, 5], [1, 5], [2, 2], [2, 2], [2, 7], [3, 5], [5, 6], [6, 6], [6, 8], [6, 9]]
   82,  [[0, 5], [1, 5], [2, 2], [2, 2], [2, 7], [3, 5], [5, 6], [6, 8], [6, 9], [10, 10]]
   83,  [[0, 5], [2, 2], [2, 5], [2, 7], [3, 5], [5, 5], [6, 6], [6, 8], [6, 9], [6, 10]]
   84,  [[0, 5], [1, 6], [2, 2], [2, 2], [2, 7], [3, 5], [5, 5], [6, 8], [6, 9], [6, 10]]
   85,  [[0, 5], [2, 2], [2, 2], [2, 7], [3, 5], [4, 6], [5, 5], [6, 8], [6, 9], [6, 10]]
   86,  [[0, 5], [2, 2], [2, 2], [2, 7], [3, 5], [5, 5], [6, 6], [6, 8], [6, 9], [10, 10]]
   87,  [[0, 5], [2, 2], [2, 2], [2, 6], [3, 5], [4, 5], [5, 5], [6, 7], [6, 8], [6, 9]]
   88,  [[0, 5], [1, 5], [2, 2], [2, 6], [2, 7], [3, 5], [4, 5], [6, 8], [6, 9], [6, 10]]
   89,  [[0, 5], [2, 2], [2, 6], [2, 7], [3, 5], [4, 5], [5, 5], [6, 6], [6, 8], [6, 9]]
   90,  [[0, 5], [2, 2], [2, 6], [2, 7], [3, 5], [4, 5], [5, 5], [6, 8], [6, 9], [10, 10]]
   91,  [[0, 5], [1, 5], [2, 2], [2, 2], [2, 7], [3, 5], [4, 5], [6, 6], [6, 8], [6, 9]]
   92,  [[0, 5], [2, 2], [2, 7], [2, 8], [3, 5], [4, 5], [5, 5], [6, 6], [6, 9], [6, 10]]
   93,  [[0, 5], [2, 2], [2, 2], [2, 7], [3, 5], [4, 5], [5, 8], [6, 6], [6, 9], [6, 10]]
   94,  [[0, 5], [1, 6], [2, 2], [2, 2], [2, 7], [3, 5], [4, 5], [5, 5], [6, 8], [6, 9]]
   95,  [[0, 5], [2, 2], [2, 2], [2, 5], [3, 5], [4, 5], [6, 6], [6, 7], [6, 8], [6, 9]]
   96,  [[0, 5], [1, 6], [2, 2], [2, 5], [2, 7], [3, 5], [4, 5], [6, 8], [6, 9], [6, 10]]
   97,  [[0, 5], [2, 2], [2, 5], [2, 7], [3, 5], [4, 5], [6, 6], [6, 8], [6, 9], [10, 10]]
   98,  [[0, 5], [1, 6], [2, 2], [2, 2], [2, 7], [3, 5], [4, 5], [6, 6], [6, 8], [6, 9]]
   99,  [[0, 5], [1, 6], [2, 2], [2, 2], [2, 7], [3, 5], [4, 5], [6, 8], [6, 9], [10, 10]]
  100,  [[0, 5], [2, 2], [2, 6], [2, 7], [3, 5], [4, 5], [6, 6], [6, 8], [6, 9], [10, 10]]
  101,  [[0, 5], [1, 7], [2, 2], [2, 2], [2, 8], [3, 5], [4, 5], [6, 6], [6, 9], [6, 10]]
  102,  [[0, 0], [2, 2], [2, 7], [2, 8], [3, 5], [4, 5], [5, 6], [6, 6], [6, 9], [6, 10]]
  103,  [[0, 5], [2, 2], [2, 7], [2, 8], [3, 5], [5, 5], [5, 6], [6, 6], [6, 9], [6, 10]]
  104,  [[0, 5], [1, 6], [2, 2], [2, 7], [2, 8], [3, 5], [4, 5], [5, 6], [6, 9], [6, 10]]
  105,  [[0, 5], [2, 2], [2, 7], [2, 8], [3, 5], [4, 5], [5, 6], [6, 6], [6, 9], [10, 10]]
  106,  [[0, 0], [1, 5], [2, 2], [2, 2], [2, 7], [3, 6], [4, 6], [5, 6], [5, 8], [5, 9]]
  107,  [[0, 5], [1, 6], [2, 2], [2, 2], [2, 7], [3, 5], [5, 5], [5, 6], [6, 8], [6, 9]]
  108,  [[0, 5], [1, 6], [2, 2], [2, 2], [2, 7], [3, 5], [4, 5], [5, 6], [6, 6], [6, 8]]
  109,  [[0, 5], [1, 6], [2, 2], [2, 2], [2, 7], [3, 5], [4, 5], [5, 6], [6, 8], [9, 9]]
  110,  [[0, 5], [2, 2], [2, 6], [2, 7], [3, 5], [4, 5], [5, 6], [6, 6], [6, 8], [9, 9]]
  111,  [[0, 5], [1, 7], [2, 2], [2, 2], [2, 8], [3, 5], [4, 5], [5, 6], [6, 6], [6, 9]]
  112,  [[0, 5], [2, 2], [2, 2], [2, 7], [3, 5], [4, 5], [5, 6], [6, 6], [6, 8], [9, 10]]
  113,  [[0, 0], [2, 2], [2, 5], [2, 7], [3, 6], [4, 6], [5, 6], [5, 8], [5, 9], [10, 10]]
  114,  [[0, 5], [2, 2], [2, 2], [2, 6], [3, 5], [4, 5], [5, 6], [6, 7], [6, 8], [9, 9]]
  115,  [[0, 5], [2, 2], [2, 6], [2, 7], [3, 5], [5, 5], [5, 6], [6, 8], [6, 9], [10, 10]]
  116,  [[0, 5], [2, 2], [2, 6], [2, 7], [3, 5], [4, 5], [5, 6], [6, 8], [9, 9], [10, 10]]
  117,  [[0, 5], [1, 7], [2, 2], [2, 6], [2, 8], [3, 5], [4, 5], [5, 6], [6, 9], [6, 10]]
  118,  [[0, 0], [1, 7], [2, 2], [2, 2], [2, 8], [3, 5], [4, 5], [5, 6], [6, 9], [6, 10]]
  119,  [[0, 5], [1, 7], [2, 2], [2, 2], [2, 8], [3, 5], [5, 5], [5, 6], [6, 9], [6, 10]]
  120,  [[0, 1], [2, 2], [2, 2], [2, 5], [3, 5], [4, 5], [5, 6], [6, 7], [6, 8], [6, 9]]
  121,  [[0, 1], [2, 2], [2, 5], [2, 7], [3, 5], [5, 5], [5, 6], [6, 8], [6, 9], [6, 10]]
  122,  [[0, 1], [2, 2], [2, 5], [2, 7], [3, 5], [4, 5], [5, 5], [6, 8], [6, 9], [6, 10]]
  123,  [[0, 1], [2, 2], [2, 5], [2, 7], [3, 5], [4, 5], [6, 6], [6, 8], [6, 9], [6, 10]]
  124,  [[0, 1], [2, 2], [2, 5], [2, 7], [3, 5], [4, 5], [5, 6], [6, 6], [6, 8], [6, 9]]
  125,  [[0, 1], [2, 2], [2, 5], [2, 7], [3, 5], [4, 5], [5, 6], [6, 8], [6, 9], [10, 10]]
  126,  [[0, 1], [2, 2], [2, 3], [2, 7], [4, 5], [5, 5], [5, 6], [6, 8], [6, 9], [6, 10]]
  127,  [[0, 1], [2, 2], [2, 2], [2, 7], [5, 5], [5, 5], [5, 6], [6, 8], [6, 9], [6, 10]]
  128,  [[0, 1], [2, 2], [2, 2], [2, 7], [3, 5], [5, 5], [5, 5], [6, 8], [6, 9], [6, 10]]
  129,  [[0, 1], [2, 2], [2, 2], [2, 7], [3, 5], [5, 5], [5, 6], [6, 6], [6, 8], [6, 9]]
  130,  [[0, 1], [2, 2], [2, 2], [2, 7], [3, 5], [5, 5], [5, 6], [6, 8], [6, 9], [10, 10]]
  131,  [[0, 1], [2, 2], [2, 5], [2, 7], [3, 6], [4, 6], [5, 8], [5, 9], [5, 10], [6, 6]]
  132,  [[0, 1], [2, 2], [2, 2], [2, 7], [3, 5], [4, 5], [5, 5], [6, 6], [6, 8], [6, 9]]
  133,  [[0, 1], [2, 2], [2, 7], [2, 8], [3, 5], [4, 5], [5, 6], [6, 6], [6, 9], [6, 10]]
  134,  [[0, 1], [2, 2], [2, 2], [2, 7], [3, 5], [4, 5], [5, 6], [5, 6], [6, 8], [6, 9]]
  135,  [[0, 1], [2, 2], [2, 2], [2, 7], [3, 5], [4, 5], [5, 6], [6, 6], [6, 8], [9, 9]]
  136,  [[0, 1], [2, 2], [2, 5], [2, 7], [3, 6], [4, 6], [5, 6], [5, 8], [5, 9], [10, 10]]
  137,  [[0, 1], [2, 2], [2, 2], [2, 7], [3, 5], [4, 5], [5, 6], [5, 8], [6, 9], [6, 10]]
  138,  [[0, 0], [1, 2], [2, 2], [2, 5], [3, 5], [4, 5], [5, 6], [6, 7], [6, 8], [6, 9]]
  139,  [[0, 0], [1, 2], [2, 5], [2, 7], [3, 5], [5, 5], [5, 6], [6, 8], [6, 9], [6, 10]]
  140,  [[0, 0], [1, 2], [2, 5], [2, 7], [3, 5], [4, 5], [5, 5], [6, 8], [6, 9], [6, 10]]
  141,  [[0, 0], [1, 2], [2, 5], [2, 7], [3, 5], [4, 5], [6, 6], [6, 8], [6, 9], [6, 10]]
  142,  [[0, 0], [1, 2], [2, 5], [2, 7], [3, 5], [4, 5], [5, 6], [6, 6], [6, 8], [6, 9]]
  143,  [[0, 0], [1, 2], [2, 5], [2, 7], [3, 5], [4, 5], [5, 6], [6, 8], [6, 9], [10, 10]]
  144,  [[0, 7], [1, 2], [2, 2], [2, 2], [3, 5], [4, 5], [5, 6], [6, 8], [6, 9], [6, 10]]
  145,  [[0, 0], [1, 2], [2, 2], [2, 2], [3, 5], [5, 5], [5, 6], [6, 7], [6, 8], [6, 9]]
  146,  [[0, 0], [1, 2], [2, 2], [2, 2], [3, 5], [4, 5], [5, 5], [6, 7], [6, 8], [6, 9]]
  147,  [[0, 3], [1, 2], [2, 2], [2, 7], [4, 5], [5, 5], [5, 6], [6, 8], [6, 9], [6, 10]]
  148,  [[0, 0], [1, 2], [2, 3], [2, 7], [4, 5], [5, 5], [5, 6], [6, 8], [6, 9], [6, 10]]
  149,  [[0, 0], [1, 2], [2, 2], [2, 7], [5, 5], [5, 5], [5, 6], [6, 8], [6, 9], [6, 10]]
  150,  [[0, 0], [1, 2], [2, 2], [2, 7], [3, 5], [5, 5], [5, 5], [6, 8], [6, 9], [6, 10]]
  151,  [[0, 0], [1, 2], [2, 2], [2, 7], [3, 5], [5, 5], [5, 6], [6, 6], [6, 8], [6, 9]]
  152,  [[0, 0], [1, 2], [2, 2], [2, 7], [3, 5], [5, 5], [5, 6], [6, 8], [6, 9], [10, 10]]
  153,  [[0, 5], [1, 2], [2, 2], [2, 7], [3, 6], [4, 6], [5, 8], [5, 9], [5, 10], [6, 6]]
  154,  [[0, 0], [1, 2], [2, 5], [2, 7], [3, 6], [4, 6], [5, 8], [5, 9], [5, 10], [6, 6]]
  155,  [[0, 0], [1, 2], [2, 2], [2, 7], [3, 5], [4, 5], [5, 5], [6, 6], [6, 8], [6, 9]]
  156,  [[0, 7], [1, 2], [2, 2], [2, 8], [3, 5], [4, 5], [5, 6], [6, 6], [6, 9], [6, 10]]
  157,  [[0, 0], [1, 2], [2, 7], [2, 8], [3, 5], [4, 5], [5, 6], [6, 6], [6, 9], [6, 10]]
  158,  [[0, 0], [1, 2], [2, 2], [2, 7], [3, 5], [4, 5], [5, 6], [5, 6], [6, 8], [6, 9]]
  159,  [[0, 0], [1, 2], [2, 2], [2, 7], [3, 5], [4, 5], [5, 6], [6, 6], [6, 8], [9, 9]]
  160,  [[0, 5], [1, 2], [2, 2], [2, 7], [3, 6], [4, 6], [5, 6], [5, 8], [5, 9], [10, 10]]
  161,  [[0, 0], [1, 2], [2, 5], [2, 7], [3, 6], [4, 6], [5, 6], [5, 8], [5, 9], [10, 10]]
  162,  [[0, 0], [1, 2], [2, 2], [2, 7], [3, 5], [4, 5], [5, 6], [5, 8], [6, 9], [6, 10]]
  163,  [[0, 7], [2, 2], [2, 2], [2, 5], [3, 5], [4, 5], [5, 6], [6, 8], [6, 9], [6, 10]]
  164,  [[0, 3], [2, 2], [2, 5], [2, 7], [4, 5], [5, 5], [5, 6], [6, 8], [6, 9], [6, 10]]
  165,  [[0, 0], [2, 3], [2, 5], [2, 7], [4, 5], [5, 5], [5, 6], [6, 8], [6, 9], [6, 10]]
  166,  [[0, 0], [1, 5], [2, 2], [2, 5], [2, 7], [3, 5], [5, 6], [6, 8], [6, 9], [6, 10]]
  167,  [[0, 0], [2, 2], [2, 5], [2, 7], [3, 5], [5, 5], [6, 6], [6, 8], [6, 9], [6, 10]]
  168,  [[0, 5], [2, 2], [2, 6], [2, 7], [3, 6], [4, 6], [5, 8], [5, 9], [5, 10], [6, 6]]
  169,  [[0, 0], [2, 5], [2, 6], [2, 7], [3, 5], [4, 5], [5, 5], [6, 8], [6, 9], [6, 10]]
  170,  [[0, 0], [1, 5], [2, 2], [2, 5], [2, 7], [3, 5], [4, 5], [6, 8], [6, 9], [6, 10]]
  171,  [[0, 0], [2, 2], [2, 5], [2, 7], [3, 5], [4, 5], [5, 5], [6, 6], [6, 8], [6, 9]]
  172,  [[0, 0], [2, 5], [2, 5], [2, 7], [3, 5], [4, 5], [6, 6], [6, 8], [6, 9], [6, 10]]
  173,  [[0, 0], [1, 5], [2, 2], [2, 6], [2, 7], [3, 6], [4, 6], [5, 8], [5, 9], [5, 10]]
  174,  [[0, 0], [2, 2], [2, 5], [2, 7], [3, 5], [4, 5], [6, 6], [6, 8], [6, 9], [10, 10]]
  175,  [[0, 7], [2, 2], [2, 5], [2, 8], [3, 5], [4, 5], [5, 6], [6, 6], [6, 9], [6, 10]]
  176,  [[0, 0], [2, 5], [2, 7], [2, 8], [3, 5], [4, 5], [5, 6], [6, 6], [6, 9], [6, 10]]
  177,  [[0, 0], [1, 5], [2, 2], [2, 6], [2, 7], [3, 6], [4, 6], [5, 6], [5, 8], [5, 9]]
  178,  [[0, 0], [2, 2], [2, 5], [2, 7], [3, 5], [4, 5], [5, 6], [6, 6], [6, 8], [9, 9]]
  179,  [[0, 5], [2, 2], [2, 6], [2, 7], [3, 6], [4, 6], [5, 6], [5, 8], [5, 9], [10, 10]]
  180,  [[0, 0], [2, 5], [2, 6], [2, 7], [3, 5], [4, 5], [5, 6], [6, 8], [6, 9], [10, 10]]
  181,  [[0, 0], [1, 7], [2, 2], [2, 5], [2, 8], [3, 5], [4, 5], [5, 6], [6, 9], [6, 10]]
  182,  [[0, 3], [2, 2], [2, 2], [2, 7], [5, 5], [5, 5], [5, 6], [6, 8], [6, 9], [6, 10]]
  183,  [[0, 3], [1, 5], [2, 2], [2, 2], [2, 7], [4, 5], [5, 6], [6, 8], [6, 9], [6, 10]]
  184,  [[0, 3], [2, 2], [2, 2], [2, 7], [4, 5], [5, 5], [5, 5], [6, 8], [6, 9], [6, 10]]
  185,  [[0, 3], [2, 2], [2, 2], [2, 7], [4, 5], [5, 5], [5, 6], [6, 6], [6, 8], [6, 9]]
  186,  [[0, 3], [2, 2], [2, 2], [2, 7], [4, 5], [5, 5], [5, 6], [6, 8], [6, 9], [10, 10]]
  187,  [[0, 0], [2, 2], [2, 2], [2, 3], [4, 5], [5, 5], [5, 6], [6, 7], [6, 8], [6, 9]]
  188,  [[0, 0], [2, 2], [2, 3], [2, 7], [5, 5], [5, 5], [5, 6], [6, 8], [6, 9], [6, 10]]
  189,  [[0, 0], [1, 5], [2, 2], [2, 3], [2, 7], [4, 5], [5, 6], [6, 8], [6, 9], [6, 10]]
  190,  [[0, 0], [2, 2], [2, 3], [2, 7], [4, 5], [5, 5], [5, 5], [6, 8], [6, 9], [6, 10]]
  191,  [[0, 0], [2, 2], [2, 3], [2, 7], [4, 5], [5, 5], [5, 6], [6, 6], [6, 8], [6, 9]]
  192,  [[0, 0], [2, 2], [2, 3], [2, 7], [4, 5], [5, 5], [5, 6], [6, 8], [6, 9], [10, 10]]
  193,  [[0, 0], [1, 5], [2, 2], [2, 2], [2, 7], [5, 5], [5, 6], [6, 8], [6, 9], [6, 10]]
  194,  [[0, 0], [1, 5], [2, 2], [2, 2], [2, 7], [3, 5], [5, 5], [6, 8], [6, 9], [6, 10]]
  195,  [[0, 5], [2, 2], [2, 2], [2, 7], [3, 6], [5, 8], [5, 9], [5, 10], [6, 6], [6, 6]]
  196,  [[0, 5], [2, 2], [2, 2], [2, 7], [3, 6], [4, 6], [5, 5], [5, 8], [5, 9], [6, 6]]
  197,  [[0, 5], [2, 2], [2, 2], [2, 7], [3, 6], [4, 6], [5, 8], [5, 9], [6, 6], [10, 10]]
  198,  [[0, 5], [1, 6], [2, 2], [2, 2], [2, 7], [3, 6], [4, 6], [5, 8], [5, 9], [5, 10]]
  199,  [[0, 0], [2, 2], [2, 2], [2, 5], [3, 6], [4, 6], [5, 7], [5, 8], [5, 9], [6, 6]]
  200,  [[0, 0], [2, 2], [2, 5], [2, 7], [3, 6], [5, 8], [5, 9], [5, 10], [6, 6], [6, 6]]
  201,  [[0, 0], [2, 2], [2, 5], [2, 7], [3, 6], [4, 6], [5, 5], [5, 8], [5, 9], [6, 6]]
  202,  [[0, 0], [2, 2], [2, 5], [2, 7], [3, 6], [4, 6], [5, 8], [5, 9], [6, 6], [10, 10]]
  203,  [[0, 0], [1, 5], [2, 2], [2, 6], [2, 7], [3, 5], [4, 5], [6, 8], [6, 9], [6, 10]]
  204,  [[0, 0], [1, 5], [2, 2], [2, 2], [2, 7], [3, 5], [4, 5], [6, 6], [6, 8], [6, 9]]
  205,  [[0, 7], [2, 2], [2, 2], [2, 8], [3, 5], [4, 5], [5, 5], [6, 6], [6, 9], [6, 10]]
  206,  [[0, 0], [2, 2], [2, 7], [2, 8], [3, 5], [4, 5], [5, 5], [6, 6], [6, 9], [6, 10]]
  207,  [[0, 0], [2, 2], [2, 2], [2, 7], [3, 5], [4, 5], [5, 8], [6, 6], [6, 9], [6, 10]]
  208,  [[0, 0], [1, 5], [2, 2], [2, 2], [2, 7], [3, 6], [4, 6], [5, 8], [5, 9], [6, 6]]
  209,  [[0, 5], [1, 2], [2, 2], [2, 3], [4, 5], [5, 5], [5, 6], [6, 7], [6, 8], [6, 9]]
  210,  [[0, 5], [1, 2], [2, 2], [2, 2], [3, 5], [5, 6], [5, 7], [6, 8], [6, 9], [6, 10]]
  211,  [[0, 5], [1, 2], [2, 2], [2, 2], [3, 5], [5, 5], [6, 6], [6, 7], [6, 8], [6, 9]]
  212,  [[0, 5], [1, 2], [2, 2], [2, 6], [3, 5], [4, 5], [5, 5], [6, 7], [6, 8], [6, 9]]
  213,  [[0, 5], [1, 2], [2, 2], [2, 2], [3, 5], [4, 5], [5, 7], [6, 8], [6, 9], [6, 10]]
  214,  [[0, 5], [1, 2], [2, 2], [2, 2], [3, 5], [4, 5], [5, 5], [6, 6], [6, 7], [6, 8]]
  215,  [[0, 5], [1, 2], [2, 2], [2, 5], [3, 5], [4, 5], [6, 6], [6, 7], [6, 8], [6, 9]]
  216,  [[0, 5], [1, 2], [2, 2], [2, 2], [3, 5], [4, 5], [6, 7], [6, 8], [6, 9], [6, 10]]
  217,  [[0, 5], [1, 2], [2, 2], [2, 2], [3, 5], [4, 5], [6, 6], [6, 7], [6, 8], [9, 9]]
  218,  [[0, 5], [1, 2], [2, 2], [2, 2], [3, 5], [4, 5], [5, 6], [6, 6], [6, 7], [8, 8]]
  219,  [[0, 5], [1, 2], [2, 2], [2, 6], [3, 5], [4, 5], [5, 6], [6, 7], [6, 8], [9, 9]]
  220,  [[0, 5], [1, 2], [2, 2], [2, 2], [3, 5], [4, 5], [5, 6], [6, 7], [6, 8], [9, 10]]
  221,  [[0, 5], [1, 2], [2, 3], [2, 7], [4, 5], [5, 5], [6, 6], [6, 8], [6, 9], [6, 10]]
  222,  [[0, 5], [1, 2], [2, 3], [2, 7], [4, 5], [5, 5], [5, 6], [6, 6], [6, 8], [6, 9]]
  223,  [[0, 5], [1, 2], [2, 3], [2, 7], [4, 5], [5, 5], [5, 6], [6, 8], [6, 9], [10, 10]]
  224,  [[0, 5], [1, 2], [2, 5], [2, 7], [3, 5], [5, 5], [6, 6], [6, 8], [6, 9], [6, 10]]
  225,  [[0, 5], [1, 2], [2, 2], [2, 7], [5, 5], [5, 5], [6, 6], [6, 8], [6, 9], [6, 10]]
  226,  [[0, 5], [1, 2], [2, 2], [2, 7], [3, 5], [4, 6], [5, 5], [6, 8], [6, 9], [6, 10]]
  227,  [[0, 5], [1, 2], [2, 2], [2, 7], [3, 5], [5, 5], [6, 6], [6, 8], [6, 9], [10, 10]]
  228,  [[0, 5], [1, 2], [2, 7], [2, 8], [3, 5], [5, 5], [5, 6], [6, 6], [6, 9], [6, 10]]
  229,  [[0, 5], [1, 2], [2, 2], [2, 7], [3, 5], [5, 6], [5, 8], [6, 6], [6, 9], [6, 10]]
  230,  [[0, 5], [1, 2], [2, 2], [2, 7], [3, 5], [4, 6], [5, 5], [5, 6], [6, 8], [6, 9]]
  231,  [[0, 5], [1, 2], [2, 2], [2, 7], [3, 5], [5, 5], [5, 6], [6, 6], [6, 8], [9, 9]]
  232,  [[0, 5], [1, 2], [2, 6], [2, 7], [3, 5], [5, 5], [5, 6], [6, 8], [6, 9], [10, 10]]
  233,  [[0, 5], [1, 2], [2, 2], [2, 7], [3, 5], [5, 6], [5, 6], [6, 8], [6, 9], [10, 10]]
  234,  [[0, 5], [1, 2], [2, 2], [2, 7], [3, 5], [4, 8], [5, 5], [5, 6], [6, 9], [6, 10]]
  235,  [[0, 5], [1, 2], [2, 6], [2, 7], [3, 5], [4, 5], [5, 5], [6, 6], [6, 8], [6, 9]]
  236,  [[0, 5], [1, 2], [2, 6], [2, 7], [3, 5], [4, 5], [5, 5], [6, 8], [6, 9], [10, 10]]
  237,  [[0, 5], [1, 2], [2, 7], [2, 8], [3, 5], [4, 5], [5, 5], [6, 6], [6, 9], [6, 10]]
  238,  [[0, 5], [1, 2], [2, 2], [2, 7], [3, 5], [4, 5], [5, 8], [6, 6], [6, 9], [6, 10]]
  239,  [[0, 5], [1, 2], [2, 2], [2, 7], [3, 5], [4, 5], [5, 5], [6, 6], [6, 6], [6, 8]]
  240,  [[0, 5], [1, 2], [2, 5], [2, 7], [3, 5], [4, 5], [6, 6], [6, 8], [6, 9], [10, 10]]
  241,  [[0, 5], [1, 2], [2, 6], [2, 7], [3, 5], [4, 5], [6, 6], [6, 8], [6, 9], [10, 10]]
  242,  [[0, 5], [1, 2], [2, 2], [2, 7], [3, 5], [4, 5], [6, 6], [6, 6], [6, 8], [9, 9]]
  243,  [[0, 5], [1, 2], [2, 7], [2, 8], [3, 5], [4, 5], [5, 6], [6, 6], [6, 9], [10, 10]]
  244,  [[0, 5], [1, 2], [2, 6], [2, 7], [3, 5], [4, 5], [5, 6], [6, 6], [6, 8], [9, 9]]
  245,  [[0, 5], [1, 2], [2, 2], [2, 7], [3, 5], [4, 5], [5, 6], [6, 6], [6, 6], [8, 8]]
  246,  [[0, 5], [1, 2], [2, 2], [2, 7], [3, 5], [4, 5], [5, 6], [6, 6], [6, 8], [9, 10]]
  247,  [[0, 5], [1, 2], [2, 6], [2, 7], [3, 5], [4, 5], [5, 6], [6, 8], [9, 9], [10, 10]]
  248,  [[0, 5], [1, 5], [2, 2], [2, 2], [2, 3], [4, 5], [5, 6], [6, 7], [6, 8], [6, 9]]
  249,  [[0, 5], [2, 2], [2, 2], [2, 3], [4, 5], [5, 6], [5, 7], [6, 8], [6, 9], [6, 10]]
  250,  [[0, 5], [2, 2], [2, 2], [2, 3], [4, 5], [5, 5], [6, 6], [6, 7], [6, 8], [6, 9]]
  251,  [[0, 5], [1, 5], [2, 2], [2, 3], [2, 7], [5, 5], [5, 6], [6, 8], [6, 9], [6, 10]]
  252,  [[0, 5], [1, 5], [2, 2], [2, 3], [2, 7], [4, 5], [5, 5], [6, 8], [6, 9], [6, 10]]
  253,  [[0, 5], [1, 5], [2, 2], [2, 3], [2, 7], [4, 5], [6, 6], [6, 8], [6, 9], [6, 10]]
  254,  [[0, 5], [1, 5], [2, 2], [2, 3], [2, 7], [4, 5], [5, 6], [6, 6], [6, 8], [6, 9]]
  255,  [[0, 5], [1, 5], [2, 2], [2, 3], [2, 7], [4, 5], [5, 6], [6, 8], [6, 9], [10, 10]]
  256,  [[0, 5], [2, 3], [2, 5], [2, 7], [4, 5], [5, 5], [6, 6], [6, 8], [6, 9], [6, 10]]
  257,  [[0, 5], [2, 2], [2, 3], [2, 7], [5, 5], [5, 5], [6, 6], [6, 8], [6, 9], [6, 10]]
  258,  [[0, 5], [1, 6], [2, 2], [2, 3], [2, 7], [4, 5], [5, 5], [6, 8], [6, 9], [6, 10]]
  259,  [[0, 5], [2, 2], [2, 3], [2, 7], [4, 5], [5, 5], [6, 6], [6, 8], [6, 9], [10, 10]]
  260,  [[0, 5], [2, 3], [2, 7], [2, 8], [4, 5], [5, 5], [5, 6], [6, 6], [6, 9], [6, 10]]
  261,  [[0, 5], [2, 2], [2, 3], [2, 7], [4, 5], [5, 6], [5, 8], [6, 6], [6, 9], [6, 10]]
  262,  [[0, 5], [1, 6], [2, 2], [2, 3], [2, 7], [4, 5], [5, 5], [5, 6], [6, 8], [6, 9]]
  263,  [[0, 5], [2, 2], [2, 3], [2, 7], [4, 5], [5, 5], [5, 6], [6, 6], [6, 8], [9, 9]]
  264,  [[0, 5], [2, 3], [2, 6], [2, 7], [4, 5], [5, 5], [5, 6], [6, 8], [6, 9], [10, 10]]
  265,  [[0, 5], [2, 2], [2, 3], [2, 7], [4, 5], [5, 6], [5, 6], [6, 8], [6, 9], [10, 10]]
  266,  [[0, 5], [1, 7], [2, 2], [2, 3], [2, 8], [4, 5], [5, 5], [5, 6], [6, 9], [6, 10]]
  267,  [[0, 5], [1, 5], [2, 2], [2, 2], [2, 7], [5, 5], [6, 6], [6, 8], [6, 9], [6, 10]]
  268,  [[0, 5], [1, 5], [2, 2], [2, 6], [2, 7], [3, 5], [5, 5], [6, 8], [6, 9], [6, 10]]
  269,  [[0, 5], [1, 5], [2, 2], [2, 2], [2, 7], [3, 5], [5, 5], [6, 6], [6, 8], [6, 9]]
  270,  [[0, 5], [1, 5], [2, 2], [2, 5], [2, 7], [3, 5], [6, 6], [6, 8], [6, 9], [6, 10]]
  271,  [[0, 5], [1, 5], [2, 2], [2, 2], [2, 7], [3, 5], [4, 6], [6, 8], [6, 9], [6, 10]]
  272,  [[0, 5], [1, 5], [2, 2], [2, 2], [2, 7], [3, 5], [6, 6], [6, 8], [6, 9], [10, 10]]
  273,  [[0, 5], [1, 5], [2, 2], [2, 7], [2, 8], [3, 5], [5, 6], [6, 6], [6, 9], [6, 10]]
  274,  [[0, 5], [1, 5], [2, 2], [2, 2], [2, 7], [3, 5], [4, 6], [5, 6], [6, 8], [6, 9]]
  275,  [[0, 5], [1, 5], [2, 2], [2, 2], [2, 7], [3, 5], [5, 6], [6, 6], [6, 8], [9, 9]]
  276,  [[0, 5], [1, 5], [2, 2], [2, 6], [2, 7], [3, 5], [5, 6], [6, 8], [6, 9], [10, 10]]
  277,  [[0, 5], [1, 5], [2, 2], [2, 2], [2, 7], [3, 5], [4, 8], [5, 6], [6, 9], [6, 10]]
  278,  [[0, 5], [1, 6], [2, 2], [2, 5], [2, 7], [3, 5], [5, 5], [6, 8], [6, 9], [6, 10]]
  279,  [[0, 5], [2, 2], [2, 5], [2, 7], [3, 5], [4, 6], [5, 5], [6, 8], [6, 9], [6, 10]]
  280,  [[0, 5], [2, 2], [2, 5], [2, 7], [3, 5], [5, 5], [6, 6], [6, 8], [6, 9], [10, 10]]
  281,  [[0, 5], [1, 6], [2, 2], [2, 2], [2, 7], [5, 5], [5, 5], [6, 8], [6, 9], [6, 10]]
  282,  [[0, 5], [1, 6], [2, 2], [2, 2], [2, 7], [3, 5], [5, 5], [6, 6], [6, 8], [6, 9]]
  283,  [[0, 5], [1, 6], [2, 2], [2, 2], [2, 7], [3, 5], [5, 5], [6, 8], [6, 9], [10, 10]]
  284,  [[0, 5], [2, 2], [2, 2], [2, 7], [3, 6], [5, 5], [5, 5], [6, 8], [6, 9], [6, 10]]
  285,  [[0, 5], [2, 2], [2, 2], [2, 7], [3, 5], [4, 6], [5, 5], [6, 6], [6, 8], [6, 9]]
  286,  [[0, 5], [2, 2], [2, 2], [2, 7], [3, 5], [4, 6], [5, 5], [6, 8], [6, 9], [10, 10]]
  287,  [[0, 5], [2, 2], [2, 6], [2, 7], [3, 5], [5, 5], [6, 6], [6, 8], [6, 9], [10, 10]]
  288,  [[0, 5], [1, 7], [2, 2], [2, 2], [2, 8], [3, 5], [5, 5], [6, 6], [6, 9], [6, 10]]
  289,  [[0, 5], [2, 2], [2, 2], [2, 7], [3, 5], [4, 8], [5, 5], [6, 6], [6, 9], [6, 10]]
  290,  [[0, 5], [2, 2], [2, 2], [2, 7], [3, 5], [5, 5], [5, 8], [6, 6], [6, 9], [6, 10]]
  291,  [[0, 5], [1, 5], [2, 2], [2, 2], [2, 6], [3, 5], [4, 5], [6, 7], [6, 8], [6, 9]]
  292,  [[0, 5], [2, 2], [2, 2], [2, 6], [3, 5], [4, 5], [5, 7], [6, 8], [6, 9], [6, 10]]
  293,  [[0, 5], [1, 5], [2, 2], [2, 6], [2, 7], [3, 5], [4, 5], [6, 6], [6, 8], [6, 9]]
  294,  [[0, 5], [1, 5], [2, 2], [2, 6], [2, 7], [3, 5], [4, 5], [6, 8], [6, 9], [10, 10]]
  295,  [[0, 5], [2, 6], [2, 7], [2, 8], [3, 5], [4, 5], [5, 5], [6, 6], [6, 9], [6, 10]]
  296,  [[0, 5], [2, 2], [2, 6], [2, 7], [3, 5], [4, 5], [5, 8], [6, 6], [6, 9], [6, 10]]
  297,  [[0, 5], [1, 6], [2, 2], [2, 6], [2, 7], [3, 5], [4, 5], [5, 5], [6, 8], [6, 9]]
  298,  [[0, 5], [2, 2], [2, 6], [2, 7], [3, 5], [4, 5], [5, 5], [6, 6], [6, 8], [9, 9]]
  299,  [[0, 5], [2, 6], [2, 6], [2, 7], [3, 5], [4, 5], [5, 5], [6, 8], [6, 9], [10, 10]]
  300,  [[0, 5], [1, 7], [2, 2], [2, 6], [2, 8], [3, 5], [4, 5], [5, 5], [6, 9], [6, 10]]
  301,  [[0, 5], [1, 5], [2, 2], [2, 7], [2, 8], [3, 5], [4, 5], [6, 6], [6, 9], [6, 10]]
  302,  [[0, 5], [1, 5], [2, 2], [2, 2], [2, 7], [3, 5], [4, 5], [6, 6], [6, 6], [6, 8]]
  303,  [[0, 5], [1, 6], [2, 2], [2, 7], [2, 8], [3, 5], [4, 5], [5, 5], [6, 9], [6, 10]]
  304,  [[0, 5], [2, 2], [2, 7], [2, 8], [3, 5], [4, 5], [5, 5], [6, 6], [6, 6], [6, 9]]
  305,  [[0, 5], [1, 6], [2, 2], [2, 2], [2, 7], [3, 5], [4, 5], [5, 8], [6, 9], [6, 10]]
  306,  [[0, 5], [2, 2], [2, 2], [2, 7], [3, 5], [4, 5], [5, 8], [6, 6], [6, 6], [6, 9]]
  307,  [[0, 5], [1, 6], [2, 2], [2, 2], [2, 7], [3, 5], [4, 5], [5, 5], [6, 6], [6, 8]]
  308,  [[0, 5], [1, 6], [2, 2], [2, 2], [2, 5], [3, 5], [4, 5], [6, 7], [6, 8], [6, 9]]
  309,  [[0, 5], [2, 2], [2, 2], [2, 5], [3, 5], [4, 5], [6, 7], [6, 8], [6, 9], [6, 10]]
  310,  [[0, 5], [2, 2], [2, 2], [2, 5], [3, 5], [4, 5], [6, 6], [6, 7], [6, 8], [9, 9]]
  311,  [[0, 5], [1, 6], [2, 2], [2, 5], [2, 7], [3, 5], [4, 5], [6, 6], [6, 8], [6, 9]]
  312,  [[0, 5], [1, 6], [2, 2], [2, 5], [2, 7], [3, 5], [4, 5], [6, 8], [6, 9], [10, 10]]
  313,  [[0, 5], [2, 5], [2, 6], [2, 7], [3, 5], [4, 5], [6, 6], [6, 8], [6, 9], [10, 10]]
  314,  [[0, 5], [2, 2], [2, 5], [2, 7], [3, 5], [4, 5], [6, 6], [6, 6], [6, 8], [9, 9]]
  315,  [[0, 5], [1, 7], [2, 2], [2, 5], [2, 8], [3, 5], [4, 5], [6, 6], [6, 9], [6, 10]]
  316,  [[0, 5], [1, 6], [2, 2], [2, 7], [2, 8], [3, 5], [4, 5], [6, 6], [6, 9], [6, 10]]
  317,  [[0, 5], [1, 6], [2, 2], [2, 2], [2, 7], [3, 5], [4, 5], [6, 6], [6, 8], [9, 9]]
  318,  [[0, 5], [1, 6], [2, 2], [2, 6], [2, 7], [3, 5], [4, 5], [6, 8], [6, 9], [10, 10]]
  319,  [[0, 5], [2, 2], [2, 6], [2, 7], [3, 5], [4, 5], [6, 6], [6, 8], [9, 9], [10, 10]]
  320,  [[0, 5], [1, 7], [2, 2], [2, 6], [2, 8], [3, 5], [4, 5], [6, 6], [6, 9], [6, 10]]
  321,  [[0, 5], [1, 7], [2, 2], [2, 2], [2, 8], [3, 5], [4, 5], [6, 6], [6, 6], [6, 9]]
  322,  [[0, 0], [2, 2], [2, 7], [2, 8], [3, 5], [5, 5], [5, 6], [6, 6], [6, 9], [6, 10]]
  323,  [[0, 0], [1, 5], [2, 2], [2, 7], [2, 8], [3, 6], [4, 6], [5, 6], [5, 9], [5, 10]]
  324,  [[0, 0], [2, 2], [2, 7], [2, 8], [3, 5], [4, 5], [5, 6], [5, 6], [6, 9], [6, 10]]
  325,  [[0, 0], [2, 2], [2, 7], [2, 8], [3, 5], [4, 5], [5, 6], [6, 6], [6, 9], [10, 10]]
  326,  [[0, 5], [1, 6], [2, 2], [2, 7], [2, 8], [3, 5], [5, 5], [5, 6], [6, 9], [6, 10]]
  327,  [[0, 5], [2, 2], [2, 7], [2, 8], [3, 5], [4, 6], [5, 5], [5, 6], [6, 9], [6, 10]]
  328,  [[0, 5], [2, 2], [2, 7], [2, 8], [3, 5], [5, 5], [5, 6], [6, 6], [6, 9], [10, 10]]
  329,  [[0, 5], [1, 6], [2, 2], [2, 7], [2, 8], [3, 5], [4, 5], [5, 6], [6, 6], [6, 9]]
  330,  [[0, 5], [1, 6], [2, 2], [2, 7], [2, 8], [3, 5], [4, 5], [5, 6], [6, 9], [10, 10]]
  331,  [[0, 5], [2, 6], [2, 7], [2, 8], [3, 5], [4, 5], [5, 6], [6, 6], [6, 9], [10, 10]]
  332,  [[0, 5], [2, 2], [2, 7], [2, 8], [3, 5], [4, 5], [6, 6], [6, 6], [6, 9], [10, 10]]
  333,  [[0, 5], [2, 2], [2, 7], [2, 8], [3, 5], [4, 5], [5, 6], [6, 6], [6, 6], [9, 9]]
  334,  [[0, 5], [1, 7], [2, 2], [2, 8], [2, 9], [3, 5], [4, 5], [5, 6], [6, 6], [6, 10]]
  335,  [[0, 7], [1, 5], [2, 2], [2, 2], [2, 8], [3, 6], [4, 6], [5, 6], [5, 9], [5, 10]]
  336,  [[0, 0], [1, 5], [2, 2], [2, 2], [2, 7], [3, 6], [5, 6], [5, 8], [5, 9], [6, 6]]
  337,  [[0, 5], [1, 6], [2, 2], [2, 2], [2, 7], [3, 5], [5, 6], [5, 8], [6, 9], [6, 10]]
  338,  [[0, 5], [1, 6], [2, 2], [2, 2], [2, 7], [3, 5], [4, 5], [5, 6], [6, 6], [8, 8]]
  339,  [[0, 5], [1, 6], [2, 2], [2, 6], [2, 7], [3, 5], [4, 5], [5, 6], [6, 8], [9, 9]]
  340,  [[0, 5], [1, 6], [2, 2], [2, 2], [2, 7], [3, 5], [4, 5], [5, 6], [6, 8], [9, 10]]
  341,  [[0, 5], [2, 2], [2, 6], [2, 7], [3, 5], [4, 5], [5, 6], [6, 6], [8, 8], [9, 9]]
  342,  [[0, 5], [1, 7], [2, 2], [2, 6], [2, 8], [3, 5], [4, 5], [5, 6], [6, 6], [6, 9]]
  343,  [[0, 5], [2, 2], [2, 6], [2, 7], [3, 5], [4, 5], [5, 6], [6, 6], [6, 8], [9, 10]]
  344,  [[0, 0], [1, 7], [2, 2], [2, 2], [2, 8], [3, 5], [4, 5], [5, 6], [6, 6], [6, 9]]
  345,  [[0, 5], [1, 7], [2, 2], [2, 2], [2, 8], [3, 5], [5, 5], [5, 6], [6, 6], [6, 9]]
  346,  [[0, 5], [1, 7], [2, 2], [2, 2], [2, 8], [3, 5], [4, 5], [5, 6], [6, 6], [6, 6]]
  347,  [[0, 0], [2, 2], [2, 2], [2, 7], [3, 5], [4, 5], [5, 6], [6, 6], [6, 8], [9, 10]]
  348,  [[0, 5], [2, 2], [2, 2], [2, 7], [3, 5], [5, 5], [5, 6], [6, 6], [6, 8], [9, 10]]
  349,  [[0, 5], [2, 2], [2, 2], [2, 7], [3, 5], [4, 5], [6, 6], [6, 6], [6, 8], [9, 10]]
  350,  [[0, 5], [2, 2], [2, 2], [2, 7], [3, 5], [4, 5], [5, 6], [6, 6], [6, 6], [8, 9]]
  351,  [[0, 0], [2, 2], [2, 5], [2, 7], [3, 6], [5, 6], [5, 8], [5, 9], [6, 6], [10, 10]]
  352,  [[0, 0], [1, 7], [2, 2], [2, 5], [2, 8], [3, 6], [4, 6], [5, 6], [5, 9], [5, 10]]
  353,  [[0, 0], [2, 2], [2, 5], [2, 7], [3, 6], [4, 6], [5, 6], [5, 8], [5, 9], [6, 10]]
  354,  [[0, 5], [1, 7], [2, 2], [2, 2], [2, 6], [3, 5], [4, 5], [5, 6], [6, 8], [6, 9]]
  355,  [[0, 5], [2, 2], [2, 2], [2, 6], [3, 5], [4, 5], [5, 6], [6, 7], [6, 8], [9, 10]]
  356,  [[0, 5], [1, 7], [2, 2], [2, 6], [2, 8], [3, 5], [5, 5], [5, 6], [6, 9], [6, 10]]
  357,  [[0, 5], [2, 2], [2, 6], [2, 7], [3, 5], [4, 8], [5, 5], [5, 6], [6, 9], [6, 10]]
  358,  [[0, 5], [2, 6], [2, 6], [2, 7], [3, 5], [4, 5], [5, 6], [6, 8], [9, 9], [10, 10]]
  359,  [[0, 5], [1, 7], [2, 2], [2, 6], [2, 8], [3, 5], [4, 5], [5, 6], [6, 9], [10, 10]]
  360,  [[0, 5], [1, 7], [2, 2], [2, 2], [2, 8], [3, 6], [4, 6], [5, 6], [5, 9], [5, 10]]
  361,  [[0, 0], [1, 7], [2, 2], [2, 2], [2, 8], [3, 5], [5, 5], [5, 6], [6, 9], [6, 10]]
  362,  [[0, 5], [1, 7], [2, 2], [2, 2], [2, 8], [3, 5], [5, 6], [5, 6], [6, 9], [6, 10]]
  363,  [[0, 1], [2, 2], [2, 2], [2, 5], [3, 5], [5, 5], [5, 6], [6, 7], [6, 8], [6, 9]]
  364,  [[0, 1], [2, 2], [2, 2], [2, 5], [3, 5], [4, 5], [5, 5], [6, 7], [6, 8], [6, 9]]
  365,  [[0, 1], [2, 2], [2, 2], [2, 5], [3, 5], [4, 5], [6, 6], [6, 7], [6, 8], [6, 9]]
  366,  [[0, 1], [2, 2], [2, 2], [2, 5], [3, 5], [4, 5], [5, 6], [6, 6], [6, 7], [6, 8]]
  367,  [[0, 1], [2, 2], [2, 2], [2, 5], [3, 5], [4, 5], [5, 6], [6, 7], [6, 8], [9, 9]]
  368,  [[0, 1], [2, 3], [2, 5], [2, 7], [4, 5], [5, 5], [5, 6], [6, 8], [6, 9], [6, 10]]
  369,  [[0, 1], [2, 2], [2, 5], [2, 7], [3, 5], [5, 5], [6, 6], [6, 8], [6, 9], [6, 10]]
  370,  [[0, 1], [2, 2], [2, 5], [2, 7], [3, 5], [5, 5], [5, 6], [6, 6], [6, 8], [6, 9]]
  371,  [[0, 1], [2, 2], [2, 5], [2, 7], [3, 5], [5, 5], [5, 6], [6, 8], [6, 9], [10, 10]]
  372,  [[0, 1], [2, 5], [2, 6], [2, 7], [3, 5], [4, 5], [5, 5], [6, 8], [6, 9], [6, 10]]
  373,  [[0, 1], [2, 2], [2, 5], [2, 7], [3, 5], [4, 5], [5, 5], [6, 6], [6, 8], [6, 9]]
  374,  [[0, 1], [2, 5], [2, 5], [2, 7], [3, 5], [4, 5], [6, 6], [6, 8], [6, 9], [6, 10]]
  375,  [[0, 1], [2, 2], [2, 5], [2, 7], [3, 5], [4, 5], [6, 6], [6, 8], [6, 9], [10, 10]]
  376,  [[0, 1], [2, 5], [2, 7], [2, 8], [3, 5], [4, 5], [5, 6], [6, 6], [6, 9], [6, 10]]
  377,  [[0, 1], [2, 2], [2, 5], [2, 7], [3, 5], [4, 5], [5, 6], [6, 6], [6, 8], [9, 9]]
  378,  [[0, 1], [2, 5], [2, 6], [2, 7], [3, 5], [4, 5], [5, 6], [6, 8], [6, 9], [10, 10]]
  379,  [[0, 1], [2, 2], [2, 2], [2, 3], [4, 5], [5, 5], [5, 6], [6, 7], [6, 8], [6, 9]]
  380,  [[0, 1], [2, 2], [2, 3], [2, 7], [5, 5], [5, 5], [5, 6], [6, 8], [6, 9], [6, 10]]
  381,  [[0, 1], [2, 2], [2, 3], [2, 7], [4, 5], [5, 5], [5, 5], [6, 8], [6, 9], [6, 10]]
  382,  [[0, 1], [2, 2], [2, 3], [2, 7], [4, 5], [5, 5], [5, 6], [6, 6], [6, 8], [6, 9]]
  383,  [[0, 1], [2, 2], [2, 3], [2, 7], [4, 5], [5, 5], [5, 6], [6, 8], [6, 9], [10, 10]]
  384,  [[0, 1], [2, 2], [2, 5], [2, 7], [3, 6], [5, 8], [5, 9], [5, 10], [6, 6], [6, 6]]
  385,  [[0, 1], [2, 2], [2, 2], [2, 7], [3, 5], [5, 5], [5, 5], [6, 6], [6, 8], [6, 9]]
  386,  [[0, 1], [2, 2], [2, 7], [2, 8], [3, 5], [5, 5], [5, 6], [6, 6], [6, 9], [6, 10]]
  387,  [[0, 1], [2, 2], [2, 2], [2, 7], [3, 5], [5, 6], [5, 8], [6, 6], [6, 9], [6, 10]]
  388,  [[0, 1], [2, 2], [2, 2], [2, 7], [3, 5], [4, 6], [5, 5], [5, 6], [6, 8], [6, 9]]
  389,  [[0, 1], [2, 2], [2, 2], [2, 7], [3, 5], [5, 5], [5, 6], [5, 6], [6, 8], [6, 9]]
  390,  [[0, 1], [2, 2], [2, 2], [2, 7], [3, 5], [5, 5], [5, 6], [6, 6], [6, 8], [9, 9]]
  391,  [[0, 1], [2, 2], [2, 5], [2, 7], [3, 6], [5, 6], [5, 8], [5, 9], [6, 6], [10, 10]]
  392,  [[0, 1], [2, 2], [2, 2], [2, 7], [3, 5], [5, 6], [5, 6], [6, 8], [6, 9], [10, 10]]
  393,  [[0, 1], [2, 2], [2, 2], [2, 7], [3, 5], [4, 8], [5, 5], [5, 6], [6, 9], [6, 10]]
  394,  [[0, 1], [2, 2], [2, 2], [2, 7], [3, 5], [5, 5], [5, 6], [5, 8], [6, 9], [6, 10]]
  395,  [[0, 1], [2, 2], [2, 2], [2, 5], [3, 6], [4, 6], [5, 7], [5, 8], [5, 9], [6, 6]]
  396,  [[0, 1], [2, 2], [2, 5], [2, 7], [3, 6], [4, 6], [5, 5], [5, 8], [5, 9], [6, 6]]
  397,  [[0, 1], [2, 2], [2, 5], [2, 7], [3, 6], [4, 6], [5, 8], [5, 9], [6, 6], [10, 10]]
  398,  [[0, 1], [2, 2], [2, 7], [2, 8], [3, 5], [4, 5], [5, 5], [6, 6], [6, 9], [6, 10]]
  399,  [[0, 1], [2, 2], [2, 2], [2, 7], [3, 5], [4, 5], [5, 8], [6, 6], [6, 9], [6, 10]]
  400,  [[0, 1], [2, 2], [2, 2], [2, 7], [3, 5], [4, 5], [5, 5], [5, 6], [6, 8], [6, 9]]
  401,  [[0, 1], [2, 2], [2, 2], [2, 7], [3, 5], [4, 5], [5, 5], [6, 6], [6, 6], [6, 8]]
  402,  [[0, 1], [2, 2], [2, 7], [2, 8], [3, 5], [4, 5], [5, 6], [5, 6], [6, 9], [6, 10]]
  403,  [[0, 1], [2, 2], [2, 7], [2, 8], [3, 5], [4, 5], [5, 6], [6, 6], [6, 9], [10, 10]]
  404,  [[0, 0], [2, 2], [2, 2], [2, 7], [3, 5], [4, 5], [5, 6], [5, 6], [6, 8], [6, 9]]
  405,  [[0, 1], [2, 2], [2, 2], [2, 7], [3, 5], [4, 5], [5, 6], [5, 6], [6, 6], [6, 8]]
  406,  [[0, 1], [2, 2], [2, 2], [2, 7], [3, 5], [4, 5], [5, 6], [5, 6], [6, 8], [9, 9]]
  407,  [[0, 1], [2, 2], [2, 5], [2, 7], [3, 6], [4, 6], [5, 5], [5, 6], [5, 8], [9, 9]]
  408,  [[0, 1], [2, 2], [2, 2], [2, 7], [3, 5], [4, 5], [5, 6], [5, 8], [6, 6], [6, 9]]
  409,  [[0, 1], [2, 2], [2, 2], [2, 7], [3, 5], [4, 5], [5, 6], [6, 6], [6, 8], [9, 10]]
  410,  [[0, 1], [2, 2], [2, 2], [2, 5], [3, 6], [4, 6], [5, 6], [5, 7], [5, 8], [9, 9]]
  411,  [[0, 1], [2, 2], [2, 5], [2, 7], [3, 6], [4, 6], [5, 6], [5, 8], [9, 9], [10, 10]]
  412,  [[0, 1], [2, 2], [2, 5], [2, 7], [3, 6], [4, 6], [5, 6], [5, 8], [5, 9], [6, 10]]
  413,  [[0, 0], [2, 2], [2, 2], [2, 7], [3, 5], [4, 5], [5, 6], [5, 8], [6, 9], [6, 10]]
  414,  [[0, 7], [1, 2], [2, 2], [2, 5], [3, 5], [4, 5], [5, 6], [6, 8], [6, 9], [6, 10]]
  415,  [[0, 0], [1, 2], [2, 2], [2, 5], [3, 5], [5, 5], [5, 6], [6, 7], [6, 8], [6, 9]]
  416,  [[0, 0], [1, 2], [2, 2], [2, 5], [3, 5], [4, 5], [5, 5], [6, 7], [6, 8], [6, 9]]
  417,  [[0, 0], [1, 2], [2, 2], [2, 5], [3, 5], [4, 5], [6, 6], [6, 7], [6, 8], [6, 9]]
  418,  [[0, 0], [1, 2], [2, 2], [2, 5], [3, 5], [4, 5], [5, 6], [6, 6], [6, 7], [6, 8]]
  419,  [[0, 0], [1, 2], [2, 2], [2, 5], [3, 5], [4, 5], [5, 6], [6, 7], [6, 8], [9, 9]]
  420,  [[0, 3], [1, 2], [2, 5], [2, 7], [4, 5], [5, 5], [5, 6], [6, 8], [6, 9], [6, 10]]
  421,  [[0, 0], [1, 2], [2, 5], [2, 7], [3, 5], [5, 5], [6, 6], [6, 8], [6, 9], [6, 10]]
  422,  [[0, 5], [1, 2], [2, 6], [2, 7], [3, 6], [4, 6], [5, 8], [5, 9], [5, 10], [6, 6]]
  423,  [[0, 0], [1, 2], [2, 5], [2, 7], [3, 5], [4, 5], [5, 5], [6, 6], [6, 8], [6, 9]]
  424,  [[0, 0], [1, 2], [2, 5], [2, 7], [3, 5], [4, 5], [6, 6], [6, 8], [6, 9], [10, 10]]
  425,  [[0, 7], [1, 2], [2, 5], [2, 8], [3, 5], [4, 5], [5, 6], [6, 6], [6, 9], [6, 10]]
  426,  [[0, 0], [1, 2], [2, 5], [2, 7], [3, 5], [4, 5], [5, 6], [6, 6], [6, 8], [9, 9]]
  427,  [[0, 5], [1, 2], [2, 6], [2, 7], [3, 6], [4, 6], [5, 6], [5, 8], [5, 9], [10, 10]]
  428,  [[0, 7], [1, 2], [2, 2], [2, 2], [3, 5], [5, 5], [5, 6], [6, 8], [6, 9], [6, 10]]
  429,  [[0, 7], [1, 2], [2, 2], [2, 2], [3, 5], [4, 5], [5, 5], [6, 8], [6, 9], [6, 10]]
  430,  [[0, 7], [1, 2], [2, 2], [2, 2], [3, 5], [4, 5], [5, 6], [6, 6], [6, 8], [6, 9]]
  431,  [[0, 7], [1, 2], [2, 2], [2, 2], [3, 5], [4, 5], [5, 6], [6, 8], [6, 9], [10, 10]]
  432,  [[0, 3], [1, 2], [2, 2], [2, 2], [4, 5], [5, 5], [5, 6], [6, 7], [6, 8], [6, 9]]
  433,  [[0, 0], [1, 2], [2, 2], [2, 3], [4, 5], [5, 5], [5, 6], [6, 7], [6, 8], [6, 9]]
  434,  [[0, 0], [1, 2], [2, 2], [2, 2], [3, 5], [5, 6], [5, 7], [6, 8], [6, 9], [6, 10]]
  435,  [[0, 5], [1, 2], [2, 2], [2, 2], [3, 6], [4, 6], [5, 7], [5, 8], [5, 9], [6, 6]]
  436,  [[0, 0], [1, 2], [2, 2], [2, 5], [3, 6], [4, 6], [5, 7], [5, 8], [5, 9], [6, 6]]
  437,  [[0, 0], [1, 2], [2, 2], [2, 2], [3, 5], [4, 5], [5, 7], [6, 8], [6, 9], [6, 10]]
  438,  [[0, 0], [1, 2], [2, 2], [2, 2], [3, 5], [4, 5], [5, 5], [6, 6], [6, 7], [6, 8]]
  439,  [[0, 3], [1, 2], [2, 2], [2, 7], [5, 5], [5, 5], [5, 6], [6, 8], [6, 9], [6, 10]]
  440,  [[0, 3], [1, 2], [2, 2], [2, 7], [4, 5], [5, 5], [5, 5], [6, 8], [6, 9], [6, 10]]
  441,  [[0, 3], [1, 2], [2, 2], [2, 7], [4, 5], [5, 5], [5, 6], [6, 6], [6, 8], [6, 9]]
  442,  [[0, 3], [1, 2], [2, 2], [2, 7], [4, 5], [5, 5], [5, 6], [6, 8], [6, 9], [10, 10]]
  443,  [[0, 0], [1, 2], [2, 3], [2, 7], [5, 5], [5, 5], [5, 6], [6, 8], [6, 9], [6, 10]]
  444,  [[0, 0], [1, 2], [2, 3], [2, 7], [4, 5], [5, 5], [5, 5], [6, 8], [6, 9], [6, 10]]
  445,  [[0, 0], [1, 2], [2, 3], [2, 7], [4, 5], [5, 5], [5, 6], [6, 6], [6, 8], [6, 9]]
  446,  [[0, 0], [1, 2], [2, 3], [2, 7], [4, 5], [5, 5], [5, 6], [6, 8], [6, 9], [10, 10]]
  447,  [[0, 5], [1, 2], [2, 2], [2, 7], [3, 6], [5, 8], [5, 9], [5, 10], [6, 6], [6, 6]]
  448,  [[0, 0], [1, 2], [2, 5], [2, 7], [3, 6], [5, 8], [5, 9], [5, 10], [6, 6], [6, 6]]
  449,  [[0, 0], [1, 2], [2, 2], [2, 7], [3, 5], [5, 5], [5, 5], [6, 6], [6, 8], [6, 9]]
  450,  [[0, 7], [1, 2], [2, 2], [2, 8], [3, 5], [5, 5], [5, 6], [6, 6], [6, 9], [6, 10]]
  451,  [[0, 0], [1, 2], [2, 7], [2, 8], [3, 5], [5, 5], [5, 6], [6, 6], [6, 9], [6, 10]]
  452,  [[0, 0], [1, 2], [2, 2], [2, 7], [3, 5], [5, 6], [5, 8], [6, 6], [6, 9], [6, 10]]
  453,  [[0, 0], [1, 2], [2, 2], [2, 7], [3, 5], [4, 6], [5, 5], [5, 6], [6, 8], [6, 9]]
  454,  [[0, 0], [1, 2], [2, 2], [2, 7], [3, 5], [5, 5], [5, 6], [5, 6], [6, 8], [6, 9]]
  455,  [[0, 0], [1, 2], [2, 2], [2, 7], [3, 5], [5, 5], [5, 6], [6, 6], [6, 8], [9, 9]]
  456,  [[0, 5], [1, 2], [2, 2], [2, 7], [3, 6], [5, 6], [5, 8], [5, 9], [6, 6], [10, 10]]
  457,  [[0, 0], [1, 2], [2, 5], [2, 7], [3, 6], [5, 6], [5, 8], [5, 9], [6, 6], [10, 10]]
  458,  [[0, 0], [1, 2], [2, 2], [2, 7], [3, 5], [5, 6], [5, 6], [6, 8], [6, 9], [10, 10]]
  459,  [[0, 0], [1, 2], [2, 2], [2, 7], [3, 5], [4, 8], [5, 5], [5, 6], [6, 9], [6, 10]]
  460,  [[0, 0], [1, 2], [2, 2], [2, 7], [3, 5], [5, 5], [5, 6], [5, 8], [6, 9], [6, 10]]
  461,  [[0, 5], [1, 2], [2, 2], [2, 7], [3, 6], [4, 6], [5, 5], [5, 8], [5, 9], [6, 6]]
  462,  [[0, 5], [1, 2], [2, 2], [2, 7], [3, 6], [4, 6], [5, 8], [5, 9], [6, 6], [10, 10]]
  463,  [[0, 0], [1, 2], [2, 5], [2, 7], [3, 6], [4, 6], [5, 5], [5, 8], [5, 9], [6, 6]]
  464,  [[0, 0], [1, 2], [2, 5], [2, 7], [3, 6], [4, 6], [5, 8], [5, 9], [6, 6], [10, 10]]
  465,  [[0, 7], [1, 2], [2, 2], [2, 8], [3, 5], [4, 5], [5, 5], [6, 6], [6, 9], [6, 10]]
  466,  [[0, 0], [1, 2], [2, 7], [2, 8], [3, 5], [4, 5], [5, 5], [6, 6], [6, 9], [6, 10]]
  467,  [[0, 0], [1, 2], [2, 2], [2, 7], [3, 5], [4, 5], [5, 8], [6, 6], [6, 9], [6, 10]]
  468,  [[0, 0], [1, 2], [2, 2], [2, 7], [3, 5], [4, 5], [5, 5], [5, 6], [6, 8], [6, 9]]
  469,  [[0, 0], [1, 2], [2, 2], [2, 7], [3, 5], [4, 5], [5, 5], [6, 6], [6, 6], [6, 8]]
  470,  [[0, 7], [2, 2], [2, 2], [2, 8], [3, 5], [4, 5], [5, 6], [6, 6], [6, 9], [6, 10]]
  471,  [[0, 7], [1, 2], [2, 2], [2, 8], [3, 5], [4, 5], [5, 6], [5, 6], [6, 9], [6, 10]]
  472,  [[0, 7], [1, 2], [2, 2], [2, 8], [3, 5], [4, 5], [5, 6], [6, 6], [6, 9], [10, 10]]
  473,  [[0, 0], [1, 2], [2, 7], [2, 8], [3, 5], [4, 5], [5, 6], [5, 6], [6, 9], [6, 10]]
  474,  [[0, 0], [1, 2], [2, 7], [2, 8], [3, 5], [4, 5], [5, 6], [6, 6], [6, 9], [10, 10]]
  475,  [[0, 0], [1, 2], [2, 2], [2, 2], [3, 5], [4, 5], [5, 6], [5, 6], [6, 7], [6, 8]]
  476,  [[0, 0], [1, 2], [2, 2], [2, 7], [3, 5], [4, 5], [5, 6], [5, 6], [6, 6], [6, 8]]
  477,  [[0, 0], [1, 2], [2, 2], [2, 7], [3, 5], [4, 5], [5, 6], [5, 6], [6, 8], [9, 9]]
  478,  [[0, 5], [1, 2], [2, 2], [2, 7], [3, 6], [4, 6], [5, 5], [5, 6], [5, 8], [9, 9]]
  479,  [[0, 0], [1, 2], [2, 2], [2, 7], [3, 5], [4, 5], [5, 6], [5, 8], [6, 6], [6, 9]]
  480,  [[0, 0], [1, 2], [2, 2], [2, 7], [3, 5], [4, 5], [5, 6], [6, 6], [6, 8], [9, 10]]
  481,  [[0, 5], [2, 2], [2, 2], [2, 7], [3, 6], [4, 6], [5, 6], [5, 8], [5, 9], [10, 10]]
  482,  [[0, 5], [1, 2], [2, 2], [2, 2], [3, 6], [4, 6], [5, 6], [5, 7], [5, 8], [9, 9]]
  483,  [[0, 5], [1, 2], [2, 2], [2, 7], [3, 6], [4, 6], [5, 6], [5, 8], [9, 9], [10, 10]]
  484,  [[0, 5], [1, 2], [2, 2], [2, 7], [3, 6], [4, 6], [5, 6], [5, 8], [5, 9], [6, 10]]
  485,  [[0, 0], [1, 2], [2, 2], [2, 5], [3, 6], [4, 6], [5, 6], [5, 7], [5, 8], [9, 9]]
  486,  [[0, 0], [1, 2], [2, 5], [2, 7], [3, 6], [4, 6], [5, 6], [5, 8], [5, 9], [6, 10]]
  487,  [[0, 0], [1, 2], [2, 2], [2, 2], [3, 5], [4, 5], [5, 6], [5, 7], [6, 8], [6, 9]]
  488,  [[0, 7], [2, 2], [2, 2], [2, 5], [3, 5], [5, 5], [5, 6], [6, 8], [6, 9], [6, 10]]
  489,  [[0, 7], [2, 2], [2, 2], [2, 5], [3, 5], [4, 5], [5, 5], [6, 8], [6, 9], [6, 10]]
  490,  [[0, 7], [2, 2], [2, 2], [2, 5], [3, 5], [4, 5], [6, 6], [6, 8], [6, 9], [6, 10]]
  491,  [[0, 7], [2, 2], [2, 2], [2, 5], [3, 5], [4, 5], [5, 6], [6, 6], [6, 8], [6, 9]]
  492,  [[0, 7], [2, 2], [2, 2], [2, 5], [3, 5], [4, 5], [5, 6], [6, 8], [6, 9], [10, 10]]
  493,  [[0, 3], [2, 2], [2, 2], [2, 5], [4, 5], [5, 5], [5, 6], [6, 7], [6, 8], [6, 9]]
  494,  [[0, 3], [1, 5], [2, 2], [2, 5], [2, 7], [4, 5], [5, 6], [6, 8], [6, 9], [6, 10]]
  495,  [[0, 3], [2, 2], [2, 5], [2, 7], [4, 5], [5, 5], [6, 6], [6, 8], [6, 9], [6, 10]]
  496,  [[0, 3], [2, 2], [2, 5], [2, 7], [4, 5], [5, 5], [5, 6], [6, 6], [6, 8], [6, 9]]
  497,  [[0, 3], [2, 2], [2, 5], [2, 7], [4, 5], [5, 5], [5, 6], [6, 8], [6, 9], [10, 10]]
  498,  [[0, 0], [2, 2], [2, 3], [2, 5], [4, 5], [5, 5], [5, 6], [6, 7], [6, 8], [6, 9]]
  499,  [[0, 0], [1, 5], [2, 3], [2, 5], [2, 7], [4, 5], [5, 6], [6, 8], [6, 9], [6, 10]]
  500,  [[0, 0], [2, 3], [2, 5], [2, 7], [4, 5], [5, 5], [6, 6], [6, 8], [6, 9], [6, 10]]
  501,  [[0, 0], [1, 5], [2, 2], [2, 2], [2, 5], [3, 5], [5, 6], [6, 7], [6, 8], [6, 9]]
  502,  [[0, 0], [1, 5], [2, 2], [2, 5], [2, 7], [5, 5], [5, 6], [6, 8], [6, 9], [6, 10]]
  503,  [[0, 0], [1, 5], [2, 2], [2, 5], [2, 7], [3, 5], [5, 5], [6, 8], [6, 9], [6, 10]]
  504,  [[0, 0], [1, 5], [2, 2], [2, 5], [2, 7], [3, 5], [6, 6], [6, 8], [6, 9], [6, 10]]
  505,  [[0, 0], [1, 5], [2, 2], [2, 5], [2, 7], [3, 5], [5, 6], [6, 6], [6, 8], [6, 9]]
  506,  [[0, 0], [1, 5], [2, 2], [2, 5], [2, 7], [3, 5], [5, 6], [6, 8], [6, 9], [10, 10]]
  507,  [[0, 0], [1, 5], [2, 2], [2, 6], [2, 7], [3, 6], [5, 8], [5, 9], [5, 10], [6, 6]]
  508,  [[0, 0], [2, 2], [2, 5], [2, 7], [3, 5], [4, 6], [5, 5], [6, 8], [6, 9], [6, 10]]
  509,  [[0, 0], [2, 2], [2, 5], [2, 7], [3, 5], [5, 5], [6, 6], [6, 8], [6, 9], [10, 10]]
  510,  [[0, 5], [2, 2], [2, 2], [2, 6], [3, 6], [4, 6], [5, 7], [5, 8], [5, 9], [6, 6]]
  511,  [[0, 5], [2, 2], [2, 6], [2, 7], [3, 6], [4, 6], [5, 5], [5, 8], [5, 9], [6, 6]]
  512,  [[0, 5], [2, 2], [2, 6], [2, 7], [3, 6], [4, 6], [5, 8], [5, 9], [6, 6], [10, 10]]
  513,  [[0, 5], [1, 6], [2, 2], [2, 6], [2, 7], [3, 6], [4, 6], [5, 8], [5, 9], [5, 10]]
  514,  [[0, 0], [2, 2], [2, 5], [2, 6], [3, 5], [4, 5], [5, 5], [6, 7], [6, 8], [6, 9]]
  515,  [[0, 0], [1, 5], [2, 5], [2, 6], [2, 7], [3, 5], [4, 5], [6, 8], [6, 9], [6, 10]]
  516,  [[0, 0], [1, 5], [2, 2], [2, 2], [2, 5], [3, 5], [4, 5], [6, 7], [6, 8], [6, 9]]
  517,  [[0, 0], [1, 5], [2, 2], [2, 5], [2, 7], [3, 5], [4, 5], [6, 6], [6, 8], [6, 9]]
  518,  [[0, 7], [2, 2], [2, 5], [2, 8], [3, 5], [4, 5], [5, 5], [6, 6], [6, 9], [6, 10]]
  519,  [[0, 0], [2, 5], [2, 7], [2, 8], [3, 5], [4, 5], [5, 5], [6, 6], [6, 9], [6, 10]]
  520,  [[0, 0], [2, 2], [2, 5], [2, 7], [3, 5], [4, 5], [5, 8], [6, 6], [6, 9], [6, 10]]
  521,  [[0, 0], [1, 5], [2, 2], [2, 6], [2, 7], [3, 6], [4, 6], [5, 8], [5, 9], [6, 6]]
  522,  [[0, 0], [2, 2], [2, 5], [2, 5], [3, 5], [4, 5], [6, 6], [6, 7], [6, 8], [6, 9]]
  523,  [[0, 0], [1, 5], [2, 6], [2, 6], [2, 7], [3, 6], [4, 6], [5, 8], [5, 9], [5, 10]]
  524,  [[0, 0], [2, 5], [2, 5], [2, 7], [3, 5], [4, 5], [6, 6], [6, 8], [6, 9], [10, 10]]
  525,  [[0, 0], [1, 5], [2, 2], [2, 2], [2, 6], [3, 6], [4, 6], [5, 7], [5, 8], [5, 9]]
  526,  [[0, 0], [1, 5], [2, 2], [2, 6], [2, 7], [3, 6], [4, 6], [5, 5], [5, 8], [5, 9]]
  527,  [[0, 0], [1, 5], [2, 2], [2, 6], [2, 7], [3, 6], [4, 6], [5, 8], [5, 9], [10, 10]]
  528,  [[0, 5], [2, 2], [2, 6], [2, 7], [3, 6], [4, 6], [5, 5], [5, 8], [5, 9], [10, 10]]
  529,  [[0, 0], [1, 7], [2, 2], [2, 5], [2, 8], [3, 5], [4, 5], [6, 6], [6, 9], [6, 10]]
  530,  [[0, 7], [2, 2], [2, 5], [2, 8], [3, 5], [5, 5], [5, 6], [6, 6], [6, 9], [6, 10]]
  531,  [[0, 7], [1, 5], [2, 2], [2, 6], [2, 8], [3, 6], [4, 6], [5, 6], [5, 9], [5, 10]]
  532,  [[0, 7], [2, 2], [2, 5], [2, 8], [3, 5], [4, 5], [5, 6], [6, 6], [6, 9], [10, 10]]
  533,  [[0, 0], [1, 5], [2, 6], [2, 7], [2, 8], [3, 6], [4, 6], [5, 6], [5, 9], [5, 10]]
  534,  [[0, 0], [2, 5], [2, 7], [2, 8], [3, 5], [4, 5], [5, 6], [6, 6], [6, 9], [10, 10]]
  535,  [[0, 0], [1, 5], [2, 2], [2, 2], [2, 6], [3, 6], [4, 6], [5, 6], [5, 7], [5, 8]]
  536,  [[0, 0], [1, 5], [2, 2], [2, 6], [2, 7], [3, 6], [5, 6], [5, 8], [5, 9], [6, 6]]
  537,  [[0, 0], [1, 5], [2, 2], [2, 6], [2, 7], [3, 6], [4, 6], [5, 5], [5, 6], [5, 8]]
  538,  [[0, 0], [1, 5], [2, 2], [2, 6], [2, 7], [3, 6], [4, 6], [5, 6], [5, 8], [9, 9]]
  539,  [[0, 5], [2, 2], [2, 6], [2, 7], [3, 6], [4, 6], [5, 5], [5, 6], [5, 8], [9, 9]]
  540,  [[0, 0], [1, 7], [2, 2], [2, 5], [2, 8], [3, 5], [4, 5], [5, 6], [6, 6], [6, 9]]
  541,  [[0, 0], [2, 2], [2, 5], [2, 7], [3, 5], [4, 5], [5, 6], [6, 6], [6, 8], [9, 10]]
  542,  [[0, 5], [2, 2], [2, 2], [2, 6], [3, 6], [4, 6], [5, 6], [5, 7], [5, 8], [9, 9]]
  543,  [[0, 5], [2, 2], [2, 6], [2, 7], [3, 6], [5, 6], [5, 8], [5, 9], [6, 6], [10, 10]]
  544,  [[0, 5], [2, 2], [2, 6], [2, 7], [3, 6], [4, 6], [5, 6], [5, 8], [9, 9], [10, 10]]
  545,  [[0, 5], [1, 7], [2, 2], [2, 6], [2, 8], [3, 6], [4, 6], [5, 6], [5, 9], [5, 10]]
  546,  [[0, 0], [2, 2], [2, 5], [2, 6], [3, 5], [4, 5], [5, 6], [6, 7], [6, 8], [9, 9]]
  547,  [[0, 0], [1, 7], [2, 5], [2, 6], [2, 8], [3, 5], [4, 5], [5, 6], [6, 9], [6, 10]]
  548,  [[0, 0], [1, 7], [2, 2], [2, 2], [2, 5], [3, 5], [4, 5], [5, 6], [6, 8], [6, 9]]
  549,  [[0, 0], [1, 7], [2, 2], [2, 5], [2, 8], [3, 5], [5, 5], [5, 6], [6, 9], [6, 10]]
  550,  [[0, 3], [2, 2], [2, 4], [2, 7], [5, 5], [5, 5], [5, 6], [6, 8], [6, 9], [6, 10]]
  551,  [[0, 3], [1, 5], [2, 2], [2, 2], [2, 7], [5, 5], [5, 6], [6, 8], [6, 9], [6, 10]]
  552,  [[0, 3], [1, 5], [2, 2], [2, 2], [2, 7], [4, 5], [5, 5], [6, 8], [6, 9], [6, 10]]
  553,  [[0, 3], [1, 5], [2, 2], [2, 2], [2, 7], [4, 5], [5, 6], [6, 6], [6, 8], [6, 9]]
  554,  [[0, 3], [1, 5], [2, 2], [2, 2], [2, 7], [4, 5], [5, 6], [6, 8], [6, 9], [10, 10]]
  555,  [[0, 3], [2, 2], [2, 5], [2, 7], [4, 6], [5, 8], [5, 9], [5, 10], [6, 6], [6, 6]]
  556,  [[0, 3], [2, 2], [2, 2], [2, 7], [4, 5], [5, 5], [5, 5], [6, 6], [6, 8], [6, 9]]
  557,  [[0, 3], [2, 2], [2, 7], [2, 8], [4, 5], [5, 5], [5, 6], [6, 6], [6, 9], [6, 10]]
  558,  [[0, 3], [2, 2], [2, 2], [2, 7], [4, 5], [5, 6], [5, 8], [6, 6], [6, 9], [6, 10]]
  559,  [[0, 3], [1, 5], [2, 2], [2, 2], [2, 7], [4, 6], [5, 6], [5, 8], [5, 9], [6, 6]]
  560,  [[0, 3], [2, 2], [2, 2], [2, 7], [4, 5], [5, 5], [5, 6], [5, 6], [6, 8], [6, 9]]
  561,  [[0, 3], [2, 2], [2, 2], [2, 7], [4, 5], [5, 5], [5, 6], [6, 6], [6, 8], [9, 9]]
  562,  [[0, 3], [2, 2], [2, 5], [2, 7], [4, 6], [5, 6], [5, 8], [5, 9], [6, 6], [10, 10]]
  563,  [[0, 3], [2, 2], [2, 2], [2, 7], [4, 5], [5, 6], [5, 6], [6, 8], [6, 9], [10, 10]]
  564,  [[0, 3], [1, 7], [2, 2], [2, 2], [2, 8], [4, 5], [5, 5], [5, 6], [6, 9], [6, 10]]
  565,  [[0, 3], [2, 2], [2, 2], [2, 7], [4, 5], [5, 5], [5, 6], [5, 8], [6, 9], [6, 10]]
  566,  [[0, 7], [2, 2], [2, 2], [2, 3], [4, 5], [5, 5], [5, 6], [6, 8], [6, 9], [6, 10]]
  567,  [[0, 0], [1, 5], [2, 2], [2, 2], [2, 3], [4, 5], [5, 6], [6, 7], [6, 8], [6, 9]]
  568,  [[0, 0], [2, 2], [2, 2], [2, 3], [4, 5], [5, 6], [5, 7], [6, 8], [6, 9], [6, 10]]
  569,  [[0, 0], [2, 3], [2, 4], [2, 7], [5, 5], [5, 5], [5, 6], [6, 8], [6, 9], [6, 10]]
  570,  [[0, 0], [1, 5], [2, 2], [2, 3], [2, 7], [5, 5], [5, 6], [6, 8], [6, 9], [6, 10]]
  571,  [[0, 0], [1, 5], [2, 2], [2, 3], [2, 7], [4, 5], [5, 5], [6, 8], [6, 9], [6, 10]]
  572,  [[0, 0], [1, 5], [2, 2], [2, 3], [2, 7], [4, 5], [5, 6], [6, 6], [6, 8], [6, 9]]
  573,  [[0, 0], [1, 5], [2, 2], [2, 3], [2, 7], [4, 5], [5, 6], [6, 8], [6, 9], [10, 10]]
  574,  [[0, 5], [2, 2], [2, 3], [2, 7], [4, 6], [5, 8], [5, 9], [5, 10], [6, 6], [6, 6]]
  575,  [[0, 0], [2, 3], [2, 5], [2, 7], [4, 6], [5, 8], [5, 9], [5, 10], [6, 6], [6, 6]]
  576,  [[0, 0], [2, 2], [2, 3], [2, 7], [4, 5], [5, 5], [5, 5], [6, 6], [6, 8], [6, 9]]
  577,  [[0, 7], [2, 2], [2, 3], [2, 8], [4, 5], [5, 5], [5, 6], [6, 6], [6, 9], [6, 10]]
  578,  [[0, 0], [2, 3], [2, 7], [2, 8], [4, 5], [5, 5], [5, 6], [6, 6], [6, 9], [6, 10]]
  579,  [[0, 0], [2, 2], [2, 3], [2, 7], [4, 5], [5, 6], [5, 8], [6, 6], [6, 9], [6, 10]]
  580,  [[0, 0], [1, 5], [2, 2], [2, 3], [2, 7], [4, 6], [5, 6], [5, 8], [5, 9], [6, 6]]
  581,  [[0, 0], [2, 2], [2, 3], [2, 7], [4, 5], [5, 5], [5, 6], [5, 6], [6, 8], [6, 9]]
  582,  [[0, 0], [2, 2], [2, 3], [2, 7], [4, 5], [5, 5], [5, 6], [6, 6], [6, 8], [9, 9]]
  583,  [[0, 5], [2, 2], [2, 3], [2, 7], [4, 6], [5, 6], [5, 8], [5, 9], [6, 6], [10, 10]]
  584,  [[0, 0], [2, 3], [2, 5], [2, 7], [4, 6], [5, 6], [5, 8], [5, 9], [6, 6], [10, 10]]
  585,  [[0, 0], [2, 2], [2, 3], [2, 7], [4, 5], [5, 6], [5, 6], [6, 8], [6, 9], [10, 10]]
  586,  [[0, 0], [1, 7], [2, 2], [2, 3], [2, 8], [4, 5], [5, 5], [5, 6], [6, 9], [6, 10]]
  587,  [[0, 0], [2, 2], [2, 3], [2, 7], [4, 5], [5, 5], [5, 6], [5, 8], [6, 9], [6, 10]]
  588,  [[0, 5], [1, 6], [2, 2], [2, 2], [2, 7], [3, 6], [5, 8], [5, 9], [5, 10], [6, 6]]
  589,  [[0, 0], [1, 5], [2, 2], [2, 6], [2, 7], [3, 5], [5, 5], [6, 8], [6, 9], [6, 10]]
  590,  [[0, 0], [1, 5], [2, 2], [2, 2], [2, 7], [3, 5], [5, 5], [6, 6], [6, 8], [6, 9]]
  591,  [[0, 5], [2, 2], [2, 7], [2, 8], [3, 6], [4, 6], [5, 5], [5, 9], [5, 10], [6, 6]]
  592,  [[0, 5], [1, 5], [2, 2], [2, 2], [2, 7], [3, 6], [4, 6], [5, 8], [5, 9], [6, 6]]
  593,  [[0, 5], [2, 2], [2, 2], [2, 7], [3, 6], [4, 6], [5, 6], [5, 8], [5, 9], [6, 6]]
  594,  [[0, 5], [2, 2], [2, 2], [2, 7], [3, 6], [4, 6], [5, 5], [5, 8], [6, 6], [9, 9]]
  595,  [[0, 5], [1, 6], [2, 2], [2, 2], [2, 7], [3, 6], [4, 6], [5, 5], [5, 8], [5, 9]]
  596,  [[0, 5], [2, 2], [2, 2], [2, 7], [3, 6], [4, 6], [5, 5], [5, 8], [5, 9], [6, 10]]
  597,  [[0, 5], [2, 2], [2, 5], [2, 7], [3, 6], [4, 6], [5, 8], [5, 9], [6, 6], [10, 10]]
  598,  [[0, 5], [1, 6], [2, 2], [2, 2], [2, 7], [3, 6], [4, 6], [5, 8], [5, 9], [10, 10]]
  599,  [[0, 5], [1, 7], [2, 2], [2, 2], [2, 8], [3, 6], [4, 6], [5, 9], [5, 10], [6, 6]]
  600,  [[0, 5], [2, 2], [2, 2], [2, 7], [3, 6], [4, 6], [5, 8], [5, 9], [6, 6], [6, 10]]
  601,  [[0, 7], [2, 2], [2, 2], [2, 5], [3, 6], [4, 6], [5, 8], [5, 9], [5, 10], [6, 6]]
  602,  [[0, 0], [1, 5], [2, 2], [2, 2], [2, 6], [3, 5], [4, 5], [6, 7], [6, 8], [6, 9]]
  603,  [[0, 0], [2, 2], [2, 2], [2, 5], [3, 6], [4, 6], [5, 7], [5, 8], [5, 9], [6, 10]]
  604,  [[0, 7], [2, 2], [2, 5], [2, 8], [3, 6], [4, 6], [5, 5], [5, 9], [5, 10], [6, 6]]
  605,  [[0, 0], [2, 5], [2, 7], [2, 8], [3, 6], [4, 6], [5, 5], [5, 9], [5, 10], [6, 6]]
  606,  [[0, 0], [1, 5], [2, 2], [2, 5], [2, 7], [3, 6], [4, 6], [5, 8], [5, 9], [6, 6]]
  607,  [[0, 0], [2, 2], [2, 5], [2, 7], [3, 6], [4, 6], [5, 6], [5, 8], [5, 9], [6, 6]]
  608,  [[0, 0], [2, 2], [2, 5], [2, 7], [3, 6], [4, 6], [5, 5], [5, 8], [6, 6], [9, 9]]
  609,  [[0, 0], [1, 5], [2, 2], [2, 6], [2, 7], [3, 5], [4, 5], [6, 6], [6, 8], [6, 9]]
  610,  [[0, 0], [2, 2], [2, 5], [2, 7], [3, 6], [4, 6], [5, 5], [5, 8], [5, 9], [6, 10]]
  611,  [[0, 0], [2, 5], [2, 5], [2, 7], [3, 6], [4, 6], [5, 8], [5, 9], [6, 6], [10, 10]]
  612,  [[0, 0], [1, 5], [2, 2], [2, 6], [2, 7], [3, 5], [4, 5], [6, 8], [6, 9], [10, 10]]
  613,  [[0, 0], [1, 7], [2, 2], [2, 5], [2, 8], [3, 6], [4, 6], [5, 9], [5, 10], [6, 6]]
  614,  [[0, 0], [2, 2], [2, 5], [2, 7], [3, 6], [4, 6], [5, 8], [5, 9], [6, 6], [6, 10]]
  615,  [[0, 7], [1, 5], [2, 2], [2, 2], [2, 8], [3, 5], [4, 5], [6, 6], [6, 9], [6, 10]]
  616,  [[0, 0], [1, 5], [2, 2], [2, 7], [2, 8], [3, 5], [4, 5], [6, 6], [6, 9], [6, 10]]
  617,  [[0, 0], [1, 5], [2, 2], [2, 2], [2, 7], [3, 5], [4, 5], [5, 6], [6, 8], [6, 9]]
  618,  [[0, 7], [2, 2], [2, 2], [2, 8], [3, 5], [5, 5], [5, 5], [6, 6], [6, 9], [6, 10]]
  619,  [[0, 7], [1, 5], [2, 2], [2, 2], [2, 8], [3, 6], [4, 6], [5, 9], [5, 10], [6, 6]]
  620,  [[0, 7], [2, 2], [2, 2], [2, 8], [3, 5], [4, 5], [5, 5], [5, 6], [6, 9], [6, 10]]
  621,  [[0, 7], [2, 2], [2, 2], [2, 8], [3, 5], [4, 5], [5, 5], [6, 6], [6, 6], [6, 9]]
  622,  [[0, 0], [2, 2], [2, 7], [2, 8], [3, 5], [5, 5], [5, 5], [6, 6], [6, 9], [6, 10]]
  623,  [[0, 0], [1, 5], [2, 2], [2, 7], [2, 8], [3, 6], [4, 6], [5, 9], [5, 10], [6, 6]]
  624,  [[0, 0], [2, 2], [2, 7], [2, 8], [3, 5], [4, 5], [5, 5], [5, 6], [6, 9], [6, 10]]
  625,  [[0, 0], [2, 2], [2, 7], [2, 8], [3, 5], [4, 5], [5, 5], [6, 6], [6, 6], [6, 9]]
  626,  [[0, 0], [2, 2], [2, 2], [2, 7], [3, 5], [5, 5], [5, 8], [6, 6], [6, 9], [6, 10]]
  627,  [[0, 0], [1, 5], [2, 2], [2, 2], [2, 7], [3, 6], [4, 6], [5, 8], [5, 9], [6, 10]]
  628,  [[0, 0], [1, 5], [2, 2], [2, 2], [2, 7], [3, 6], [4, 6], [5, 5], [5, 8], [6, 6]]
  629,  [[0, 5], [1, 2], [2, 2], [2, 3], [4, 5], [5, 6], [5, 7], [6, 8], [6, 9], [6, 10]]
  630,  [[0, 5], [1, 2], [2, 2], [2, 3], [4, 5], [5, 5], [6, 6], [6, 7], [6, 8], [6, 9]]
  631,  [[0, 5], [1, 2], [2, 2], [2, 3], [4, 5], [5, 5], [5, 6], [6, 6], [6, 7], [6, 8]]
  632,  [[0, 5], [1, 2], [2, 2], [2, 3], [4, 5], [5, 5], [5, 6], [6, 7], [6, 8], [9, 9]]
  633,  [[0, 5], [1, 2], [2, 2], [2, 2], [5, 5], [5, 6], [5, 7], [6, 8], [6, 9], [6, 10]]
  634,  [[0, 5], [1, 2], [2, 2], [2, 2], [3, 5], [5, 5], [5, 7], [6, 8], [6, 9], [6, 10]]
  635,  [[0, 5], [1, 2], [2, 2], [2, 2], [3, 5], [5, 7], [6, 6], [6, 8], [6, 9], [6, 10]]
  636,  [[0, 5], [1, 2], [2, 2], [2, 2], [3, 5], [5, 6], [6, 7], [6, 8], [6, 9], [10, 10]]
  637,  [[0, 5], [1, 2], [2, 2], [2, 2], [3, 5], [5, 6], [5, 7], [6, 6], [6, 8], [6, 9]]
  638,  [[0, 5], [1, 2], [2, 2], [2, 2], [3, 5], [5, 6], [5, 7], [6, 8], [6, 9], [10, 10]]
  639,  [[0, 5], [1, 2], [2, 2], [2, 5], [3, 5], [5, 5], [6, 6], [6, 7], [6, 8], [6, 9]]
  640,  [[0, 5], [1, 2], [2, 2], [2, 2], [3, 5], [4, 6], [5, 5], [6, 7], [6, 8], [6, 9]]
  641,  [[0, 5], [1, 2], [2, 2], [2, 2], [3, 5], [5, 5], [6, 7], [6, 8], [6, 9], [6, 10]]
  642,  [[0, 5], [1, 2], [2, 2], [2, 2], [3, 5], [5, 5], [6, 6], [6, 7], [6, 8], [9, 9]]
  643,  [[0, 5], [1, 2], [2, 2], [2, 6], [3, 5], [4, 5], [5, 7], [6, 8], [6, 9], [6, 10]]
  644,  [[0, 5], [1, 2], [2, 2], [2, 6], [3, 5], [4, 5], [5, 5], [6, 6], [6, 7], [6, 8]]
  645,  [[0, 5], [1, 2], [2, 2], [2, 6], [3, 5], [4, 5], [5, 5], [6, 7], [6, 8], [9, 9]]
  646,  [[0, 5], [1, 2], [2, 2], [2, 2], [3, 5], [4, 5], [6, 7], [6, 8], [6, 9], [10, 10]]
  647,  [[0, 5], [1, 2], [2, 2], [2, 2], [3, 5], [4, 5], [5, 7], [6, 6], [6, 8], [6, 9]]
  648,  [[0, 5], [1, 2], [2, 2], [2, 5], [3, 5], [4, 5], [6, 7], [6, 8], [6, 9], [6, 10]]
  649,  [[0, 5], [1, 2], [2, 2], [2, 5], [3, 5], [4, 5], [6, 6], [6, 7], [6, 8], [9, 9]]
  650,  [[0, 5], [1, 2], [2, 2], [2, 6], [3, 5], [4, 5], [6, 6], [6, 7], [6, 8], [9, 9]]
  651,  [[0, 5], [1, 2], [2, 2], [2, 2], [3, 5], [4, 5], [6, 6], [6, 7], [6, 8], [9, 10]]
  652,  [[0, 5], [1, 2], [2, 2], [2, 6], [3, 5], [4, 5], [5, 6], [6, 6], [6, 7], [8, 8]]
  653,  [[0, 5], [1, 2], [2, 2], [2, 2], [3, 5], [4, 5], [5, 6], [6, 6], [6, 7], [8, 9]]
  654,  [[0, 5], [1, 2], [2, 2], [2, 6], [3, 5], [5, 5], [5, 6], [6, 7], [6, 8], [9, 9]]
  655,  [[0, 5], [1, 2], [2, 2], [2, 6], [3, 5], [4, 5], [5, 6], [6, 7], [8, 8], [9, 9]]
  656,  [[0, 5], [1, 2], [2, 2], [2, 6], [3, 5], [4, 5], [5, 6], [6, 7], [6, 8], [9, 10]]
  657,  [[0, 0], [1, 2], [2, 2], [2, 2], [3, 5], [4, 5], [5, 6], [6, 7], [6, 8], [9, 10]]
  658,  [[0, 5], [1, 2], [2, 2], [2, 2], [3, 5], [5, 5], [5, 6], [6, 7], [6, 8], [9, 10]]
  659,  [[0, 5], [1, 2], [2, 3], [2, 7], [5, 5], [5, 5], [6, 6], [6, 8], [6, 9], [6, 10]]
  660,  [[0, 5], [1, 2], [2, 3], [2, 7], [4, 5], [5, 5], [6, 6], [6, 8], [6, 9], [10, 10]]
  661,  [[0, 5], [1, 2], [2, 3], [2, 7], [4, 5], [5, 6], [5, 8], [6, 6], [6, 9], [6, 10]]
  662,  [[0, 5], [1, 2], [2, 3], [2, 7], [4, 5], [5, 5], [5, 6], [6, 6], [6, 8], [9, 9]]
  663,  [[0, 5], [1, 2], [2, 3], [2, 7], [4, 5], [5, 6], [5, 6], [6, 8], [6, 9], [10, 10]]
  664,  [[0, 5], [1, 2], [2, 5], [2, 7], [3, 5], [4, 6], [5, 5], [6, 8], [6, 9], [6, 10]]
  665,  [[0, 5], [1, 2], [2, 5], [2, 7], [3, 5], [5, 5], [6, 6], [6, 8], [6, 9], [10, 10]]
  666,  [[0, 5], [1, 2], [2, 2], [2, 7], [3, 6], [5, 5], [5, 5], [6, 8], [6, 9], [6, 10]]
  667,  [[0, 5], [1, 2], [2, 2], [2, 7], [5, 5], [5, 5], [6, 6], [6, 8], [6, 9], [10, 10]]
  668,  [[0, 5], [1, 2], [2, 2], [2, 7], [3, 5], [4, 6], [5, 5], [6, 6], [6, 8], [6, 9]]
  669,  [[0, 5], [1, 2], [2, 2], [2, 7], [3, 5], [4, 6], [5, 5], [6, 8], [6, 9], [10, 10]]
  670,  [[0, 5], [1, 2], [2, 6], [2, 7], [3, 5], [5, 5], [6, 6], [6, 8], [6, 9], [10, 10]]
  671,  [[0, 5], [1, 2], [2, 2], [2, 7], [3, 5], [5, 6], [6, 6], [6, 8], [6, 9], [10, 10]]
  672,  [[0, 5], [1, 2], [2, 2], [2, 7], [3, 5], [5, 5], [6, 6], [6, 6], [6, 8], [9, 9]]
  673,  [[0, 5], [1, 2], [2, 2], [2, 7], [3, 5], [4, 8], [5, 5], [6, 6], [6, 9], [6, 10]]
  674,  [[0, 5], [1, 2], [2, 2], [2, 7], [3, 5], [5, 5], [5, 8], [6, 6], [6, 9], [6, 10]]
  675,  [[0, 5], [1, 2], [2, 7], [2, 8], [3, 5], [4, 6], [5, 5], [5, 6], [6, 9], [6, 10]]
  676,  [[0, 5], [1, 2], [2, 7], [2, 8], [3, 5], [5, 5], [5, 6], [6, 6], [6, 9], [10, 10]]
  677,  [[0, 5], [2, 2], [2, 2], [2, 7], [3, 5], [5, 6], [5, 8], [6, 6], [6, 9], [6, 10]]
  678,  [[0, 5], [1, 2], [2, 2], [2, 7], [5, 5], [5, 6], [5, 8], [6, 6], [6, 9], [6, 10]]
  679,  [[0, 5], [1, 2], [2, 2], [2, 7], [3, 5], [4, 6], [5, 6], [5, 8], [6, 9], [6, 10]]
  680,  [[0, 5], [1, 2], [2, 2], [2, 7], [3, 5], [5, 6], [5, 8], [6, 6], [6, 9], [10, 10]]
  681,  [[0, 5], [2, 2], [2, 2], [2, 7], [3, 5], [4, 6], [5, 5], [5, 6], [6, 8], [6, 9]]
  682,  [[0, 5], [1, 2], [2, 2], [2, 2], [3, 5], [4, 6], [5, 5], [5, 6], [6, 7], [6, 8]]
  683,  [[0, 5], [1, 2], [2, 2], [2, 7], [3, 5], [4, 6], [5, 5], [5, 6], [6, 6], [6, 8]]
  684,  [[0, 5], [1, 2], [2, 2], [2, 7], [3, 5], [4, 6], [5, 5], [5, 6], [6, 8], [9, 9]]
  685,  [[0, 5], [1, 2], [2, 2], [2, 7], [3, 5], [5, 6], [5, 6], [6, 6], [6, 8], [9, 9]]
  686,  [[0, 5], [1, 2], [2, 2], [2, 7], [3, 5], [4, 8], [5, 5], [5, 6], [6, 6], [6, 9]]
  687,  [[0, 5], [1, 2], [2, 2], [2, 7], [3, 5], [5, 5], [5, 6], [6, 6], [6, 8], [9, 10]]
  688,  [[0, 5], [1, 2], [2, 6], [2, 7], [3, 5], [4, 8], [5, 5], [5, 6], [6, 9], [6, 10]]
  689,  [[0, 5], [2, 2], [2, 2], [2, 7], [3, 5], [5, 6], [5, 6], [6, 8], [6, 9], [10, 10]]
  690,  [[0, 5], [1, 2], [2, 2], [2, 2], [3, 5], [5, 6], [5, 6], [6, 7], [6, 8], [9, 9]]
  691,  [[0, 5], [1, 2], [2, 2], [2, 7], [5, 5], [5, 6], [5, 6], [6, 8], [6, 9], [10, 10]]
  692,  [[0, 5], [1, 2], [2, 2], [2, 7], [3, 5], [5, 6], [5, 6], [6, 8], [9, 9], [10, 10]]
  693,  [[0, 5], [1, 2], [2, 2], [2, 7], [3, 5], [4, 8], [5, 6], [5, 6], [6, 9], [6, 10]]
  694,  [[0, 5], [2, 2], [2, 2], [2, 7], [3, 5], [4, 8], [5, 5], [5, 6], [6, 9], [6, 10]]
  695,  [[0, 5], [1, 2], [2, 2], [2, 2], [3, 5], [4, 7], [5, 5], [5, 6], [6, 8], [6, 9]]
  696,  [[0, 5], [1, 2], [2, 6], [2, 7], [3, 5], [4, 5], [5, 8], [6, 6], [6, 9], [6, 10]]
  697,  [[0, 5], [1, 2], [2, 6], [2, 7], [3, 5], [4, 5], [5, 5], [6, 6], [6, 8], [9, 9]]
  698,  [[0, 5], [1, 2], [2, 7], [2, 8], [3, 5], [4, 5], [5, 5], [6, 6], [6, 6], [6, 9]]
  699,  [[0, 5], [1, 2], [2, 2], [2, 7], [3, 5], [4, 5], [5, 8], [6, 6], [6, 6], [6, 9]]
  700,  [[0, 5], [1, 2], [2, 5], [2, 7], [3, 5], [4, 5], [6, 6], [6, 6], [6, 8], [9, 9]]
  701,  [[0, 5], [1, 2], [2, 6], [2, 7], [3, 5], [4, 5], [6, 6], [6, 8], [9, 9], [10, 10]]
  702,  [[0, 5], [1, 2], [2, 7], [2, 8], [3, 5], [4, 5], [6, 6], [6, 6], [6, 9], [10, 10]]
  703,  [[0, 5], [1, 2], [2, 2], [2, 7], [3, 5], [4, 5], [6, 6], [6, 6], [6, 8], [9, 10]]
  704,  [[0, 5], [1, 2], [2, 7], [2, 8], [3, 5], [4, 5], [5, 6], [6, 6], [6, 6], [9, 9]]
  705,  [[0, 5], [1, 2], [2, 6], [2, 7], [3, 5], [4, 5], [5, 6], [6, 6], [8, 8], [9, 9]]
  706,  [[0, 5], [1, 2], [2, 6], [2, 7], [3, 5], [4, 5], [5, 6], [6, 6], [6, 8], [9, 10]]
  707,  [[0, 5], [1, 2], [2, 2], [2, 7], [3, 5], [4, 5], [5, 6], [6, 6], [6, 6], [8, 9]]
  708,  [[0, 5], [1, 5], [2, 2], [2, 2], [2, 3], [5, 5], [5, 6], [6, 7], [6, 8], [6, 9]]
  709,  [[0, 5], [1, 5], [2, 2], [2, 2], [2, 3], [4, 5], [5, 5], [6, 7], [6, 8], [6, 9]]
  710,  [[0, 5], [1, 5], [2, 2], [2, 2], [2, 3], [4, 5], [6, 6], [6, 7], [6, 8], [6, 9]]
  711,  [[0, 5], [1, 5], [2, 2], [2, 2], [2, 3], [4, 5], [5, 6], [6, 6], [6, 7], [6, 8]]
  712,  [[0, 5], [1, 5], [2, 2], [2, 2], [2, 3], [4, 5], [5, 6], [6, 7], [6, 8], [9, 9]]
  713,  [[0, 5], [2, 2], [2, 2], [2, 3], [5, 5], [5, 6], [5, 7], [6, 8], [6, 9], [6, 10]]
  714,  [[0, 5], [2, 2], [2, 2], [2, 3], [4, 5], [5, 5], [5, 7], [6, 8], [6, 9], [6, 10]]
  715,  [[0, 5], [2, 2], [2, 2], [2, 3], [4, 5], [5, 7], [6, 6], [6, 8], [6, 9], [6, 10]]
  716,  [[0, 5], [2, 2], [2, 2], [2, 3], [4, 5], [5, 6], [6, 7], [6, 8], [6, 9], [10, 10]]
  717,  [[0, 5], [2, 2], [2, 2], [2, 3], [4, 5], [5, 6], [5, 7], [6, 6], [6, 8], [6, 9]]
  718,  [[0, 5], [2, 2], [2, 2], [2, 3], [4, 5], [5, 6], [5, 7], [6, 8], [6, 9], [10, 10]]
  719,  [[0, 5], [2, 2], [2, 3], [2, 5], [4, 5], [5, 5], [6, 6], [6, 7], [6, 8], [6, 9]]
  720,  [[0, 5], [1, 6], [2, 2], [2, 2], [2, 3], [4, 5], [5, 5], [6, 7], [6, 8], [6, 9]]
  721,  [[0, 5], [2, 2], [2, 2], [2, 3], [4, 5], [5, 5], [6, 7], [6, 8], [6, 9], [6, 10]]
  722,  [[0, 5], [2, 2], [2, 2], [2, 3], [4, 5], [5, 5], [6, 6], [6, 7], [6, 8], [9, 9]]
  723,  [[0, 5], [1, 5], [2, 3], [2, 4], [2, 7], [5, 5], [5, 6], [6, 8], [6, 9], [6, 10]]
  724,  [[0, 5], [1, 5], [2, 2], [2, 3], [2, 7], [5, 5], [6, 6], [6, 8], [6, 9], [6, 10]]
  725,  [[0, 5], [1, 5], [2, 2], [2, 3], [2, 7], [5, 5], [5, 6], [6, 6], [6, 8], [6, 9]]
  726,  [[0, 5], [1, 5], [2, 2], [2, 3], [2, 7], [5, 5], [5, 6], [6, 8], [6, 9], [10, 10]]
  727,  [[0, 5], [1, 5], [2, 3], [2, 6], [2, 7], [4, 5], [5, 5], [6, 8], [6, 9], [6, 10]]
  728,  [[0, 5], [1, 5], [2, 2], [2, 3], [2, 7], [4, 5], [5, 5], [6, 6], [6, 8], [6, 9]]
  729,  [[0, 5], [1, 5], [2, 3], [2, 5], [2, 7], [4, 5], [6, 6], [6, 8], [6, 9], [6, 10]]
  730,  [[0, 5], [1, 5], [2, 2], [2, 3], [2, 7], [4, 5], [6, 6], [6, 8], [6, 9], [10, 10]]
  731,  [[0, 5], [1, 5], [2, 3], [2, 7], [2, 8], [4, 5], [5, 6], [6, 6], [6, 9], [6, 10]]
  732,  [[0, 5], [1, 5], [2, 2], [2, 3], [2, 7], [4, 5], [5, 6], [6, 6], [6, 8], [9, 9]]
  733,  [[0, 5], [1, 5], [2, 3], [2, 6], [2, 7], [4, 5], [5, 6], [6, 8], [6, 9], [10, 10]]
  734,  [[0, 5], [1, 6], [2, 3], [2, 5], [2, 7], [4, 5], [5, 5], [6, 8], [6, 9], [6, 10]]
  735,  [[0, 5], [2, 3], [2, 5], [2, 7], [4, 5], [5, 5], [6, 6], [6, 8], [6, 9], [10, 10]]
  736,  [[0, 5], [2, 3], [2, 4], [2, 7], [5, 5], [5, 5], [6, 6], [6, 8], [6, 9], [6, 10]]
  737,  [[0, 5], [1, 6], [2, 2], [2, 3], [2, 7], [5, 5], [5, 5], [6, 8], [6, 9], [6, 10]]
  738,  [[0, 5], [2, 2], [2, 3], [2, 7], [4, 6], [5, 5], [5, 5], [6, 8], [6, 9], [6, 10]]
  739,  [[0, 5], [2, 2], [2, 3], [2, 7], [5, 5], [5, 5], [6, 6], [6, 8], [6, 9], [10, 10]]
  740,  [[0, 5], [1, 6], [2, 2], [2, 3], [2, 7], [4, 5], [5, 5], [6, 6], [6, 8], [6, 9]]
  741,  [[0, 5], [1, 6], [2, 2], [2, 3], [2, 7], [4, 5], [5, 5], [6, 8], [6, 9], [10, 10]]
  742,  [[0, 5], [2, 3], [2, 6], [2, 7], [4, 5], [5, 5], [6, 6], [6, 8], [6, 9], [10, 10]]
  743,  [[0, 5], [2, 2], [2, 3], [2, 7], [4, 5], [5, 6], [6, 6], [6, 8], [6, 9], [10, 10]]
  744,  [[0, 5], [2, 2], [2, 3], [2, 7], [4, 5], [5, 5], [6, 6], [6, 6], [6, 8], [9, 9]]
  745,  [[0, 5], [1, 7], [2, 2], [2, 3], [2, 8], [4, 5], [5, 5], [6, 6], [6, 9], [6, 10]]
  746,  [[0, 5], [2, 2], [2, 3], [2, 7], [4, 5], [5, 5], [5, 8], [6, 6], [6, 9], [6, 10]]
  747,  [[0, 5], [1, 6], [2, 3], [2, 7], [2, 8], [4, 5], [5, 5], [5, 6], [6, 9], [6, 10]]
  748,  [[0, 5], [2, 3], [2, 7], [2, 8], [4, 5], [5, 5], [5, 6], [6, 6], [6, 9], [10, 10]]
  749,  [[0, 5], [2, 2], [2, 3], [2, 7], [5, 5], [5, 6], [5, 8], [6, 6], [6, 9], [6, 10]]
  750,  [[0, 5], [1, 6], [2, 2], [2, 3], [2, 7], [4, 5], [5, 6], [5, 8], [6, 9], [6, 10]]
  751,  [[0, 5], [2, 2], [2, 3], [2, 7], [4, 5], [5, 6], [5, 8], [6, 6], [6, 9], [10, 10]]
  752,  [[0, 5], [1, 6], [2, 2], [2, 2], [2, 3], [4, 5], [5, 5], [5, 6], [6, 7], [6, 8]]
  753,  [[0, 5], [1, 6], [2, 2], [2, 3], [2, 7], [4, 5], [5, 5], [5, 6], [6, 6], [6, 8]]
  754,  [[0, 5], [1, 6], [2, 2], [2, 3], [2, 7], [4, 5], [5, 5], [5, 6], [6, 8], [9, 9]]
  755,  [[0, 5], [2, 2], [2, 3], [2, 7], [4, 5], [5, 6], [5, 6], [6, 6], [6, 8], [9, 9]]
  756,  [[0, 5], [1, 7], [2, 2], [2, 3], [2, 8], [4, 5], [5, 5], [5, 6], [6, 6], [6, 9]]
  757,  [[0, 5], [2, 2], [2, 3], [2, 7], [4, 5], [5, 5], [5, 6], [6, 6], [6, 8], [9, 10]]
  758,  [[0, 5], [2, 2], [2, 3], [2, 6], [4, 5], [5, 5], [5, 6], [6, 7], [6, 8], [9, 9]]
  759,  [[0, 5], [1, 7], [2, 3], [2, 6], [2, 8], [4, 5], [5, 5], [5, 6], [6, 9], [6, 10]]
  760,  [[0, 5], [2, 2], [2, 2], [2, 3], [4, 5], [5, 6], [5, 6], [6, 7], [6, 8], [9, 9]]
  761,  [[0, 5], [2, 2], [2, 3], [2, 7], [5, 5], [5, 6], [5, 6], [6, 8], [6, 9], [10, 10]]
  762,  [[0, 5], [2, 2], [2, 3], [2, 7], [4, 5], [5, 6], [5, 6], [6, 8], [9, 9], [10, 10]]
  763,  [[0, 5], [1, 7], [2, 2], [2, 3], [2, 8], [4, 5], [5, 6], [5, 6], [6, 9], [6, 10]]
  764,  [[0, 5], [1, 7], [2, 2], [2, 2], [2, 3], [4, 5], [5, 5], [5, 6], [6, 8], [6, 9]]
  765,  [[0, 5], [1, 5], [2, 2], [2, 5], [2, 7], [5, 5], [6, 6], [6, 8], [6, 9], [6, 10]]
  766,  [[0, 5], [1, 5], [2, 2], [2, 2], [2, 7], [3, 6], [5, 5], [6, 8], [6, 9], [6, 10]]
  767,  [[0, 5], [1, 5], [2, 2], [2, 2], [2, 7], [5, 5], [6, 6], [6, 8], [6, 9], [10, 10]]
  768,  [[0, 5], [1, 5], [2, 2], [2, 2], [2, 6], [3, 5], [5, 5], [6, 7], [6, 8], [6, 9]]
  769,  [[0, 5], [1, 5], [2, 2], [2, 6], [2, 7], [3, 5], [5, 5], [6, 6], [6, 8], [6, 9]]
  770,  [[0, 5], [1, 5], [2, 2], [2, 6], [2, 7], [3, 5], [5, 5], [6, 8], [6, 9], [10, 10]]
  771,  [[0, 5], [1, 5], [2, 2], [2, 7], [2, 8], [3, 5], [5, 5], [6, 6], [6, 9], [6, 10]]
  772,  [[0, 5], [1, 5], [2, 2], [2, 2], [2, 7], [3, 5], [5, 8], [6, 6], [6, 9], [6, 10]]
  773,  [[0, 5], [1, 5], [2, 2], [2, 2], [2, 7], [3, 5], [4, 6], [5, 5], [6, 8], [6, 9]]
  774,  [[0, 5], [1, 5], [2, 2], [2, 2], [2, 5], [3, 5], [6, 6], [6, 7], [6, 8], [6, 9]]
  775,  [[0, 5], [1, 5], [2, 2], [2, 5], [2, 7], [3, 5], [4, 6], [6, 8], [6, 9], [6, 10]]
  776,  [[0, 5], [1, 5], [2, 2], [2, 5], [2, 7], [3, 5], [6, 6], [6, 8], [6, 9], [10, 10]]
  777,  [[0, 5], [1, 5], [2, 2], [2, 2], [2, 7], [3, 5], [4, 6], [6, 6], [6, 8], [6, 9]]
  778,  [[0, 5], [1, 5], [2, 2], [2, 2], [2, 7], [3, 5], [4, 6], [6, 8], [6, 9], [10, 10]]
  779,  [[0, 5], [1, 5], [2, 2], [2, 6], [2, 7], [3, 5], [6, 6], [6, 8], [6, 9], [10, 10]]
  780,  [[0, 5], [1, 5], [2, 2], [2, 2], [2, 7], [3, 5], [4, 8], [6, 6], [6, 9], [6, 10]]
  781,  [[0, 0], [1, 5], [2, 2], [2, 7], [2, 8], [3, 5], [5, 6], [6, 6], [6, 9], [6, 10]]
  782,  [[0, 5], [1, 5], [2, 2], [2, 7], [2, 8], [5, 5], [5, 6], [6, 6], [6, 9], [6, 10]]
  783,  [[0, 5], [1, 5], [2, 2], [2, 7], [2, 8], [3, 5], [4, 6], [5, 6], [6, 9], [6, 10]]
  784,  [[0, 5], [1, 5], [2, 2], [2, 7], [2, 8], [3, 5], [5, 6], [6, 6], [6, 9], [10, 10]]
  785,  [[0, 0], [1, 5], [2, 2], [2, 2], [2, 7], [3, 5], [4, 6], [5, 6], [6, 8], [6, 9]]
  786,  [[0, 5], [1, 5], [2, 2], [2, 2], [2, 7], [3, 6], [5, 5], [5, 6], [6, 8], [6, 9]]
  787,  [[0, 5], [1, 5], [2, 2], [2, 2], [2, 7], [3, 5], [4, 6], [5, 6], [6, 6], [6, 8]]
  788,  [[0, 5], [1, 5], [2, 2], [2, 2], [2, 7], [3, 5], [4, 6], [5, 6], [6, 8], [9, 9]]
  789,  [[0, 5], [1, 5], [2, 2], [2, 6], [2, 7], [3, 5], [5, 6], [6, 6], [6, 8], [9, 9]]
  790,  [[0, 5], [1, 5], [2, 2], [2, 2], [2, 7], [3, 5], [4, 8], [5, 6], [6, 6], [6, 9]]
  791,  [[0, 5], [1, 5], [2, 2], [2, 2], [2, 7], [3, 5], [5, 6], [6, 6], [6, 8], [9, 10]]
  792,  [[0, 0], [1, 5], [2, 2], [2, 6], [2, 7], [3, 5], [5, 6], [6, 8], [6, 9], [10, 10]]
  793,  [[0, 5], [1, 5], [2, 2], [2, 2], [2, 6], [3, 5], [5, 6], [6, 7], [6, 8], [9, 9]]
  794,  [[0, 5], [1, 5], [2, 2], [2, 6], [2, 7], [5, 5], [5, 6], [6, 8], [6, 9], [10, 10]]
  795,  [[0, 5], [1, 5], [2, 2], [2, 6], [2, 7], [3, 5], [5, 6], [6, 8], [9, 9], [10, 10]]
  796,  [[0, 5], [1, 5], [2, 2], [2, 6], [2, 7], [3, 5], [4, 8], [5, 6], [6, 9], [6, 10]]
  797,  [[0, 0], [1, 5], [2, 2], [2, 2], [2, 7], [3, 5], [4, 8], [5, 6], [6, 9], [6, 10]]
  798,  [[0, 5], [1, 5], [2, 2], [2, 2], [2, 7], [3, 8], [5, 5], [5, 6], [6, 9], [6, 10]]
  799,  [[0, 5], [1, 6], [2, 2], [2, 2], [2, 5], [3, 5], [5, 5], [6, 7], [6, 8], [6, 9]]
  800,  [[0, 5], [1, 6], [2, 2], [2, 5], [2, 7], [3, 5], [5, 5], [6, 6], [6, 8], [6, 9]]
  801,  [[0, 5], [1, 6], [2, 2], [2, 5], [2, 7], [3, 5], [5, 5], [6, 8], [6, 9], [10, 10]]
  802,  [[0, 5], [2, 2], [2, 2], [2, 5], [3, 5], [4, 6], [5, 5], [6, 7], [6, 8], [6, 9]]
  803,  [[0, 5], [2, 2], [2, 5], [2, 7], [3, 5], [4, 6], [5, 5], [6, 6], [6, 8], [6, 9]]
  804,  [[0, 5], [2, 2], [2, 5], [2, 7], [3, 5], [4, 6], [5, 5], [6, 8], [6, 9], [10, 10]]
  805,  [[0, 5], [2, 2], [2, 5], [2, 7], [3, 5], [5, 6], [6, 6], [6, 8], [6, 9], [10, 10]]
  806,  [[0, 5], [1, 7], [2, 2], [2, 5], [2, 8], [3, 5], [5, 5], [6, 6], [6, 9], [6, 10]]
  807,  [[0, 5], [2, 2], [2, 5], [2, 7], [3, 5], [4, 8], [5, 5], [6, 6], [6, 9], [6, 10]]
  808,  [[0, 5], [1, 6], [2, 2], [2, 7], [2, 8], [3, 5], [5, 5], [6, 6], [6, 9], [6, 10]]
  809,  [[0, 5], [1, 6], [2, 2], [2, 2], [2, 7], [3, 5], [5, 8], [6, 6], [6, 9], [6, 10]]
  810,  [[0, 5], [1, 6], [2, 2], [2, 2], [2, 7], [3, 5], [4, 6], [5, 5], [6, 8], [6, 9]]
  811,  [[0, 5], [1, 6], [2, 2], [2, 2], [2, 7], [3, 5], [5, 5], [6, 6], [6, 8], [9, 9]]
  812,  [[0, 5], [1, 6], [2, 2], [2, 6], [2, 7], [3, 5], [5, 5], [6, 8], [6, 9], [10, 10]]
  813,  [[0, 5], [1, 6], [2, 2], [2, 2], [2, 7], [3, 5], [5, 6], [6, 8], [6, 9], [10, 10]]
  814,  [[0, 5], [1, 6], [2, 2], [2, 2], [2, 7], [3, 5], [4, 8], [5, 5], [6, 9], [6, 10]]
  815,  [[0, 5], [1, 6], [2, 2], [2, 2], [2, 7], [3, 5], [5, 5], [5, 8], [6, 9], [6, 10]]
  816,  [[0, 5], [2, 2], [2, 7], [2, 8], [3, 5], [4, 6], [5, 5], [6, 6], [6, 9], [6, 10]]
  817,  [[0, 5], [2, 2], [2, 2], [2, 7], [3, 5], [4, 6], [5, 8], [6, 6], [6, 9], [6, 10]]
  818,  [[0, 5], [2, 2], [2, 2], [2, 7], [3, 5], [4, 6], [5, 5], [6, 6], [6, 8], [9, 9]]
  819,  [[0, 5], [2, 2], [2, 6], [2, 7], [3, 5], [4, 6], [5, 5], [6, 8], [6, 9], [10, 10]]
  820,  [[0, 5], [2, 2], [2, 2], [2, 7], [3, 5], [4, 6], [5, 6], [6, 8], [6, 9], [10, 10]]
  821,  [[0, 5], [1, 7], [2, 2], [2, 2], [2, 8], [3, 5], [4, 6], [5, 5], [6, 9], [6, 10]]
  822,  [[0, 5], [2, 2], [2, 2], [2, 7], [3, 5], [4, 6], [5, 5], [5, 8], [6, 9], [6, 10]]
  823,  [[0, 5], [2, 2], [2, 6], [2, 7], [3, 5], [5, 5], [6, 6], [6, 8], [9, 9], [10, 10]]
  824,  [[0, 5], [1, 7], [2, 2], [2, 6], [2, 8], [3, 5], [5, 5], [6, 6], [6, 9], [6, 10]]
  825,  [[0, 5], [2, 2], [2, 6], [2, 7], [3, 5], [4, 8], [5, 5], [6, 6], [6, 9], [6, 10]]
  826,  [[0, 5], [2, 2], [2, 6], [2, 7], [3, 5], [5, 5], [5, 8], [6, 6], [6, 9], [6, 10]]
  827,  [[0, 5], [1, 7], [2, 2], [2, 2], [2, 8], [5, 5], [5, 5], [6, 6], [6, 9], [6, 10]]
  828,  [[0, 5], [1, 7], [2, 2], [2, 2], [2, 8], [3, 5], [5, 6], [6, 6], [6, 9], [6, 10]]
  829,  [[0, 5], [1, 7], [2, 2], [2, 2], [2, 8], [3, 5], [5, 5], [6, 6], [6, 6], [6, 9]]
  830,  [[0, 5], [2, 2], [2, 2], [2, 7], [3, 8], [5, 5], [5, 5], [6, 6], [6, 9], [6, 10]]
  831,  [[0, 5], [2, 2], [2, 2], [2, 7], [3, 5], [4, 8], [5, 6], [6, 6], [6, 9], [6, 10]]
  832,  [[0, 5], [2, 2], [2, 2], [2, 7], [3, 5], [4, 8], [5, 5], [6, 6], [6, 6], [6, 9]]
  833,  [[0, 5], [1, 5], [2, 2], [2, 2], [2, 6], [3, 5], [4, 5], [6, 6], [6, 7], [6, 8]]
  834,  [[0, 5], [1, 5], [2, 2], [2, 2], [2, 6], [3, 5], [4, 5], [6, 7], [6, 8], [9, 9]]
  835,  [[0, 5], [2, 2], [2, 2], [2, 6], [3, 5], [5, 5], [5, 7], [6, 8], [6, 9], [6, 10]]
  836,  [[0, 5], [2, 2], [2, 2], [2, 6], [3, 5], [4, 5], [6, 7], [6, 8], [6, 9], [10, 10]]
  837,  [[0, 5], [2, 2], [2, 2], [2, 6], [3, 5], [4, 5], [5, 7], [6, 6], [6, 8], [6, 9]]
  838,  [[0, 5], [2, 2], [2, 2], [2, 6], [3, 5], [4, 5], [5, 7], [6, 8], [6, 9], [10, 10]]
  839,  [[0, 5], [1, 5], [2, 6], [2, 7], [2, 8], [3, 5], [4, 5], [6, 6], [6, 9], [6, 10]]
  840,  [[0, 5], [1, 5], [2, 2], [2, 6], [2, 7], [3, 5], [4, 5], [6, 6], [6, 8], [9, 9]]
  841,  [[0, 5], [1, 5], [2, 6], [2, 6], [2, 7], [3, 5], [4, 5], [6, 8], [6, 9], [10, 10]]
  842,  [[0, 5], [1, 6], [2, 6], [2, 7], [2, 8], [3, 5], [4, 5], [5, 5], [6, 9], [6, 10]]
  843,  [[0, 5], [2, 6], [2, 7], [2, 8], [3, 5], [4, 5], [5, 5], [6, 6], [6, 9], [10, 10]]
  844,  [[0, 5], [1, 6], [2, 2], [2, 6], [2, 7], [3, 5], [4, 5], [5, 8], [6, 9], [6, 10]]
  845,  [[0, 5], [2, 2], [2, 6], [2, 7], [3, 5], [4, 5], [5, 8], [6, 6], [6, 9], [10, 10]]
  846,  [[0, 5], [1, 6], [2, 2], [2, 2], [2, 6], [3, 5], [4, 5], [5, 5], [6, 7], [6, 8]]
  847,  [[0, 5], [1, 6], [2, 2], [2, 6], [2, 7], [3, 5], [4, 5], [5, 5], [6, 6], [6, 8]]
  848,  [[0, 5], [1, 6], [2, 2], [2, 6], [2, 7], [3, 5], [4, 5], [5, 5], [6, 8], [9, 9]]
  849,  [[0, 5], [1, 7], [2, 2], [2, 6], [2, 8], [3, 5], [4, 5], [5, 5], [6, 6], [6, 9]]
  850,  [[0, 5], [2, 2], [2, 6], [2, 7], [3, 5], [4, 5], [5, 5], [6, 6], [6, 8], [9, 10]]
  851,  [[0, 5], [2, 2], [2, 6], [2, 6], [3, 5], [4, 5], [5, 5], [6, 7], [6, 8], [9, 9]]
  852,  [[0, 5], [1, 7], [2, 6], [2, 6], [2, 8], [3, 5], [4, 5], [5, 5], [6, 9], [6, 10]]
  853,  [[0, 5], [1, 7], [2, 2], [2, 2], [2, 6], [3, 5], [4, 5], [5, 5], [6, 8], [6, 9]]
  854,  [[0, 5], [1, 5], [2, 2], [2, 7], [2, 8], [3, 5], [4, 5], [6, 6], [6, 6], [6, 9]]
  855,  [[0, 5], [1, 6], [2, 2], [2, 7], [2, 8], [3, 5], [4, 5], [5, 5], [6, 6], [6, 9]]
  856,  [[0, 5], [2, 7], [2, 8], [2, 9], [3, 5], [4, 5], [5, 5], [6, 6], [6, 6], [6, 10]]
  857,  [[0, 5], [2, 2], [2, 7], [2, 8], [3, 5], [4, 5], [5, 9], [6, 6], [6, 6], [6, 10]]
  858,  [[0, 5], [1, 6], [2, 2], [2, 2], [2, 7], [3, 5], [4, 5], [5, 8], [6, 6], [6, 9]]
  859,  [[0, 5], [1, 6], [2, 2], [2, 2], [2, 5], [3, 5], [4, 5], [6, 6], [6, 7], [6, 8]]
  860,  [[0, 5], [1, 6], [2, 2], [2, 2], [2, 5], [3, 5], [4, 5], [6, 7], [6, 8], [9, 9]]
  861,  [[0, 0], [2, 2], [2, 2], [2, 5], [3, 5], [4, 5], [6, 7], [6, 8], [6, 9], [6, 10]]
  862,  [[0, 5], [2, 2], [2, 2], [2, 5], [3, 5], [5, 5], [6, 7], [6, 8], [6, 9], [6, 10]]
  863,  [[0, 5], [2, 2], [2, 2], [2, 5], [3, 5], [4, 5], [6, 7], [6, 8], [6, 9], [10, 10]]
  864,  [[0, 5], [2, 2], [2, 5], [2, 6], [3, 5], [4, 5], [6, 6], [6, 7], [6, 8], [9, 9]]
  865,  [[0, 5], [1, 7], [2, 2], [2, 2], [2, 5], [3, 5], [4, 5], [6, 6], [6, 8], [6, 9]]
  866,  [[0, 5], [2, 2], [2, 2], [2, 5], [3, 5], [4, 5], [6, 6], [6, 7], [6, 8], [9, 10]]
  867,  [[0, 5], [1, 6], [2, 5], [2, 7], [2, 8], [3, 5], [4, 5], [6, 6], [6, 9], [6, 10]]
  868,  [[0, 5], [1, 6], [2, 2], [2, 5], [2, 7], [3, 5], [4, 5], [6, 6], [6, 8], [9, 9]]
  869,  [[0, 5], [1, 6], [2, 5], [2, 6], [2, 7], [3, 5], [4, 5], [6, 8], [6, 9], [10, 10]]
  870,  [[0, 5], [2, 5], [2, 6], [2, 7], [3, 5], [4, 5], [6, 6], [6, 8], [9, 9], [10, 10]]
  871,  [[0, 5], [1, 7], [2, 5], [2, 6], [2, 8], [3, 5], [4, 5], [6, 6], [6, 9], [6, 10]]
  872,  [[0, 5], [2, 5], [2, 7], [2, 8], [3, 5], [4, 5], [6, 6], [6, 6], [6, 9], [10, 10]]
  873,  [[0, 5], [1, 7], [2, 2], [2, 5], [2, 8], [3, 5], [4, 5], [6, 6], [6, 6], [6, 9]]
  874,  [[0, 5], [2, 2], [2, 5], [2, 7], [3, 5], [4, 5], [6, 6], [6, 6], [6, 8], [9, 10]]
  875,  [[0, 5], [1, 6], [2, 2], [2, 7], [2, 8], [3, 5], [4, 5], [6, 6], [6, 9], [10, 10]]
  876,  [[0, 5], [1, 6], [2, 2], [2, 6], [2, 7], [3, 5], [4, 5], [6, 6], [6, 8], [9, 9]]
  877,  [[0, 5], [1, 6], [2, 2], [2, 2], [2, 7], [3, 5], [4, 5], [6, 6], [6, 8], [9, 10]]
  878,  [[0, 5], [1, 6], [2, 2], [2, 2], [2, 6], [3, 5], [4, 5], [6, 7], [6, 8], [9, 9]]
  879,  [[0, 5], [1, 6], [2, 2], [2, 6], [2, 7], [3, 5], [4, 5], [6, 8], [9, 9], [10, 10]]
  880,  [[0, 5], [1, 7], [2, 2], [2, 6], [2, 8], [3, 5], [4, 5], [6, 6], [6, 9], [10, 10]]
  881,  [[0, 5], [1, 7], [2, 2], [2, 2], [2, 6], [3, 5], [4, 5], [6, 6], [6, 8], [6, 9]]
  882,  [[0, 5], [1, 7], [2, 2], [2, 8], [2, 9], [3, 5], [4, 5], [6, 6], [6, 6], [6, 10]]
  883,  [[0, 0], [1, 5], [2, 2], [2, 7], [2, 8], [3, 6], [5, 6], [5, 9], [5, 10], [6, 6]]
  884,  [[0, 0], [2, 2], [2, 7], [2, 8], [3, 5], [4, 6], [5, 5], [5, 6], [6, 9], [6, 10]]
  885,  [[0, 0], [2, 2], [2, 7], [2, 8], [3, 5], [5, 5], [5, 6], [5, 6], [6, 9], [6, 10]]
  886,  [[0, 0], [2, 2], [2, 7], [2, 8], [3, 5], [5, 5], [5, 6], [6, 6], [6, 9], [10, 10]]
  887,  [[0, 0], [1, 5], [2, 2], [2, 7], [2, 8], [3, 6], [4, 6], [5, 5], [5, 6], [5, 9]]
  888,  [[0, 0], [1, 5], [2, 2], [2, 7], [2, 8], [3, 6], [4, 6], [5, 6], [5, 9], [10, 10]]
  889,  [[0, 0], [2, 2], [2, 7], [2, 8], [3, 5], [4, 5], [5, 6], [5, 6], [6, 6], [6, 9]]
  890,  [[0, 0], [2, 2], [2, 7], [2, 8], [3, 5], [4, 5], [5, 6], [5, 6], [6, 9], [10, 10]]
  891,  [[0, 5], [2, 2], [2, 7], [2, 8], [3, 6], [4, 6], [5, 5], [5, 6], [5, 9], [10, 10]]
  892,  [[0, 0], [1, 7], [2, 2], [2, 8], [2, 9], [3, 5], [4, 5], [5, 6], [6, 6], [6, 10]]
  893,  [[0, 0], [2, 2], [2, 7], [2, 8], [3, 5], [4, 5], [5, 6], [5, 9], [6, 6], [6, 10]]
  894,  [[0, 5], [1, 6], [2, 2], [2, 7], [2, 8], [3, 5], [5, 5], [5, 6], [6, 6], [6, 9]]
  895,  [[0, 5], [1, 6], [2, 2], [2, 7], [2, 8], [3, 5], [5, 5], [5, 6], [6, 9], [10, 10]]
  896,  [[0, 5], [2, 2], [2, 7], [2, 8], [3, 5], [4, 6], [5, 5], [5, 6], [6, 6], [6, 9]]
  897,  [[0, 5], [2, 2], [2, 7], [2, 8], [3, 5], [4, 6], [5, 5], [5, 6], [6, 9], [10, 10]]
  898,  [[0, 5], [2, 2], [2, 7], [2, 8], [3, 5], [5, 6], [5, 6], [6, 6], [6, 9], [10, 10]]
  899,  [[0, 5], [2, 2], [2, 7], [2, 8], [3, 5], [5, 5], [6, 6], [6, 6], [6, 9], [10, 10]]
  900,  [[0, 5], [1, 7], [2, 2], [2, 8], [2, 9], [3, 5], [5, 5], [5, 6], [6, 6], [6, 10]]
  901,  [[0, 5], [2, 2], [2, 7], [2, 8], [3, 5], [4, 9], [5, 5], [5, 6], [6, 6], [6, 10]]
  902,  [[0, 5], [1, 6], [2, 7], [2, 8], [2, 9], [3, 5], [4, 5], [5, 6], [6, 6], [6, 10]]
  903,  [[0, 5], [1, 6], [2, 2], [2, 7], [2, 8], [3, 5], [4, 5], [5, 6], [6, 6], [9, 9]]
  904,  [[0, 5], [1, 6], [2, 6], [2, 7], [2, 8], [3, 5], [4, 5], [5, 6], [6, 9], [10, 10]]
  905,  [[0, 5], [2, 6], [2, 7], [2, 8], [3, 5], [4, 5], [5, 6], [6, 6], [9, 9], [10, 10]]
  906,  [[0, 5], [1, 7], [2, 6], [2, 8], [2, 9], [3, 5], [4, 5], [5, 6], [6, 6], [6, 10]]
  907,  [[0, 5], [2, 7], [2, 8], [2, 9], [3, 5], [4, 5], [5, 6], [6, 6], [6, 6], [10, 10]]
  908,  [[0, 5], [1, 7], [2, 2], [2, 8], [2, 9], [3, 5], [4, 5], [5, 6], [6, 6], [6, 6]]
  909,  [[0, 5], [2, 2], [2, 7], [2, 8], [3, 5], [4, 5], [5, 6], [6, 6], [6, 6], [9, 10]]
  910,  [[0, 7], [1, 5], [2, 2], [2, 2], [2, 8], [3, 6], [5, 6], [5, 9], [5, 10], [6, 6]]
  911,  [[0, 7], [1, 5], [2, 2], [2, 2], [2, 8], [3, 6], [4, 6], [5, 5], [5, 6], [5, 9]]
  912,  [[0, 7], [1, 5], [2, 2], [2, 2], [2, 8], [3, 6], [4, 6], [5, 6], [5, 9], [10, 10]]
  913,  [[0, 0], [1, 5], [2, 2], [2, 2], [2, 7], [3, 6], [5, 6], [5, 8], [5, 9], [6, 10]]
  914,  [[0, 5], [1, 6], [2, 2], [2, 2], [2, 7], [5, 5], [5, 6], [5, 8], [6, 9], [6, 10]]
  915,  [[0, 5], [1, 6], [2, 2], [2, 2], [2, 7], [3, 5], [5, 6], [5, 8], [6, 6], [6, 9]]
  916,  [[0, 5], [1, 6], [2, 2], [2, 2], [2, 7], [3, 5], [5, 6], [5, 8], [6, 9], [10, 10]]
  917,  [[0, 5], [1, 6], [2, 2], [2, 6], [2, 7], [3, 5], [4, 5], [5, 6], [6, 6], [8, 8]]
  918,  [[0, 5], [1, 6], [2, 2], [2, 2], [2, 7], [3, 5], [4, 5], [5, 6], [6, 6], [8, 9]]
  919,  [[0, 0], [1, 5], [2, 2], [2, 5], [2, 7], [3, 6], [4, 6], [5, 6], [5, 8], [9, 9]]
  920,  [[0, 5], [1, 6], [2, 2], [2, 2], [2, 6], [3, 5], [4, 5], [5, 6], [6, 7], [8, 8]]
  921,  [[0, 5], [1, 6], [2, 2], [2, 6], [2, 7], [3, 5], [5, 5], [5, 6], [6, 8], [9, 9]]
  922,  [[0, 5], [1, 6], [2, 2], [2, 6], [2, 7], [3, 5], [4, 5], [5, 6], [8, 8], [9, 9]]
  923,  [[0, 5], [1, 6], [2, 2], [2, 6], [2, 7], [3, 5], [4, 5], [5, 6], [6, 8], [9, 10]]
  924,  [[0, 0], [1, 5], [2, 2], [2, 2], [2, 7], [3, 6], [4, 6], [5, 6], [5, 8], [9, 10]]
  925,  [[0, 5], [1, 6], [2, 2], [2, 2], [2, 7], [3, 5], [5, 5], [5, 6], [6, 8], [9, 10]]
  926,  [[0, 5], [1, 7], [2, 2], [2, 6], [2, 8], [3, 5], [4, 5], [5, 6], [6, 6], [9, 9]]
  927,  [[0, 5], [2, 2], [2, 6], [2, 7], [3, 5], [4, 5], [5, 6], [6, 6], [8, 8], [9, 10]]
  928,  [[0, 0], [1, 7], [2, 2], [2, 5], [2, 8], [3, 6], [4, 6], [5, 5], [5, 6], [5, 9]]
  929,  [[0, 5], [1, 7], [2, 2], [2, 2], [2, 6], [3, 5], [4, 5], [5, 6], [6, 6], [6, 8]]
  930,  [[0, 5], [1, 7], [2, 2], [2, 6], [2, 8], [3, 5], [5, 5], [5, 6], [6, 6], [6, 9]]
  931,  [[0, 0], [2, 2], [2, 5], [2, 7], [3, 6], [4, 6], [5, 5], [5, 6], [5, 8], [9, 10]]
  932,  [[0, 5], [2, 2], [2, 2], [2, 6], [3, 5], [4, 5], [5, 6], [6, 6], [6, 7], [8, 9]]
  933,  [[0, 5], [2, 2], [2, 6], [2, 7], [3, 5], [5, 5], [5, 6], [6, 6], [6, 8], [9, 10]]
  934,  [[0, 5], [1, 7], [2, 2], [2, 2], [2, 8], [3, 6], [4, 6], [5, 5], [5, 6], [5, 9]]
  935,  [[0, 7], [1, 8], [2, 2], [2, 2], [2, 9], [3, 5], [4, 5], [5, 6], [6, 6], [6, 10]]
  936,  [[0, 0], [1, 7], [2, 2], [2, 2], [2, 8], [3, 5], [5, 5], [5, 6], [6, 6], [6, 9]]
  937,  [[0, 0], [1, 7], [2, 2], [2, 2], [2, 8], [3, 5], [4, 5], [5, 6], [5, 6], [6, 9]]
  938,  [[0, 5], [1, 7], [2, 2], [2, 2], [2, 8], [3, 5], [5, 6], [5, 6], [6, 6], [6, 9]]
  939,  [[0, 5], [1, 7], [2, 2], [2, 2], [2, 8], [3, 5], [5, 6], [5, 9], [6, 6], [6, 10]]
  940,  [[0, 5], [1, 7], [2, 2], [2, 2], [2, 8], [3, 5], [4, 6], [5, 5], [5, 6], [6, 9]]
  941,  [[0, 5], [2, 2], [2, 2], [2, 7], [3, 6], [4, 6], [5, 5], [5, 6], [5, 8], [9, 10]]
  942,  [[0, 0], [2, 2], [2, 2], [2, 7], [3, 5], [5, 5], [5, 6], [6, 6], [6, 8], [9, 10]]
  943,  [[0, 0], [2, 2], [2, 2], [2, 7], [3, 5], [4, 5], [5, 6], [5, 6], [6, 8], [9, 10]]
  944,  [[0, 5], [2, 2], [2, 2], [2, 7], [3, 5], [5, 6], [5, 6], [6, 6], [6, 8], [9, 10]]
  945,  [[0, 5], [2, 2], [2, 2], [2, 7], [3, 5], [5, 5], [6, 6], [6, 6], [6, 8], [9, 10]]
  946,  [[0, 5], [2, 2], [2, 2], [2, 7], [3, 5], [4, 6], [5, 5], [5, 6], [6, 8], [9, 10]]
  947,  [[0, 0], [1, 7], [2, 2], [2, 5], [2, 8], [3, 6], [5, 6], [5, 9], [5, 10], [6, 6]]
  948,  [[0, 0], [2, 2], [2, 5], [2, 7], [3, 6], [4, 8], [5, 6], [5, 9], [5, 10], [6, 6]]
  949,  [[0, 0], [2, 2], [2, 5], [2, 7], [3, 6], [5, 6], [5, 8], [5, 9], [6, 6], [6, 10]]
  950,  [[0, 0], [1, 7], [2, 2], [2, 2], [2, 5], [3, 6], [4, 6], [5, 6], [5, 8], [5, 9]]
  951,  [[0, 0], [1, 7], [2, 2], [2, 5], [2, 8], [3, 6], [4, 6], [5, 6], [5, 9], [10, 10]]
  952,  [[0, 0], [2, 2], [2, 2], [2, 5], [3, 6], [4, 6], [5, 6], [5, 7], [5, 8], [6, 9]]
  953,  [[0, 0], [2, 2], [2, 5], [2, 7], [3, 6], [4, 6], [5, 5], [5, 6], [5, 8], [6, 9]]
  954,  [[0, 0], [2, 2], [2, 5], [2, 7], [3, 6], [4, 6], [5, 6], [5, 8], [6, 9], [10, 10]]
  955,  [[0, 5], [1, 7], [2, 2], [2, 2], [2, 6], [3, 5], [5, 5], [5, 6], [6, 8], [6, 9]]
  956,  [[0, 5], [1, 7], [2, 2], [2, 2], [2, 6], [3, 5], [4, 5], [5, 6], [6, 8], [9, 9]]
  957,  [[0, 0], [2, 2], [2, 2], [2, 5], [3, 6], [4, 6], [5, 6], [5, 7], [5, 8], [9, 10]]
  958,  [[0, 5], [2, 2], [2, 2], [2, 6], [3, 5], [5, 5], [5, 6], [6, 7], [6, 8], [9, 10]]
  959,  [[0, 5], [2, 2], [2, 2], [2, 6], [3, 5], [4, 5], [5, 5], [6, 7], [6, 8], [9, 10]]
  960,  [[0, 5], [2, 2], [2, 2], [2, 6], [3, 5], [4, 5], [6, 6], [6, 7], [6, 8], [9, 10]]
  961,  [[0, 5], [2, 2], [2, 2], [2, 6], [3, 5], [4, 5], [5, 6], [6, 7], [8, 8], [9, 10]]
  962,  [[0, 5], [1, 7], [2, 2], [2, 6], [2, 8], [3, 5], [5, 5], [5, 6], [6, 9], [10, 10]]
  963,  [[0, 5], [2, 2], [2, 2], [2, 6], [3, 5], [4, 7], [5, 5], [5, 6], [6, 8], [6, 9]]
  964,  [[0, 5], [2, 2], [2, 6], [2, 7], [3, 5], [4, 8], [5, 5], [5, 6], [6, 6], [6, 9]]
  965,  [[0, 5], [2, 2], [2, 6], [2, 7], [3, 5], [4, 8], [5, 5], [5, 6], [6, 9], [10, 10]]
  966,  [[0, 5], [2, 2], [2, 6], [2, 6], [3, 5], [4, 5], [5, 6], [6, 7], [8, 8], [9, 9]]
  967,  [[0, 5], [1, 7], [2, 6], [2, 6], [2, 8], [3, 5], [4, 5], [5, 6], [6, 9], [10, 10]]
  968,  [[0, 5], [1, 7], [2, 2], [2, 2], [2, 8], [3, 6], [5, 6], [5, 9], [5, 10], [6, 6]]
  969,  [[0, 5], [1, 7], [2, 2], [2, 2], [2, 8], [3, 6], [4, 6], [5, 6], [5, 9], [10, 10]]
  970,  [[0, 0], [1, 7], [2, 2], [2, 2], [2, 8], [3, 5], [5, 6], [5, 6], [6, 9], [6, 10]]
  971,  [[0, 5], [1, 7], [2, 2], [2, 2], [2, 8], [5, 5], [5, 6], [5, 6], [6, 9], [6, 10]]
  972,  [[0, 5], [1, 7], [2, 2], [2, 2], [2, 8], [3, 5], [5, 6], [5, 6], [6, 9], [10, 10]]
Total nodes =  973
Total edges =  2093
Goal candidates No. 2
Goal candidates No. 33
Goal candidates No. 74
Goal candidates No. 88
Goal candidates No. 96
Goal candidates No. 104
Goal candidates No. 117
True Goal graph No. 402
Goal candidates No. 412
Goal candidates No. 414
Goal candidates No. 471
Goal candidates No. 484
Goal candidates No. 494
Goal candidates No. 513
Goal candidates No. 531
Goal candidates No. 545
Goal candidates No. 629
Goal candidates No. 643
Goal candidates No. 648
Goal candidates No. 656
Goal candidates No. 679
Goal candidates No. 693
Goal candidates No. 750
Goal candidates No. 763
Goal candidates No. 775
Goal candidates No. 783
Goal candidates No. 796
Goal candidates No. 844
Goal candidates No. 923
Total Goals =  29  and Paths = 228 

True paths: 4 / 228 

