Nomber of atoms =  9
Atoms =  ['O', 'CH3', 'CH3', 'C', 'C', 'H', 'H', 'H', 'H']
Valence electrons =  [6, 1, 1, 4, 4, 1, 1, 1, 1]
Fixed electrons =  [[0, 0]]
Good initial graph No.0!
Good goal graph!

 Generated No. and Nodes:
    0,  [[0, 0], [0, 5], [0, 6], [1, 3], [2, 3], [3, 4], [3, 4], [4, 7], [4, 8]]
    1,  [[0, 0], [0, 0], [0, 5], [1, 3], [2, 3], [3, 4], [3, 4], [4, 6], [4, 7]]
    2,  [[0, 0], [0, 5], [0, 6], [1, 3], [3, 3], [3, 4], [3, 4], [4, 7], [4, 8]]
    3,  [[0, 0], [0, 5], [0, 6], [1, 3], [2, 3], [3, 3], [3, 4], [4, 7], [4, 8]]
    4,  [[0, 0], [0, 5], [0, 6], [1, 3], [2, 3], [3, 4], [4, 4], [4, 7], [4, 8]]
    5,  [[0, 0], [0, 5], [0, 6], [1, 3], [2, 3], [3, 4], [3, 4], [4, 4], [4, 7]]
    6,  [[0, 0], [0, 5], [0, 6], [1, 3], [2, 3], [3, 4], [3, 4], [4, 7], [8, 8]]
    7,  [[0, 0], [0, 0], [0, 5], [1, 3], [3, 3], [3, 4], [3, 4], [4, 6], [4, 7]]
    8,  [[0, 0], [0, 0], [0, 5], [1, 3], [2, 3], [3, 3], [3, 4], [4, 6], [4, 7]]
    9,  [[0, 0], [0, 0], [0, 5], [1, 3], [2, 3], [3, 4], [4, 4], [4, 6], [4, 7]]
   10,  [[0, 0], [0, 0], [0, 5], [1, 3], [2, 3], [3, 4], [3, 4], [4, 4], [4, 6]]
   11,  [[0, 0], [0, 0], [0, 5], [1, 3], [2, 3], [3, 4], [3, 4], [4, 6], [7, 7]]
   12,  [[0, 1], [0, 5], [0, 6], [2, 3], [3, 3], [3, 4], [3, 4], [4, 7], [4, 8]]
   13,  [[0, 0], [0, 5], [0, 6], [1, 3], [3, 3], [3, 4], [4, 4], [4, 7], [4, 8]]
   14,  [[0, 0], [0, 5], [0, 6], [1, 3], [3, 3], [3, 4], [3, 4], [4, 4], [4, 7]]
   15,  [[0, 0], [0, 5], [0, 6], [1, 3], [3, 3], [3, 4], [3, 4], [4, 7], [8, 8]]
   16,  [[0, 3], [0, 5], [0, 6], [1, 4], [2, 4], [3, 4], [3, 7], [3, 8], [4, 4]]
   17,  [[0, 0], [0, 5], [0, 6], [1, 3], [2, 3], [3, 3], [4, 4], [4, 7], [4, 8]]
   18,  [[0, 0], [0, 5], [0, 6], [1, 3], [2, 3], [3, 3], [3, 4], [4, 4], [4, 7]]
   19,  [[0, 3], [0, 5], [0, 6], [1, 3], [2, 3], [3, 4], [4, 4], [4, 7], [4, 8]]
   20,  [[0, 0], [0, 5], [0, 6], [1, 3], [2, 3], [3, 4], [4, 4], [4, 7], [8, 8]]
   21,  [[0, 5], [0, 6], [0, 7], [1, 3], [2, 3], [3, 4], [3, 4], [4, 4], [4, 8]]
   22,  [[0, 0], [0, 5], [0, 6], [1, 3], [2, 3], [3, 4], [3, 4], [4, 4], [7, 7]]
   23,  [[0, 3], [0, 5], [0, 6], [1, 4], [2, 4], [3, 4], [3, 4], [3, 7], [8, 8]]
   24,  [[0, 0], [0, 1], [0, 5], [2, 3], [3, 3], [3, 4], [3, 4], [4, 6], [4, 7]]
   25,  [[0, 0], [0, 0], [0, 5], [1, 3], [3, 4], [3, 4], [3, 6], [4, 7], [4, 8]]
   26,  [[0, 0], [0, 0], [0, 5], [1, 3], [3, 3], [3, 4], [4, 4], [4, 6], [4, 7]]
   27,  [[0, 0], [0, 3], [0, 5], [1, 4], [2, 4], [3, 4], [3, 6], [3, 7], [4, 4]]
   28,  [[0, 0], [0, 0], [0, 5], [1, 3], [2, 3], [3, 4], [3, 6], [4, 7], [4, 8]]
   29,  [[0, 0], [0, 0], [0, 5], [1, 3], [2, 3], [3, 3], [4, 4], [4, 6], [4, 7]]
   30,  [[0, 0], [0, 0], [0, 5], [1, 3], [2, 3], [3, 3], [3, 4], [4, 4], [4, 6]]
   31,  [[0, 0], [0, 3], [0, 5], [1, 3], [2, 3], [3, 4], [4, 4], [4, 6], [4, 7]]
   32,  [[0, 0], [0, 0], [0, 5], [1, 3], [2, 3], [3, 4], [4, 6], [4, 7], [4, 8]]
   33,  [[0, 0], [0, 0], [0, 5], [1, 3], [2, 3], [3, 4], [4, 4], [4, 6], [7, 7]]
   34,  [[0, 0], [0, 0], [0, 5], [1, 3], [2, 3], [3, 4], [3, 4], [4, 4], [6, 6]]
   35,  [[0, 0], [0, 3], [0, 5], [1, 4], [2, 4], [3, 4], [3, 4], [3, 6], [7, 7]]
   36,  [[0, 0], [0, 0], [0, 5], [1, 3], [2, 3], [3, 4], [3, 4], [4, 6], [7, 8]]
   37,  [[0, 1], [0, 5], [0, 6], [2, 3], [3, 3], [3, 4], [4, 4], [4, 7], [4, 8]]
   38,  [[0, 1], [0, 5], [0, 6], [2, 3], [3, 3], [3, 4], [3, 4], [4, 4], [4, 7]]
   39,  [[0, 1], [0, 5], [0, 6], [2, 3], [3, 3], [3, 4], [3, 4], [4, 7], [8, 8]]
   40,  [[0, 3], [0, 5], [0, 6], [1, 3], [3, 3], [3, 4], [4, 4], [4, 7], [4, 8]]
   41,  [[0, 0], [0, 5], [0, 6], [3, 3], [3, 3], [3, 4], [4, 4], [4, 7], [4, 8]]
   42,  [[0, 0], [0, 5], [0, 6], [1, 3], [3, 3], [3, 3], [4, 4], [4, 7], [4, 8]]
   43,  [[0, 0], [0, 5], [0, 6], [1, 3], [2, 4], [3, 3], [3, 4], [4, 7], [4, 8]]
   44,  [[0, 0], [0, 5], [0, 6], [1, 3], [3, 3], [3, 4], [4, 4], [4, 7], [8, 8]]
   45,  [[0, 5], [0, 6], [0, 7], [1, 3], [3, 3], [3, 4], [3, 4], [4, 4], [4, 8]]
   46,  [[0, 0], [0, 5], [0, 6], [1, 3], [3, 4], [3, 4], [3, 7], [4, 4], [4, 8]]
   47,  [[0, 0], [0, 5], [0, 6], [1, 3], [2, 4], [3, 3], [3, 4], [3, 4], [4, 7]]
   48,  [[0, 0], [0, 5], [0, 6], [1, 3], [3, 3], [3, 4], [3, 4], [4, 4], [7, 7]]
   49,  [[0, 3], [0, 5], [0, 6], [1, 4], [3, 4], [3, 4], [3, 7], [4, 4], [8, 8]]
   50,  [[0, 0], [0, 5], [0, 6], [1, 3], [3, 4], [3, 4], [3, 4], [4, 7], [8, 8]]
   51,  [[0, 0], [0, 5], [0, 6], [1, 3], [2, 7], [3, 3], [3, 4], [3, 4], [4, 8]]
   52,  [[0, 3], [0, 5], [0, 6], [1, 4], [2, 4], [3, 3], [3, 7], [3, 8], [4, 4]]
   53,  [[0, 3], [0, 5], [0, 6], [1, 4], [2, 4], [3, 3], [3, 4], [3, 7], [4, 4]]
   54,  [[0, 3], [0, 5], [0, 6], [1, 4], [2, 4], [3, 4], [3, 7], [4, 4], [8, 8]]
   55,  [[0, 3], [0, 5], [0, 6], [1, 3], [2, 3], [3, 3], [4, 4], [4, 7], [4, 8]]
   56,  [[0, 0], [0, 5], [0, 6], [1, 3], [2, 3], [3, 3], [4, 4], [4, 4], [4, 7]]
   57,  [[0, 5], [0, 6], [0, 7], [1, 3], [2, 3], [3, 3], [3, 4], [4, 4], [4, 8]]
   58,  [[0, 0], [0, 5], [0, 6], [1, 3], [2, 3], [3, 4], [3, 7], [4, 4], [4, 8]]
   59,  [[0, 0], [0, 5], [0, 6], [1, 3], [2, 3], [3, 3], [3, 4], [4, 4], [4, 4]]
   60,  [[0, 3], [0, 5], [0, 6], [1, 3], [2, 3], [3, 4], [4, 4], [4, 7], [8, 8]]
   61,  [[0, 3], [0, 5], [0, 6], [1, 4], [2, 4], [3, 3], [3, 4], [3, 7], [8, 8]]
   62,  [[0, 0], [0, 5], [0, 6], [1, 3], [2, 3], [3, 4], [4, 4], [4, 4], [7, 7]]
   63,  [[0, 5], [0, 6], [0, 7], [1, 3], [2, 3], [3, 4], [3, 4], [4, 4], [8, 8]]
   64,  [[0, 3], [0, 5], [0, 6], [1, 4], [2, 4], [3, 3], [3, 4], [3, 4], [7, 7]]
   65,  [[0, 0], [0, 5], [0, 6], [1, 3], [2, 3], [3, 4], [3, 4], [4, 4], [7, 8]]
   66,  [[0, 3], [0, 5], [0, 6], [1, 4], [2, 4], [3, 4], [3, 4], [7, 7], [8, 8]]
   67,  [[0, 0], [0, 0], [0, 1], [2, 3], [3, 3], [3, 4], [3, 4], [4, 5], [4, 6]]
   68,  [[0, 0], [0, 1], [0, 5], [2, 3], [3, 4], [3, 4], [3, 6], [4, 7], [4, 8]]
   69,  [[0, 0], [0, 1], [0, 5], [2, 3], [3, 3], [3, 4], [4, 4], [4, 6], [4, 7]]
   70,  [[0, 0], [0, 1], [0, 5], [2, 3], [3, 3], [3, 4], [3, 4], [4, 4], [4, 6]]
   71,  [[0, 0], [0, 1], [0, 5], [2, 3], [3, 3], [3, 4], [3, 4], [4, 6], [7, 7]]
   72,  [[0, 0], [0, 0], [0, 5], [3, 3], [3, 4], [3, 4], [3, 6], [4, 7], [4, 8]]
   73,  [[0, 0], [0, 0], [0, 5], [1, 3], [3, 3], [3, 4], [3, 6], [4, 7], [4, 8]]
   74,  [[0, 0], [0, 0], [0, 5], [1, 3], [3, 4], [3, 6], [4, 4], [4, 7], [4, 8]]
   75,  [[0, 0], [0, 0], [0, 5], [1, 3], [3, 4], [3, 4], [4, 6], [4, 7], [8, 8]]
   76,  [[0, 0], [0, 0], [0, 5], [1, 3], [3, 4], [3, 4], [3, 6], [4, 4], [4, 7]]
   77,  [[0, 0], [0, 0], [0, 5], [1, 3], [3, 4], [3, 4], [3, 6], [4, 7], [8, 8]]
   78,  [[0, 0], [0, 3], [0, 5], [1, 3], [3, 3], [3, 4], [4, 4], [4, 6], [4, 7]]
   79,  [[0, 0], [0, 0], [0, 5], [1, 3], [3, 3], [3, 3], [4, 4], [4, 6], [4, 7]]
   80,  [[0, 0], [0, 0], [0, 5], [1, 3], [2, 4], [3, 3], [3, 4], [4, 6], [4, 7]]
   81,  [[0, 0], [0, 0], [0, 5], [1, 3], [3, 3], [3, 4], [4, 6], [4, 7], [4, 8]]
   82,  [[0, 0], [0, 0], [0, 5], [1, 3], [3, 3], [3, 4], [4, 4], [4, 6], [7, 7]]
   83,  [[0, 0], [0, 0], [0, 3], [1, 4], [2, 4], [3, 4], [3, 5], [3, 6], [4, 4]]
   84,  [[0, 0], [0, 3], [0, 5], [1, 4], [2, 4], [3, 3], [3, 6], [3, 7], [4, 4]]
   85,  [[0, 0], [0, 3], [0, 5], [1, 4], [2, 4], [3, 3], [3, 4], [3, 6], [4, 4]]
   86,  [[0, 0], [0, 3], [0, 5], [1, 4], [2, 4], [3, 4], [3, 6], [4, 4], [7, 7]]
   87,  [[0, 0], [0, 3], [0, 5], [1, 4], [2, 4], [3, 4], [3, 6], [3, 7], [4, 8]]
   88,  [[0, 0], [0, 0], [0, 5], [1, 3], [2, 3], [3, 6], [4, 4], [4, 7], [4, 8]]
   89,  [[0, 0], [0, 0], [0, 5], [1, 3], [2, 3], [3, 4], [4, 6], [4, 7], [8, 8]]
   90,  [[0, 0], [0, 0], [0, 5], [1, 3], [2, 3], [3, 4], [3, 6], [4, 4], [4, 7]]
   91,  [[0, 0], [0, 3], [0, 5], [1, 3], [2, 3], [3, 3], [4, 4], [4, 6], [4, 7]]
   92,  [[0, 0], [0, 0], [0, 5], [1, 3], [2, 3], [3, 3], [4, 6], [4, 7], [4, 8]]
   93,  [[0, 0], [0, 0], [0, 5], [1, 3], [2, 3], [3, 3], [4, 4], [4, 4], [4, 6]]
   94,  [[0, 0], [0, 0], [0, 3], [1, 3], [2, 3], [3, 4], [4, 4], [4, 5], [4, 6]]
   95,  [[0, 0], [0, 3], [0, 5], [1, 3], [2, 3], [3, 4], [4, 6], [4, 7], [4, 8]]
   96,  [[0, 0], [0, 3], [0, 5], [1, 3], [2, 3], [3, 4], [4, 4], [4, 6], [7, 7]]
   97,  [[0, 0], [0, 3], [0, 5], [1, 4], [2, 4], [3, 3], [3, 4], [3, 6], [7, 7]]
   98,  [[0, 0], [0, 0], [0, 5], [1, 3], [2, 3], [3, 4], [4, 4], [4, 6], [7, 8]]
   99,  [[0, 0], [0, 3], [0, 5], [1, 4], [2, 4], [3, 3], [3, 4], [3, 4], [6, 6]]
  100,  [[0, 0], [0, 0], [0, 5], [1, 3], [2, 3], [3, 4], [3, 4], [4, 4], [6, 7]]
  101,  [[0, 0], [0, 0], [0, 3], [1, 4], [2, 4], [3, 4], [3, 4], [3, 5], [6, 6]]
  102,  [[0, 0], [0, 3], [0, 5], [1, 4], [3, 4], [3, 4], [3, 6], [4, 4], [7, 7]]
  103,  [[0, 0], [0, 3], [0, 5], [1, 4], [2, 4], [3, 4], [3, 4], [6, 6], [7, 7]]
  104,  [[0, 0], [0, 3], [0, 5], [1, 4], [2, 4], [3, 4], [3, 4], [3, 6], [7, 8]]
  105,  [[0, 0], [0, 0], [0, 5], [1, 3], [3, 3], [3, 4], [3, 4], [4, 6], [7, 8]]
  106,  [[0, 1], [0, 5], [0, 6], [3, 3], [3, 3], [3, 4], [4, 4], [4, 7], [4, 8]]
  107,  [[0, 1], [0, 5], [0, 6], [2, 3], [3, 3], [3, 3], [4, 4], [4, 7], [4, 8]]
  108,  [[0, 1], [0, 5], [0, 6], [2, 3], [3, 3], [3, 4], [4, 4], [4, 7], [8, 8]]
  109,  [[0, 1], [0, 5], [0, 6], [2, 3], [3, 4], [3, 4], [3, 7], [4, 4], [4, 8]]
  110,  [[0, 1], [0, 5], [0, 6], [2, 3], [3, 3], [3, 4], [3, 4], [4, 4], [7, 7]]
  111,  [[0, 1], [0, 5], [0, 6], [2, 3], [3, 4], [3, 4], [3, 4], [4, 7], [8, 8]]
  112,  [[0, 3], [0, 5], [0, 6], [1, 3], [2, 4], [3, 3], [3, 4], [4, 7], [4, 8]]
  113,  [[0, 3], [0, 5], [0, 6], [1, 3], [3, 3], [3, 4], [4, 4], [4, 7], [8, 8]]
  114,  [[0, 0], [0, 5], [0, 6], [1, 3], [3, 4], [3, 7], [3, 8], [4, 4], [4, 4]]
  115,  [[0, 0], [0, 5], [0, 6], [3, 3], [3, 3], [3, 4], [4, 4], [4, 7], [8, 8]]
  116,  [[0, 3], [0, 5], [0, 6], [1, 4], [3, 3], [3, 7], [3, 8], [4, 4], [4, 4]]
  117,  [[0, 0], [0, 5], [0, 6], [1, 3], [2, 4], [3, 3], [3, 3], [4, 7], [4, 8]]
  118,  [[0, 0], [0, 5], [0, 6], [1, 3], [3, 3], [3, 3], [4, 4], [4, 4], [4, 7]]
  119,  [[0, 0], [0, 5], [0, 6], [1, 3], [2, 4], [3, 3], [3, 4], [3, 7], [4, 4]]
  120,  [[0, 0], [0, 5], [0, 6], [1, 3], [2, 4], [3, 3], [3, 4], [4, 7], [8, 8]]
  121,  [[0, 3], [0, 5], [0, 6], [1, 4], [3, 3], [3, 4], [3, 7], [4, 4], [8, 8]]
  122,  [[0, 0], [0, 5], [0, 6], [1, 3], [3, 4], [3, 4], [4, 4], [4, 7], [8, 8]]
  123,  [[0, 0], [0, 5], [0, 6], [1, 3], [3, 3], [3, 4], [4, 4], [4, 4], [7, 7]]
  124,  [[0, 0], [0, 5], [0, 6], [1, 3], [2, 7], [3, 3], [3, 4], [4, 4], [4, 8]]
  125,  [[0, 0], [0, 5], [0, 6], [1, 3], [3, 3], [3, 4], [3, 7], [4, 4], [4, 8]]
  126,  [[0, 5], [0, 6], [0, 7], [1, 3], [2, 4], [3, 3], [3, 4], [3, 4], [4, 8]]
  127,  [[0, 5], [0, 6], [0, 7], [1, 3], [3, 3], [3, 4], [3, 4], [4, 4], [8, 8]]
  128,  [[0, 0], [0, 5], [0, 6], [3, 3], [3, 4], [3, 4], [3, 7], [4, 4], [4, 8]]
  129,  [[0, 0], [0, 5], [0, 6], [1, 3], [2, 4], [3, 4], [3, 4], [3, 7], [4, 8]]
  130,  [[0, 0], [0, 5], [0, 6], [1, 3], [3, 4], [3, 4], [3, 7], [4, 4], [8, 8]]
  131,  [[0, 0], [0, 0], [0, 5], [1, 3], [2, 4], [3, 3], [3, 4], [3, 4], [4, 6]]
  132,  [[0, 0], [0, 5], [0, 6], [1, 3], [2, 4], [3, 3], [3, 4], [3, 4], [4, 4]]
  133,  [[0, 0], [0, 5], [0, 6], [1, 3], [2, 4], [3, 3], [3, 4], [3, 4], [7, 7]]
  134,  [[0, 0], [0, 5], [0, 6], [1, 3], [3, 4], [3, 4], [3, 4], [4, 4], [7, 7]]
  135,  [[0, 0], [0, 5], [0, 6], [1, 3], [2, 7], [3, 3], [3, 4], [3, 4], [4, 4]]
  136,  [[0, 0], [0, 5], [0, 6], [1, 3], [3, 3], [3, 4], [3, 4], [4, 4], [7, 8]]
  137,  [[0, 3], [0, 5], [0, 6], [1, 4], [2, 7], [3, 4], [3, 4], [3, 8], [4, 4]]
  138,  [[0, 0], [0, 0], [0, 5], [1, 3], [3, 4], [3, 4], [3, 4], [4, 6], [7, 7]]
  139,  [[0, 0], [0, 5], [0, 6], [3, 3], [3, 4], [3, 4], [3, 4], [4, 7], [8, 8]]
  140,  [[0, 0], [0, 5], [0, 6], [1, 3], [3, 4], [3, 4], [3, 4], [7, 7], [8, 8]]
  141,  [[0, 0], [0, 5], [0, 6], [1, 3], [2, 7], [3, 4], [3, 4], [3, 4], [4, 8]]
  142,  [[0, 0], [0, 0], [0, 5], [1, 3], [2, 6], [3, 3], [3, 4], [3, 4], [4, 7]]
  143,  [[0, 3], [0, 5], [0, 6], [1, 4], [2, 4], [3, 3], [3, 7], [4, 4], [8, 8]]
  144,  [[0, 3], [0, 5], [0, 6], [1, 4], [2, 4], [3, 3], [3, 4], [4, 4], [7, 7]]
  145,  [[0, 3], [0, 5], [0, 6], [1, 4], [2, 4], [3, 3], [3, 4], [3, 7], [4, 8]]
  146,  [[0, 3], [0, 5], [0, 6], [1, 3], [2, 3], [3, 3], [4, 4], [4, 4], [4, 7]]
  147,  [[0, 5], [0, 6], [0, 7], [1, 3], [2, 3], [3, 3], [4, 4], [4, 4], [4, 8]]
  148,  [[0, 0], [0, 5], [0, 6], [1, 3], [2, 3], [3, 7], [4, 4], [4, 4], [4, 8]]
  149,  [[0, 5], [0, 6], [0, 7], [1, 3], [2, 3], [3, 3], [3, 4], [4, 4], [4, 4]]
  150,  [[0, 0], [0, 5], [0, 6], [1, 3], [2, 3], [3, 4], [3, 7], [4, 4], [4, 4]]
  151,  [[0, 3], [0, 5], [0, 6], [1, 3], [2, 3], [4, 4], [4, 4], [4, 7], [8, 8]]
  152,  [[0, 3], [0, 5], [0, 6], [1, 3], [2, 3], [3, 4], [4, 4], [4, 4], [7, 7]]
  153,  [[0, 3], [0, 5], [0, 6], [1, 4], [2, 4], [3, 3], [3, 4], [7, 7], [8, 8]]
  154,  [[0, 5], [0, 6], [0, 7], [1, 3], [2, 3], [3, 4], [4, 4], [4, 4], [8, 8]]
  155,  [[0, 0], [0, 5], [0, 6], [1, 3], [2, 3], [3, 4], [4, 4], [4, 4], [7, 8]]
  156,  [[0, 3], [0, 5], [0, 6], [1, 4], [2, 4], [3, 3], [3, 4], [3, 4], [7, 8]]
  157,  [[0, 0], [0, 0], [0, 1], [2, 3], [3, 4], [3, 4], [3, 5], [4, 6], [4, 7]]
  158,  [[0, 0], [0, 0], [0, 1], [2, 3], [3, 3], [3, 4], [4, 4], [4, 5], [4, 6]]
  159,  [[0, 0], [0, 1], [0, 5], [3, 3], [3, 4], [3, 4], [3, 6], [4, 7], [4, 8]]
  160,  [[0, 0], [0, 1], [0, 5], [2, 3], [3, 3], [3, 4], [3, 6], [4, 7], [4, 8]]
  161,  [[0, 0], [0, 1], [0, 5], [2, 3], [3, 4], [3, 6], [4, 4], [4, 7], [4, 8]]
  162,  [[0, 0], [0, 1], [0, 5], [2, 3], [3, 4], [3, 4], [4, 6], [4, 7], [8, 8]]
  163,  [[0, 0], [0, 1], [0, 5], [2, 3], [3, 4], [3, 4], [3, 6], [4, 4], [4, 7]]
  164,  [[0, 0], [0, 1], [0, 5], [2, 3], [3, 4], [3, 4], [3, 6], [4, 7], [8, 8]]
  165,  [[0, 1], [0, 3], [0, 5], [2, 3], [3, 3], [3, 4], [4, 4], [4, 6], [4, 7]]
  166,  [[0, 0], [0, 1], [0, 5], [3, 3], [3, 3], [3, 4], [4, 4], [4, 6], [4, 7]]
  167,  [[0, 0], [0, 1], [0, 5], [2, 3], [3, 3], [3, 3], [4, 4], [4, 6], [4, 7]]
  168,  [[0, 0], [0, 1], [0, 5], [2, 3], [3, 3], [3, 4], [4, 6], [4, 7], [4, 8]]
  169,  [[0, 0], [0, 1], [0, 5], [2, 3], [3, 3], [3, 4], [4, 4], [4, 6], [7, 7]]
  170,  [[0, 0], [0, 1], [0, 5], [2, 3], [3, 3], [3, 4], [3, 4], [4, 4], [6, 6]]
  171,  [[0, 1], [0, 3], [0, 5], [2, 4], [3, 4], [3, 4], [3, 6], [4, 4], [7, 7]]
  172,  [[0, 0], [0, 1], [0, 5], [2, 3], [3, 4], [3, 4], [3, 4], [4, 6], [7, 7]]
  173,  [[0, 0], [0, 1], [0, 5], [2, 3], [3, 3], [3, 4], [3, 4], [4, 6], [7, 8]]
  174,  [[0, 0], [0, 0], [0, 5], [3, 3], [3, 4], [3, 6], [3, 7], [4, 4], [4, 8]]
  175,  [[0, 0], [0, 0], [0, 5], [3, 3], [3, 4], [3, 4], [4, 6], [4, 7], [8, 8]]
  176,  [[0, 0], [0, 3], [0, 5], [1, 4], [3, 4], [3, 6], [3, 7], [4, 4], [4, 8]]
  177,  [[0, 0], [0, 0], [0, 5], [1, 3], [3, 3], [3, 6], [4, 4], [4, 7], [4, 8]]
  178,  [[0, 0], [0, 0], [0, 5], [1, 3], [3, 3], [3, 4], [4, 6], [4, 7], [8, 8]]
  179,  [[0, 0], [0, 0], [0, 5], [1, 3], [3, 3], [3, 4], [3, 6], [4, 4], [4, 7]]
  180,  [[0, 0], [0, 3], [0, 5], [1, 3], [3, 4], [3, 6], [4, 4], [4, 7], [4, 8]]
  181,  [[0, 0], [0, 0], [0, 5], [1, 3], [2, 4], [3, 4], [3, 6], [3, 7], [4, 8]]
  182,  [[0, 0], [0, 0], [0, 5], [1, 3], [3, 4], [3, 6], [4, 4], [4, 7], [8, 8]]
  183,  [[0, 0], [0, 3], [0, 5], [1, 3], [3, 4], [3, 4], [4, 6], [4, 7], [8, 8]]
  184,  [[0, 0], [0, 0], [0, 5], [1, 3], [2, 6], [3, 4], [3, 4], [4, 7], [4, 8]]
  185,  [[0, 0], [0, 0], [0, 5], [1, 3], [2, 4], [3, 4], [3, 4], [3, 6], [4, 7]]
  186,  [[0, 0], [0, 0], [0, 5], [1, 3], [3, 4], [3, 4], [3, 6], [4, 4], [7, 7]]
  187,  [[0, 0], [0, 3], [0, 5], [1, 4], [3, 4], [3, 4], [3, 6], [4, 7], [8, 8]]
  188,  [[0, 0], [0, 0], [0, 5], [1, 3], [2, 6], [3, 4], [3, 4], [3, 7], [4, 8]]
  189,  [[0, 0], [0, 3], [0, 5], [1, 3], [2, 4], [3, 3], [3, 4], [4, 6], [4, 7]]
  190,  [[0, 0], [0, 3], [0, 5], [1, 3], [3, 3], [3, 4], [4, 6], [4, 7], [4, 8]]
  191,  [[0, 0], [0, 3], [0, 5], [1, 3], [3, 3], [3, 4], [4, 4], [4, 6], [7, 7]]
  192,  [[0, 0], [0, 3], [0, 5], [1, 4], [3, 3], [3, 6], [3, 7], [4, 4], [4, 4]]
  193,  [[0, 0], [0, 0], [0, 5], [1, 3], [2, 4], [3, 3], [3, 3], [4, 6], [4, 7]]
  194,  [[0, 0], [0, 0], [0, 5], [1, 3], [3, 3], [3, 3], [4, 6], [4, 7], [4, 8]]
  195,  [[0, 0], [0, 0], [0, 5], [1, 3], [3, 4], [3, 6], [3, 7], [4, 4], [4, 4]]
  196,  [[0, 0], [0, 0], [0, 5], [1, 3], [2, 4], [3, 3], [3, 4], [3, 6], [4, 4]]
  197,  [[0, 0], [0, 0], [0, 5], [1, 3], [2, 4], [3, 3], [3, 4], [4, 6], [7, 7]]
  198,  [[0, 0], [0, 0], [0, 5], [3, 3], [3, 3], [3, 4], [4, 6], [4, 7], [4, 8]]
  199,  [[0, 0], [0, 3], [0, 5], [1, 4], [3, 3], [3, 4], [3, 6], [4, 4], [7, 7]]
  200,  [[0, 0], [0, 0], [0, 5], [1, 3], [2, 6], [3, 3], [3, 4], [4, 4], [4, 7]]
  201,  [[0, 0], [0, 0], [0, 5], [1, 3], [3, 3], [3, 4], [4, 4], [4, 6], [7, 8]]
  202,  [[0, 0], [0, 0], [0, 3], [1, 4], [2, 4], [3, 3], [3, 5], [3, 6], [4, 4]]
  203,  [[0, 0], [0, 0], [0, 3], [1, 4], [2, 4], [3, 4], [3, 5], [3, 6], [4, 7]]
  204,  [[0, 3], [0, 4], [0, 5], [1, 3], [2, 3], [3, 3], [4, 4], [4, 6], [4, 7]]
  205,  [[0, 0], [0, 3], [0, 5], [1, 4], [2, 4], [3, 6], [3, 7], [3, 8], [4, 4]]
  206,  [[0, 0], [0, 3], [0, 5], [1, 4], [2, 4], [3, 3], [3, 6], [4, 4], [7, 7]]
  207,  [[0, 0], [0, 3], [0, 5], [1, 4], [2, 4], [3, 3], [3, 6], [3, 7], [4, 8]]
  208,  [[0, 0], [0, 3], [0, 5], [1, 4], [2, 4], [3, 3], [3, 4], [4, 4], [6, 6]]
  209,  [[0, 0], [0, 3], [0, 5], [1, 4], [2, 4], [3, 3], [3, 4], [3, 6], [4, 7]]
  210,  [[0, 3], [0, 3], [0, 5], [1, 4], [2, 4], [3, 4], [3, 6], [4, 4], [7, 7]]
  211,  [[0, 0], [0, 3], [0, 5], [1, 4], [2, 4], [3, 4], [3, 6], [4, 7], [8, 8]]
  212,  [[0, 0], [0, 3], [0, 5], [1, 4], [2, 4], [3, 4], [3, 6], [4, 4], [7, 8]]
  213,  [[0, 0], [0, 3], [0, 5], [1, 4], [2, 4], [3, 6], [3, 7], [4, 4], [4, 8]]
  214,  [[0, 0], [0, 3], [0, 5], [1, 4], [2, 4], [3, 4], [3, 6], [3, 7], [8, 8]]
  215,  [[0, 0], [0, 3], [0, 5], [1, 3], [2, 3], [3, 6], [4, 4], [4, 7], [4, 8]]
  216,  [[0, 0], [0, 0], [0, 5], [1, 3], [2, 3], [3, 6], [4, 4], [4, 4], [4, 7]]
  217,  [[0, 0], [0, 3], [0, 5], [1, 3], [2, 3], [3, 4], [4, 6], [4, 7], [8, 8]]
  218,  [[0, 0], [0, 0], [0, 5], [1, 3], [2, 3], [3, 4], [3, 6], [4, 4], [4, 4]]
  219,  [[0, 0], [0, 0], [0, 3], [1, 3], [2, 3], [3, 3], [4, 4], [4, 5], [4, 6]]
  220,  [[0, 0], [0, 3], [0, 5], [1, 3], [2, 3], [3, 3], [4, 6], [4, 7], [4, 8]]
  221,  [[0, 0], [0, 3], [0, 5], [1, 3], [2, 3], [3, 3], [4, 4], [4, 4], [4, 6]]
  222,  [[0, 0], [0, 0], [0, 3], [1, 3], [2, 3], [3, 4], [4, 5], [4, 6], [4, 7]]
  223,  [[0, 0], [0, 0], [0, 3], [1, 3], [2, 3], [3, 4], [4, 4], [4, 5], [6, 6]]
  224,  [[0, 0], [0, 3], [0, 5], [1, 3], [2, 3], [4, 4], [4, 6], [4, 7], [4, 8]]
  225,  [[0, 3], [0, 4], [0, 5], [1, 3], [2, 3], [3, 4], [4, 4], [4, 6], [7, 7]]
  226,  [[0, 0], [0, 3], [0, 5], [1, 3], [2, 3], [4, 4], [4, 4], [4, 6], [7, 7]]
  227,  [[0, 0], [0, 3], [0, 5], [1, 3], [2, 3], [3, 4], [4, 4], [4, 4], [6, 6]]
  228,  [[0, 0], [0, 3], [0, 5], [1, 3], [2, 3], [3, 4], [4, 4], [4, 6], [7, 8]]
  229,  [[0, 0], [0, 3], [0, 5], [1, 4], [2, 4], [3, 3], [3, 4], [6, 6], [7, 7]]
  230,  [[0, 0], [0, 3], [0, 5], [1, 4], [2, 4], [3, 3], [3, 4], [3, 6], [7, 8]]
  231,  [[0, 0], [0, 0], [0, 5], [1, 3], [2, 3], [3, 4], [4, 4], [4, 4], [6, 7]]
  232,  [[0, 0], [0, 3], [0, 5], [1, 4], [2, 4], [3, 3], [3, 4], [3, 4], [6, 7]]
  233,  [[0, 0], [0, 0], [0, 5], [1, 3], [3, 3], [3, 4], [3, 4], [4, 4], [6, 7]]
  234,  [[0, 0], [0, 0], [0, 3], [1, 4], [2, 4], [3, 4], [3, 4], [3, 5], [6, 7]]
  235,  [[0, 0], [0, 3], [0, 5], [1, 4], [2, 6], [3, 4], [3, 4], [3, 7], [4, 4]]
  236,  [[0, 0], [0, 3], [0, 5], [1, 4], [3, 4], [3, 4], [3, 6], [4, 4], [7, 8]]
  237,  [[0, 3], [0, 3], [0, 5], [1, 4], [2, 4], [3, 4], [3, 4], [6, 6], [7, 7]]
  238,  [[0, 0], [0, 3], [0, 5], [1, 4], [2, 4], [3, 4], [3, 4], [6, 6], [7, 8]]
  239,  [[0, 0], [0, 0], [0, 5], [1, 3], [3, 4], [3, 4], [3, 4], [4, 6], [7, 8]]
  240,  [[0, 1], [0, 5], [0, 6], [2, 3], [3, 4], [3, 7], [3, 8], [4, 4], [4, 4]]
  241,  [[0, 1], [0, 5], [0, 6], [3, 3], [3, 3], [3, 4], [4, 4], [4, 7], [8, 8]]
  242,  [[0, 1], [0, 5], [0, 6], [2, 3], [3, 3], [3, 3], [4, 4], [4, 4], [4, 7]]
  243,  [[0, 1], [0, 5], [0, 6], [2, 3], [3, 4], [3, 4], [4, 4], [4, 7], [8, 8]]
  244,  [[0, 1], [0, 5], [0, 6], [2, 3], [3, 3], [3, 4], [4, 4], [4, 4], [7, 7]]
  245,  [[0, 1], [0, 5], [0, 6], [2, 3], [3, 3], [3, 4], [3, 7], [4, 4], [4, 8]]
  246,  [[0, 1], [0, 5], [0, 6], [3, 3], [3, 4], [3, 4], [3, 7], [4, 4], [4, 8]]
  247,  [[0, 1], [0, 5], [0, 6], [2, 3], [3, 4], [3, 4], [3, 7], [4, 4], [8, 8]]
  248,  [[0, 1], [0, 5], [0, 6], [2, 3], [3, 4], [3, 4], [3, 4], [4, 4], [7, 7]]
  249,  [[0, 1], [0, 5], [0, 6], [2, 3], [3, 3], [3, 4], [3, 4], [4, 4], [7, 8]]
  250,  [[0, 1], [0, 5], [0, 6], [3, 3], [3, 4], [3, 4], [3, 4], [4, 7], [8, 8]]
  251,  [[0, 1], [0, 5], [0, 6], [2, 3], [3, 4], [3, 4], [3, 4], [7, 7], [8, 8]]
  252,  [[0, 3], [0, 5], [0, 6], [1, 3], [2, 4], [3, 3], [4, 4], [4, 7], [4, 8]]
  253,  [[0, 3], [0, 5], [0, 6], [1, 3], [2, 4], [3, 3], [3, 4], [4, 4], [4, 7]]
  254,  [[0, 3], [0, 5], [0, 6], [1, 3], [2, 4], [3, 3], [3, 4], [4, 7], [8, 8]]
  255,  [[0, 3], [0, 5], [0, 6], [1, 3], [3, 4], [3, 4], [4, 4], [4, 7], [8, 8]]
  256,  [[0, 3], [0, 5], [0, 6], [1, 3], [3, 3], [4, 4], [4, 4], [4, 7], [8, 8]]
  257,  [[0, 3], [0, 5], [0, 6], [1, 3], [2, 7], [3, 3], [3, 4], [4, 4], [4, 8]]
  258,  [[0, 0], [0, 5], [0, 6], [1, 3], [3, 3], [3, 4], [3, 7], [4, 4], [4, 4]]
  259,  [[0, 0], [0, 5], [0, 6], [1, 3], [3, 4], [3, 7], [4, 4], [4, 4], [8, 8]]
  260,  [[0, 0], [0, 5], [0, 6], [3, 3], [3, 4], [3, 4], [3, 7], [4, 4], [8, 8]]
  261,  [[0, 0], [0, 5], [0, 6], [1, 7], [3, 3], [3, 3], [3, 4], [4, 4], [4, 8]]
  262,  [[0, 3], [0, 5], [0, 6], [1, 3], [2, 4], [3, 7], [3, 8], [4, 4], [4, 4]]
  263,  [[0, 3], [0, 5], [0, 6], [1, 4], [3, 3], [3, 7], [4, 4], [4, 4], [8, 8]]
  264,  [[0, 0], [0, 5], [0, 6], [1, 3], [2, 4], [3, 3], [3, 3], [4, 4], [4, 7]]
  265,  [[0, 5], [0, 6], [0, 7], [1, 3], [3, 3], [3, 3], [4, 4], [4, 4], [4, 8]]
  266,  [[0, 0], [0, 5], [0, 6], [1, 3], [3, 3], [3, 7], [4, 4], [4, 4], [4, 8]]
  267,  [[0, 5], [0, 6], [0, 7], [1, 3], [2, 4], [3, 3], [3, 4], [3, 8], [4, 4]]
  268,  [[0, 0], [0, 5], [0, 6], [1, 3], [2, 4], [3, 3], [3, 4], [4, 4], [7, 7]]
  269,  [[0, 0], [0, 5], [0, 6], [1, 3], [2, 4], [3, 3], [3, 4], [3, 7], [4, 8]]
  270,  [[0, 3], [0, 5], [0, 6], [1, 3], [2, 4], [3, 4], [3, 7], [4, 4], [8, 8]]
  271,  [[0, 0], [0, 5], [0, 6], [1, 3], [2, 4], [3, 4], [3, 4], [3, 7], [8, 8]]
  272,  [[0, 3], [0, 5], [0, 6], [1, 4], [3, 3], [3, 4], [4, 4], [7, 7], [8, 8]]
  273,  [[0, 3], [0, 5], [0, 6], [1, 4], [2, 7], [3, 3], [3, 4], [3, 8], [4, 4]]
  274,  [[0, 3], [0, 5], [0, 6], [1, 4], [3, 3], [3, 4], [3, 7], [4, 4], [4, 8]]
  275,  [[0, 0], [0, 5], [0, 6], [1, 3], [3, 4], [3, 4], [4, 4], [7, 7], [8, 8]]
  276,  [[0, 0], [0, 5], [0, 6], [1, 3], [2, 7], [3, 4], [3, 4], [4, 4], [4, 8]]
  277,  [[0, 5], [0, 6], [0, 7], [1, 3], [3, 3], [3, 4], [4, 4], [4, 4], [8, 8]]
  278,  [[0, 0], [0, 5], [0, 6], [1, 3], [2, 7], [3, 3], [3, 4], [4, 4], [4, 4]]
  279,  [[0, 0], [0, 5], [0, 6], [1, 3], [3, 3], [3, 4], [4, 4], [4, 4], [7, 8]]
  280,  [[0, 5], [0, 6], [0, 7], [1, 3], [2, 4], [3, 3], [3, 4], [3, 4], [4, 4]]
  281,  [[0, 5], [0, 6], [0, 7], [1, 3], [2, 4], [3, 3], [3, 4], [3, 4], [8, 8]]
  282,  [[0, 5], [0, 6], [0, 7], [1, 3], [3, 4], [3, 4], [3, 4], [4, 4], [8, 8]]
  283,  [[0, 5], [0, 6], [0, 7], [1, 3], [2, 8], [3, 3], [3, 4], [3, 4], [4, 4]]
  284,  [[0, 3], [0, 5], [0, 6], [1, 4], [3, 3], [3, 4], [3, 4], [4, 7], [8, 8]]
  285,  [[0, 0], [0, 5], [0, 6], [1, 3], [2, 7], [3, 4], [3, 4], [3, 8], [4, 4]]
  286,  [[0, 3], [0, 5], [0, 6], [1, 3], [2, 4], [3, 4], [3, 4], [4, 4], [7, 7]]
  287,  [[0, 0], [0, 5], [0, 6], [1, 3], [2, 4], [3, 4], [3, 4], [3, 4], [7, 7]]
  288,  [[0, 0], [0, 5], [0, 6], [1, 3], [2, 4], [3, 3], [3, 4], [3, 4], [7, 8]]
  289,  [[0, 0], [0, 5], [0, 6], [1, 3], [2, 7], [3, 4], [3, 4], [3, 4], [4, 4]]
  290,  [[0, 0], [0, 5], [0, 6], [1, 3], [3, 4], [3, 4], [3, 4], [4, 4], [7, 8]]
  291,  [[0, 3], [0, 5], [0, 6], [1, 4], [2, 7], [3, 3], [3, 4], [3, 4], [4, 4]]
  292,  [[0, 0], [0, 0], [0, 5], [1, 3], [2, 6], [3, 3], [3, 4], [3, 4], [4, 4]]
  293,  [[0, 3], [0, 5], [0, 6], [1, 4], [3, 3], [3, 4], [3, 4], [4, 4], [7, 8]]
  294,  [[0, 3], [0, 5], [0, 6], [1, 4], [2, 7], [3, 4], [3, 4], [4, 4], [8, 8]]
  295,  [[0, 0], [0, 0], [0, 5], [1, 3], [2, 6], [3, 4], [3, 4], [3, 4], [4, 7]]
  296,  [[0, 0], [0, 5], [0, 6], [1, 7], [3, 3], [3, 4], [3, 4], [3, 4], [4, 8]]
  297,  [[0, 3], [0, 5], [0, 6], [1, 4], [3, 4], [3, 4], [3, 4], [7, 7], [8, 8]]
  298,  [[0, 0], [0, 5], [0, 6], [1, 3], [2, 7], [3, 4], [3, 4], [3, 4], [8, 8]]
  299,  [[0, 3], [0, 5], [0, 6], [1, 4], [2, 4], [3, 3], [3, 3], [4, 4], [7, 7]]
  300,  [[0, 3], [0, 5], [0, 6], [1, 4], [2, 4], [3, 3], [3, 7], [4, 4], [4, 8]]
  301,  [[0, 3], [0, 5], [0, 6], [1, 4], [2, 4], [3, 3], [3, 4], [4, 7], [8, 8]]
  302,  [[0, 3], [0, 5], [0, 6], [1, 4], [2, 4], [3, 3], [3, 4], [4, 4], [7, 8]]
  303,  [[0, 3], [0, 5], [0, 6], [1, 3], [2, 3], [3, 7], [4, 4], [4, 4], [4, 8]]
  304,  [[0, 5], [0, 6], [0, 7], [1, 3], [2, 3], [3, 4], [3, 8], [4, 4], [4, 4]]
  305,  [[0, 3], [0, 5], [0, 6], [1, 3], [2, 3], [3, 4], [4, 4], [4, 4], [7, 8]]
  306,  [[0, 0], [0, 0], [0, 1], [3, 3], [3, 4], [3, 4], [3, 5], [4, 6], [4, 7]]
  307,  [[0, 0], [0, 0], [0, 1], [2, 3], [3, 3], [3, 4], [3, 5], [4, 6], [4, 7]]
  308,  [[0, 0], [0, 0], [0, 1], [2, 3], [3, 4], [3, 5], [4, 4], [4, 6], [4, 7]]
  309,  [[0, 0], [0, 0], [0, 1], [2, 3], [3, 4], [3, 4], [4, 5], [4, 6], [7, 7]]
  310,  [[0, 0], [0, 0], [0, 1], [2, 3], [3, 4], [3, 4], [3, 5], [4, 4], [4, 6]]
  311,  [[0, 0], [0, 0], [0, 1], [2, 3], [3, 4], [3, 4], [3, 5], [4, 6], [7, 7]]
  312,  [[0, 0], [0, 1], [0, 3], [2, 3], [3, 3], [3, 4], [4, 4], [4, 5], [4, 6]]
  313,  [[0, 0], [0, 0], [0, 1], [2, 3], [3, 3], [3, 3], [4, 4], [4, 5], [4, 6]]
  314,  [[0, 0], [0, 0], [0, 1], [2, 3], [3, 3], [3, 4], [4, 5], [4, 6], [4, 7]]
  315,  [[0, 0], [0, 0], [0, 1], [2, 3], [3, 3], [3, 4], [4, 4], [4, 5], [6, 6]]
  316,  [[0, 1], [0, 2], [0, 5], [3, 3], [3, 4], [3, 4], [3, 6], [4, 7], [4, 8]]
  317,  [[0, 0], [0, 1], [0, 5], [3, 3], [3, 4], [3, 6], [3, 7], [4, 4], [4, 8]]
  318,  [[0, 0], [0, 1], [0, 5], [3, 3], [3, 4], [3, 4], [4, 6], [4, 7], [8, 8]]
  319,  [[0, 0], [0, 1], [0, 5], [3, 3], [3, 4], [3, 4], [3, 6], [4, 4], [4, 7]]
  320,  [[0, 0], [0, 1], [0, 5], [3, 3], [3, 4], [3, 4], [3, 6], [4, 7], [8, 8]]
  321,  [[0, 1], [0, 3], [0, 5], [2, 4], [3, 4], [3, 6], [3, 7], [4, 4], [4, 8]]
  322,  [[0, 0], [0, 1], [0, 5], [2, 3], [3, 3], [3, 6], [4, 4], [4, 7], [4, 8]]
  323,  [[0, 0], [0, 1], [0, 5], [2, 3], [3, 3], [3, 4], [4, 6], [4, 7], [8, 8]]
  324,  [[0, 0], [0, 1], [0, 5], [2, 3], [3, 3], [3, 4], [3, 6], [4, 4], [4, 7]]
  325,  [[0, 1], [0, 3], [0, 5], [2, 3], [3, 4], [3, 6], [4, 4], [4, 7], [4, 8]]
  326,  [[0, 0], [0, 1], [0, 5], [2, 3], [3, 4], [3, 6], [4, 4], [4, 7], [8, 8]]
  327,  [[0, 1], [0, 3], [0, 5], [2, 3], [3, 4], [3, 4], [4, 6], [4, 7], [8, 8]]
  328,  [[0, 0], [0, 1], [0, 5], [2, 3], [3, 4], [3, 4], [4, 4], [4, 6], [7, 7]]
  329,  [[0, 0], [0, 1], [0, 5], [2, 3], [3, 4], [3, 4], [4, 6], [7, 7], [8, 8]]
  330,  [[0, 0], [0, 1], [0, 5], [2, 3], [3, 4], [3, 4], [3, 6], [4, 4], [7, 7]]
  331,  [[0, 1], [0, 3], [0, 5], [2, 4], [3, 4], [3, 4], [3, 6], [4, 7], [8, 8]]
  332,  [[0, 1], [0, 3], [0, 5], [2, 3], [3, 3], [3, 4], [4, 6], [4, 7], [4, 8]]
  333,  [[0, 1], [0, 3], [0, 5], [2, 3], [3, 3], [3, 4], [4, 4], [4, 6], [7, 7]]
  334,  [[0, 1], [0, 2], [0, 5], [3, 3], [3, 3], [3, 4], [4, 4], [4, 6], [4, 7]]
  335,  [[0, 0], [0, 1], [0, 5], [2, 3], [3, 4], [3, 6], [3, 7], [4, 4], [4, 4]]
  336,  [[0, 0], [0, 1], [0, 5], [3, 3], [3, 3], [3, 4], [4, 6], [4, 7], [4, 8]]
  337,  [[0, 0], [0, 1], [0, 5], [3, 3], [3, 3], [3, 4], [4, 4], [4, 6], [7, 7]]
  338,  [[0, 1], [0, 3], [0, 5], [2, 4], [3, 3], [3, 6], [3, 7], [4, 4], [4, 4]]
  339,  [[0, 0], [0, 1], [0, 5], [2, 3], [3, 3], [3, 3], [4, 6], [4, 7], [4, 8]]
  340,  [[0, 0], [0, 1], [0, 5], [2, 3], [3, 3], [3, 3], [4, 4], [4, 4], [4, 6]]
  341,  [[0, 1], [0, 3], [0, 5], [2, 4], [3, 3], [3, 4], [3, 6], [4, 4], [7, 7]]
  342,  [[0, 0], [0, 1], [0, 5], [2, 3], [3, 3], [3, 4], [4, 4], [4, 4], [6, 6]]
  343,  [[0, 0], [0, 1], [0, 5], [2, 3], [3, 3], [3, 4], [4, 4], [4, 6], [7, 8]]
  344,  [[0, 0], [0, 1], [0, 5], [2, 3], [3, 4], [3, 4], [3, 4], [4, 4], [6, 6]]
  345,  [[0, 0], [0, 1], [0, 5], [2, 3], [3, 3], [3, 4], [3, 4], [4, 4], [6, 7]]
  346,  [[0, 0], [0, 1], [0, 3], [2, 4], [3, 4], [3, 4], [3, 5], [4, 4], [6, 6]]
  347,  [[0, 1], [0, 3], [0, 5], [2, 4], [3, 4], [3, 4], [3, 6], [4, 4], [7, 8]]
  348,  [[0, 0], [0, 0], [0, 1], [2, 3], [3, 4], [3, 4], [3, 4], [4, 5], [6, 6]]
  349,  [[0, 0], [0, 1], [0, 5], [3, 3], [3, 4], [3, 4], [3, 4], [4, 6], [7, 7]]
  350,  [[0, 0], [0, 1], [0, 5], [2, 3], [3, 4], [3, 4], [3, 4], [6, 6], [7, 7]]
  351,  [[0, 0], [0, 1], [0, 5], [2, 3], [3, 4], [3, 4], [3, 4], [4, 6], [7, 8]]
  352,  [[0, 0], [0, 0], [0, 1], [2, 3], [3, 3], [3, 4], [3, 4], [4, 5], [6, 7]]
  353,  [[0, 0], [0, 3], [0, 5], [3, 3], [3, 4], [3, 6], [4, 4], [4, 7], [4, 8]]
  354,  [[0, 0], [0, 0], [0, 5], [1, 3], [3, 4], [3, 6], [3, 7], [4, 4], [4, 8]]
  355,  [[0, 0], [0, 0], [0, 5], [3, 3], [3, 3], [3, 6], [4, 4], [4, 7], [4, 8]]
  356,  [[0, 0], [0, 0], [0, 5], [3, 3], [3, 4], [3, 6], [4, 4], [4, 7], [8, 8]]
  357,  [[0, 0], [0, 3], [0, 5], [3, 3], [3, 4], [3, 4], [4, 6], [4, 7], [8, 8]]
  358,  [[0, 0], [0, 0], [0, 5], [1, 6], [3, 3], [3, 4], [3, 4], [4, 7], [4, 8]]
  359,  [[0, 0], [0, 0], [0, 3], [1, 4], [3, 4], [3, 5], [3, 6], [4, 4], [4, 7]]
  360,  [[0, 0], [0, 3], [0, 5], [1, 4], [3, 3], [3, 6], [3, 7], [4, 4], [4, 8]]
  361,  [[0, 0], [0, 3], [0, 5], [1, 4], [3, 3], [3, 4], [3, 6], [4, 4], [4, 7]]
  362,  [[0, 0], [0, 3], [0, 5], [1, 4], [3, 4], [3, 6], [4, 4], [4, 7], [8, 8]]
  363,  [[0, 0], [0, 3], [0, 5], [1, 4], [3, 4], [3, 6], [3, 7], [4, 4], [8, 8]]
  364,  [[0, 0], [0, 3], [0, 5], [1, 3], [3, 3], [3, 6], [4, 4], [4, 7], [4, 8]]
  365,  [[0, 0], [0, 0], [0, 5], [1, 3], [2, 4], [3, 3], [3, 6], [4, 7], [4, 8]]
  366,  [[0, 0], [0, 0], [0, 5], [1, 3], [3, 3], [3, 6], [4, 4], [4, 4], [4, 7]]
  367,  [[0, 0], [0, 3], [0, 5], [1, 3], [3, 3], [3, 4], [4, 6], [4, 7], [8, 8]]
  368,  [[0, 0], [0, 0], [0, 5], [1, 3], [2, 6], [3, 3], [3, 4], [4, 7], [4, 8]]
  369,  [[0, 0], [0, 0], [0, 5], [1, 3], [2, 4], [3, 3], [3, 4], [3, 6], [4, 7]]
  370,  [[0, 0], [0, 0], [0, 3], [1, 3], [3, 4], [3, 5], [4, 4], [4, 6], [4, 7]]
  371,  [[0, 0], [0, 3], [0, 5], [1, 3], [3, 4], [4, 4], [4, 6], [4, 7], [8, 8]]
  372,  [[0, 0], [0, 3], [0, 5], [1, 3], [2, 4], [3, 4], [3, 6], [4, 7], [4, 8]]
  373,  [[0, 0], [0, 3], [0, 5], [1, 3], [3, 4], [3, 6], [4, 4], [4, 7], [8, 8]]
  374,  [[0, 0], [0, 0], [0, 5], [1, 3], [2, 4], [3, 4], [3, 6], [4, 7], [8, 8]]
  375,  [[0, 0], [0, 3], [0, 5], [1, 4], [3, 3], [3, 4], [3, 6], [4, 7], [8, 8]]
  376,  [[0, 0], [0, 0], [0, 5], [1, 3], [2, 6], [3, 4], [3, 7], [4, 4], [4, 8]]
  377,  [[0, 0], [0, 0], [0, 3], [1, 3], [3, 4], [3, 4], [4, 5], [4, 6], [7, 7]]
  378,  [[0, 0], [0, 3], [0, 5], [1, 3], [3, 4], [3, 4], [4, 4], [4, 6], [7, 7]]
  379,  [[0, 0], [0, 3], [0, 5], [1, 3], [3, 4], [3, 4], [4, 6], [7, 7], [8, 8]]
  380,  [[0, 0], [0, 3], [0, 5], [1, 3], [2, 6], [3, 4], [3, 4], [4, 7], [4, 8]]
  381,  [[0, 0], [0, 0], [0, 5], [1, 3], [2, 6], [3, 4], [3, 4], [4, 4], [4, 7]]
  382,  [[0, 0], [0, 0], [0, 5], [1, 3], [2, 6], [3, 4], [3, 4], [4, 7], [8, 8]]
  383,  [[0, 0], [0, 0], [0, 5], [1, 3], [2, 4], [3, 4], [3, 4], [3, 6], [7, 7]]
  384,  [[0, 0], [0, 3], [0, 5], [1, 4], [3, 3], [3, 4], [3, 4], [4, 6], [7, 7]]
  385,  [[0, 0], [0, 0], [0, 5], [1, 3], [2, 6], [3, 4], [3, 4], [3, 7], [4, 4]]
  386,  [[0, 0], [0, 0], [0, 5], [1, 3], [3, 4], [3, 4], [3, 6], [4, 4], [7, 8]]
  387,  [[0, 0], [0, 0], [0, 3], [1, 4], [3, 4], [3, 4], [3, 5], [4, 6], [7, 7]]
  388,  [[0, 0], [0, 3], [0, 5], [3, 4], [3, 4], [3, 6], [4, 4], [4, 7], [8, 8]]
  389,  [[0, 0], [0, 3], [0, 5], [1, 4], [3, 4], [3, 4], [4, 6], [7, 7], [8, 8]]
  390,  [[0, 0], [0, 3], [0, 5], [1, 4], [3, 4], [3, 4], [3, 6], [7, 7], [8, 8]]
  391,  [[0, 0], [0, 3], [0, 5], [1, 4], [2, 6], [3, 4], [3, 4], [3, 7], [4, 8]]
  392,  [[0, 0], [0, 0], [0, 5], [1, 6], [3, 3], [3, 4], [3, 4], [3, 7], [4, 8]]
  393,  [[0, 0], [0, 0], [0, 3], [1, 3], [2, 4], [3, 3], [3, 4], [4, 5], [4, 6]]
  394,  [[0, 0], [0, 3], [0, 5], [1, 3], [2, 4], [3, 3], [4, 4], [4, 6], [4, 7]]
  395,  [[0, 0], [0, 3], [0, 5], [1, 3], [2, 4], [3, 3], [3, 4], [4, 4], [4, 6]]
  396,  [[0, 0], [0, 3], [0, 5], [1, 3], [2, 4], [3, 3], [3, 4], [4, 6], [7, 7]]
  397,  [[0, 0], [0, 0], [0, 3], [1, 3], [3, 3], [3, 4], [4, 5], [4, 6], [4, 7]]
  398,  [[0, 0], [0, 3], [0, 5], [1, 3], [3, 3], [4, 4], [4, 6], [4, 7], [4, 8]]
  399,  [[0, 0], [0, 3], [0, 5], [1, 3], [3, 3], [4, 4], [4, 4], [4, 6], [7, 7]]
  400,  [[0, 0], [0, 3], [0, 5], [1, 3], [2, 6], [3, 3], [3, 4], [4, 4], [4, 7]]
  401,  [[0, 0], [0, 3], [0, 5], [1, 3], [3, 3], [3, 4], [4, 4], [4, 6], [7, 8]]
  402,  [[0, 0], [0, 3], [0, 5], [1, 3], [2, 4], [3, 6], [3, 7], [4, 4], [4, 4]]
  403,  [[0, 0], [0, 3], [0, 5], [1, 4], [3, 6], [3, 7], [3, 8], [4, 4], [4, 4]]
  404,  [[0, 0], [0, 3], [0, 5], [1, 4], [3, 3], [3, 6], [4, 4], [4, 4], [7, 7]]
  405,  [[0, 0], [0, 0], [0, 5], [1, 3], [2, 4], [3, 3], [3, 3], [4, 4], [4, 6]]
  406,  [[0, 0], [0, 0], [0, 5], [1, 3], [2, 4], [3, 3], [3, 4], [4, 4], [6, 6]]
  407,  [[0, 0], [0, 3], [0, 5], [1, 3], [2, 4], [3, 4], [3, 6], [4, 4], [7, 7]]
  408,  [[0, 0], [0, 0], [0, 5], [1, 3], [2, 4], [3, 3], [3, 4], [4, 6], [7, 8]]
  409,  [[0, 0], [0, 3], [0, 5], [1, 4], [3, 3], [3, 4], [4, 4], [6, 6], [7, 7]]
  410,  [[0, 0], [0, 3], [0, 5], [1, 4], [2, 6], [3, 3], [3, 4], [3, 7], [4, 4]]
  411,  [[0, 0], [0, 3], [0, 5], [1, 4], [3, 3], [3, 4], [3, 6], [4, 4], [7, 8]]
  412,  [[0, 0], [0, 0], [0, 5], [1, 6], [3, 3], [3, 3], [3, 4], [4, 4], [4, 7]]
  413,  [[0, 0], [0, 0], [0, 5], [1, 3], [2, 6], [3, 3], [3, 4], [4, 4], [4, 4]]
  414,  [[0, 0], [0, 0], [0, 5], [3, 3], [3, 3], [3, 4], [4, 4], [4, 6], [7, 8]]
  415,  [[0, 0], [0, 0], [0, 5], [1, 3], [3, 4], [3, 4], [4, 4], [4, 6], [7, 8]]
  416,  [[0, 0], [0, 0], [0, 5], [1, 3], [3, 3], [3, 4], [4, 4], [4, 4], [6, 7]]
  417,  [[0, 0], [0, 3], [0, 4], [1, 3], [2, 3], [3, 3], [4, 4], [4, 5], [4, 6]]
  418,  [[0, 0], [0, 0], [0, 3], [1, 4], [2, 4], [3, 5], [3, 6], [3, 7], [4, 4]]
  419,  [[0, 0], [0, 0], [0, 3], [1, 4], [2, 4], [3, 3], [3, 5], [4, 4], [6, 6]]
  420,  [[0, 0], [0, 0], [0, 3], [1, 4], [2, 4], [3, 3], [3, 5], [3, 6], [4, 7]]
  421,  [[0, 0], [0, 0], [0, 3], [1, 4], [2, 4], [3, 5], [3, 6], [4, 4], [4, 7]]
  422,  [[0, 0], [0, 0], [0, 3], [1, 4], [2, 4], [3, 3], [3, 4], [3, 5], [4, 6]]
  423,  [[0, 0], [0, 0], [0, 3], [1, 4], [2, 4], [3, 4], [3, 5], [4, 6], [7, 7]]
  424,  [[0, 0], [0, 0], [0, 3], [1, 4], [2, 4], [3, 4], [3, 5], [3, 6], [7, 7]]
  425,  [[0, 3], [0, 4], [0, 5], [1, 3], [2, 3], [3, 6], [4, 4], [4, 7], [4, 8]]
  426,  [[0, 3], [0, 4], [0, 5], [1, 3], [2, 3], [3, 3], [4, 6], [4, 7], [4, 8]]
  427,  [[0, 3], [0, 4], [0, 5], [1, 3], [2, 3], [3, 3], [4, 4], [4, 6], [7, 7]]
  428,  [[0, 0], [0, 3], [0, 5], [1, 4], [2, 4], [3, 6], [3, 7], [4, 4], [8, 8]]
  429,  [[0, 3], [0, 3], [0, 5], [1, 4], [2, 4], [3, 3], [3, 6], [4, 4], [7, 7]]
  430,  [[0, 0], [0, 3], [0, 5], [1, 4], [2, 4], [3, 3], [3, 3], [4, 4], [6, 6]]
  431,  [[0, 0], [0, 3], [0, 5], [1, 4], [2, 4], [3, 3], [3, 6], [4, 7], [8, 8]]
  432,  [[0, 0], [0, 3], [0, 5], [1, 4], [2, 4], [3, 3], [3, 6], [4, 4], [4, 7]]
  433,  [[0, 0], [0, 3], [0, 5], [1, 4], [2, 4], [3, 3], [3, 6], [4, 4], [7, 8]]
  434,  [[0, 0], [0, 3], [0, 5], [1, 4], [2, 4], [3, 3], [3, 4], [4, 6], [7, 7]]
  435,  [[0, 0], [0, 3], [0, 5], [1, 4], [2, 4], [3, 3], [3, 4], [4, 4], [6, 7]]
  436,  [[0, 0], [0, 3], [0, 3], [1, 4], [2, 4], [3, 4], [3, 5], [4, 4], [6, 6]]
  437,  [[0, 3], [0, 3], [0, 5], [1, 4], [2, 4], [3, 4], [3, 6], [4, 7], [8, 8]]
  438,  [[0, 3], [0, 3], [0, 5], [1, 4], [2, 4], [3, 4], [3, 6], [4, 4], [7, 8]]
  439,  [[0, 0], [0, 3], [0, 5], [1, 4], [2, 4], [3, 4], [3, 6], [7, 7], [8, 8]]
  440,  [[0, 0], [0, 0], [0, 3], [1, 4], [2, 4], [3, 4], [3, 5], [4, 4], [6, 7]]
  441,  [[0, 3], [0, 3], [0, 5], [1, 4], [2, 4], [3, 6], [3, 7], [4, 4], [4, 8]]
  442,  [[0, 3], [0, 4], [0, 5], [1, 3], [2, 3], [3, 4], [4, 6], [4, 7], [8, 8]]
  443,  [[0, 0], [0, 0], [0, 3], [1, 3], [2, 3], [3, 5], [4, 4], [4, 6], [4, 7]]
  444,  [[0, 0], [0, 3], [0, 5], [1, 3], [2, 3], [4, 4], [4, 6], [4, 7], [8, 8]]
  445,  [[0, 0], [0, 3], [0, 5], [1, 3], [2, 3], [3, 6], [4, 4], [4, 4], [4, 7]]
  446,  [[0, 0], [0, 0], [0, 3], [1, 3], [2, 3], [3, 4], [4, 5], [4, 6], [7, 7]]
  447,  [[0, 0], [0, 0], [0, 3], [1, 3], [2, 3], [3, 3], [4, 5], [4, 6], [4, 7]]
  448,  [[0, 0], [0, 0], [0, 3], [1, 3], [2, 3], [4, 4], [4, 5], [4, 6], [4, 7]]
  449,  [[0, 0], [0, 3], [0, 4], [1, 3], [2, 3], [3, 4], [4, 4], [4, 5], [6, 6]]
  450,  [[0, 0], [0, 0], [0, 3], [1, 3], [2, 3], [3, 4], [4, 4], [4, 5], [6, 7]]
  451,  [[0, 3], [0, 3], [0, 5], [1, 3], [2, 3], [4, 4], [4, 6], [4, 7], [4, 8]]
  452,  [[0, 3], [0, 4], [0, 5], [1, 3], [2, 3], [3, 4], [4, 4], [6, 6], [7, 7]]
  453,  [[0, 3], [0, 4], [0, 5], [1, 3], [2, 3], [3, 4], [4, 4], [4, 6], [7, 8]]
  454,  [[0, 3], [0, 3], [0, 5], [1, 3], [2, 3], [4, 4], [4, 4], [4, 6], [7, 7]]
  455,  [[0, 0], [0, 3], [0, 5], [1, 3], [2, 3], [4, 4], [4, 4], [4, 6], [7, 8]]
  456,  [[0, 0], [0, 3], [0, 5], [1, 3], [2, 3], [3, 4], [4, 4], [4, 4], [6, 7]]
  457,  [[0, 0], [0, 3], [0, 5], [1, 4], [2, 4], [3, 3], [3, 4], [6, 6], [7, 8]]
  458,  [[0, 0], [0, 0], [0, 3], [1, 4], [2, 4], [3, 3], [3, 4], [3, 5], [6, 7]]
  459,  [[0, 0], [0, 0], [0, 3], [1, 4], [2, 4], [3, 3], [3, 4], [3, 4], [5, 6]]
  460,  [[0, 0], [0, 3], [0, 5], [1, 4], [3, 3], [3, 4], [3, 4], [4, 4], [6, 7]]
  461,  [[0, 0], [0, 0], [0, 5], [1, 3], [3, 4], [3, 4], [3, 4], [4, 4], [6, 7]]
  462,  [[0, 0], [0, 0], [0, 5], [1, 3], [2, 4], [3, 3], [3, 4], [3, 4], [6, 7]]
  463,  [[0, 0], [0, 0], [0, 3], [1, 4], [3, 4], [3, 4], [3, 5], [4, 4], [6, 7]]
  464,  [[0, 0], [0, 0], [0, 3], [1, 4], [2, 4], [3, 4], [3, 4], [5, 5], [6, 7]]
  465,  [[0, 0], [0, 0], [0, 3], [1, 4], [2, 5], [3, 4], [3, 4], [3, 6], [4, 4]]
  466,  [[0, 0], [0, 3], [0, 5], [1, 4], [2, 6], [3, 3], [3, 4], [3, 4], [4, 4]]
  467,  [[0, 0], [0, 3], [0, 5], [1, 4], [2, 6], [3, 4], [3, 4], [4, 4], [7, 7]]
  468,  [[0, 0], [0, 3], [0, 5], [1, 4], [3, 4], [3, 4], [4, 4], [6, 6], [7, 8]]
  469,  [[0, 0], [0, 3], [0, 3], [1, 4], [2, 4], [3, 4], [3, 4], [5, 5], [6, 6]]
  470,  [[0, 3], [0, 3], [0, 5], [1, 4], [2, 4], [3, 4], [3, 4], [6, 6], [7, 8]]
  471,  [[0, 0], [0, 0], [0, 5], [3, 3], [3, 4], [3, 4], [3, 4], [4, 6], [7, 8]]
  472,  [[0, 0], [0, 0], [0, 5], [1, 3], [3, 4], [3, 4], [3, 4], [6, 6], [7, 8]]
  473,  [[0, 1], [0, 5], [0, 6], [2, 3], [3, 3], [3, 4], [3, 7], [4, 4], [4, 4]]
  474,  [[0, 1], [0, 5], [0, 6], [2, 3], [3, 4], [3, 7], [4, 4], [4, 4], [8, 8]]
  475,  [[0, 1], [0, 5], [0, 6], [3, 3], [3, 4], [3, 4], [3, 7], [4, 4], [8, 8]]
  476,  [[0, 1], [0, 5], [0, 6], [2, 7], [3, 3], [3, 3], [3, 4], [4, 4], [4, 8]]
  477,  [[0, 1], [0, 5], [0, 6], [2, 3], [3, 3], [3, 7], [4, 4], [4, 4], [4, 8]]
  478,  [[0, 1], [0, 5], [0, 6], [2, 3], [3, 4], [3, 4], [4, 4], [7, 7], [8, 8]]
  479,  [[0, 1], [0, 5], [0, 6], [2, 3], [3, 3], [3, 4], [4, 4], [4, 4], [7, 8]]
  480,  [[0, 1], [0, 5], [0, 6], [2, 3], [3, 4], [3, 4], [3, 4], [4, 4], [7, 8]]
  481,  [[0, 1], [0, 5], [0, 6], [2, 7], [3, 3], [3, 4], [3, 4], [3, 4], [4, 8]]
  482,  [[0, 3], [0, 5], [0, 6], [1, 4], [3, 3], [3, 3], [4, 4], [4, 7], [4, 8]]
  483,  [[0, 3], [0, 5], [0, 6], [1, 3], [2, 4], [3, 3], [4, 4], [4, 7], [8, 8]]
  484,  [[0, 3], [0, 5], [0, 6], [1, 3], [2, 4], [3, 4], [3, 7], [4, 4], [4, 8]]
  485,  [[0, 3], [0, 5], [0, 6], [1, 3], [2, 4], [3, 3], [3, 4], [4, 4], [7, 7]]
  486,  [[0, 3], [0, 5], [0, 6], [1, 3], [2, 4], [3, 4], [3, 4], [4, 7], [8, 8]]
  487,  [[0, 3], [0, 5], [0, 6], [1, 3], [3, 4], [3, 4], [4, 4], [7, 7], [8, 8]]
  488,  [[0, 3], [0, 5], [0, 6], [1, 3], [2, 7], [3, 4], [3, 4], [4, 4], [4, 8]]
  489,  [[0, 3], [0, 5], [0, 6], [1, 3], [2, 7], [3, 3], [4, 4], [4, 4], [4, 8]]
  490,  [[0, 3], [0, 5], [0, 6], [1, 3], [3, 3], [3, 7], [4, 4], [4, 4], [4, 8]]
  491,  [[0, 3], [0, 5], [0, 6], [1, 3], [2, 7], [3, 3], [3, 4], [4, 4], [4, 4]]
  492,  [[0, 5], [0, 6], [0, 7], [1, 3], [3, 3], [3, 4], [3, 8], [4, 4], [4, 4]]
  493,  [[0, 3], [0, 5], [0, 6], [1, 3], [3, 4], [3, 7], [4, 4], [4, 4], [8, 8]]
  494,  [[0, 0], [0, 5], [0, 6], [1, 3], [2, 7], [3, 4], [3, 8], [4, 4], [4, 4]]
  495,  [[0, 0], [0, 5], [0, 6], [3, 3], [3, 4], [3, 4], [4, 4], [7, 7], [8, 8]]
  496,  [[0, 0], [0, 5], [0, 6], [1, 7], [3, 3], [3, 4], [3, 4], [3, 8], [4, 4]]
  497,  [[0, 3], [0, 5], [0, 6], [1, 7], [3, 3], [3, 4], [3, 8], [4, 4], [4, 4]]
  498,  [[0, 0], [0, 5], [0, 6], [1, 7], [3, 3], [3, 3], [3, 4], [4, 4], [4, 4]]
  499,  [[0, 3], [0, 5], [0, 6], [1, 3], [2, 4], [3, 3], [3, 7], [4, 4], [4, 4]]
  500,  [[0, 3], [0, 5], [0, 6], [1, 3], [2, 4], [3, 7], [4, 4], [4, 4], [8, 8]]
  501,  [[0, 3], [0, 5], [0, 6], [1, 4], [2, 7], [3, 3], [3, 8], [4, 4], [4, 4]]
  502,  [[0, 5], [0, 6], [0, 7], [1, 3], [2, 4], [3, 3], [3, 3], [4, 4], [4, 8]]
  503,  [[0, 0], [0, 5], [0, 6], [1, 3], [2, 4], [3, 3], [3, 7], [4, 4], [4, 8]]
  504,  [[0, 0], [0, 5], [0, 6], [1, 3], [2, 4], [3, 3], [3, 3], [4, 4], [4, 4]]
  505,  [[0, 0], [0, 5], [0, 6], [3, 3], [3, 3], [3, 7], [4, 4], [4, 4], [4, 8]]
  506,  [[0, 5], [0, 6], [0, 7], [1, 3], [2, 4], [3, 3], [3, 4], [4, 4], [8, 8]]
  507,  [[0, 0], [0, 5], [0, 6], [1, 3], [2, 4], [3, 3], [3, 4], [4, 4], [7, 8]]
  508,  [[0, 3], [0, 5], [0, 6], [1, 3], [2, 4], [3, 4], [4, 4], [7, 7], [8, 8]]
  509,  [[0, 0], [0, 5], [0, 6], [1, 3], [2, 4], [3, 4], [3, 4], [7, 7], [8, 8]]
  510,  [[0, 3], [0, 5], [0, 6], [1, 4], [2, 7], [3, 3], [3, 4], [4, 4], [8, 8]]
  511,  [[0, 3], [0, 5], [0, 6], [1, 4], [3, 3], [3, 4], [4, 4], [4, 7], [8, 8]]
  512,  [[0, 0], [0, 5], [0, 6], [1, 3], [2, 7], [3, 4], [3, 4], [4, 4], [8, 8]]
  513,  [[0, 5], [0, 6], [0, 7], [1, 3], [2, 8], [3, 3], [3, 4], [4, 4], [4, 4]]
  514,  [[0, 3], [0, 5], [0, 6], [1, 3], [3, 3], [3, 4], [4, 4], [4, 4], [7, 8]]
  515,  [[0, 0], [0, 5], [0, 6], [3, 3], [3, 3], [3, 4], [4, 4], [4, 4], [7, 8]]
  516,  [[0, 5], [0, 6], [0, 7], [1, 3], [2, 4], [3, 4], [3, 4], [3, 4], [8, 8]]
  517,  [[0, 5], [0, 6], [0, 7], [1, 3], [2, 8], [3, 4], [3, 4], [3, 4], [4, 4]]
  518,  [[0, 3], [0, 5], [0, 6], [1, 4], [2, 7], [3, 3], [3, 4], [3, 4], [4, 8]]
  519,  [[0, 0], [0, 3], [0, 5], [1, 3], [2, 4], [3, 4], [3, 4], [4, 4], [6, 6]]
  520,  [[0, 3], [0, 5], [0, 6], [1, 3], [2, 4], [3, 4], [3, 4], [4, 4], [7, 8]]
  521,  [[0, 0], [0, 0], [0, 5], [1, 3], [2, 4], [3, 4], [3, 4], [3, 4], [6, 6]]
  522,  [[0, 0], [0, 5], [0, 6], [1, 3], [2, 4], [3, 4], [3, 4], [3, 4], [7, 8]]
  523,  [[0, 0], [0, 0], [0, 5], [1, 3], [2, 6], [3, 4], [3, 4], [3, 4], [4, 4]]
  524,  [[0, 0], [0, 5], [0, 6], [1, 7], [3, 3], [3, 4], [3, 4], [3, 4], [4, 4]]
  525,  [[0, 0], [0, 5], [0, 6], [3, 3], [3, 4], [3, 4], [3, 4], [4, 4], [7, 8]]
  526,  [[0, 3], [0, 5], [0, 6], [1, 4], [2, 7], [3, 4], [3, 4], [3, 4], [8, 8]]
  527,  [[0, 0], [0, 0], [0, 5], [1, 6], [3, 3], [3, 4], [3, 4], [3, 4], [4, 7]]
  528,  [[0, 0], [0, 0], [0, 5], [1, 3], [2, 6], [3, 4], [3, 4], [3, 4], [7, 7]]
  529,  [[0, 0], [0, 5], [0, 6], [1, 7], [3, 3], [3, 4], [3, 4], [3, 4], [8, 8]]
  530,  [[0, 0], [0, 3], [0, 5], [1, 4], [3, 4], [3, 4], [3, 4], [6, 6], [7, 7]]
  531,  [[0, 3], [0, 5], [0, 6], [1, 4], [2, 4], [3, 3], [3, 3], [4, 7], [8, 8]]
  532,  [[0, 3], [0, 5], [0, 6], [1, 4], [2, 4], [3, 3], [3, 3], [4, 4], [4, 7]]
  533,  [[0, 3], [0, 5], [0, 6], [1, 4], [2, 4], [3, 3], [3, 3], [4, 4], [7, 8]]
  534,  [[0, 0], [0, 1], [0, 2], [3, 3], [3, 4], [3, 4], [3, 5], [4, 6], [4, 7]]
  535,  [[0, 0], [0, 0], [0, 1], [3, 4], [3, 4], [3, 5], [3, 6], [4, 7], [4, 8]]
  536,  [[0, 0], [0, 0], [0, 1], [3, 3], [3, 4], [3, 5], [3, 6], [4, 4], [4, 7]]
  537,  [[0, 0], [0, 0], [0, 1], [3, 3], [3, 4], [3, 4], [4, 5], [4, 6], [7, 7]]
  538,  [[0, 0], [0, 1], [0, 3], [2, 4], [3, 4], [3, 5], [3, 6], [4, 4], [4, 7]]
  539,  [[0, 0], [0, 0], [0, 1], [2, 3], [3, 4], [3, 5], [3, 6], [4, 7], [4, 8]]
  540,  [[0, 0], [0, 0], [0, 1], [2, 3], [3, 3], [3, 5], [4, 4], [4, 6], [4, 7]]
  541,  [[0, 0], [0, 0], [0, 1], [2, 3], [3, 3], [3, 4], [4, 5], [4, 6], [7, 7]]
  542,  [[0, 0], [0, 0], [0, 1], [2, 3], [3, 3], [3, 4], [3, 5], [4, 4], [4, 6]]
  543,  [[0, 0], [0, 1], [0, 3], [2, 3], [3, 4], [3, 5], [4, 4], [4, 6], [4, 7]]
  544,  [[0, 0], [0, 0], [0, 1], [2, 3], [3, 4], [3, 5], [4, 6], [4, 7], [4, 8]]
  545,  [[0, 0], [0, 0], [0, 1], [2, 3], [3, 4], [3, 5], [4, 4], [4, 6], [7, 7]]
  546,  [[0, 0], [0, 1], [0, 3], [2, 3], [3, 4], [3, 4], [4, 5], [4, 6], [7, 7]]
  547,  [[0, 0], [0, 0], [0, 1], [2, 3], [3, 4], [3, 4], [4, 5], [4, 6], [7, 8]]
  548,  [[0, 0], [0, 0], [0, 1], [2, 3], [3, 4], [3, 4], [3, 5], [4, 4], [6, 6]]
  549,  [[0, 0], [0, 1], [0, 3], [2, 4], [3, 4], [3, 4], [3, 5], [4, 6], [7, 7]]
  550,  [[0, 0], [0, 0], [0, 1], [2, 3], [3, 4], [3, 4], [3, 5], [4, 6], [7, 8]]
  551,  [[0, 0], [0, 1], [0, 3], [2, 3], [3, 3], [3, 4], [4, 5], [4, 6], [4, 7]]
  552,  [[0, 0], [0, 1], [0, 3], [2, 3], [3, 3], [3, 4], [4, 4], [4, 5], [6, 6]]
  553,  [[0, 0], [0, 1], [0, 3], [2, 4], [3, 3], [3, 5], [3, 6], [4, 4], [4, 4]]
  554,  [[0, 0], [0, 0], [0, 1], [2, 3], [3, 3], [3, 3], [4, 5], [4, 6], [4, 7]]
  555,  [[0, 0], [0, 0], [0, 1], [3, 3], [3, 3], [3, 4], [4, 5], [4, 6], [4, 7]]
  556,  [[0, 0], [0, 1], [0, 3], [2, 4], [3, 3], [3, 4], [3, 5], [4, 4], [6, 6]]
  557,  [[0, 0], [0, 0], [0, 1], [2, 3], [3, 3], [3, 4], [4, 4], [4, 5], [6, 7]]
  558,  [[0, 1], [0, 2], [0, 5], [3, 3], [3, 4], [3, 6], [3, 7], [4, 4], [4, 8]]
  559,  [[0, 1], [0, 2], [0, 5], [3, 3], [3, 4], [3, 4], [4, 6], [4, 7], [8, 8]]
  560,  [[0, 1], [0, 2], [0, 5], [3, 3], [3, 4], [3, 4], [3, 6], [4, 4], [4, 7]]
  561,  [[0, 1], [0, 2], [0, 5], [3, 3], [3, 4], [3, 4], [3, 6], [4, 7], [8, 8]]
  562,  [[0, 1], [0, 3], [0, 5], [3, 3], [3, 4], [3, 6], [4, 4], [4, 7], [4, 8]]
  563,  [[0, 0], [0, 1], [0, 5], [2, 3], [3, 4], [3, 6], [3, 7], [4, 4], [4, 8]]
  564,  [[0, 0], [0, 1], [0, 5], [3, 3], [3, 3], [3, 6], [4, 4], [4, 7], [4, 8]]
  565,  [[0, 0], [0, 1], [0, 5], [3, 3], [3, 4], [3, 6], [4, 4], [4, 7], [8, 8]]
  566,  [[0, 1], [0, 3], [0, 5], [3, 3], [3, 4], [3, 4], [4, 6], [4, 7], [8, 8]]
  567,  [[0, 0], [0, 1], [0, 5], [3, 3], [3, 3], [3, 4], [4, 6], [4, 7], [8, 8]]
  568,  [[0, 0], [0, 1], [0, 5], [3, 3], [3, 4], [3, 4], [3, 6], [4, 4], [7, 7]]
  569,  [[0, 0], [0, 1], [0, 5], [3, 3], [3, 4], [3, 4], [4, 6], [7, 7], [8, 8]]
  570,  [[0, 0], [0, 1], [0, 5], [2, 6], [3, 3], [3, 4], [3, 4], [4, 7], [4, 8]]
  571,  [[0, 1], [0, 3], [0, 5], [3, 4], [3, 4], [3, 6], [4, 4], [4, 7], [8, 8]]
  572,  [[0, 0], [0, 1], [0, 5], [3, 4], [3, 4], [3, 4], [3, 6], [4, 7], [8, 8]]
  573,  [[0, 0], [0, 1], [0, 5], [2, 6], [3, 3], [3, 4], [3, 4], [3, 7], [4, 8]]
  574,  [[0, 1], [0, 3], [0, 5], [2, 4], [3, 3], [3, 6], [3, 7], [4, 4], [4, 8]]
  575,  [[0, 1], [0, 3], [0, 5], [2, 4], [3, 3], [3, 4], [3, 6], [4, 4], [4, 7]]
  576,  [[0, 1], [0, 3], [0, 5], [2, 4], [3, 4], [3, 6], [4, 4], [4, 7], [8, 8]]
  577,  [[0, 1], [0, 3], [0, 5], [2, 4], [3, 4], [3, 6], [3, 7], [4, 4], [8, 8]]
  578,  [[0, 1], [0, 3], [0, 5], [2, 3], [3, 3], [3, 6], [4, 4], [4, 7], [4, 8]]
  579,  [[0, 0], [0, 1], [0, 5], [2, 3], [3, 3], [3, 6], [4, 4], [4, 4], [4, 7]]
  580,  [[0, 1], [0, 3], [0, 5], [2, 3], [3, 3], [3, 4], [4, 6], [4, 7], [8, 8]]
  581,  [[0, 0], [0, 1], [0, 5], [2, 3], [3, 3], [3, 4], [3, 6], [4, 4], [4, 4]]
  582,  [[0, 1], [0, 3], [0, 5], [2, 3], [3, 4], [4, 4], [4, 6], [4, 7], [8, 8]]
  583,  [[0, 1], [0, 3], [0, 5], [2, 3], [3, 4], [3, 6], [4, 4], [4, 7], [8, 8]]
  584,  [[0, 1], [0, 3], [0, 5], [2, 4], [3, 3], [3, 4], [3, 6], [4, 7], [8, 8]]
  585,  [[0, 0], [0, 1], [0, 5], [2, 3], [3, 4], [3, 6], [4, 4], [4, 4], [7, 7]]
  586,  [[0, 1], [0, 3], [0, 5], [2, 3], [3, 4], [3, 4], [4, 4], [4, 6], [7, 7]]
  587,  [[0, 1], [0, 3], [0, 5], [2, 3], [3, 4], [3, 4], [4, 6], [7, 7], [8, 8]]
  588,  [[0, 0], [0, 1], [0, 5], [2, 3], [3, 4], [3, 4], [4, 4], [6, 6], [7, 7]]
  589,  [[0, 0], [0, 1], [0, 5], [2, 3], [3, 4], [3, 4], [4, 4], [4, 6], [7, 8]]
  590,  [[0, 1], [0, 3], [0, 5], [2, 4], [3, 4], [3, 4], [3, 6], [7, 7], [8, 8]]
  591,  [[0, 1], [0, 3], [0, 5], [2, 4], [3, 3], [3, 4], [3, 4], [4, 6], [7, 7]]
  592,  [[0, 0], [0, 1], [0, 5], [2, 3], [3, 4], [3, 4], [3, 6], [4, 4], [7, 8]]
  593,  [[0, 1], [0, 3], [0, 5], [2, 4], [3, 4], [3, 4], [4, 6], [7, 7], [8, 8]]
  594,  [[0, 1], [0, 3], [0, 5], [2, 3], [3, 3], [4, 4], [4, 6], [4, 7], [4, 8]]
  595,  [[0, 1], [0, 3], [0, 5], [2, 3], [3, 3], [4, 4], [4, 4], [4, 6], [7, 7]]
  596,  [[0, 1], [0, 3], [0, 5], [2, 3], [3, 3], [3, 4], [4, 4], [4, 6], [7, 8]]
  597,  [[0, 0], [0, 1], [0, 2], [3, 3], [3, 3], [3, 4], [4, 4], [4, 5], [4, 6]]
  598,  [[0, 1], [0, 2], [0, 5], [3, 3], [3, 3], [3, 4], [4, 6], [4, 7], [4, 8]]
  599,  [[0, 1], [0, 2], [0, 5], [3, 3], [3, 3], [3, 4], [4, 4], [4, 6], [7, 7]]
  600,  [[0, 0], [0, 0], [0, 1], [2, 3], [3, 4], [3, 5], [3, 6], [4, 4], [4, 4]]
  601,  [[0, 0], [0, 1], [0, 5], [2, 6], [3, 3], [3, 3], [3, 4], [4, 4], [4, 7]]
  602,  [[0, 0], [0, 1], [0, 5], [3, 3], [3, 3], [3, 4], [4, 4], [4, 6], [7, 8]]
  603,  [[0, 1], [0, 3], [0, 5], [2, 4], [3, 6], [3, 7], [3, 8], [4, 4], [4, 4]]
  604,  [[0, 1], [0, 3], [0, 5], [2, 4], [3, 3], [3, 6], [4, 4], [4, 4], [7, 7]]
  605,  [[0, 1], [0, 3], [0, 5], [2, 4], [3, 3], [3, 4], [4, 4], [6, 6], [7, 7]]
  606,  [[0, 1], [0, 3], [0, 5], [2, 4], [3, 3], [3, 4], [3, 6], [4, 4], [7, 8]]
  607,  [[0, 0], [0, 1], [0, 5], [2, 3], [3, 3], [3, 4], [4, 4], [4, 4], [6, 7]]
  608,  [[0, 0], [0, 1], [0, 5], [2, 3], [3, 4], [3, 4], [3, 4], [4, 4], [6, 7]]
  609,  [[0, 1], [0, 3], [0, 5], [2, 4], [3, 3], [3, 4], [3, 4], [4, 4], [6, 7]]
  610,  [[0, 0], [0, 0], [0, 1], [2, 3], [3, 3], [3, 4], [3, 4], [4, 4], [5, 6]]
  611,  [[0, 0], [0, 1], [0, 3], [2, 4], [3, 4], [3, 4], [3, 5], [4, 4], [6, 7]]
  612,  [[0, 1], [0, 3], [0, 5], [2, 4], [3, 4], [3, 4], [4, 4], [6, 6], [7, 8]]
  613,  [[0, 0], [0, 0], [0, 1], [2, 3], [3, 4], [3, 4], [3, 4], [4, 5], [6, 7]]
  614,  [[0, 1], [0, 2], [0, 5], [3, 3], [3, 4], [3, 4], [3, 4], [4, 6], [7, 7]]
  615,  [[0, 0], [0, 1], [0, 5], [2, 6], [3, 3], [3, 4], [3, 4], [3, 4], [4, 7]]
  616,  [[0, 0], [0, 1], [0, 5], [3, 3], [3, 4], [3, 4], [3, 4], [4, 6], [7, 8]]
  617,  [[0, 1], [0, 3], [0, 5], [2, 4], [3, 4], [3, 4], [3, 4], [6, 6], [7, 7]]
  618,  [[0, 0], [0, 1], [0, 5], [2, 3], [3, 4], [3, 4], [3, 4], [6, 6], [7, 8]]
  619,  [[0, 0], [0, 3], [0, 5], [3, 3], [3, 4], [4, 4], [4, 6], [4, 7], [8, 8]]
  620,  [[0, 0], [0, 3], [0, 5], [1, 4], [3, 3], [3, 4], [3, 6], [4, 7], [4, 8]]
  621,  [[0, 0], [0, 3], [0, 5], [3, 3], [3, 4], [3, 6], [4, 4], [4, 7], [8, 8]]
  622,  [[0, 0], [0, 0], [0, 5], [1, 3], [3, 6], [3, 7], [4, 4], [4, 4], [4, 8]]
  623,  [[0, 0], [0, 3], [0, 5], [3, 3], [3, 6], [3, 7], [4, 4], [4, 4], [4, 8]]
  624,  [[0, 0], [0, 0], [0, 5], [1, 6], [3, 3], [3, 4], [3, 7], [4, 4], [4, 8]]
  625,  [[0, 0], [0, 3], [0, 5], [1, 6], [3, 3], [3, 4], [3, 4], [4, 7], [4, 8]]
  626,  [[0, 0], [0, 0], [0, 5], [1, 6], [3, 3], [3, 3], [3, 4], [4, 7], [4, 8]]
  627,  [[0, 0], [0, 0], [0, 5], [1, 6], [3, 3], [3, 4], [3, 4], [3, 7], [4, 4]]
  628,  [[0, 0], [0, 0], [0, 5], [1, 6], [3, 3], [3, 4], [3, 4], [4, 7], [8, 8]]
  629,  [[0, 0], [0, 0], [0, 3], [1, 4], [3, 3], [3, 5], [3, 6], [4, 4], [4, 7]]
  630,  [[0, 0], [0, 0], [0, 3], [1, 4], [3, 4], [3, 5], [3, 6], [4, 7], [4, 8]]
  631,  [[0, 0], [0, 0], [0, 3], [1, 4], [3, 4], [3, 5], [3, 6], [4, 4], [7, 7]]
  632,  [[0, 3], [0, 4], [0, 5], [1, 3], [3, 3], [3, 6], [4, 4], [4, 7], [4, 8]]
  633,  [[0, 0], [0, 3], [0, 5], [1, 3], [2, 4], [3, 6], [3, 7], [4, 4], [4, 8]]
  634,  [[0, 0], [0, 3], [0, 5], [1, 4], [3, 3], [3, 6], [4, 4], [4, 7], [8, 8]]
  635,  [[0, 0], [0, 3], [0, 5], [1, 3], [2, 4], [3, 4], [3, 6], [4, 4], [4, 7]]
  636,  [[0, 0], [0, 3], [0, 5], [1, 4], [3, 3], [3, 4], [4, 4], [4, 6], [7, 7]]
  637,  [[0, 3], [0, 3], [0, 5], [1, 4], [3, 4], [3, 6], [4, 4], [4, 7], [8, 8]]
  638,  [[0, 0], [0, 3], [0, 5], [1, 4], [3, 4], [3, 6], [4, 4], [7, 7], [8, 8]]
  639,  [[0, 0], [0, 3], [0, 5], [1, 4], [2, 6], [3, 4], [3, 7], [4, 4], [4, 8]]
  640,  [[0, 3], [0, 4], [0, 5], [1, 3], [3, 3], [3, 4], [4, 6], [4, 7], [8, 8]]
  641,  [[0, 0], [0, 3], [0, 5], [3, 4], [3, 6], [3, 7], [4, 4], [4, 4], [8, 8]]
  642,  [[0, 0], [0, 3], [0, 5], [1, 4], [3, 6], [3, 7], [4, 4], [4, 4], [8, 8]]
  643,  [[0, 0], [0, 3], [0, 5], [1, 4], [2, 6], [3, 4], [3, 7], [3, 8], [4, 4]]
  644,  [[0, 0], [0, 0], [0, 3], [1, 3], [3, 3], [3, 5], [4, 4], [4, 6], [4, 7]]
  645,  [[0, 0], [0, 3], [0, 5], [1, 3], [3, 3], [4, 4], [4, 6], [4, 7], [8, 8]]
  646,  [[0, 0], [0, 3], [0, 5], [1, 3], [2, 4], [3, 3], [3, 6], [4, 7], [4, 8]]
  647,  [[0, 0], [0, 3], [0, 5], [1, 3], [3, 3], [3, 6], [4, 4], [4, 4], [4, 7]]
  648,  [[0, 0], [0, 0], [0, 5], [1, 3], [2, 4], [3, 3], [3, 6], [4, 4], [4, 7]]
  649,  [[0, 0], [0, 3], [0, 5], [1, 3], [2, 6], [3, 3], [3, 4], [4, 7], [4, 8]]
  650,  [[0, 0], [0, 0], [0, 3], [1, 3], [2, 4], [3, 4], [3, 5], [4, 6], [4, 7]]
  651,  [[0, 0], [0, 0], [0, 3], [1, 3], [3, 4], [3, 5], [4, 6], [4, 7], [4, 8]]
  652,  [[0, 0], [0, 0], [0, 3], [1, 3], [3, 4], [3, 5], [4, 4], [4, 6], [7, 7]]
  653,  [[0, 3], [0, 3], [0, 5], [1, 3], [3, 4], [4, 4], [4, 6], [4, 7], [8, 8]]
  654,  [[0, 0], [0, 3], [0, 5], [1, 3], [2, 4], [3, 4], [4, 6], [4, 7], [8, 8]]
  655,  [[0, 0], [0, 3], [0, 5], [1, 3], [3, 4], [4, 4], [4, 6], [7, 7], [8, 8]]
  656,  [[0, 0], [0, 3], [0, 5], [1, 3], [2, 6], [3, 4], [4, 4], [4, 7], [4, 8]]
  657,  [[0, 0], [0, 3], [0, 5], [1, 3], [2, 4], [3, 6], [4, 4], [4, 7], [4, 8]]
  658,  [[0, 0], [0, 3], [0, 5], [1, 3], [2, 4], [3, 4], [3, 6], [4, 7], [8, 8]]
  659,  [[0, 3], [0, 4], [0, 5], [1, 3], [3, 4], [3, 6], [4, 4], [4, 7], [8, 8]]
  660,  [[0, 0], [0, 3], [0, 5], [1, 3], [3, 6], [4, 4], [4, 4], [4, 7], [8, 8]]
  661,  [[0, 0], [0, 3], [0, 5], [1, 3], [3, 4], [3, 6], [4, 4], [4, 4], [7, 7]]
  662,  [[0, 0], [0, 3], [0, 5], [1, 3], [2, 6], [3, 4], [3, 7], [4, 4], [4, 8]]
  663,  [[0, 0], [0, 3], [0, 5], [1, 4], [3, 3], [3, 4], [4, 6], [7, 7], [8, 8]]
  664,  [[0, 0], [0, 3], [0, 5], [1, 4], [2, 6], [3, 3], [3, 4], [3, 7], [4, 8]]
  665,  [[0, 0], [0, 0], [0, 5], [1, 3], [2, 6], [3, 4], [3, 7], [4, 4], [4, 4]]
  666,  [[0, 0], [0, 0], [0, 3], [1, 3], [2, 5], [3, 4], [3, 4], [4, 6], [4, 7]]
  667,  [[0, 0], [0, 0], [0, 3], [1, 3], [3, 4], [3, 4], [4, 5], [4, 6], [7, 8]]
  668,  [[0, 0], [0, 3], [0, 5], [1, 3], [2, 4], [3, 4], [3, 4], [4, 6], [7, 7]]
  669,  [[0, 0], [0, 3], [0, 5], [1, 3], [3, 4], [3, 4], [4, 4], [6, 6], [7, 7]]
  670,  [[0, 0], [0, 3], [0, 5], [1, 3], [2, 6], [3, 4], [3, 4], [4, 4], [4, 7]]
  671,  [[0, 0], [0, 3], [0, 5], [1, 3], [3, 4], [3, 4], [4, 4], [4, 6], [7, 8]]
  672,  [[0, 3], [0, 4], [0, 5], [1, 3], [3, 4], [3, 4], [4, 6], [7, 7], [8, 8]]
  673,  [[0, 0], [0, 3], [0, 5], [1, 3], [2, 6], [3, 4], [3, 4], [4, 7], [8, 8]]
  674,  [[0, 0], [0, 0], [0, 5], [1, 3], [2, 6], [3, 4], [3, 4], [4, 4], [7, 7]]
  675,  [[0, 0], [0, 3], [0, 5], [1, 4], [2, 6], [3, 4], [3, 4], [3, 7], [8, 8]]
  676,  [[0, 0], [0, 0], [0, 5], [1, 3], [2, 4], [3, 4], [3, 4], [3, 6], [7, 8]]
  677,  [[0, 0], [0, 3], [0, 5], [1, 4], [2, 6], [3, 3], [3, 4], [3, 4], [4, 7]]
  678,  [[0, 0], [0, 3], [0, 5], [1, 4], [3, 3], [3, 4], [3, 4], [4, 6], [7, 8]]
  679,  [[0, 0], [0, 0], [0, 5], [3, 3], [3, 4], [3, 4], [3, 6], [4, 4], [7, 8]]
  680,  [[0, 0], [0, 0], [0, 5], [1, 3], [3, 4], [3, 6], [4, 4], [4, 4], [7, 8]]
  681,  [[0, 0], [0, 0], [0, 5], [1, 3], [3, 4], [3, 4], [4, 4], [6, 6], [7, 8]]
  682,  [[0, 0], [0, 0], [0, 3], [1, 4], [2, 5], [3, 4], [3, 4], [3, 6], [4, 7]]
  683,  [[0, 0], [0, 0], [0, 3], [1, 4], [3, 4], [3, 4], [3, 5], [4, 6], [7, 8]]
  684,  [[0, 0], [0, 3], [0, 5], [3, 4], [3, 4], [3, 6], [4, 4], [7, 7], [8, 8]]
  685,  [[0, 0], [0, 3], [0, 5], [1, 6], [3, 4], [3, 4], [3, 7], [4, 4], [4, 8]]
  686,  [[0, 3], [0, 3], [0, 5], [1, 4], [3, 4], [3, 4], [4, 6], [7, 7], [8, 8]]
  687,  [[0, 0], [0, 3], [0, 5], [1, 4], [2, 6], [3, 4], [3, 4], [4, 7], [8, 8]]
  688,  [[0, 0], [0, 0], [0, 5], [1, 6], [3, 4], [3, 4], [3, 4], [3, 7], [4, 8]]
  689,  [[0, 0], [0, 0], [0, 3], [1, 3], [2, 4], [3, 3], [4, 4], [4, 5], [4, 6]]
  690,  [[0, 3], [0, 3], [0, 5], [1, 3], [2, 4], [3, 3], [4, 4], [4, 6], [4, 7]]
  691,  [[0, 0], [0, 3], [0, 5], [1, 4], [3, 3], [3, 3], [4, 4], [4, 6], [4, 7]]
  692,  [[0, 0], [0, 3], [0, 5], [1, 3], [2, 4], [3, 3], [4, 6], [4, 7], [4, 8]]
  693,  [[0, 0], [0, 3], [0, 5], [1, 3], [2, 4], [3, 3], [4, 4], [4, 6], [7, 7]]
  694,  [[0, 0], [0, 3], [0, 5], [1, 3], [2, 4], [3, 3], [3, 4], [4, 4], [6, 6]]
  695,  [[0, 3], [0, 4], [0, 5], [1, 3], [2, 4], [3, 3], [3, 4], [4, 6], [7, 7]]
  696,  [[0, 0], [0, 3], [0, 5], [1, 3], [2, 4], [3, 3], [3, 4], [4, 6], [7, 8]]
  697,  [[0, 0], [0, 0], [0, 3], [1, 3], [3, 3], [4, 4], [4, 5], [4, 6], [4, 7]]
  698,  [[0, 3], [0, 3], [0, 5], [1, 3], [3, 3], [4, 4], [4, 6], [4, 7], [4, 8]]
  699,  [[0, 0], [0, 3], [0, 5], [3, 3], [3, 3], [4, 4], [4, 6], [4, 7], [4, 8]]
  700,  [[0, 0], [0, 3], [0, 5], [1, 3], [2, 6], [3, 3], [4, 4], [4, 4], [4, 7]]
  701,  [[0, 0], [0, 3], [0, 5], [1, 3], [3, 3], [4, 4], [4, 4], [4, 6], [7, 8]]
  702,  [[0, 3], [0, 4], [0, 5], [1, 3], [2, 6], [3, 3], [3, 4], [4, 4], [4, 7]]
  703,  [[0, 0], [0, 0], [0, 3], [1, 3], [2, 5], [3, 3], [3, 4], [4, 4], [4, 6]]
  704,  [[0, 0], [0, 3], [0, 5], [1, 3], [2, 6], [3, 3], [3, 4], [4, 4], [4, 4]]
  705,  [[0, 3], [0, 4], [0, 5], [1, 3], [3, 3], [3, 4], [4, 4], [4, 6], [7, 8]]
  706,  [[0, 0], [0, 0], [0, 3], [1, 3], [3, 3], [3, 4], [4, 4], [4, 5], [6, 7]]
  707,  [[0, 0], [0, 3], [0, 5], [1, 3], [3, 3], [3, 4], [4, 4], [4, 4], [6, 7]]
  708,  [[0, 0], [0, 0], [0, 3], [1, 3], [2, 4], [3, 5], [3, 6], [4, 4], [4, 4]]
  709,  [[0, 0], [0, 3], [0, 5], [1, 3], [2, 4], [3, 3], [3, 6], [4, 4], [4, 4]]
  710,  [[0, 0], [0, 3], [0, 5], [1, 3], [2, 4], [3, 6], [4, 4], [4, 4], [7, 7]]
  711,  [[0, 0], [0, 0], [0, 3], [1, 4], [3, 5], [3, 6], [3, 7], [4, 4], [4, 4]]
  712,  [[0, 0], [0, 3], [0, 5], [1, 4], [2, 6], [3, 3], [3, 7], [4, 4], [4, 4]]
  713,  [[0, 0], [0, 3], [0, 5], [1, 4], [3, 3], [3, 6], [4, 4], [4, 4], [7, 8]]
  714,  [[0, 0], [0, 0], [0, 5], [1, 3], [2, 4], [3, 3], [3, 4], [4, 4], [6, 7]]
  715,  [[0, 0], [0, 0], [0, 3], [1, 3], [2, 4], [3, 4], [3, 5], [4, 4], [6, 6]]
  716,  [[0, 0], [0, 3], [0, 5], [1, 3], [2, 4], [3, 4], [4, 4], [6, 6], [7, 7]]
  717,  [[0, 0], [0, 3], [0, 5], [1, 3], [2, 4], [3, 4], [3, 6], [4, 4], [7, 8]]
  718,  [[0, 0], [0, 3], [0, 5], [1, 4], [2, 6], [3, 3], [3, 4], [4, 4], [7, 7]]
  719,  [[0, 0], [0, 3], [0, 5], [1, 4], [3, 3], [3, 4], [4, 4], [6, 6], [7, 8]]
  720,  [[0, 0], [0, 0], [0, 3], [1, 4], [2, 5], [3, 3], [3, 4], [3, 6], [4, 4]]
  721,  [[0, 0], [0, 3], [0, 5], [1, 6], [3, 3], [3, 4], [3, 7], [4, 4], [4, 4]]
  722,  [[0, 0], [0, 0], [0, 3], [1, 4], [3, 3], [3, 4], [3, 5], [4, 4], [6, 7]]
  723,  [[0, 0], [0, 3], [0, 5], [3, 3], [3, 4], [3, 6], [4, 4], [4, 4], [7, 8]]
  724,  [[0, 0], [0, 3], [0, 4], [1, 3], [2, 3], [3, 5], [4, 4], [4, 6], [4, 7]]
  725,  [[0, 0], [0, 3], [0, 4], [1, 3], [2, 3], [3, 3], [4, 5], [4, 6], [4, 7]]
  726,  [[0, 0], [0, 3], [0, 4], [1, 3], [2, 3], [3, 3], [4, 4], [4, 5], [6, 6]]
  727,  [[0, 0], [0, 0], [0, 3], [1, 4], [2, 4], [3, 5], [3, 6], [4, 4], [7, 7]]
  728,  [[0, 0], [0, 0], [0, 3], [1, 4], [2, 4], [3, 5], [3, 6], [3, 7], [4, 8]]
  729,  [[0, 0], [0, 3], [0, 3], [1, 4], [2, 4], [3, 3], [3, 5], [4, 4], [6, 6]]
  730,  [[0, 0], [0, 0], [0, 3], [1, 4], [2, 4], [3, 3], [3, 5], [4, 6], [7, 7]]
  731,  [[0, 0], [0, 0], [0, 3], [1, 4], [2, 4], [3, 3], [3, 5], [4, 4], [4, 6]]
  732,  [[0, 0], [0, 0], [0, 3], [1, 4], [2, 4], [3, 3], [3, 5], [4, 4], [6, 7]]
  733,  [[0, 0], [0, 3], [0, 3], [1, 4], [2, 4], [3, 5], [3, 6], [4, 4], [4, 7]]
  734,  [[0, 0], [0, 0], [0, 3], [1, 4], [2, 4], [3, 5], [3, 6], [4, 7], [4, 8]]
  735,  [[0, 0], [0, 0], [0, 3], [1, 4], [2, 4], [3, 3], [3, 4], [4, 5], [6, 6]]
  736,  [[0, 0], [0, 3], [0, 3], [1, 4], [2, 4], [3, 4], [3, 5], [4, 6], [7, 7]]
  737,  [[0, 0], [0, 0], [0, 3], [1, 4], [2, 4], [3, 4], [3, 5], [4, 6], [7, 8]]
  738,  [[0, 0], [0, 3], [0, 4], [1, 3], [2, 3], [3, 4], [4, 5], [4, 6], [7, 7]]
  739,  [[0, 0], [0, 0], [0, 3], [1, 4], [2, 4], [3, 4], [3, 5], [3, 6], [7, 8]]
  740,  [[0, 3], [0, 4], [0, 5], [1, 3], [2, 3], [4, 4], [4, 6], [4, 7], [8, 8]]
  741,  [[0, 3], [0, 4], [0, 5], [1, 3], [2, 3], [3, 6], [4, 4], [4, 7], [8, 8]]
  742,  [[0, 3], [0, 4], [0, 5], [1, 3], [2, 3], [3, 3], [4, 6], [4, 7], [8, 8]]
  743,  [[0, 3], [0, 4], [0, 5], [1, 3], [2, 3], [3, 3], [4, 4], [4, 6], [7, 8]]
  744,  [[0, 3], [0, 3], [0, 5], [1, 4], [2, 4], [3, 6], [3, 7], [4, 4], [8, 8]]
  745,  [[0, 3], [0, 3], [0, 5], [1, 4], [2, 4], [3, 3], [4, 4], [6, 6], [7, 7]]
  746,  [[0, 3], [0, 3], [0, 5], [1, 4], [2, 4], [3, 3], [3, 6], [4, 7], [8, 8]]
  747,  [[0, 3], [0, 3], [0, 5], [1, 4], [2, 4], [3, 3], [3, 6], [4, 4], [4, 7]]
  748,  [[0, 3], [0, 3], [0, 5], [1, 4], [2, 4], [3, 3], [3, 6], [4, 4], [7, 8]]
  749,  [[0, 0], [0, 3], [0, 5], [1, 4], [2, 4], [3, 3], [3, 3], [4, 6], [7, 7]]
  750,  [[0, 0], [0, 3], [0, 5], [1, 4], [2, 4], [3, 3], [3, 3], [4, 4], [4, 6]]
  751,  [[0, 0], [0, 3], [0, 5], [1, 4], [2, 4], [3, 3], [3, 3], [4, 4], [6, 7]]
  752,  [[0, 0], [0, 3], [0, 5], [1, 4], [2, 4], [3, 3], [3, 6], [4, 7], [4, 8]]
  753,  [[0, 3], [0, 3], [0, 5], [1, 4], [2, 4], [3, 3], [3, 4], [4, 6], [7, 7]]
  754,  [[0, 0], [0, 3], [0, 5], [1, 4], [2, 4], [3, 3], [3, 4], [4, 6], [7, 8]]
  755,  [[0, 3], [0, 3], [0, 5], [1, 4], [2, 4], [3, 3], [3, 4], [4, 4], [6, 7]]
  756,  [[0, 0], [0, 0], [0, 3], [1, 4], [2, 4], [3, 3], [3, 4], [4, 4], [5, 6]]
  757,  [[0, 0], [0, 3], [0, 3], [1, 4], [2, 4], [3, 4], [3, 5], [4, 4], [6, 7]]
  758,  [[0, 3], [0, 3], [0, 5], [1, 4], [2, 4], [3, 6], [4, 4], [4, 7], [8, 8]]
  759,  [[0, 3], [0, 3], [0, 5], [1, 4], [2, 4], [3, 4], [4, 6], [7, 7], [8, 8]]
  760,  [[0, 3], [0, 3], [0, 5], [1, 4], [2, 4], [3, 4], [3, 6], [7, 7], [8, 8]]
  761,  [[0, 3], [0, 3], [0, 5], [1, 4], [2, 4], [3, 4], [4, 4], [6, 6], [7, 8]]
  762,  [[0, 3], [0, 4], [0, 5], [1, 3], [2, 3], [3, 4], [4, 6], [7, 7], [8, 8]]
  763,  [[0, 0], [0, 0], [0, 3], [1, 3], [2, 3], [4, 4], [4, 5], [4, 6], [7, 7]]
  764,  [[0, 0], [0, 0], [0, 3], [1, 3], [2, 3], [3, 5], [4, 6], [4, 7], [4, 8]]
  765,  [[0, 0], [0, 0], [0, 3], [1, 3], [2, 3], [3, 5], [4, 4], [4, 4], [4, 6]]
  766,  [[0, 3], [0, 3], [0, 5], [1, 3], [2, 3], [4, 4], [4, 6], [4, 7], [8, 8]]
  767,  [[0, 0], [0, 0], [0, 3], [1, 3], [2, 3], [3, 4], [4, 5], [4, 6], [7, 8]]
  768,  [[0, 0], [0, 3], [0, 3], [1, 3], [2, 3], [4, 4], [4, 5], [4, 6], [4, 7]]
  769,  [[0, 0], [0, 0], [0, 3], [1, 3], [2, 3], [4, 5], [4, 6], [4, 7], [4, 8]]
  770,  [[0, 0], [0, 3], [0, 4], [1, 3], [2, 3], [3, 4], [4, 4], [5, 5], [6, 6]]
  771,  [[0, 0], [0, 3], [0, 4], [1, 3], [2, 3], [3, 4], [4, 4], [4, 5], [6, 7]]
  772,  [[0, 0], [0, 0], [0, 3], [1, 3], [2, 3], [4, 4], [4, 4], [4, 5], [6, 7]]
  773,  [[0, 0], [0, 0], [0, 3], [1, 3], [2, 3], [3, 4], [4, 4], [4, 4], [5, 6]]
  774,  [[0, 3], [0, 4], [0, 5], [1, 3], [2, 3], [3, 4], [4, 4], [6, 6], [7, 8]]
  775,  [[0, 0], [0, 3], [0, 3], [1, 3], [2, 3], [4, 4], [4, 4], [4, 5], [6, 6]]
  776,  [[0, 3], [0, 3], [0, 5], [1, 3], [2, 3], [4, 4], [4, 4], [4, 6], [7, 8]]
  777,  [[0, 3], [0, 3], [0, 5], [1, 4], [2, 4], [3, 3], [3, 4], [6, 6], [7, 8]]
  778,  [[0, 0], [0, 0], [0, 3], [1, 4], [2, 4], [3, 3], [3, 4], [5, 5], [6, 7]]
  779,  [[0, 0], [0, 3], [0, 5], [1, 3], [2, 4], [3, 4], [3, 4], [4, 4], [6, 7]]
  780,  [[0, 0], [0, 0], [0, 5], [1, 3], [2, 4], [3, 4], [3, 4], [3, 4], [6, 7]]
  781,  [[0, 0], [0, 3], [0, 3], [1, 4], [2, 4], [3, 4], [3, 4], [5, 5], [6, 7]]
  782,  [[0, 0], [0, 0], [0, 3], [1, 4], [2, 4], [3, 4], [3, 4], [5, 6], [7, 8]]
  783,  [[0, 3], [0, 3], [0, 5], [1, 4], [2, 6], [3, 4], [3, 4], [4, 4], [7, 7]]
  784,  [[0, 0], [0, 3], [0, 5], [1, 4], [2, 6], [3, 4], [3, 4], [3, 4], [7, 7]]
  785,  [[0, 0], [0, 3], [0, 5], [1, 4], [2, 6], [3, 4], [3, 4], [4, 4], [7, 8]]
  786,  [[0, 3], [0, 3], [0, 5], [1, 4], [3, 4], [3, 4], [4, 4], [6, 6], [7, 8]]
  787,  [[0, 0], [0, 3], [0, 5], [1, 4], [3, 4], [3, 4], [3, 4], [6, 6], [7, 8]]
  788,  [[0, 0], [0, 0], [0, 5], [1, 3], [2, 6], [3, 4], [3, 4], [3, 4], [7, 8]]
  789,  [[0, 1], [0, 5], [0, 6], [3, 3], [3, 4], [3, 4], [4, 4], [7, 7], [8, 8]]
  790,  [[0, 1], [0, 5], [0, 6], [2, 7], [3, 3], [3, 4], [3, 4], [3, 8], [4, 4]]
  791,  [[0, 1], [0, 5], [0, 6], [2, 7], [3, 3], [3, 3], [3, 4], [4, 4], [4, 4]]
  792,  [[0, 1], [0, 5], [0, 6], [3, 3], [3, 3], [3, 7], [4, 4], [4, 4], [4, 8]]
  793,  [[0, 1], [0, 5], [0, 6], [3, 3], [3, 3], [3, 4], [4, 4], [4, 4], [7, 8]]
  794,  [[0, 1], [0, 5], [0, 6], [3, 3], [3, 4], [3, 4], [3, 4], [4, 4], [7, 8]]
  795,  [[0, 1], [0, 5], [0, 6], [2, 7], [3, 3], [3, 4], [3, 4], [3, 4], [4, 4]]
  796,  [[0, 1], [0, 5], [0, 6], [2, 7], [3, 3], [3, 4], [3, 4], [3, 4], [8, 8]]
  797,  [[0, 3], [0, 5], [0, 6], [1, 4], [2, 4], [3, 3], [3, 3], [4, 7], [4, 8]]
  798,  [[0, 3], [0, 5], [0, 6], [1, 4], [3, 3], [3, 3], [4, 4], [4, 7], [8, 8]]
  799,  [[0, 3], [0, 5], [0, 6], [1, 3], [2, 4], [3, 4], [4, 4], [4, 7], [8, 8]]
  800,  [[0, 3], [0, 5], [0, 6], [1, 3], [2, 4], [3, 3], [4, 4], [4, 4], [7, 7]]
  801,  [[0, 3], [0, 5], [0, 6], [1, 3], [2, 4], [3, 3], [3, 7], [4, 4], [4, 8]]
  802,  [[0, 3], [0, 5], [0, 6], [1, 3], [2, 4], [3, 3], [3, 4], [4, 4], [7, 8]]
  803,  [[0, 3], [0, 5], [0, 6], [1, 3], [2, 4], [3, 4], [3, 4], [7, 7], [8, 8]]
  804,  [[0, 3], [0, 5], [0, 6], [1, 3], [2, 7], [3, 4], [3, 4], [4, 4], [8, 8]]
  805,  [[0, 3], [0, 5], [0, 6], [1, 7], [3, 3], [3, 4], [3, 4], [4, 4], [4, 8]]
  806,  [[0, 3], [0, 5], [0, 6], [1, 7], [3, 3], [3, 3], [4, 4], [4, 4], [4, 8]]
  807,  [[0, 3], [0, 5], [0, 6], [1, 3], [2, 7], [3, 4], [3, 8], [4, 4], [4, 4]]
  808,  [[0, 0], [0, 5], [0, 6], [1, 7], [3, 3], [3, 4], [3, 4], [4, 4], [8, 8]]
  809,  [[0, 3], [0, 5], [0, 6], [1, 7], [3, 3], [3, 4], [4, 4], [4, 4], [8, 8]]
  810,  [[0, 5], [0, 6], [0, 7], [1, 8], [3, 3], [3, 3], [3, 4], [4, 4], [4, 4]]
  811,  [[0, 3], [0, 5], [0, 6], [1, 4], [2, 7], [3, 3], [3, 3], [4, 4], [4, 4]]
  812,  [[0, 5], [0, 6], [0, 7], [1, 3], [2, 4], [3, 3], [3, 3], [4, 4], [4, 4]]
  813,  [[0, 3], [0, 5], [0, 6], [1, 4], [2, 7], [3, 3], [3, 4], [3, 4], [8, 8]]
  814,  [[0, 3], [0, 5], [0, 6], [1, 4], [2, 7], [3, 3], [3, 4], [4, 4], [4, 8]]
  815,  [[0, 5], [0, 6], [0, 7], [1, 8], [3, 3], [3, 4], [3, 4], [3, 4], [4, 4]]
  816,  [[0, 3], [0, 5], [0, 6], [1, 7], [3, 4], [3, 4], [3, 4], [4, 4], [8, 8]]
  817,  [[0, 0], [0, 5], [0, 6], [1, 7], [2, 8], [3, 3], [3, 4], [3, 4], [3, 4]]
  818,  [[0, 3], [0, 5], [0, 6], [1, 4], [3, 3], [3, 3], [4, 4], [4, 4], [7, 8]]
Total nodes =  819
Total edges =  2144
Goal candidates No. 68
Goal candidates No. 87
True Goal graph No. 95
Goal candidates No. 104
Goal candidates No. 129
Goal candidates No. 141
Goal candidates No. 351
Goal candidates No. 372
Goal candidates No. 380
Goal candidates No. 391
Goal candidates No. 522
Total Goals =  11  and Paths = 191 

True paths: 5 / 191 

